Attaching to process 3452427
[New LWP 3452431]
[New LWP 3452432]
[New LWP 3452433]
[New LWP 3452434]
[New LWP 3452435]
[New LWP 3452436]
[New LWP 3452437]
[New LWP 3452438]
[New LWP 3452440]
[New LWP 3452441]
[New LWP 3452442]
[New LWP 3452443]
[New LWP 3452444]
[New LWP 3452445]
[New LWP 3452446]
[New LWP 3452447]
[New LWP 3452448]
[New LWP 3452449]
[New LWP 3452450]
[New LWP 3452451]
[New LWP 3452452]
[New LWP 3452453]
78	../sysdeps/unix/sysv/linux/clock_nanosleep.c: No such file or directory.
[Thread debugging using libthread_db enabled]
Using host libthread_db library "/lib/x86_64-linux-gnu/libthread_db.so.1".
0x00007fba23b657f8 in __GI___clock_nanosleep (clock_id=clock_id@entry=0, flags=flags@entry=0, req=req@entry=0x7ffcdf4afea0, rem=rem@entry=0x7ffcdf4afea0) at ../sysdeps/unix/sysv/linux/clock_nanosleep.c:78
(gdb) (gdb) Continuing.
[Thread 0x7fb9f3fff640 (LWP 3452450) exited]
[Thread 0x7fb9ebfff640 (LWP 3452451) exited]
[Thread 0x7fb9f2ffd640 (LWP 3452453) exited]
[Thread 0x7fb9f37fe640 (LWP 3452452) exited]
[Thread 0x7fba017fa640 (LWP 3452449) exited]
[Thread 0x7fba01ffb640 (LWP 3452448) exited]
[Thread 0x7fba027fc640 (LWP 3452447) exited]
[Thread 0x7fba02ffd640 (LWP 3452446) exited]
[Thread 0x7fba037fe640 (LWP 3452445) exited]
[Thread 0x7fba08a91640 (LWP 3452444) exited]
[Thread 0x7fba09292640 (LWP 3452443) exited]
[Thread 0x7fba09a93640 (LWP 3452442) exited]
[Thread 0x7fba0aa95640 (LWP 3452440) exited]
[Thread 0x7fba0b7fe640 (LWP 3452438) exited]
[Thread 0x7fba03fff640 (LWP 3452437) exited]
[Thread 0x7fba0bfff640 (LWP 3452436) exited]
[Thread 0x7fba20de1640 (LWP 3452435) exited]
[Thread 0x7fba215e2640 (LWP 3452434) exited]
[Thread 0x7fba21de3640 (LWP 3452433) exited]
[Thread 0x7fba225e4640 (LWP 3452432) exited]
[Thread 0x7fba22de5640 (LWP 3452431) exited]
[Thread 0x7fba22e8ba00 (LWP 3452427) exited]
[Thread 0x7fba0a294640 (LWP 3452441) exited]
[New process 3452427]
[Inferior 1 (process 3452427) exited normally]
No stack.
(gdb) (gdb) 