Attaching to process 3452307
[New LWP 3452340]
[New LWP 3452341]
[New LWP 3452342]
[New LWP 3452343]
[New LWP 3452344]
[New LWP 3452345]
[New LWP 3452346]
[New LWP 3452347]
[New LWP 3452371]
[New LWP 3452372]
[New LWP 3452373]
[New LWP 3452374]
[New LWP 3452375]
[New LWP 3452376]
[New LWP 3452377]
[New LWP 3452378]
[New LWP 3452379]
[New LWP 3452380]
[New LWP 3452381]
[New LWP 3452382]
[New LWP 3452383]
[New LWP 3452384]
[Thread debugging using libthread_db enabled]
Using host libthread_db library "/lib/x86_64-linux-gnu/libthread_db.so.1".
0x0000704ce66827f8 in __GI___clock_nanosleep (clock_id=clock_id@entry=0, flags=flags@entry=0, req=req@entry=0x7ffdbb485310, rem=rem@entry=0x7ffdbb485310) at ../sysdeps/unix/sysv/linux/clock_nanosleep.c:78
78	../sysdeps/unix/sysv/linux/clock_nanosleep.c: No such file or directory.
(gdb) (gdb) Continuing.
[Thread 0x704cb70ae640 (LWP 3452381) exited]
[Thread 0x704cb28ad640 (LWP 3452382) exited]
[Thread 0x704cb60ac640 (LWP 3452384) exited]
[Thread 0x704cb68ad640 (LWP 3452383) exited]
[Thread 0x704cbffff640 (LWP 3452380) exited]
[Thread 0x704ccca74640 (LWP 3452379) exited]
[Thread 0x704ccd275640 (LWP 3452378) exited]
[Thread 0x704ccda76640 (LWP 3452377) exited]
[Thread 0x704cce277640 (LWP 3452376) exited]
[Thread 0x704ccea78640 (LWP 3452375) exited]
[Thread 0x704ccffff640 (LWP 3452374) exited]
[Thread 0x704cd4932640 (LWP 3452373) exited]
[Thread 0x704cd5133640 (LWP 3452372) exited]
[Thread 0x704cd5934640 (LWP 3452371) exited]
[Thread 0x704cd67fc640 (LWP 3452347) exited]
[Thread 0x704cd6ffd640 (LWP 3452346) exited]
[Thread 0x704cd77fe640 (LWP 3452345) exited]
[Thread 0x704ccf5ff640 (LWP 3452344) exited]
[Thread 0x704cd7fff640 (LWP 3452343) exited]
[Thread 0x704ce4900640 (LWP 3452342) exited]
[Thread 0x704ce5101640 (LWP 3452341) exited]
[Thread 0x704ce5902640 (LWP 3452340) exited]
[Inferior 1 (process 3452307) exited normally]
(gdb) No stack.
(gdb) 