Attaching to process 3452493
[New LWP 3452497]
[New LWP 3452498]
[New LWP 3452499]
[New LWP 3452500]
[New LWP 3452501]
[New LWP 3452502]
[New LWP 3452503]
[New LWP 3452504]
[New LWP 3452505]
[New LWP 3452506]
[New LWP 3452507]
[New LWP 3452508]
[New LWP 3452509]
[New LWP 3452510]
[New LWP 3452511]
[New LWP 3452512]
[New LWP 3452513]
[New LWP 3452514]
[New LWP 3452515]
[New LWP 3452516]
[New LWP 3452517]
[New LWP 3452518]
[Thread debugging using libthread_db enabled]
Using host libthread_db library "/lib/x86_64-linux-gnu/libthread_db.so.1".
0x00007a82f6e087f8 in __GI___clock_nanosleep (clock_id=clock_id@entry=0, flags=flags@entry=0, req=req@entry=0x7ffcb3453ac0, rem=rem@entry=0x7ffcb3453ac0) at ../sysdeps/unix/sysv/linux/clock_nanosleep.c:78
78	../sysdeps/unix/sysv/linux/clock_nanosleep.c: No such file or directory.
(gdb) (gdb) Continuing.
[Thread 0x7a82c78ec640 (LWP 3452515) exited]
[Thread 0x7a82c70eb640 (LWP 3452516) exited]
[Thread 0x7a82c5efe640 (LWP 3452518) exited]
[Thread 0x7a82c68c2640 (LWP 3452517) exited]
[Thread 0x7a82ccc73640 (LWP 3452514) exited]
[Thread 0x7a82cd474640 (LWP 3452513) exited]
[Thread 0x7a82cdc75640 (LWP 3452512) exited]
[Thread 0x7a82ce476640 (LWP 3452511) exited]
[Thread 0x7a82cf478640 (LWP 3452509) exited]
[Thread 0x7a82cffff640 (LWP 3452508) exited]
[Thread 0x7a82f09b7640 (LWP 3452507) exited]
[Thread 0x7a82f11b8640 (LWP 3452506) exited]
[Thread 0x7a82f19b9640 (LWP 3452505) exited]
[Thread 0x7a82f2881640 (LWP 3452504) exited]
[Thread 0x7a82f3082640 (LWP 3452503) exited]
[Thread 0x7a82f3883640 (LWP 3452502) exited]
[Thread 0x7a82f4084640 (LWP 3452501) exited]
[Thread 0x7a82f4885640 (LWP 3452500) exited]
[Thread 0x7a82f5086640 (LWP 3452499) exited]
[Thread 0x7a82f5887640 (LWP 3452498) exited]
[Thread 0x7a82f6088640 (LWP 3452497) exited]
[Thread 0x7a82f612ea00 (LWP 3452493) exited]
[Thread 0x7a82cec77640 (LWP 3452510) exited]
[New process 3452493]
[Inferior 1 (process 3452493) exited normally]
(gdb) (gdb) No stack.
