Attaching to process 1779685
[New LWP 1779689]
[New LWP 1779690]
[New LWP 1779691]
[New LWP 1779692]
[New LWP 1779693]
[New LWP 1779694]
[New LWP 1779695]
[New LWP 1779696]
[New LWP 1779697]
[New LWP 1779698]
[New LWP 1779699]
[New LWP 1779700]
[New LWP 1779701]
[New LWP 1779702]
[New LWP 1779703]
[New LWP 1779704]
[New LWP 1779705]
[New LWP 1779706]
[New LWP 1779707]
[New LWP 1779708]
[New LWP 1779709]
[New LWP 1779710]
[Thread debugging using libthread_db enabled]
Using host libthread_db library "/lib/x86_64-linux-gnu/libthread_db.so.1".
0x00007055b5ada7f8 in __GI___clock_nanosleep (clock_id=clock_id@entry=0, flags=flags@entry=0, req=req@entry=0x7ffd23322a20, rem=rem@entry=0x7ffd23322a20) at ../sysdeps/unix/sysv/linux/clock_nanosleep.c:78
78	../sysdeps/unix/sysv/linux/clock_nanosleep.c: No such file or directory.
(gdb) (gdb) Continuing.
[Thread 0x70558652c640 (LWP 1779707) exited]
[Thread 0x705585d2b640 (LWP 1779708) exited]
[Thread 0x705584d29640 (LWP 1779710) exited]
[Thread 0x70558552a640 (LWP 1779709) exited]
[Thread 0x70558effd640 (LWP 1779706) exited]
[Thread 0x70558f7fe640 (LWP 1779705) exited]
[Thread 0x70558ffff640 (LWP 1779704) exited]
[Thread 0x7055a8bfb640 (LWP 1779703) exited]
[Thread 0x7055a93fc640 (LWP 1779702) exited]
[Thread 0x7055a9bfd640 (LWP 1779701) exited]
[Thread 0x7055aa3fe640 (LWP 1779700) exited]
[Thread 0x7055ab7fe640 (LWP 1779699) exited]
[Thread 0x7055abfff640 (LWP 1779698) exited]
[Thread 0x7055b1d54640 (LWP 1779696) exited]
[Thread 0x7055b2555640 (LWP 1779695) exited]
[Thread 0x7055b2d56640 (LWP 1779694) exited]
[Thread 0x7055aabff640 (LWP 1779693) exited]
[Thread 0x7055b3557640 (LWP 1779692) exited]
[Thread 0x7055b3d58640 (LWP 1779691) exited]
[Thread 0x7055b4559640 (LWP 1779690) exited]
[Thread 0x7055b4d5a640 (LWP 1779689) exited]
[Thread 0x7055b4e00a00 (LWP 1779685) exited]
[Thread 0x7055b0e8c640 (LWP 1779697) exited]
[New process 1779685]
[Inferior 1 (process 1779685) exited normally]
(gdb) No stack.
(gdb) 