Attaching to process 1709630
[New LWP 1709634]
[New LWP 1709635]
[New LWP 1709636]
[New LWP 1709637]
[New LWP 1709638]
[New LWP 1709639]
[New LWP 1709640]
[New LWP 1709641]
[New LWP 1709662]
[New LWP 1709663]
[New LWP 1709664]
[New LWP 1709665]
[New LWP 1709666]
[New LWP 1709667]
[New LWP 1709668]
[New LWP 1709669]
[New LWP 1709670]
[New LWP 1709671]
[Thread debugging using libthread_db enabled]
Using host libthread_db library "/lib/x86_64-linux-gnu/libthread_db.so.1".
0x00007ce368525197 in do_sin (dx=<optimized out>, x=-0.0035867738723999176) at ../sysdeps/ieee754/dbl-64/s_sin.c:143
143	../sysdeps/ieee754/dbl-64/s_sin.c: No such file or directory.
(gdb) (gdb) Continuing.
[New Thread 0x7ce338e35640 (LWP 1709691)]
[New Thread 0x7ce338634640 (LWP 1709692)]
[New Thread 0x7ce337e33640 (LWP 1709693)]
[New Thread 0x7ce337632640 (LWP 1709694)]
[Thread 0x7ce338e35640 (LWP 1709691) exited]
[Thread 0x7ce338634640 (LWP 1709692) exited]
[Thread 0x7ce337632640 (LWP 1709694) exited]
[Thread 0x7ce337e33640 (LWP 1709693) exited]
[Thread 0x7ce33dffb640 (LWP 1709671) exited]
[Thread 0x7ce33e7fc640 (LWP 1709670) exited]
[Thread 0x7ce33effd640 (LWP 1709669) exited]
[Thread 0x7ce33f7fe640 (LWP 1709668) exited]
[Thread 0x7ce33ffff640 (LWP 1709667) exited]
[Thread 0x7ce354a91640 (LWP 1709666) exited]
[Thread 0x7ce355292640 (LWP 1709665) exited]
[Thread 0x7ce356294640 (LWP 1709663) exited]
[Thread 0x7ce356a95640 (LWP 1709662) exited]
[Thread 0x7ce3577fe640 (LWP 1709641) exited]
[Thread 0x7ce357fff640 (LWP 1709640) exited]
[Thread 0x7ce364e0c640 (LWP 1709639) exited]
[Thread 0x7ce36560d640 (LWP 1709638) exited]
[Thread 0x7ce365e0e640 (LWP 1709637) exited]
[Thread 0x7ce36660f640 (LWP 1709636) exited]
[Thread 0x7ce366e10640 (LWP 1709635) exited]
[Thread 0x7ce367611640 (LWP 1709634) exited]
[Thread 0x7ce3676b7a00 (LWP 1709630) exited]
[Thread 0x7ce355a93640 (LWP 1709664) exited]
[New process 1709630]
[Inferior 1 (process 1709630) exited normally]
(gdb) No stack.
(gdb) 