Attaching to process 1133515
[New LWP 1133548]
[New LWP 1133549]
[New LWP 1133550]
[New LWP 1133551]
[New LWP 1133552]
[New LWP 1133553]
[New LWP 1133554]
[New LWP 1133555]
[New LWP 1133579]
[New LWP 1133580]
[New LWP 1133581]
[New LWP 1133582]
[New LWP 1133583]
[New LWP 1133584]
[New LWP 1133585]
[New LWP 1133586]
[New LWP 1133587]
[New LWP 1133588]
[New LWP 1133589]
[New LWP 1133590]
[New LWP 1133591]
[New LWP 1133592]
78	../sysdeps/unix/sysv/linux/clock_nanosleep.c: No such file or directory.
[Thread debugging using libthread_db enabled]
Using host libthread_db library "/lib/x86_64-linux-gnu/libthread_db.so.1".
0x00007deffde917f8 in __GI___clock_nanosleep (clock_id=clock_id@entry=0, flags=flags@entry=0, req=req@entry=0x7ffdcdd1b180, rem=rem@entry=0x7ffdcdd1b180) at ../sysdeps/unix/sysv/linux/clock_nanosleep.c:78
(gdb) (gdb) Continuing.
[Thread 0x7defce914640 (LWP 1133589) exited]
[Thread 0x7defce113640 (LWP 1133590) exited]
[Thread 0x7defcd111640 (LWP 1133592) exited]
[Thread 0x7defcd912640 (LWP 1133591) exited]
[Thread 0x7defd37fe640 (LWP 1133588) exited]
[Thread 0x7defd3fff640 (LWP 1133587) exited]
[Thread 0x7defe8c73640 (LWP 1133586) exited]
[Thread 0x7defe9474640 (LWP 1133585) exited]
[Thread 0x7defe9c75640 (LWP 1133584) exited]
[Thread 0x7defea476640 (LWP 1133583) exited]
[Thread 0x7defeaffd640 (LWP 1133582) exited]
[Thread 0x7defeb7fe640 (LWP 1133581) exited]
[Thread 0x7deff9243640 (LWP 1133579) exited]
[Thread 0x7deffa10b640 (LWP 1133555) exited]
[Thread 0x7deffa90c640 (LWP 1133554) exited]
[Thread 0x7deffb10d640 (LWP 1133553) exited]
[Thread 0x7deffb90e640 (LWP 1133552) exited]
[Thread 0x7deffc10f640 (LWP 1133551) exited]
[Thread 0x7defebfff640 (LWP 1133550) exited]
[Thread 0x7deffc910640 (LWP 1133549) exited]
[Thread 0x7deffd111640 (LWP 1133548) exited]
[Thread 0x7deffd1b7a00 (LWP 1133515) exited]
No stack.
[Thread 0x7deff8a42640 (LWP 1133580) exited]
[New process 1133515]
[Inferior 1 (process 1133515) exited normally]
(gdb) (gdb) 