Attaching to process 1133635
[New LWP 1133639]
[New LWP 1133640]
[New LWP 1133641]
[New LWP 1133642]
[New LWP 1133643]
[New LWP 1133644]
[New LWP 1133645]
[New LWP 1133646]
[New LWP 1133648]
[New LWP 1133649]
[New LWP 1133650]
[New LWP 1133651]
[New LWP 1133652]
[New LWP 1133653]
[New LWP 1133654]
[New LWP 1133655]
[New LWP 1133656]
[New LWP 1133657]
[New LWP 1133658]
[New LWP 1133659]
[New LWP 1133660]
[New LWP 1133661]
78	../sysdeps/unix/sysv/linux/clock_nanosleep.c: No such file or directory.
[Thread debugging using libthread_db enabled]
Using host libthread_db library "/lib/x86_64-linux-gnu/libthread_db.so.1".
0x00007241d16437f8 in __GI___clock_nanosleep (clock_id=clock_id@entry=0, flags=flags@entry=0, req=req@entry=0x7ffc11c74390, rem=rem@entry=0x7ffc11c74390) at ../sysdeps/unix/sysv/linux/clock_nanosleep.c:78
(gdb) (gdb) Continuing.
[Thread 0x7241a2106640 (LWP 1133658) exited]
[Thread 0x7241a1905640 (LWP 1133659) exited]
[Thread 0x72419bfff640 (LWP 1133661) exited]
[Thread 0x7241a0f41640 (LWP 1133660) exited]
[Thread 0x7241a7470640 (LWP 1133657) exited]
[Thread 0x7241a7c71640 (LWP 1133656) exited]
[Thread 0x7241a8472640 (LWP 1133655) exited]
[Thread 0x7241a8c73640 (LWP 1133654) exited]
[Thread 0x7241a9474640 (LWP 1133653) exited]
[Thread 0x7241a9c75640 (LWP 1133652) exited]
[Thread 0x7241aa7fc640 (LWP 1133651) exited]
[Thread 0x7241aaffd640 (LWP 1133650) exited]
[Thread 0x7241abfff640 (LWP 1133648) exited]
[Thread 0x7241cd0bc640 (LWP 1133646) exited]
[Thread 0x7241cd8bd640 (LWP 1133645) exited]
[Thread 0x7241ce0be640 (LWP 1133644) exited]
[Thread 0x7241ce8bf640 (LWP 1133643) exited]
[Thread 0x7241cf0c0640 (LWP 1133642) exited]
[Thread 0x7241cf8c1640 (LWP 1133641) exited]
[Thread 0x7241d00c2640 (LWP 1133640) exited]
[Thread 0x7241d08c3640 (LWP 1133639) exited]
[Thread 0x7241d0969a00 (LWP 1133635) exited]
[Thread 0x7241ab7fe640 (LWP 1133649) exited]
[New process 1133635]
[Inferior 1 (process 1133635) exited normally]
(gdb) No stack.
(gdb) 