Attaching to process 2614243
[New LWP 2614247]
[New LWP 2614248]
[New LWP 2614249]
[New LWP 2614250]
[New LWP 2614251]
[New LWP 2614252]
[New LWP 2614253]
[New LWP 2614254]
[New LWP 2614255]
[New LWP 2614256]
[New LWP 2614257]
[New LWP 2614258]
[New LWP 2614259]
[New LWP 2614260]
[New LWP 2614261]
[New LWP 2614262]
[New LWP 2614263]
[New LWP 2614264]
[New LWP 2614265]
[New LWP 2614266]
[New LWP 2614267]
[New LWP 2614268]
78	../sysdeps/unix/sysv/linux/clock_nanosleep.c: No such file or directory.
[Thread debugging using libthread_db enabled]
Using host libthread_db library "/lib/x86_64-linux-gnu/libthread_db.so.1".
0x0000714ffa11c7f8 in __GI___clock_nanosleep (clock_id=clock_id@entry=0, flags=flags@entry=0, req=req@entry=0x7ffd6d4a6870, rem=rem@entry=0x7ffd6d4a6870) at ../sysdeps/unix/sysv/linux/clock_nanosleep.c:78
(gdb) (gdb) Continuing.
[Thread 0x714fdebc0640 (LWP 2614265) exited]
[Thread 0x714fde3bf640 (LWP 2614266) exited]
[Thread 0x714fdd3bd640 (LWP 2614268) exited]
[Thread 0x714fddbbe640 (LWP 2614267) exited]
[Thread 0x714fe77fe640 (LWP 2614264) exited]
[Thread 0x714fe7fff640 (LWP 2614263) exited]
[Thread 0x714fecff9640 (LWP 2614262) exited]
[Thread 0x714fed7fa640 (LWP 2614261) exited]
[Thread 0x714fedffb640 (LWP 2614260) exited]
[Thread 0x714fee7fc640 (LWP 2614259) exited]
[Thread 0x714feeffd640 (LWP 2614258) exited]
[Thread 0x714fef7fe640 (LWP 2614257) exited]
[Thread 0x714ff4ccd640 (LWP 2614256) exited]
[Thread 0x714ff54ce640 (LWP 2614255) exited]
[Thread 0x714ff6396640 (LWP 2614254) exited]
[Thread 0x714ff6b97640 (LWP 2614253) exited]
[Thread 0x714ff7398640 (LWP 2614252) exited]
[Thread 0x714ff7b99640 (LWP 2614251) exited]
[Thread 0x714ff839a640 (LWP 2614249) exited]
[Thread 0x714ff8b9b640 (LWP 2614248) exited]
[Thread 0x714ff939c640 (LWP 2614247) exited]
[Thread 0x714ff9442a00 (LWP 2614243) exited]
[Thread 0x714feffff640 (LWP 2614250) exited]
[New process 2614243]
[Inferior 1 (process 2614243) exited normally]
No stack.
(gdb) (gdb) 