Attaching to process 3682400
[New LWP 3682433]
[New LWP 3682434]
[New LWP 3682435]
[New LWP 3682436]
[New LWP 3682437]
[New LWP 3682438]
[New LWP 3682439]
[New LWP 3682440]
[New LWP 3682464]
[New LWP 3682465]
[New LWP 3682466]
[New LWP 3682467]
[New LWP 3682468]
[New LWP 3682469]
[New LWP 3682470]
[New LWP 3682471]
[New LWP 3682472]
[New LWP 3682473]
[New LWP 3682474]
[New LWP 3682475]
[New LWP 3682476]
[New LWP 3682477]
[Thread debugging using libthread_db enabled]
Using host libthread_db library "/lib/x86_64-linux-gnu/libthread_db.so.1".
0x000076fe146117f8 in __GI___clock_nanosleep (clock_id=clock_id@entry=0, flags=flags@entry=0, req=req@entry=0x7fff306bade0, rem=rem@entry=0x7fff306bade0) at ../sysdeps/unix/sysv/linux/clock_nanosleep.c:78
78	../sysdeps/unix/sysv/linux/clock_nanosleep.c: No such file or directory.
(gdb) (gdb) Continuing.
[Thread 0x76fde5085640 (LWP 3682474) exited]
[Thread 0x76fde4884640 (LWP 3682475) exited]
[Thread 0x76fdd75ff640 (LWP 3682477) exited]
[Thread 0x76fddffff640 (LWP 3682476) exited]
[Thread 0x76fde9ffb640 (LWP 3682473) exited]
[Thread 0x76fdea7fc640 (LWP 3682472) exited]
[Thread 0x76fdeaffd640 (LWP 3682471) exited]
[Thread 0x76fdeb7fe640 (LWP 3682470) exited]
[Thread 0x76fdebfff640 (LWP 3682469) exited]
[Thread 0x76fe00dad640 (LWP 3682468) exited]
[Thread 0x76fe01934640 (LWP 3682467) exited]
[Thread 0x76fe02936640 (LWP 3682465) exited]
[Thread 0x76fe03137640 (LWP 3682464) exited]
[Thread 0x76fe1088b640 (LWP 3682440) exited]
[Thread 0x76fe1108c640 (LWP 3682439) exited]
[Thread 0x76fe1188d640 (LWP 3682438) exited]
[Thread 0x76fe1208e640 (LWP 3682437) exited]
[Thread 0x76fe1288f640 (LWP 3682436) exited]
[Thread 0x76fe03fff640 (LWP 3682435) exited]
[Thread 0x76fe13090640 (LWP 3682434) exited]
[Thread 0x76fe13891640 (LWP 3682433) exited]
[Thread 0x76fe13937a00 (LWP 3682400) exited]
[Thread 0x76fe02135640 (LWP 3682466) exited]
[New process 3682400]
[Inferior 1 (process 3682400) exited normally]
(gdb) No stack.
(gdb) 