Attaching to process 2797834
[New LWP 2797851]
[New LWP 2797852]
[New LWP 2797853]
[New LWP 2797854]
[New LWP 2797855]
[New LWP 2797860]
[New LWP 2797861]
[New LWP 2797862]
[New LWP 2797898]
[New LWP 2797899]
[New LWP 2797900]
[New LWP 2797901]
[New LWP 2797902]
[New LWP 2797903]
[New LWP 2797904]
[New LWP 2797905]
[New LWP 2797906]
[New LWP 2797907]
[New LWP 2797908]
[New LWP 2797909]
[New LWP 2797910]
[New LWP 2797911]
78	../sysdeps/unix/sysv/linux/clock_nanosleep.c: No such file or directory.
[Thread debugging using libthread_db enabled]
Using host libthread_db library "/lib/x86_64-linux-gnu/libthread_db.so.1".
0x00007d14f568d7f8 in __GI___clock_nanosleep (clock_id=clock_id@entry=0, flags=flags@entry=0, req=req@entry=0x7fffe4f9f590, rem=rem@entry=0x7fffe4f9f590) at ../sysdeps/unix/sysv/linux/clock_nanosleep.c:78
(gdb) (gdb) Continuing.
[Thread 0x7d14c4949640 (LWP 2797911) exited]
[Thread 0x7d14c514a640 (LWP 2797910) exited]
[Thread 0x7d14c594b640 (LWP 2797909) exited]
[Thread 0x7d14c614c640 (LWP 2797908) exited]
[Thread 0x7d14cb470640 (LWP 2797907) exited]
[Thread 0x7d14cbc71640 (LWP 2797906) exited]
[Thread 0x7d14cc472640 (LWP 2797905) exited]
[Thread 0x7d14ccc73640 (LWP 2797904) exited]
[Thread 0x7d14cd474640 (LWP 2797903) exited]
[Thread 0x7d14cdc75640 (LWP 2797902) exited]
[Thread 0x7d14ce7fc640 (LWP 2797901) exited]
[Thread 0x7d14ceffd640 (LWP 2797900) exited]
[Thread 0x7d14cf7fe640 (LWP 2797899) exited]
[Thread 0x7d14cffff640 (LWP 2797898) exited]
[Thread 0x7d14f1106640 (LWP 2797862) exited]
[Thread 0x7d14f1907640 (LWP 2797861) exited]
[Thread 0x7d14f2108640 (LWP 2797860) exited]
[Thread 0x7d14f2909640 (LWP 2797855) exited]
[Thread 0x7d14f310a640 (LWP 2797854) exited]
[Thread 0x7d14f390b640 (LWP 2797853) exited]
[Thread 0x7d14f410c640 (LWP 2797852) exited]
[Thread 0x7d14f490d640 (LWP 2797851) exited]
[Inferior 1 (process 2797834) exited with code 01]
(gdb) (gdb) No stack.
