Attaching to process 2797290
[New LWP 2797315]
[New LWP 2797316]
[New LWP 2797317]
[New LWP 2797318]
[New LWP 2797319]
[New LWP 2797320]
[New LWP 2797321]
[New LWP 2797322]
[New LWP 2797354]
[New LWP 2797355]
[New LWP 2797356]
[New LWP 2797357]
[New LWP 2797358]
[New LWP 2797359]
[New LWP 2797360]
[New LWP 2797361]
[New LWP 2797362]
[New LWP 2797363]
[New LWP 2797364]
[New LWP 2797365]
[New LWP 2797366]
[New LWP 2797367]
78	../sysdeps/unix/sysv/linux/clock_nanosleep.c: No such file or directory.
[Thread debugging using libthread_db enabled]
Using host libthread_db library "/lib/x86_64-linux-gnu/libthread_db.so.1".
0x0000717527cab7f8 in __GI___clock_nanosleep (clock_id=clock_id@entry=0, flags=flags@entry=0, req=req@entry=0x7ffdc61f7520, rem=rem@entry=0x7ffdc61f7520) at ../sysdeps/unix/sysv/linux/clock_nanosleep.c:78
(gdb) (gdb) Continuing.
[Thread 0x7174f7723640 (LWP 2797367) exited]
[Thread 0x7174f7f24640 (LWP 2797366) exited]
[Thread 0x7174effff640 (LWP 2797365) exited]
[Thread 0x7174f8725640 (LWP 2797364) exited]
[Thread 0x7174fd7fa640 (LWP 2797363) exited]
[Thread 0x7174fdffb640 (LWP 2797362) exited]
[Thread 0x7174fe7fc640 (LWP 2797361) exited]
[Thread 0x7174feffd640 (LWP 2797360) exited]
[Thread 0x7174ff7fe640 (LWP 2797359) exited]
[Thread 0x7174fffff640 (LWP 2797358) exited]
[Thread 0x71751cdfe640 (LWP 2797357) exited]
[Thread 0x71751dffb640 (LWP 2797356) exited]
[Thread 0x71751e7fc640 (LWP 2797355) exited]
[Thread 0x71751effd640 (LWP 2797354) exited]
[Thread 0x71751f7fe640 (LWP 2797322) exited]
[Thread 0x71751ffff640 (LWP 2797321) exited]
[Thread 0x717524f27640 (LWP 2797320) exited]
[Thread 0x717525728640 (LWP 2797319) exited]
[Thread 0x71751d5ff640 (LWP 2797318) exited]
[Thread 0x71752672a640 (LWP 2797316) exited]
[Thread 0x717526f2b640 (LWP 2797315) exited]
[Thread 0x717526fd1a00 (LWP 2797290) exited]
[Thread 0x717525f29640 (LWP 2797317) exited]
[New process 2797290]
[Inferior 1 (process 2797290) exited with code 01]
No stack.
(gdb) (gdb) 