Attaching to process 2796746
[New LWP 2796767]
[New LWP 2796768]
[New LWP 2796769]
[New LWP 2796772]
[New LWP 2796774]
[New LWP 2796775]
[New LWP 2796777]
[New LWP 2796778]
[New LWP 2796810]
[New LWP 2796811]
[New LWP 2796812]
[New LWP 2796813]
[New LWP 2796814]
[New LWP 2796815]
[New LWP 2796816]
[New LWP 2796817]
[New LWP 2796818]
[New LWP 2796819]
[New LWP 2796820]
[New LWP 2796821]
[New LWP 2796822]
[New LWP 2796823]
[Thread debugging using libthread_db enabled]
Using host libthread_db library "/lib/x86_64-linux-gnu/libthread_db.so.1".
0x00007514bbeea7f8 in __GI___clock_nanosleep (clock_id=clock_id@entry=0, flags=flags@entry=0, req=req@entry=0x7ffe59ed0630, rem=rem@entry=0x7ffe59ed0630) at ../sysdeps/unix/sysv/linux/clock_nanosleep.c:78
78	../sysdeps/unix/sysv/linux/clock_nanosleep.c: No such file or directory.
(gdb) (gdb) Continuing.
[Thread 0x75148c9d9640 (LWP 2796820) exited]
[Thread 0x75148afeb640 (LWP 2796823) exited]
[Thread 0x75148b9af640 (LWP 2796822) exited]
[Thread 0x75148c1d8640 (LWP 2796821) exited]
[Thread 0x7514917fa640 (LWP 2796819) exited]
[Thread 0x751491ffb640 (LWP 2796818) exited]
[Thread 0x7514927fc640 (LWP 2796817) exited]
[Thread 0x751492ffd640 (LWP 2796816) exited]
[Thread 0x7514937fe640 (LWP 2796815) exited]
[Thread 0x751493fff640 (LWP 2796814) exited]
[Thread 0x7514a5292640 (LWP 2796813) exited]
[Thread 0x7514a5a93640 (LWP 2796812) exited]
[Thread 0x7514a6294640 (LWP 2796811) exited]
[Thread 0x7514a6a95640 (LWP 2796810) exited]
[Thread 0x7514a77fe640 (LWP 2796778) exited]
[Thread 0x7514a7fff640 (LWP 2796777) exited]
[Thread 0x7514b8965640 (LWP 2796775) exited]
[Thread 0x7514b9166640 (LWP 2796774) exited]
[Thread 0x7514b9967640 (LWP 2796772) exited]
[Thread 0x7514ba168640 (LWP 2796769) exited]
[Thread 0x7514ba969640 (LWP 2796768) exited]
[Thread 0x7514bb16a640 (LWP 2796767) exited]
[Inferior 1 (process 2796746) exited with code 01]
(gdb) No stack.
(gdb) 