Attaching to process 677279
[New LWP 677283]
[New LWP 677284]
[New LWP 677285]
[New LWP 677286]
[New LWP 677287]
[New LWP 677288]
[New LWP 677289]
[New LWP 677290]
[New LWP 677291]
[New LWP 677292]
[New LWP 677293]
[New LWP 677294]
[New LWP 677295]
[New LWP 677296]
[New LWP 677297]
[New LWP 677298]
[New LWP 677299]
[New LWP 677300]
[New LWP 677301]
[New LWP 677302]
[New LWP 677303]
[New LWP 677304]
[Thread debugging using libthread_db enabled]
Using host libthread_db library "/lib/x86_64-linux-gnu/libthread_db.so.1".
0x000070855edc77f8 in __GI___clock_nanosleep (clock_id=clock_id@entry=0, flags=flags@entry=0, req=req@entry=0x7ffd635a0bf0, rem=rem@entry=0x7ffd635a0bf0) at ../sysdeps/unix/sysv/linux/clock_nanosleep.c:78
78	../sysdeps/unix/sysv/linux/clock_nanosleep.c: No such file or directory.
(gdb) (gdb) Continuing.
[Thread 0x70852f85f640 (LWP 677301) exited]
[Thread 0x70852f05e640 (LWP 677302) exited]
[Thread 0x70852de99640 (LWP 677304) exited]
[Thread 0x708534c73640 (LWP 677300) exited]
[Thread 0x708535474640 (LWP 677299) exited]
[Thread 0x708535c75640 (LWP 677298) exited]
[Thread 0x708536476640 (LWP 677297) exited]
[Thread 0x708536c77640 (LWP 677296) exited]
[Thread 0x708537478640 (LWP 677295) exited]
[Thread 0x708537fff640 (LWP 677294) exited]
[Thread 0x708554932640 (LWP 677293) exited]
[Thread 0x708555133640 (LWP 677292) exited]
[Thread 0x708555934640 (LWP 677291) exited]
[Thread 0x7085567fc640 (LWP 677290) exited]
[Thread 0x708556ffd640 (LWP 677289) exited]
[Thread 0x7085577fe640 (LWP 677288) exited]
[Thread 0x70855c844640 (LWP 677287) exited]
[Thread 0x70855d045640 (LWP 677286) exited]
[Thread 0x70855d846640 (LWP 677285) exited]
[Thread 0x708557fff640 (LWP 677284) exited]
[Thread 0x70855e047640 (LWP 677283) exited]
[Thread 0x70855e0eda00 (LWP 677279) exited]
[Thread 0x70852e85d640 (LWP 677303) exited]
[New process 677279]
[Inferior 1 (process 677279) exited normally]
(gdb) (gdb) No stack.
