Attaching to process 88085
[New LWP 88089]
[New LWP 88090]
[New LWP 88091]
[New LWP 88092]
[New LWP 88093]
[New LWP 88094]
[New LWP 88095]
[New LWP 88096]
[New LWP 88097]
[New LWP 88098]
[New LWP 88099]
[New LWP 88100]
[New LWP 88101]
[New LWP 88102]
[New LWP 88103]
[New LWP 88104]
[New LWP 88105]
[New LWP 88106]
[New LWP 88107]
[New LWP 88108]
[New LWP 88109]
[New LWP 88110]
[Thread debugging using libthread_db enabled]
Using host libthread_db library "/lib/x86_64-linux-gnu/libthread_db.so.1".
0x000078664362c7f8 in __GI___clock_nanosleep (clock_id=clock_id@entry=0, flags=flags@entry=0, req=req@entry=0x7ffca485b4e0, rem=rem@entry=0x7ffca485b4e0) at ../sysdeps/unix/sysv/linux/clock_nanosleep.c:78
78	../sysdeps/unix/sysv/linux/clock_nanosleep.c: No such file or directory.
(gdb) (gdb) Continuing.
[Thread 0x7866138eb640 (LWP 88108) exited]
[Thread 0x7866140ec640 (LWP 88107) exited]
[Thread 0x7866126fe640 (LWP 88110) exited]
[Thread 0x786612eff640 (LWP 88109) exited]
[Thread 0x786619474640 (LWP 88106) exited]
[Thread 0x786619c75640 (LWP 88105) exited]
[Thread 0x78661a476640 (LWP 88104) exited]
[Thread 0x78661ac77640 (LWP 88103) exited]
[Thread 0x78661b478640 (LWP 88102) exited]
[Thread 0x78661bc79640 (LWP 88101) exited]
[Thread 0x786628932640 (LWP 88100) exited]
[Thread 0x786629133640 (LWP 88099) exited]
[Thread 0x786629934640 (LWP 88098) exited]
[Thread 0x78662a135640 (LWP 88097) exited]
[Thread 0x78662affd640 (LWP 88096) exited]
[Thread 0x78662b7fe640 (LWP 88095) exited]
[Thread 0x78662bfff640 (LWP 88094) exited]
[Thread 0x7866408a8640 (LWP 88093) exited]
[Thread 0x7866410a9640 (LWP 88092) exited]
[Thread 0x7866418aa640 (LWP 88091) exited]
[Thread 0x7866420ab640 (LWP 88090) exited]
[Thread 0x7866428ac640 (LWP 88089) exited]
[Inferior 1 (process 88085) exited normally]
(gdb) No stack.
(gdb) 