Attaching to process 89255
[New LWP 89259]
[New LWP 89260]
[New LWP 89261]
[New LWP 89262]
[New LWP 89263]
[New LWP 89264]
[New LWP 89265]
[New LWP 89266]
[New LWP 89267]
[New LWP 89268]
[New LWP 89269]
[New LWP 89270]
[New LWP 89271]
[New LWP 89272]
[New LWP 89273]
[New LWP 89274]
[New LWP 89275]
[New LWP 89276]
[New LWP 89277]
[New LWP 89278]
[New LWP 89279]
[New LWP 89280]
78	../sysdeps/unix/sysv/linux/clock_nanosleep.c: No such file or directory.
[Thread debugging using libthread_db enabled]
Using host libthread_db library "/lib/x86_64-linux-gnu/libthread_db.so.1".
0x0000791b2f5427f8 in __GI___clock_nanosleep (clock_id=clock_id@entry=0, flags=flags@entry=0, req=req@entry=0x7ffebbd8bca0, rem=rem@entry=0x7ffebbd8bca0) at ../sysdeps/unix/sysv/linux/clock_nanosleep.c:78
(gdb) (gdb) Continuing.
[Thread 0x791affff6640 (LWP 89277) exited]
[Thread 0x791aff7f5640 (LWP 89278) exited]
[Thread 0x791afe608640 (LWP 89280) exited]
[Thread 0x791afefcc640 (LWP 89279) exited]
[Thread 0x791b04ff9640 (LWP 89276) exited]
[Thread 0x791b057fa640 (LWP 89275) exited]
[Thread 0x791b05ffb640 (LWP 89274) exited]
[Thread 0x791b067fc640 (LWP 89273) exited]
[Thread 0x791b06ffd640 (LWP 89272) exited]
[Thread 0x791b077fe640 (LWP 89271) exited]
[Thread 0x791b07fff640 (LWP 89270) exited]
[Thread 0x791b1cff9640 (LWP 89269) exited]
[Thread 0x791b1dffb640 (LWP 89267) exited]
[Thread 0x791b1e7fc640 (LWP 89266) exited]
[Thread 0x791b1effd640 (LWP 89265) exited]
[Thread 0x791b1f7fe640 (LWP 89264) exited]
[Thread 0x791b1ffff640 (LWP 89263) exited]
[Thread 0x791b2cfbf640 (LWP 89262) exited]
[Thread 0x791b2d7c0640 (LWP 89261) exited]
[Thread 0x791b2dfc1640 (LWP 89260) exited]
[Thread 0x791b2e7c2640 (LWP 89259) exited]
[Thread 0x791b2e868a00 (LWP 89255) exited]
[Thread 0x791b1d7fa640 (LWP 89268) exited]
[New process 89255]
[Inferior 1 (process 89255) exited normally]
(gdb) No stack.
(gdb) 