Attaching to process 88590
[New LWP 88623]
[New LWP 88624]
[New LWP 88625]
[New LWP 88626]
[New LWP 88627]
[New LWP 88628]
[New LWP 88629]
[New LWP 88630]
[New LWP 88654]
[New LWP 88655]
[New LWP 88656]
[New LWP 88657]
[New LWP 88658]
[New LWP 88659]
[New LWP 88660]
[New LWP 88661]
[New LWP 88662]
[New LWP 88663]
[New LWP 88664]
[New LWP 88665]
[New LWP 88666]
[New LWP 88667]
[Thread debugging using libthread_db enabled]
Using host libthread_db library "/lib/x86_64-linux-gnu/libthread_db.so.1".
0x000077501e5a87f8 in __GI___clock_nanosleep (clock_id=clock_id@entry=0, flags=flags@entry=0, req=req@entry=0x7fffceba83d0, rem=rem@entry=0x7fffceba83d0) at ../sysdeps/unix/sysv/linux/clock_nanosleep.c:78
78	../sysdeps/unix/sysv/linux/clock_nanosleep.c: No such file or directory.
(gdb) (gdb) Continuing.
[Thread 0x774fef05e640 (LWP 88664) exited]
[Thread 0x774fe7fff640 (LWP 88665) exited]
[Thread 0x774fede71640 (LWP 88667) exited]
[Thread 0x774fee835640 (LWP 88666) exited]
[Thread 0x774ff4472640 (LWP 88663) exited]
[Thread 0x774ff4c73640 (LWP 88662) exited]
[Thread 0x774ff5474640 (LWP 88661) exited]
[Thread 0x774ff5c75640 (LWP 88660) exited]
[Thread 0x774ff6476640 (LWP 88659) exited]
[Thread 0x774ff6c77640 (LWP 88658) exited]
[Thread 0x774ff77fe640 (LWP 88657) exited]
[Thread 0x774ff7fff640 (LWP 88656) exited]
[Thread 0x77500c932640 (LWP 88655) exited]
[Thread 0x77500d133640 (LWP 88654) exited]
[Thread 0x77500e7fc640 (LWP 88629) exited]
[Thread 0x77500effd640 (LWP 88628) exited]
[Thread 0x77500f7fe640 (LWP 88627) exited]
[Thread 0x77500ffff640 (LWP 88626) exited]
[Thread 0x77501c826640 (LWP 88625) exited]
[Thread 0x77501d027640 (LWP 88624) exited]
[Thread 0x77501d828640 (LWP 88623) exited]
[Thread 0x77501d8cea00 (LWP 88590) exited]
[Thread 0x77500dffb640 (LWP 88630) exited]
[New process 88590]
[Inferior 1 (process 88590) exited normally]
(gdb) (gdb) No stack.
