Attaching to process 871820
[New LWP 871824]
[New LWP 871825]
[New LWP 871826]
[New LWP 871827]
[New LWP 871828]
[New LWP 871829]
[New LWP 871830]
[New LWP 871831]
[New LWP 871833]
[New LWP 871834]
[New LWP 871835]
[New LWP 871836]
[New LWP 871837]
[New LWP 871838]
[New LWP 871839]
[New LWP 871840]
[New LWP 871841]
[New LWP 871842]
[New LWP 871843]
[New LWP 871844]
[New LWP 871845]
[New LWP 871846]
[Thread debugging using libthread_db enabled]
Using host libthread_db library "/lib/x86_64-linux-gnu/libthread_db.so.1".
0x000074feb077f7f8 in __GI___clock_nanosleep (clock_id=clock_id@entry=0, flags=flags@entry=0, req=req@entry=0x7ffd40dd8570, rem=rem@entry=0x7ffd40dd8570) at ../sysdeps/unix/sysv/linux/clock_nanosleep.c:78
78	../sysdeps/unix/sysv/linux/clock_nanosleep.c: No such file or directory.
(gdb) (gdb) Continuing.
[Thread 0x74fe81266640 (LWP 871843) exited]
[Thread 0x74fe80a65640 (LWP 871844) exited]
[Thread 0x74fe7b7fe640 (LWP 871846) exited]
[Thread 0x74fe7bfff640 (LWP 871845) exited]
[Thread 0x74fe85ffb640 (LWP 871842) exited]
[Thread 0x74fe867fc640 (LWP 871841) exited]
[Thread 0x74fe86ffd640 (LWP 871840) exited]
[Thread 0x74fe877fe640 (LWP 871839) exited]
[Thread 0x74fe87fff640 (LWP 871838) exited]
[Thread 0x74fe8cf0c640 (LWP 871837) exited]
[Thread 0x74fe8da93640 (LWP 871836) exited]
[Thread 0x74fe8e294640 (LWP 871835) exited]
[Thread 0x74fe8ea95640 (LWP 871834) exited]
[Thread 0x74fe8f296640 (LWP 871833) exited]
[Thread 0x74fe8ffff640 (LWP 871831) exited]
[Thread 0x74feac9f9640 (LWP 871830) exited]
[Thread 0x74fead1fa640 (LWP 871829) exited]
[Thread 0x74fead9fb640 (LWP 871828) exited]
[Thread 0x74feae1fc640 (LWP 871827) exited]
[Thread 0x74feae9fd640 (LWP 871826) exited]
[Thread 0x74feaf1fe640 (LWP 871825) exited]
[Thread 0x74feaf9ff640 (LWP 871824) exited]
[Inferior 1 (process 871820) exited normally]
(gdb) (gdb) No stack.
