Attaching to process 872315
[New LWP 872348]
[New LWP 872349]
[New LWP 872350]
[New LWP 872351]
[New LWP 872352]
[New LWP 872353]
[New LWP 872354]
[New LWP 872355]
[New LWP 872379]
[New LWP 872380]
[New LWP 872381]
[New LWP 872382]
[New LWP 872383]
[New LWP 872384]
[New LWP 872385]
[New LWP 872386]
[New LWP 872387]
[New LWP 872388]
[New LWP 872395]
[New LWP 872396]
[New LWP 872397]
[New LWP 872398]
[Thread debugging using libthread_db enabled]
Using host libthread_db library "/lib/x86_64-linux-gnu/libthread_db.so.1".
0x00007c422ce1c7f8 in __GI___clock_nanosleep (clock_id=clock_id@entry=0, flags=flags@entry=0, req=req@entry=0x7ffefb0dc750, rem=rem@entry=0x7ffefb0dc750) at ../sysdeps/unix/sysv/linux/clock_nanosleep.c:78
78	../sysdeps/unix/sysv/linux/clock_nanosleep.c: No such file or directory.
(gdb) (gdb) Continuing.
[Thread 0x7c41fd8cc640 (LWP 872395) exited]
[Thread 0x7c41fd0cb640 (LWP 872396) exited]
[Thread 0x7c41f7fff640 (LWP 872398) exited]
[Thread 0x7c41fc8ca640 (LWP 872397) exited]
[Thread 0x7c42027fc640 (LWP 872388) exited]
[Thread 0x7c4202ffd640 (LWP 872387) exited]
[Thread 0x7c42037fe640 (LWP 872386) exited]
[Thread 0x7c4203fff640 (LWP 872385) exited]
[Thread 0x7c42095ae640 (LWP 872383) exited]
[Thread 0x7c420a135640 (LWP 872382) exited]
[Thread 0x7c420a936640 (LWP 872381) exited]
[Thread 0x7c420b137640 (LWP 872380) exited]
[Thread 0x7c420b938640 (LWP 872379) exited]
[Thread 0x7c4228895640 (LWP 872355) exited]
[Thread 0x7c4229096640 (LWP 872354) exited]
[Thread 0x7c4229897640 (LWP 872353) exited]
[Thread 0x7c422a098640 (LWP 872352) exited]
[Thread 0x7c422a899640 (LWP 872351) exited]
[Thread 0x7c422b09a640 (LWP 872350) exited]
[Thread 0x7c422b89b640 (LWP 872349) exited]
[Thread 0x7c422c09c640 (LWP 872348) exited]
[Thread 0x7c422c142a00 (LWP 872315) exited]
[Thread 0x7c4208dad640 (LWP 872384) exited]
[New process 872315]
[Inferior 1 (process 872315) exited normally]
(gdb) No stack.
(gdb) 