Attaching to process 872435
[New LWP 872439]
[New LWP 872440]
[New LWP 872441]
[New LWP 872442]
[New LWP 872443]
[New LWP 872444]
[New LWP 872445]
[New LWP 872446]
[New LWP 872448]
[New LWP 872449]
[New LWP 872450]
[New LWP 872451]
[New LWP 872452]
[New LWP 872453]
[New LWP 872454]
[New LWP 872455]
[New LWP 872456]
[New LWP 872457]
[New LWP 872458]
[New LWP 872459]
[New LWP 872460]
[New LWP 872461]
[Thread debugging using libthread_db enabled]
Using host libthread_db library "/lib/x86_64-linux-gnu/libthread_db.so.1".
0x0000768e291477f8 in __GI___clock_nanosleep (clock_id=clock_id@entry=0, flags=flags@entry=0, req=req@entry=0x7ffddb4a9490, rem=rem@entry=0x7ffddb4a9490) at ../sysdeps/unix/sysv/linux/clock_nanosleep.c:78
78	../sysdeps/unix/sysv/linux/clock_nanosleep.c: No such file or directory.
(gdb) (gdb) Continuing.
[Thread 0x768df9c0c640 (LWP 872458) exited]
[Thread 0x768df940b640 (LWP 872459) exited]
[Thread 0x768df3fff640 (LWP 872461) exited]
[Thread 0x768df8be2640 (LWP 872460) exited]
[Thread 0x768dfe7fc640 (LWP 872457) exited]
[Thread 0x768dfeffd640 (LWP 872456) exited]
[Thread 0x768dff7fe640 (LWP 872455) exited]
[Thread 0x768dfffff640 (LWP 872454) exited]
[Thread 0x768e04f0c640 (LWP 872453) exited]
[Thread 0x768e0570d640 (LWP 872452) exited]
[Thread 0x768e06294640 (LWP 872451) exited]
[Thread 0x768e06a95640 (LWP 872450) exited]
[Thread 0x768e07a97640 (LWP 872448) exited]
[Thread 0x768e24bc0640 (LWP 872446) exited]
[Thread 0x768e253c1640 (LWP 872445) exited]
[Thread 0x768e25bc2640 (LWP 872444) exited]
[Thread 0x768e263c3640 (LWP 872443) exited]
[Thread 0x768e26bc4640 (LWP 872442) exited]
[Thread 0x768e273c5640 (LWP 872441) exited]
[Thread 0x768e27bc6640 (LWP 872440) exited]
[Thread 0x768e283c7640 (LWP 872439) exited]
[Thread 0x768e2846da00 (LWP 872435) exited]
[Thread 0x768e07296640 (LWP 872449) exited]
[New process 872435]
[Inferior 1 (process 872435) exited normally]
(gdb) No stack.
(gdb) 