Attaching to process 873047
[New LWP 873051]
[New LWP 873052]
[New LWP 873053]
[New LWP 873054]
[New LWP 873055]
[New LWP 873056]
[New LWP 873057]
[New LWP 873058]
[New LWP 873059]
[New LWP 873060]
[New LWP 873061]
[New LWP 873062]
[New LWP 873063]
[New LWP 873064]
[New LWP 873065]
[New LWP 873066]
[New LWP 873067]
[New LWP 873068]
[New LWP 873069]
[New LWP 873070]
[New LWP 873071]
[New LWP 873072]
78	../sysdeps/unix/sysv/linux/clock_nanosleep.c: No such file or directory.
[Thread debugging using libthread_db enabled]
Using host libthread_db library "/lib/x86_64-linux-gnu/libthread_db.so.1".
0x0000779fed23e7f8 in __GI___clock_nanosleep (clock_id=clock_id@entry=0, flags=flags@entry=0, req=req@entry=0x7ffd868c80f0, rem=rem@entry=0x7ffd868c80f0) at ../sysdeps/unix/sysv/linux/clock_nanosleep.c:78
(gdb) (gdb) Continuing.
[Thread 0x779fbdcde640 (LWP 873069) exited]
[Thread 0x779fb53ff640 (LWP 873070) exited]
[Thread 0x779fbccdc640 (LWP 873072) exited]
[Thread 0x779fbd4dd640 (LWP 873071) exited]
[Thread 0x779fc27fc640 (LWP 873068) exited]
[Thread 0x779fc2ffd640 (LWP 873067) exited]
[Thread 0x779fc37fe640 (LWP 873066) exited]
[Thread 0x779fc3fff640 (LWP 873065) exited]
[Thread 0x779fe0bf9640 (LWP 873064) exited]
[Thread 0x779fe13fa640 (LWP 873063) exited]
[Thread 0x779fe1bfb640 (LWP 873062) exited]
[Thread 0x779fe23fc640 (LWP 873061) exited]
[Thread 0x779fe2bfd640 (LWP 873060) exited]
[Thread 0x779fe33fe640 (LWP 873059) exited]
[Thread 0x779fe94b8640 (LWP 873058) exited]
[Thread 0x779fe9cb9640 (LWP 873057) exited]
[Thread 0x779fea4ba640 (LWP 873056) exited]
[Thread 0x779feacbb640 (LWP 873055) exited]
[Thread 0x779feb4bc640 (LWP 873054) exited]
[Thread 0x779febcbd640 (LWP 873053) exited]
[Thread 0x779fe3bff640 (LWP 873052) exited]
[Thread 0x779fec564a00 (LWP 873047) exited]
[Thread 0x779fec4be640 (LWP 873051) exited]
[New process 873047]
[Inferior 1 (process 873047) exited normally]
(gdb) No stack.
(gdb) 