Attaching to process 3200712
[New LWP 3200716]
[New LWP 3200717]
[New LWP 3200718]
[New LWP 3200719]
[New LWP 3200720]
[New LWP 3200721]
[New LWP 3200722]
[New LWP 3200723]
[New LWP 3200724]
[New LWP 3200725]
[New LWP 3200726]
[New LWP 3200727]
[New LWP 3200728]
[New LWP 3200729]
[New LWP 3200730]
[New LWP 3200731]
[New LWP 3200732]
[New LWP 3200733]
[New LWP 3200734]
[New LWP 3200735]
[New LWP 3200736]
[New LWP 3200737]
[Thread debugging using libthread_db enabled]
Using host libthread_db library "/lib/x86_64-linux-gnu/libthread_db.so.1".
0x000074b00740a7f8 in __GI___clock_nanosleep (clock_id=clock_id@entry=0, flags=flags@entry=0, req=req@entry=0x7ffdf4b168f0, rem=rem@entry=0x7ffdf4b168f0) at ../sysdeps/unix/sysv/linux/clock_nanosleep.c:78
78	../sysdeps/unix/sysv/linux/clock_nanosleep.c: No such file or directory.
(gdb) (gdb) Continuing.
[Thread 0x74afd7e79640 (LWP 3200734) exited]
[Thread 0x74afcf5ff640 (LWP 3200735) exited]
[Thread 0x74afd6e77640 (LWP 3200737) exited]
[Thread 0x74afd7678640 (LWP 3200736) exited]
[Thread 0x74afdcff9640 (LWP 3200733) exited]
[Thread 0x74afdd7fa640 (LWP 3200732) exited]
[Thread 0x74afddffb640 (LWP 3200731) exited]
[Thread 0x74afdeffd640 (LWP 3200729) exited]
[Thread 0x74afdf7fe640 (LWP 3200728) exited]
[Thread 0x74afdffff640 (LWP 3200727) exited]
[Thread 0x74affca91640 (LWP 3200726) exited]
[Thread 0x74affd292640 (LWP 3200725) exited]
[Thread 0x74affda93640 (LWP 3200724) exited]
[Thread 0x74affe7fc640 (LWP 3200723) exited]
[Thread 0x74affeffd640 (LWP 3200722) exited]
[Thread 0x74afff7fe640 (LWP 3200721) exited]
[Thread 0x74affffff640 (LWP 3200720) exited]
[Thread 0x74b004e87640 (LWP 3200719) exited]
[Thread 0x74b005688640 (LWP 3200718) exited]
[Thread 0x74b005e89640 (LWP 3200717) exited]
[Thread 0x74b00668a640 (LWP 3200716) exited]
[Thread 0x74b006730a00 (LWP 3200712) exited]
[Thread 0x74afde7fc640 (LWP 3200730) exited]
[New process 3200712]
[Inferior 1 (process 3200712) exited normally]
(gdb) No stack.
(gdb) 