Attaching to process 3200780
[New LWP 3200784]
[New LWP 3200785]
[New LWP 3200786]
[New LWP 3200787]
[New LWP 3200788]
[New LWP 3200789]
[New LWP 3200790]
[New LWP 3200791]
[New LWP 3200793]
[New LWP 3200794]
[New LWP 3200795]
[New LWP 3200796]
[New LWP 3200797]
[New LWP 3200798]
[New LWP 3200799]
[New LWP 3200800]
[New LWP 3200801]
[New LWP 3200802]
[New LWP 3200803]
[New LWP 3200804]
[New LWP 3200805]
[New LWP 3200806]
[Thread debugging using libthread_db enabled]
Using host libthread_db library "/lib/x86_64-linux-gnu/libthread_db.so.1".
0x0000749ab58ea7f8 in __GI___clock_nanosleep (clock_id=clock_id@entry=0, flags=flags@entry=0, req=req@entry=0x7ffef83e1670, rem=rem@entry=0x7ffef83e1670) at ../sysdeps/unix/sysv/linux/clock_nanosleep.c:78
78	../sysdeps/unix/sysv/linux/clock_nanosleep.c: No such file or directory.
(gdb) (gdb) Continuing.
[Thread 0x749a86380640 (LWP 3200803) exited]
[Thread 0x749a85b7f640 (LWP 3200804) exited]
[Thread 0x749a8537e640 (LWP 3200805) exited]
[Thread 0x749a84b7d640 (LWP 3200806) exited]
[Thread 0x749a8affd640 (LWP 3200802) exited]
[Thread 0x749a8b7fe640 (LWP 3200801) exited]
[Thread 0x749a8bfff640 (LWP 3200800) exited]
[Thread 0x749aa8ff9640 (LWP 3200799) exited]
[Thread 0x749aa97fa640 (LWP 3200798) exited]
[Thread 0x749aa9ffb640 (LWP 3200797) exited]
[Thread 0x749aaa7fc640 (LWP 3200796) exited]
[Thread 0x749aab7fe640 (LWP 3200794) exited]
[Thread 0x749ab0c9c640 (LWP 3200793) exited]
[Thread 0x749ab1b64640 (LWP 3200791) exited]
[Thread 0x749ab2365640 (LWP 3200790) exited]
[Thread 0x749ab2b66640 (LWP 3200789) exited]
[Thread 0x749ab3367640 (LWP 3200788) exited]
[Thread 0x749ab3b68640 (LWP 3200787) exited]
[Thread 0x749aabfff640 (LWP 3200786) exited]
[Thread 0x749ab4369640 (LWP 3200785) exited]
[Thread 0x749ab4b6a640 (LWP 3200784) exited]
[Thread 0x749ab4c10a00 (LWP 3200780) exited]
[Thread 0x749aaaffd640 (LWP 3200795) exited]
[New process 3200780]
[Inferior 1 (process 3200780) exited normally]
(gdb) No stack.
(gdb) 