Attaching to process 3200098
[New LWP 3200102]
[New LWP 3200103]
[New LWP 3200104]
[New LWP 3200105]
[New LWP 3200106]
[New LWP 3200107]
[New LWP 3200108]
[New LWP 3200109]
[New LWP 3200111]
[New LWP 3200112]
[New LWP 3200113]
[New LWP 3200114]
[New LWP 3200115]
[New LWP 3200116]
[New LWP 3200117]
[New LWP 3200118]
[New LWP 3200119]
[New LWP 3200120]
[New LWP 3200121]
[New LWP 3200122]
[New LWP 3200123]
[New LWP 3200124]
78	../sysdeps/unix/sysv/linux/clock_nanosleep.c: No such file or directory.
[Thread debugging using libthread_db enabled]
Using host libthread_db library "/lib/x86_64-linux-gnu/libthread_db.so.1".
0x00007b9962dc77f8 in __GI___clock_nanosleep (clock_id=clock_id@entry=0, flags=flags@entry=0, req=req@entry=0x7ffd862582a0, rem=rem@entry=0x7ffd862582a0) at ../sysdeps/unix/sysv/linux/clock_nanosleep.c:78
(gdb) (gdb) Continuing.
[Thread 0x7b9933843640 (LWP 3200121) exited]
[Thread 0x7b9933042640 (LWP 3200122) exited]
[Thread 0x7b9932040640 (LWP 3200124) exited]
[Thread 0x7b9932841640 (LWP 3200123) exited]
[Thread 0x7b993cc73640 (LWP 3200120) exited]
[Thread 0x7b993d474640 (LWP 3200119) exited]
[Thread 0x7b993dc75640 (LWP 3200118) exited]
[Thread 0x7b993e476640 (LWP 3200117) exited]
[Thread 0x7b993ec77640 (LWP 3200116) exited]
[Thread 0x7b993f478640 (LWP 3200115) exited]
[Thread 0x7b9950932640 (LWP 3200113) exited]
[Thread 0x7b9951133640 (LWP 3200112) exited]
[Thread 0x7b9951934640 (LWP 3200111) exited]
[Thread 0x7b99527fc640 (LWP 3200109) exited]
[Thread 0x7b9952ffd640 (LWP 3200108) exited]
[Thread 0x7b99537fe640 (LWP 3200107) exited]
[Thread 0x7b9953fff640 (LWP 3200106) exited]
[Thread 0x7b9960844640 (LWP 3200105) exited]
[Thread 0x7b9961045640 (LWP 3200104) exited]
[Thread 0x7b9961846640 (LWP 3200103) exited]
[Thread 0x7b9962047640 (LWP 3200102) exited]
[Thread 0x7b99620eda00 (LWP 3200098) exited]
[Thread 0x7b993ffff640 (LWP 3200114) exited]
[New process 3200098]
[Inferior 1 (process 3200098) exited normally]
(gdb) (gdb) No stack.
