Attaching to process 3200030
[New LWP 3200034]
[New LWP 3200035]
[New LWP 3200036]
[New LWP 3200037]
[New LWP 3200038]
[New LWP 3200039]
[New LWP 3200040]
[New LWP 3200041]
[New LWP 3200042]
[New LWP 3200043]
[New LWP 3200044]
[New LWP 3200045]
[New LWP 3200046]
[New LWP 3200047]
[New LWP 3200048]
[New LWP 3200049]
[New LWP 3200050]
[New LWP 3200051]
[New LWP 3200052]
[New LWP 3200053]
[New LWP 3200054]
[New LWP 3200055]
[Thread debugging using libthread_db enabled]
Using host libthread_db library "/lib/x86_64-linux-gnu/libthread_db.so.1".
0x000074e53ce997f8 in __GI___clock_nanosleep (clock_id=clock_id@entry=0, flags=flags@entry=0, req=req@entry=0x7ffef3017ef0, rem=rem@entry=0x7ffef3017ef0) at ../sysdeps/unix/sysv/linux/clock_nanosleep.c:78
78	../sysdeps/unix/sysv/linux/clock_nanosleep.c: No such file or directory.
(gdb) (gdb) Continuing.
[Thread 0x74e50d912640 (LWP 3200052) exited]
[Thread 0x74e50d111640 (LWP 3200053) exited]
[Thread 0x74e507e3c640 (LWP 3200055) exited]
[Thread 0x74e50c910640 (LWP 3200054) exited]
[Thread 0x74e5127fc640 (LWP 3200051) exited]
[Thread 0x74e512ffd640 (LWP 3200050) exited]
[Thread 0x74e5137fe640 (LWP 3200049) exited]
[Thread 0x74e513fff640 (LWP 3200048) exited]
[Thread 0x74e530c73640 (LWP 3200047) exited]
[Thread 0x74e531474640 (LWP 3200046) exited]
[Thread 0x74e531ffb640 (LWP 3200045) exited]
[Thread 0x74e5327fc640 (LWP 3200044) exited]
[Thread 0x74e5337fe640 (LWP 3200042) exited]
[Thread 0x74e539113640 (LWP 3200041) exited]
[Thread 0x74e539914640 (LWP 3200040) exited]
[Thread 0x74e53a115640 (LWP 3200039) exited]
[Thread 0x74e53a916640 (LWP 3200038) exited]
[Thread 0x74e53b117640 (LWP 3200037) exited]
[Thread 0x74e53b918640 (LWP 3200036) exited]
[Thread 0x74e533fff640 (LWP 3200035) exited]
[Thread 0x74e53c119640 (LWP 3200034) exited]
[Thread 0x74e53c1bfa00 (LWP 3200030) exited]
[Thread 0x74e532ffd640 (LWP 3200043) exited]
[New process 3200030]
[Inferior 1 (process 3200030) exited normally]
(gdb) No stack.
(gdb) 