Attaching to process 2673010
[New LWP 2673014]
[New LWP 2673015]
[New LWP 2673016]
[New LWP 2673017]
[New LWP 2673018]
[New LWP 2673019]
[New LWP 2673020]
[New LWP 2673021]
[New LWP 2673022]
[New LWP 2673023]
[New LWP 2673024]
[New LWP 2673025]
[New LWP 2673026]
[New LWP 2673027]
[New LWP 2673028]
[New LWP 2673029]
[New LWP 2673030]
[New LWP 2673031]
[New LWP 2673032]
[New LWP 2673033]
[New LWP 2673034]
[New LWP 2673035]
[Thread debugging using libthread_db enabled]
Using host libthread_db library "/lib/x86_64-linux-gnu/libthread_db.so.1".
0x00007e3c045cc7f8 in __GI___clock_nanosleep (clock_id=clock_id@entry=0, flags=flags@entry=0, req=req@entry=0x7ffc078c5af0, rem=rem@entry=0x7ffc078c5af0) at ../sysdeps/unix/sysv/linux/clock_nanosleep.c:78
78	../sysdeps/unix/sysv/linux/clock_nanosleep.c: No such file or directory.
(gdb) (gdb) Continuing.
[Thread 0x7e3bd5085640 (LWP 2673032) exited]
[Thread 0x7e3bcc7ff640 (LWP 2673033) exited]
[Thread 0x7e3bcffff640 (LWP 2673035) exited]
[Thread 0x7e3bd4884640 (LWP 2673034) exited]
[Thread 0x7e3bd9ffb640 (LWP 2673031) exited]
[Thread 0x7e3bda7fc640 (LWP 2673030) exited]
[Thread 0x7e3bdaffd640 (LWP 2673029) exited]
[Thread 0x7e3bdb7fe640 (LWP 2673028) exited]
[Thread 0x7e3bdbfff640 (LWP 2673027) exited]
[Thread 0x7e3be0dad640 (LWP 2673026) exited]
[Thread 0x7e3be1934640 (LWP 2673025) exited]
[Thread 0x7e3be2936640 (LWP 2673023) exited]
[Thread 0x7e3be3137640 (LWP 2673022) exited]
[Thread 0x7e3be3fff640 (LWP 2673021) exited]
[Thread 0x7e3c00846640 (LWP 2673020) exited]
[Thread 0x7e3c01047640 (LWP 2673019) exited]
[Thread 0x7e3c01848640 (LWP 2673018) exited]
[Thread 0x7e3c02049640 (LWP 2673017) exited]
[Thread 0x7e3c0284a640 (LWP 2673016) exited]
[Thread 0x7e3c0304b640 (LWP 2673015) exited]
[Thread 0x7e3c0384c640 (LWP 2673014) exited]
[Thread 0x7e3c038f2a00 (LWP 2673010) exited]
[Thread 0x7e3be2135640 (LWP 2673024) exited]
[New process 2673010]
[Inferior 1 (process 2673010) exited normally]
(gdb) No stack.
(gdb) 