Attaching to process 2801633
[New LWP 2801666]
[New LWP 2801667]
[New LWP 2801668]
[New LWP 2801669]
[New LWP 2801670]
[New LWP 2801671]
[New LWP 2801672]
[New LWP 2801673]
[New LWP 2801697]
[New LWP 2801698]
[New LWP 2801699]
[New LWP 2801700]
[New LWP 2801701]
[New LWP 2801702]
[New LWP 2801703]
[New LWP 2801704]
[New LWP 2801705]
[New LWP 2801706]
[New LWP 2801707]
[New LWP 2801708]
[New LWP 2801709]
[New LWP 2801710]
[Thread debugging using libthread_db enabled]
Using host libthread_db library "/lib/x86_64-linux-gnu/libthread_db.so.1".
0x0000772ce4d9f7f8 in __GI___clock_nanosleep (clock_id=clock_id@entry=0, flags=flags@entry=0, req=req@entry=0x7ffeccd60af0, rem=rem@entry=0x7ffeccd60af0) at ../sysdeps/unix/sysv/linux/clock_nanosleep.c:78
78	../sysdeps/unix/sysv/linux/clock_nanosleep.c: No such file or directory.
(gdb) (gdb) Continuing.
[Thread 0x772cb5840640 (LWP 2801707) exited]
[Thread 0x772cb503f640 (LWP 2801708) exited]
[Thread 0x772cafe3c640 (LWP 2801710) exited]
[Thread 0x772cb483e640 (LWP 2801709) exited]
[Thread 0x772cba7fc640 (LWP 2801706) exited]
[Thread 0x772cbaffd640 (LWP 2801705) exited]
[Thread 0x772cbb7fe640 (LWP 2801704) exited]
[Thread 0x772cbbfff640 (LWP 2801703) exited]
[Thread 0x772cc0dad640 (LWP 2801702) exited]
[Thread 0x772cc15ae640 (LWP 2801701) exited]
[Thread 0x772cc2135640 (LWP 2801700) exited]
[Thread 0x772cc2936640 (LWP 2801699) exited]
[Thread 0x772cc3137640 (LWP 2801698) exited]
[Thread 0x772ce0818640 (LWP 2801673) exited]
[Thread 0x772ce1019640 (LWP 2801672) exited]
[Thread 0x772ce181a640 (LWP 2801671) exited]
[Thread 0x772ce201b640 (LWP 2801670) exited]
[Thread 0x772ce281c640 (LWP 2801669) exited]
[Thread 0x772ce301d640 (LWP 2801668) exited]
[Thread 0x772ce381e640 (LWP 2801667) exited]
[Thread 0x772ce401f640 (LWP 2801666) exited]
[Thread 0x772ce40c5a00 (LWP 2801633) exited]
[Thread 0x772cc3938640 (LWP 2801697) exited]
[New process 2801633]
[Inferior 1 (process 2801633) exited normally]
(gdb) No stack.
(gdb) 