Attaching to process 491327
[New LWP 491331]
[New LWP 491332]
[New LWP 491333]
[New LWP 491334]
[New LWP 491335]
[New LWP 491336]
[New LWP 491337]
[New LWP 491338]
[New LWP 491339]
[New LWP 491340]
[New LWP 491341]
[New LWP 491342]
[New LWP 491343]
[New LWP 491344]
[New LWP 491345]
[New LWP 491346]
[New LWP 491347]
[New LWP 491348]
[New LWP 491349]
[New LWP 491350]
[New LWP 491351]
[New LWP 491352]
78	../sysdeps/unix/sysv/linux/clock_nanosleep.c: No such file or directory.
[Thread debugging using libthread_db enabled]
Using host libthread_db library "/lib/x86_64-linux-gnu/libthread_db.so.1".
0x00007b414524f7f8 in __GI___clock_nanosleep (clock_id=clock_id@entry=0, flags=flags@entry=0, req=req@entry=0x7fff9eb32ef0, rem=rem@entry=0x7fff9eb32ef0) at ../sysdeps/unix/sysv/linux/clock_nanosleep.c:78
(gdb) (gdb) Continuing.
[Thread 0x7b4115d25640 (LWP 491349) exited]
[Thread 0x7b4115524640 (LWP 491350) exited]
[Thread 0x7b410ffff640 (LWP 491352) exited]
[Thread 0x7b411a7fc640 (LWP 491348) exited]
[Thread 0x7b411affd640 (LWP 491347) exited]
[Thread 0x7b411b7fe640 (LWP 491346) exited]
[Thread 0x7b411bfff640 (LWP 491345) exited]
[Thread 0x7b4120f0c640 (LWP 491344) exited]
[Thread 0x7b412170d640 (LWP 491343) exited]
[Thread 0x7b4122294640 (LWP 491342) exited]
[Thread 0x7b4122a95640 (LWP 491341) exited]
[Thread 0x7b4123296640 (LWP 491340) exited]
[Thread 0x7b4123a97640 (LWP 491339) exited]
[Thread 0x7b4140cc8640 (LWP 491338) exited]
[Thread 0x7b41414c9640 (LWP 491337) exited]
[Thread 0x7b4141cca640 (LWP 491336) exited]
[Thread 0x7b41424cb640 (LWP 491335) exited]
[Thread 0x7b4142ccc640 (LWP 491334) exited]
[Thread 0x7b41434cd640 (LWP 491333) exited]
[Thread 0x7b4143cce640 (LWP 491332) exited]
[Thread 0x7b41444cf640 (LWP 491331) exited]
[Thread 0x7b4144575a00 (LWP 491327) exited]
[Thread 0x7b4114d23640 (LWP 491351) exited]
[New process 491327]
[Inferior 1 (process 491327) exited normally]
(gdb) No stack.
(gdb) 