Attaching to process 2711695
[New LWP 2711728]
[New LWP 2711729]
[New LWP 2711730]
[New LWP 2711731]
[New LWP 2711732]
[New LWP 2711733]
[New LWP 2711734]
[New LWP 2711735]
[New LWP 2711759]
[New LWP 2711760]
[New LWP 2711761]
[New LWP 2711762]
[New LWP 2711763]
[New LWP 2711764]
[New LWP 2711765]
[New LWP 2711766]
[New LWP 2711767]
[New LWP 2711768]
[New LWP 2711769]
[New LWP 2711770]
[New LWP 2711771]
[New LWP 2711772]
[Thread debugging using libthread_db enabled]
Using host libthread_db library "/lib/x86_64-linux-gnu/libthread_db.so.1".
0x0000767c5de797f8 in __GI___clock_nanosleep (clock_id=clock_id@entry=0, flags=flags@entry=0, req=req@entry=0x7ffd648b1d80, rem=rem@entry=0x7ffd648b1d80) at ../sysdeps/unix/sysv/linux/clock_nanosleep.c:78
78	../sysdeps/unix/sysv/linux/clock_nanosleep.c: No such file or directory.
(gdb) (gdb) Continuing.
[Thread 0x767c2d0e8640 (LWP 2711772) exited]
[Thread 0x767c2d911640 (LWP 2711771) exited]
[Thread 0x767c2e112640 (LWP 2711770) exited]
[Thread 0x767c2e913640 (LWP 2711769) exited]
[Thread 0x767c337fe640 (LWP 2711768) exited]
[Thread 0x767c33fff640 (LWP 2711767) exited]
[Thread 0x767c38c73640 (LWP 2711766) exited]
[Thread 0x767c39474640 (LWP 2711765) exited]
[Thread 0x767c39c75640 (LWP 2711764) exited]
[Thread 0x767c3a476640 (LWP 2711763) exited]
[Thread 0x767c3affd640 (LWP 2711762) exited]
[Thread 0x767c3b7fe640 (LWP 2711761) exited]
[Thread 0x767c3bfff640 (LWP 2711760) exited]
[Thread 0x767c54932640 (LWP 2711759) exited]
[Thread 0x767c557fa640 (LWP 2711735) exited]
[Thread 0x767c55ffb640 (LWP 2711734) exited]
[Thread 0x767c567fc640 (LWP 2711733) exited]
[Thread 0x767c56ffd640 (LWP 2711732) exited]
[Thread 0x767c577fe640 (LWP 2711731) exited]
[Thread 0x767c57fff640 (LWP 2711730) exited]
[Thread 0x767c5c8f8640 (LWP 2711729) exited]
[Thread 0x767c5d0f9640 (LWP 2711728) exited]
[Inferior 1 (process 2711695) exited with code 01]
(gdb) No stack.
(gdb) 