Attaching to process 2710608
[New LWP 2710638]
[New LWP 2710639]
[New LWP 2710640]
[New LWP 2710642]
[New LWP 2710644]
[New LWP 2710645]
[New LWP 2710646]
[New LWP 2710647]
[New LWP 2710672]
[New LWP 2710673]
[New LWP 2710674]
[New LWP 2710675]
[New LWP 2710676]
[New LWP 2710677]
[New LWP 2710678]
[New LWP 2710679]
[New LWP 2710680]
[New LWP 2710681]
[New LWP 2710682]
[New LWP 2710683]
[New LWP 2710684]
[New LWP 2710685]
[Thread debugging using libthread_db enabled]
Using host libthread_db library "/lib/x86_64-linux-gnu/libthread_db.so.1".
0x00007653f263d7f8 in __GI___clock_nanosleep (clock_id=clock_id@entry=0, flags=flags@entry=0, req=req@entry=0x7ffd6df356f0, rem=rem@entry=0x7ffd6df356f0) at ../sysdeps/unix/sysv/linux/clock_nanosleep.c:78
78	../sysdeps/unix/sysv/linux/clock_nanosleep.c: No such file or directory.
(gdb) (gdb) Continuing.
[Thread 0x7653c1700640 (LWP 2710685) exited]
[Thread 0x7653c20c4640 (LWP 2710684) exited]
[Thread 0x7653c28c5640 (LWP 2710683) exited]
[Thread 0x7653c30c6640 (LWP 2710682) exited]
[Thread 0x7653c7ff7640 (LWP 2710681) exited]
[Thread 0x7653c87f8640 (LWP 2710680) exited]
[Thread 0x7653c8ff9640 (LWP 2710679) exited]
[Thread 0x7653c97fa640 (LWP 2710678) exited]
[Thread 0x7653c9ffb640 (LWP 2710677) exited]
[Thread 0x7653ca7fc640 (LWP 2710676) exited]
[Thread 0x7653caffd640 (LWP 2710675) exited]
[Thread 0x7653cb7fe640 (LWP 2710674) exited]
[Thread 0x7653cbfff640 (LWP 2710673) exited]
[Thread 0x7653e9934640 (LWP 2710672) exited]
[Thread 0x7653ea7fc640 (LWP 2710647) exited]
[Thread 0x7653eaffd640 (LWP 2710646) exited]
[Thread 0x7653eb7fe640 (LWP 2710645) exited]
[Thread 0x7653ebfff640 (LWP 2710644) exited]
[Thread 0x7653f08bb640 (LWP 2710642) exited]
[Thread 0x7653f10bc640 (LWP 2710640) exited]
[Thread 0x7653e8fff640 (LWP 2710639) exited]
[Thread 0x7653f1963a00 (LWP 2710608) exited]
[Thread 0x7653f18bd640 (LWP 2710638) exited]
[New process 2710608]
[Inferior 1 (process 2710608) exited with code 01]
No stack.
(gdb) (gdb) 