Attaching to process 2711151
[New LWP 2711168]
[New LWP 2711171]
[New LWP 2711172]
[New LWP 2711173]
[New LWP 2711175]
[New LWP 2711176]
[New LWP 2711177]
[New LWP 2711179]
[New LWP 2711215]
[New LWP 2711216]
[New LWP 2711217]
[New LWP 2711218]
[New LWP 2711219]
[New LWP 2711220]
[New LWP 2711221]
[New LWP 2711222]
[New LWP 2711223]
[New LWP 2711224]
[New LWP 2711225]
[New LWP 2711226]
[New LWP 2711227]
[New LWP 2711228]
[Thread debugging using libthread_db enabled]
Using host libthread_db library "/lib/x86_64-linux-gnu/libthread_db.so.1".
0x000079fdec16e7f8 in __GI___clock_nanosleep (clock_id=clock_id@entry=0, flags=flags@entry=0, req=req@entry=0x7ffd91a7ee20, rem=rem@entry=0x7ffd91a7ee20) at ../sysdeps/unix/sysv/linux/clock_nanosleep.c:78
78	../sysdeps/unix/sysv/linux/clock_nanosleep.c: No such file or directory.
(gdb) (gdb) Continuing.
[Thread 0x79fdbaffd640 (LWP 2711228) exited]
[Thread 0x79fdbb7fe640 (LWP 2711227) exited]
[Thread 0x79fdbbfff640 (LWP 2711226) exited]
[Thread 0x79fdc0baf640 (LWP 2711225) exited]
[Thread 0x79fdd91fd640 (LWP 2711224) exited]
[Thread 0x79fdd99fe640 (LWP 2711223) exited]
[Thread 0x79fddaffd640 (LWP 2711222) exited]
[Thread 0x79fddb7fe640 (LWP 2711221) exited]
[Thread 0x79fddbfff640 (LWP 2711220) exited]
[Thread 0x79fde0f0c640 (LWP 2711219) exited]
[Thread 0x79fde1a93640 (LWP 2711218) exited]
[Thread 0x79fde2294640 (LWP 2711217) exited]
[Thread 0x79fde2a95640 (LWP 2711216) exited]
[Thread 0x79fde3296640 (LWP 2711215) exited]
[Thread 0x79fde3fff640 (LWP 2711179) exited]
[Thread 0x79fde8be9640 (LWP 2711177) exited]
[Thread 0x79fde93ea640 (LWP 2711176) exited]
[Thread 0x79fde9beb640 (LWP 2711175) exited]
[Thread 0x79fdea3ec640 (LWP 2711173) exited]
[Thread 0x79fdeabed640 (LWP 2711171) exited]
[Thread 0x79fdeb3ee640 (LWP 2711168) exited]
[Thread 0x79fdeb494a00 (LWP 2711151) exited]
[Thread 0x79fdda1ff640 (LWP 2711172) exited]
[New process 2711151]
[Inferior 1 (process 2711151) exited with code 01]
(gdb) No stack.
(gdb) 