Attaching to process 3653297
[New LWP 3653301]
[New LWP 3653302]
[New LWP 3653303]
[New LWP 3653304]
[New LWP 3653305]
[New LWP 3653306]
[New LWP 3653307]
[New LWP 3653308]
[New LWP 3653310]
[New LWP 3653311]
[New LWP 3653312]
[New LWP 3653313]
[New LWP 3653314]
[New LWP 3653315]
[New LWP 3653316]
[New LWP 3653317]
[New LWP 3653318]
[New LWP 3653319]
[New LWP 3653320]
[New LWP 3653321]
[New LWP 3653322]
[New LWP 3653323]
[Thread debugging using libthread_db enabled]
Using host libthread_db library "/lib/x86_64-linux-gnu/libthread_db.so.1".
0x00007271d74d37f8 in __GI___clock_nanosleep (clock_id=clock_id@entry=0, flags=flags@entry=0, req=req@entry=0x7ffdc3679820, rem=rem@entry=0x7ffdc3679820) at ../sysdeps/unix/sysv/linux/clock_nanosleep.c:78
78	../sysdeps/unix/sysv/linux/clock_nanosleep.c: No such file or directory.
(gdb) (gdb) Continuing.
[Thread 0x7271a7f59640 (LWP 3653320) exited]
[Thread 0x7271a7758640 (LWP 3653321) exited]
[Thread 0x7271a6756640 (LWP 3653323) exited]
[Thread 0x7271a6f57640 (LWP 3653322) exited]
[Thread 0x7271b0ff9640 (LWP 3653319) exited]
[Thread 0x7271b17fa640 (LWP 3653318) exited]
[Thread 0x7271b1ffb640 (LWP 3653317) exited]
[Thread 0x7271b27fc640 (LWP 3653316) exited]
[Thread 0x7271b2ffd640 (LWP 3653315) exited]
[Thread 0x7271b37fe640 (LWP 3653314) exited]
[Thread 0x7271b3fff640 (LWP 3653313) exited]
[Thread 0x7271c4ff9640 (LWP 3653312) exited]
[Thread 0x7271c57fa640 (LWP 3653311) exited]
[Thread 0x7271c5ffb640 (LWP 3653310) exited]
[Thread 0x7271c67fc640 (LWP 3653308) exited]
[Thread 0x7271c6ffd640 (LWP 3653307) exited]
[Thread 0x7271c7fff640 (LWP 3653305) exited]
[Thread 0x7271d4f50640 (LWP 3653304) exited]
[Thread 0x7271d5751640 (LWP 3653303) exited]
[Thread 0x7271d5f52640 (LWP 3653302) exited]
[Thread 0x7271d6753640 (LWP 3653301) exited]
[Thread 0x7271d67f9a00 (LWP 3653297) exited]
[Thread 0x7271c77fe640 (LWP 3653306) exited]
[New process 3653297]
[Inferior 1 (process 3653297) exited normally]
(gdb) No stack.
(gdb) 