Attaching to process 3653176
[New LWP 3653209]
[New LWP 3653210]
[New LWP 3653211]
[New LWP 3653212]
[New LWP 3653213]
[New LWP 3653214]
[New LWP 3653215]
[New LWP 3653216]
[New LWP 3653240]
[New LWP 3653241]
[New LWP 3653242]
[New LWP 3653243]
[New LWP 3653244]
[New LWP 3653245]
[New LWP 3653246]
[New LWP 3653247]
[New LWP 3653248]
[New LWP 3653249]
[New LWP 3653250]
[New LWP 3653251]
[New LWP 3653252]
[New LWP 3653253]
[Thread debugging using libthread_db enabled]
Using host libthread_db library "/lib/x86_64-linux-gnu/libthread_db.so.1".
0x00007d8fdffdb7f8 in __GI___clock_nanosleep (clock_id=clock_id@entry=0, flags=flags@entry=0, req=req@entry=0x7ffec6692be0, rem=rem@entry=0x7ffec6692be0) at ../sysdeps/unix/sysv/linux/clock_nanosleep.c:78
78	../sysdeps/unix/sysv/linux/clock_nanosleep.c: No such file or directory.
(gdb) (gdb) Continuing.
[Thread 0x7d8fb0a96640 (LWP 3653250) exited]
[Thread 0x7d8fabfff640 (LWP 3653251) exited]
[Thread 0x7d8fab7fe640 (LWP 3653253) exited]
[Thread 0x7d8fa3fff640 (LWP 3653252) exited]
[Thread 0x7d8fb97fa640 (LWP 3653249) exited]
[Thread 0x7d8fb9ffb640 (LWP 3653248) exited]
[Thread 0x7d8fba7fc640 (LWP 3653247) exited]
[Thread 0x7d8fbaffd640 (LWP 3653246) exited]
[Thread 0x7d8fbb7fe640 (LWP 3653245) exited]
[Thread 0x7d8fbbfff640 (LWP 3653244) exited]
[Thread 0x7d8fc5292640 (LWP 3653243) exited]
[Thread 0x7d8fc5a93640 (LWP 3653242) exited]
[Thread 0x7d8fc6294640 (LWP 3653241) exited]
[Thread 0x7d8fc6a95640 (LWP 3653240) exited]
[Thread 0x7d8fc77fe640 (LWP 3653216) exited]
[Thread 0x7d8fc7fff640 (LWP 3653215) exited]
[Thread 0x7d8fdca56640 (LWP 3653214) exited]
[Thread 0x7d8fdd257640 (LWP 3653213) exited]
[Thread 0x7d8fdda58640 (LWP 3653212) exited]
[Thread 0x7d8fde259640 (LWP 3653211) exited]
[Thread 0x7d8fdea5a640 (LWP 3653210) exited]
[Thread 0x7d8fdf25b640 (LWP 3653209) exited]
[Inferior 1 (process 3653176) exited normally]
(gdb) No stack.
(gdb) 