Attaching to process 2642799
[New LWP 2642832]
[New LWP 2642833]
[New LWP 2642834]
[New LWP 2642835]
[New LWP 2642836]
[New LWP 2642837]
[New LWP 2642838]
[New LWP 2642839]
[New LWP 2642863]
[New LWP 2642864]
[New LWP 2642865]
[New LWP 2642866]
[New LWP 2642867]
[New LWP 2642868]
[New LWP 2642869]
[New LWP 2642870]
[New LWP 2642871]
[New LWP 2642872]
[New LWP 2642873]
[New LWP 2642874]
[New LWP 2642875]
[New LWP 2642876]
[Thread debugging using libthread_db enabled]
Using host libthread_db library "/lib/x86_64-linux-gnu/libthread_db.so.1".
0x00007109225197f8 in __GI___clock_nanosleep (clock_id=clock_id@entry=0, flags=flags@entry=0, req=req@entry=0x7fff1b0f00b0, rem=rem@entry=0x7fff1b0f00b0) at ../sysdeps/unix/sysv/linux/clock_nanosleep.c:78
78	../sysdeps/unix/sysv/linux/clock_nanosleep.c: No such file or directory.
(gdb) (gdb) Continuing.
[Thread 0x7108f2f50640 (LWP 2642873) exited]
[Thread 0x7108f274f640 (LWP 2642874) exited]
[Thread 0x7108f158a640 (LWP 2642876) exited]
[Thread 0x7108f1d8b640 (LWP 2642875) exited]
[Thread 0x7108fb7fe640 (LWP 2642872) exited]
[Thread 0x7108fbfff640 (LWP 2642871) exited]
[Thread 0x7109095fc640 (LWP 2642869) exited]
[Thread 0x710909dfd640 (LWP 2642868) exited]
[Thread 0x71090a5fe640 (LWP 2642867) exited]
[Thread 0x71090b7fe640 (LWP 2642866) exited]
[Thread 0x71090bfff640 (LWP 2642865) exited]
[Thread 0x710910ff9640 (LWP 2642864) exited]
[Thread 0x7109117fa640 (LWP 2642863) exited]
[Thread 0x710911ffb640 (LWP 2642839) exited]
[Thread 0x7109127fc640 (LWP 2642838) exited]
[Thread 0x710912ffd640 (LWP 2642837) exited]
[Thread 0x71090adff640 (LWP 2642836) exited]
[Thread 0x7109137fe640 (LWP 2642835) exited]
[Thread 0x710913fff640 (LWP 2642834) exited]
[Thread 0x710920f98640 (LWP 2642833) exited]
[Thread 0x710921799640 (LWP 2642832) exited]
[Thread 0x71092183fa00 (LWP 2642799) exited]
[Thread 0x710908dfb640 (LWP 2642870) exited]
[New process 2642799]
[Inferior 1 (process 2642799) exited normally]
(gdb) No stack.
(gdb) 