Attaching to process 3176885
[New LWP 3176918]
[New LWP 3176919]
[New LWP 3176920]
[New LWP 3176921]
[New LWP 3176922]
[New LWP 3176923]
[New LWP 3176924]
[New LWP 3176925]
[New LWP 3176949]
[New LWP 3176950]
[New LWP 3176951]
[New LWP 3176952]
[New LWP 3176953]
[New LWP 3176954]
[New LWP 3176955]
[New LWP 3176956]
[New LWP 3176957]
[New LWP 3176958]
[New LWP 3176959]
[New LWP 3176960]
[New LWP 3176961]
[New LWP 3176962]
[Thread debugging using libthread_db enabled]
Using host libthread_db library "/lib/x86_64-linux-gnu/libthread_db.so.1".
0x000072242b4f47f8 in __GI___clock_nanosleep (clock_id=clock_id@entry=0, flags=flags@entry=0, req=req@entry=0x7ffc9032cd70, rem=rem@entry=0x7ffc9032cd70) at ../sysdeps/unix/sysv/linux/clock_nanosleep.c:78
78	../sysdeps/unix/sysv/linux/clock_nanosleep.c: No such file or directory.
(gdb) (gdb) Continuing.
[Thread 0x7223fbfb0640 (LWP 3176959) exited]
[Thread 0x7223fb7af640 (LWP 3176960) exited]
[Thread 0x7223fa5c2640 (LWP 3176962) exited]
[Thread 0x7223faf86640 (LWP 3176961) exited]
[Thread 0x722400ff9640 (LWP 3176958) exited]
[Thread 0x7224017fa640 (LWP 3176957) exited]
[Thread 0x722401ffb640 (LWP 3176956) exited]
[Thread 0x7224027fc640 (LWP 3176955) exited]
[Thread 0x722402ffd640 (LWP 3176954) exited]
[Thread 0x7224037fe640 (LWP 3176953) exited]
[Thread 0x722403fff640 (LWP 3176952) exited]
[Thread 0x722420ff9640 (LWP 3176951) exited]
[Thread 0x722421ffb640 (LWP 3176949) exited]
[Thread 0x7224227fc640 (LWP 3176925) exited]
[Thread 0x722422ffd640 (LWP 3176924) exited]
[Thread 0x7224237fe640 (LWP 3176923) exited]
[Thread 0x722428f71640 (LWP 3176922) exited]
[Thread 0x722429772640 (LWP 3176921) exited]
[Thread 0x722423fff640 (LWP 3176920) exited]
[Thread 0x722429f73640 (LWP 3176919) exited]
[Thread 0x72242a774640 (LWP 3176918) exited]
[Thread 0x72242a81aa00 (LWP 3176885) exited]
[Thread 0x7224217fa640 (LWP 3176950) exited]
[New process 3176885]
[Inferior 1 (process 3176885) exited normally]
(gdb) (gdb) No stack.
