Attaching to process 72657
[New LWP 72661]
[New LWP 72662]
[New LWP 72663]
[New LWP 72664]
[New LWP 72665]
[New LWP 72666]
[New LWP 72667]
[New LWP 72668]
[New LWP 72707]
[New LWP 72708]
[New LWP 72709]
[New LWP 72710]
[New LWP 72711]
[New LWP 72712]
[New LWP 72713]
[New LWP 72714]
[New LWP 72715]
[New LWP 72716]
156	../sysdeps/ieee754/dbl-64/s_sin.c: No such file or directory.
[Thread debugging using libthread_db enabled]
Using host libthread_db library "/lib/x86_64-linux-gnu/libthread_db.so.1".
reduce_sincos (da=0x7ffc390b5c60, a=0x7ffc390b5c58, x=316.5381996623658) at ../sysdeps/ieee754/dbl-64/s_sin.c:156
(gdb) (gdb) Continuing.
[New Thread 0x72557b429640 (LWP 72719)]
[New Thread 0x72557ac28640 (LWP 72720)]
[New Thread 0x72557a427640 (LWP 72721)]
[New Thread 0x725579a63640 (LWP 72722)]
[Thread 0x725579a63640 (LWP 72722) exited]
[Thread 0x72557a427640 (LWP 72721) exited]
[Thread 0x72557ac28640 (LWP 72720) exited]
[Thread 0x72557b429640 (LWP 72719) exited]
[Thread 0x725580472640 (LWP 72716) exited]
[Thread 0x725580c73640 (LWP 72715) exited]
[Thread 0x725581474640 (LWP 72714) exited]
[Thread 0x725581c75640 (LWP 72713) exited]
[Thread 0x725582476640 (LWP 72712) exited]
[Thread 0x725582c77640 (LWP 72711) exited]
[Thread 0x7255837fe640 (LWP 72710) exited]
[Thread 0x725583fff640 (LWP 72709) exited]
[Thread 0x7255a0a91640 (LWP 72708) exited]
[Thread 0x7255a1ffb640 (LWP 72668) exited]
[Thread 0x7255a27fc640 (LWP 72667) exited]
[Thread 0x7255a2ffd640 (LWP 72666) exited]
[Thread 0x7255a37fe640 (LWP 72665) exited]
[Thread 0x7255a8bf5640 (LWP 72664) exited]
[Thread 0x7255a93f6640 (LWP 72663) exited]
[Thread 0x7255a3fff640 (LWP 72662) exited]
[Thread 0x7255a9bf7640 (LWP 72661) exited]
[Thread 0x7255a9c9da00 (LWP 72657) exited]
[Thread 0x7255a1292640 (LWP 72707) exited]
[New process 72657]
[Inferior 1 (process 72657) exited with code 01]
(gdb) (gdb) No stack.
