Attaching to process 73282
[New LWP 73286]
[New LWP 73287]
[New LWP 73288]
[New LWP 73289]
[New LWP 73290]
[New LWP 73291]
[New LWP 73292]
[New LWP 73293]
[New LWP 73332]
[New LWP 73333]
[New LWP 73334]
[New LWP 73335]
[New LWP 73336]
[New LWP 73337]
[New LWP 73338]
[New LWP 73339]
[New LWP 73340]
[New LWP 73341]
108	../sysdeps/ieee754/dbl-64/s_sin.c: No such file or directory.
[Thread debugging using libthread_db enabled]
Using host libthread_db library "/lib/x86_64-linux-gnu/libthread_db.so.1".
do_cos (dx=2.4157773476275858e-17, x=6.5548449986917217e-310) at ../sysdeps/ieee754/dbl-64/s_sin.c:108
(gdb) (gdb) Continuing.
[New Thread 0x78a9f1fb1640 (LWP 73344)]
[New Thread 0x78a9f17b0640 (LWP 73345)]
[New Thread 0x78a9f0dec640 (LWP 73346)]
[New Thread 0x78a9e7fff640 (LWP 73347)]
[Thread 0x78a9e7fff640 (LWP 73347) exited]
[Thread 0x78a9f0dec640 (LWP 73346) exited]
[Thread 0x78a9f17b0640 (LWP 73345) exited]
[Thread 0x78a9f1fb1640 (LWP 73344) exited]
[Thread 0x78aa0affd640 (LWP 73341) exited]
[Thread 0x78aa0b7fe640 (LWP 73340) exited]
[Thread 0x78aa0bfff640 (LWP 73339) exited]
[Thread 0x78aa10a75640 (LWP 73338) exited]
[Thread 0x78aa11276640 (LWP 73337) exited]
[Thread 0x78aa11a77640 (LWP 73336) exited]
[Thread 0x78aa125fe640 (LWP 73335) exited]
[Thread 0x78aa137fe640 (LWP 73334) exited]
[Thread 0x78aa13fff640 (LWP 73333) exited]
[Thread 0x78aa18916640 (LWP 73332) exited]
[Thread 0x78aa197de640 (LWP 73293) exited]
[Thread 0x78aa19fdf640 (LWP 73292) exited]
[Thread 0x78aa1a7e0640 (LWP 73291) exited]
[Thread 0x78aa12dff640 (LWP 73289) exited]
[Thread 0x78aa1b7e2640 (LWP 73288) exited]
[Thread 0x78aa1bfe3640 (LWP 73287) exited]
[Thread 0x78aa1c7e4640 (LWP 73286) exited]
[Thread 0x78aa1c88aa00 (LWP 73282) exited]
[Thread 0x78aa1afe1640 (LWP 73290) exited]
[New process 73282]
[Inferior 1 (process 73282) exited with code 01]
(gdb) (gdb) No stack.
