Attaching to process 72443
[New LWP 72460]
[New LWP 72461]
[New LWP 72462]
[New LWP 72464]
[New LWP 72468]
[New LWP 72469]
[New LWP 72470]
[New LWP 72471]
[New LWP 72507]
[New LWP 72508]
[New LWP 72509]
[New LWP 72510]
[New LWP 72511]
[New LWP 72512]
[New LWP 72513]
[New LWP 72514]
[New LWP 72515]
[New LWP 72516]
[New LWP 72517]
[New LWP 72518]
[New LWP 72519]
[New LWP 72520]
[Thread debugging using libthread_db enabled]
Using host libthread_db library "/lib/x86_64-linux-gnu/libthread_db.so.1".
0x000073a4b14a47f8 in __GI___clock_nanosleep (clock_id=clock_id@entry=0, flags=flags@entry=0, req=req@entry=0x7ffe7ca694a0, rem=rem@entry=0x7ffe7ca694a0) at ../sysdeps/unix/sysv/linux/clock_nanosleep.c:78
78	../sysdeps/unix/sysv/linux/clock_nanosleep.c: No such file or directory.
(gdb) (gdb) Continuing.
[Thread 0x73a480f44640 (LWP 72520) exited]
[Thread 0x73a48176d640 (LWP 72519) exited]
[Thread 0x73a47bfff640 (LWP 72518) exited]
[Thread 0x73a481f6e640 (LWP 72517) exited]
[Thread 0x73a486ffd640 (LWP 72516) exited]
[Thread 0x73a4877fe640 (LWP 72515) exited]
[Thread 0x73a487fff640 (LWP 72514) exited]
[Thread 0x73a48cc73640 (LWP 72513) exited]
[Thread 0x73a48d474640 (LWP 72512) exited]
[Thread 0x73a48dc75640 (LWP 72511) exited]
[Thread 0x73a48e7fc640 (LWP 72510) exited]
[Thread 0x73a48effd640 (LWP 72509) exited]
[Thread 0x73a48f7fe640 (LWP 72508) exited]
[Thread 0x73a48ffff640 (LWP 72507) exited]
[Thread 0x73a4acf1d640 (LWP 72471) exited]
[Thread 0x73a4ad71e640 (LWP 72470) exited]
[Thread 0x73a4adf1f640 (LWP 72469) exited]
[Thread 0x73a4ae720640 (LWP 72468) exited]
[Thread 0x73a4aef21640 (LWP 72464) exited]
[Thread 0x73a4af722640 (LWP 72462) exited]
[Thread 0x73a4aff23640 (LWP 72461) exited]
[Thread 0x73a4b0724640 (LWP 72460) exited]
[Inferior 1 (process 72443) exited with code 01]
(gdb) No stack.
(gdb) 