Attaching to process 73150
[New LWP 73175]
[New LWP 73176]
[New LWP 73177]
[New LWP 73178]
[New LWP 73179]
[New LWP 73181]
[New LWP 73182]
[New LWP 73185]
[New LWP 73214]
[New LWP 73215]
[New LWP 73216]
[New LWP 73217]
[New LWP 73218]
[New LWP 73219]
[New LWP 73220]
[New LWP 73221]
[New LWP 73222]
[New LWP 73223]
[New LWP 73224]
[New LWP 73225]
[New LWP 73226]
[New LWP 73227]
78	../sysdeps/unix/sysv/linux/clock_nanosleep.c: No such file or directory.
[Thread debugging using libthread_db enabled]
Using host libthread_db library "/lib/x86_64-linux-gnu/libthread_db.so.1".
0x000076ca2f68c7f8 in __GI___clock_nanosleep (clock_id=clock_id@entry=0, flags=flags@entry=0, req=req@entry=0x7ffe2dfb0240, rem=rem@entry=0x7ffe2dfb0240) at ../sysdeps/unix/sysv/linux/clock_nanosleep.c:78
(gdb) (gdb) Continuing.
[Thread 0x76c9ff10c640 (LWP 73227) exited]
[Thread 0x76c9ff90d640 (LWP 73226) exited]
[Thread 0x76c9f77ff640 (LWP 73225) exited]
[Thread 0x76ca0010e640 (LWP 73224) exited]
[Thread 0x76ca04ff9640 (LWP 73223) exited]
[Thread 0x76ca057fa640 (LWP 73222) exited]
[Thread 0x76ca05ffb640 (LWP 73221) exited]
[Thread 0x76ca067fc640 (LWP 73220) exited]
[Thread 0x76ca06ffd640 (LWP 73219) exited]
[Thread 0x76ca077fe640 (LWP 73218) exited]
[Thread 0x76ca07fff640 (LWP 73217) exited]
[Thread 0x76ca24ffe640 (LWP 73216) exited]
[Thread 0x76ca26135640 (LWP 73215) exited]
[Thread 0x76ca26936640 (LWP 73214) exited]
[Thread 0x76ca277fe640 (LWP 73185) exited]
[Thread 0x76ca27fff640 (LWP 73182) exited]
[Thread 0x76ca2c908640 (LWP 73181) exited]
[Thread 0x76ca2d90a640 (LWP 73178) exited]
[Thread 0x76ca257ff640 (LWP 73177) exited]
[Thread 0x76ca2e10b640 (LWP 73176) exited]
[Thread 0x76ca2e90c640 (LWP 73175) exited]
[Thread 0x76ca2e9b2a00 (LWP 73150) exited]
[Thread 0x76ca2d109640 (LWP 73179) exited]
[New process 73150]
[Inferior 1 (process 73150) exited with code 01]
(gdb) (gdb) No stack.
