Attaching to process 71951
[New LWP 71955]
[New LWP 71956]
[New LWP 71957]
[New LWP 71958]
[New LWP 71959]
[New LWP 71960]
[New LWP 71961]
[New LWP 71962]
[Thread debugging using libthread_db enabled]
Using host libthread_db library "/lib/x86_64-linux-gnu/libthread_db.so.1".
0x00007c5bf6830cdb in eventfd () at ../sysdeps/unix/syscall-template.S:120
120	../sysdeps/unix/syscall-template.S: No such file or directory.
(gdb) (gdb) Continuing.
[New Thread 0x7c5bed292640 (LWP 72002)]
[New Thread 0x7c5beca91640 (LWP 72003)]
[New Thread 0x7c5be7fff640 (LWP 72004)]
[New Thread 0x7c5be77fe640 (LWP 72005)]
[New Thread 0x7c5be6c77640 (LWP 72006)]
[New Thread 0x7c5be6476640 (LWP 72007)]
[New Thread 0x7c5be5c75640 (LWP 72008)]
[New Thread 0x7c5be5474640 (LWP 72009)]
[New Thread 0x7c5be4c73640 (LWP 72010)]
[New Thread 0x7c5bcffff640 (LWP 72011)]
[New Thread 0x7c5bc720d640 (LWP 72012)]
[New Thread 0x7c5bc2a0c640 (LWP 72013)]
[New Thread 0x7c5bc6a0c640 (LWP 72014)]
[New Thread 0x7c5bc620b640 (LWP 72015)]
[Thread 0x7c5bc620b640 (LWP 72015) exited]
[Thread 0x7c5bc6a0c640 (LWP 72014) exited]
[Thread 0x7c5bc2a0c640 (LWP 72013) exited]
[Thread 0x7c5bc720d640 (LWP 72012) exited]
[Thread 0x7c5bcffff640 (LWP 72011) exited]
[Thread 0x7c5be4c73640 (LWP 72010) exited]
[Thread 0x7c5be5474640 (LWP 72009) exited]
[Thread 0x7c5be5c75640 (LWP 72008) exited]
[Thread 0x7c5be6476640 (LWP 72007) exited]
[Thread 0x7c5be6c77640 (LWP 72006) exited]
[Thread 0x7c5be77fe640 (LWP 72005) exited]
[Thread 0x7c5be7fff640 (LWP 72004) exited]
[Thread 0x7c5beca91640 (LWP 72003) exited]
[Thread 0x7c5bed292640 (LWP 72002) exited]
[Thread 0x7c5bedffb640 (LWP 71962) exited]
[Thread 0x7c5bee7fc640 (LWP 71961) exited]
[Thread 0x7c5beeffd640 (LWP 71960) exited]
[Thread 0x7c5bef7fe640 (LWP 71959) exited]
[Thread 0x7c5bf4a6e640 (LWP 71958) exited]
[Thread 0x7c5beffff640 (LWP 71957) exited]
[Thread 0x7c5bf526f640 (LWP 71956) exited]
[Thread 0x7c5bf5a70640 (LWP 71955) exited]
[Inferior 1 (process 71951) exited with code 01]
(gdb) No stack.
(gdb) 