Attaching to process 71870
[New LWP 71874]
[New LWP 71875]
[New LWP 71876]
[New LWP 71877]
[New LWP 71878]
[New LWP 71879]
[New LWP 71880]
[New LWP 71881]
[New LWP 71902]
[New LWP 71903]
[New LWP 71904]
[New LWP 71905]
[New LWP 71907]
[New LWP 71908]
[New LWP 71909]
[New LWP 71910]
[New LWP 71911]
[New LWP 71912]
[Thread debugging using libthread_db enabled]
Using host libthread_db library "/lib/x86_64-linux-gnu/libthread_db.so.1".
0x00007a4911cca219 in do_sin (dx=<optimized out>, x=0.0029023502359724063) at ../sysdeps/ieee754/dbl-64/s_sin.c:144
144	../sysdeps/ieee754/dbl-64/s_sin.c: No such file or directory.
(gdb) (gdb) Continuing.
[New Thread 0x7a48e252c640 (LWP 71931)]
[New Thread 0x7a48e1d2b640 (LWP 71932)]
[New Thread 0x7a48e152a640 (LWP 71933)]
[New Thread 0x7a48e0d29640 (LWP 71934)]
[Thread 0x7a48e0d29640 (LWP 71934) exited]
[Thread 0x7a48e152a640 (LWP 71933) exited]
[Thread 0x7a48e1d2b640 (LWP 71932) exited]
[Thread 0x7a48e252c640 (LWP 71931) exited]
[Thread 0x7a48eaffd640 (LWP 71912) exited]
[Thread 0x7a48eb7fe640 (LWP 71911) exited]
[Thread 0x7a48ebfff640 (LWP 71910) exited]
[Thread 0x7a4900ff9640 (LWP 71909) exited]
[Thread 0x7a49017fa640 (LWP 71908) exited]
[Thread 0x7a4901ffb640 (LWP 71907) exited]
[Thread 0x7a49027fc640 (LWP 71905) exited]
[Thread 0x7a49037fe640 (LWP 71903) exited]
[Thread 0x7a4908a91640 (LWP 71902) exited]
[Thread 0x7a49097fa640 (LWP 71881) exited]
[Thread 0x7a4909ffb640 (LWP 71880) exited]
[Thread 0x7a490a7fc640 (LWP 71879) exited]
[Thread 0x7a490affd640 (LWP 71878) exited]
[Thread 0x7a490b7fe640 (LWP 71877) exited]
[Thread 0x7a4903fff640 (LWP 71876) exited]
[Thread 0x7a490bfff640 (LWP 71875) exited]
[Thread 0x7a4910db6640 (LWP 71874) exited]
[Thread 0x7a4910e5ca00 (LWP 71870) exited]
[Thread 0x7a4902ffd640 (LWP 71904) exited]
[New process 71870]
[Inferior 1 (process 71870) exited with code 01]
(gdb) No stack.
(gdb) 