Attaching to process 73364
[New LWP 73368]
[New LWP 73369]
[New LWP 73370]
[New LWP 73371]
[New LWP 73372]
[New LWP 73373]
[New LWP 73374]
[New LWP 73375]
[New LWP 73401]
[New LWP 73403]
[New LWP 73405]
[New LWP 73416]
[New LWP 73417]
[New LWP 73418]
[New LWP 73419]
[New LWP 73420]
[New LWP 73421]
[New LWP 73422]
[Thread debugging using libthread_db enabled]
Using host libthread_db library "/lib/x86_64-linux-gnu/libthread_db.so.1".
0x00007a0b3f20c0d9 in do_sin (dx=7.1169078432557151e-19, x=6.6297514501127958e-310) at ../sysdeps/ieee754/dbl-64/s_sin.c:136
136	../sysdeps/ieee754/dbl-64/s_sin.c: No such file or directory.
(gdb) (gdb) Continuing.
[New Thread 0x7a0b0faf3640 (LWP 73425)]
[New Thread 0x7a0b07fff640 (LWP 73426)]
[New Thread 0x7a0b0f2f2640 (LWP 73427)]
[New Thread 0x7a0b0e92e640 (LWP 73428)]
[Thread 0x7a0b0e92e640 (LWP 73428) exited]
[Thread 0x7a0b0f2f2640 (LWP 73427) exited]
[Thread 0x7a0b07fff640 (LWP 73426) exited]
[Thread 0x7a0b0faf3640 (LWP 73425) exited]
[Thread 0x7a0b14c73640 (LWP 73422) exited]
[Thread 0x7a0b15474640 (LWP 73421) exited]
[Thread 0x7a0b15c75640 (LWP 73420) exited]
[Thread 0x7a0b16476640 (LWP 73419) exited]
[Thread 0x7a0b16c77640 (LWP 73418) exited]
[Thread 0x7a0b17478640 (LWP 73417) exited]
[Thread 0x7a0b17fff640 (LWP 73416) exited]
[Thread 0x7a0b349fd640 (LWP 73405) exited]
[Thread 0x7a0b36294640 (LWP 73401) exited]
[Thread 0x7a0b36ffd640 (LWP 73375) exited]
[Thread 0x7a0b377fe640 (LWP 73374) exited]
[Thread 0x7a0b37fff640 (LWP 73373) exited]
[Thread 0x7a0b3caf5640 (LWP 73372) exited]
[Thread 0x7a0b3d2f6640 (LWP 73371) exited]
[Thread 0x7a0b3daf7640 (LWP 73370) exited]
[Thread 0x7a0b359ff640 (LWP 73369) exited]
[Thread 0x7a0b3e2f8640 (LWP 73368) exited]
[Thread 0x7a0b3e39ea00 (LWP 73364) exited]
[Thread 0x7a0b351fe640 (LWP 73403) exited]
[New process 73364]
[Inferior 1 (process 73364) exited with code 01]
(gdb) No stack.
(gdb) 