Attaching to process 71737
[New LWP 71754]
[New LWP 71755]
[New LWP 71756]
[New LWP 71757]
[New LWP 71758]
[New LWP 71759]
[New LWP 71760]
[New LWP 71761]
[New LWP 71801]
[New LWP 71802]
[New LWP 71803]
[New LWP 71804]
[New LWP 71805]
[New LWP 71806]
[New LWP 71807]
[New LWP 71808]
[New LWP 71809]
[New LWP 71810]
[New LWP 71811]
[New LWP 71812]
[New LWP 71813]
[New LWP 71814]
[Thread debugging using libthread_db enabled]
Using host libthread_db library "/lib/x86_64-linux-gnu/libthread_db.so.1".
0x00007d59087557f8 in __GI___clock_nanosleep (clock_id=clock_id@entry=0, flags=flags@entry=0, req=req@entry=0x7ffc508d7cc0, rem=rem@entry=0x7ffc508d7cc0) at ../sysdeps/unix/sysv/linux/clock_nanosleep.c:78
78	../sysdeps/unix/sysv/linux/clock_nanosleep.c: No such file or directory.
(gdb) (gdb) Continuing.
[Thread 0x7d58d3fff640 (LWP 71813) exited]
[Thread 0x7d58d37fe640 (LWP 71814) exited]
[Thread 0x7d58dc9fc640 (LWP 71812) exited]
[Thread 0x7d58dd1fd640 (LWP 71811) exited]
[Thread 0x7d58edffb640 (LWP 71810) exited]
[Thread 0x7d58ee7fc640 (LWP 71809) exited]
[Thread 0x7d58eeffd640 (LWP 71808) exited]
[Thread 0x7d58ef7fe640 (LWP 71807) exited]
[Thread 0x7d58f4f0c640 (LWP 71806) exited]
[Thread 0x7d58f570d640 (LWP 71805) exited]
[Thread 0x7d58f6294640 (LWP 71804) exited]
[Thread 0x7d58f6a95640 (LWP 71803) exited]
[Thread 0x7d58f7296640 (LWP 71802) exited]
[Thread 0x7d58f7a97640 (LWP 71801) exited]
[Thread 0x7d58effff640 (LWP 71761) exited]
[Thread 0x7d59049cf640 (LWP 71760) exited]
[Thread 0x7d59051d0640 (LWP 71759) exited]
[Thread 0x7d59061d2640 (LWP 71757) exited]
[Thread 0x7d59069d3640 (LWP 71756) exited]
[Thread 0x7d59071d4640 (LWP 71755) exited]
[Thread 0x7d59079d5640 (LWP 71754) exited]
[Thread 0x7d5907a7ba00 (LWP 71737) exited]
[Thread 0x7d59059d1640 (LWP 71758) exited]
[New process 71737]
[Inferior 1 (process 71737) exited with code 01]
No stack.
(gdb) (gdb) 