Attaching to process 72576
[New LWP 72580]
[New LWP 72581]
[New LWP 72582]
[New LWP 72583]
[New LWP 72584]
[New LWP 72585]
[New LWP 72586]
[New LWP 72587]
[New LWP 72625]
[New LWP 72626]
[New LWP 72627]
[New LWP 72628]
[New LWP 72629]
[New LWP 72630]
[New LWP 72631]
[New LWP 72632]
[New LWP 72633]
[New LWP 72634]
[Thread debugging using libthread_db enabled]
Using host libthread_db library "/lib/x86_64-linux-gnu/libthread_db.so.1".
0x00007c9e29ae59c7 in __round (x=-26273.718253200546) at ../sysdeps/ieee754/dbl-64/s_round.c:38
38	../sysdeps/ieee754/dbl-64/s_round.c: No such file or directory.
(gdb) (gdb) Continuing.
[New Thread 0x7c9dfa416640 (LWP 72637)]
[New Thread 0x7c9df9c15640 (LWP 72638)]
[New Thread 0x7c9df93ec640 (LWP 72639)]
[New Thread 0x7c9df8a28640 (LWP 72640)]
[Thread 0x7c9df8a28640 (LWP 72640) exited]
[Thread 0x7c9df93ec640 (LWP 72639) exited]
[Thread 0x7c9df9c15640 (LWP 72638) exited]
[Thread 0x7c9dfa416640 (LWP 72637) exited]
[Thread 0x7c9dfeffd640 (LWP 72634) exited]
[Thread 0x7c9dff7fe640 (LWP 72633) exited]
[Thread 0x7c9dfffff640 (LWP 72632) exited]
[Thread 0x7c9e1c9f9640 (LWP 72631) exited]
[Thread 0x7c9e1d1fa640 (LWP 72630) exited]
[Thread 0x7c9e1d9fb640 (LWP 72629) exited]
[Thread 0x7c9e1e1fc640 (LWP 72628) exited]
[Thread 0x7c9e1e9fd640 (LWP 72627) exited]
[Thread 0x7c9e1f1fe640 (LWP 72626) exited]
[Thread 0x7c9e25bcc640 (LWP 72587) exited]
[Thread 0x7c9e263cd640 (LWP 72586) exited]
[Thread 0x7c9e26bce640 (LWP 72585) exited]
[Thread 0x7c9e273cf640 (LWP 72584) exited]
[Thread 0x7c9e27bd0640 (LWP 72583) exited]
[Thread 0x7c9e1f9ff640 (LWP 72582) exited]
[Thread 0x7c9e283d1640 (LWP 72581) exited]
[Thread 0x7c9e28bd2640 (LWP 72580) exited]
[Thread 0x7c9e28c78a00 (LWP 72576) exited]
[Thread 0x7c9e24d04640 (LWP 72625) exited]
[New process 72576]
[Inferior 1 (process 72576) exited with code 01]
(gdb) (gdb) No stack.
