Attaching to process 1840470
[New LWP 1840474]
[New LWP 1840475]
[New LWP 1840476]
[New LWP 1840477]
[New LWP 1840478]
[New LWP 1840479]
[New LWP 1840480]
[New LWP 1840481]
[New LWP 1840482]
[New LWP 1840483]
[New LWP 1840484]
[New LWP 1840485]
[New LWP 1840486]
[New LWP 1840487]
[New LWP 1840488]
[New LWP 1840489]
[New LWP 1840490]
[New LWP 1840491]
[New LWP 1840492]
[New LWP 1840493]
[New LWP 1840494]
[New LWP 1840495]
[Thread debugging using libthread_db enabled]
Using host libthread_db library "/lib/x86_64-linux-gnu/libthread_db.so.1".
0x00007003dd2ba7f8 in __GI___clock_nanosleep (clock_id=clock_id@entry=0, flags=flags@entry=0, req=req@entry=0x7fff09cedaa0, rem=rem@entry=0x7fff09cedaa0) at ../sysdeps/unix/sysv/linux/clock_nanosleep.c:78
78	../sysdeps/unix/sysv/linux/clock_nanosleep.c: No such file or directory.
(gdb) (gdb) Continuing.
[Thread 0x7003add65640 (LWP 1840492) exited]
[Thread 0x7003ad564640 (LWP 1840493) exited]
[Thread 0x7003a7fff640 (LWP 1840495) exited]
[Thread 0x7003acd63640 (LWP 1840494) exited]
[Thread 0x7003b2ffd640 (LWP 1840491) exited]
[Thread 0x7003b37fe640 (LWP 1840490) exited]
[Thread 0x7003b3fff640 (LWP 1840489) exited]
[Thread 0x7003b8a91640 (LWP 1840488) exited]
[Thread 0x7003b9292640 (LWP 1840487) exited]
[Thread 0x7003ba294640 (LWP 1840485) exited]
[Thread 0x7003baa95640 (LWP 1840484) exited]
[Thread 0x7003bb296640 (LWP 1840483) exited]
[Thread 0x7003bba97640 (LWP 1840482) exited]
[Thread 0x7003d8d33640 (LWP 1840481) exited]
[Thread 0x7003d9534640 (LWP 1840480) exited]
[Thread 0x7003d9d35640 (LWP 1840479) exited]
[Thread 0x7003da536640 (LWP 1840478) exited]
[Thread 0x7003dad37640 (LWP 1840477) exited]
[Thread 0x7003db538640 (LWP 1840476) exited]
[Thread 0x7003dbd39640 (LWP 1840475) exited]
[Thread 0x7003dc53a640 (LWP 1840474) exited]
[Thread 0x7003dc5e0a00 (LWP 1840470) exited]
[Thread 0x7003b9a93640 (LWP 1840486) exited]
[New process 1840470]
[Inferior 1 (process 1840470) exited normally]
(gdb) (gdb) No stack.
