Attaching to process 1839180
[New LWP 1839184]
[New LWP 1839185]
[New LWP 1839186]
[New LWP 1839187]
[New LWP 1839188]
[New LWP 1839189]
[New LWP 1839190]
[New LWP 1839191]
[New LWP 1839192]
[New LWP 1839193]
[New LWP 1839194]
[New LWP 1839195]
[New LWP 1839196]
[New LWP 1839197]
[New LWP 1839198]
[New LWP 1839199]
[New LWP 1839200]
[New LWP 1839201]
[New LWP 1839202]
[New LWP 1839203]
[New LWP 1839204]
[New LWP 1839205]
[Thread debugging using libthread_db enabled]
Using host libthread_db library "/lib/x86_64-linux-gnu/libthread_db.so.1".
0x000070400e2987f8 in __GI___clock_nanosleep (clock_id=clock_id@entry=0, flags=flags@entry=0, req=req@entry=0x7ffc2b2f2900, rem=rem@entry=0x7ffc2b2f2900) at ../sysdeps/unix/sysv/linux/clock_nanosleep.c:78
78	../sysdeps/unix/sysv/linux/clock_nanosleep.c: No such file or directory.
(gdb) (gdb) Continuing.
[Thread 0x703fded19640 (LWP 1839202) exited]
[Thread 0x703fde518640 (LWP 1839203) exited]
[Thread 0x703fdd353640 (LWP 1839205) exited]
[Thread 0x703fddd17640 (LWP 1839204) exited]
[Thread 0x703fe3ff7640 (LWP 1839201) exited]
[Thread 0x703fe47f8640 (LWP 1839200) exited]
[Thread 0x703fe4ff9640 (LWP 1839199) exited]
[Thread 0x703fe57fa640 (LWP 1839198) exited]
[Thread 0x703fe5ffb640 (LWP 1839197) exited]
[Thread 0x703fe67fc640 (LWP 1839196) exited]
[Thread 0x703fe6ffd640 (LWP 1839195) exited]
[Thread 0x703fe77fe640 (LWP 1839194) exited]
[Thread 0x703fe7fff640 (LWP 1839193) exited]
[Thread 0x7040057fa640 (LWP 1839191) exited]
[Thread 0x704005ffb640 (LWP 1839190) exited]
[Thread 0x7040067fc640 (LWP 1839189) exited]
[Thread 0x704006ffd640 (LWP 1839188) exited]
[Thread 0x7040077fe640 (LWP 1839187) exited]
[Thread 0x70400cd17640 (LWP 1839186) exited]
[Thread 0x704007fff640 (LWP 1839185) exited]
[Thread 0x70400d518640 (LWP 1839184) exited]
[Thread 0x70400d5bea00 (LWP 1839180) exited]
[Thread 0x704004a91640 (LWP 1839192) exited]
[New process 1839180]
[Inferior 1 (process 1839180) exited normally]
(gdb) No stack.
(gdb) 