Attaching to process 1839791
[New LWP 1839795]
[New LWP 1839796]
[New LWP 1839797]
[New LWP 1839798]
[New LWP 1839799]
[New LWP 1839800]
[New LWP 1839801]
[New LWP 1839802]
[New LWP 1839803]
[New LWP 1839804]
[New LWP 1839805]
[New LWP 1839806]
[New LWP 1839807]
[New LWP 1839808]
[New LWP 1839809]
[New LWP 1839810]
[New LWP 1839811]
[New LWP 1839812]
[New LWP 1839813]
[New LWP 1839814]
[New LWP 1839815]
[New LWP 1839816]
[Thread debugging using libthread_db enabled]
Using host libthread_db library "/lib/x86_64-linux-gnu/libthread_db.so.1".
0x00007d545f7897f8 in __GI___clock_nanosleep (clock_id=clock_id@entry=0, flags=flags@entry=0, req=req@entry=0x7ffc6cad2820, rem=rem@entry=0x7ffc6cad2820) at ../sysdeps/unix/sysv/linux/clock_nanosleep.c:78
78	../sysdeps/unix/sysv/linux/clock_nanosleep.c: No such file or directory.
(gdb) (gdb) Continuing.
[Thread 0x7d5430222640 (LWP 1839813) exited]
[Thread 0x7d542fa21640 (LWP 1839814) exited]
[Thread 0x7d542e85c640 (LWP 1839816) exited]
[Thread 0x7d542f220640 (LWP 1839815) exited]
[Thread 0x7d5435474640 (LWP 1839812) exited]
[Thread 0x7d5435c75640 (LWP 1839811) exited]
[Thread 0x7d5436476640 (LWP 1839810) exited]
[Thread 0x7d5436c77640 (LWP 1839809) exited]
[Thread 0x7d5437478640 (LWP 1839808) exited]
[Thread 0x7d5437c79640 (LWP 1839807) exited]
[Thread 0x7d5455292640 (LWP 1839805) exited]
[Thread 0x7d5455a93640 (LWP 1839804) exited]
[Thread 0x7d5456294640 (LWP 1839803) exited]
[Thread 0x7d5456ffd640 (LWP 1839802) exited]
[Thread 0x7d54577fe640 (LWP 1839801) exited]
[Thread 0x7d545ca05640 (LWP 1839800) exited]
[Thread 0x7d545d206640 (LWP 1839799) exited]
[Thread 0x7d545da07640 (LWP 1839798) exited]
[Thread 0x7d545e208640 (LWP 1839797) exited]
[Thread 0x7d5457fff640 (LWP 1839796) exited]
[Thread 0x7d545ea09640 (LWP 1839795) exited]
[Thread 0x7d545eaafa00 (LWP 1839791) exited]
[Thread 0x7d5454a91640 (LWP 1839806) exited]
[New process 1839791]
[Inferior 1 (process 1839791) exited normally]
(gdb) No stack.
(gdb) 