Attaching to process 1839858
[New LWP 1839862]
[New LWP 1839863]
[New LWP 1839864]
[New LWP 1839865]
[New LWP 1839866]
[New LWP 1839867]
[New LWP 1839868]
[New LWP 1839869]
[New LWP 1839871]
[New LWP 1839872]
[New LWP 1839873]
[New LWP 1839874]
[New LWP 1839875]
[New LWP 1839876]
[New LWP 1839877]
[New LWP 1839878]
[New LWP 1839879]
[New LWP 1839880]
[New LWP 1839881]
[New LWP 1839882]
[New LWP 1839883]
[New LWP 1839884]
[Thread debugging using libthread_db enabled]
Using host libthread_db library "/lib/x86_64-linux-gnu/libthread_db.so.1".
0x00007ce35234f7f8 in __GI___clock_nanosleep (clock_id=clock_id@entry=0, flags=flags@entry=0, req=req@entry=0x7ffe4b5415e0, rem=rem@entry=0x7ffe4b5415e0) at ../sysdeps/unix/sysv/linux/clock_nanosleep.c:78
78	../sysdeps/unix/sysv/linux/clock_nanosleep.c: No such file or directory.
(gdb) (gdb) Continuing.
[Thread 0x7ce322deb640 (LWP 1839881) exited]
[Thread 0x7ce3225ea640 (LWP 1839882) exited]
[Thread 0x7ce321425640 (LWP 1839884) exited]
[Thread 0x7ce321de9640 (LWP 1839883) exited]
[Thread 0x7ce327ff7640 (LWP 1839880) exited]
[Thread 0x7ce3287f8640 (LWP 1839879) exited]
[Thread 0x7ce328ff9640 (LWP 1839878) exited]
[Thread 0x7ce3297fa640 (LWP 1839877) exited]
[Thread 0x7ce329ffb640 (LWP 1839876) exited]
[Thread 0x7ce32a7fc640 (LWP 1839875) exited]
[Thread 0x7ce32affd640 (LWP 1839874) exited]
[Thread 0x7ce32b7fe640 (LWP 1839873) exited]
[Thread 0x7ce32bfff640 (LWP 1839872) exited]
[Thread 0x7ce348a91640 (LWP 1839871) exited]
[Thread 0x7ce3497fa640 (LWP 1839869) exited]
[Thread 0x7ce349ffb640 (LWP 1839868) exited]
[Thread 0x7ce34a7fc640 (LWP 1839867) exited]
[Thread 0x7ce34affd640 (LWP 1839866) exited]
[Thread 0x7ce34b7fe640 (LWP 1839865) exited]
[Thread 0x7ce34bfff640 (LWP 1839864) exited]
[Thread 0x7ce350dce640 (LWP 1839863) exited]
[Thread 0x7ce3515cf640 (LWP 1839862) exited]
[Inferior 1 (process 1839858) exited normally]
No stack.
(gdb) (gdb) 