Attaching to process 99099
[New LWP 99103]
[New LWP 99104]
[New LWP 99105]
[New LWP 99106]
[New LWP 99107]
[New LWP 99108]
[New LWP 99109]
[New LWP 99110]
[New LWP 99111]
[New LWP 99112]
[New LWP 99113]
[New LWP 99114]
[New LWP 99115]
[New LWP 99116]
[New LWP 99117]
[New LWP 99118]
[New LWP 99119]
[New LWP 99120]
[New LWP 99158]
[New LWP 99159]
[New LWP 99160]
[New LWP 99161]
[Thread debugging using libthread_db enabled]
Using host libthread_db library "/lib/x86_64-linux-gnu/libthread_db.so.1".
0x000075796cf597f8 in __GI___clock_nanosleep (clock_id=clock_id@entry=0, flags=flags@entry=0, req=req@entry=0x7ffe56d36920, rem=rem@entry=0x7ffe56d36920) at ../sysdeps/unix/sysv/linux/clock_nanosleep.c:78
78	../sysdeps/unix/sysv/linux/clock_nanosleep.c: No such file or directory.
(gdb) (gdb) Continuing.
[Thread 0x75793d9e4640 (LWP 99158) exited]
[Thread 0x75793d1e3640 (LWP 99159) exited]
[Thread 0x75793c9e2640 (LWP 99160) exited]
[Thread 0x757937fff640 (LWP 99161) exited]
[Thread 0x7579427fc640 (LWP 99120) exited]
[Thread 0x757942ffd640 (LWP 99119) exited]
[Thread 0x7579437fe640 (LWP 99118) exited]
[Thread 0x757943fff640 (LWP 99117) exited]
[Thread 0x757960c73640 (LWP 99116) exited]
[Thread 0x757961474640 (LWP 99115) exited]
[Thread 0x757961ffb640 (LWP 99114) exited]
[Thread 0x7579627fc640 (LWP 99113) exited]
[Thread 0x7579637fe640 (LWP 99111) exited]
[Thread 0x7579691d3640 (LWP 99110) exited]
[Thread 0x7579699d4640 (LWP 99109) exited]
[Thread 0x75796a1d5640 (LWP 99108) exited]
[Thread 0x75796a9d6640 (LWP 99107) exited]
[Thread 0x75796b1d7640 (LWP 99106) exited]
[Thread 0x75796b9d8640 (LWP 99105) exited]
[Thread 0x757963fff640 (LWP 99104) exited]
[Thread 0x75796c1d9640 (LWP 99103) exited]
[Thread 0x75796c27fa00 (LWP 99099) exited]
[Thread 0x757962ffd640 (LWP 99112) exited]
[New process 99099]
[Inferior 1 (process 99099) exited normally]
(gdb) No stack.
(gdb) 