Attaching to process 99713
[New LWP 99717]
[New LWP 99718]
[New LWP 99719]
[New LWP 99720]
[New LWP 99721]
[New LWP 99722]
[New LWP 99723]
[New LWP 99724]
[New LWP 99726]
[New LWP 99727]
[New LWP 99728]
[New LWP 99729]
[New LWP 99730]
[New LWP 99731]
[New LWP 99732]
[New LWP 99733]
[New LWP 99734]
[New LWP 99735]
[New LWP 99736]
[New LWP 99737]
[New LWP 99738]
[New LWP 99739]
[Thread debugging using libthread_db enabled]
Using host libthread_db library "/lib/x86_64-linux-gnu/libthread_db.so.1".
0x000074917f4047f8 in __GI___clock_nanosleep (clock_id=clock_id@entry=0, flags=flags@entry=0, req=req@entry=0x7ffddeb64b10, rem=rem@entry=0x7ffddeb64b10) at ../sysdeps/unix/sysv/linux/clock_nanosleep.c:78
78	../sysdeps/unix/sysv/linux/clock_nanosleep.c: No such file or directory.
(gdb) (gdb) Continuing.
[Thread 0x74914fe15640 (LWP 99736) exited]
[Thread 0x74914f614640 (LWP 99737) exited]
[Thread 0x74914e44f640 (LWP 99739) exited]
[Thread 0x74914ee13640 (LWP 99738) exited]
[Thread 0x74916cff9640 (LWP 99735) exited]
[Thread 0x74916d7fa640 (LWP 99734) exited]
[Thread 0x74916e7fc640 (LWP 99732) exited]
[Thread 0x74916effd640 (LWP 99731) exited]
[Thread 0x74916f7fe640 (LWP 99730) exited]
[Thread 0x74916ffff640 (LWP 99729) exited]
[Thread 0x749174a91640 (LWP 99728) exited]
[Thread 0x749175292640 (LWP 99727) exited]
[Thread 0x749175a93640 (LWP 99726) exited]
[Thread 0x7491767fc640 (LWP 99724) exited]
[Thread 0x749176ffd640 (LWP 99723) exited]
[Thread 0x7491777fe640 (LWP 99722) exited]
[Thread 0x74917ce81640 (LWP 99721) exited]
[Thread 0x74917d682640 (LWP 99720) exited]
[Thread 0x74917de83640 (LWP 99719) exited]
[Thread 0x749177fff640 (LWP 99718) exited]
[Thread 0x74917e684640 (LWP 99717) exited]
[Thread 0x74917e72aa00 (LWP 99713) exited]
[Thread 0x74916dffb640 (LWP 99733) exited]
[New process 99713]
[Inferior 1 (process 99713) exited normally]
(gdb) No stack.
(gdb) 