Attaching to process 99593
[New LWP 99626]
[New LWP 99627]
[New LWP 99628]
[New LWP 99629]
[New LWP 99630]
[New LWP 99631]
[New LWP 99632]
[New LWP 99633]
[New LWP 99657]
[New LWP 99658]
[New LWP 99659]
[New LWP 99660]
[New LWP 99661]
[New LWP 99662]
[New LWP 99663]
[New LWP 99664]
[New LWP 99665]
[New LWP 99666]
[New LWP 99678]
[New LWP 99679]
[New LWP 99680]
[New LWP 99681]
78	../sysdeps/unix/sysv/linux/clock_nanosleep.c: No such file or directory.
[Thread debugging using libthread_db enabled]
Using host libthread_db library "/lib/x86_64-linux-gnu/libthread_db.so.1".
0x00007475e02d47f8 in __GI___clock_nanosleep (clock_id=clock_id@entry=0, flags=flags@entry=0, req=req@entry=0x7ffcb8bd5160, rem=rem@entry=0x7ffcb8bd5160) at ../sysdeps/unix/sysv/linux/clock_nanosleep.c:78
(gdb) (gdb) Continuing.
[Thread 0x7475b0d68640 (LWP 99678) exited]
[Thread 0x7475abfff640 (LWP 99679) exited]
[Thread 0x7475aaffd640 (LWP 99681) exited]
[Thread 0x7475ab7fe640 (LWP 99680) exited]
[Thread 0x7475b57fa640 (LWP 99666) exited]
[Thread 0x7475b5ffb640 (LWP 99665) exited]
[Thread 0x7475b67fc640 (LWP 99664) exited]
[Thread 0x7475b6ffd640 (LWP 99663) exited]
[Thread 0x7475b77fe640 (LWP 99662) exited]
[Thread 0x7475b7fff640 (LWP 99661) exited]
[Thread 0x7475d4bfc640 (LWP 99660) exited]
[Thread 0x7475d53fd640 (LWP 99659) exited]
[Thread 0x7475d5bfe640 (LWP 99658) exited]
[Thread 0x7475d7296640 (LWP 99657) exited]
[Thread 0x7475dcd4f640 (LWP 99632) exited]
[Thread 0x7475dd550640 (LWP 99631) exited]
[Thread 0x7475ddd51640 (LWP 99630) exited]
[Thread 0x7475de552640 (LWP 99629) exited]
[Thread 0x7475d63ff640 (LWP 99628) exited]
[Thread 0x7475ded53640 (LWP 99627) exited]
[Thread 0x7475df554640 (LWP 99626) exited]
[Thread 0x7475df5faa00 (LWP 99593) exited]
[Thread 0x7475d7fff640 (LWP 99633) exited]
[New process 99593]
[Inferior 1 (process 99593) exited normally]
(gdb) No stack.
(gdb) 