Attaching to process 1925878
[New LWP 1925882]
[New LWP 1925883]
[New LWP 1925884]
[New LWP 1925885]
[New LWP 1925886]
[New LWP 1925887]
[New LWP 1925888]
[New LWP 1925889]
[New LWP 1925890]
[New LWP 1925891]
[New LWP 1925892]
[New LWP 1925893]
[New LWP 1925894]
[New LWP 1925895]
[New LWP 1925896]
[New LWP 1925897]
[New LWP 1925898]
[New LWP 1925899]
[New LWP 1925900]
[New LWP 1925901]
[New LWP 1925902]
[New LWP 1925903]
[Thread debugging using libthread_db enabled]
Using host libthread_db library "/lib/x86_64-linux-gnu/libthread_db.so.1".
0x000070016510b7f8 in __GI___clock_nanosleep (clock_id=clock_id@entry=0, flags=flags@entry=0, req=req@entry=0x7fffdc10e3d0, rem=rem@entry=0x7fffdc10e3d0) at ../sysdeps/unix/sysv/linux/clock_nanosleep.c:78
78	../sysdeps/unix/sysv/linux/clock_nanosleep.c: No such file or directory.
(gdb) (gdb) Continuing.
[Thread 0x700135bc6640 (LWP 1925900) exited]
[Thread 0x70012ffff640 (LWP 1925901) exited]
[Thread 0x700134b9c640 (LWP 1925903) exited]
[Thread 0x7001353c5640 (LWP 1925902) exited]
[Thread 0x70013a7fc640 (LWP 1925899) exited]
[Thread 0x70013affd640 (LWP 1925898) exited]
[Thread 0x70013b7fe640 (LWP 1925897) exited]
[Thread 0x70013bfff640 (LWP 1925896) exited]
[Thread 0x700140f0c640 (LWP 1925895) exited]
[Thread 0x70014170d640 (LWP 1925894) exited]
[Thread 0x700142a95640 (LWP 1925892) exited]
[Thread 0x700143296640 (LWP 1925891) exited]
[Thread 0x700143a97640 (LWP 1925890) exited]
[Thread 0x700160b84640 (LWP 1925889) exited]
[Thread 0x700161385640 (LWP 1925888) exited]
[Thread 0x700161b86640 (LWP 1925887) exited]
[Thread 0x700162387640 (LWP 1925886) exited]
[Thread 0x700162b88640 (LWP 1925885) exited]
[Thread 0x700163389640 (LWP 1925884) exited]
[Thread 0x700163b8a640 (LWP 1925883) exited]
[Thread 0x70016438b640 (LWP 1925882) exited]
[Thread 0x700164431a00 (LWP 1925878) exited]
[Thread 0x700142294640 (LWP 1925893) exited]
[New process 1925878]
[Inferior 1 (process 1925878) exited normally]
(gdb) (gdb) No stack.
