Attaching to process 1838433
[New LWP 1838437]
[New LWP 1838438]
[New LWP 1838439]
[New LWP 1838440]
[New LWP 1838441]
[New LWP 1838442]
[New LWP 1838443]
[New LWP 1838444]
[New LWP 1838445]
[New LWP 1838446]
[New LWP 1838447]
[New LWP 1838448]
[New LWP 1838449]
[New LWP 1838450]
[New LWP 1838451]
[New LWP 1838452]
[New LWP 1838453]
[New LWP 1838454]
[New LWP 1838455]
[New LWP 1838456]
[New LWP 1838457]
[New LWP 1838458]
[Thread debugging using libthread_db enabled]
Using host libthread_db library "/lib/x86_64-linux-gnu/libthread_db.so.1".
0x000075a5202177f8 in __GI___clock_nanosleep (clock_id=clock_id@entry=0, flags=flags@entry=0, req=req@entry=0x7ffedd649d60, rem=rem@entry=0x7ffedd649d60) at ../sysdeps/unix/sysv/linux/clock_nanosleep.c:78
78	../sysdeps/unix/sysv/linux/clock_nanosleep.c: No such file or directory.
(gdb) (gdb) Continuing.
[Thread 0x75a4f0cc7640 (LWP 1838455) exited]
[Thread 0x75a4ebfff640 (LWP 1838456) exited]
[Thread 0x75a4eaffd640 (LWP 1838458) exited]
[Thread 0x75a4eb7fe640 (LWP 1838457) exited]
[Thread 0x75a4f97fa640 (LWP 1838454) exited]
[Thread 0x75a4f9ffb640 (LWP 1838453) exited]
[Thread 0x75a4fa7fc640 (LWP 1838452) exited]
[Thread 0x75a4faffd640 (LWP 1838451) exited]
[Thread 0x75a4fb7fe640 (LWP 1838450) exited]
[Thread 0x75a4fbfff640 (LWP 1838449) exited]
[Thread 0x75a505292640 (LWP 1838448) exited]
[Thread 0x75a505a93640 (LWP 1838447) exited]
[Thread 0x75a506294640 (LWP 1838446) exited]
[Thread 0x75a506a95640 (LWP 1838445) exited]
[Thread 0x75a5077fe640 (LWP 1838444) exited]
[Thread 0x75a507fff640 (LWP 1838443) exited]
[Thread 0x75a51cc92640 (LWP 1838442) exited]
[Thread 0x75a51d493640 (LWP 1838441) exited]
[Thread 0x75a51e495640 (LWP 1838439) exited]
[Thread 0x75a51ec96640 (LWP 1838438) exited]
[Thread 0x75a51f497640 (LWP 1838437) exited]
[Thread 0x75a51f53da00 (LWP 1838433) exited]
[Thread 0x75a51dc94640 (LWP 1838440) exited]
[New process 1838433]
[Inferior 1 (process 1838433) exited normally]
(gdb) (gdb) No stack.
