Attaching to process 1546211
[New LWP 1546215]
[New LWP 1546216]
[New LWP 1546217]
[New LWP 1546218]
[New LWP 1546219]
[New LWP 1546220]
[New LWP 1546221]
[New LWP 1546222]
[New LWP 1546224]
[New LWP 1546225]
[New LWP 1546226]
[New LWP 1546227]
[New LWP 1546228]
[New LWP 1546229]
[New LWP 1546230]
[New LWP 1546231]
[New LWP 1546232]
[New LWP 1546233]
[New LWP 1546234]
[New LWP 1546235]
[New LWP 1546236]
[New LWP 1546237]
78	../sysdeps/unix/sysv/linux/clock_nanosleep.c: No such file or directory.
[Thread debugging using libthread_db enabled]
Using host libthread_db library "/lib/x86_64-linux-gnu/libthread_db.so.1".
0x00007fb6c70d87f8 in __GI___clock_nanosleep (clock_id=clock_id@entry=0, flags=flags@entry=0, req=req@entry=0x7ffe2c906f40, rem=rem@entry=0x7ffe2c906f40) at ../sysdeps/unix/sysv/linux/clock_nanosleep.c:78
(gdb) (gdb) Continuing.
[Thread 0x7fb697b3d640 (LWP 1546234) exited]
[Thread 0x7fb69733c640 (LWP 1546235) exited]
[Thread 0x7fb696177640 (LWP 1546237) exited]
[Thread 0x7fb696b3b640 (LWP 1546236) exited]
[Thread 0x7fb6acc73640 (LWP 1546233) exited]
[Thread 0x7fb6ad474640 (LWP 1546232) exited]
[Thread 0x7fb6adc75640 (LWP 1546231) exited]
[Thread 0x7fb6ae476640 (LWP 1546230) exited]
[Thread 0x7fb6aec77640 (LWP 1546229) exited]
[Thread 0x7fb6af478640 (LWP 1546228) exited]
[Thread 0x7fb6b4a91640 (LWP 1546227) exited]
[Thread 0x7fb6b5292640 (LWP 1546226) exited]
[Thread 0x7fb6b5a93640 (LWP 1546225) exited]
[Thread 0x7fb6b6294640 (LWP 1546224) exited]
[Thread 0x7fb6b6ffd640 (LWP 1546222) exited]
[Thread 0x7fb6b77fe640 (LWP 1546221) exited]
[Thread 0x7fb6b7fff640 (LWP 1546220) exited]
[Thread 0x7fb6affff640 (LWP 1546219) exited]
[Thread 0x7fb6c4b55640 (LWP 1546218) exited]
[Thread 0x7fb6c5356640 (LWP 1546217) exited]
[Thread 0x7fb6c6358640 (LWP 1546215) exited]
[Thread 0x7fb6c63fea00 (LWP 1546211) exited]
[Thread 0x7fb6c5b57640 (LWP 1546216) exited]
[New process 1546211]
[Inferior 1 (process 1546211) exited normally]
(gdb) (gdb) No stack.
