Attaching to process 1545597
[New LWP 1545601]
[New LWP 1545602]
[New LWP 1545603]
[New LWP 1545604]
[New LWP 1545605]
[New LWP 1545606]
[New LWP 1545607]
[New LWP 1545608]
[New LWP 1545609]
[New LWP 1545610]
[New LWP 1545611]
[New LWP 1545612]
[New LWP 1545613]
[New LWP 1545614]
[New LWP 1545615]
[New LWP 1545616]
[New LWP 1545617]
[New LWP 1545618]
[New LWP 1545619]
[New LWP 1545620]
[New LWP 1545621]
[New LWP 1545622]
[Thread debugging using libthread_db enabled]
Using host libthread_db library "/lib/x86_64-linux-gnu/libthread_db.so.1".
0x0000715725a8e7f8 in __GI___clock_nanosleep (clock_id=clock_id@entry=0, flags=flags@entry=0, req=req@entry=0x7ffc4dc15400, rem=rem@entry=0x7ffc4dc15400) at ../sysdeps/unix/sysv/linux/clock_nanosleep.c:78
78	../sysdeps/unix/sysv/linux/clock_nanosleep.c: No such file or directory.
(gdb) (gdb) Continuing.
[Thread 0x7156f6518640 (LWP 1545619) exited]
[Thread 0x7156f5d17640 (LWP 1545620) exited]
[Thread 0x7156f4b52640 (LWP 1545622) exited]
[Thread 0x7156f5516640 (LWP 1545621) exited]
[Thread 0x7156fb7f6640 (LWP 1545618) exited]
[Thread 0x7156fbff7640 (LWP 1545617) exited]
[Thread 0x7156fc7f8640 (LWP 1545616) exited]
[Thread 0x7156fcff9640 (LWP 1545615) exited]
[Thread 0x7156fd7fa640 (LWP 1545614) exited]
[Thread 0x7156fdffb640 (LWP 1545613) exited]
[Thread 0x7156fe7fc640 (LWP 1545612) exited]
[Thread 0x7156feffd640 (LWP 1545611) exited]
[Thread 0x7156ff7fe640 (LWP 1545610) exited]
[Thread 0x71571cff9640 (LWP 1545608) exited]
[Thread 0x71571d7fa640 (LWP 1545607) exited]
[Thread 0x71571dffb640 (LWP 1545606) exited]
[Thread 0x71571e7fc640 (LWP 1545605) exited]
[Thread 0x71571effd640 (LWP 1545604) exited]
[Thread 0x71571f7fe640 (LWP 1545603) exited]
[Thread 0x71571ffff640 (LWP 1545602) exited]
[Thread 0x715724d0e640 (LWP 1545601) exited]
[Thread 0x715724db4a00 (LWP 1545597) exited]
[Thread 0x7156fffff640 (LWP 1545609) exited]
[New process 1545597]
[Inferior 1 (process 1545597) exited normally]
(gdb) (gdb) No stack.
