Attaching to process 1546091
[New LWP 1546124]
[New LWP 1546125]
[New LWP 1546126]
[New LWP 1546127]
[New LWP 1546128]
[New LWP 1546129]
[New LWP 1546130]
[New LWP 1546131]
[New LWP 1546155]
[New LWP 1546156]
[New LWP 1546157]
[New LWP 1546158]
[New LWP 1546159]
[New LWP 1546160]
[New LWP 1546161]
[New LWP 1546162]
[New LWP 1546163]
[New LWP 1546164]
[New LWP 1546202]
[New LWP 1546203]
[New LWP 1546204]
[New LWP 1546205]
[Thread debugging using libthread_db enabled]
Using host libthread_db library "/lib/x86_64-linux-gnu/libthread_db.so.1".
0x0000761858f7d7f8 in __GI___clock_nanosleep (clock_id=clock_id@entry=0, flags=flags@entry=0, req=req@entry=0x7ffee8e40610, rem=rem@entry=0x7ffee8e40610) at ../sysdeps/unix/sysv/linux/clock_nanosleep.c:78
78	../sysdeps/unix/sysv/linux/clock_nanosleep.c: No such file or directory.
(gdb) (gdb) Continuing.
[Thread 0x761829a2a640 (LWP 1546202) exited]
[Thread 0x761829229640 (LWP 1546203) exited]
[Thread 0x761823fff640 (LWP 1546205) exited]
[Thread 0x761828a28640 (LWP 1546204) exited]
[Thread 0x76182e7fc640 (LWP 1546164) exited]
[Thread 0x76182effd640 (LWP 1546163) exited]
[Thread 0x76182f7fe640 (LWP 1546162) exited]
[Thread 0x76182ffff640 (LWP 1546161) exited]
[Thread 0x76184cc73640 (LWP 1546160) exited]
[Thread 0x76184d474640 (LWP 1546159) exited]
[Thread 0x76184e7fc640 (LWP 1546157) exited]
[Thread 0x76184effd640 (LWP 1546156) exited]
[Thread 0x76184f7fe640 (LWP 1546155) exited]
[Thread 0x7618551f7640 (LWP 1546131) exited]
[Thread 0x7618559f8640 (LWP 1546130) exited]
[Thread 0x7618561f9640 (LWP 1546129) exited]
[Thread 0x7618569fa640 (LWP 1546128) exited]
[Thread 0x7618571fb640 (LWP 1546127) exited]
[Thread 0x7618579fc640 (LWP 1546126) exited]
[Thread 0x76184ffff640 (LWP 1546125) exited]
[Thread 0x7618581fd640 (LWP 1546124) exited]
[Thread 0x7618582a3a00 (LWP 1546091) exited]
[Thread 0x76184dffb640 (LWP 1546158) exited]
[New process 1546091]
[Inferior 1 (process 1546091) exited normally]
(gdb) (gdb) No stack.
