Attaching to process 3199299
[New LWP 3199332]
[New LWP 3199333]
[New LWP 3199334]
[New LWP 3199335]
[New LWP 3199336]
[New LWP 3199337]
[New LWP 3199338]
[New LWP 3199339]
[New LWP 3199363]
[New LWP 3199364]
[New LWP 3199365]
[New LWP 3199366]
[New LWP 3199367]
[New LWP 3199368]
[New LWP 3199369]
[New LWP 3199370]
[New LWP 3199371]
[New LWP 3199372]
[New LWP 3199373]
[New LWP 3199374]
[New LWP 3199375]
[New LWP 3199376]
78	../sysdeps/unix/sysv/linux/clock_nanosleep.c: No such file or directory.
[Thread debugging using libthread_db enabled]
Using host libthread_db library "/lib/x86_64-linux-gnu/libthread_db.so.1".
0x00007cc3a58447f8 in __GI___clock_nanosleep (clock_id=clock_id@entry=0, flags=flags@entry=0, req=req@entry=0x7ffd5ff8ec80, rem=rem@entry=0x7ffd5ff8ec80) at ../sysdeps/unix/sysv/linux/clock_nanosleep.c:78
(gdb) (gdb) Continuing.
[Thread 0x7cc37626e640 (LWP 3199373) exited]
[Thread 0x7cc375a6d640 (LWP 3199374) exited]
[Thread 0x7cc3748a8640 (LWP 3199376) exited]
[Thread 0x7cc37526c640 (LWP 3199375) exited]
[Thread 0x7cc37effd640 (LWP 3199372) exited]
[Thread 0x7cc37f7fe640 (LWP 3199371) exited]
[Thread 0x7cc37ffff640 (LWP 3199370) exited]
[Thread 0x7cc394a74640 (LWP 3199369) exited]
[Thread 0x7cc395275640 (LWP 3199368) exited]
[Thread 0x7cc395a76640 (LWP 3199367) exited]
[Thread 0x7cc396dfe640 (LWP 3199365) exited]
[Thread 0x7cc397fff640 (LWP 3199364) exited]
[Thread 0x7cc39ca91640 (LWP 3199363) exited]
[Thread 0x7cc39d7fa640 (LWP 3199339) exited]
[Thread 0x7cc39dffb640 (LWP 3199338) exited]
[Thread 0x7cc39e7fc640 (LWP 3199337) exited]
[Thread 0x7cc39effd640 (LWP 3199336) exited]
[Thread 0x7cc39f7fe640 (LWP 3199335) exited]
[Thread 0x7cc3975ff640 (LWP 3199334) exited]
[Thread 0x7cc39ffff640 (LWP 3199333) exited]
[Thread 0x7cc3a4ac4640 (LWP 3199332) exited]
[Thread 0x7cc3a4b6aa00 (LWP 3199299) exited]
[Thread 0x7cc3965fd640 (LWP 3199366) exited]
[New process 3199299]
[Inferior 1 (process 3199299) exited normally]
(gdb) No stack.
(gdb) 