Attaching to process 1699423
[New LWP 1699456]
[New LWP 1699457]
[New LWP 1699458]
[New LWP 1699459]
[New LWP 1699460]
[New LWP 1699461]
[New LWP 1699462]
[New LWP 1699463]
[New LWP 1699487]
[New LWP 1699488]
[New LWP 1699489]
[New LWP 1699490]
[New LWP 1699491]
[New LWP 1699492]
[New LWP 1699493]
[New LWP 1699494]
[New LWP 1699495]
[New LWP 1699496]
[New LWP 1699497]
[New LWP 1699498]
[New LWP 1699499]
[New LWP 1699500]
78	../sysdeps/unix/sysv/linux/clock_nanosleep.c: No such file or directory.
[Thread debugging using libthread_db enabled]
Using host libthread_db library "/lib/x86_64-linux-gnu/libthread_db.so.1".
0x000071fa70b237f8 in __GI___clock_nanosleep (clock_id=clock_id@entry=0, flags=flags@entry=0, req=req@entry=0x7ffe282a8e60, rem=rem@entry=0x7ffe282a8e60) at ../sysdeps/unix/sysv/linux/clock_nanosleep.c:78
(gdb) (gdb) Continuing.
[Thread 0x71fa415af640 (LWP 1699497) exited]
[Thread 0x71fa40dae640 (LWP 1699498) exited]
[Thread 0x71fa3b7fe640 (LWP 1699500) exited]
[Thread 0x71fa3bfff640 (LWP 1699499) exited]
[Thread 0x71fa45ffb640 (LWP 1699496) exited]
[Thread 0x71fa467fc640 (LWP 1699495) exited]
[Thread 0x71fa46ffd640 (LWP 1699494) exited]
[Thread 0x71fa477fe640 (LWP 1699493) exited]
[Thread 0x71fa47fff640 (LWP 1699492) exited]
[Thread 0x71fa64bfa640 (LWP 1699491) exited]
[Thread 0x71fa653fb640 (LWP 1699490) exited]
[Thread 0x71fa65bfc640 (LWP 1699489) exited]
[Thread 0x71fa663fd640 (LWP 1699488) exited]
[Thread 0x71fa6cd9d640 (LWP 1699463) exited]
[Thread 0x71fa6d59e640 (LWP 1699462) exited]
[Thread 0x71fa6dd9f640 (LWP 1699461) exited]
[Thread 0x71fa6e5a0640 (LWP 1699460) exited]
[Thread 0x71fa6eda1640 (LWP 1699459) exited]
[Thread 0x71fa6f5a2640 (LWP 1699458) exited]
[Thread 0x71fa673ff640 (LWP 1699457) exited]
[Thread 0x71fa6fda3640 (LWP 1699456) exited]
[Thread 0x71fa6fe49a00 (LWP 1699423) exited]
[Thread 0x71fa66bfe640 (LWP 1699487) exited]
[New process 1699423]
[Inferior 1 (process 1699423) exited normally]
(gdb) (gdb) No stack.
