Attaching to process 1700086
[New LWP 1700090]
[New LWP 1700091]
[New LWP 1700092]
[New LWP 1700093]
[New LWP 1700094]
[New LWP 1700095]
[New LWP 1700096]
[New LWP 1700097]
[New LWP 1700098]
[New LWP 1700099]
[New LWP 1700100]
[New LWP 1700101]
[New LWP 1700102]
[New LWP 1700103]
[New LWP 1700104]
[New LWP 1700105]
[New LWP 1700106]
[New LWP 1700107]
[New LWP 1700108]
[New LWP 1700109]
[New LWP 1700110]
[New LWP 1700111]
78	../sysdeps/unix/sysv/linux/clock_nanosleep.c: No such file or directory.
[Thread debugging using libthread_db enabled]
Using host libthread_db library "/lib/x86_64-linux-gnu/libthread_db.so.1".
0x00007634a41087f8 in __GI___clock_nanosleep (clock_id=clock_id@entry=0, flags=flags@entry=0, req=req@entry=0x7ffe978196d0, rem=rem@entry=0x7ffe978196d0) at ../sysdeps/unix/sysv/linux/clock_nanosleep.c:78
(gdb) (gdb) Continuing.
[Thread 0x763474bc4640 (LWP 1700108) exited]
[Thread 0x76346ffff640 (LWP 1700109) exited]
[Thread 0x76346effd640 (LWP 1700111) exited]
[Thread 0x76346f7fe640 (LWP 1700110) exited]
[Thread 0x7634797fa640 (LWP 1700107) exited]
[Thread 0x763479ffb640 (LWP 1700106) exited]
[Thread 0x76347a7fc640 (LWP 1700105) exited]
[Thread 0x76347affd640 (LWP 1700104) exited]
[Thread 0x76347b7fe640 (LWP 1700103) exited]
[Thread 0x76347bfff640 (LWP 1700102) exited]
[Thread 0x763499292640 (LWP 1700101) exited]
[Thread 0x763499a93640 (LWP 1700100) exited]
[Thread 0x76349a294640 (LWP 1700099) exited]
[Thread 0x76349b7fe640 (LWP 1700097) exited]
[Thread 0x7634a0b83640 (LWP 1700096) exited]
[Thread 0x7634a1384640 (LWP 1700095) exited]
[Thread 0x7634a1b85640 (LWP 1700094) exited]
[Thread 0x7634a2386640 (LWP 1700093) exited]
[Thread 0x7634a2b87640 (LWP 1700092) exited]
[Thread 0x76349bfff640 (LWP 1700091) exited]
[Thread 0x7634a3388640 (LWP 1700090) exited]
[Thread 0x7634a342ea00 (LWP 1700086) exited]
[Thread 0x76349aa95640 (LWP 1700098) exited]
[New process 1700086]
[Inferior 1 (process 1700086) exited normally]
(gdb) (gdb) No stack.
