Attaching to process 49335
[New LWP 49339]
[New LWP 49340]
[New LWP 49341]
[New LWP 49342]
[New LWP 49343]
[New LWP 49344]
[New LWP 49345]
[New LWP 49346]
[New LWP 49347]
[New LWP 49348]
[New LWP 49349]
[New LWP 49350]
[New LWP 49351]
[New LWP 49352]
[New LWP 49353]
[New LWP 49354]
[New LWP 49355]
[New LWP 49356]
[New LWP 49357]
[New LWP 49358]
[New LWP 49359]
[New LWP 49360]
[Thread debugging using libthread_db enabled]
Using host libthread_db library "/lib/x86_64-linux-gnu/libthread_db.so.1".
0x0000743574eba7f8 in __GI___clock_nanosleep (clock_id=clock_id@entry=0, flags=flags@entry=0, req=req@entry=0x7ffcab23fb30, rem=rem@entry=0x7ffcab23fb30) at ../sysdeps/unix/sysv/linux/clock_nanosleep.c:78
78	../sysdeps/unix/sysv/linux/clock_nanosleep.c: No such file or directory.
(gdb) (gdb) Continuing.
[Thread 0x74354593f640 (LWP 49357) exited]
[Thread 0x74354513e640 (LWP 49358) exited]
[Thread 0x74353ffff640 (LWP 49360) exited]
[Thread 0x74354493d640 (LWP 49359) exited]
[Thread 0x743549ffb640 (LWP 49356) exited]
[Thread 0x74354a7fc640 (LWP 49355) exited]
[Thread 0x74354affd640 (LWP 49354) exited]
[Thread 0x74354b7fe640 (LWP 49353) exited]
[Thread 0x74354bfff640 (LWP 49352) exited]
[Thread 0x743568ffa640 (LWP 49351) exited]
[Thread 0x743569ffc640 (LWP 49349) exited]
[Thread 0x74356a7fd640 (LWP 49348) exited]
[Thread 0x74356affe640 (LWP 49347) exited]
[Thread 0x743571134640 (LWP 49346) exited]
[Thread 0x743571935640 (LWP 49345) exited]
[Thread 0x743572136640 (LWP 49344) exited]
[Thread 0x743572937640 (LWP 49343) exited]
[Thread 0x743573138640 (LWP 49342) exited]
[Thread 0x743573939640 (LWP 49341) exited]
[Thread 0x74356b7ff640 (LWP 49340) exited]
[Thread 0x74357413a640 (LWP 49339) exited]
[Thread 0x7435741e0a00 (LWP 49335) exited]
[Thread 0x7435697fb640 (LWP 49350) exited]
[New process 49335]
[Inferior 1 (process 49335) exited normally]
(gdb) (gdb) No stack.
