Attaching to process 171388
[New LWP 171421]
[New LWP 171422]
[New LWP 171423]
[New LWP 171424]
[New LWP 171425]
[New LWP 171426]
[New LWP 171427]
[New LWP 171428]
[New LWP 171452]
[New LWP 171453]
[New LWP 171454]
[New LWP 171455]
[New LWP 171456]
[New LWP 171457]
[New LWP 171458]
[New LWP 171459]
[New LWP 171460]
[New LWP 171461]
[New LWP 171462]
[New LWP 171463]
[New LWP 171464]
[New LWP 171465]
78	../sysdeps/unix/sysv/linux/clock_nanosleep.c: No such file or directory.
[Thread debugging using libthread_db enabled]
Using host libthread_db library "/lib/x86_64-linux-gnu/libthread_db.so.1".
0x00007bf9ca6997f8 in __GI___clock_nanosleep (clock_id=clock_id@entry=0, flags=flags@entry=0, req=req@entry=0x7ffcd6e6f3c0, rem=rem@entry=0x7ffcd6e6f3c0) at ../sysdeps/unix/sysv/linux/clock_nanosleep.c:78
(gdb) (gdb) Continuing.
[Thread 0x7bf99b115640 (LWP 171462) exited]
[Thread 0x7bf993fff640 (LWP 171463) exited]
[Thread 0x7bf99a113640 (LWP 171465) exited]
[Thread 0x7bf99a914640 (LWP 171464) exited]
[Thread 0x7bf99ffff640 (LWP 171461) exited]
[Thread 0x7bf9a4c73640 (LWP 171460) exited]
[Thread 0x7bf9a5474640 (LWP 171459) exited]
[Thread 0x7bf9a5c75640 (LWP 171458) exited]
[Thread 0x7bf9a6476640 (LWP 171457) exited]
[Thread 0x7bf9a6c77640 (LWP 171456) exited]
[Thread 0x7bf9a77fe640 (LWP 171455) exited]
[Thread 0x7bf9a7fff640 (LWP 171454) exited]
[Thread 0x7bf9c4a49640 (LWP 171453) exited]
[Thread 0x7bf9c6112640 (LWP 171428) exited]
[Thread 0x7bf9c6913640 (LWP 171427) exited]
[Thread 0x7bf9c7114640 (LWP 171426) exited]
[Thread 0x7bf9c7915640 (LWP 171425) exited]
[Thread 0x7bf9c8116640 (LWP 171424) exited]
[Thread 0x7bf9c8917640 (LWP 171423) exited]
[Thread 0x7bf9c9118640 (LWP 171422) exited]
[Thread 0x7bf9c9919640 (LWP 171421) exited]
[Thread 0x7bf9c99bfa00 (LWP 171388) exited]
[Thread 0x7bf9c524a640 (LWP 171452) exited]
[New process 171388]
[Inferior 1 (process 171388) exited normally]
(gdb) No stack.
(gdb) 