Attaching to process 1296943
[New LWP 1296947]
[New LWP 1296948]
[New LWP 1296949]
[New LWP 1296950]
[New LWP 1296951]
[New LWP 1296952]
[New LWP 1296953]
[New LWP 1296954]
[New LWP 1296955]
[New LWP 1296956]
[New LWP 1296957]
[New LWP 1296958]
[New LWP 1296959]
[New LWP 1296960]
[New LWP 1296961]
[New LWP 1296962]
[New LWP 1296963]
[New LWP 1296964]
[New LWP 1296965]
[New LWP 1296966]
[New LWP 1296967]
[New LWP 1296968]
78	../sysdeps/unix/sysv/linux/clock_nanosleep.c: No such file or directory.
[Thread debugging using libthread_db enabled]
Using host libthread_db library "/lib/x86_64-linux-gnu/libthread_db.so.1".
0x000076d2715e87f8 in __GI___clock_nanosleep (clock_id=clock_id@entry=0, flags=flags@entry=0, req=req@entry=0x7fffc8280df0, rem=rem@entry=0x7fffc8280df0) at ../sysdeps/unix/sysv/linux/clock_nanosleep.c:78
(gdb) (gdb) Continuing.
[Thread 0x76d242086640 (LWP 1296965) exited]
[Thread 0x76d2397ff640 (LWP 1296966) exited]
[Thread 0x76d240ec1640 (LWP 1296968) exited]
[Thread 0x76d241885640 (LWP 1296967) exited]
[Thread 0x76d246ffd640 (LWP 1296964) exited]
[Thread 0x76d2477fe640 (LWP 1296963) exited]
[Thread 0x76d247fff640 (LWP 1296962) exited]
[Thread 0x76d264c73640 (LWP 1296961) exited]
[Thread 0x76d265474640 (LWP 1296960) exited]
[Thread 0x76d265c75640 (LWP 1296959) exited]
[Thread 0x76d2667fc640 (LWP 1296958) exited]
[Thread 0x76d266ffd640 (LWP 1296957) exited]
[Thread 0x76d2677fe640 (LWP 1296956) exited]
[Thread 0x76d26c99a640 (LWP 1296955) exited]
[Thread 0x76d26d862640 (LWP 1296954) exited]
[Thread 0x76d26e063640 (LWP 1296953) exited]
[Thread 0x76d26e864640 (LWP 1296952) exited]
[Thread 0x76d26f065640 (LWP 1296951) exited]
[Thread 0x76d26f866640 (LWP 1296950) exited]
[Thread 0x76d267fff640 (LWP 1296949) exited]
[Thread 0x76d270067640 (LWP 1296948) exited]
[Thread 0x76d270868640 (LWP 1296947) exited]
[Inferior 1 (process 1296943) exited normally]
(gdb) No stack.
(gdb) 