Attaching to process 650818
[New LWP 650822]
[New LWP 650823]
[New LWP 650824]
[New LWP 650825]
[New LWP 650826]
[New LWP 650827]
[New LWP 650828]
[New LWP 650829]
[New LWP 650831]
[New LWP 650832]
[New LWP 650833]
[New LWP 650834]
[New LWP 650835]
[New LWP 650836]
[New LWP 650837]
[New LWP 650838]
[New LWP 650839]
[New LWP 650840]
[New LWP 650841]
[New LWP 650842]
[New LWP 650843]
[New LWP 650844]
[Thread debugging using libthread_db enabled]
Using host libthread_db library "/lib/x86_64-linux-gnu/libthread_db.so.1".
0x000073fab49b47f8 in __GI___clock_nanosleep (clock_id=clock_id@entry=0, flags=flags@entry=0, req=req@entry=0x7ffd7940f3f0, rem=rem@entry=0x7ffd7940f3f0) at ../sysdeps/unix/sysv/linux/clock_nanosleep.c:78
78	../sysdeps/unix/sysv/linux/clock_nanosleep.c: No such file or directory.
(gdb) (gdb) Continuing.
[Thread 0x73fa85451640 (LWP 650841) exited]
[Thread 0x73fa84c50640 (LWP 650842) exited]
[Thread 0x73fa7f7fe640 (LWP 650844) exited]
[Thread 0x73fa7ffff640 (LWP 650843) exited]
[Thread 0x73fa89ffb640 (LWP 650840) exited]
[Thread 0x73fa8a7fc640 (LWP 650839) exited]
[Thread 0x73fa8affd640 (LWP 650838) exited]
[Thread 0x73fa8b7fe640 (LWP 650837) exited]
[Thread 0x73fa8bfff640 (LWP 650836) exited]
[Thread 0x73faa8f0c640 (LWP 650835) exited]
[Thread 0x73faa9a93640 (LWP 650834) exited]
[Thread 0x73faaa294640 (LWP 650833) exited]
[Thread 0x73faaaa95640 (LWP 650832) exited]
[Thread 0x73faab296640 (LWP 650831) exited]
[Thread 0x73fab0c2e640 (LWP 650829) exited]
[Thread 0x73fab142f640 (LWP 650828) exited]
[Thread 0x73fab1c30640 (LWP 650827) exited]
[Thread 0x73fab2431640 (LWP 650826) exited]
[Thread 0x73fab2c32640 (LWP 650825) exited]
[Thread 0x73faabfff640 (LWP 650824) exited]
[Thread 0x73fab3433640 (LWP 650823) exited]
[Thread 0x73fab3c34640 (LWP 650822) exited]
[Inferior 1 (process 650818) exited normally]
(gdb) No stack.
(gdb) 