Attaching to process 651930
[New LWP 651946]
[New LWP 651947]
[New LWP 651948]
[New LWP 651949]
[New LWP 651950]
[New LWP 651951]
[New LWP 651952]
[New LWP 651953]
[New LWP 651994]
[New LWP 651995]
[New LWP 651996]
[New LWP 651997]
[New LWP 651998]
[New LWP 651999]
[New LWP 652000]
[New LWP 652001]
[New LWP 652002]
[New LWP 652003]
[New LWP 652004]
[New LWP 652005]
[New LWP 652006]
[New LWP 652007]
[Thread debugging using libthread_db enabled]
Using host libthread_db library "/lib/x86_64-linux-gnu/libthread_db.so.1".
0x0000727971ace7f8 in __GI___clock_nanosleep (clock_id=clock_id@entry=0, flags=flags@entry=0, req=req@entry=0x7ffd26873d00, rem=rem@entry=0x7ffd26873d00) at ../sysdeps/unix/sysv/linux/clock_nanosleep.c:78
78	../sysdeps/unix/sysv/linux/clock_nanosleep.c: No such file or directory.
(gdb) (gdb) Continuing.
[Thread 0x72794255e640 (LWP 652004) exited]
[Thread 0x727941d5d640 (LWP 652005) exited]
[Thread 0x727940b98640 (LWP 652007) exited]
[Thread 0x72794155c640 (LWP 652006) exited]
[Thread 0x7279477f6640 (LWP 652003) exited]
[Thread 0x727947ff7640 (LWP 652002) exited]
[Thread 0x7279487f8640 (LWP 652001) exited]
[Thread 0x727948ff9640 (LWP 652000) exited]
[Thread 0x7279497fa640 (LWP 651999) exited]
[Thread 0x727949ffb640 (LWP 651998) exited]
[Thread 0x72794affd640 (LWP 651996) exited]
[Thread 0x72794b7fe640 (LWP 651995) exited]
[Thread 0x72794bfff640 (LWP 651994) exited]
[Thread 0x727968ff9640 (LWP 651953) exited]
[Thread 0x7279697fa640 (LWP 651952) exited]
[Thread 0x727969ffb640 (LWP 651951) exited]
[Thread 0x72796a7fc640 (LWP 651950) exited]
[Thread 0x72796affd640 (LWP 651949) exited]
[Thread 0x72796b7fe640 (LWP 651948) exited]
[Thread 0x72796bfff640 (LWP 651947) exited]
[Thread 0x727970d4e640 (LWP 651946) exited]
[Thread 0x727970df4a00 (LWP 651930) exited]
[Thread 0x72794a7fc640 (LWP 651997) exited]
[New process 651930]
[Inferior 1 (process 651930) exited normally]
(gdb) No stack.
(gdb) 