Attaching to process 651313
[New LWP 651330]
[New LWP 651331]
[New LWP 651332]
[New LWP 651333]
[New LWP 651334]
[New LWP 651335]
[New LWP 651336]
[New LWP 651337]
[New LWP 651377]
[New LWP 651378]
[New LWP 651379]
[New LWP 651380]
[New LWP 651381]
[New LWP 651382]
[New LWP 651383]
[New LWP 651384]
[New LWP 651385]
[New LWP 651386]
[New LWP 651387]
[New LWP 651388]
[New LWP 651389]
[New LWP 651390]
[Thread debugging using libthread_db enabled]
Using host libthread_db library "/lib/x86_64-linux-gnu/libthread_db.so.1".
0x000077baf65f77f8 in __GI___clock_nanosleep (clock_id=clock_id@entry=0, flags=flags@entry=0, req=req@entry=0x7ffe763ab3c0, rem=rem@entry=0x7ffe763ab3c0) at ../sysdeps/unix/sysv/linux/clock_nanosleep.c:78
78	../sysdeps/unix/sysv/linux/clock_nanosleep.c: No such file or directory.
(gdb) (gdb) Continuing.
[Thread 0x77bac70a4640 (LWP 651387) exited]
[Thread 0x77bac68a3640 (LWP 651388) exited]
[Thread 0x77bac58a1640 (LWP 651390) exited]
[Thread 0x77bac60a2640 (LWP 651389) exited]
[Thread 0x77bacc472640 (LWP 651386) exited]
[Thread 0x77baccc73640 (LWP 651385) exited]
[Thread 0x77bacd474640 (LWP 651384) exited]
[Thread 0x77bacdc75640 (LWP 651383) exited]
[Thread 0x77bace476640 (LWP 651382) exited]
[Thread 0x77bacec77640 (LWP 651381) exited]
[Thread 0x77bacf7fe640 (LWP 651380) exited]
[Thread 0x77baec932640 (LWP 651378) exited]
[Thread 0x77baed133640 (LWP 651377) exited]
[Thread 0x77baedffb640 (LWP 651337) exited]
[Thread 0x77baee7fc640 (LWP 651336) exited]
[Thread 0x77baeeffd640 (LWP 651335) exited]
[Thread 0x77baef7fe640 (LWP 651334) exited]
[Thread 0x77baeffff640 (LWP 651333) exited]
[Thread 0x77baf4875640 (LWP 651332) exited]
[Thread 0x77baf5076640 (LWP 651331) exited]
[Thread 0x77baf5877640 (LWP 651330) exited]
[Thread 0x77baf591da00 (LWP 651313) exited]
[Thread 0x77bacffff640 (LWP 651379) exited]
[New process 651313]
[Inferior 1 (process 651313) exited normally]
(gdb) No stack.
(gdb) 