Attaching to process 650699
[New LWP 650715]
[New LWP 650716]
[New LWP 650717]
[New LWP 650718]
[New LWP 650719]
[New LWP 650720]
[New LWP 650721]
[New LWP 650722]
[New LWP 650763]
[New LWP 650764]
[New LWP 650765]
[New LWP 650766]
[New LWP 650767]
[New LWP 650768]
[New LWP 650769]
[New LWP 650770]
[New LWP 650771]
[New LWP 650772]
[New LWP 650773]
[New LWP 650774]
[New LWP 650775]
[New LWP 650776]
[Thread debugging using libthread_db enabled]
Using host libthread_db library "/lib/x86_64-linux-gnu/libthread_db.so.1".
0x00007e04520597f8 in __GI___clock_nanosleep (clock_id=clock_id@entry=0, flags=flags@entry=0, req=req@entry=0x7fff3d55dda0, rem=rem@entry=0x7fff3d55dda0) at ../sysdeps/unix/sysv/linux/clock_nanosleep.c:78
78	../sysdeps/unix/sysv/linux/clock_nanosleep.c: No such file or directory.
(gdb) (gdb) Continuing.
[Thread 0x7e0422af1640 (LWP 650773) exited]
[Thread 0x7e04222f0640 (LWP 650774) exited]
[Thread 0x7e042112b640 (LWP 650776) exited]
[Thread 0x7e0421aef640 (LWP 650775) exited]
[Thread 0x7e0427c71640 (LWP 650772) exited]
[Thread 0x7e0428472640 (LWP 650771) exited]
[Thread 0x7e0428c73640 (LWP 650770) exited]
[Thread 0x7e0429474640 (LWP 650769) exited]
[Thread 0x7e0429c75640 (LWP 650768) exited]
[Thread 0x7e042a476640 (LWP 650767) exited]
[Thread 0x7e042affd640 (LWP 650766) exited]
[Thread 0x7e042b7fe640 (LWP 650765) exited]
[Thread 0x7e042bfff640 (LWP 650764) exited]
[Thread 0x7e0448a91640 (LWP 650763) exited]
[Thread 0x7e04497fa640 (LWP 650722) exited]
[Thread 0x7e044a7fc640 (LWP 650720) exited]
[Thread 0x7e044affd640 (LWP 650719) exited]
[Thread 0x7e044b7fe640 (LWP 650718) exited]
[Thread 0x7e0450ad8640 (LWP 650717) exited]
[Thread 0x7e044bfff640 (LWP 650716) exited]
[Thread 0x7e04512d9640 (LWP 650715) exited]
[Thread 0x7e045137fa00 (LWP 650699) exited]
[Thread 0x7e0449ffb640 (LWP 650721) exited]
[New process 650699]
[Inferior 1 (process 650699) exited normally]
(gdb) (gdb) No stack.
