Attaching to process 93580
[New LWP 93584]
[New LWP 93585]
[New LWP 93586]
[New LWP 93587]
[New LWP 93588]
[New LWP 93589]
[New LWP 93590]
[New LWP 93591]
[New LWP 93592]
[New LWP 93593]
[New LWP 93594]
[New LWP 93595]
[New LWP 93596]
[New LWP 93597]
[New LWP 93598]
[New LWP 93599]
[New LWP 93600]
[New LWP 93601]
[New LWP 93602]
[New LWP 93603]
[New LWP 93604]
[New LWP 93605]
78	../sysdeps/unix/sysv/linux/clock_nanosleep.c: No such file or directory.
[Thread debugging using libthread_db enabled]
Using host libthread_db library "/lib/x86_64-linux-gnu/libthread_db.so.1".
0x000073c910ef77f8 in __GI___clock_nanosleep (clock_id=clock_id@entry=0, flags=flags@entry=0, req=req@entry=0x7fff6e9dcb70, rem=rem@entry=0x7fff6e9dcb70) at ../sysdeps/unix/sysv/linux/clock_nanosleep.c:78
(gdb) (gdb) Continuing.
[Thread 0x73c8e199e640 (LWP 93602) exited]
[Thread 0x73c8dbfff640 (LWP 93603) exited]
[Thread 0x73c8e099c640 (LWP 93605) exited]
[Thread 0x73c8e119d640 (LWP 93604) exited]
[Thread 0x73c8e67fc640 (LWP 93601) exited]
[Thread 0x73c8e6ffd640 (LWP 93600) exited]
[Thread 0x73c8e77fe640 (LWP 93599) exited]
[Thread 0x73c8e7fff640 (LWP 93598) exited]
[Thread 0x73c904c73640 (LWP 93597) exited]
[Thread 0x73c905474640 (LWP 93596) exited]
[Thread 0x73c905ffb640 (LWP 93595) exited]
[Thread 0x73c9067fc640 (LWP 93594) exited]
[Thread 0x73c906ffd640 (LWP 93593) exited]
[Thread 0x73c9077fe640 (LWP 93592) exited]
[Thread 0x73c90d171640 (LWP 93591) exited]
[Thread 0x73c90d972640 (LWP 93590) exited]
[Thread 0x73c90e173640 (LWP 93589) exited]
[Thread 0x73c90e974640 (LWP 93588) exited]
[Thread 0x73c90f175640 (LWP 93587) exited]
[Thread 0x73c90f976640 (LWP 93586) exited]
[Thread 0x73c907fff640 (LWP 93585) exited]
[Thread 0x73c910177640 (LWP 93584) exited]
[Inferior 1 (process 93580) exited normally]
(gdb) No stack.
(gdb) 