Attaching to process 94191
[New LWP 94195]
[New LWP 94196]
[New LWP 94197]
[New LWP 94198]
[New LWP 94199]
[New LWP 94200]
[New LWP 94201]
[New LWP 94202]
[New LWP 94203]
[New LWP 94204]
[New LWP 94205]
[New LWP 94206]
[New LWP 94207]
[New LWP 94208]
[New LWP 94209]
[New LWP 94210]
[New LWP 94211]
[New LWP 94212]
[New LWP 94213]
[New LWP 94214]
[New LWP 94215]
[New LWP 94216]
[Thread debugging using libthread_db enabled]
Using host libthread_db library "/lib/x86_64-linux-gnu/libthread_db.so.1".
0x00007233754827f8 in __GI___clock_nanosleep (clock_id=clock_id@entry=0, flags=flags@entry=0, req=req@entry=0x7fff0fd9f2e0, rem=rem@entry=0x7fff0fd9f2e0) at ../sysdeps/unix/sysv/linux/clock_nanosleep.c:78
78	../sysdeps/unix/sysv/linux/clock_nanosleep.c: No such file or directory.
(gdb) (gdb) Continuing.
[Thread 0x723345ee2640 (LWP 94213) exited]
[Thread 0x7233456e1640 (LWP 94214) exited]
[Thread 0x72333ffff640 (LWP 94216) exited]
[Thread 0x723344ee0640 (LWP 94215) exited]
[Thread 0x72334affd640 (LWP 94212) exited]
[Thread 0x72334b7fe640 (LWP 94211) exited]
[Thread 0x72334bfff640 (LWP 94210) exited]
[Thread 0x723368a73640 (LWP 94209) exited]
[Thread 0x723369274640 (LWP 94208) exited]
[Thread 0x723369a75640 (LWP 94207) exited]
[Thread 0x72336a5fc640 (LWP 94206) exited]
[Thread 0x72336adfd640 (LWP 94205) exited]
[Thread 0x72336b5fe640 (LWP 94204) exited]
[Thread 0x723370834640 (LWP 94203) exited]
[Thread 0x7233716fc640 (LWP 94202) exited]
[Thread 0x723371efd640 (LWP 94201) exited]
[Thread 0x7233726fe640 (LWP 94200) exited]
[Thread 0x723372eff640 (LWP 94199) exited]
[Thread 0x723373f01640 (LWP 94197) exited]
[Thread 0x72336bdff640 (LWP 94196) exited]
[Thread 0x723374702640 (LWP 94195) exited]
[Thread 0x7233747a8a00 (LWP 94191) exited]
[Thread 0x723373700640 (LWP 94198) exited]
[New process 94191]
[Inferior 1 (process 94191) exited normally]
(gdb) No stack.
(gdb) 