Attaching to process 853619
[New LWP 853623]
[New LWP 853624]
[New LWP 853625]
[New LWP 853626]
[New LWP 853627]
[New LWP 853628]
[New LWP 853629]
[New LWP 853630]
[New LWP 853632]
[New LWP 853633]
[New LWP 853634]
[New LWP 853635]
[New LWP 853636]
[New LWP 853637]
[New LWP 853638]
[New LWP 853639]
[New LWP 853640]
[New LWP 853641]
[New LWP 853642]
[New LWP 853643]
[New LWP 853644]
[New LWP 853645]
[Thread debugging using libthread_db enabled]
Using host libthread_db library "/lib/x86_64-linux-gnu/libthread_db.so.1".
0x00007df79c6017f8 in __GI___clock_nanosleep (clock_id=clock_id@entry=0, flags=flags@entry=0, req=req@entry=0x7fff43169f50, rem=rem@entry=0x7fff43169f50) at ../sysdeps/unix/sysv/linux/clock_nanosleep.c:78
78	../sysdeps/unix/sysv/linux/clock_nanosleep.c: No such file or directory.
(gdb) (gdb) Continuing.
[Thread 0x7df76d085640 (LWP 853642) exited]
[Thread 0x7df76c884640 (LWP 853643) exited]
[Thread 0x7df76763b640 (LWP 853645) exited]
[Thread 0x7df767fff640 (LWP 853644) exited]
[Thread 0x7df771ffb640 (LWP 853641) exited]
[Thread 0x7df7727fc640 (LWP 853640) exited]
[Thread 0x7df772ffd640 (LWP 853639) exited]
[Thread 0x7df7737fe640 (LWP 853638) exited]
[Thread 0x7df773fff640 (LWP 853637) exited]
[Thread 0x7df790dad640 (LWP 853636) exited]
[Thread 0x7df791934640 (LWP 853635) exited]
[Thread 0x7df792135640 (LWP 853634) exited]
[Thread 0x7df792936640 (LWP 853633) exited]
[Thread 0x7df793137640 (LWP 853632) exited]
[Thread 0x7df79887b640 (LWP 853630) exited]
[Thread 0x7df79907c640 (LWP 853629) exited]
[Thread 0x7df79987d640 (LWP 853628) exited]
[Thread 0x7df79a07e640 (LWP 853627) exited]
[Thread 0x7df79a87f640 (LWP 853626) exited]
[Thread 0x7df79b080640 (LWP 853625) exited]
[Thread 0x7df79b881640 (LWP 853623) exited]
[Thread 0x7df79b927a00 (LWP 853619) exited]
[Thread 0x7df793fff640 (LWP 853624) exited]
[New process 853619]
[Inferior 1 (process 853619) exited normally]
(gdb) No stack.
(gdb) 