Attaching to process 853499
[New LWP 853532]
[New LWP 853533]
[New LWP 853534]
[New LWP 853535]
[New LWP 853536]
[New LWP 853537]
[New LWP 853538]
[New LWP 853539]
[New LWP 853563]
[New LWP 853564]
[New LWP 853565]
[New LWP 853566]
[New LWP 853567]
[New LWP 853568]
[New LWP 853569]
[New LWP 853570]
[New LWP 853571]
[New LWP 853572]
[New LWP 853584]
[New LWP 853585]
[New LWP 853586]
[New LWP 853587]
78	../sysdeps/unix/sysv/linux/clock_nanosleep.c: No such file or directory.
[Thread debugging using libthread_db enabled]
Using host libthread_db library "/lib/x86_64-linux-gnu/libthread_db.so.1".
0x0000755a008097f8 in __GI___clock_nanosleep (clock_id=clock_id@entry=0, flags=flags@entry=0, req=req@entry=0x7ffd70d5cea0, rem=rem@entry=0x7ffd70d5cea0) at ../sysdeps/unix/sysv/linux/clock_nanosleep.c:78
(gdb) (gdb) Continuing.
[Thread 0x7559d12f2640 (LWP 853584) exited]
[Thread 0x7559cbfff640 (LWP 853585) exited]
[Thread 0x7559cb7fe640 (LWP 853587) exited]
[Thread 0x7559d0ac9640 (LWP 853586) exited]
[Thread 0x7559d5ffb640 (LWP 853572) exited]
[Thread 0x7559d67fc640 (LWP 853571) exited]
[Thread 0x7559d6ffd640 (LWP 853570) exited]
[Thread 0x7559d77fe640 (LWP 853569) exited]
[Thread 0x7559d7fff640 (LWP 853568) exited]
[Thread 0x7559dcf0c640 (LWP 853567) exited]
[Thread 0x7559dda93640 (LWP 853566) exited]
[Thread 0x7559de294640 (LWP 853565) exited]
[Thread 0x7559dea95640 (LWP 853564) exited]
[Thread 0x7559dffff640 (LWP 853539) exited]
[Thread 0x7559fca83640 (LWP 853538) exited]
[Thread 0x7559fd284640 (LWP 853537) exited]
[Thread 0x7559fda85640 (LWP 853536) exited]
[Thread 0x7559fe286640 (LWP 853535) exited]
[Thread 0x7559fea87640 (LWP 853534) exited]
[Thread 0x7559ff288640 (LWP 853533) exited]
[Thread 0x7559ffa89640 (LWP 853532) exited]
[Thread 0x7559ffb2fa00 (LWP 853499) exited]
[Thread 0x7559df296640 (LWP 853563) exited]
[New process 853499]
[Inferior 1 (process 853499) exited normally]
(gdb) (gdb) No stack.
