Attaching to process 2704622
[New LWP 2704639]
[New LWP 2704640]
[New LWP 2704641]
[New LWP 2704642]
[New LWP 2704643]
[New LWP 2704648]
[New LWP 2704649]
[New LWP 2704650]
[New LWP 2704686]
[New LWP 2704687]
[New LWP 2704688]
[New LWP 2704689]
[New LWP 2704690]
[New LWP 2704691]
[New LWP 2704692]
[New LWP 2704693]
[New LWP 2704694]
[New LWP 2704695]
[New LWP 2704696]
[New LWP 2704697]
[New LWP 2704698]
[New LWP 2704699]
78	../sysdeps/unix/sysv/linux/clock_nanosleep.c: No such file or directory.
[Thread debugging using libthread_db enabled]
Using host libthread_db library "/lib/x86_64-linux-gnu/libthread_db.so.1".
0x0000747f8ddc37f8 in __GI___clock_nanosleep (clock_id=clock_id@entry=0, flags=flags@entry=0, req=req@entry=0x7ffc2fa6d880, rem=rem@entry=0x7ffc2fa6d880) at ../sysdeps/unix/sysv/linux/clock_nanosleep.c:78
(gdb) (gdb) Continuing.
[Thread 0x747f60e69640 (LWP 2704699) exited]
[Thread 0x747f6182d640 (LWP 2704698) exited]
[Thread 0x747f6202e640 (LWP 2704697) exited]
[Thread 0x747f6282f640 (LWP 2704696) exited]
[Thread 0x747f7affd640 (LWP 2704695) exited]
[Thread 0x747f7b7fe640 (LWP 2704694) exited]
[Thread 0x747f7bfff640 (LWP 2704693) exited]
[Thread 0x747f80ffa640 (LWP 2704692) exited]
[Thread 0x747f817fb640 (LWP 2704691) exited]
[Thread 0x747f81ffc640 (LWP 2704690) exited]
[Thread 0x747f827fd640 (LWP 2704689) exited]
[Thread 0x747f82ffe640 (LWP 2704688) exited]
[Thread 0x747f88974640 (LWP 2704687) exited]
[Thread 0x747f8a03d640 (LWP 2704650) exited]
[Thread 0x747f8a83e640 (LWP 2704649) exited]
[Thread 0x747f8b03f640 (LWP 2704648) exited]
[Thread 0x747f8b840640 (LWP 2704643) exited]
[Thread 0x747f837ff640 (LWP 2704642) exited]
[Thread 0x747f8c041640 (LWP 2704641) exited]
[Thread 0x747f8c842640 (LWP 2704640) exited]
[Thread 0x747f8d043640 (LWP 2704639) exited]
[Thread 0x747f8d0e9a00 (LWP 2704622) exited]
[Thread 0x747f89175640 (LWP 2704686) exited]
[New process 2704622]
[Inferior 1 (process 2704622) exited with code 01]
(gdb) No stack.
(gdb) 