Attaching to process 2704078
[New LWP 2704111]
[New LWP 2704112]
[New LWP 2704113]
[New LWP 2704114]
[New LWP 2704115]
[New LWP 2704116]
[New LWP 2704117]
[New LWP 2704118]
[New LWP 2704142]
[New LWP 2704143]
[New LWP 2704144]
[New LWP 2704145]
[New LWP 2704146]
[New LWP 2704147]
[New LWP 2704148]
[New LWP 2704149]
[New LWP 2704150]
[New LWP 2704151]
[New LWP 2704152]
[New LWP 2704153]
[New LWP 2704154]
[New LWP 2704155]
[Thread debugging using libthread_db enabled]
Using host libthread_db library "/lib/x86_64-linux-gnu/libthread_db.so.1".
0x000078fa620077f8 in __GI___clock_nanosleep (clock_id=clock_id@entry=0, flags=flags@entry=0, req=req@entry=0x7ffd823fabf0, rem=rem@entry=0x7ffd823fabf0) at ../sysdeps/unix/sysv/linux/clock_nanosleep.c:78
78	../sysdeps/unix/sysv/linux/clock_nanosleep.c: No such file or directory.
(gdb) (gdb) Continuing.
[Thread 0x78fa312a8640 (LWP 2704155) exited]
[Thread 0x78fa31aa9640 (LWP 2704154) exited]
[Thread 0x78fa322aa640 (LWP 2704153) exited]
[Thread 0x78fa32aab640 (LWP 2704152) exited]
[Thread 0x78fa37c71640 (LWP 2704151) exited]
[Thread 0x78fa38472640 (LWP 2704150) exited]
[Thread 0x78fa38c73640 (LWP 2704149) exited]
[Thread 0x78fa39474640 (LWP 2704148) exited]
[Thread 0x78fa39c75640 (LWP 2704147) exited]
[Thread 0x78fa3a476640 (LWP 2704146) exited]
[Thread 0x78fa3affd640 (LWP 2704145) exited]
[Thread 0x78fa3b7fe640 (LWP 2704144) exited]
[Thread 0x78fa50a91640 (LWP 2704142) exited]
[Thread 0x78fa517fa640 (LWP 2704118) exited]
[Thread 0x78fa51ffb640 (LWP 2704117) exited]
[Thread 0x78fa527fc640 (LWP 2704116) exited]
[Thread 0x78fa52ffd640 (LWP 2704115) exited]
[Thread 0x78fa537fe640 (LWP 2704114) exited]
[Thread 0x78fa53fff640 (LWP 2704113) exited]
[Thread 0x78fa60a86640 (LWP 2704112) exited]
[Thread 0x78fa61287640 (LWP 2704111) exited]
[Thread 0x78fa6132da00 (LWP 2704078) exited]
[Thread 0x78fa3bfff640 (LWP 2704143) exited]
[New process 2704078]
[Inferior 1 (process 2704078) exited with code 01]
(gdb) No stack.
(gdb) 