Attaching to process 2705166
[New LWP 2705199]
[New LWP 2705200]
[New LWP 2705201]
[New LWP 2705202]
[New LWP 2705203]
[New LWP 2705204]
[New LWP 2705205]
[New LWP 2705206]
[New LWP 2705230]
[New LWP 2705231]
[New LWP 2705232]
[New LWP 2705233]
[New LWP 2705234]
[New LWP 2705235]
[New LWP 2705236]
[New LWP 2705237]
[New LWP 2705238]
[New LWP 2705239]
[New LWP 2705240]
[New LWP 2705241]
[New LWP 2705242]
[New LWP 2705243]
[Thread debugging using libthread_db enabled]
Using host libthread_db library "/lib/x86_64-linux-gnu/libthread_db.so.1".
0x00007697416007f8 in __GI___clock_nanosleep (clock_id=clock_id@entry=0, flags=flags@entry=0, req=req@entry=0x7ffe9f670990, rem=rem@entry=0x7ffe9f670990) at ../sysdeps/unix/sysv/linux/clock_nanosleep.c:78
78	../sysdeps/unix/sysv/linux/clock_nanosleep.c: No such file or directory.
(gdb) (gdb) Continuing.
[Thread 0x76970bfff640 (LWP 2705243) exited]
[Thread 0x769715081640 (LWP 2705242) exited]
[Thread 0x769715882640 (LWP 2705241) exited]
[Thread 0x769716083640 (LWP 2705240) exited]
[Thread 0x76972e7fd640 (LWP 2705239) exited]
[Thread 0x76972effe640 (LWP 2705238) exited]
[Thread 0x769734c73640 (LWP 2705237) exited]
[Thread 0x769735474640 (LWP 2705236) exited]
[Thread 0x769735c75640 (LWP 2705235) exited]
[Thread 0x769736476640 (LWP 2705234) exited]
[Thread 0x769736ffd640 (LWP 2705233) exited]
[Thread 0x7697377fe640 (LWP 2705232) exited]
[Thread 0x76973c9b2640 (LWP 2705230) exited]
[Thread 0x76973d87a640 (LWP 2705206) exited]
[Thread 0x76973e07b640 (LWP 2705205) exited]
[Thread 0x76973e87c640 (LWP 2705204) exited]
[Thread 0x76973f07d640 (LWP 2705203) exited]
[Thread 0x76973f87e640 (LWP 2705202) exited]
[Thread 0x76972f7ff640 (LWP 2705201) exited]
[Thread 0x76974007f640 (LWP 2705200) exited]
[Thread 0x769740880640 (LWP 2705199) exited]
[Thread 0x769740926a00 (LWP 2705166) exited]
[Thread 0x769737fff640 (LWP 2705231) exited]
[New process 2705166]
[Inferior 1 (process 2705166) exited with code 01]
(gdb) (gdb) No stack.
