Attaching to process 2756690
[New LWP 2756707]
[New LWP 2756708]
[New LWP 2756709]
[New LWP 2756710]
[New LWP 2756711]
[New LWP 2756712]
[New LWP 2756713]
[New LWP 2756714]
[New LWP 2756754]
[New LWP 2756755]
[New LWP 2756756]
[New LWP 2756757]
[New LWP 2756758]
[New LWP 2756759]
[New LWP 2756760]
[New LWP 2756761]
[New LWP 2756762]
[New LWP 2756763]
[New LWP 2756764]
[New LWP 2756765]
[New LWP 2756766]
[New LWP 2756767]
[Thread debugging using libthread_db enabled]
Using host libthread_db library "/lib/x86_64-linux-gnu/libthread_db.so.1".
0x00007368cea977f8 in __GI___clock_nanosleep (clock_id=clock_id@entry=0, flags=flags@entry=0, req=req@entry=0x7ffde37beed0, rem=rem@entry=0x7ffde37beed0) at ../sysdeps/unix/sysv/linux/clock_nanosleep.c:78
78	../sysdeps/unix/sysv/linux/clock_nanosleep.c: No such file or directory.
(gdb) (gdb) Continuing.
[Thread 0x73689db61640 (LWP 2756767) exited]
[Thread 0x73689e525640 (LWP 2756766) exited]
[Thread 0x73689ed26640 (LWP 2756765) exited]
[Thread 0x73689f527640 (LWP 2756764) exited]
[Thread 0x7368a3fff640 (LWP 2756763) exited]
[Thread 0x7368c0bf8640 (LWP 2756762) exited]
[Thread 0x7368c13f9640 (LWP 2756761) exited]
[Thread 0x7368c1bfa640 (LWP 2756760) exited]
[Thread 0x7368c23fb640 (LWP 2756759) exited]
[Thread 0x7368c2bfc640 (LWP 2756758) exited]
[Thread 0x7368c3bfe640 (LWP 2756756) exited]
[Thread 0x7368c5292640 (LWP 2756755) exited]
[Thread 0x7368c5a93640 (LWP 2756754) exited]
[Thread 0x7368c67fc640 (LWP 2756714) exited]
[Thread 0x7368c6ffd640 (LWP 2756713) exited]
[Thread 0x7368c77fe640 (LWP 2756712) exited]
[Thread 0x7368c7fff640 (LWP 2756711) exited]
[Thread 0x7368c43ff640 (LWP 2756710) exited]
[Thread 0x7368ccd15640 (LWP 2756709) exited]
[Thread 0x7368cd516640 (LWP 2756708) exited]
[Thread 0x7368cdd17640 (LWP 2756707) exited]
[Thread 0x7368cddbda00 (LWP 2756690) exited]
[Thread 0x7368c33fd640 (LWP 2756757) exited]
[New process 2756690]
[Inferior 1 (process 2756690) exited with code 01]
(gdb) No stack.
(gdb) 