Attaching to process 2756145
[New LWP 2756174]
[New LWP 2756177]
[New LWP 2756178]
[New LWP 2756180]
[New LWP 2756182]
[New LWP 2756183]
[New LWP 2756184]
[New LWP 2756185]
[New LWP 2756209]
[New LWP 2756210]
[New LWP 2756211]
[New LWP 2756212]
[New LWP 2756213]
[New LWP 2756214]
[New LWP 2756215]
[New LWP 2756216]
[New LWP 2756217]
[New LWP 2756218]
[New LWP 2756219]
[New LWP 2756220]
[New LWP 2756221]
[New LWP 2756222]
[Thread debugging using libthread_db enabled]
Using host libthread_db library "/lib/x86_64-linux-gnu/libthread_db.so.1".
0x000073d471b717f8 in __GI___clock_nanosleep (clock_id=clock_id@entry=0, flags=flags@entry=0, req=req@entry=0x7ffc48887540, rem=rem@entry=0x7ffc48887540) at ../sysdeps/unix/sysv/linux/clock_nanosleep.c:78
78	../sysdeps/unix/sysv/linux/clock_nanosleep.c: No such file or directory.
(gdb) (gdb) Continuing.
[Thread 0x73d44152a640 (LWP 2756222) exited]
[Thread 0x73d441d2b640 (LWP 2756221) exited]
[Thread 0x73d43dd2b640 (LWP 2756220) exited]
[Thread 0x73d44252c640 (LWP 2756219) exited]
[Thread 0x73d44affd640 (LWP 2756218) exited]
[Thread 0x73d44b7fe640 (LWP 2756217) exited]
[Thread 0x73d44bfff640 (LWP 2756216) exited]
[Thread 0x73d460dfb640 (LWP 2756215) exited]
[Thread 0x73d4615fc640 (LWP 2756214) exited]
[Thread 0x73d461dfd640 (LWP 2756213) exited]
[Thread 0x73d4625fe640 (LWP 2756212) exited]
[Thread 0x73d4637fe640 (LWP 2756211) exited]
[Thread 0x73d463fff640 (LWP 2756210) exited]
[Thread 0x73d468a91640 (LWP 2756209) exited]
[Thread 0x73d4697fa640 (LWP 2756185) exited]
[Thread 0x73d469ffb640 (LWP 2756184) exited]
[Thread 0x73d46a7fc640 (LWP 2756183) exited]
[Thread 0x73d46affd640 (LWP 2756182) exited]
[Thread 0x73d462dff640 (LWP 2756180) exited]
[Thread 0x73d46b7fe640 (LWP 2756178) exited]
[Thread 0x73d470df1640 (LWP 2756174) exited]
[Thread 0x73d470e97a00 (LWP 2756145) exited]
[Thread 0x73d46bfff640 (LWP 2756177) exited]
[New process 2756145]
[Inferior 1 (process 2756145) exited with code 01]
(gdb) No stack.
(gdb) 