Attaching to process 2757234
[New LWP 2757267]
[New LWP 2757268]
[New LWP 2757269]
[New LWP 2757270]
[New LWP 2757271]
[New LWP 2757272]
[New LWP 2757273]
[New LWP 2757274]
[New LWP 2757298]
[New LWP 2757299]
[New LWP 2757300]
[New LWP 2757301]
[New LWP 2757302]
[New LWP 2757303]
[New LWP 2757304]
[New LWP 2757305]
[New LWP 2757306]
[New LWP 2757307]
[New LWP 2757308]
[New LWP 2757309]
[New LWP 2757310]
[New LWP 2757311]
[Thread debugging using libthread_db enabled]
Using host libthread_db library "/lib/x86_64-linux-gnu/libthread_db.so.1".
0x000079393293b7f8 in __GI___clock_nanosleep (clock_id=clock_id@entry=0, flags=flags@entry=0, req=req@entry=0x7ffd5797bae0, rem=rem@entry=0x7ffd5797bae0) at ../sysdeps/unix/sysv/linux/clock_nanosleep.c:78
78	../sysdeps/unix/sysv/linux/clock_nanosleep.c: No such file or directory.
(gdb) (gdb) Continuing.
[Thread 0x7939019eb640 (LWP 2757311) exited]
[Thread 0x7939023af640 (LWP 2757310) exited]
[Thread 0x793902bb0640 (LWP 2757309) exited]
[Thread 0x7939033b1640 (LWP 2757308) exited]
[Thread 0x79390bfff640 (LWP 2757307) exited]
[Thread 0x793918c73640 (LWP 2757306) exited]
[Thread 0x793919c75640 (LWP 2757304) exited]
[Thread 0x79391a476640 (LWP 2757303) exited]
[Thread 0x79391ac77640 (LWP 2757302) exited]
[Thread 0x79391b7fe640 (LWP 2757301) exited]
[Thread 0x793920a91640 (LWP 2757300) exited]
[Thread 0x793921292640 (LWP 2757299) exited]
[Thread 0x793921a93640 (LWP 2757298) exited]
[Thread 0x7939227fc640 (LWP 2757274) exited]
[Thread 0x793922ffd640 (LWP 2757273) exited]
[Thread 0x7939237fe640 (LWP 2757272) exited]
[Thread 0x79391bfff640 (LWP 2757271) exited]
[Thread 0x793923fff640 (LWP 2757270) exited]
[Thread 0x793930bb9640 (LWP 2757269) exited]
[Thread 0x7939313ba640 (LWP 2757268) exited]
[Thread 0x793931bbb640 (LWP 2757267) exited]
[Thread 0x793931c61a00 (LWP 2757234) exited]
[Thread 0x793919474640 (LWP 2757305) exited]
[New process 2757234]
[Inferior 1 (process 2757234) exited with code 01]
(gdb) No stack.
(gdb) 