Attaching to process 1600314
[New LWP 1600318]
[New LWP 1600319]
[New LWP 1600320]
[New LWP 1600321]
[New LWP 1600322]
[New LWP 1600323]
[New LWP 1600324]
[New LWP 1600325]
[New LWP 1600326]
[New LWP 1600327]
[New LWP 1600328]
[New LWP 1600329]
[New LWP 1600330]
[New LWP 1600331]
[New LWP 1600332]
[New LWP 1600333]
[New LWP 1600334]
[New LWP 1600335]
[New LWP 1600336]
[New LWP 1600337]
[New LWP 1600338]
[New LWP 1600339]
[Thread debugging using libthread_db enabled]
Using host libthread_db library "/lib/x86_64-linux-gnu/libthread_db.so.1".
0x00007185473797f8 in __GI___clock_nanosleep (clock_id=clock_id@entry=0, flags=flags@entry=0, req=req@entry=0x7fffe95bd1a0, rem=rem@entry=0x7fffe95bd1a0) at ../sysdeps/unix/sysv/linux/clock_nanosleep.c:78
78	../sysdeps/unix/sysv/linux/clock_nanosleep.c: No such file or directory.
(gdb) (gdb) Continuing.
[Thread 0x718517ded640 (LWP 1600336) exited]
[Thread 0x7185175ec640 (LWP 1600337) exited]
[Thread 0x71851cff9640 (LWP 1600335) exited]
[Thread 0x718516427640 (LWP 1600339) exited]
[Thread 0x71851d7fa640 (LWP 1600334) exited]
[Thread 0x71851dffb640 (LWP 1600333) exited]
[Thread 0x71851e7fc640 (LWP 1600332) exited]
[Thread 0x71851effd640 (LWP 1600331) exited]
[Thread 0x71851f7fe640 (LWP 1600330) exited]
[Thread 0x71851ffff640 (LWP 1600329) exited]
[Thread 0x71853ca91640 (LWP 1600328) exited]
[Thread 0x71853d292640 (LWP 1600327) exited]
[Thread 0x71853da93640 (LWP 1600326) exited]
[Thread 0x71853e7fc640 (LWP 1600325) exited]
[Thread 0x71853effd640 (LWP 1600324) exited]
[Thread 0x71853f7fe640 (LWP 1600323) exited]
[Thread 0x718544df6640 (LWP 1600322) exited]
[Thread 0x7185455f7640 (LWP 1600321) exited]
[Thread 0x718545df8640 (LWP 1600320) exited]
[Thread 0x71853ffff640 (LWP 1600319) exited]
[Thread 0x7185465f9640 (LWP 1600318) exited]
[Thread 0x71854669fa00 (LWP 1600314) exited]
[Thread 0x718516deb640 (LWP 1600338) exited]
[New process 1600314]
[Inferior 1 (process 1600314) exited normally]
(gdb) (gdb) No stack.
