Attaching to process 1209100
[New LWP 1209104]
[New LWP 1209105]
[New LWP 1209106]
[New LWP 1209107]
[New LWP 1209108]
[New LWP 1209109]
[New LWP 1209110]
[New LWP 1209111]
[New LWP 1209112]
[New LWP 1209113]
[New LWP 1209114]
[New LWP 1209115]
[New LWP 1209116]
[New LWP 1209117]
[New LWP 1209118]
[New LWP 1209119]
[New LWP 1209120]
[New LWP 1209121]
[New LWP 1209122]
[New LWP 1209123]
[New LWP 1209124]
[New LWP 1209125]
[Thread debugging using libthread_db enabled]
Using host libthread_db library "/lib/x86_64-linux-gnu/libthread_db.so.1".
0x00007c7409ece7f8 in __GI___clock_nanosleep (clock_id=clock_id@entry=0, flags=flags@entry=0, req=req@entry=0x7ffebe3dd6a0, rem=rem@entry=0x7ffebe3dd6a0) at ../sysdeps/unix/sysv/linux/clock_nanosleep.c:78
78	../sysdeps/unix/sysv/linux/clock_nanosleep.c: No such file or directory.
(gdb) (gdb) Continuing.
[Thread 0x7c73da959640 (LWP 1209122) exited]
[Thread 0x7c73d6158640 (LWP 1209123) exited]
[Thread 0x7c73d9957640 (LWP 1209125) exited]
[Thread 0x7c73da158640 (LWP 1209124) exited]
[Thread 0x7c73df7fe640 (LWP 1209121) exited]
[Thread 0x7c73dffff640 (LWP 1209120) exited]
[Thread 0x7c73e4c73640 (LWP 1209119) exited]
[Thread 0x7c73e5474640 (LWP 1209118) exited]
[Thread 0x7c73e5c75640 (LWP 1209117) exited]
[Thread 0x7c73e6476640 (LWP 1209116) exited]
[Thread 0x7c73e6ffd640 (LWP 1209115) exited]
[Thread 0x7c73e77fe640 (LWP 1209114) exited]
[Thread 0x7c73e7fff640 (LWP 1209113) exited]
[Thread 0x7c73fd7fa640 (LWP 1209111) exited]
[Thread 0x7c73fdffb640 (LWP 1209110) exited]
[Thread 0x7c73fe7fc640 (LWP 1209109) exited]
[Thread 0x7c73feffd640 (LWP 1209108) exited]
[Thread 0x7c73ff7fe640 (LWP 1209107) exited]
[Thread 0x7c73fffff640 (LWP 1209106) exited]
[Thread 0x7c740894d640 (LWP 1209105) exited]
[Thread 0x7c740914e640 (LWP 1209104) exited]
[Thread 0x7c74091f4a00 (LWP 1209100) exited]
[Thread 0x7c73fc932640 (LWP 1209112) exited]
[New process 1209100]
[Inferior 1 (process 1209100) exited normally]
(gdb) No stack.
(gdb) 