Attaching to process 1060446
[New LWP 1060450]
[New LWP 1060451]
[New LWP 1060452]
[New LWP 1060453]
[New LWP 1060454]
[New LWP 1060455]
[New LWP 1060456]
[New LWP 1060457]
[New LWP 1060458]
[New LWP 1060459]
[New LWP 1060460]
[New LWP 1060461]
[New LWP 1060462]
[New LWP 1060463]
[New LWP 1060464]
[New LWP 1060465]
[New LWP 1060466]
[New LWP 1060467]
[New LWP 1060468]
[New LWP 1060469]
[New LWP 1060470]
[New LWP 1060471]
[Thread debugging using libthread_db enabled]
Using host libthread_db library "/lib/x86_64-linux-gnu/libthread_db.so.1".
0x0000748de51b97f8 in __GI___clock_nanosleep (clock_id=clock_id@entry=0, flags=flags@entry=0, req=req@entry=0x7fff1cefe150, rem=rem@entry=0x7fff1cefe150) at ../sysdeps/unix/sysv/linux/clock_nanosleep.c:78
78	../sysdeps/unix/sysv/linux/clock_nanosleep.c: No such file or directory.
(gdb) (gdb) Continuing.
[Thread 0x748db9c21640 (LWP 1060468) exited]
[Thread 0x748db9420640 (LWP 1060469) exited]
[Thread 0x748daffff640 (LWP 1060471) exited]
[Thread 0x748db8c1f640 (LWP 1060470) exited]
[Thread 0x748dc27fc640 (LWP 1060467) exited]
[Thread 0x748dc2ffd640 (LWP 1060466) exited]
[Thread 0x748dc37fe640 (LWP 1060465) exited]
[Thread 0x748dc3fff640 (LWP 1060464) exited]
[Thread 0x748dd8ff9640 (LWP 1060463) exited]
[Thread 0x748dd97fa640 (LWP 1060462) exited]
[Thread 0x748dd9ffb640 (LWP 1060461) exited]
[Thread 0x748dda7fc640 (LWP 1060460) exited]
[Thread 0x748ddb7fe640 (LWP 1060458) exited]
[Thread 0x748de1433640 (LWP 1060457) exited]
[Thread 0x748de1c34640 (LWP 1060456) exited]
[Thread 0x748de2435640 (LWP 1060455) exited]
[Thread 0x748de2c36640 (LWP 1060454) exited]
[Thread 0x748de3437640 (LWP 1060453) exited]
[Thread 0x748de3c38640 (LWP 1060452) exited]
[Thread 0x748ddbfff640 (LWP 1060451) exited]
[Thread 0x748de4439640 (LWP 1060450) exited]
[Thread 0x748de44dfa00 (LWP 1060446) exited]
[Thread 0x748ddaffd640 (LWP 1060459) exited]
[New process 1060446]
[Inferior 1 (process 1060446) exited normally]
(gdb) No stack.
(gdb) 