Attaching to process 479912
[New LWP 479916]
[New LWP 479917]
[New LWP 479918]
[New LWP 479919]
[New LWP 479920]
[New LWP 479921]
[New LWP 479922]
[New LWP 479923]
[New LWP 479924]
[New LWP 479925]
[New LWP 479926]
[New LWP 479927]
[New LWP 479928]
[New LWP 479929]
[New LWP 479930]
[New LWP 479931]
[New LWP 479932]
[New LWP 479933]
[New LWP 479934]
[New LWP 479935]
[New LWP 479936]
[New LWP 479937]
[Thread debugging using libthread_db enabled]
Using host libthread_db library "/lib/x86_64-linux-gnu/libthread_db.so.1".
0x000078039fa1f7f8 in __GI___clock_nanosleep (clock_id=clock_id@entry=0, flags=flags@entry=0, req=req@entry=0x7ffcdc223910, rem=rem@entry=0x7ffcdc223910) at ../sysdeps/unix/sysv/linux/clock_nanosleep.c:78
78	../sysdeps/unix/sysv/linux/clock_nanosleep.c: No such file or directory.
(gdb) (gdb) Continuing.
[Thread 0x78036ffff640 (LWP 479934) exited]
[Thread 0x78036f7fe640 (LWP 479935) exited]
[Thread 0x78036e7fc640 (LWP 479937) exited]
[Thread 0x78036effd640 (LWP 479936) exited]
[Thread 0x78038d474640 (LWP 479933) exited]
[Thread 0x78038dc75640 (LWP 479932) exited]
[Thread 0x78038e476640 (LWP 479931) exited]
[Thread 0x78038ec77640 (LWP 479930) exited]
[Thread 0x78038f478640 (LWP 479929) exited]
[Thread 0x78038fc79640 (LWP 479928) exited]
[Thread 0x780394a91640 (LWP 479927) exited]
[Thread 0x780395292640 (LWP 479926) exited]
[Thread 0x780395a93640 (LWP 479925) exited]
[Thread 0x780396ffd640 (LWP 479923) exited]
[Thread 0x7803977fe640 (LWP 479922) exited]
[Thread 0x78039cc9b640 (LWP 479921) exited]
[Thread 0x78039d49c640 (LWP 479920) exited]
[Thread 0x78039dc9d640 (LWP 479919) exited]
[Thread 0x780397fff640 (LWP 479918) exited]
[Thread 0x78039e49e640 (LWP 479917) exited]
[Thread 0x78039ec9f640 (LWP 479916) exited]
[Thread 0x78039ed45a00 (LWP 479912) exited]
[Thread 0x780396294640 (LWP 479924) exited]
[New process 479912]
[Inferior 1 (process 479912) exited normally]
(gdb) (gdb) No stack.
