Attaching to process 120045
[New LWP 120049]
[New LWP 120050]
[New LWP 120051]
[New LWP 120052]
[New LWP 120053]
[New LWP 120054]
[New LWP 120055]
[New LWP 120056]
[New LWP 120094]
[New LWP 120095]
[New LWP 120096]
[New LWP 120097]
[New LWP 120098]
[New LWP 120099]
[New LWP 120100]
[New LWP 120101]
[New LWP 120102]
[New LWP 120103]
[Thread debugging using libthread_db enabled]
Using host libthread_db library "/lib/x86_64-linux-gnu/libthread_db.so.1".
0x00007b325e1d10f5 in do_sin (dx=-1.7419923089031388e-17, x=6.6923503259462714e-310) at ../sysdeps/ieee754/dbl-64/s_sin.c:142
142	../sysdeps/ieee754/dbl-64/s_sin.c: No such file or directory.
(gdb) (gdb) Continuing.
[New Thread 0x7b322eaab640 (LWP 120106)]
[New Thread 0x7b322e2aa640 (LWP 120107)]
[New Thread 0x7b322daa9640 (LWP 120108)]
[New Thread 0x7b322d2a8640 (LWP 120109)]
[Thread 0x7b322d2a8640 (LWP 120109) exited]
[Thread 0x7b322daa9640 (LWP 120108) exited]
[Thread 0x7b322e2aa640 (LWP 120107) exited]
[Thread 0x7b322eaab640 (LWP 120106) exited]
[Thread 0x7b3233c71640 (LWP 120103) exited]
[Thread 0x7b3234472640 (LWP 120102) exited]
[Thread 0x7b3234c73640 (LWP 120101) exited]
[Thread 0x7b3235474640 (LWP 120100) exited]
[Thread 0x7b3235c75640 (LWP 120099) exited]
[Thread 0x7b3236476640 (LWP 120098) exited]
[Thread 0x7b3236ffd640 (LWP 120097) exited]
[Thread 0x7b32377fe640 (LWP 120096) exited]
[Thread 0x7b3237fff640 (LWP 120095) exited]
[Thread 0x7b3254a91640 (LWP 120094) exited]
[Thread 0x7b32557fa640 (LWP 120056) exited]
[Thread 0x7b3255ffb640 (LWP 120055) exited]
[Thread 0x7b32567fc640 (LWP 120054) exited]
[Thread 0x7b3256ffd640 (LWP 120053) exited]
[Thread 0x7b32577fe640 (LWP 120052) exited]
[Thread 0x7b325cabc640 (LWP 120051) exited]
[Thread 0x7b3257fff640 (LWP 120050) exited]
[Thread 0x7b325d2bd640 (LWP 120049) exited]
[Inferior 1 (process 120045) exited with code 01]
(gdb) (gdb) No stack.
