Attaching to process 118499
[New LWP 118532]
[New LWP 118533]
[New LWP 118534]
[New LWP 118535]
[New LWP 118536]
[New LWP 118537]
[New LWP 118538]
[New LWP 118539]
[New LWP 118563]
[New LWP 118564]
[New LWP 118565]
[New LWP 118566]
[New LWP 118567]
[New LWP 118568]
[New LWP 118569]
[New LWP 118570]
[New LWP 118571]
[New LWP 118572]
[New LWP 118573]
[New LWP 118574]
[New LWP 118575]
[New LWP 118576]
78	../sysdeps/unix/sysv/linux/clock_nanosleep.c: No such file or directory.
[Thread debugging using libthread_db enabled]
Using host libthread_db library "/lib/x86_64-linux-gnu/libthread_db.so.1".
0x0000725feab337f8 in __GI___clock_nanosleep (clock_id=clock_id@entry=0, flags=flags@entry=0, req=req@entry=0x7fff0f515190, rem=rem@entry=0x7fff0f515190) at ../sysdeps/unix/sysv/linux/clock_nanosleep.c:78
(gdb) (gdb) Continuing.
[Thread 0x725fba5a9640 (LWP 118576) exited]
[Thread 0x725fbadaa640 (LWP 118575) exited]
[Thread 0x725fb2bff640 (LWP 118574) exited]
[Thread 0x725fbb5ab640 (LWP 118573) exited]
[Thread 0x725fbfff7640 (LWP 118572) exited]
[Thread 0x725fc07f8640 (LWP 118571) exited]
[Thread 0x725fc0ff9640 (LWP 118570) exited]
[Thread 0x725fc17fa640 (LWP 118569) exited]
[Thread 0x725fc1ffb640 (LWP 118568) exited]
[Thread 0x725fc27fc640 (LWP 118567) exited]
[Thread 0x725fc2ffd640 (LWP 118566) exited]
[Thread 0x725fc37fe640 (LWP 118565) exited]
[Thread 0x725fc3fff640 (LWP 118564) exited]
[Thread 0x725fe0bfe640 (LWP 118563) exited]
[Thread 0x725fe27fc640 (LWP 118539) exited]
[Thread 0x725fe2ffd640 (LWP 118538) exited]
[Thread 0x725fe37fe640 (LWP 118537) exited]
[Thread 0x725fe3fff640 (LWP 118536) exited]
[Thread 0x725fe8db1640 (LWP 118535) exited]
[Thread 0x725fe95b2640 (LWP 118534) exited]
[Thread 0x725fe13ff640 (LWP 118533) exited]
[Thread 0x725fe9db3640 (LWP 118532) exited]
[Inferior 1 (process 118499) exited with code 01]
(gdb) (gdb) No stack.
