Attaching to process 119912
[New LWP 119945]
[New LWP 119946]
[New LWP 119947]
[New LWP 119948]
[New LWP 119949]
[New LWP 119950]
[New LWP 119951]
[New LWP 119952]
[New LWP 119976]
[New LWP 119977]
[New LWP 119978]
[New LWP 119979]
[New LWP 119980]
[New LWP 119981]
[New LWP 119982]
[New LWP 119983]
[New LWP 119984]
[New LWP 119985]
[New LWP 119986]
[New LWP 119987]
[New LWP 119988]
[New LWP 119989]
78	../sysdeps/unix/sysv/linux/clock_nanosleep.c: No such file or directory.
[Thread debugging using libthread_db enabled]
Using host libthread_db library "/lib/x86_64-linux-gnu/libthread_db.so.1".
0x000077a64ca647f8 in __GI___clock_nanosleep (clock_id=clock_id@entry=0, flags=flags@entry=0, req=req@entry=0x7ffe3e0737c0, rem=rem@entry=0x7ffe3e0737c0) at ../sysdeps/unix/sysv/linux/clock_nanosleep.c:78
(gdb) (gdb) Continuing.
[Thread 0x77a617fff640 (LWP 119989) exited]
[Thread 0x77a60ffff640 (LWP 119988) exited]
[Thread 0x77a61cd23640 (LWP 119987) exited]
[Thread 0x77a61d524640 (LWP 119986) exited]
[Thread 0x77a621ffb640 (LWP 119985) exited]
[Thread 0x77a6227fc640 (LWP 119984) exited]
[Thread 0x77a622ffd640 (LWP 119983) exited]
[Thread 0x77a6237fe640 (LWP 119982) exited]
[Thread 0x77a623fff640 (LWP 119981) exited]
[Thread 0x77a638f0c640 (LWP 119980) exited]
[Thread 0x77a639a93640 (LWP 119979) exited]
[Thread 0x77a63a294640 (LWP 119978) exited]
[Thread 0x77a63aa95640 (LWP 119977) exited]
[Thread 0x77a63b296640 (LWP 119976) exited]
[Thread 0x77a648cde640 (LWP 119952) exited]
[Thread 0x77a6494df640 (LWP 119951) exited]
[Thread 0x77a649ce0640 (LWP 119950) exited]
[Thread 0x77a64a4e1640 (LWP 119949) exited]
[Thread 0x77a64ace2640 (LWP 119948) exited]
[Thread 0x77a63bfff640 (LWP 119947) exited]
[Thread 0x77a64b4e3640 (LWP 119946) exited]
[Thread 0x77a64bce4640 (LWP 119945) exited]
[Inferior 1 (process 119912) exited with code 01]
(gdb) No stack.
(gdb) 