Attaching to process 119207
[New LWP 119230]
[New LWP 119231]
[New LWP 119234]
[New LWP 119235]
[New LWP 119236]
[New LWP 119237]
[New LWP 119238]
[New LWP 119240]
[New LWP 119271]
[New LWP 119272]
[New LWP 119273]
[New LWP 119274]
[New LWP 119275]
[New LWP 119276]
[New LWP 119277]
[New LWP 119278]
[New LWP 119279]
[New LWP 119280]
[New LWP 119281]
[New LWP 119282]
[New LWP 119283]
[New LWP 119284]
78	../sysdeps/unix/sysv/linux/clock_nanosleep.c: No such file or directory.
[Thread debugging using libthread_db enabled]
Using host libthread_db library "/lib/x86_64-linux-gnu/libthread_db.so.1".
0x00007455e889b7f8 in __GI___clock_nanosleep (clock_id=clock_id@entry=0, flags=flags@entry=0, req=req@entry=0x7fff231c8a50, rem=rem@entry=0x7fff231c8a50) at ../sysdeps/unix/sysv/linux/clock_nanosleep.c:78
(gdb) (gdb) Continuing.
[Thread 0x7455b37fe640 (LWP 119284) exited]
[Thread 0x7455b8b7e640 (LWP 119283) exited]
[Thread 0x7455b3fff640 (LWP 119282) exited]
[Thread 0x7455b937f640 (LWP 119281) exited]
[Thread 0x7455bdffb640 (LWP 119280) exited]
[Thread 0x7455be7fc640 (LWP 119279) exited]
[Thread 0x7455beffd640 (LWP 119278) exited]
[Thread 0x7455bf7fe640 (LWP 119277) exited]
[Thread 0x7455bffff640 (LWP 119276) exited]
[Thread 0x7455c4f0c640 (LWP 119275) exited]
[Thread 0x7455c5a93640 (LWP 119274) exited]
[Thread 0x7455c6294640 (LWP 119273) exited]
[Thread 0x7455c6a95640 (LWP 119272) exited]
[Thread 0x7455c7296640 (LWP 119271) exited]
[Thread 0x7455c7fff640 (LWP 119240) exited]
[Thread 0x7455e4b15640 (LWP 119238) exited]
[Thread 0x7455e5316640 (LWP 119237) exited]
[Thread 0x7455e5b17640 (LWP 119236) exited]
[Thread 0x7455e6318640 (LWP 119235) exited]
[Thread 0x7455e6b19640 (LWP 119234) exited]
[Thread 0x7455e731a640 (LWP 119231) exited]
[Thread 0x7455e7b1b640 (LWP 119230) exited]
[Inferior 1 (process 119207) exited with code 01]
(gdb) No stack.
(gdb) 