Attaching to process 118713
[New LWP 118717]
[New LWP 118718]
[New LWP 118719]
[New LWP 118720]
[New LWP 118721]
[New LWP 118722]
[New LWP 118723]
[New LWP 118724]
[New LWP 118752]
[New LWP 118754]
[New LWP 118756]
[New LWP 118765]
[New LWP 118766]
[New LWP 118767]
[New LWP 118768]
[New LWP 118769]
[New LWP 118770]
[New LWP 118771]
[Thread debugging using libthread_db enabled]
Using host libthread_db library "/lib/x86_64-linux-gnu/libthread_db.so.1".
libc_feholdsetround_sse_ctx (r=0, ctx=<synthetic pointer>) at ../sysdeps/x86/fpu/fenv_private.h:415
415	../sysdeps/x86/fpu/fenv_private.h: No such file or directory.
(gdb) (gdb) Continuing.
[New Thread 0x7be2f3889640 (LWP 118774)]
[New Thread 0x7be2eafff640 (LWP 118775)]
[New Thread 0x7be2f3088640 (LWP 118776)]
[New Thread 0x7be2f285f640 (LWP 118777)]
[Thread 0x7be2f285f640 (LWP 118777) exited]
[Thread 0x7be2f3088640 (LWP 118776) exited]
[Thread 0x7be2eafff640 (LWP 118775) exited]
[Thread 0x7be2f3889640 (LWP 118774) exited]
[Thread 0x7be2fcc73640 (LWP 118771) exited]
[Thread 0x7be2fd474640 (LWP 118770) exited]
[Thread 0x7be2fdc75640 (LWP 118769) exited]
[Thread 0x7be2fe476640 (LWP 118768) exited]
[Thread 0x7be2fec77640 (LWP 118767) exited]
[Thread 0x7be2ff478640 (LWP 118766) exited]
[Thread 0x7be2fffff640 (LWP 118765) exited]
[Thread 0x7be318932640 (LWP 118756) exited]
[Thread 0x7be319133640 (LWP 118754) exited]
[Thread 0x7be31a7fc640 (LWP 118724) exited]
[Thread 0x7be31affd640 (LWP 118723) exited]
[Thread 0x7be31b7fe640 (LWP 118722) exited]
[Thread 0x7be320866640 (LWP 118721) exited]
[Thread 0x7be321067640 (LWP 118720) exited]
[Thread 0x7be321868640 (LWP 118719) exited]
[Thread 0x7be31bfff640 (LWP 118718) exited]
[Thread 0x7be322069640 (LWP 118717) exited]
[Thread 0x7be32210fa00 (LWP 118713) exited]
[Thread 0x7be319934640 (LWP 118752) exited]
[New process 118713]
[Inferior 1 (process 118713) exited with code 01]
(gdb) (gdb) No stack.
