Attaching to process 120126
[New LWP 120130]
[New LWP 120131]
[New LWP 120132]
[New LWP 120133]
[New LWP 120134]
[New LWP 120135]
[New LWP 120136]
[New LWP 120137]
[New LWP 120175]
[New LWP 120176]
[New LWP 120177]
[New LWP 120178]
[New LWP 120179]
[New LWP 120180]
[New LWP 120181]
[New LWP 120182]
[New LWP 120183]
[New LWP 120184]
[Thread debugging using libthread_db enabled]
Using host libthread_db library "/lib/x86_64-linux-gnu/libthread_db.so.1".
0x00007d1042f58135 in do_sin (dx=-8.1404185489503257e-18, x=6.7937817247544114e-310) at ../sysdeps/ieee754/dbl-64/s_sin.c:133
133	../sysdeps/ieee754/dbl-64/s_sin.c: No such file or directory.
(gdb) (gdb) Continuing.
[New Thread 0x7d101383b640 (LWP 120187)]
[New Thread 0x7d100bfff640 (LWP 120188)]
[New Thread 0x7d101303a640 (LWP 120189)]
[New Thread 0x7d1012839640 (LWP 120190)]
[Thread 0x7d1012839640 (LWP 120190) exited]
[Thread 0x7d101303a640 (LWP 120189) exited]
[Thread 0x7d100bfff640 (LWP 120188) exited]
[Thread 0x7d101383b640 (LWP 120187) exited]
[Thread 0x7d10187f8640 (LWP 120184) exited]
[Thread 0x7d1018ff9640 (LWP 120183) exited]
[Thread 0x7d10197fa640 (LWP 120182) exited]
[Thread 0x7d1019ffb640 (LWP 120181) exited]
[Thread 0x7d101a7fc640 (LWP 120180) exited]
[Thread 0x7d101affd640 (LWP 120179) exited]
[Thread 0x7d101b7fe640 (LWP 120178) exited]
[Thread 0x7d1039934640 (LWP 120176) exited]
[Thread 0x7d103a135640 (LWP 120175) exited]
[Thread 0x7d103affd640 (LWP 120137) exited]
[Thread 0x7d103b7fe640 (LWP 120136) exited]
[Thread 0x7d103bfff640 (LWP 120135) exited]
[Thread 0x7d1040841640 (LWP 120134) exited]
[Thread 0x7d1041042640 (LWP 120133) exited]
[Thread 0x7d1038fff640 (LWP 120132) exited]
[Thread 0x7d1041843640 (LWP 120131) exited]
[Thread 0x7d1042044640 (LWP 120130) exited]
[Thread 0x7d10420eaa00 (LWP 120126) exited]
[Thread 0x7d101bfff640 (LWP 120177) exited]
[New process 120126]
[Inferior 1 (process 120126) exited with code 01]
(gdb) No stack.
(gdb) 