Attaching to process 119340
[New LWP 119344]
[New LWP 119345]
[New LWP 119346]
[New LWP 119347]
[New LWP 119348]
[New LWP 119349]
[New LWP 119350]
[New LWP 119351]
[New LWP 119389]
[New LWP 119390]
[New LWP 119391]
[New LWP 119392]
[Thread debugging using libthread_db enabled]
Using host libthread_db library "/lib/x86_64-linux-gnu/libthread_db.so.1".
__memset_avx2_unaligned_erms () at ../sysdeps/x86_64/multiarch/memset-vec-unaligned-erms.S:351
351	../sysdeps/x86_64/multiarch/memset-vec-unaligned-erms.S: No such file or directory.
(gdb) (gdb) Continuing.
[New Thread 0x782d5ac77640 (LWP 119395)]
[New Thread 0x782d5a476640 (LWP 119396)]
[New Thread 0x782d59c75640 (LWP 119397)]
[New Thread 0x782d59474640 (LWP 119398)]
[New Thread 0x782d58c73640 (LWP 119399)]
[New Thread 0x782d58472640 (LWP 119400)]
[New Thread 0x782d532f2640 (LWP 119401)]
[New Thread 0x782d52af1640 (LWP 119402)]
[New Thread 0x782d522f0640 (LWP 119403)]
[New Thread 0x782d5192c640 (LWP 119404)]
[Thread 0x782d5192c640 (LWP 119404) exited]
[Thread 0x782d522f0640 (LWP 119403) exited]
[Thread 0x782d52af1640 (LWP 119402) exited]
[Thread 0x782d532f2640 (LWP 119401) exited]
[Thread 0x782d58472640 (LWP 119400) exited]
[Thread 0x782d58c73640 (LWP 119399) exited]
[Thread 0x782d59474640 (LWP 119398) exited]
[Thread 0x782d59c75640 (LWP 119397) exited]
[Thread 0x782d5a476640 (LWP 119396) exited]
[Thread 0x782d5ac77640 (LWP 119395) exited]
[Thread 0x782d5b7fe640 (LWP 119392) exited]
[Thread 0x782d78a91640 (LWP 119390) exited]
[Thread 0x782d79292640 (LWP 119389) exited]
[Thread 0x782d79ffb640 (LWP 119351) exited]
[Thread 0x782d7a7fc640 (LWP 119350) exited]
[Thread 0x782d7affd640 (LWP 119349) exited]
[Thread 0x782d7b7fe640 (LWP 119348) exited]
[Thread 0x782d80ac4640 (LWP 119347) exited]
[Thread 0x782d812c5640 (LWP 119346) exited]
[Thread 0x782d7bfff640 (LWP 119345) exited]
[Thread 0x782d81ac6640 (LWP 119344) exited]
[Thread 0x782d81b6ca00 (LWP 119340) exited]
No stack.
[Thread 0x782d5bfff640 (LWP 119391) exited]
[New process 119340]
[Inferior 1 (process 119340) exited with code 01]
(gdb) (gdb) 