Attaching to process 119421
[New LWP 119425]
[New LWP 119426]
[New LWP 119427]
[New LWP 119428]
[New LWP 119429]
[New LWP 119430]
[New LWP 119431]
[New LWP 119432]
[New LWP 119470]
[New LWP 119471]
[New LWP 119472]
[New LWP 119473]
[New LWP 119474]
[New LWP 119475]
[New LWP 119476]
[New LWP 119477]
[New LWP 119478]
[New LWP 119479]
140	../sysdeps/ieee754/dbl-64/s_sin.c: No such file or directory.
[Thread debugging using libthread_db enabled]
Using host libthread_db library "/lib/x86_64-linux-gnu/libthread_db.so.1".
0x0000714a3876f17d in do_sin (dx=1.7377378871445933e-17, x=-0.0005031839526163373) at ../sysdeps/ieee754/dbl-64/s_sin.c:140
(gdb) (gdb) Continuing.
[New Thread 0x714a1d058640 (LWP 119482)]
[New Thread 0x714a1c857640 (LWP 119483)]
[New Thread 0x714a17e3c640 (LWP 119484)]
[New Thread 0x714a1763b640 (LWP 119485)]
[Thread 0x714a1763b640 (LWP 119485) exited]
[Thread 0x714a17e3c640 (LWP 119484) exited]
[Thread 0x714a1c857640 (LWP 119483) exited]
[Thread 0x714a1d058640 (LWP 119482) exited]
[Thread 0x714a25ffb640 (LWP 119479) exited]
[Thread 0x714a267fc640 (LWP 119478) exited]
[Thread 0x714a26ffd640 (LWP 119477) exited]
[Thread 0x714a277fe640 (LWP 119476) exited]
[Thread 0x714a27fff640 (LWP 119475) exited]
[Thread 0x714a2cdad640 (LWP 119474) exited]
[Thread 0x714a2d934640 (LWP 119473) exited]
[Thread 0x714a2e936640 (LWP 119471) exited]
[Thread 0x714a2f137640 (LWP 119470) exited]
[Thread 0x714a34855640 (LWP 119432) exited]
[Thread 0x714a35056640 (LWP 119431) exited]
[Thread 0x714a35857640 (LWP 119430) exited]
[Thread 0x714a36058640 (LWP 119429) exited]
[Thread 0x714a36859640 (LWP 119428) exited]
[Thread 0x714a3705a640 (LWP 119427) exited]
[Thread 0x714a2ffff640 (LWP 119426) exited]
[Thread 0x714a3785b640 (LWP 119425) exited]
[Thread 0x714a37901a00 (LWP 119421) exited]
[Thread 0x714a2e135640 (LWP 119472) exited]
[New process 119421]
[Inferior 1 (process 119421) exited with code 01]
(gdb) No stack.
(gdb) 