Attaching to process 143552
[New LWP 143585]
[New LWP 143586]
[New LWP 143587]
[New LWP 143588]
[New LWP 143589]
[New LWP 143590]
[New LWP 143591]
[New LWP 143592]
[New LWP 143616]
[New LWP 143617]
[New LWP 143618]
[New LWP 143619]
[New LWP 143620]
[New LWP 143621]
[New LWP 143622]
[New LWP 143623]
[New LWP 143624]
[New LWP 143625]
[New LWP 143626]
[New LWP 143627]
[New LWP 143628]
[New LWP 143629]
[Thread debugging using libthread_db enabled]
Using host libthread_db library "/lib/x86_64-linux-gnu/libthread_db.so.1".
0x00007e5e55c3c7f8 in __GI___clock_nanosleep (clock_id=clock_id@entry=0, flags=flags@entry=0, req=req@entry=0x7ffd4845a430, rem=rem@entry=0x7ffd4845a430) at ../sysdeps/unix/sysv/linux/clock_nanosleep.c:78
78	../sysdeps/unix/sysv/linux/clock_nanosleep.c: No such file or directory.
(gdb) (gdb) Continuing.
[Thread 0x7e5e256c8640 (LWP 143629) exited]
[Thread 0x7e5e25ec9640 (LWP 143628) exited]
[Thread 0x7e5e1ffff640 (LWP 143627) exited]
[Thread 0x7e5e266ca640 (LWP 143626) exited]
[Thread 0x7e5e2affd640 (LWP 143625) exited]
[Thread 0x7e5e2b7fe640 (LWP 143624) exited]
[Thread 0x7e5e2bfff640 (LWP 143623) exited]
[Thread 0x7e5e30ff9640 (LWP 143622) exited]
[Thread 0x7e5e317fa640 (LWP 143621) exited]
[Thread 0x7e5e31ffb640 (LWP 143620) exited]
[Thread 0x7e5e327fc640 (LWP 143619) exited]
[Thread 0x7e5e32ffd640 (LWP 143618) exited]
[Thread 0x7e5e337fe640 (LWP 143617) exited]
[Thread 0x7e5e33fff640 (LWP 143616) exited]
[Thread 0x7e5e4d7fa640 (LWP 143591) exited]
[Thread 0x7e5e4dffb640 (LWP 143590) exited]
[Thread 0x7e5e4e7fc640 (LWP 143589) exited]
[Thread 0x7e5e4effd640 (LWP 143588) exited]
[Thread 0x7e5e4f7fe640 (LWP 143587) exited]
[Thread 0x7e5e4ffff640 (LWP 143586) exited]
[Thread 0x7e5e54ebc640 (LWP 143585) exited]
[Thread 0x7e5e54f62a00 (LWP 143552) exited]
[Thread 0x7e5e4cff9640 (LWP 143592) exited]
[New process 143552]
[Inferior 1 (process 143552) exited with code 01]
(gdb) No stack.
(gdb) 