Attaching to process 143060
[New LWP 143064]
[New LWP 143065]
[New LWP 143066]
[New LWP 143067]
[New LWP 143068]
[New LWP 143069]
[New LWP 143070]
[New LWP 143071]
[Thread debugging using libthread_db enabled]
Using host libthread_db library "/lib/x86_64-linux-gnu/libthread_db.so.1".
0x00007d19ef82dcdb in eventfd () at ../sysdeps/unix/syscall-template.S:120
120	../sysdeps/unix/syscall-template.S: No such file or directory.
(gdb) (gdb) Continuing.
[New Thread 0x7d19d6a95640 (LWP 143111)]
[New Thread 0x7d19d6294640 (LWP 143112)]
[New Thread 0x7d19d5a93640 (LWP 143113)]
[New Thread 0x7d19d5292640 (LWP 143114)]
[New Thread 0x7d19cf7fe640 (LWP 143115)]
[New Thread 0x7d19ceffd640 (LWP 143116)]
[New Thread 0x7d19ce7fc640 (LWP 143117)]
[New Thread 0x7d19cdffb640 (LWP 143118)]
[New Thread 0x7d19cd7fa640 (LWP 143119)]
[New Thread 0x7d19ccff9640 (LWP 143120)]
[New Thread 0x7d19bffff640 (LWP 143121)]
[New Thread 0x7d19b7fff640 (LWP 143122)]
[New Thread 0x7d19bf7fe640 (LWP 143123)]
[New Thread 0x7d19beffd640 (LWP 143124)]
[Thread 0x7d19beffd640 (LWP 143124) exited]
[Thread 0x7d19bf7fe640 (LWP 143123) exited]
[Thread 0x7d19b7fff640 (LWP 143122) exited]
[Thread 0x7d19bffff640 (LWP 143121) exited]
[Thread 0x7d19ccff9640 (LWP 143120) exited]
[Thread 0x7d19cd7fa640 (LWP 143119) exited]
[Thread 0x7d19cdffb640 (LWP 143118) exited]
[Thread 0x7d19ce7fc640 (LWP 143117) exited]
[Thread 0x7d19ceffd640 (LWP 143116) exited]
[Thread 0x7d19cf7fe640 (LWP 143115) exited]
[Thread 0x7d19d5292640 (LWP 143114) exited]
[Thread 0x7d19d5a93640 (LWP 143113) exited]
[Thread 0x7d19d6a95640 (LWP 143111) exited]
[Thread 0x7d19d77fe640 (LWP 143071) exited]
[Thread 0x7d19cffff640 (LWP 143070) exited]
[Thread 0x7d19d7fff640 (LWP 143069) exited]
[Thread 0x7d19eca69640 (LWP 143068) exited]
[Thread 0x7d19ed26a640 (LWP 143067) exited]
[Thread 0x7d19eda6b640 (LWP 143066) exited]
[Thread 0x7d19ee26c640 (LWP 143065) exited]
[Thread 0x7d19eea6d640 (LWP 143064) exited]
[Thread 0x7d19eeb13a00 (LWP 143060) exited]
[Thread 0x7d19d6294640 (LWP 143112) exited]
[New process 143060]
[Inferior 1 (process 143060) exited with code 01]
(gdb) No stack.
(gdb) 