Attaching to process 142846
[New LWP 142879]
[New LWP 142880]
[New LWP 142881]
[New LWP 142882]
[New LWP 142883]
[New LWP 142884]
[New LWP 142885]
[New LWP 142886]
[New LWP 142910]
[New LWP 142911]
[New LWP 142912]
[New LWP 142913]
[New LWP 142914]
[New LWP 142915]
[New LWP 142916]
[New LWP 142917]
[New LWP 142918]
[New LWP 142919]
[New LWP 142920]
[New LWP 142921]
[New LWP 142922]
[New LWP 142923]
[Thread debugging using libthread_db enabled]
Using host libthread_db library "/lib/x86_64-linux-gnu/libthread_db.so.1".
0x00007955471537f8 in __GI___clock_nanosleep (clock_id=clock_id@entry=0, flags=flags@entry=0, req=req@entry=0x7ffe2ca616d0, rem=rem@entry=0x7ffe2ca616d0) at ../sysdeps/unix/sysv/linux/clock_nanosleep.c:78
78	../sysdeps/unix/sysv/linux/clock_nanosleep.c: No such file or directory.
(gdb) (gdb) Continuing.
[Thread 0x7955163c6640 (LWP 142923) exited]
[Thread 0x795516bc7640 (LWP 142922) exited]
[Thread 0x7955173c8640 (LWP 142921) exited]
[Thread 0x795517bc9640 (LWP 142920) exited]
[Thread 0x795520c73640 (LWP 142919) exited]
[Thread 0x795521474640 (LWP 142918) exited]
[Thread 0x795521c75640 (LWP 142917) exited]
[Thread 0x795522476640 (LWP 142916) exited]
[Thread 0x795522c77640 (LWP 142915) exited]
[Thread 0x795523478640 (LWP 142914) exited]
[Thread 0x795534a91640 (LWP 142912) exited]
[Thread 0x795535292640 (LWP 142911) exited]
[Thread 0x795535a93640 (LWP 142910) exited]
[Thread 0x7955367fc640 (LWP 142886) exited]
[Thread 0x795536ffd640 (LWP 142885) exited]
[Thread 0x7955377fe640 (LWP 142884) exited]
[Thread 0x795537fff640 (LWP 142883) exited]
[Thread 0x795544bd0640 (LWP 142882) exited]
[Thread 0x7955453d1640 (LWP 142881) exited]
[Thread 0x795545bd2640 (LWP 142880) exited]
[Thread 0x7955463d3640 (LWP 142879) exited]
[Thread 0x795546479a00 (LWP 142846) exited]
[Thread 0x795523fff640 (LWP 142913) exited]
[New process 142846]
[Inferior 1 (process 142846) exited with code 01]
(gdb) No stack.
(gdb) 