Attaching to process 142354
[New LWP 142358]
[New LWP 142359]
[New LWP 142360]
[New LWP 142361]
[New LWP 142362]
[New LWP 142363]
[New LWP 142364]
[New LWP 142365]
[New LWP 142386]
[New LWP 142387]
[New LWP 142388]
[New LWP 142389]
[New LWP 142390]
[New LWP 142391]
[New LWP 142392]
[New LWP 142393]
[New LWP 142394]
[New LWP 142395]
136	../sysdeps/ieee754/dbl-64/s_sin.c: No such file or directory.
[Thread debugging using libthread_db enabled]
Using host libthread_db library "/lib/x86_64-linux-gnu/libthread_db.so.1".
0x000079a1f6a570d9 in do_sin (dx=1.1409237090672811e-17, x=6.607258294728564e-310) at ../sysdeps/ieee754/dbl-64/s_sin.c:136
(gdb) (gdb) Continuing.
[New Thread 0x79a1c72df640 (LWP 142415)]
[New Thread 0x79a1bffff640 (LWP 142416)]
[New Thread 0x79a1c6ade640 (LWP 142417)]
[New Thread 0x79a1c611a640 (LWP 142418)]
[Thread 0x79a1c611a640 (LWP 142418) exited]
[Thread 0x79a1c6ade640 (LWP 142417) exited]
[Thread 0x79a1bffff640 (LWP 142416) exited]
[Thread 0x79a1c72df640 (LWP 142415) exited]
[Thread 0x79a1cffff640 (LWP 142395) exited]
[Thread 0x79a1dca74640 (LWP 142394) exited]
[Thread 0x79a1dd275640 (LWP 142393) exited]
[Thread 0x79a1dda76640 (LWP 142392) exited]
[Thread 0x79a1de277640 (LWP 142391) exited]
[Thread 0x79a1dea78640 (LWP 142390) exited]
[Thread 0x79a1e4a91640 (LWP 142388) exited]
[Thread 0x79a1e5292640 (LWP 142387) exited]
[Thread 0x79a1e5a93640 (LWP 142386) exited]
[Thread 0x79a1e67fc640 (LWP 142365) exited]
[Thread 0x79a1e6ffd640 (LWP 142364) exited]
[Thread 0x79a1e77fe640 (LWP 142363) exited]
[Thread 0x79a1df5ff640 (LWP 142362) exited]
[Thread 0x79a1e7fff640 (LWP 142361) exited]
[Thread 0x79a1f4b41640 (LWP 142360) exited]
[Thread 0x79a1f5342640 (LWP 142359) exited]
[Thread 0x79a1f5b43640 (LWP 142358) exited]
[Thread 0x79a1f5be9a00 (LWP 142354) exited]
[Thread 0x79a1dffff640 (LWP 142389) exited]
[New process 142354]
[Inferior 1 (process 142354) exited with code 01]
(gdb) (gdb) No stack.
