Attaching to process 142140
[New LWP 142160]
[New LWP 142162]
[New LWP 142163]
[New LWP 142164]
[New LWP 142165]
[New LWP 142166]
[New LWP 142167]
[New LWP 142168]
[New LWP 142204]
[New LWP 142205]
[New LWP 142206]
[New LWP 142207]
[New LWP 142208]
[New LWP 142209]
[New LWP 142210]
[New LWP 142211]
[New LWP 142212]
[New LWP 142213]
[New LWP 142214]
[New LWP 142215]
[New LWP 142216]
[New LWP 142217]
[Thread debugging using libthread_db enabled]
Using host libthread_db library "/lib/x86_64-linux-gnu/libthread_db.so.1".
0x0000751f7e81d7f8 in __GI___clock_nanosleep (clock_id=clock_id@entry=0, flags=flags@entry=0, req=req@entry=0x7ffc5c7b84c0, rem=rem@entry=0x7ffc5c7b84c0) at ../sysdeps/unix/sysv/linux/clock_nanosleep.c:78
78	../sysdeps/unix/sysv/linux/clock_nanosleep.c: No such file or directory.
(gdb) (gdb) Continuing.
[Thread 0x751f4da0a640 (LWP 142217) exited]
[Thread 0x751f4e20b640 (LWP 142216) exited]
[Thread 0x751f4ea0c640 (LWP 142215) exited]
[Thread 0x751f4f20d640 (LWP 142214) exited]
[Thread 0x751f57fff640 (LWP 142213) exited]
[Thread 0x751f64a74640 (LWP 142212) exited]
[Thread 0x751f65275640 (LWP 142211) exited]
[Thread 0x751f65a76640 (LWP 142210) exited]
[Thread 0x751f66277640 (LWP 142209) exited]
[Thread 0x751f66a78640 (LWP 142208) exited]
[Thread 0x751f67fff640 (LWP 142207) exited]
[Thread 0x751f6ca91640 (LWP 142206) exited]
[Thread 0x751f6d292640 (LWP 142205) exited]
[Thread 0x751f6da93640 (LWP 142204) exited]
[Thread 0x751f6e7fc640 (LWP 142168) exited]
[Thread 0x751f6effd640 (LWP 142167) exited]
[Thread 0x751f6f7fe640 (LWP 142166) exited]
[Thread 0x751f675ff640 (LWP 142165) exited]
[Thread 0x751f6ffff640 (LWP 142164) exited]
[Thread 0x751f7ca9b640 (LWP 142163) exited]
[Thread 0x751f7d29c640 (LWP 142162) exited]
[Thread 0x751f7da9d640 (LWP 142160) exited]
[Inferior 1 (process 142140) exited with code 01]
(gdb) (gdb) No stack.
