Attaching to process 143685
[New LWP 143689]
[New LWP 143690]
[New LWP 143691]
[New LWP 143692]
[New LWP 143693]
[New LWP 143694]
[New LWP 143695]
[New LWP 143696]
[New LWP 143734]
[New LWP 143735]
[New LWP 143736]
[New LWP 143737]
[New LWP 143738]
[New LWP 143739]
[New LWP 143740]
[New LWP 143741]
[New LWP 143742]
[New LWP 143743]
[Thread debugging using libthread_db enabled]
Using host libthread_db library "/lib/x86_64-linux-gnu/libthread_db.so.1".
0x00007505fd057161 in do_sin (dx=1.0648475295400606e-17, x=-0.00086686945801239812) at ../sysdeps/ieee754/dbl-64/s_sin.c:140
140	../sysdeps/ieee754/dbl-64/s_sin.c: No such file or directory.
(gdb) (gdb) Continuing.
[New Thread 0x7505cd958640 (LWP 143746)]
[New Thread 0x7505cd157640 (LWP 143747)]
[New Thread 0x7505cc956640 (LWP 143748)]
[New Thread 0x7505c7fff640 (LWP 143749)]
[Thread 0x7505c7fff640 (LWP 143749) exited]
[Thread 0x7505cc956640 (LWP 143748) exited]
[Thread 0x7505cd157640 (LWP 143747) exited]
[Thread 0x7505cd958640 (LWP 143746) exited]
[Thread 0x7505d27fc640 (LWP 143743) exited]
[Thread 0x7505d2ffd640 (LWP 143742) exited]
[Thread 0x7505d37fe640 (LWP 143741) exited]
[Thread 0x7505d3fff640 (LWP 143740) exited]
[Thread 0x7505d8dad640 (LWP 143739) exited]
[Thread 0x7505d95ae640 (LWP 143738) exited]
[Thread 0x7505da135640 (LWP 143737) exited]
[Thread 0x7505db137640 (LWP 143735) exited]
[Thread 0x7505db938640 (LWP 143734) exited]
[Thread 0x7505f893c640 (LWP 143696) exited]
[Thread 0x7505f913d640 (LWP 143695) exited]
[Thread 0x7505f993e640 (LWP 143694) exited]
[Thread 0x7505fa13f640 (LWP 143693) exited]
[Thread 0x7505fa940640 (LWP 143692) exited]
[Thread 0x7505fb141640 (LWP 143691) exited]
[Thread 0x7505fb942640 (LWP 143690) exited]
[Thread 0x7505fc143640 (LWP 143689) exited]
[Thread 0x7505fc1e9a00 (LWP 143685) exited]
[Thread 0x7505da936640 (LWP 143736) exited]
[New process 143685]
[Inferior 1 (process 143685) exited with code 01]
(gdb) (gdb) No stack.
