Attaching to process 143766
[New LWP 143770]
[New LWP 143771]
[New LWP 143772]
[New LWP 143773]
[New LWP 143774]
[New LWP 143775]
[New LWP 143776]
[New LWP 143777]
[Thread debugging using libthread_db enabled]
Using host libthread_db library "/lib/x86_64-linux-gnu/libthread_db.so.1".
0x00007dbb77588cdb in eventfd () at ../sysdeps/unix/syscall-template.S:120
120	../sysdeps/unix/syscall-template.S: No such file or directory.
(gdb) (gdb) Continuing.
[New Thread 0x7dbb6e7fc640 (LWP 143817)]
[New Thread 0x7dbb6dffb640 (LWP 143818)]
[New Thread 0x7dbb6cdfe640 (LWP 143819)]
[New Thread 0x7dbb4ffff640 (LWP 143820)]
[New Thread 0x7dbb4f7fe640 (LWP 143821)]
[New Thread 0x7dbb4effd640 (LWP 143822)]
[New Thread 0x7dbb4e7fc640 (LWP 143823)]
[New Thread 0x7dbb4dffb640 (LWP 143824)]
[New Thread 0x7dbb4d7fa640 (LWP 143825)]
[New Thread 0x7dbb4cff9640 (LWP 143826)]
[New Thread 0x7dbb47fb0640 (LWP 143827)]
[New Thread 0x7dbb477af640 (LWP 143828)]
[New Thread 0x7dbb46fae640 (LWP 143829)]
[New Thread 0x7dbb467ad640 (LWP 143830)]
[Thread 0x7dbb467ad640 (LWP 143830) exited]
[Thread 0x7dbb46fae640 (LWP 143829) exited]
[Thread 0x7dbb477af640 (LWP 143828) exited]
[Thread 0x7dbb4cff9640 (LWP 143826) exited]
[Thread 0x7dbb4d7fa640 (LWP 143825) exited]
[Thread 0x7dbb4dffb640 (LWP 143824) exited]
[Thread 0x7dbb4e7fc640 (LWP 143823) exited]
[Thread 0x7dbb4effd640 (LWP 143822) exited]
[Thread 0x7dbb4f7fe640 (LWP 143821) exited]
[Thread 0x7dbb4ffff640 (LWP 143820) exited]
[Thread 0x7dbb6cdfe640 (LWP 143819) exited]
[Thread 0x7dbb6dffb640 (LWP 143818) exited]
[Thread 0x7dbb6e7fc640 (LWP 143817) exited]
[Thread 0x7dbb6effd640 (LWP 143777) exited]
[Thread 0x7dbb6f7fe640 (LWP 143776) exited]
[Thread 0x7dbb6ffff640 (LWP 143775) exited]
[Thread 0x7dbb74fc5640 (LWP 143774) exited]
[Thread 0x7dbb757c6640 (LWP 143773) exited]
[Thread 0x7dbb6d5ff640 (LWP 143772) exited]
[Thread 0x7dbb75fc7640 (LWP 143771) exited]
[Thread 0x7dbb767c8640 (LWP 143770) exited]
[Thread 0x7dbb7686ea00 (LWP 143766) exited]
[Thread 0x7dbb47fb0640 (LWP 143827) exited]
[New process 143766]
[Inferior 1 (process 143766) exited with code 01]
(gdb) No stack.
(gdb) 