Attaching to process 142979
[New LWP 142983]
[New LWP 142984]
[New LWP 142985]
[New LWP 142986]
[New LWP 142987]
[New LWP 142988]
[New LWP 142989]
[New LWP 142990]
120	../sysdeps/unix/syscall-template.S: No such file or directory.
[Thread debugging using libthread_db enabled]
Using host libthread_db library "/lib/x86_64-linux-gnu/libthread_db.so.1".
0x0000726c023f5cdb in eventfd () at ../sysdeps/unix/syscall-template.S:120
(gdb) (gdb) Continuing.
[New Thread 0x726bf1292640 (LWP 143030)]
[New Thread 0x726bf0a91640 (LWP 143031)]
[New Thread 0x726bebfff640 (LWP 143032)]
[New Thread 0x726beb7fe640 (LWP 143033)]
[New Thread 0x726bea5fe640 (LWP 143034)]
[New Thread 0x726be9dfd640 (LWP 143035)]
[New Thread 0x726be95fc640 (LWP 143036)]
[New Thread 0x726be8dfb640 (LWP 143037)]
[New Thread 0x726bd7fff640 (LWP 143038)]
[New Thread 0x726bd77fe640 (LWP 143039)]
[New Thread 0x726bd2db2640 (LWP 143040)]
[New Thread 0x726bd25b1640 (LWP 143041)]
[New Thread 0x726bd1db0640 (LWP 143042)]
[New Thread 0x726bd13ec640 (LWP 143043)]
[Thread 0x726bd13ec640 (LWP 143043) exited]
[Thread 0x726bd1db0640 (LWP 143042) exited]
[Thread 0x726bd25b1640 (LWP 143041) exited]
[Thread 0x726bd2db2640 (LWP 143040) exited]
[Thread 0x726bd77fe640 (LWP 143039) exited]
[Thread 0x726bd7fff640 (LWP 143038) exited]
[Thread 0x726be8dfb640 (LWP 143037) exited]
[Thread 0x726be95fc640 (LWP 143036) exited]
[Thread 0x726be9dfd640 (LWP 143035) exited]
[Thread 0x726bea5fe640 (LWP 143034) exited]
[Thread 0x726beb7fe640 (LWP 143033) exited]
[Thread 0x726bf0a91640 (LWP 143031) exited]
[Thread 0x726bf1292640 (LWP 143030) exited]
[Thread 0x726bf1ffb640 (LWP 142990) exited]
[Thread 0x726bf27fc640 (LWP 142989) exited]
[Thread 0x726bf2ffd640 (LWP 142988) exited]
[Thread 0x726beadff640 (LWP 142987) exited]
[Thread 0x726bf37fe640 (LWP 142986) exited]
[Thread 0x726bf3fff640 (LWP 142985) exited]
[Thread 0x726c00e34640 (LWP 142984) exited]
[Thread 0x726c01635640 (LWP 142983) exited]
[Thread 0x726c016dba00 (LWP 142979) exited]
[Thread 0x726bebfff640 (LWP 143032) exited]
[New process 142979]
[Inferior 1 (process 142979) exited with code 01]
(gdb) (gdb) No stack.
