Attaching to process 3104760
[New LWP 3104764]
[New LWP 3104765]
[New LWP 3104766]
[New LWP 3104767]
[New LWP 3104768]
[New LWP 3104769]
[New LWP 3104770]
[New LWP 3104771]
[New LWP 3104772]
[New LWP 3104773]
[New LWP 3104774]
[New LWP 3104775]
[New LWP 3104776]
[New LWP 3104777]
[New LWP 3104778]
[New LWP 3104779]
[New LWP 3104780]
[New LWP 3104781]
[New LWP 3104782]
[New LWP 3104783]
[New LWP 3104784]
[New LWP 3104785]
[Thread debugging using libthread_db enabled]
Using host libthread_db library "/lib/x86_64-linux-gnu/libthread_db.so.1".
0x000071d3fd40d7f8 in __GI___clock_nanosleep (clock_id=clock_id@entry=0, flags=flags@entry=0, req=req@entry=0x7ffcd1ce59e0, rem=rem@entry=0x7ffcd1ce59e0) at ../sysdeps/unix/sysv/linux/clock_nanosleep.c:78
78	../sysdeps/unix/sysv/linux/clock_nanosleep.c: No such file or directory.
(gdb) (gdb) Continuing.
[Thread 0x71d3d1e98640 (LWP 3104782) exited]
[Thread 0x71d3d1697640 (LWP 3104783) exited]
[Thread 0x71d3bffff640 (LWP 3104785) exited]
[Thread 0x71d3d0e96640 (LWP 3104784) exited]
[Thread 0x71d3e27fc640 (LWP 3104781) exited]
[Thread 0x71d3e2ffd640 (LWP 3104780) exited]
[Thread 0x71d3e37fe640 (LWP 3104779) exited]
[Thread 0x71d3e3fff640 (LWP 3104778) exited]
[Thread 0x71d3f0ff9640 (LWP 3104777) exited]
[Thread 0x71d3f17fa640 (LWP 3104776) exited]
[Thread 0x71d3f1ffb640 (LWP 3104775) exited]
[Thread 0x71d3f27fc640 (LWP 3104774) exited]
[Thread 0x71d3f2ffd640 (LWP 3104773) exited]
[Thread 0x71d3f37fe640 (LWP 3104772) exited]
[Thread 0x71d3f9687640 (LWP 3104771) exited]
[Thread 0x71d3f9e88640 (LWP 3104770) exited]
[Thread 0x71d3fae8a640 (LWP 3104768) exited]
[Thread 0x71d3fb68b640 (LWP 3104767) exited]
[Thread 0x71d3fbe8c640 (LWP 3104766) exited]
[Thread 0x71d3f3fff640 (LWP 3104765) exited]
[Thread 0x71d3fc68d640 (LWP 3104764) exited]
[Thread 0x71d3fc733a00 (LWP 3104760) exited]
[Thread 0x71d3fa689640 (LWP 3104769) exited]
[New process 3104760]
[Inferior 1 (process 3104760) exited normally]
(gdb) No stack.
(gdb) 