Attaching to process 1091559
[New LWP 1091592]
[New LWP 1091593]
[New LWP 1091594]
[New LWP 1091595]
[New LWP 1091596]
[New LWP 1091597]
[New LWP 1091598]
[New LWP 1091599]
[New LWP 1091623]
[New LWP 1091624]
[New LWP 1091625]
[New LWP 1091626]
[New LWP 1091627]
[New LWP 1091628]
[New LWP 1091629]
[New LWP 1091630]
[New LWP 1091631]
[New LWP 1091632]
[New LWP 1091633]
[New LWP 1091634]
[New LWP 1091635]
[New LWP 1091636]
[Thread debugging using libthread_db enabled]
Using host libthread_db library "/lib/x86_64-linux-gnu/libthread_db.so.1".
0x0000764aef89e7f8 in __GI___clock_nanosleep (clock_id=clock_id@entry=0, flags=flags@entry=0, req=req@entry=0x7fff2a6896d0, rem=rem@entry=0x7fff2a6896d0) at ../sysdeps/unix/sysv/linux/clock_nanosleep.c:78
78	../sysdeps/unix/sysv/linux/clock_nanosleep.c: No such file or directory.
(gdb) (gdb) Continuing.
[Thread 0x764ac033b640 (LWP 1091633) exited]
[Thread 0x764abfb3a640 (LWP 1091634) exited]
[Thread 0x764abe975640 (LWP 1091636) exited]
[Thread 0x764abf339640 (LWP 1091635) exited]
[Thread 0x764ac5474640 (LWP 1091632) exited]
[Thread 0x764ac5c75640 (LWP 1091631) exited]
[Thread 0x764ac6476640 (LWP 1091630) exited]
[Thread 0x764ac6c77640 (LWP 1091629) exited]
[Thread 0x764ac7478640 (LWP 1091628) exited]
[Thread 0x764ac7c79640 (LWP 1091627) exited]
[Thread 0x764ad4a91640 (LWP 1091626) exited]
[Thread 0x764ad5292640 (LWP 1091625) exited]
[Thread 0x764ad5a93640 (LWP 1091624) exited]
[Thread 0x764ad6294640 (LWP 1091623) exited]
[Thread 0x764ad6ffd640 (LWP 1091599) exited]
[Thread 0x764ad77fe640 (LWP 1091598) exited]
[Thread 0x764ad7fff640 (LWP 1091597) exited]
[Thread 0x764aecb1a640 (LWP 1091596) exited]
[Thread 0x764aed31b640 (LWP 1091595) exited]
[Thread 0x764aedb1c640 (LWP 1091594) exited]
[Thread 0x764aee31d640 (LWP 1091593) exited]
[Thread 0x764aeeb1e640 (LWP 1091592) exited]
[Inferior 1 (process 1091559) exited normally]
(gdb) No stack.
(gdb) 