Attaching to process 1091679
[New LWP 1091683]
[New LWP 1091684]
[New LWP 1091685]
[New LWP 1091686]
[New LWP 1091687]
[New LWP 1091688]
[New LWP 1091689]
[New LWP 1091690]
[New LWP 1091692]
[New LWP 1091693]
[New LWP 1091694]
[New LWP 1091695]
[New LWP 1091696]
[New LWP 1091697]
[New LWP 1091698]
[New LWP 1091699]
[New LWP 1091700]
[New LWP 1091701]
[New LWP 1091702]
[New LWP 1091703]
[New LWP 1091704]
[New LWP 1091705]
[Thread debugging using libthread_db enabled]
Using host libthread_db library "/lib/x86_64-linux-gnu/libthread_db.so.1".
0x000076e6f68487f8 in __GI___clock_nanosleep (clock_id=clock_id@entry=0, flags=flags@entry=0, req=req@entry=0x7ffff1080820, rem=rem@entry=0x7ffff1080820) at ../sysdeps/unix/sysv/linux/clock_nanosleep.c:78
78	../sysdeps/unix/sysv/linux/clock_nanosleep.c: No such file or directory.
(gdb) (gdb) Continuing.
[Thread 0x76e6c72f2640 (LWP 1091702) exited]
[Thread 0x76e6c6af1640 (LWP 1091703) exited]
[Thread 0x76e6c592c640 (LWP 1091705) exited]
[Thread 0x76e6c62f0640 (LWP 1091704) exited]
[Thread 0x76e6cc472640 (LWP 1091701) exited]
[Thread 0x76e6ccc73640 (LWP 1091700) exited]
[Thread 0x76e6cd474640 (LWP 1091699) exited]
[Thread 0x76e6cdc75640 (LWP 1091698) exited]
[Thread 0x76e6ce476640 (LWP 1091697) exited]
[Thread 0x76e6cec77640 (LWP 1091696) exited]
[Thread 0x76e6cffff640 (LWP 1091694) exited]
[Thread 0x76e6eca91640 (LWP 1091693) exited]
[Thread 0x76e6ed292640 (LWP 1091692) exited]
[Thread 0x76e6edffb640 (LWP 1091690) exited]
[Thread 0x76e6ee7fc640 (LWP 1091689) exited]
[Thread 0x76e6eeffd640 (LWP 1091688) exited]
[Thread 0x76e6ef7fe640 (LWP 1091687) exited]
[Thread 0x76e6f4ac6640 (LWP 1091686) exited]
[Thread 0x76e6f52c7640 (LWP 1091685) exited]
[Thread 0x76e6effff640 (LWP 1091684) exited]
[Thread 0x76e6f5ac8640 (LWP 1091683) exited]
[Thread 0x76e6f5b6ea00 (LWP 1091679) exited]
[Thread 0x76e6cf7fe640 (LWP 1091695) exited]
[New process 1091679]
[Inferior 1 (process 1091679) exited normally]
(gdb) No stack.
(gdb) 