Attaching to process 2938351
[New LWP 2938355]
[New LWP 2938356]
[New LWP 2938357]
[New LWP 2938358]
[New LWP 2938359]
[New LWP 2938360]
[New LWP 2938361]
[New LWP 2938362]
[New LWP 2938363]
[New LWP 2938364]
[New LWP 2938365]
[New LWP 2938366]
[New LWP 2938367]
[New LWP 2938368]
[New LWP 2938369]
[New LWP 2938370]
[New LWP 2938371]
[New LWP 2938372]
[New LWP 2938373]
[New LWP 2938374]
[New LWP 2938375]
[New LWP 2938376]
[Thread debugging using libthread_db enabled]
Using host libthread_db library "/lib/x86_64-linux-gnu/libthread_db.so.1".
0x00007c00fddf17f8 in __GI___clock_nanosleep (clock_id=clock_id@entry=0, flags=flags@entry=0, req=req@entry=0x7ffe3fccc5e0, rem=rem@entry=0x7ffe3fccc5e0) at ../sysdeps/unix/sysv/linux/clock_nanosleep.c:78
78	../sysdeps/unix/sysv/linux/clock_nanosleep.c: No such file or directory.
(gdb) (gdb) Continuing.
[Thread 0x7c00ce8a3640 (LWP 2938373) exited]
[Thread 0x7c00c7fff640 (LWP 2938374) exited]
[Thread 0x7c00cd8a1640 (LWP 2938376) exited]
[Thread 0x7c00ce0a2640 (LWP 2938375) exited]
[Thread 0x7c00d3c71640 (LWP 2938372) exited]
[Thread 0x7c00d4c73640 (LWP 2938370) exited]
[Thread 0x7c00d5474640 (LWP 2938369) exited]
[Thread 0x7c00d5c75640 (LWP 2938368) exited]
[Thread 0x7c00d6476640 (LWP 2938367) exited]
[Thread 0x7c00d6ffd640 (LWP 2938366) exited]
[Thread 0x7c00d77fe640 (LWP 2938365) exited]
[Thread 0x7c00d7fff640 (LWP 2938364) exited]
[Thread 0x7c00f89a2640 (LWP 2938363) exited]
[Thread 0x7c00f986a640 (LWP 2938362) exited]
[Thread 0x7c00fa06b640 (LWP 2938361) exited]
[Thread 0x7c00fa86c640 (LWP 2938360) exited]
[Thread 0x7c00fb06d640 (LWP 2938359) exited]
[Thread 0x7c00fb86e640 (LWP 2938358) exited]
[Thread 0x7c00fc06f640 (LWP 2938357) exited]
[Thread 0x7c00fc870640 (LWP 2938356) exited]
[Thread 0x7c00fd071640 (LWP 2938355) exited]
[Thread 0x7c00fd117a00 (LWP 2938351) exited]
[Thread 0x7c00d4472640 (LWP 2938371) exited]
[New process 2938351]
[Inferior 1 (process 2938351) exited normally]
(gdb) No stack.
(gdb) 