Attaching to process 3658787
[New LWP 3658791]
[New LWP 3658792]
[New LWP 3658793]
[New LWP 3658794]
[New LWP 3658795]
[New LWP 3658796]
[New LWP 3658797]
[New LWP 3658798]
[New LWP 3658799]
[New LWP 3658800]
[New LWP 3658801]
[New LWP 3658802]
[New LWP 3658803]
[New LWP 3658804]
[New LWP 3658805]
[New LWP 3658806]
[New LWP 3658807]
[New LWP 3658808]
[New LWP 3658809]
[New LWP 3658810]
[New LWP 3658811]
[New LWP 3658812]
[Thread debugging using libthread_db enabled]
Using host libthread_db library "/lib/x86_64-linux-gnu/libthread_db.so.1".
0x000072139666c7f8 in __GI___clock_nanosleep (clock_id=clock_id@entry=0, flags=flags@entry=0, req=req@entry=0x7ffff4a08d40, rem=rem@entry=0x7ffff4a08d40) at ../sysdeps/unix/sysv/linux/clock_nanosleep.c:78
78	../sysdeps/unix/sysv/linux/clock_nanosleep.c: No such file or directory.
(gdb) (gdb) Continuing.
[Thread 0x7213770ae640 (LWP 3658809) exited]
[Thread 0x7213768ad640 (LWP 3658810) exited]
[Thread 0x7213760ac640 (LWP 3658811) exited]
[Thread 0x7213756e8640 (LWP 3658812) exited]
[Thread 0x72137ffff640 (LWP 3658808) exited]
[Thread 0x721384a74640 (LWP 3658807) exited]
[Thread 0x721385275640 (LWP 3658806) exited]
[Thread 0x721385a76640 (LWP 3658805) exited]
[Thread 0x721386277640 (LWP 3658804) exited]
[Thread 0x721386a78640 (LWP 3658803) exited]
[Thread 0x721387fff640 (LWP 3658802) exited]
[Thread 0x72138d133640 (LWP 3658800) exited]
[Thread 0x72138d934640 (LWP 3658799) exited]
[Thread 0x72138e7fc640 (LWP 3658798) exited]
[Thread 0x72138effd640 (LWP 3658797) exited]
[Thread 0x72138f7fe640 (LWP 3658796) exited]
[Thread 0x7213875ff640 (LWP 3658795) exited]
[Thread 0x7213948ea640 (LWP 3658794) exited]
[Thread 0x7213950eb640 (LWP 3658793) exited]
[Thread 0x72138ffff640 (LWP 3658792) exited]
[Thread 0x7213958ec640 (LWP 3658791) exited]
[Thread 0x721395992a00 (LWP 3658787) exited]
[Thread 0x72138c932640 (LWP 3658801) exited]
[New process 3658787]
[Inferior 1 (process 3658787) exited normally]
(gdb) (gdb) No stack.
