Attaching to process 3659281
[New LWP 3659314]
[New LWP 3659315]
[New LWP 3659316]
[New LWP 3659317]
[New LWP 3659318]
[New LWP 3659319]
[New LWP 3659320]
[New LWP 3659321]
[New LWP 3659345]
[New LWP 3659346]
[New LWP 3659347]
[New LWP 3659348]
[New LWP 3659349]
[New LWP 3659350]
[New LWP 3659351]
[New LWP 3659352]
[New LWP 3659353]
[New LWP 3659354]
[New LWP 3659355]
[New LWP 3659356]
[New LWP 3659357]
[New LWP 3659358]
[Thread debugging using libthread_db enabled]
Using host libthread_db library "/lib/x86_64-linux-gnu/libthread_db.so.1".
0x00007ea9147137f8 in __GI___clock_nanosleep (clock_id=clock_id@entry=0, flags=flags@entry=0, req=req@entry=0x7ffd66ff0930, rem=rem@entry=0x7ffd66ff0930) at ../sysdeps/unix/sysv/linux/clock_nanosleep.c:78
78	../sysdeps/unix/sysv/linux/clock_nanosleep.c: No such file or directory.
(gdb) (gdb) Continuing.
[Thread 0x7ea8e51da640 (LWP 3659355) exited]
[Thread 0x7ea8dffff640 (LWP 3659356) exited]
[Thread 0x7ea8e4816640 (LWP 3659357) exited]
[Thread 0x7ea8e9ffb640 (LWP 3659354) exited]
[Thread 0x7ea8ea7fc640 (LWP 3659353) exited]
[Thread 0x7ea8eaffd640 (LWP 3659352) exited]
[Thread 0x7ea8eb7fe640 (LWP 3659351) exited]
[Thread 0x7ea8ebfff640 (LWP 3659350) exited]
[Thread 0x7ea8f0f0c640 (LWP 3659349) exited]
[Thread 0x7ea8f1a93640 (LWP 3659348) exited]
[Thread 0x7ea8f2294640 (LWP 3659347) exited]
[Thread 0x7ea8f2a95640 (LWP 3659346) exited]
[Thread 0x7ea8f3296640 (LWP 3659345) exited]
[Thread 0x7ea8f3fff640 (LWP 3659321) exited]
[Thread 0x7ea91098d640 (LWP 3659320) exited]
[Thread 0x7ea91118e640 (LWP 3659319) exited]
[Thread 0x7ea91198f640 (LWP 3659318) exited]
[Thread 0x7ea912190640 (LWP 3659317) exited]
[Thread 0x7ea912991640 (LWP 3659316) exited]
[Thread 0x7ea913192640 (LWP 3659315) exited]
[Thread 0x7ea913993640 (LWP 3659314) exited]
[Thread 0x7ea913a39a00 (LWP 3659281) exited]
[Thread 0x7ea8df7fe640 (LWP 3659358) exited]
[New process 3659281]
[Inferior 1 (process 3659281) exited normally]
(gdb) No stack.
(gdb) 