Attaching to process 1844144
[New LWP 1844148]
[New LWP 1844149]
[New LWP 1844150]
[New LWP 1844151]
[New LWP 1844152]
[New LWP 1844153]
[New LWP 1844154]
[New LWP 1844155]
[New LWP 1844157]
[New LWP 1844158]
[New LWP 1844159]
[New LWP 1844160]
[New LWP 1844161]
[New LWP 1844162]
[New LWP 1844163]
[New LWP 1844164]
[New LWP 1844165]
[New LWP 1844166]
[New LWP 1844167]
[New LWP 1844168]
[New LWP 1844169]
[New LWP 1844170]
[Thread debugging using libthread_db enabled]
Using host libthread_db library "/lib/x86_64-linux-gnu/libthread_db.so.1".
0x000075c1a6c2a7f8 in __GI___clock_nanosleep (clock_id=clock_id@entry=0, flags=flags@entry=0, req=req@entry=0x7ffd437a31b0, rem=rem@entry=0x7ffd437a31b0) at ../sysdeps/unix/sysv/linux/clock_nanosleep.c:78
78	../sysdeps/unix/sysv/linux/clock_nanosleep.c: No such file or directory.
(gdb) (gdb) Continuing.
[Thread 0x75c1776dd640 (LWP 1844167) exited]
[Thread 0x75c176edc640 (LWP 1844168) exited]
[Thread 0x75c175eda640 (LWP 1844170) exited]
[Thread 0x75c1766db640 (LWP 1844169) exited]
[Thread 0x75c17c7f8640 (LWP 1844166) exited]
[Thread 0x75c17cff9640 (LWP 1844165) exited]
[Thread 0x75c17dffb640 (LWP 1844163) exited]
[Thread 0x75c17e7fc640 (LWP 1844162) exited]
[Thread 0x75c17effd640 (LWP 1844161) exited]
[Thread 0x75c17f7fe640 (LWP 1844160) exited]
[Thread 0x75c17ffff640 (LWP 1844159) exited]
[Thread 0x75c19ca91640 (LWP 1844158) exited]
[Thread 0x75c19d292640 (LWP 1844157) exited]
[Thread 0x75c19dffb640 (LWP 1844155) exited]
[Thread 0x75c19e7fc640 (LWP 1844154) exited]
[Thread 0x75c19effd640 (LWP 1844153) exited]
[Thread 0x75c19f7fe640 (LWP 1844152) exited]
[Thread 0x75c1a4ea8640 (LWP 1844151) exited]
[Thread 0x75c1a56a9640 (LWP 1844150) exited]
[Thread 0x75c19ffff640 (LWP 1844149) exited]
[Thread 0x75c1a5eaa640 (LWP 1844148) exited]
[Thread 0x75c1a5f50a00 (LWP 1844144) exited]
[Thread 0x75c17d7fa640 (LWP 1844164) exited]
[New process 1844144]
[Inferior 1 (process 1844144) exited normally]
(gdb) (gdb) No stack.
