Attaching to process 1781515
[New LWP 1781519]
[New LWP 1781520]
[New LWP 1781521]
[New LWP 1781522]
[New LWP 1781523]
[New LWP 1781524]
[New LWP 1781525]
[New LWP 1781526]
[New LWP 1781528]
[New LWP 1781529]
[New LWP 1781530]
[New LWP 1781531]
[New LWP 1781532]
[New LWP 1781533]
[New LWP 1781534]
[New LWP 1781535]
[New LWP 1781536]
[New LWP 1781537]
[New LWP 1781538]
[New LWP 1781539]
[New LWP 1781540]
[New LWP 1781541]
[Thread debugging using libthread_db enabled]
Using host libthread_db library "/lib/x86_64-linux-gnu/libthread_db.so.1".
0x00007e53c65c17f8 in __GI___clock_nanosleep (clock_id=clock_id@entry=0, flags=flags@entry=0, req=req@entry=0x7fff1b77df60, rem=rem@entry=0x7fff1b77df60) at ../sysdeps/unix/sysv/linux/clock_nanosleep.c:78
78	../sysdeps/unix/sysv/linux/clock_nanosleep.c: No such file or directory.
(gdb) (gdb) Continuing.
[Thread 0x7e5397042640 (LWP 1781538) exited]
[Thread 0x7e538ffff640 (LWP 1781539) exited]
[Thread 0x7e5396040640 (LWP 1781541) exited]
[Thread 0x7e5396841640 (LWP 1781540) exited]
[Thread 0x7e539bfff640 (LWP 1781537) exited]
[Thread 0x7e53b9473640 (LWP 1781535) exited]
[Thread 0x7e53b9c74640 (LWP 1781534) exited]
[Thread 0x7e53ba475640 (LWP 1781533) exited]
[Thread 0x7e53bac76640 (LWP 1781532) exited]
[Thread 0x7e53bb7fd640 (LWP 1781531) exited]
[Thread 0x7e53bbffe640 (LWP 1781530) exited]
[Thread 0x7e53bd133640 (LWP 1781529) exited]
[Thread 0x7e53bd934640 (LWP 1781528) exited]
[Thread 0x7e53be7fc640 (LWP 1781526) exited]
[Thread 0x7e53beffd640 (LWP 1781525) exited]
[Thread 0x7e53bf7fe640 (LWP 1781524) exited]
[Thread 0x7e53bffff640 (LWP 1781523) exited]
[Thread 0x7e53c483f640 (LWP 1781522) exited]
[Thread 0x7e53bc7ff640 (LWP 1781521) exited]
[Thread 0x7e53c5040640 (LWP 1781520) exited]
[Thread 0x7e53c5841640 (LWP 1781519) exited]
[Thread 0x7e53c58e7a00 (LWP 1781515) exited]
[Thread 0x7e53b8c72640 (LWP 1781536) exited]
[New process 1781515]
[Inferior 1 (process 1781515) exited normally]
(gdb) No stack.
(gdb) 