Attaching to process 1781395
[New LWP 1781428]
[New LWP 1781429]
[New LWP 1781430]
[New LWP 1781431]
[New LWP 1781432]
[New LWP 1781433]
[New LWP 1781434]
[New LWP 1781435]
[New LWP 1781459]
[New LWP 1781460]
[New LWP 1781461]
[New LWP 1781462]
[New LWP 1781463]
[New LWP 1781464]
[New LWP 1781465]
[New LWP 1781466]
[New LWP 1781467]
[New LWP 1781468]
[New LWP 1781475]
[New LWP 1781476]
[New LWP 1781477]
[New LWP 1781478]
[Thread debugging using libthread_db enabled]
Using host libthread_db library "/lib/x86_64-linux-gnu/libthread_db.so.1".
0x00007d8ce631e7f8 in __GI___clock_nanosleep (clock_id=clock_id@entry=0, flags=flags@entry=0, req=req@entry=0x7fffa03a7440, rem=rem@entry=0x7fffa03a7440) at ../sysdeps/unix/sysv/linux/clock_nanosleep.c:78
78	../sysdeps/unix/sysv/linux/clock_nanosleep.c: No such file or directory.
(gdb) (gdb) Continuing.
[Thread 0x7d8cb6da5640 (LWP 1781475) exited]
[Thread 0x7d8cae3ff640 (LWP 1781476) exited]
[Thread 0x7d8cb65a4640 (LWP 1781477) exited]
[Thread 0x7d8cb5be0640 (LWP 1781478) exited]
[Thread 0x7d8cbdffb640 (LWP 1781464) exited]
[Thread 0x7d8cbf7fe640 (LWP 1781461) exited]
[Thread 0x7d8cbffff640 (LWP 1781460) exited]
[Thread 0x7d8cd57fa640 (LWP 1781435) exited]
[Thread 0x7d8cbbff7640 (LWP 1781468) exited]
[Thread 0x7d8cbc7f8640 (LWP 1781467) exited]
[Thread 0x7d8cbcff9640 (LWP 1781466) exited]
[Thread 0x7d8cbd7fa640 (LWP 1781465) exited]
[Thread 0x7d8cbe7fc640 (LWP 1781463) exited]
[Thread 0x7d8cd4a91640 (LWP 1781459) exited]
[Thread 0x7d8cd5ffb640 (LWP 1781434) exited]
[Thread 0x7d8cd67fc640 (LWP 1781433) exited]
[Thread 0x7d8cd6ffd640 (LWP 1781432) exited]
[Thread 0x7d8cd77fe640 (LWP 1781431) exited]
[Thread 0x7d8cd7fff640 (LWP 1781430) exited]
[Thread 0x7d8ce4d9d640 (LWP 1781429) exited]
[Thread 0x7d8ce559e640 (LWP 1781428) exited]
[Thread 0x7d8ce5644a00 (LWP 1781395) exited]
[Thread 0x7d8cbeffd640 (LWP 1781462) exited]
[New process 1781395]
[Inferior 1 (process 1781395) exited normally]
(gdb) (gdb) No stack.
