Attaching to process 1517601
[New LWP 1517634]
[New LWP 1517635]
[New LWP 1517636]
[New LWP 1517637]
[New LWP 1517638]
[New LWP 1517639]
[New LWP 1517640]
[New LWP 1517641]
[New LWP 1517665]
[New LWP 1517666]
[New LWP 1517667]
[New LWP 1517668]
[New LWP 1517669]
[New LWP 1517670]
[New LWP 1517671]
[New LWP 1517672]
[New LWP 1517673]
[New LWP 1517674]
[New LWP 1517675]
[New LWP 1517676]
[New LWP 1517677]
[New LWP 1517678]
78	../sysdeps/unix/sysv/linux/clock_nanosleep.c: No such file or directory.
[Thread debugging using libthread_db enabled]
Using host libthread_db library "/lib/x86_64-linux-gnu/libthread_db.so.1".
0x00007a3a141907f8 in __GI___clock_nanosleep (clock_id=clock_id@entry=0, flags=flags@entry=0, req=req@entry=0x7ffe4c9844c0, rem=rem@entry=0x7ffe4c9844c0) at ../sysdeps/unix/sysv/linux/clock_nanosleep.c:78
(gdb) (gdb) Continuing.
[Thread 0x7a39e4c3b640 (LWP 1517675) exited]
[Thread 0x7a39dffff640 (LWP 1517676) exited]
[Thread 0x7a39deffd640 (LWP 1517678) exited]
[Thread 0x7a39df7fe640 (LWP 1517677) exited]
[Thread 0x7a39ed7fa640 (LWP 1517674) exited]
[Thread 0x7a39edffb640 (LWP 1517673) exited]
[Thread 0x7a39ee7fc640 (LWP 1517672) exited]
[Thread 0x7a39eeffd640 (LWP 1517671) exited]
[Thread 0x7a39ef7fe640 (LWP 1517670) exited]
[Thread 0x7a39effff640 (LWP 1517669) exited]
[Thread 0x7a3a01a93640 (LWP 1517667) exited]
[Thread 0x7a3a02294640 (LWP 1517666) exited]
[Thread 0x7a3a02a95640 (LWP 1517665) exited]
[Thread 0x7a3a037fe640 (LWP 1517641) exited]
[Thread 0x7a3a10c0b640 (LWP 1517640) exited]
[Thread 0x7a3a03fff640 (LWP 1517639) exited]
[Thread 0x7a3a1140c640 (LWP 1517638) exited]
[Thread 0x7a3a11c0d640 (LWP 1517637) exited]
[Thread 0x7a3a1240e640 (LWP 1517636) exited]
[Thread 0x7a3a12c0f640 (LWP 1517635) exited]
[Thread 0x7a3a13410640 (LWP 1517634) exited]
[Thread 0x7a3a134b6a00 (LWP 1517601) exited]
[Thread 0x7a3a01292640 (LWP 1517668) exited]
[New process 1517601]
[Inferior 1 (process 1517601) exited normally]
(gdb) No stack.
(gdb) 