Attaching to process 1647272
[New LWP 1647276]
[New LWP 1647277]
[New LWP 1647278]
[New LWP 1647279]
[New LWP 1647280]
[New LWP 1647281]
[New LWP 1647282]
[New LWP 1647283]
[New LWP 1647284]
[New LWP 1647285]
[New LWP 1647286]
[New LWP 1647287]
[New LWP 1647288]
[New LWP 1647289]
[New LWP 1647290]
[New LWP 1647291]
[New LWP 1647292]
[New LWP 1647293]
[New LWP 1647294]
[New LWP 1647295]
[New LWP 1647296]
[New LWP 1647297]
78	../sysdeps/unix/sysv/linux/clock_nanosleep.c: No such file or directory.
[Thread debugging using libthread_db enabled]
Using host libthread_db library "/lib/x86_64-linux-gnu/libthread_db.so.1".
0x00007941b733f7f8 in __GI___clock_nanosleep (clock_id=clock_id@entry=0, flags=flags@entry=0, req=req@entry=0x7ffe1485e470, rem=rem@entry=0x7ffe1485e470) at ../sysdeps/unix/sysv/linux/clock_nanosleep.c:78
(gdb) (gdb) Continuing.
[Thread 0x794187ded640 (LWP 1647294) exited]
[Thread 0x7941875ec640 (LWP 1647295) exited]
[Thread 0x794186427640 (LWP 1647297) exited]
[Thread 0x794186deb640 (LWP 1647296) exited]
[Thread 0x79418cff9640 (LWP 1647293) exited]
[Thread 0x79418d7fa640 (LWP 1647292) exited]
[Thread 0x79418dffb640 (LWP 1647291) exited]
[Thread 0x79418effd640 (LWP 1647289) exited]
[Thread 0x79418f7fe640 (LWP 1647288) exited]
[Thread 0x79418ffff640 (LWP 1647287) exited]
[Thread 0x7941aca91640 (LWP 1647286) exited]
[Thread 0x7941ad292640 (LWP 1647285) exited]
[Thread 0x7941ada93640 (LWP 1647284) exited]
[Thread 0x7941ae7fc640 (LWP 1647283) exited]
[Thread 0x7941aeffd640 (LWP 1647282) exited]
[Thread 0x7941af7fe640 (LWP 1647281) exited]
[Thread 0x7941b4dbc640 (LWP 1647280) exited]
[Thread 0x7941b55bd640 (LWP 1647279) exited]
[Thread 0x7941b5dbe640 (LWP 1647278) exited]
[Thread 0x7941affff640 (LWP 1647277) exited]
[Thread 0x7941b65bf640 (LWP 1647276) exited]
[Thread 0x7941b6665a00 (LWP 1647272) exited]
[Thread 0x79418e7fc640 (LWP 1647290) exited]
[New process 1647272]
[Inferior 1 (process 1647272) exited normally]
(gdb) (gdb) No stack.
