Attaching to process 317898
[New LWP 317902]
[New LWP 317903]
[New LWP 317904]
[New LWP 317905]
[New LWP 317906]
[New LWP 317907]
[New LWP 317908]
[New LWP 317909]
[New LWP 317910]
[New LWP 317911]
[New LWP 317912]
[New LWP 317913]
[New LWP 317914]
[New LWP 317915]
[New LWP 317916]
[New LWP 317917]
[New LWP 317918]
[New LWP 317919]
[New LWP 317920]
[New LWP 317921]
[New LWP 317922]
[New LWP 317923]
[Thread debugging using libthread_db enabled]
Using host libthread_db library "/lib/x86_64-linux-gnu/libthread_db.so.1".
0x0000797ec92157f8 in __GI___clock_nanosleep (clock_id=clock_id@entry=0, flags=flags@entry=0, req=req@entry=0x7ffc3e828940, rem=rem@entry=0x7ffc3e828940) at ../sysdeps/unix/sysv/linux/clock_nanosleep.c:78
78	../sysdeps/unix/sysv/linux/clock_nanosleep.c: No such file or directory.
(gdb) (gdb) Continuing.
[Thread 0x797e99c98640 (LWP 317920) exited]
[Thread 0x797e93fff640 (LWP 317921) exited]
[Thread 0x797e98ad3640 (LWP 317923) exited]
[Thread 0x797e99497640 (LWP 317922) exited]
[Thread 0x797e9e7fc640 (LWP 317919) exited]
[Thread 0x797e9effd640 (LWP 317918) exited]
[Thread 0x797e9f7fe640 (LWP 317917) exited]
[Thread 0x797e9ffff640 (LWP 317916) exited]
[Thread 0x797ebcff9640 (LWP 317915) exited]
[Thread 0x797ebd7fa640 (LWP 317914) exited]
[Thread 0x797ebdffb640 (LWP 317913) exited]
[Thread 0x797ebe7fc640 (LWP 317912) exited]
[Thread 0x797ebeffd640 (LWP 317911) exited]
[Thread 0x797ebf7fe640 (LWP 317910) exited]
[Thread 0x797ec548f640 (LWP 317909) exited]
[Thread 0x797ec6491640 (LWP 317907) exited]
[Thread 0x797ec6c92640 (LWP 317906) exited]
[Thread 0x797ec7493640 (LWP 317905) exited]
[Thread 0x797ec7c94640 (LWP 317904) exited]
[Thread 0x797ebffff640 (LWP 317903) exited]
[Thread 0x797ec8495640 (LWP 317902) exited]
[Thread 0x797ec853ba00 (LWP 317898) exited]
[Thread 0x797ec5c90640 (LWP 317908) exited]
[New process 317898]
[Inferior 1 (process 317898) exited normally]
(gdb) No stack.
(gdb) 