Attaching to process 3597447
[New LWP 3597480]
[New LWP 3597481]
[New LWP 3597482]
[New LWP 3597483]
[New LWP 3597484]
[New LWP 3597485]
[New LWP 3597486]
[New LWP 3597487]
[New LWP 3597511]
[New LWP 3597512]
[New LWP 3597513]
[New LWP 3597514]
[New LWP 3597515]
[New LWP 3597516]
[New LWP 3597517]
[New LWP 3597518]
[New LWP 3597519]
[New LWP 3597520]
[New LWP 3597521]
[New LWP 3597522]
[New LWP 3597523]
[New LWP 3597524]
[Thread debugging using libthread_db enabled]
Using host libthread_db library "/lib/x86_64-linux-gnu/libthread_db.so.1".
0x00007e839f7987f8 in __GI___clock_nanosleep (clock_id=clock_id@entry=0, flags=flags@entry=0, req=req@entry=0x7fff4b4ddf10, rem=rem@entry=0x7fff4b4ddf10) at ../sysdeps/unix/sysv/linux/clock_nanosleep.c:78
78	../sysdeps/unix/sysv/linux/clock_nanosleep.c: No such file or directory.
(gdb) (gdb) Continuing.
[Thread 0x7e836ffff640 (LWP 3597521) exited]
[Thread 0x7e836f7fe640 (LWP 3597522) exited]
[Thread 0x7e836e7fc640 (LWP 3597524) exited]
[Thread 0x7e836effd640 (LWP 3597523) exited]
[Thread 0x7e837cff9640 (LWP 3597520) exited]
[Thread 0x7e837d7fa640 (LWP 3597519) exited]
[Thread 0x7e837dffb640 (LWP 3597518) exited]
[Thread 0x7e837e7fc640 (LWP 3597517) exited]
[Thread 0x7e837effd640 (LWP 3597516) exited]
[Thread 0x7e837f7fe640 (LWP 3597515) exited]
[Thread 0x7e8385292640 (LWP 3597514) exited]
[Thread 0x7e8385a93640 (LWP 3597513) exited]
[Thread 0x7e8386294640 (LWP 3597512) exited]
[Thread 0x7e8386a95640 (LWP 3597511) exited]
[Thread 0x7e83877fe640 (LWP 3597487) exited]
[Thread 0x7e837ffff640 (LWP 3597486) exited]
[Thread 0x7e8387fff640 (LWP 3597485) exited]
[Thread 0x7e839ca14640 (LWP 3597484) exited]
[Thread 0x7e839d215640 (LWP 3597483) exited]
[Thread 0x7e839da16640 (LWP 3597482) exited]
[Thread 0x7e839e217640 (LWP 3597481) exited]
[Thread 0x7e839ea18640 (LWP 3597480) exited]
[Inferior 1 (process 3597447) exited normally]
(gdb) No stack.
(gdb) 