Attaching to process 2720408
[New LWP 2720441]
[New LWP 2720442]
[New LWP 2720443]
[New LWP 2720444]
[New LWP 2720445]
[New LWP 2720446]
[New LWP 2720447]
[New LWP 2720448]
[New LWP 2720472]
[New LWP 2720473]
[New LWP 2720474]
[New LWP 2720475]
[New LWP 2720476]
[New LWP 2720477]
[New LWP 2720478]
[New LWP 2720479]
[New LWP 2720480]
[New LWP 2720481]
[New LWP 2720482]
[New LWP 2720483]
[New LWP 2720484]
[New LWP 2720485]
[Thread debugging using libthread_db enabled]
Using host libthread_db library "/lib/x86_64-linux-gnu/libthread_db.so.1".
0x000075390c5637f8 in __GI___clock_nanosleep (clock_id=clock_id@entry=0, flags=flags@entry=0, req=req@entry=0x7ffc24bfdbc0, rem=rem@entry=0x7ffc24bfdbc0) at ../sysdeps/unix/sysv/linux/clock_nanosleep.c:78
78	../sysdeps/unix/sysv/linux/clock_nanosleep.c: No such file or directory.
(gdb) (gdb) Continuing.
[Thread 0x7538db7c8640 (LWP 2720485) exited]
[Thread 0x7538dbfc9640 (LWP 2720484) exited]
[Thread 0x7538dc7ca640 (LWP 2720483) exited]
[Thread 0x7538dcfcb640 (LWP 2720482) exited]
[Thread 0x7538e5ffb640 (LWP 2720481) exited]
[Thread 0x7538e67fc640 (LWP 2720480) exited]
[Thread 0x7538e6ffd640 (LWP 2720479) exited]
[Thread 0x7538e77fe640 (LWP 2720478) exited]
[Thread 0x7538e7fff640 (LWP 2720477) exited]
[Thread 0x7538f0c73640 (LWP 2720476) exited]
[Thread 0x7538f17fa640 (LWP 2720475) exited]
[Thread 0x7538f1ffb640 (LWP 2720474) exited]
[Thread 0x7538f27fc640 (LWP 2720473) exited]
[Thread 0x7538f37fe640 (LWP 2720448) exited]
[Thread 0x7538f3fff640 (LWP 2720447) exited]
[Thread 0x753908fde640 (LWP 2720446) exited]
[Thread 0x7539097df640 (LWP 2720445) exited]
[Thread 0x753909fe0640 (LWP 2720444) exited]
[Thread 0x75390a7e1640 (LWP 2720443) exited]
[Thread 0x75390afe2640 (LWP 2720442) exited]
[Thread 0x75390b7e3640 (LWP 2720441) exited]
[Thread 0x75390b889a00 (LWP 2720408) exited]
[Thread 0x7538f2ffd640 (LWP 2720472) exited]
[New process 2720408]
[Inferior 1 (process 2720408) exited with code 01]
(gdb) No stack.
(gdb) 