Attaching to process 2720952
[New LWP 2720973]
[New LWP 2720974]
[New LWP 2720975]
[New LWP 2720976]
[New LWP 2720977]
[New LWP 2720980]
[New LWP 2720982]
[New LWP 2720983]
[New LWP 2721016]
[New LWP 2721017]
[New LWP 2721018]
[New LWP 2721019]
[New LWP 2721020]
[New LWP 2721021]
[New LWP 2721022]
[New LWP 2721023]
[New LWP 2721024]
[New LWP 2721025]
[New LWP 2721026]
[New LWP 2721027]
[New LWP 2721028]
[New LWP 2721029]
[Thread debugging using libthread_db enabled]
Using host libthread_db library "/lib/x86_64-linux-gnu/libthread_db.so.1".
0x0000734479cd97f8 in __GI___clock_nanosleep (clock_id=clock_id@entry=0, flags=flags@entry=0, req=req@entry=0x7ffc62be6930, rem=rem@entry=0x7ffc62be6930) at ../sysdeps/unix/sysv/linux/clock_nanosleep.c:78
78	../sysdeps/unix/sysv/linux/clock_nanosleep.c: No such file or directory.
(gdb) (gdb) Continuing.
[Thread 0x73444975b640 (LWP 2721028) exited]
[Thread 0x734448f5a640 (LWP 2721029) exited]
[Thread 0x73444a75d640 (LWP 2721026) exited]
[Thread 0x734452ffd640 (LWP 2721025) exited]
[Thread 0x7344537fe640 (LWP 2721024) exited]
[Thread 0x734453fff640 (LWP 2721023) exited]
[Thread 0x734460ff9640 (LWP 2721022) exited]
[Thread 0x7344617fa640 (LWP 2721021) exited]
[Thread 0x734461ffb640 (LWP 2721020) exited]
[Thread 0x7344627fc640 (LWP 2721019) exited]
[Thread 0x734462ffd640 (LWP 2721018) exited]
[Thread 0x7344637fe640 (LWP 2721017) exited]
[Thread 0x734470ff9640 (LWP 2721016) exited]
[Thread 0x7344717fa640 (LWP 2720983) exited]
[Thread 0x734471ffb640 (LWP 2720982) exited]
[Thread 0x7344727fc640 (LWP 2720980) exited]
[Thread 0x734472ffd640 (LWP 2720977) exited]
[Thread 0x734463fff640 (LWP 2720976) exited]
[Thread 0x7344737fe640 (LWP 2720975) exited]
[Thread 0x734473fff640 (LWP 2720974) exited]
[Thread 0x734478f59640 (LWP 2720973) exited]
[Thread 0x734478fffa00 (LWP 2720952) exited]
[Thread 0x734449f5c640 (LWP 2721027) exited]
[New process 2720952]
[Inferior 1 (process 2720952) exited with code 01]
(gdb) (gdb) No stack.
