Attaching to process 2721495
[New LWP 2721515]
[New LWP 2721517]
[New LWP 2721518]
[New LWP 2721519]
[New LWP 2721520]
[New LWP 2721521]
[New LWP 2721522]
[New LWP 2721526]
[New LWP 2721559]
[New LWP 2721560]
[New LWP 2721561]
[New LWP 2721562]
[New LWP 2721563]
[New LWP 2721564]
[New LWP 2721565]
[New LWP 2721566]
[New LWP 2721567]
[New LWP 2721568]
[New LWP 2721569]
[New LWP 2721570]
[New LWP 2721571]
[New LWP 2721572]
78	../sysdeps/unix/sysv/linux/clock_nanosleep.c: No such file or directory.
[Thread debugging using libthread_db enabled]
Using host libthread_db library "/lib/x86_64-linux-gnu/libthread_db.so.1".
0x0000719e285c77f8 in __GI___clock_nanosleep (clock_id=clock_id@entry=0, flags=flags@entry=0, req=req@entry=0x7fff4abf7120, rem=rem@entry=0x7fff4abf7120) at ../sysdeps/unix/sysv/linux/clock_nanosleep.c:78
(gdb) (gdb) Continuing.
[Thread 0x719def7fe640 (LWP 2721572) exited]
[Thread 0x719deffff640 (LWP 2721571) exited]
[Thread 0x719df883e640 (LWP 2721570) exited]
[Thread 0x719df903f640 (LWP 2721569) exited]
[Thread 0x719dfdffb640 (LWP 2721568) exited]
[Thread 0x719dfe7fc640 (LWP 2721567) exited]
[Thread 0x719dfeffd640 (LWP 2721566) exited]
[Thread 0x719dff7fe640 (LWP 2721565) exited]
[Thread 0x719dfffff640 (LWP 2721564) exited]
[Thread 0x719e08dad640 (LWP 2721563) exited]
[Thread 0x719e09934640 (LWP 2721562) exited]
[Thread 0x719e0a135640 (LWP 2721561) exited]
[Thread 0x719e0a936640 (LWP 2721560) exited]
[Thread 0x719e0b137640 (LWP 2721559) exited]
[Thread 0x719e0bfff640 (LWP 2721526) exited]
[Thread 0x719e24841640 (LWP 2721522) exited]
[Thread 0x719e25042640 (LWP 2721521) exited]
[Thread 0x719e25843640 (LWP 2721520) exited]
[Thread 0x719e26044640 (LWP 2721519) exited]
[Thread 0x719e26845640 (LWP 2721518) exited]
[Thread 0x719e27046640 (LWP 2721517) exited]
[Thread 0x719e27847640 (LWP 2721515) exited]
[Inferior 1 (process 2721495) exited with code 01]
(gdb) (gdb) No stack.
