Attaching to process 733269
[New LWP 733273]
[New LWP 733274]
[New LWP 733275]
[New LWP 733276]
[New LWP 733277]
[New LWP 733278]
[New LWP 733279]
[New LWP 733280]
[New LWP 733287]
[New LWP 733288]
[New LWP 733289]
[New LWP 733290]
[New LWP 733291]
[New LWP 733292]
[New LWP 733293]
[New LWP 733294]
[New LWP 733295]
[New LWP 733296]
[Thread debugging using libthread_db enabled]
Using host libthread_db library "/lib/x86_64-linux-gnu/libthread_db.so.1".
0x000078b35d9c61ad in do_sin (dx=<optimized out>, x=0.0027268971228548988) at ../sysdeps/ieee754/dbl-64/s_sin.c:141
141	../sysdeps/ieee754/dbl-64/s_sin.c: No such file or directory.
(gdb) (gdb) Continuing.
[New Thread 0x78b32e2fe640 (LWP 733330)]
[New Thread 0x78b32dafd640 (LWP 733331)]
[New Thread 0x78b32d2fc640 (LWP 733332)]
[New Thread 0x78b32cad3640 (LWP 733333)]
[Thread 0x78b32e2fe640 (LWP 733330) exited]
[Thread 0x78b32dafd640 (LWP 733331) exited]
[Thread 0x78b32cad3640 (LWP 733333) exited]
[Thread 0x78b32d2fc640 (LWP 733332) exited]
[Thread 0x78b332ffd640 (LWP 733296) exited]
[Thread 0x78b3337fe640 (LWP 733295) exited]
[Thread 0x78b333fff640 (LWP 733294) exited]
[Thread 0x78b3509f9640 (LWP 733293) exited]
[Thread 0x78b3511fa640 (LWP 733292) exited]
[Thread 0x78b3519fb640 (LWP 733291) exited]
[Thread 0x78b3521fc640 (LWP 733290) exited]
[Thread 0x78b3529fd640 (LWP 733289) exited]
[Thread 0x78b358be4640 (LWP 733287) exited]
[Thread 0x78b359aac640 (LWP 733280) exited]
[Thread 0x78b35a2ad640 (LWP 733279) exited]
[Thread 0x78b35aaae640 (LWP 733278) exited]
[Thread 0x78b35b2af640 (LWP 733277) exited]
[Thread 0x78b35bab0640 (LWP 733276) exited]
[Thread 0x78b3539ff640 (LWP 733275) exited]
[Thread 0x78b35c2b1640 (LWP 733274) exited]
[Thread 0x78b35cab2640 (LWP 733273) exited]
[Thread 0x78b35cb58a00 (LWP 733269) exited]
[Thread 0x78b3531fe640 (LWP 733288) exited]
[New process 733269]
[Inferior 1 (process 733269) exited normally]
(gdb) (gdb) No stack.
