Attaching to process 3440711
[New LWP 3440715]
[New LWP 3440716]
[New LWP 3440717]
[New LWP 3440718]
[New LWP 3440719]
[New LWP 3440720]
[New LWP 3440721]
[New LWP 3440722]
[New LWP 3440724]
[New LWP 3440725]
[New LWP 3440726]
[New LWP 3440727]
[New LWP 3440728]
[New LWP 3440729]
[New LWP 3440730]
[New LWP 3440731]
[New LWP 3440732]
[New LWP 3440733]
[New LWP 3440734]
[New LWP 3440735]
[New LWP 3440736]
[New LWP 3440737]
[Thread debugging using libthread_db enabled]
Using host libthread_db library "/lib/x86_64-linux-gnu/libthread_db.so.1".
0x00007dbf5a36d7f8 in __GI___clock_nanosleep (clock_id=clock_id@entry=0, flags=flags@entry=0, req=req@entry=0x7fff4aa580a0, rem=rem@entry=0x7fff4aa580a0) at ../sysdeps/unix/sysv/linux/clock_nanosleep.c:78
78	../sysdeps/unix/sysv/linux/clock_nanosleep.c: No such file or directory.
(gdb) (gdb) Continuing.
[Thread 0x7dbf2adb2640 (LWP 3440734) exited]
[Thread 0x7dbf265b1640 (LWP 3440735) exited]
[Thread 0x7dbf29db0640 (LWP 3440737) exited]
[Thread 0x7dbf2a5b1640 (LWP 3440736) exited]
[Thread 0x7dbf2f7fe640 (LWP 3440733) exited]
[Thread 0x7dbf2ffff640 (LWP 3440732) exited]
[Thread 0x7dbf34ff9640 (LWP 3440731) exited]
[Thread 0x7dbf357fa640 (LWP 3440730) exited]
[Thread 0x7dbf35ffb640 (LWP 3440729) exited]
[Thread 0x7dbf367fc640 (LWP 3440728) exited]
[Thread 0x7dbf36ffd640 (LWP 3440727) exited]
[Thread 0x7dbf377fe640 (LWP 3440726) exited]
[Thread 0x7dbf37fff640 (LWP 3440725) exited]
[Thread 0x7dbf517fa640 (LWP 3440722) exited]
[Thread 0x7dbf51ffb640 (LWP 3440721) exited]
[Thread 0x7dbf527fc640 (LWP 3440720) exited]
[Thread 0x7dbf52ffd640 (LWP 3440719) exited]
[Thread 0x7dbf537fe640 (LWP 3440718) exited]
[Thread 0x7dbf53fff640 (LWP 3440717) exited]
[Thread 0x7dbf58dec640 (LWP 3440716) exited]
[Thread 0x7dbf595ed640 (LWP 3440715) exited]
[Thread 0x7dbf59693a00 (LWP 3440711) exited]
[Thread 0x7dbf50a91640 (LWP 3440724) exited]
[New process 3440711]
[Inferior 1 (process 3440711) exited normally]
(gdb) (gdb) No stack.
