Attaching to process 1698301
[New LWP 1698305]
[New LWP 1698306]
[New LWP 1698307]
[New LWP 1698308]
[New LWP 1698309]
[New LWP 1698310]
[New LWP 1698311]
[New LWP 1698312]
[New LWP 1698313]
[New LWP 1698314]
[New LWP 1698315]
[New LWP 1698316]
[New LWP 1698317]
[New LWP 1698318]
[New LWP 1698319]
[New LWP 1698320]
[New LWP 1698321]
[New LWP 1698322]
[New LWP 1698323]
[New LWP 1698324]
[New LWP 1698325]
[New LWP 1698326]
[Thread debugging using libthread_db enabled]
Using host libthread_db library "/lib/x86_64-linux-gnu/libthread_db.so.1".
0x0000751dd26e07f8 in __GI___clock_nanosleep (clock_id=clock_id@entry=0, flags=flags@entry=0, req=req@entry=0x7ffd78c315d0, rem=rem@entry=0x7ffd78c315d0) at ../sysdeps/unix/sysv/linux/clock_nanosleep.c:78
78	../sysdeps/unix/sysv/linux/clock_nanosleep.c: No such file or directory.
(gdb) (gdb) Continuing.
[Thread 0x751da31bc640 (LWP 1698323) exited]
[Thread 0x751d9a7ff640 (LWP 1698324) exited]
[Thread 0x751da2192640 (LWP 1698326) exited]
[Thread 0x751da29bb640 (LWP 1698325) exited]
[Thread 0x751da8472640 (LWP 1698322) exited]
[Thread 0x751da8c73640 (LWP 1698321) exited]
[Thread 0x751da9474640 (LWP 1698320) exited]
[Thread 0x751da9c75640 (LWP 1698319) exited]
[Thread 0x751daa476640 (LWP 1698318) exited]
[Thread 0x751daac77640 (LWP 1698317) exited]
[Thread 0x751dab7fe640 (LWP 1698316) exited]
[Thread 0x751dabfff640 (LWP 1698315) exited]
[Thread 0x751dc9133640 (LWP 1698313) exited]
[Thread 0x751dc9ffb640 (LWP 1698312) exited]
[Thread 0x751dca7fc640 (LWP 1698311) exited]
[Thread 0x751dcaffd640 (LWP 1698310) exited]
[Thread 0x751dcb7fe640 (LWP 1698309) exited]
[Thread 0x751dd095e640 (LWP 1698308) exited]
[Thread 0x751dd115f640 (LWP 1698307) exited]
[Thread 0x751dcbfff640 (LWP 1698306) exited]
[Thread 0x751dd1960640 (LWP 1698305) exited]
[Thread 0x751dd1a06a00 (LWP 1698301) exited]
[Thread 0x751dc8932640 (LWP 1698314) exited]
[New process 1698301]
[Inferior 1 (process 1698301) exited normally]
No stack.
(gdb) (gdb) 