Attaching to process 2623430
[New LWP 2623463]
[New LWP 2623464]
[New LWP 2623465]
[New LWP 2623466]
[New LWP 2623467]
[New LWP 2623468]
[New LWP 2623469]
[New LWP 2623470]
[New LWP 2623494]
[New LWP 2623495]
[New LWP 2623496]
[New LWP 2623497]
[New LWP 2623498]
[New LWP 2623499]
[New LWP 2623500]
[New LWP 2623501]
[New LWP 2623502]
[New LWP 2623503]
[New LWP 2623504]
[New LWP 2623505]
[New LWP 2623506]
[New LWP 2623507]
78	../sysdeps/unix/sysv/linux/clock_nanosleep.c: No such file or directory.
[Thread debugging using libthread_db enabled]
Using host libthread_db library "/lib/x86_64-linux-gnu/libthread_db.so.1".
0x000072a59f6a27f8 in __GI___clock_nanosleep (clock_id=clock_id@entry=0, flags=flags@entry=0, req=req@entry=0x7ffc7fec92d0, rem=rem@entry=0x7ffc7fec92d0) at ../sysdeps/unix/sysv/linux/clock_nanosleep.c:78
(gdb) (gdb) Continuing.
[Thread 0x72a56e7fc640 (LWP 2623507) exited]
[Thread 0x72a56effd640 (LWP 2623506) exited]
[Thread 0x72a56f7fe640 (LWP 2623505) exited]
[Thread 0x72a56ffff640 (LWP 2623504) exited]
[Thread 0x72a57cff9640 (LWP 2623503) exited]
[Thread 0x72a57d7fa640 (LWP 2623502) exited]
[Thread 0x72a57dffb640 (LWP 2623501) exited]
[Thread 0x72a57e7fc640 (LWP 2623500) exited]
[Thread 0x72a57effd640 (LWP 2623499) exited]
[Thread 0x72a57f7fe640 (LWP 2623498) exited]
[Thread 0x72a585133640 (LWP 2623497) exited]
[Thread 0x72a585934640 (LWP 2623496) exited]
[Thread 0x72a586135640 (LWP 2623495) exited]
[Thread 0x72a586936640 (LWP 2623494) exited]
[Thread 0x72a5877fe640 (LWP 2623470) exited]
[Thread 0x72a57ffff640 (LWP 2623469) exited]
[Thread 0x72a587fff640 (LWP 2623468) exited]
[Thread 0x72a59c91e640 (LWP 2623467) exited]
[Thread 0x72a59d11f640 (LWP 2623466) exited]
[Thread 0x72a59d920640 (LWP 2623465) exited]
[Thread 0x72a59e121640 (LWP 2623464) exited]
[Thread 0x72a59e922640 (LWP 2623463) exited]
[Inferior 1 (process 2623430) exited with code 01]
(gdb) No stack.
(gdb) 