Attaching to process 2622886
[New LWP 2622919]
[New LWP 2622920]
[New LWP 2622921]
[New LWP 2622922]
[New LWP 2622923]
[New LWP 2622924]
[New LWP 2622925]
[New LWP 2622926]
[New LWP 2622950]
[New LWP 2622951]
[New LWP 2622952]
[New LWP 2622953]
[New LWP 2622954]
[New LWP 2622955]
[New LWP 2622956]
[New LWP 2622957]
[New LWP 2622958]
[New LWP 2622959]
[New LWP 2622960]
[New LWP 2622961]
[New LWP 2622962]
[New LWP 2622963]
78	../sysdeps/unix/sysv/linux/clock_nanosleep.c: No such file or directory.
[Thread debugging using libthread_db enabled]
Using host libthread_db library "/lib/x86_64-linux-gnu/libthread_db.so.1".
0x000072a5e76b67f8 in __GI___clock_nanosleep (clock_id=clock_id@entry=0, flags=flags@entry=0, req=req@entry=0x7ffc4465d600, rem=rem@entry=0x7ffc4465d600) at ../sysdeps/unix/sysv/linux/clock_nanosleep.c:78
(gdb) (gdb) Continuing.
[Thread 0x72a5b67fc640 (LWP 2622963) exited]
[Thread 0x72a5b6ffd640 (LWP 2622962) exited]
[Thread 0x72a5b77fe640 (LWP 2622961) exited]
[Thread 0x72a5b7fff640 (LWP 2622960) exited]
[Thread 0x72a5c4ff9640 (LWP 2622959) exited]
[Thread 0x72a5c57fa640 (LWP 2622958) exited]
[Thread 0x72a5c5ffb640 (LWP 2622957) exited]
[Thread 0x72a5c67fc640 (LWP 2622956) exited]
[Thread 0x72a5c6ffd640 (LWP 2622955) exited]
[Thread 0x72a5c77fe640 (LWP 2622954) exited]
[Thread 0x72a5cd934640 (LWP 2622952) exited]
[Thread 0x72a5ce135640 (LWP 2622951) exited]
[Thread 0x72a5ce936640 (LWP 2622950) exited]
[Thread 0x72a5cf7fe640 (LWP 2622926) exited]
[Thread 0x72a5c7fff640 (LWP 2622925) exited]
[Thread 0x72a5cffff640 (LWP 2622924) exited]
[Thread 0x72a5e4932640 (LWP 2622923) exited]
[Thread 0x72a5e5133640 (LWP 2622922) exited]
[Thread 0x72a5e5934640 (LWP 2622921) exited]
[Thread 0x72a5e6135640 (LWP 2622920) exited]
[Thread 0x72a5e6936640 (LWP 2622919) exited]
[Thread 0x72a5e69dca00 (LWP 2622886) exited]
[Thread 0x72a5cd133640 (LWP 2622953) exited]
[New process 2622886]
[Inferior 1 (process 2622886) exited with code 01]
(gdb) No stack.
(gdb) 