Attaching to process 2623976
[New LWP 2624009]
[New LWP 2624010]
[New LWP 2624011]
[New LWP 2624012]
[New LWP 2624013]
[New LWP 2624014]
[New LWP 2624015]
[New LWP 2624016]
[New LWP 2624040]
[New LWP 2624041]
[New LWP 2624042]
[New LWP 2624043]
[New LWP 2624044]
[New LWP 2624045]
[New LWP 2624046]
[New LWP 2624047]
[New LWP 2624048]
[New LWP 2624049]
[New LWP 2624050]
[New LWP 2624051]
[New LWP 2624052]
[New LWP 2624053]
[Thread debugging using libthread_db enabled]
Using host libthread_db library "/lib/x86_64-linux-gnu/libthread_db.so.1".
0x000075c340a8d7f8 in __GI___clock_nanosleep (clock_id=clock_id@entry=0, flags=flags@entry=0, req=req@entry=0x7ffeb5800450, rem=rem@entry=0x7ffeb5800450) at ../sysdeps/unix/sysv/linux/clock_nanosleep.c:78
78	../sysdeps/unix/sysv/linux/clock_nanosleep.c: No such file or directory.
(gdb) (gdb) Continuing.
[Thread 0x75c3035ff640 (LWP 2624053) exited]
[Thread 0x75c30bfff640 (LWP 2624052) exited]
[Thread 0x75c31151e640 (LWP 2624050) exited]
[Thread 0x75c3167fc640 (LWP 2624049) exited]
[Thread 0x75c316ffd640 (LWP 2624048) exited]
[Thread 0x75c3177fe640 (LWP 2624047) exited]
[Thread 0x75c317fff640 (LWP 2624046) exited]
[Thread 0x75c31ca91640 (LWP 2624045) exited]
[Thread 0x75c31d292640 (LWP 2624044) exited]
[Thread 0x75c31da93640 (LWP 2624043) exited]
[Thread 0x75c31e294640 (LWP 2624042) exited]
[Thread 0x75c31ea95640 (LWP 2624041) exited]
[Thread 0x75c31f296640 (LWP 2624040) exited]
[Thread 0x75c31ffff640 (LWP 2624016) exited]
[Thread 0x75c33cd07640 (LWP 2624015) exited]
[Thread 0x75c33d508640 (LWP 2624014) exited]
[Thread 0x75c33dd09640 (LWP 2624013) exited]
[Thread 0x75c33e50a640 (LWP 2624012) exited]
[Thread 0x75c33ed0b640 (LWP 2624011) exited]
[Thread 0x75c33f50c640 (LWP 2624010) exited]
[Thread 0x75c33fd0d640 (LWP 2624009) exited]
[Thread 0x75c33fdb3a00 (LWP 2623976) exited]
[Thread 0x75c310d1d640 (LWP 2624051) exited]
[New process 2623976]
[Inferior 1 (process 2623976) exited with code 01]
(gdb) No stack.
(gdb) 