Attaching to process 2584974
[New LWP 2585007]
[New LWP 2585008]
[New LWP 2585009]
[New LWP 2585010]
[New LWP 2585011]
[New LWP 2585012]
[New LWP 2585013]
[New LWP 2585014]
[New LWP 2585038]
[New LWP 2585039]
[New LWP 2585040]
[New LWP 2585041]
[New LWP 2585042]
[New LWP 2585043]
[New LWP 2585044]
[New LWP 2585045]
[New LWP 2585046]
[New LWP 2585047]
[New LWP 2585067]
[New LWP 2585068]
[New LWP 2585070]
[New LWP 2585071]
[Thread debugging using libthread_db enabled]
Using host libthread_db library "/lib/x86_64-linux-gnu/libthread_db.so.1".
0x00007c198eb5a7f8 in __GI___clock_nanosleep (clock_id=clock_id@entry=0, flags=flags@entry=0, req=req@entry=0x7fff10fc9e10, rem=rem@entry=0x7fff10fc9e10) at ../sysdeps/unix/sysv/linux/clock_nanosleep.c:78
78	../sysdeps/unix/sysv/linux/clock_nanosleep.c: No such file or directory.
(gdb) (gdb) Continuing.
[Thread 0x7c195f555640 (LWP 2585067) exited]
[Thread 0x7c195ed54640 (LWP 2585068) exited]
[Thread 0x7c195dd52640 (LWP 2585071) exited]
[Thread 0x7c195e553640 (LWP 2585070) exited]
[Thread 0x7c1967fff640 (LWP 2585047) exited]
[Thread 0x7c1974dfa640 (LWP 2585046) exited]
[Thread 0x7c19755fb640 (LWP 2585045) exited]
[Thread 0x7c1975dfc640 (LWP 2585044) exited]
[Thread 0x7c19765fd640 (LWP 2585043) exited]
[Thread 0x7c1976dfe640 (LWP 2585042) exited]
[Thread 0x7c1977fff640 (LWP 2585041) exited]
[Thread 0x7c197d292640 (LWP 2585039) exited]
[Thread 0x7c197da93640 (LWP 2585038) exited]
[Thread 0x7c197e7fc640 (LWP 2585014) exited]
[Thread 0x7c197effd640 (LWP 2585013) exited]
[Thread 0x7c197f7fe640 (LWP 2585012) exited]
[Thread 0x7c19775ff640 (LWP 2585011) exited]
[Thread 0x7c197ffff640 (LWP 2585010) exited]
[Thread 0x7c198cdd8640 (LWP 2585009) exited]
[Thread 0x7c198d5d9640 (LWP 2585008) exited]
[Thread 0x7c198ddda640 (LWP 2585007) exited]
[Thread 0x7c198de80a00 (LWP 2584974) exited]
[Thread 0x7c197ca91640 (LWP 2585040) exited]
[New process 2584974]
[Inferior 1 (process 2584974) exited normally]
(gdb) No stack.
(gdb) 