Attaching to process 562835
[New LWP 562839]
[New LWP 562840]
[New LWP 562841]
[New LWP 562842]
[New LWP 562843]
[New LWP 562844]
[New LWP 562845]
[New LWP 562846]
[New LWP 562848]
[New LWP 562849]
[New LWP 562850]
[New LWP 562851]
[New LWP 562852]
[New LWP 562853]
[New LWP 562854]
[New LWP 562855]
[New LWP 562856]
[New LWP 562857]
[New LWP 562858]
[New LWP 562859]
[New LWP 562860]
[New LWP 562861]
78	../sysdeps/unix/sysv/linux/clock_nanosleep.c: No such file or directory.
[Thread debugging using libthread_db enabled]
Using host libthread_db library "/lib/x86_64-linux-gnu/libthread_db.so.1".
0x000077db304807f8 in __GI___clock_nanosleep (clock_id=clock_id@entry=0, flags=flags@entry=0, req=req@entry=0x7ffde7df8900, rem=rem@entry=0x7ffde7df8900) at ../sysdeps/unix/sysv/linux/clock_nanosleep.c:78
(gdb) (gdb) Continuing.
[Thread 0x77db00eb3640 (LWP 562858) exited]
[Thread 0x77db006b2640 (LWP 562859) exited]
[Thread 0x77daffeb1640 (LWP 562861) exited]
[Thread 0x77daeffff640 (LWP 562860) exited]
[Thread 0x77db09ffb640 (LWP 562857) exited]
[Thread 0x77db0a7fc640 (LWP 562856) exited]
[Thread 0x77db0affd640 (LWP 562855) exited]
[Thread 0x77db0b7fe640 (LWP 562854) exited]
[Thread 0x77db0bfff640 (LWP 562853) exited]
[Thread 0x77db24a76640 (LWP 562852) exited]
[Thread 0x77db255fd640 (LWP 562851) exited]
[Thread 0x77db26ffd640 (LWP 562849) exited]
[Thread 0x77db277fe640 (LWP 562848) exited]
[Thread 0x77db27fff640 (LWP 562846) exited]
[Thread 0x77db2cefb640 (LWP 562845) exited]
[Thread 0x77db2d6fc640 (LWP 562844) exited]
[Thread 0x77db2defd640 (LWP 562843) exited]
[Thread 0x77db2e6fe640 (LWP 562842) exited]
[Thread 0x77db265ff640 (LWP 562841) exited]
[Thread 0x77db2eeff640 (LWP 562840) exited]
[Thread 0x77db2f700640 (LWP 562839) exited]
[Thread 0x77db2f7a6a00 (LWP 562835) exited]
[Thread 0x77db25dfe640 (LWP 562850) exited]
[New process 562835]
[Inferior 1 (process 562835) exited normally]
(gdb) No stack.
(gdb) 