Attaching to process 562767
[New LWP 562771]
[New LWP 562772]
[New LWP 562773]
[New LWP 562774]
[New LWP 562775]
[New LWP 562776]
[New LWP 562777]
[New LWP 562778]
[New LWP 562779]
[New LWP 562780]
[New LWP 562781]
[New LWP 562782]
[New LWP 562783]
[New LWP 562784]
[New LWP 562785]
[New LWP 562786]
[New LWP 562787]
[New LWP 562788]
[New LWP 562789]
[New LWP 562790]
[New LWP 562791]
[New LWP 562792]
[Thread debugging using libthread_db enabled]
Using host libthread_db library "/lib/x86_64-linux-gnu/libthread_db.so.1".
0x00007a2fbd3ee7f8 in __GI___clock_nanosleep (clock_id=clock_id@entry=0, flags=flags@entry=0, req=req@entry=0x7ffdd3b0e060, rem=rem@entry=0x7ffdd3b0e060) at ../sysdeps/unix/sysv/linux/clock_nanosleep.c:78
78	../sysdeps/unix/sysv/linux/clock_nanosleep.c: No such file or directory.
(gdb) (gdb) Continuing.
[Thread 0x7a2f91e52640 (LWP 562789) exited]
[Thread 0x7a2f91651640 (LWP 562790) exited]
[Thread 0x7a2f83fff640 (LWP 562792) exited]
[Thread 0x7a2f90e50640 (LWP 562791) exited]
[Thread 0x7a2fa27fc640 (LWP 562788) exited]
[Thread 0x7a2fa2ffd640 (LWP 562787) exited]
[Thread 0x7a2fa37fe640 (LWP 562786) exited]
[Thread 0x7a2fa3fff640 (LWP 562785) exited]
[Thread 0x7a2fb0df9640 (LWP 562784) exited]
[Thread 0x7a2fb15fa640 (LWP 562783) exited]
[Thread 0x7a2fb25fc640 (LWP 562781) exited]
[Thread 0x7a2fb2dfd640 (LWP 562780) exited]
[Thread 0x7a2fb35fe640 (LWP 562779) exited]
[Thread 0x7a2fb9668640 (LWP 562778) exited]
[Thread 0x7a2fb9e69640 (LWP 562777) exited]
[Thread 0x7a2fba66a640 (LWP 562776) exited]
[Thread 0x7a2fbae6b640 (LWP 562775) exited]
[Thread 0x7a2fbb66c640 (LWP 562774) exited]
[Thread 0x7a2fbbe6d640 (LWP 562773) exited]
[Thread 0x7a2fb3dff640 (LWP 562772) exited]
[Thread 0x7a2fbc66e640 (LWP 562771) exited]
[Thread 0x7a2fbc714a00 (LWP 562767) exited]
[Thread 0x7a2fb1dfb640 (LWP 562782) exited]
[New process 562767]
[Inferior 1 (process 562767) exited normally]
(gdb) No stack.
(gdb) 