Attaching to process 1295001
[New LWP 1295034]
[New LWP 1295035]
[New LWP 1295036]
[New LWP 1295037]
[New LWP 1295038]
[New LWP 1295039]
[New LWP 1295040]
[New LWP 1295041]
[New LWP 1295065]
[New LWP 1295066]
[New LWP 1295067]
[New LWP 1295068]
[New LWP 1295069]
[New LWP 1295070]
[New LWP 1295071]
[New LWP 1295072]
[New LWP 1295073]
[New LWP 1295074]
[New LWP 1295075]
[New LWP 1295076]
[New LWP 1295077]
[New LWP 1295078]
78	../sysdeps/unix/sysv/linux/clock_nanosleep.c: No such file or directory.
[Thread debugging using libthread_db enabled]
Using host libthread_db library "/lib/x86_64-linux-gnu/libthread_db.so.1".
0x000072bd23ae97f8 in __GI___clock_nanosleep (clock_id=clock_id@entry=0, flags=flags@entry=0, req=req@entry=0x7ffc40da2d80, rem=rem@entry=0x7ffc40da2d80) at ../sysdeps/unix/sysv/linux/clock_nanosleep.c:78
(gdb) (gdb) Continuing.
[Thread 0x72bcf3fff640 (LWP 1295075) exited]
[Thread 0x72bcf37fe640 (LWP 1295076) exited]
[Thread 0x72bcf27fc640 (LWP 1295078) exited]
[Thread 0x72bcf2ffd640 (LWP 1295077) exited]
[Thread 0x72bd017fa640 (LWP 1295074) exited]
[Thread 0x72bd01ffb640 (LWP 1295073) exited]
[Thread 0x72bd027fc640 (LWP 1295072) exited]
[Thread 0x72bd02ffd640 (LWP 1295071) exited]
[Thread 0x72bd037fe640 (LWP 1295070) exited]
[Thread 0x72bd08a91640 (LWP 1295069) exited]
[Thread 0x72bd09292640 (LWP 1295068) exited]
[Thread 0x72bd09a93640 (LWP 1295067) exited]
[Thread 0x72bd0aa95640 (LWP 1295065) exited]
[Thread 0x72bd03fff640 (LWP 1295041) exited]
[Thread 0x72bd0b7fe640 (LWP 1295040) exited]
[Thread 0x72bd0bfff640 (LWP 1295039) exited]
[Thread 0x72bd20d65640 (LWP 1295038) exited]
[Thread 0x72bd21566640 (LWP 1295037) exited]
[Thread 0x72bd21d67640 (LWP 1295036) exited]
[Thread 0x72bd22568640 (LWP 1295035) exited]
[Thread 0x72bd22d69640 (LWP 1295034) exited]
[Thread 0x72bd22e0fa00 (LWP 1295001) exited]
[Thread 0x72bd0a294640 (LWP 1295066) exited]
[New process 1295001]
[Inferior 1 (process 1295001) exited normally]
(gdb) No stack.
(gdb) 