Attaching to process 1575396
[New LWP 1575429]
[New LWP 1575430]
[New LWP 1575431]
[New LWP 1575432]
[New LWP 1575433]
[New LWP 1575434]
[New LWP 1575435]
[New LWP 1575436]
[New LWP 1575460]
[New LWP 1575461]
[New LWP 1575462]
[New LWP 1575463]
[New LWP 1575464]
[New LWP 1575465]
[New LWP 1575466]
[New LWP 1575467]
[New LWP 1575468]
[New LWP 1575469]
[New LWP 1575470]
[New LWP 1575471]
[New LWP 1575472]
[New LWP 1575473]
78	../sysdeps/unix/sysv/linux/clock_nanosleep.c: No such file or directory.
[Thread debugging using libthread_db enabled]
Using host libthread_db library "/lib/x86_64-linux-gnu/libthread_db.so.1".
0x00007bc6729cd7f8 in __GI___clock_nanosleep (clock_id=clock_id@entry=0, flags=flags@entry=0, req=req@entry=0x7ffc8b8403c0, rem=rem@entry=0x7ffc8b8403c0) at ../sysdeps/unix/sysv/linux/clock_nanosleep.c:78
(gdb) (gdb) Continuing.
[Thread 0x7bc6433f7640 (LWP 1575470) exited]
[Thread 0x7bc642bf6640 (LWP 1575471) exited]
[Thread 0x7bc641a31640 (LWP 1575473) exited]
[Thread 0x7bc6423f5640 (LWP 1575472) exited]
[Thread 0x7bc64bfff640 (LWP 1575469) exited]
[Thread 0x7bc658a74640 (LWP 1575468) exited]
[Thread 0x7bc659275640 (LWP 1575467) exited]
[Thread 0x7bc65a277640 (LWP 1575465) exited]
[Thread 0x7bc65aa78640 (LWP 1575464) exited]
[Thread 0x7bc65bfff640 (LWP 1575463) exited]
[Thread 0x7bc660a91640 (LWP 1575462) exited]
[Thread 0x7bc661292640 (LWP 1575461) exited]
[Thread 0x7bc661a93640 (LWP 1575460) exited]
[Thread 0x7bc6627fc640 (LWP 1575436) exited]
[Thread 0x7bc662ffd640 (LWP 1575435) exited]
[Thread 0x7bc6637fe640 (LWP 1575434) exited]
[Thread 0x7bc65b5ff640 (LWP 1575433) exited]
[Thread 0x7bc663fff640 (LWP 1575432) exited]
[Thread 0x7bc670c4b640 (LWP 1575431) exited]
[Thread 0x7bc67144c640 (LWP 1575430) exited]
[Thread 0x7bc671c4d640 (LWP 1575429) exited]
[Thread 0x7bc671cf3a00 (LWP 1575396) exited]
[Thread 0x7bc659a76640 (LWP 1575466) exited]
[New process 1575396]
[Inferior 1 (process 1575396) exited normally]
(gdb) (gdb) No stack.
