Attaching to process 335223
[New LWP 335227]
[New LWP 335228]
[New LWP 335229]
[New LWP 335230]
[New LWP 335231]
[New LWP 335232]
[New LWP 335233]
[New LWP 335234]
[New LWP 335235]
[New LWP 335236]
[New LWP 335237]
[New LWP 335238]
[New LWP 335239]
[New LWP 335240]
[New LWP 335241]
[New LWP 335242]
[New LWP 335243]
[New LWP 335244]
[New LWP 335245]
[New LWP 335246]
[New LWP 335247]
[New LWP 335248]
[Thread debugging using libthread_db enabled]
Using host libthread_db library "/lib/x86_64-linux-gnu/libthread_db.so.1".
0x00007e257ae8c7f8 in __GI___clock_nanosleep (clock_id=clock_id@entry=0, flags=flags@entry=0, req=req@entry=0x7ffe65c6e3d0, rem=rem@entry=0x7ffe65c6e3d0) at ../sysdeps/unix/sysv/linux/clock_nanosleep.c:78
78	../sysdeps/unix/sysv/linux/clock_nanosleep.c: No such file or directory.
(gdb) (gdb) Continuing.
[Thread 0x7e254b931640 (LWP 335245) exited]
[Thread 0x7e254b130640 (LWP 335246) exited]
[Thread 0x7e254a12e640 (LWP 335248) exited]
[Thread 0x7e254a92f640 (LWP 335247) exited]
[Thread 0x7e2550c73640 (LWP 335244) exited]
[Thread 0x7e2551474640 (LWP 335243) exited]
[Thread 0x7e2551c75640 (LWP 335242) exited]
[Thread 0x7e2552476640 (LWP 335241) exited]
[Thread 0x7e2552c77640 (LWP 335240) exited]
[Thread 0x7e2553478640 (LWP 335239) exited]
[Thread 0x7e2553fff640 (LWP 335238) exited]
[Thread 0x7e2570932640 (LWP 335237) exited]
[Thread 0x7e2571133640 (LWP 335236) exited]
[Thread 0x7e25727fc640 (LWP 335234) exited]
[Thread 0x7e2572ffd640 (LWP 335233) exited]
[Thread 0x7e25737fe640 (LWP 335232) exited]
[Thread 0x7e2573fff640 (LWP 335231) exited]
[Thread 0x7e2578909640 (LWP 335230) exited]
[Thread 0x7e257910a640 (LWP 335229) exited]
[Thread 0x7e257990b640 (LWP 335228) exited]
[Thread 0x7e257a10c640 (LWP 335227) exited]
[Thread 0x7e257a1b2a00 (LWP 335223) exited]
[Thread 0x7e2571934640 (LWP 335235) exited]
[New process 335223]
[Inferior 1 (process 335223) exited normally]
(gdb) No stack.
(gdb) 