Attaching to process 62051
[New LWP 62064]
[New LWP 62065]
[New LWP 62066]
[New LWP 62067]
[New LWP 62068]
[New LWP 62069]
[New LWP 62070]
[New LWP 62071]
[New LWP 62115]
[New LWP 62116]
[New LWP 62117]
[New LWP 62118]
[New LWP 62119]
[New LWP 62120]
[New LWP 62121]
[New LWP 62122]
[New LWP 62123]
[New LWP 62124]
[New LWP 62125]
[New LWP 62126]
[New LWP 62127]
[New LWP 62128]
[Thread debugging using libthread_db enabled]
Using host libthread_db library "/lib/x86_64-linux-gnu/libthread_db.so.1".
0x00007c68f87617f8 in __GI___clock_nanosleep (clock_id=clock_id@entry=0, flags=flags@entry=0, req=req@entry=0x7ffd6a8a0f60, rem=rem@entry=0x7ffd6a8a0f60) at ../sysdeps/unix/sysv/linux/clock_nanosleep.c:78
78	../sysdeps/unix/sysv/linux/clock_nanosleep.c: No such file or directory.
(gdb) (gdb) Continuing.
[Thread 0x7c68c9220640 (LWP 62125) exited]
[Thread 0x7c68c8a1f640 (LWP 62126) exited]
[Thread 0x7c68c37fe640 (LWP 62128) exited]
[Thread 0x7c68c3fff640 (LWP 62127) exited]
[Thread 0x7c68cdffb640 (LWP 62124) exited]
[Thread 0x7c68ce7fc640 (LWP 62123) exited]
[Thread 0x7c68ceffd640 (LWP 62122) exited]
[Thread 0x7c68cf7fe640 (LWP 62121) exited]
[Thread 0x7c68cffff640 (LWP 62120) exited]
[Thread 0x7c68d4f0c640 (LWP 62119) exited]
[Thread 0x7c68d5a93640 (LWP 62118) exited]
[Thread 0x7c68d6294640 (LWP 62117) exited]
[Thread 0x7c68d7296640 (LWP 62115) exited]
[Thread 0x7c68d7fff640 (LWP 62071) exited]
[Thread 0x7c68f49db640 (LWP 62070) exited]
[Thread 0x7c68f51dc640 (LWP 62069) exited]
[Thread 0x7c68f59dd640 (LWP 62068) exited]
[Thread 0x7c68f61de640 (LWP 62067) exited]
[Thread 0x7c68f69df640 (LWP 62066) exited]
[Thread 0x7c68f71e0640 (LWP 62065) exited]
[Thread 0x7c68f79e1640 (LWP 62064) exited]
[Thread 0x7c68f7a87a00 (LWP 62051) exited]
[Thread 0x7c68d6a95640 (LWP 62116) exited]
[New process 62051]
[Inferior 1 (process 62051) exited normally]
(gdb) No stack.
(gdb) 