Attaching to process 3297864
[New LWP 3297868]
[New LWP 3297869]
[New LWP 3297870]
[New LWP 3297871]
[New LWP 3297872]
[New LWP 3297873]
[New LWP 3297874]
[New LWP 3297875]
[New LWP 3297876]
[New LWP 3297877]
[New LWP 3297878]
[New LWP 3297879]
[New LWP 3297880]
[New LWP 3297881]
[New LWP 3297882]
[New LWP 3297883]
[New LWP 3297884]
[New LWP 3297885]
[New LWP 3297886]
[New LWP 3297887]
[New LWP 3297888]
[New LWP 3297889]
[Thread debugging using libthread_db enabled]
Using host libthread_db library "/lib/x86_64-linux-gnu/libthread_db.so.1".
0x00007cc10ed447f8 in __GI___clock_nanosleep (clock_id=clock_id@entry=0, flags=flags@entry=0, req=req@entry=0x7ffc8bcdc900, rem=rem@entry=0x7ffc8bcdc900) at ../sysdeps/unix/sysv/linux/clock_nanosleep.c:78
78	../sysdeps/unix/sysv/linux/clock_nanosleep.c: No such file or directory.
(gdb) (gdb) Continuing.
[Thread 0x7cc0df7f5640 (LWP 3297886) exited]
[Thread 0x7cc0deff4640 (LWP 3297887) exited]
[Thread 0x7cc0ddff2640 (LWP 3297889) exited]
[Thread 0x7cc0de7f3640 (LWP 3297888) exited]
[Thread 0x7cc0e47f8640 (LWP 3297885) exited]
[Thread 0x7cc0e4ff9640 (LWP 3297884) exited]
[Thread 0x7cc0e57fa640 (LWP 3297883) exited]
[Thread 0x7cc0e5ffb640 (LWP 3297882) exited]
[Thread 0x7cc0e67fc640 (LWP 3297881) exited]
[Thread 0x7cc0e6ffd640 (LWP 3297880) exited]
[Thread 0x7cc0e77fe640 (LWP 3297879) exited]
[Thread 0x7cc0e7fff640 (LWP 3297878) exited]
[Thread 0x7cc104ff9640 (LWP 3297877) exited]
[Thread 0x7cc1057fa640 (LWP 3297876) exited]
[Thread 0x7cc105ffb640 (LWP 3297875) exited]
[Thread 0x7cc1067fc640 (LWP 3297874) exited]
[Thread 0x7cc106ffd640 (LWP 3297873) exited]
[Thread 0x7cc1077fe640 (LWP 3297872) exited]
[Thread 0x7cc10cfc2640 (LWP 3297871) exited]
[Thread 0x7cc10d7c3640 (LWP 3297870) exited]
[Thread 0x7cc107fff640 (LWP 3297869) exited]
[Thread 0x7cc10dfc4640 (LWP 3297868) exited]
[Inferior 1 (process 3297864) exited normally]
(gdb) (gdb) No stack.
