Attaching to process 1526743
[New LWP 1526776]
[New LWP 1526777]
[New LWP 1526778]
[New LWP 1526779]
[New LWP 1526780]
[New LWP 1526781]
[New LWP 1526782]
[New LWP 1526783]
[New LWP 1526807]
[New LWP 1526808]
[New LWP 1526809]
[New LWP 1526810]
[New LWP 1526811]
[New LWP 1526812]
[New LWP 1526813]
[New LWP 1526814]
[New LWP 1526815]
[New LWP 1526816]
[New LWP 1526817]
[New LWP 1526818]
[New LWP 1526819]
[New LWP 1526820]
78	../sysdeps/unix/sysv/linux/clock_nanosleep.c: No such file or directory.
[Thread debugging using libthread_db enabled]
Using host libthread_db library "/lib/x86_64-linux-gnu/libthread_db.so.1".
0x000070896abb17f8 in __GI___clock_nanosleep (clock_id=clock_id@entry=0, flags=flags@entry=0, req=req@entry=0x7fff34f35f50, rem=rem@entry=0x7fff34f35f50) at ../sysdeps/unix/sysv/linux/clock_nanosleep.c:78
(gdb) (gdb) Continuing.
[Thread 0x70893b637640 (LWP 1526817) exited]
[Thread 0x708932dff640 (LWP 1526818) exited]
[Thread 0x70893a635640 (LWP 1526820) exited]
[Thread 0x70893ae36640 (LWP 1526819) exited]
[Thread 0x70893fff7640 (LWP 1526816) exited]
[Thread 0x7089407f8640 (LWP 1526815) exited]
[Thread 0x708940ff9640 (LWP 1526814) exited]
[Thread 0x7089417fa640 (LWP 1526813) exited]
[Thread 0x708941ffb640 (LWP 1526812) exited]
[Thread 0x7089427fc640 (LWP 1526811) exited]
[Thread 0x7089437fe640 (LWP 1526809) exited]
[Thread 0x708943fff640 (LWP 1526808) exited]
[Thread 0x708961a93640 (LWP 1526807) exited]
[Thread 0x7089627fc640 (LWP 1526783) exited]
[Thread 0x708962ffd640 (LWP 1526782) exited]
[Thread 0x7089637fe640 (LWP 1526781) exited]
[Thread 0x708963fff640 (LWP 1526780) exited]
[Thread 0x708968e2f640 (LWP 1526779) exited]
[Thread 0x708960dff640 (LWP 1526778) exited]
[Thread 0x708969630640 (LWP 1526777) exited]
[Thread 0x708969e31640 (LWP 1526776) exited]
[Thread 0x708969ed7a00 (LWP 1526743) exited]
[Thread 0x708942ffd640 (LWP 1526810) exited]
[New process 1526743]
[Inferior 1 (process 1526743) exited normally]
(gdb) (gdb) No stack.
