Attaching to process 147148
[New LWP 147152]
[New LWP 147153]
[New LWP 147154]
[New LWP 147155]
[New LWP 147156]
[New LWP 147157]
[New LWP 147158]
[New LWP 147159]
[New LWP 147160]
[New LWP 147161]
[New LWP 147162]
[New LWP 147163]
[New LWP 147164]
[New LWP 147165]
[New LWP 147166]
[New LWP 147167]
[New LWP 147168]
[New LWP 147169]
[New LWP 147170]
[New LWP 147171]
[New LWP 147172]
[New LWP 147173]
78	../sysdeps/unix/sysv/linux/clock_nanosleep.c: No such file or directory.
[Thread debugging using libthread_db enabled]
Using host libthread_db library "/lib/x86_64-linux-gnu/libthread_db.so.1".
0x000071de35a6f7f8 in __GI___clock_nanosleep (clock_id=clock_id@entry=0, flags=flags@entry=0, req=req@entry=0x7ffe023f7260, rem=rem@entry=0x7ffe023f7260) at ../sysdeps/unix/sysv/linux/clock_nanosleep.c:78
(gdb) (gdb) Continuing.
[Thread 0x71de0a4e6640 (LWP 147170) exited]
[Thread 0x71de09ce5640 (LWP 147171) exited]
[Thread 0x71de08ce3640 (LWP 147173) exited]
[Thread 0x71de094e4640 (LWP 147172) exited]
[Thread 0x71de12ffd640 (LWP 147169) exited]
[Thread 0x71de137fe640 (LWP 147168) exited]
[Thread 0x71de13fff640 (LWP 147167) exited]
[Thread 0x71de20ff9640 (LWP 147166) exited]
[Thread 0x71de217fa640 (LWP 147165) exited]
[Thread 0x71de21ffb640 (LWP 147164) exited]
[Thread 0x71de227fc640 (LWP 147163) exited]
[Thread 0x71de237fe640 (LWP 147161) exited]
[Thread 0x71de23fff640 (LWP 147160) exited]
[Thread 0x71de314e8640 (LWP 147159) exited]
[Thread 0x71de31ce9640 (LWP 147158) exited]
[Thread 0x71de324ea640 (LWP 147157) exited]
[Thread 0x71de32ceb640 (LWP 147156) exited]
[Thread 0x71de334ec640 (LWP 147155) exited]
[Thread 0x71de33ced640 (LWP 147154) exited]
[Thread 0x71de344ee640 (LWP 147153) exited]
[Thread 0x71de34cef640 (LWP 147152) exited]
[Thread 0x71de34d95a00 (LWP 147148) exited]
[Thread 0x71de22ffd640 (LWP 147162) exited]
[New process 147148]
[Inferior 1 (process 147148) exited normally]
(gdb) (gdb) No stack.
