Attaching to process 1332072
[New LWP 1332076]
[New LWP 1332077]
[New LWP 1332078]
[New LWP 1332079]
[New LWP 1332080]
[New LWP 1332081]
[New LWP 1332082]
[New LWP 1332083]
[New LWP 1332084]
[New LWP 1332085]
[New LWP 1332086]
[New LWP 1332087]
[New LWP 1332088]
[New LWP 1332089]
[New LWP 1332090]
[New LWP 1332091]
[New LWP 1332092]
[New LWP 1332093]
[New LWP 1332094]
[New LWP 1332095]
[New LWP 1332096]
[New LWP 1332097]
[Thread debugging using libthread_db enabled]
Using host libthread_db library "/lib/x86_64-linux-gnu/libthread_db.so.1".
0x000077957681f7f8 in __GI___clock_nanosleep (clock_id=clock_id@entry=0, flags=flags@entry=0, req=req@entry=0x7ffe14fb4ee0, rem=rem@entry=0x7ffe14fb4ee0) at ../sysdeps/unix/sysv/linux/clock_nanosleep.c:78
78	../sysdeps/unix/sysv/linux/clock_nanosleep.c: No such file or directory.
(gdb) (gdb) Continuing.
[Thread 0x77954b2df640 (LWP 1332094) exited]
[Thread 0x77954aade640 (LWP 1332095) exited]
[Thread 0x77954a2dd640 (LWP 1332096) exited]
[Thread 0x779549adc640 (LWP 1332097) exited]
[Thread 0x779553fff640 (LWP 1332093) exited]
[Thread 0x7795689fa640 (LWP 1332092) exited]
[Thread 0x7795691fb640 (LWP 1332091) exited]
[Thread 0x7795699fc640 (LWP 1332090) exited]
[Thread 0x77956a1fd640 (LWP 1332089) exited]
[Thread 0x77956a9fe640 (LWP 1332088) exited]
[Thread 0x77956bfff640 (LWP 1332087) exited]
[Thread 0x779570bcf640 (LWP 1332086) exited]
[Thread 0x7795713d0640 (LWP 1332085) exited]
[Thread 0x779571bd1640 (LWP 1332084) exited]
[Thread 0x779572a99640 (LWP 1332083) exited]
[Thread 0x77957329a640 (LWP 1332082) exited]
[Thread 0x779573a9b640 (LWP 1332080) exited]
[Thread 0x77957429c640 (LWP 1332079) exited]
[Thread 0x779574a9d640 (LWP 1332078) exited]
[Thread 0x77957529e640 (LWP 1332077) exited]
[Thread 0x779575a9f640 (LWP 1332076) exited]
[Thread 0x779575b45a00 (LWP 1332072) exited]
[Thread 0x77956b1ff640 (LWP 1332081) exited]
[New process 1332072]
[Inferior 1 (process 1332072) exited normally]
(gdb) No stack.
(gdb) 