Attaching to process 2395801
[New LWP 2395805]
[New LWP 2395806]
[New LWP 2395807]
[New LWP 2395808]
[New LWP 2395809]
[New LWP 2395810]
[New LWP 2395811]
[New LWP 2395812]
[New LWP 2395813]
[New LWP 2395814]
[New LWP 2395815]
[New LWP 2395816]
[New LWP 2395817]
[New LWP 2395818]
[New LWP 2395819]
[New LWP 2395820]
[New LWP 2395821]
[New LWP 2395822]
[New LWP 2395823]
[New LWP 2395824]
[New LWP 2395825]
[New LWP 2395826]
78	../sysdeps/unix/sysv/linux/clock_nanosleep.c: No such file or directory.
[Thread debugging using libthread_db enabled]
Using host libthread_db library "/lib/x86_64-linux-gnu/libthread_db.so.1".
0x000071b4f2b1d7f8 in __GI___clock_nanosleep (clock_id=clock_id@entry=0, flags=flags@entry=0, req=req@entry=0x7ffc82b826b0, rem=rem@entry=0x7ffc82b826b0) at ../sysdeps/unix/sysv/linux/clock_nanosleep.c:78
(gdb) (gdb) Continuing.
[Thread 0x71b4c3527640 (LWP 2395823) exited]
[Thread 0x71b4babff640 (LWP 2395824) exited]
[Thread 0x71b4c2d26640 (LWP 2395825) exited]
[Thread 0x71b4c2525640 (LWP 2395826) exited]
[Thread 0x71b4c7fff640 (LWP 2395822) exited]
[Thread 0x71b4d8dfa640 (LWP 2395821) exited]
[Thread 0x71b4d95fb640 (LWP 2395820) exited]
[Thread 0x71b4d9dfc640 (LWP 2395819) exited]
[Thread 0x71b4da5fd640 (LWP 2395818) exited]
[Thread 0x71b4dadfe640 (LWP 2395817) exited]
[Thread 0x71b4dbfff640 (LWP 2395816) exited]
[Thread 0x71b4e0a91640 (LWP 2395815) exited]
[Thread 0x71b4e1292640 (LWP 2395814) exited]
[Thread 0x71b4e1a93640 (LWP 2395813) exited]
[Thread 0x71b4e27fc640 (LWP 2395812) exited]
[Thread 0x71b4e2ffd640 (LWP 2395811) exited]
[Thread 0x71b4e37fe640 (LWP 2395810) exited]
[Thread 0x71b4db5ff640 (LWP 2395809) exited]
[Thread 0x71b4e3fff640 (LWP 2395808) exited]
[Thread 0x71b4f0d9b640 (LWP 2395807) exited]
[Thread 0x71b4f159c640 (LWP 2395806) exited]
[Thread 0x71b4f1e43a00 (LWP 2395801) exited]
[Thread 0x71b4f1d9d640 (LWP 2395805) exited]
[New process 2395801]
[Inferior 1 (process 2395801) exited normally]
(gdb) No stack.
(gdb) 