Attaching to process 2589879
[New LWP 2589912]
[New LWP 2589913]
[New LWP 2589914]
[New LWP 2589915]
[New LWP 2589916]
[New LWP 2589917]
[New LWP 2589918]
[New LWP 2589919]
[New LWP 2589943]
[New LWP 2589944]
[New LWP 2589945]
[New LWP 2589946]
[New LWP 2589947]
[New LWP 2589948]
[New LWP 2589949]
[New LWP 2589950]
[New LWP 2589951]
[New LWP 2589952]
[New LWP 2589953]
[New LWP 2589954]
[New LWP 2589955]
[New LWP 2589956]
[Thread debugging using libthread_db enabled]
Using host libthread_db library "/lib/x86_64-linux-gnu/libthread_db.so.1".
0x00007ff9a1d0f7f8 in __GI___clock_nanosleep (clock_id=clock_id@entry=0, flags=flags@entry=0, req=req@entry=0x7ffda50e6330, rem=rem@entry=0x7ffda50e6330) at ../sysdeps/unix/sysv/linux/clock_nanosleep.c:78
78	../sysdeps/unix/sysv/linux/clock_nanosleep.c: No such file or directory.
(gdb) (gdb) Continuing.
[Thread 0x7ff972717640 (LWP 2589953) exited]
[Thread 0x7ff971f16640 (LWP 2589954) exited]
[Thread 0x7ff970d51640 (LWP 2589956) exited]
[Thread 0x7ff971715640 (LWP 2589955) exited]
[Thread 0x7ff97affd640 (LWP 2589952) exited]
[Thread 0x7ff97b7fe640 (LWP 2589951) exited]
[Thread 0x7ff97bfff640 (LWP 2589950) exited]
[Thread 0x7ff990dfa640 (LWP 2589949) exited]
[Thread 0x7ff9915fb640 (LWP 2589948) exited]
[Thread 0x7ff991dfc640 (LWP 2589947) exited]
[Thread 0x7ff992dfe640 (LWP 2589945) exited]
[Thread 0x7ff993fff640 (LWP 2589944) exited]
[Thread 0x7ff998ff9640 (LWP 2589943) exited]
[Thread 0x7ff9997fa640 (LWP 2589919) exited]
[Thread 0x7ff999ffb640 (LWP 2589918) exited]
[Thread 0x7ff99a7fc640 (LWP 2589917) exited]
[Thread 0x7ff99affd640 (LWP 2589916) exited]
[Thread 0x7ff99b7fe640 (LWP 2589915) exited]
[Thread 0x7ff9935ff640 (LWP 2589914) exited]
[Thread 0x7ff99bfff640 (LWP 2589913) exited]
[Thread 0x7ff9a0f8f640 (LWP 2589912) exited]
[Thread 0x7ff9a1035a00 (LWP 2589879) exited]
[Thread 0x7ff9925fd640 (LWP 2589946) exited]
[New process 2589879]
[Inferior 1 (process 2589879) exited normally]
(gdb) No stack.
(gdb) 