Attaching to process 739586
[New LWP 739590]
[New LWP 739591]
[New LWP 739592]
[New LWP 739593]
[New LWP 739594]
[New LWP 739595]
[New LWP 739596]
[New LWP 739597]
[New LWP 739598]
[New LWP 739599]
[New LWP 739600]
[New LWP 739601]
[New LWP 739602]
[New LWP 739603]
[New LWP 739604]
[New LWP 739605]
[New LWP 739606]
[New LWP 739607]
[New LWP 739608]
[New LWP 739609]
[New LWP 739610]
[New LWP 739611]
[Thread debugging using libthread_db enabled]
Using host libthread_db library "/lib/x86_64-linux-gnu/libthread_db.so.1".
0x000076f31cb867f8 in __GI___clock_nanosleep (clock_id=clock_id@entry=0, flags=flags@entry=0, req=req@entry=0x7fffbf618280, rem=rem@entry=0x7fffbf618280) at ../sysdeps/unix/sysv/linux/clock_nanosleep.c:78
78	../sysdeps/unix/sysv/linux/clock_nanosleep.c: No such file or directory.
(gdb) (gdb) Continuing.
[Thread 0x76f2f1619640 (LWP 739608) exited]
[Thread 0x76f2f0e18640 (LWP 739609) exited]
[Thread 0x76f2e77fe640 (LWP 739611) exited]
[Thread 0x76f2e7fff640 (LWP 739610) exited]
[Thread 0x76f3027fc640 (LWP 739607) exited]
[Thread 0x76f302ffd640 (LWP 739606) exited]
[Thread 0x76f3037fe640 (LWP 739605) exited]
[Thread 0x76f303fff640 (LWP 739604) exited]
[Thread 0x76f308a91640 (LWP 739603) exited]
[Thread 0x76f309292640 (LWP 739602) exited]
[Thread 0x76f309a93640 (LWP 739601) exited]
[Thread 0x76f30a294640 (LWP 739600) exited]
[Thread 0x76f30aa95640 (LWP 739599) exited]
[Thread 0x76f318e00640 (LWP 739597) exited]
[Thread 0x76f319601640 (LWP 739596) exited]
[Thread 0x76f30bfff640 (LWP 739595) exited]
[Thread 0x76f319e02640 (LWP 739594) exited]
[Thread 0x76f31a603640 (LWP 739593) exited]
[Thread 0x76f31ae04640 (LWP 739592) exited]
[Thread 0x76f31b605640 (LWP 739591) exited]
[Thread 0x76f31be06640 (LWP 739590) exited]
[Thread 0x76f31beaca00 (LWP 739586) exited]
[Thread 0x76f30b296640 (LWP 739598) exited]
[New process 739586]
[Inferior 1 (process 739586) exited normally]
(gdb) No stack.
(gdb) 