Attaching to process 1122690
[New LWP 1122694]
[New LWP 1122695]
[New LWP 1122696]
[New LWP 1122697]
[New LWP 1122698]
[New LWP 1122699]
[New LWP 1122700]
[New LWP 1122701]
[New LWP 1122702]
[New LWP 1122703]
[New LWP 1122704]
[New LWP 1122705]
[New LWP 1122706]
[New LWP 1122707]
[New LWP 1122708]
[New LWP 1122709]
[New LWP 1122710]
[New LWP 1122711]
[New LWP 1122712]
[New LWP 1122713]
[New LWP 1122714]
[New LWP 1122715]
[Thread debugging using libthread_db enabled]
Using host libthread_db library "/lib/x86_64-linux-gnu/libthread_db.so.1".
0x000078e4575367f8 in __GI___clock_nanosleep (clock_id=clock_id@entry=0, flags=flags@entry=0, req=req@entry=0x7ffd2a081e00, rem=rem@entry=0x7ffd2a081e00) at ../sysdeps/unix/sysv/linux/clock_nanosleep.c:78
78	../sysdeps/unix/sysv/linux/clock_nanosleep.c: No such file or directory.
(gdb) (gdb) Continuing.
[Thread 0x78e427fe5640 (LWP 1122712) exited]
[Thread 0x78e4277e4640 (LWP 1122713) exited]
[Thread 0x78e4267ba640 (LWP 1122715) exited]
[Thread 0x78e426fe3640 (LWP 1122714) exited]
[Thread 0x78e430ff9640 (LWP 1122711) exited]
[Thread 0x78e4317fa640 (LWP 1122710) exited]
[Thread 0x78e431ffb640 (LWP 1122709) exited]
[Thread 0x78e4327fc640 (LWP 1122708) exited]
[Thread 0x78e432ffd640 (LWP 1122707) exited]
[Thread 0x78e4337fe640 (LWP 1122706) exited]
[Thread 0x78e433fff640 (LWP 1122705) exited]
[Thread 0x78e444ff9640 (LWP 1122704) exited]
[Thread 0x78e4457fa640 (LWP 1122703) exited]
[Thread 0x78e445ffb640 (LWP 1122702) exited]
[Thread 0x78e4467fc640 (LWP 1122701) exited]
[Thread 0x78e446ffd640 (LWP 1122700) exited]
[Thread 0x78e4477fe640 (LWP 1122699) exited]
[Thread 0x78e447fff640 (LWP 1122698) exited]
[Thread 0x78e454fb3640 (LWP 1122697) exited]
[Thread 0x78e4557b4640 (LWP 1122696) exited]
[Thread 0x78e455fb5640 (LWP 1122695) exited]
[Thread 0x78e4567b6640 (LWP 1122694) exited]
[Inferior 1 (process 1122690) exited normally]
(gdb) No stack.
(gdb) 