Attaching to process 1365362
[New LWP 1365395]
[New LWP 1365396]
[New LWP 1365397]
[New LWP 1365398]
[New LWP 1365399]
[New LWP 1365400]
[New LWP 1365401]
[New LWP 1365402]
[New LWP 1365426]
[New LWP 1365427]
[New LWP 1365428]
[New LWP 1365429]
[New LWP 1365430]
[New LWP 1365431]
[New LWP 1365432]
[New LWP 1365433]
[New LWP 1365434]
[New LWP 1365435]
[New LWP 1365436]
[New LWP 1365437]
[New LWP 1365438]
[New LWP 1365439]
[Thread debugging using libthread_db enabled]
Using host libthread_db library "/lib/x86_64-linux-gnu/libthread_db.so.1".
0x0000735e1fc0a7f8 in __GI___clock_nanosleep (clock_id=clock_id@entry=0, flags=flags@entry=0, req=req@entry=0x7ffc6190f220, rem=rem@entry=0x7ffc6190f220) at ../sysdeps/unix/sysv/linux/clock_nanosleep.c:78
78	../sysdeps/unix/sysv/linux/clock_nanosleep.c: No such file or directory.
(gdb) (gdb) Continuing.
[Thread 0x735deffff640 (LWP 1365436) exited]
[Thread 0x735def7fe640 (LWP 1365437) exited]
[Thread 0x735e04a91640 (LWP 1365430) exited]
[Thread 0x735dee7fc640 (LWP 1365439) exited]
[Thread 0x735dfd7fa640 (LWP 1365435) exited]
[Thread 0x735dfdffb640 (LWP 1365434) exited]
[Thread 0x735dfe7fc640 (LWP 1365433) exited]
[Thread 0x735dfeffd640 (LWP 1365432) exited]
[Thread 0x735dff7fe640 (LWP 1365431) exited]
[Thread 0x735e05292640 (LWP 1365429) exited]
[Thread 0x735e05a93640 (LWP 1365428) exited]
[Thread 0x735e06294640 (LWP 1365427) exited]
[Thread 0x735e06a95640 (LWP 1365426) exited]
[Thread 0x735e077fe640 (LWP 1365402) exited]
[Thread 0x735dfffff640 (LWP 1365401) exited]
[Thread 0x735e07fff640 (LWP 1365400) exited]
[Thread 0x735e1ce86640 (LWP 1365399) exited]
[Thread 0x735e1d687640 (LWP 1365398) exited]
[Thread 0x735e1de88640 (LWP 1365397) exited]
[Thread 0x735e1e689640 (LWP 1365396) exited]
[Thread 0x735e1ee8a640 (LWP 1365395) exited]
[Thread 0x735e1ef30a00 (LWP 1365362) exited]
[Thread 0x735deeffd640 (LWP 1365438) exited]
[New process 1365362]
[Inferior 1 (process 1365362) exited normally]
(gdb) No stack.
(gdb) 