Attaching to process 851165
[New LWP 851169]
[New LWP 851170]
[New LWP 851171]
[New LWP 851172]
[New LWP 851173]
[New LWP 851174]
[New LWP 851175]
[New LWP 851176]
[New LWP 851177]
[New LWP 851178]
[New LWP 851179]
[New LWP 851180]
[New LWP 851181]
[New LWP 851182]
[New LWP 851183]
[New LWP 851184]
[New LWP 851185]
[New LWP 851186]
[New LWP 851187]
[New LWP 851188]
[New LWP 851189]
[New LWP 851190]
78	../sysdeps/unix/sysv/linux/clock_nanosleep.c: No such file or directory.
[Thread debugging using libthread_db enabled]
Using host libthread_db library "/lib/x86_64-linux-gnu/libthread_db.so.1".
0x00007d8d8bac17f8 in __GI___clock_nanosleep (clock_id=clock_id@entry=0, flags=flags@entry=0, req=req@entry=0x7ffceb9cb640, rem=rem@entry=0x7ffceb9cb640) at ../sysdeps/unix/sysv/linux/clock_nanosleep.c:78
(gdb) (gdb) Continuing.
[Thread 0x7d8d5c562640 (LWP 851187) exited]
[Thread 0x7d8d5bd61640 (LWP 851188) exited]
[Thread 0x7d8d5ab9c640 (LWP 851190) exited]
[Thread 0x7d8d5b560640 (LWP 851189) exited]
[Thread 0x7d8d617fa640 (LWP 851186) exited]
[Thread 0x7d8d61ffb640 (LWP 851185) exited]
[Thread 0x7d8d627fc640 (LWP 851184) exited]
[Thread 0x7d8d62ffd640 (LWP 851183) exited]
[Thread 0x7d8d637fe640 (LWP 851182) exited]
[Thread 0x7d8d63fff640 (LWP 851181) exited]
[Thread 0x7d8d70a91640 (LWP 851180) exited]
[Thread 0x7d8d71292640 (LWP 851179) exited]
[Thread 0x7d8d71a93640 (LWP 851178) exited]
[Thread 0x7d8d72294640 (LWP 851177) exited]
[Thread 0x7d8d72ffd640 (LWP 851176) exited]
[Thread 0x7d8d737fe640 (LWP 851175) exited]
[Thread 0x7d8d88d3d640 (LWP 851173) exited]
[Thread 0x7d8d8953e640 (LWP 851172) exited]
[Thread 0x7d8d89d3f640 (LWP 851171) exited]
[Thread 0x7d8d8a540640 (LWP 851170) exited]
[Thread 0x7d8d8ad41640 (LWP 851169) exited]
[Thread 0x7d8d8ade7a00 (LWP 851165) exited]
[Thread 0x7d8d73fff640 (LWP 851174) exited]
[New process 851165]
[Inferior 1 (process 851165) exited normally]
(gdb) No stack.
(gdb) 