Attaching to process 850554
[New LWP 850558]
[New LWP 850559]
[New LWP 850560]
[New LWP 850561]
[New LWP 850562]
[New LWP 850563]
[New LWP 850564]
[New LWP 850565]
[New LWP 850566]
[New LWP 850567]
[New LWP 850568]
[New LWP 850569]
[New LWP 850570]
[New LWP 850571]
[New LWP 850572]
[New LWP 850573]
[New LWP 850574]
[New LWP 850575]
[New LWP 850576]
[New LWP 850577]
[New LWP 850578]
[New LWP 850579]
78	../sysdeps/unix/sysv/linux/clock_nanosleep.c: No such file or directory.
[Thread debugging using libthread_db enabled]
Using host libthread_db library "/lib/x86_64-linux-gnu/libthread_db.so.1".
0x00007fca1d8217f8 in __GI___clock_nanosleep (clock_id=clock_id@entry=0, flags=flags@entry=0, req=req@entry=0x7ffebe421420, rem=rem@entry=0x7ffebe421420) at ../sysdeps/unix/sysv/linux/clock_nanosleep.c:78
(gdb) (gdb) Continuing.
[Thread 0x7fca022b5640 (LWP 850576) exited]
[Thread 0x7fca01ab4640 (LWP 850577) exited]
[Thread 0x7fca008ef640 (LWP 850579) exited]
[Thread 0x7fca012b3640 (LWP 850578) exited]
[Thread 0x7fca0affd640 (LWP 850575) exited]
[Thread 0x7fca0b7fe640 (LWP 850574) exited]
[Thread 0x7fca0bfff640 (LWP 850573) exited]
[Thread 0x7fca10ff9640 (LWP 850572) exited]
[Thread 0x7fca117fa640 (LWP 850571) exited]
[Thread 0x7fca11ffb640 (LWP 850570) exited]
[Thread 0x7fca127fc640 (LWP 850569) exited]
[Thread 0x7fca12ffd640 (LWP 850568) exited]
[Thread 0x7fca137fe640 (LWP 850567) exited]
[Thread 0x7fca18bd3640 (LWP 850566) exited]
[Thread 0x7fca19a9b640 (LWP 850565) exited]
[Thread 0x7fca1aa9d640 (LWP 850563) exited]
[Thread 0x7fca1b29e640 (LWP 850562) exited]
[Thread 0x7fca1ba9f640 (LWP 850561) exited]
[Thread 0x7fca13fff640 (LWP 850560) exited]
[Thread 0x7fca1c2a0640 (LWP 850559) exited]
[Thread 0x7fca1caa1640 (LWP 850558) exited]
[Thread 0x7fca1cb47a00 (LWP 850554) exited]
[Thread 0x7fca1a29c640 (LWP 850564) exited]
[New process 850554]
[Inferior 1 (process 850554) exited normally]
(gdb) No stack.
(gdb) 