Attaching to process 3126656
[New LWP 3126660]
[New LWP 3126661]
[New LWP 3126662]
[New LWP 3126663]
[New LWP 3126664]
[New LWP 3126665]
[New LWP 3126666]
[New LWP 3126667]
[New LWP 3126668]
[New LWP 3126669]
[New LWP 3126670]
[New LWP 3126671]
[New LWP 3126672]
[New LWP 3126673]
[New LWP 3126674]
[New LWP 3126675]
[New LWP 3126676]
[New LWP 3126677]
[New LWP 3126678]
[New LWP 3126679]
[New LWP 3126680]
[New LWP 3126681]
78	../sysdeps/unix/sysv/linux/clock_nanosleep.c: No such file or directory.
[Thread debugging using libthread_db enabled]
Using host libthread_db library "/lib/x86_64-linux-gnu/libthread_db.so.1".
0x00007f2d9edef7f8 in __GI___clock_nanosleep (clock_id=clock_id@entry=0, flags=flags@entry=0, req=req@entry=0x7ffd42c21960, rem=rem@entry=0x7ffd42c21960) at ../sysdeps/unix/sysv/linux/clock_nanosleep.c:78
(gdb) (gdb) Continuing.
[Thread 0x7f2d6f857640 (LWP 3126678) exited]
[Thread 0x7f2d6b056640 (LWP 3126679) exited]
[Thread 0x7f2d6e855640 (LWP 3126681) exited]
[Thread 0x7f2d6f056640 (LWP 3126680) exited]
[Thread 0x7f2d8cc73640 (LWP 3126677) exited]
[Thread 0x7f2d8d474640 (LWP 3126676) exited]
[Thread 0x7f2d8dc75640 (LWP 3126675) exited]
[Thread 0x7f2d8e476640 (LWP 3126674) exited]
[Thread 0x7f2d8ec77640 (LWP 3126673) exited]
[Thread 0x7f2d8f478640 (LWP 3126672) exited]
[Thread 0x7f2d8ffff640 (LWP 3126671) exited]
[Thread 0x7f2d95133640 (LWP 3126669) exited]
[Thread 0x7f2d95934640 (LWP 3126668) exited]
[Thread 0x7f2d967fc640 (LWP 3126667) exited]
[Thread 0x7f2d96ffd640 (LWP 3126666) exited]
[Thread 0x7f2d977fe640 (LWP 3126665) exited]
[Thread 0x7f2d9c86c640 (LWP 3126664) exited]
[Thread 0x7f2d9d06d640 (LWP 3126663) exited]
[Thread 0x7f2d9d86e640 (LWP 3126662) exited]
[Thread 0x7f2d97fff640 (LWP 3126661) exited]
[Thread 0x7f2d9e06f640 (LWP 3126660) exited]
[Thread 0x7f2d9e115a00 (LWP 3126656) exited]
[Thread 0x7f2d94932640 (LWP 3126670) exited]
[New process 3126656]
[Inferior 1 (process 3126656) exited normally]
(gdb) No stack.
(gdb) 