Attaching to process 1731150
[New LWP 1731183]
[New LWP 1731184]
[New LWP 1731185]
[New LWP 1731186]
[New LWP 1731187]
[New LWP 1731188]
[New LWP 1731189]
[New LWP 1731190]
[New LWP 1731214]
[New LWP 1731215]
[New LWP 1731216]
[New LWP 1731217]
[New LWP 1731218]
[New LWP 1731219]
[New LWP 1731220]
[New LWP 1731221]
[New LWP 1731222]
[New LWP 1731223]
[New LWP 1731224]
[New LWP 1731225]
[New LWP 1731226]
[New LWP 1731227]
78	../sysdeps/unix/sysv/linux/clock_nanosleep.c: No such file or directory.
[Thread debugging using libthread_db enabled]
Using host libthread_db library "/lib/x86_64-linux-gnu/libthread_db.so.1".
0x000070ec25bf67f8 in __GI___clock_nanosleep (clock_id=clock_id@entry=0, flags=flags@entry=0, req=req@entry=0x7fff80b6ef90, rem=rem@entry=0x7fff80b6ef90) at ../sysdeps/unix/sysv/linux/clock_nanosleep.c:78
(gdb) (gdb) Continuing.
[Thread 0x70ebf663d640 (LWP 1731224) exited]
[Thread 0x70ebf5e3c640 (LWP 1731225) exited]
[Thread 0x70ebf4c77640 (LWP 1731227) exited]
[Thread 0x70ebf563b640 (LWP 1731226) exited]
[Thread 0x70ebfaffd640 (LWP 1731223) exited]
[Thread 0x70ebfb7fe640 (LWP 1731222) exited]
[Thread 0x70ebfbfff640 (LWP 1731221) exited]
[Thread 0x70ec00ff9640 (LWP 1731220) exited]
[Thread 0x70ec017fa640 (LWP 1731219) exited]
[Thread 0x70ec01ffb640 (LWP 1731218) exited]
[Thread 0x70ec027fc640 (LWP 1731217) exited]
[Thread 0x70ec02ffd640 (LWP 1731216) exited]
[Thread 0x70ec037fe640 (LWP 1731215) exited]
[Thread 0x70ec03fff640 (LWP 1731214) exited]
[Thread 0x70ec1cff9640 (LWP 1731190) exited]
[Thread 0x70ec1d7fa640 (LWP 1731189) exited]
[Thread 0x70ec1dffb640 (LWP 1731188) exited]
[Thread 0x70ec1e7fc640 (LWP 1731187) exited]
[Thread 0x70ec1effd640 (LWP 1731186) exited]
[Thread 0x70ec1f7fe640 (LWP 1731185) exited]
[Thread 0x70ec1ffff640 (LWP 1731184) exited]
[Thread 0x70ec24e76640 (LWP 1731183) exited]
[Inferior 1 (process 1731150) exited normally]
(gdb) (gdb) No stack.
