Attaching to process 1731270
[New LWP 1731274]
[New LWP 1731275]
[New LWP 1731276]
[New LWP 1731277]
[New LWP 1731278]
[New LWP 1731279]
[New LWP 1731280]
[New LWP 1731281]
[New LWP 1731283]
[New LWP 1731284]
[New LWP 1731285]
[New LWP 1731286]
[New LWP 1731287]
[New LWP 1731288]
[New LWP 1731289]
[New LWP 1731290]
[New LWP 1731291]
[New LWP 1731292]
[New LWP 1731293]
[New LWP 1731294]
[New LWP 1731295]
[New LWP 1731296]
[Thread debugging using libthread_db enabled]
Using host libthread_db library "/lib/x86_64-linux-gnu/libthread_db.so.1".
0x00007707c402f7f8 in __GI___clock_nanosleep (clock_id=clock_id@entry=0, flags=flags@entry=0, req=req@entry=0x7ffd320e7850, rem=rem@entry=0x7ffd320e7850) at ../sysdeps/unix/sysv/linux/clock_nanosleep.c:78
78	../sysdeps/unix/sysv/linux/clock_nanosleep.c: No such file or directory.
(gdb) (gdb) Continuing.
[Thread 0x770794adc640 (LWP 1731293) exited]
[Thread 0x77078ffff640 (LWP 1731294) exited]
[Thread 0x77078effd640 (LWP 1731296) exited]
[Thread 0x77078f7fe640 (LWP 1731295) exited]
[Thread 0x77079d7fa640 (LWP 1731292) exited]
[Thread 0x77079dffb640 (LWP 1731291) exited]
[Thread 0x77079e7fc640 (LWP 1731290) exited]
[Thread 0x77079effd640 (LWP 1731289) exited]
[Thread 0x77079f7fe640 (LWP 1731288) exited]
[Thread 0x77079ffff640 (LWP 1731287) exited]
[Thread 0x7707a9292640 (LWP 1731286) exited]
[Thread 0x7707a9a93640 (LWP 1731285) exited]
[Thread 0x7707aa294640 (LWP 1731284) exited]
[Thread 0x7707aaa95640 (LWP 1731283) exited]
[Thread 0x7707ab7fe640 (LWP 1731281) exited]
[Thread 0x7707abfff640 (LWP 1731280) exited]
[Thread 0x7707c0aaa640 (LWP 1731279) exited]
[Thread 0x7707c1aac640 (LWP 1731277) exited]
[Thread 0x7707c22ad640 (LWP 1731276) exited]
[Thread 0x7707c2aae640 (LWP 1731275) exited]
[Thread 0x7707c32af640 (LWP 1731274) exited]
[Thread 0x7707c3355a00 (LWP 1731270) exited]
[Thread 0x7707c12ab640 (LWP 1731278) exited]
[New process 1731270]
[Inferior 1 (process 1731270) exited normally]
(gdb) No stack.
(gdb) 