Attaching to process 2213255
[New LWP 2213288]
[New LWP 2213289]
[New LWP 2213290]
[New LWP 2213291]
[New LWP 2213292]
[New LWP 2213293]
[New LWP 2213294]
[New LWP 2213295]
[New LWP 2213319]
[New LWP 2213320]
[New LWP 2213321]
[New LWP 2213322]
[New LWP 2213323]
[New LWP 2213324]
[New LWP 2213325]
[New LWP 2213326]
[New LWP 2213327]
[New LWP 2213328]
[New LWP 2213329]
[New LWP 2213330]
[New LWP 2213331]
[New LWP 2213332]
[Thread debugging using libthread_db enabled]
Using host libthread_db library "/lib/x86_64-linux-gnu/libthread_db.so.1".
0x0000758a499e57f8 in __GI___clock_nanosleep (clock_id=clock_id@entry=0, flags=flags@entry=0, req=req@entry=0x7ffed1e65ff0, rem=rem@entry=0x7ffed1e65ff0) at ../sysdeps/unix/sysv/linux/clock_nanosleep.c:78
78	../sysdeps/unix/sysv/linux/clock_nanosleep.c: No such file or directory.
(gdb) (gdb) Continuing.
[Thread 0x758a1a413640 (LWP 2213329) exited]
[Thread 0x758a19c12640 (LWP 2213330) exited]
[Thread 0x758a18a4d640 (LWP 2213332) exited]
[Thread 0x758a19411640 (LWP 2213331) exited]
[Thread 0x758a22ffd640 (LWP 2213328) exited]
[Thread 0x758a237fe640 (LWP 2213327) exited]
[Thread 0x758a23fff640 (LWP 2213326) exited]
[Thread 0x758a38c73640 (LWP 2213325) exited]
[Thread 0x758a39474640 (LWP 2213324) exited]
[Thread 0x758a39c75640 (LWP 2213323) exited]
[Thread 0x758a3a7fc640 (LWP 2213322) exited]
[Thread 0x758a3affd640 (LWP 2213321) exited]
[Thread 0x758a3b7fe640 (LWP 2213320) exited]
[Thread 0x758a40a91640 (LWP 2213319) exited]
[Thread 0x758a417fa640 (LWP 2213295) exited]
[Thread 0x758a41ffb640 (LWP 2213294) exited]
[Thread 0x758a427fc640 (LWP 2213293) exited]
[Thread 0x758a42ffd640 (LWP 2213292) exited]
[Thread 0x758a437fe640 (LWP 2213291) exited]
[Thread 0x758a3bfff640 (LWP 2213290) exited]
[Thread 0x758a43fff640 (LWP 2213289) exited]
[Thread 0x758a48c65640 (LWP 2213288) exited]
[Inferior 1 (process 2213255) exited normally]
No stack.
(gdb) (gdb) 