Attaching to process 296624
[New LWP 296628]
[New LWP 296629]
[New LWP 296630]
[New LWP 296631]
[New LWP 296632]
[New LWP 296633]
[New LWP 296634]
[New LWP 296635]
[New LWP 296636]
[New LWP 296637]
[New LWP 296638]
[New LWP 296639]
[New LWP 296640]
[New LWP 296641]
[New LWP 296642]
[New LWP 296643]
[New LWP 296644]
[New LWP 296645]
[New LWP 296646]
[New LWP 296647]
[New LWP 296648]
[New LWP 296649]
[Thread debugging using libthread_db enabled]
Using host libthread_db library "/lib/x86_64-linux-gnu/libthread_db.so.1".
0x00007644cf2977f8 in __GI___clock_nanosleep (clock_id=clock_id@entry=0, flags=flags@entry=0, req=req@entry=0x7ffde50792c0, rem=rem@entry=0x7ffde50792c0) at ../sysdeps/unix/sysv/linux/clock_nanosleep.c:78
78	../sysdeps/unix/sysv/linux/clock_nanosleep.c: No such file or directory.
(gdb) (gdb) Continuing.
[Thread 0x76449fd1b640 (LWP 296646) exited]
[Thread 0x76449f51a640 (LWP 296647) exited]
[Thread 0x76449e518640 (LWP 296649) exited]
[Thread 0x76449ed19640 (LWP 296648) exited]
[Thread 0x7644a4ff9640 (LWP 296645) exited]
[Thread 0x7644a57fa640 (LWP 296644) exited]
[Thread 0x7644a5ffb640 (LWP 296643) exited]
[Thread 0x7644a67fc640 (LWP 296642) exited]
[Thread 0x7644a6ffd640 (LWP 296641) exited]
[Thread 0x7644a77fe640 (LWP 296640) exited]
[Thread 0x7644a7fff640 (LWP 296639) exited]
[Thread 0x7644c4a91640 (LWP 296638) exited]
[Thread 0x7644c5a93640 (LWP 296636) exited]
[Thread 0x7644c67fc640 (LWP 296635) exited]
[Thread 0x7644c6ffd640 (LWP 296634) exited]
[Thread 0x7644c77fe640 (LWP 296633) exited]
[Thread 0x7644ccd14640 (LWP 296632) exited]
[Thread 0x7644c7fff640 (LWP 296631) exited]
[Thread 0x7644cd515640 (LWP 296630) exited]
[Thread 0x7644cdd16640 (LWP 296629) exited]
[Thread 0x7644ce517640 (LWP 296628) exited]
[Thread 0x7644ce5bda00 (LWP 296624) exited]
[Thread 0x7644c5292640 (LWP 296637) exited]
[New process 296624]
[Inferior 1 (process 296624) exited normally]
(gdb) No stack.
(gdb) 