Attaching to process 1332952
[New LWP 1332985]
[New LWP 1332986]
[New LWP 1332987]
[New LWP 1332988]
[New LWP 1332989]
[New LWP 1332990]
[New LWP 1332991]
[New LWP 1332992]
[New LWP 1333016]
[New LWP 1333017]
[New LWP 1333018]
[New LWP 1333019]
[New LWP 1333020]
[New LWP 1333021]
[New LWP 1333022]
[New LWP 1333023]
[New LWP 1333024]
[New LWP 1333025]
[New LWP 1333026]
[New LWP 1333027]
[New LWP 1333028]
[New LWP 1333029]
78	../sysdeps/unix/sysv/linux/clock_nanosleep.c: No such file or directory.
[Thread debugging using libthread_db enabled]
Using host libthread_db library "/lib/x86_64-linux-gnu/libthread_db.so.1".
0x00007aaf2411a7f8 in __GI___clock_nanosleep (clock_id=clock_id@entry=0, flags=flags@entry=0, req=req@entry=0x7ffdd0ee93f0, rem=rem@entry=0x7ffdd0ee93f0) at ../sysdeps/unix/sysv/linux/clock_nanosleep.c:78
(gdb) (gdb) Continuing.
[Thread 0x7aaef8baf640 (LWP 1333026) exited]
[Thread 0x7aaeeffff640 (LWP 1333027) exited]
[Thread 0x7aaeeeffd640 (LWP 1333029) exited]
[Thread 0x7aaeef7fe640 (LWP 1333028) exited]
[Thread 0x7aaf117fa640 (LWP 1333025) exited]
[Thread 0x7aaf11ffb640 (LWP 1333024) exited]
[Thread 0x7aaf127fc640 (LWP 1333023) exited]
[Thread 0x7aaf12ffd640 (LWP 1333022) exited]
[Thread 0x7aaf137fe640 (LWP 1333021) exited]
[Thread 0x7aaf13fff640 (LWP 1333020) exited]
[Thread 0x7aaf19292640 (LWP 1333019) exited]
[Thread 0x7aaf19a93640 (LWP 1333018) exited]
[Thread 0x7aaf1a294640 (LWP 1333017) exited]
[Thread 0x7aaf1aa95640 (LWP 1333016) exited]
[Thread 0x7aaf1b7fe640 (LWP 1332992) exited]
[Thread 0x7aaf20b95640 (LWP 1332991) exited]
[Thread 0x7aaf21b97640 (LWP 1332989) exited]
[Thread 0x7aaf1bfff640 (LWP 1332988) exited]
[Thread 0x7aaf22398640 (LWP 1332987) exited]
[Thread 0x7aaf22b99640 (LWP 1332986) exited]
[Thread 0x7aaf2339a640 (LWP 1332985) exited]
[Thread 0x7aaf23440a00 (LWP 1332952) exited]
[Thread 0x7aaf21396640 (LWP 1332990) exited]
[New process 1332952]
[Inferior 1 (process 1332952) exited normally]
(gdb) No stack.
(gdb) 