Attaching to process 1802696
[New LWP 1802729]
[New LWP 1802730]
[New LWP 1802731]
[New LWP 1802732]
[New LWP 1802733]
[New LWP 1802734]
[New LWP 1802735]
[New LWP 1802736]
[New LWP 1802760]
[New LWP 1802761]
[New LWP 1802762]
[New LWP 1802763]
[New LWP 1802764]
[New LWP 1802765]
[New LWP 1802766]
[New LWP 1802767]
[New LWP 1802768]
[New LWP 1802769]
[New LWP 1802770]
[New LWP 1802771]
[New LWP 1802772]
[New LWP 1802773]
78	../sysdeps/unix/sysv/linux/clock_nanosleep.c: No such file or directory.
[Thread debugging using libthread_db enabled]
Using host libthread_db library "/lib/x86_64-linux-gnu/libthread_db.so.1".
0x0000739f33bbe7f8 in __GI___clock_nanosleep (clock_id=clock_id@entry=0, flags=flags@entry=0, req=req@entry=0x7fff1afc7ca0, rem=rem@entry=0x7fff1afc7ca0) at ../sysdeps/unix/sysv/linux/clock_nanosleep.c:78
(gdb) (gdb) Continuing.
[Thread 0x739f03fff640 (LWP 1802770) exited]
[Thread 0x739eff7fe640 (LWP 1802771) exited]
[Thread 0x739f02ffd640 (LWP 1802773) exited]
[Thread 0x739f117fa640 (LWP 1802769) exited]
[Thread 0x739f11ffb640 (LWP 1802768) exited]
[Thread 0x739f127fc640 (LWP 1802767) exited]
[Thread 0x739f12ffd640 (LWP 1802766) exited]
[Thread 0x739f18a91640 (LWP 1802764) exited]
[Thread 0x739f19292640 (LWP 1802763) exited]
[Thread 0x739f137fe640 (LWP 1802765) exited]
[Thread 0x739f19a93640 (LWP 1802762) exited]
[Thread 0x739f1a294640 (LWP 1802761) exited]
[Thread 0x739f1aa95640 (LWP 1802760) exited]
[Thread 0x739f1b7fe640 (LWP 1802736) exited]
[Thread 0x739f13fff640 (LWP 1802735) exited]
[Thread 0x739f1bfff640 (LWP 1802734) exited]
[Thread 0x739f30e3a640 (LWP 1802733) exited]
[Thread 0x739f3163b640 (LWP 1802732) exited]
[Thread 0x739f31e3c640 (LWP 1802731) exited]
[Thread 0x739f3263d640 (LWP 1802730) exited]
[Thread 0x739f32e3e640 (LWP 1802729) exited]
[Thread 0x739f32ee4a00 (LWP 1802696) exited]
[Thread 0x739f037fe640 (LWP 1802772) exited]
[New process 1802696]
[Inferior 1 (process 1802696) exited normally]
(gdb) No stack.
(gdb) 