Attaching to process 1802202
[New LWP 1802206]
[New LWP 1802207]
[New LWP 1802208]
[New LWP 1802209]
[New LWP 1802210]
[New LWP 1802211]
[New LWP 1802212]
[New LWP 1802213]
[New LWP 1802214]
[New LWP 1802215]
[New LWP 1802216]
[New LWP 1802217]
[New LWP 1802218]
[New LWP 1802219]
[New LWP 1802220]
[New LWP 1802221]
[New LWP 1802222]
[New LWP 1802223]
[New LWP 1802224]
[New LWP 1802225]
[New LWP 1802226]
[New LWP 1802227]
[Thread debugging using libthread_db enabled]
Using host libthread_db library "/lib/x86_64-linux-gnu/libthread_db.so.1".
0x00007660f6f017f8 in __GI___clock_nanosleep (clock_id=clock_id@entry=0, flags=flags@entry=0, req=req@entry=0x7ffec044a730, rem=rem@entry=0x7ffec044a730) at ../sysdeps/unix/sysv/linux/clock_nanosleep.c:78
78	../sysdeps/unix/sysv/linux/clock_nanosleep.c: No such file or directory.
(gdb) (gdb) Continuing.
[Thread 0x7660c7929640 (LWP 1802224) exited]
[Thread 0x7660c3128640 (LWP 1802225) exited]
[Thread 0x7660c6927640 (LWP 1802227) exited]
[Thread 0x7660c7128640 (LWP 1802226) exited]
[Thread 0x7660dcc73640 (LWP 1802223) exited]
[Thread 0x7660dd474640 (LWP 1802222) exited]
[Thread 0x7660ddc75640 (LWP 1802221) exited]
[Thread 0x7660de476640 (LWP 1802220) exited]
[Thread 0x7660dec77640 (LWP 1802219) exited]
[Thread 0x7660df478640 (LWP 1802218) exited]
[Thread 0x7660e5292640 (LWP 1802216) exited]
[Thread 0x7660e5a93640 (LWP 1802215) exited]
[Thread 0x7660e6294640 (LWP 1802214) exited]
[Thread 0x7660e6ffd640 (LWP 1802213) exited]
[Thread 0x7660e77fe640 (LWP 1802212) exited]
[Thread 0x7660dffff640 (LWP 1802211) exited]
[Thread 0x7660e7fff640 (LWP 1802210) exited]
[Thread 0x7660f497e640 (LWP 1802209) exited]
[Thread 0x7660f517f640 (LWP 1802208) exited]
[Thread 0x7660f5980640 (LWP 1802207) exited]
[Thread 0x7660f6181640 (LWP 1802206) exited]
[Thread 0x7660f6227a00 (LWP 1802202) exited]
[Thread 0x7660e4a91640 (LWP 1802217) exited]
[New process 1802202]
[Inferior 1 (process 1802202) exited normally]
(gdb) No stack.
(gdb) 