Attaching to process 2791370
[New LWP 2791374]
[New LWP 2791375]
[New LWP 2791376]
[New LWP 2791377]
[New LWP 2791378]
[New LWP 2791379]
[New LWP 2791380]
[New LWP 2791381]
[New LWP 2791382]
[New LWP 2791383]
[New LWP 2791384]
[New LWP 2791385]
[New LWP 2791386]
[New LWP 2791387]
[New LWP 2791388]
[New LWP 2791389]
[New LWP 2791390]
[New LWP 2791391]
[New LWP 2791392]
[New LWP 2791393]
[New LWP 2791394]
[New LWP 2791395]
[Thread debugging using libthread_db enabled]
Using host libthread_db library "/lib/x86_64-linux-gnu/libthread_db.so.1".
0x00007d87b10897f8 in __GI___clock_nanosleep (clock_id=clock_id@entry=0, flags=flags@entry=0, req=req@entry=0x7ffc94a0b300, rem=rem@entry=0x7ffc94a0b300) at ../sysdeps/unix/sysv/linux/clock_nanosleep.c:78
78	../sysdeps/unix/sysv/linux/clock_nanosleep.c: No such file or directory.
(gdb) (gdb) Continuing.
[Thread 0x7d8781b39640 (LWP 2791392) exited]
[Thread 0x7d8781338640 (LWP 2791393) exited]
[Thread 0x7d87781fe640 (LWP 2791395) exited]
[Thread 0x7d87789ff640 (LWP 2791394) exited]
[Thread 0x7d87867fc640 (LWP 2791391) exited]
[Thread 0x7d8786ffd640 (LWP 2791390) exited]
[Thread 0x7d87877fe640 (LWP 2791389) exited]
[Thread 0x7d8787fff640 (LWP 2791388) exited]
[Thread 0x7d87a4ff9640 (LWP 2791387) exited]
[Thread 0x7d87a57fa640 (LWP 2791386) exited]
[Thread 0x7d87a5ffb640 (LWP 2791385) exited]
[Thread 0x7d87a67fc640 (LWP 2791384) exited]
[Thread 0x7d87a6ffd640 (LWP 2791383) exited]
[Thread 0x7d87a77fe640 (LWP 2791382) exited]
[Thread 0x7d87ad303640 (LWP 2791381) exited]
[Thread 0x7d87ae305640 (LWP 2791379) exited]
[Thread 0x7d87aeb06640 (LWP 2791378) exited]
[Thread 0x7d87af307640 (LWP 2791377) exited]
[Thread 0x7d87afb08640 (LWP 2791376) exited]
[Thread 0x7d87a7fff640 (LWP 2791375) exited]
[Thread 0x7d87b0309640 (LWP 2791374) exited]
[Thread 0x7d87b03afa00 (LWP 2791370) exited]
[Thread 0x7d87adb04640 (LWP 2791380) exited]
[New process 2791370]
[Inferior 1 (process 2791370) exited normally]
(gdb) (gdb) No stack.
