Attaching to process 2792048
[New LWP 2792052]
[New LWP 2792053]
[New LWP 2792054]
[New LWP 2792055]
[New LWP 2792056]
[New LWP 2792057]
[New LWP 2792058]
[New LWP 2792059]
[New LWP 2792060]
[New LWP 2792061]
[New LWP 2792062]
[New LWP 2792063]
[New LWP 2792064]
[New LWP 2792065]
[New LWP 2792066]
[New LWP 2792067]
[New LWP 2792068]
[New LWP 2792069]
[New LWP 2792070]
[New LWP 2792071]
[New LWP 2792072]
[New LWP 2792073]
[Thread debugging using libthread_db enabled]
Using host libthread_db library "/lib/x86_64-linux-gnu/libthread_db.so.1".
0x00007e2b486bd7f8 in __GI___clock_nanosleep (clock_id=clock_id@entry=0, flags=flags@entry=0, req=req@entry=0x7ffebb7a0880, rem=rem@entry=0x7ffebb7a0880) at ../sysdeps/unix/sysv/linux/clock_nanosleep.c:78
78	../sysdeps/unix/sysv/linux/clock_nanosleep.c: No such file or directory.
(gdb) (gdb) Continuing.
[Thread 0x7e2b19157640 (LWP 2792070) exited]
[Thread 0x7e2b18956640 (LWP 2792071) exited]
[Thread 0x7e2b1363b640 (LWP 2792073) exited]
[Thread 0x7e2b13fff640 (LWP 2792072) exited]
[Thread 0x7e2b1dffb640 (LWP 2792069) exited]
[Thread 0x7e2b1e7fc640 (LWP 2792068) exited]
[Thread 0x7e2b1effd640 (LWP 2792067) exited]
[Thread 0x7e2b1f7fe640 (LWP 2792066) exited]
[Thread 0x7e2b1ffff640 (LWP 2792065) exited]
[Thread 0x7e2b3cdad640 (LWP 2792064) exited]
[Thread 0x7e2b3d934640 (LWP 2792063) exited]
[Thread 0x7e2b3e135640 (LWP 2792062) exited]
[Thread 0x7e2b3e936640 (LWP 2792061) exited]
[Thread 0x7e2b3f137640 (LWP 2792060) exited]
[Thread 0x7e2b44937640 (LWP 2792059) exited]
[Thread 0x7e2b45138640 (LWP 2792058) exited]
[Thread 0x7e2b45939640 (LWP 2792057) exited]
[Thread 0x7e2b4613a640 (LWP 2792056) exited]
[Thread 0x7e2b4693b640 (LWP 2792055) exited]
[Thread 0x7e2b4713c640 (LWP 2792054) exited]
[Thread 0x7e2b3ffff640 (LWP 2792053) exited]
[Thread 0x7e2b4793d640 (LWP 2792052) exited]
[Inferior 1 (process 2792048) exited normally]
(gdb) No stack.
(gdb) 