Attaching to process 3058490
[New LWP 3058494]
[New LWP 3058495]
[New LWP 3058496]
[New LWP 3058497]
[New LWP 3058498]
[New LWP 3058499]
[New LWP 3058500]
[New LWP 3058501]
[New LWP 3058502]
[New LWP 3058503]
[New LWP 3058504]
[New LWP 3058505]
[New LWP 3058506]
[New LWP 3058507]
[New LWP 3058508]
[New LWP 3058509]
[New LWP 3058510]
[New LWP 3058511]
[New LWP 3058512]
[New LWP 3058513]
[New LWP 3058514]
[New LWP 3058515]
[Thread debugging using libthread_db enabled]
Using host libthread_db library "/lib/x86_64-linux-gnu/libthread_db.so.1".
0x00007822a39877f8 in __GI___clock_nanosleep (clock_id=clock_id@entry=0, flags=flags@entry=0, req=req@entry=0x7ffe359f9870, rem=rem@entry=0x7ffe359f9870) at ../sysdeps/unix/sysv/linux/clock_nanosleep.c:78
78	../sysdeps/unix/sysv/linux/clock_nanosleep.c: No such file or directory.
(gdb) (gdb) Continuing.
[Thread 0x78227442b640 (LWP 3058512) exited]
[Thread 0x782273c2a640 (LWP 3058513) exited]
[Thread 0x782273429640 (LWP 3058514) exited]
[Thread 0x782272a65640 (LWP 3058515) exited]
[Thread 0x782279474640 (LWP 3058511) exited]
[Thread 0x782279c75640 (LWP 3058510) exited]
[Thread 0x78227a476640 (LWP 3058509) exited]
[Thread 0x78227ac77640 (LWP 3058508) exited]
[Thread 0x78227b478640 (LWP 3058507) exited]
[Thread 0x78227bc79640 (LWP 3058506) exited]
[Thread 0x782298a91640 (LWP 3058505) exited]
[Thread 0x782299292640 (LWP 3058504) exited]
[Thread 0x782299a93640 (LWP 3058503) exited]
[Thread 0x78229a294640 (LWP 3058502) exited]
[Thread 0x78229affd640 (LWP 3058501) exited]
[Thread 0x78229b7fe640 (LWP 3058500) exited]
[Thread 0x7822a0c03640 (LWP 3058499) exited]
[Thread 0x7822a1404640 (LWP 3058498) exited]
[Thread 0x7822a1c05640 (LWP 3058497) exited]
[Thread 0x78229bfff640 (LWP 3058496) exited]
[Thread 0x7822a2c07640 (LWP 3058494) exited]
[Thread 0x7822a2cada00 (LWP 3058490) exited]
[Thread 0x7822a2406640 (LWP 3058495) exited]
[New process 3058490]
[Inferior 1 (process 3058490) exited normally]
(gdb) (gdb) No stack.
