Attaching to process 3024738
[New LWP 3024742]
[New LWP 3024743]
[New LWP 3024744]
[New LWP 3024745]
[New LWP 3024746]
[New LWP 3024747]
[New LWP 3024748]
[New LWP 3024749]
[New LWP 3024750]
[New LWP 3024751]
[New LWP 3024752]
[New LWP 3024753]
[New LWP 3024754]
[New LWP 3024755]
[New LWP 3024756]
[New LWP 3024757]
[New LWP 3024758]
[New LWP 3024759]
[New LWP 3024760]
[New LWP 3024761]
[New LWP 3024762]
[New LWP 3024763]
[Thread debugging using libthread_db enabled]
Using host libthread_db library "/lib/x86_64-linux-gnu/libthread_db.so.1".
0x0000711c1f5bd7f8 in __GI___clock_nanosleep (clock_id=clock_id@entry=0, flags=flags@entry=0, req=req@entry=0x7fff43f182d0, rem=rem@entry=0x7fff43f182d0) at ../sysdeps/unix/sysv/linux/clock_nanosleep.c:78
78	../sysdeps/unix/sysv/linux/clock_nanosleep.c: No such file or directory.
(gdb) (gdb) Continuing.
[Thread 0x711beffff640 (LWP 3024760) exited]
[Thread 0x711bef7fe640 (LWP 3024761) exited]
[Thread 0x711bee639640 (LWP 3024763) exited]
[Thread 0x711beeffd640 (LWP 3024762) exited]
[Thread 0x711bfcff9640 (LWP 3024759) exited]
[Thread 0x711bfd7fa640 (LWP 3024758) exited]
[Thread 0x711bfdffb640 (LWP 3024757) exited]
[Thread 0x711bfe7fc640 (LWP 3024756) exited]
[Thread 0x711bfeffd640 (LWP 3024755) exited]
[Thread 0x711bff7fe640 (LWP 3024754) exited]
[Thread 0x711c05133640 (LWP 3024753) exited]
[Thread 0x711c05934640 (LWP 3024752) exited]
[Thread 0x711c06135640 (LWP 3024751) exited]
[Thread 0x711c077fe640 (LWP 3024749) exited]
[Thread 0x711bfffff640 (LWP 3024748) exited]
[Thread 0x711c07fff640 (LWP 3024747) exited]
[Thread 0x711c1c839640 (LWP 3024746) exited]
[Thread 0x711c1d03a640 (LWP 3024745) exited]
[Thread 0x711c1d83b640 (LWP 3024744) exited]
[Thread 0x711c1e03c640 (LWP 3024743) exited]
[Thread 0x711c1e83d640 (LWP 3024742) exited]
[Thread 0x711c1e8e3a00 (LWP 3024738) exited]
[Thread 0x711c06936640 (LWP 3024750) exited]
[New process 3024738]
[Inferior 1 (process 3024738) exited normally]
(gdb) (gdb) No stack.
