Attaching to process 316572
[New LWP 316576]
[New LWP 316577]
[New LWP 316578]
[New LWP 316579]
[New LWP 316580]
[New LWP 316581]
[New LWP 316582]
[New LWP 316583]
[New LWP 316584]
[New LWP 316585]
[New LWP 316586]
[New LWP 316587]
[New LWP 316588]
[New LWP 316589]
[New LWP 316590]
[New LWP 316591]
[New LWP 316592]
[New LWP 316593]
[New LWP 316594]
[New LWP 316595]
[New LWP 316596]
[New LWP 316597]
78	../sysdeps/unix/sysv/linux/clock_nanosleep.c: No such file or directory.
[Thread debugging using libthread_db enabled]
Using host libthread_db library "/lib/x86_64-linux-gnu/libthread_db.so.1".
0x00007fd861d637f8 in __GI___clock_nanosleep (clock_id=clock_id@entry=0, flags=flags@entry=0, req=req@entry=0x7ffe5a13e3e0, rem=rem@entry=0x7ffe5a13e3e0) at ../sysdeps/unix/sysv/linux/clock_nanosleep.c:78
(gdb) (gdb) Continuing.
[Thread 0x7fd832839640 (LWP 316594) exited]
[Thread 0x7fd832038640 (LWP 316595) exited]
[Thread 0x7fd83100e640 (LWP 316597) exited]
[Thread 0x7fd831837640 (LWP 316596) exited]
[Thread 0x7fd8377f6640 (LWP 316593) exited]
[Thread 0x7fd837ff7640 (LWP 316592) exited]
[Thread 0x7fd8387f8640 (LWP 316591) exited]
[Thread 0x7fd838ff9640 (LWP 316590) exited]
[Thread 0x7fd8397fa640 (LWP 316589) exited]
[Thread 0x7fd839ffb640 (LWP 316588) exited]
[Thread 0x7fd83a7fc640 (LWP 316587) exited]
[Thread 0x7fd83affd640 (LWP 316586) exited]
[Thread 0x7fd83b7fe640 (LWP 316585) exited]
[Thread 0x7fd83bfff640 (LWP 316584) exited]
[Thread 0x7fd858ff9640 (LWP 316583) exited]
[Thread 0x7fd8597fa640 (LWP 316582) exited]
[Thread 0x7fd859ffb640 (LWP 316581) exited]
[Thread 0x7fd85a7fc640 (LWP 316580) exited]
[Thread 0x7fd85affd640 (LWP 316579) exited]
[Thread 0x7fd85b7fe640 (LWP 316578) exited]
[Thread 0x7fd85bfff640 (LWP 316577) exited]
[Thread 0x7fd860fe3640 (LWP 316576) exited]
[Inferior 1 (process 316572) exited normally]
(gdb) (gdb) No stack.
