Attaching to process 653898
[New LWP 653902]
[New LWP 653903]
[New LWP 653904]
[New LWP 653905]
[New LWP 653906]
[New LWP 653907]
[New LWP 653908]
[New LWP 653909]
[New LWP 653911]
[New LWP 653912]
[New LWP 653913]
[New LWP 653914]
[New LWP 653915]
[New LWP 653916]
[New LWP 653917]
[New LWP 653918]
[New LWP 653919]
[New LWP 653920]
[New LWP 653921]
[New LWP 653922]
[New LWP 653923]
[New LWP 653924]
[Thread debugging using libthread_db enabled]
Using host libthread_db library "/lib/x86_64-linux-gnu/libthread_db.so.1".
0x0000783787a587f8 in __GI___clock_nanosleep (clock_id=clock_id@entry=0, flags=flags@entry=0, req=req@entry=0x7ffdbd903f30, rem=rem@entry=0x7ffdbd903f30) at ../sysdeps/unix/sysv/linux/clock_nanosleep.c:78
78	../sysdeps/unix/sysv/linux/clock_nanosleep.c: No such file or directory.
(gdb) (gdb) Continuing.
[Thread 0x783757fff640 (LWP 653921) exited]
[Thread 0x7837577fe640 (LWP 653922) exited]
[Thread 0x7837567fc640 (LWP 653924) exited]
[Thread 0x783756ffd640 (LWP 653923) exited]
[Thread 0x783775474640 (LWP 653920) exited]
[Thread 0x783775c75640 (LWP 653919) exited]
[Thread 0x783776476640 (LWP 653918) exited]
[Thread 0x783776c77640 (LWP 653917) exited]
[Thread 0x783777478640 (LWP 653916) exited]
[Thread 0x783777c79640 (LWP 653915) exited]
[Thread 0x78377ca91640 (LWP 653914) exited]
[Thread 0x78377d292640 (LWP 653913) exited]
[Thread 0x78377da93640 (LWP 653912) exited]
[Thread 0x78377e294640 (LWP 653911) exited]
[Thread 0x78377effd640 (LWP 653909) exited]
[Thread 0x78377f7fe640 (LWP 653908) exited]
[Thread 0x78377ffff640 (LWP 653907) exited]
[Thread 0x783784cd4640 (LWP 653906) exited]
[Thread 0x7837854d5640 (LWP 653905) exited]
[Thread 0x783785cd6640 (LWP 653904) exited]
[Thread 0x7837864d7640 (LWP 653903) exited]
[Thread 0x783786cd8640 (LWP 653902) exited]
[Inferior 1 (process 653898) exited normally]
(gdb) (gdb) No stack.
