Attaching to process 652545
[New LWP 652561]
[New LWP 652562]
[New LWP 652563]
[New LWP 652564]
[New LWP 652565]
[New LWP 652566]
[New LWP 652567]
[New LWP 652568]
[New LWP 652609]
[New LWP 652610]
[New LWP 652611]
[New LWP 652612]
[New LWP 652613]
[New LWP 652614]
[New LWP 652615]
[New LWP 652616]
[New LWP 652617]
[New LWP 652618]
[New LWP 652619]
[New LWP 652620]
[New LWP 652621]
[New LWP 652622]
[Thread debugging using libthread_db enabled]
Using host libthread_db library "/lib/x86_64-linux-gnu/libthread_db.so.1".
0x00007ff09d9677f8 in __GI___clock_nanosleep (clock_id=clock_id@entry=0, flags=flags@entry=0, req=req@entry=0x7fff1ef13dc0, rem=rem@entry=0x7fff1ef13dc0) at ../sysdeps/unix/sysv/linux/clock_nanosleep.c:78
78	../sysdeps/unix/sysv/linux/clock_nanosleep.c: No such file or directory.
(gdb) (gdb) Continuing.
[Thread 0x7ff06e3e1640 (LWP 652619) exited]
[Thread 0x7ff067fff640 (LWP 652620) exited]
[Thread 0x7ff06d3df640 (LWP 652622) exited]
[Thread 0x7ff06dbe0640 (LWP 652621) exited]
[Thread 0x7ff073470640 (LWP 652618) exited]
[Thread 0x7ff073c71640 (LWP 652617) exited]
[Thread 0x7ff074472640 (LWP 652616) exited]
[Thread 0x7ff074c73640 (LWP 652615) exited]
[Thread 0x7ff075474640 (LWP 652614) exited]
[Thread 0x7ff075c75640 (LWP 652613) exited]
[Thread 0x7ff0767fc640 (LWP 652612) exited]
[Thread 0x7ff076ffd640 (LWP 652611) exited]
[Thread 0x7ff0777fe640 (LWP 652610) exited]
[Thread 0x7ff094ff9640 (LWP 652568) exited]
[Thread 0x7ff0957fa640 (LWP 652567) exited]
[Thread 0x7ff095ffb640 (LWP 652566) exited]
[Thread 0x7ff0967fc640 (LWP 652565) exited]
[Thread 0x7ff096ffd640 (LWP 652564) exited]
[Thread 0x7ff0977fe640 (LWP 652563) exited]
[Thread 0x7ff097fff640 (LWP 652562) exited]
[Thread 0x7ff09cbe7640 (LWP 652561) exited]
[Thread 0x7ff09cc8da00 (LWP 652545) exited]
[Thread 0x7ff077fff640 (LWP 652609) exited]
[New process 652545]
[Inferior 1 (process 652545) exited normally]
(gdb) No stack.
(gdb) 