Attaching to process 653282
[New LWP 653286]
[New LWP 653287]
[New LWP 653288]
[New LWP 653289]
[New LWP 653290]
[New LWP 653291]
[New LWP 653292]
[New LWP 653293]
[New LWP 653295]
[New LWP 653296]
[New LWP 653297]
[New LWP 653298]
[New LWP 653299]
[New LWP 653300]
[New LWP 653301]
[New LWP 653302]
[New LWP 653303]
[New LWP 653304]
[New LWP 653305]
[New LWP 653306]
[New LWP 653307]
[New LWP 653308]
78	../sysdeps/unix/sysv/linux/clock_nanosleep.c: No such file or directory.
[Thread debugging using libthread_db enabled]
Using host libthread_db library "/lib/x86_64-linux-gnu/libthread_db.so.1".
0x000074588fa967f8 in __GI___clock_nanosleep (clock_id=clock_id@entry=0, flags=flags@entry=0, req=req@entry=0x7ffde86ac430, rem=rem@entry=0x7ffde86ac430) at ../sysdeps/unix/sysv/linux/clock_nanosleep.c:78
(gdb) (gdb) Continuing.
[Thread 0x745860521640 (LWP 653305) exited]
[Thread 0x74585fd20640 (LWP 653306) exited]
[Thread 0x74585eb5b640 (LWP 653308) exited]
[Thread 0x74585f51f640 (LWP 653307) exited]
[Thread 0x745864ff9640 (LWP 653304) exited]
[Thread 0x7458657fa640 (LWP 653303) exited]
[Thread 0x745865ffb640 (LWP 653302) exited]
[Thread 0x7458667fc640 (LWP 653301) exited]
[Thread 0x745866ffd640 (LWP 653300) exited]
[Thread 0x7458677fe640 (LWP 653299) exited]
[Thread 0x745867fff640 (LWP 653298) exited]
[Thread 0x745884bfc640 (LWP 653297) exited]
[Thread 0x7458853fd640 (LWP 653296) exited]
[Thread 0x745885bfe640 (LWP 653295) exited]
[Thread 0x7458877fe640 (LWP 653293) exited]
[Thread 0x745887fff640 (LWP 653292) exited]
[Thread 0x74588cd12640 (LWP 653291) exited]
[Thread 0x74588d513640 (LWP 653290) exited]
[Thread 0x74588dd14640 (LWP 653289) exited]
[Thread 0x74588e515640 (LWP 653288) exited]
[Thread 0x7458863ff640 (LWP 653287) exited]
[Thread 0x74588ed16640 (LWP 653286) exited]
[Inferior 1 (process 653282) exited normally]
(gdb) (gdb) No stack.
