Attaching to process 653778
[New LWP 653793]
[New LWP 653794]
[New LWP 653795]
[New LWP 653796]
[New LWP 653797]
[New LWP 653798]
[New LWP 653799]
[New LWP 653800]
[New LWP 653842]
[New LWP 653843]
[New LWP 653844]
[New LWP 653845]
[New LWP 653846]
[New LWP 653847]
[New LWP 653848]
[New LWP 653849]
[New LWP 653850]
[New LWP 653851]
[New LWP 653852]
[New LWP 653853]
[New LWP 653854]
[New LWP 653855]
[Thread debugging using libthread_db enabled]
Using host libthread_db library "/lib/x86_64-linux-gnu/libthread_db.so.1".
0x00007b3e412e37f8 in __GI___clock_nanosleep (clock_id=clock_id@entry=0, flags=flags@entry=0, req=req@entry=0x7ffdb872fe80, rem=rem@entry=0x7ffdb872fe80) at ../sysdeps/unix/sysv/linux/clock_nanosleep.c:78
78	../sysdeps/unix/sysv/linux/clock_nanosleep.c: No such file or directory.
(gdb) (gdb) Continuing.
[Thread 0x7b3e15d3a640 (LWP 653852) exited]
[Thread 0x7b3e15539640 (LWP 653853) exited]
[Thread 0x7b3e0bfff640 (LWP 653855) exited]
[Thread 0x7b3e14d38640 (LWP 653854) exited]
[Thread 0x7b3e26ffd640 (LWP 653851) exited]
[Thread 0x7b3e277fe640 (LWP 653850) exited]
[Thread 0x7b3e27fff640 (LWP 653849) exited]
[Thread 0x7b3e34a91640 (LWP 653848) exited]
[Thread 0x7b3e35292640 (LWP 653847) exited]
[Thread 0x7b3e35a93640 (LWP 653846) exited]
[Thread 0x7b3e36294640 (LWP 653845) exited]
[Thread 0x7b3e37296640 (LWP 653843) exited]
[Thread 0x7b3e37a97640 (LWP 653842) exited]
[Thread 0x7b3e3cd5c640 (LWP 653800) exited]
[Thread 0x7b3e3d55d640 (LWP 653799) exited]
[Thread 0x7b3e3dd5e640 (LWP 653798) exited]
[Thread 0x7b3e3e55f640 (LWP 653797) exited]
[Thread 0x7b3e3ed60640 (LWP 653796) exited]
[Thread 0x7b3e3f561640 (LWP 653795) exited]
[Thread 0x7b3e3fd62640 (LWP 653794) exited]
[Thread 0x7b3e40563640 (LWP 653793) exited]
[Thread 0x7b3e40609a00 (LWP 653778) exited]
[Thread 0x7b3e36a95640 (LWP 653844) exited]
[New process 653778]
[Inferior 1 (process 653778) exited normally]
(gdb) No stack.
(gdb) 