Attaching to process 2627241
[New LWP 2627274]
[New LWP 2627275]
[New LWP 2627276]
[New LWP 2627277]
[New LWP 2627278]
[New LWP 2627279]
[New LWP 2627280]
[New LWP 2627281]
[New LWP 2627305]
[New LWP 2627306]
[New LWP 2627307]
[New LWP 2627308]
[New LWP 2627309]
[New LWP 2627310]
[New LWP 2627311]
[New LWP 2627312]
[New LWP 2627313]
[New LWP 2627314]
[New LWP 2627315]
[New LWP 2627316]
[New LWP 2627317]
[New LWP 2627318]
78	../sysdeps/unix/sysv/linux/clock_nanosleep.c: No such file or directory.
[Thread debugging using libthread_db enabled]
Using host libthread_db library "/lib/x86_64-linux-gnu/libthread_db.so.1".
0x00007e1d824727f8 in __GI___clock_nanosleep (clock_id=clock_id@entry=0, flags=flags@entry=0, req=req@entry=0x7ffec3588160, rem=rem@entry=0x7ffec3588160) at ../sysdeps/unix/sysv/linux/clock_nanosleep.c:78
(gdb) (gdb) Continuing.
[Thread 0x7e1d51ec2640 (LWP 2627318) exited]
[Thread 0x7e1d526c3640 (LWP 2627317) exited]
[Thread 0x7e1d4bfff640 (LWP 2627316) exited]
[Thread 0x7e1d52ec4640 (LWP 2627315) exited]
[Thread 0x7e1d5b7fe640 (LWP 2627314) exited]
[Thread 0x7e1d5bfff640 (LWP 2627313) exited]
[Thread 0x7e1d68dfb640 (LWP 2627312) exited]
[Thread 0x7e1d695fc640 (LWP 2627311) exited]
[Thread 0x7e1d69dfd640 (LWP 2627310) exited]
[Thread 0x7e1d6a5fe640 (LWP 2627309) exited]
[Thread 0x7e1d6b7fe640 (LWP 2627308) exited]
[Thread 0x7e1d6bfff640 (LWP 2627307) exited]
[Thread 0x7e1d70ff9640 (LWP 2627306) exited]
[Thread 0x7e1d71ffb640 (LWP 2627281) exited]
[Thread 0x7e1d727fc640 (LWP 2627280) exited]
[Thread 0x7e1d72ffd640 (LWP 2627279) exited]
[Thread 0x7e1d6adff640 (LWP 2627278) exited]
[Thread 0x7e1d737fe640 (LWP 2627277) exited]
[Thread 0x7e1d73fff640 (LWP 2627276) exited]
[Thread 0x7e1d80ef1640 (LWP 2627275) exited]
[Thread 0x7e1d816f2640 (LWP 2627274) exited]
[Thread 0x7e1d81798a00 (LWP 2627241) exited]
[Thread 0x7e1d717fa640 (LWP 2627305) exited]
[New process 2627241]
[Inferior 1 (process 2627241) exited with code 01]
No stack.
(gdb) (gdb) 