Attaching to process 2626151
[New LWP 2626184]
[New LWP 2626185]
[New LWP 2626186]
[New LWP 2626187]
[New LWP 2626188]
[New LWP 2626189]
[New LWP 2626190]
[New LWP 2626191]
[New LWP 2626215]
[New LWP 2626216]
[New LWP 2626217]
[New LWP 2626218]
[New LWP 2626219]
[New LWP 2626220]
[New LWP 2626221]
[New LWP 2626222]
[New LWP 2626223]
[New LWP 2626224]
[New LWP 2626225]
[New LWP 2626226]
[New LWP 2626227]
[New LWP 2626228]
78	../sysdeps/unix/sysv/linux/clock_nanosleep.c: No such file or directory.
[Thread debugging using libthread_db enabled]
Using host libthread_db library "/lib/x86_64-linux-gnu/libthread_db.so.1".
0x00007cf222a637f8 in __GI___clock_nanosleep (clock_id=clock_id@entry=0, flags=flags@entry=0, req=req@entry=0x7ffd45a69570, rem=rem@entry=0x7ffd45a69570) at ../sysdeps/unix/sysv/linux/clock_nanosleep.c:78
(gdb) (gdb) Continuing.
[Thread 0x7cf1f1cd6640 (LWP 2626228) exited]
[Thread 0x7cf1f24d7640 (LWP 2626227) exited]
[Thread 0x7cf1f2cd8640 (LWP 2626226) exited]
[Thread 0x7cf1f34d9640 (LWP 2626225) exited]
[Thread 0x7cf1f7ff7640 (LWP 2626224) exited]
[Thread 0x7cf1f87f8640 (LWP 2626223) exited]
[Thread 0x7cf1f8ff9640 (LWP 2626222) exited]
[Thread 0x7cf1f97fa640 (LWP 2626221) exited]
[Thread 0x7cf1f9ffb640 (LWP 2626220) exited]
[Thread 0x7cf1fa7fc640 (LWP 2626219) exited]
[Thread 0x7cf1faffd640 (LWP 2626218) exited]
[Thread 0x7cf1fb7fe640 (LWP 2626217) exited]
[Thread 0x7cf1fbfff640 (LWP 2626216) exited]
[Thread 0x7cf218bfe640 (LWP 2626215) exited]
[Thread 0x7cf21a7fc640 (LWP 2626191) exited]
[Thread 0x7cf21affd640 (LWP 2626190) exited]
[Thread 0x7cf21b7fe640 (LWP 2626189) exited]
[Thread 0x7cf21bfff640 (LWP 2626188) exited]
[Thread 0x7cf220ce1640 (LWP 2626187) exited]
[Thread 0x7cf2214e2640 (LWP 2626186) exited]
[Thread 0x7cf2193ff640 (LWP 2626185) exited]
[Thread 0x7cf221ce3640 (LWP 2626184) exited]
[Inferior 1 (process 2626151) exited with code 01]
(gdb) (gdb) No stack.
