Attaching to process 2626697
[New LWP 2626718]
[New LWP 2626719]
[New LWP 2626720]
[New LWP 2626723]
[New LWP 2626725]
[New LWP 2626727]
[New LWP 2626728]
[New LWP 2626729]
[New LWP 2626761]
[New LWP 2626762]
[New LWP 2626763]
[New LWP 2626764]
[New LWP 2626765]
[New LWP 2626766]
[New LWP 2626767]
[New LWP 2626768]
[New LWP 2626769]
[New LWP 2626770]
[New LWP 2626771]
[New LWP 2626772]
[New LWP 2626773]
[New LWP 2626774]
[Thread debugging using libthread_db enabled]
Using host libthread_db library "/lib/x86_64-linux-gnu/libthread_db.so.1".
0x00007e832089a7f8 in __GI___clock_nanosleep (clock_id=clock_id@entry=0, flags=flags@entry=0, req=req@entry=0x7ffd795214f0, rem=rem@entry=0x7ffd795214f0) at ../sysdeps/unix/sysv/linux/clock_nanosleep.c:78
78	../sysdeps/unix/sysv/linux/clock_nanosleep.c: No such file or directory.
(gdb) (gdb) Continuing.
[Thread 0x7e82eb7fe640 (LWP 2626774) exited]
[Thread 0x7e82ebfff640 (LWP 2626773) exited]
[Thread 0x7e82f0b7e640 (LWP 2626772) exited]
[Thread 0x7e82f137f640 (LWP 2626771) exited]
[Thread 0x7e82f5ffb640 (LWP 2626770) exited]
[Thread 0x7e82f67fc640 (LWP 2626769) exited]
[Thread 0x7e82f6ffd640 (LWP 2626768) exited]
[Thread 0x7e82f77fe640 (LWP 2626767) exited]
[Thread 0x7e82f7fff640 (LWP 2626766) exited]
[Thread 0x7e830cf0c640 (LWP 2626765) exited]
[Thread 0x7e830da93640 (LWP 2626764) exited]
[Thread 0x7e830e294640 (LWP 2626763) exited]
[Thread 0x7e830f296640 (LWP 2626761) exited]
[Thread 0x7e831cb14640 (LWP 2626729) exited]
[Thread 0x7e831d315640 (LWP 2626728) exited]
[Thread 0x7e831db16640 (LWP 2626727) exited]
[Thread 0x7e831e317640 (LWP 2626725) exited]
[Thread 0x7e831eb18640 (LWP 2626723) exited]
[Thread 0x7e830ffff640 (LWP 2626720) exited]
[Thread 0x7e831f319640 (LWP 2626719) exited]
[Thread 0x7e831fb1a640 (LWP 2626718) exited]
[Thread 0x7e831fbc0a00 (LWP 2626697) exited]
[Thread 0x7e830ea95640 (LWP 2626762) exited]
[New process 2626697]
[Inferior 1 (process 2626697) exited with code 01]
(gdb) (gdb) No stack.
