Attaching to process 3655730
[New LWP 3655734]
[New LWP 3655735]
[New LWP 3655736]
[New LWP 3655737]
[New LWP 3655738]
[New LWP 3655739]
[New LWP 3655740]
[New LWP 3655741]
[New LWP 3655742]
[New LWP 3655743]
[New LWP 3655744]
[New LWP 3655745]
[New LWP 3655746]
[New LWP 3655747]
[New LWP 3655748]
[New LWP 3655749]
[New LWP 3655750]
[New LWP 3655751]
[New LWP 3655752]
[New LWP 3655753]
[New LWP 3655754]
[New LWP 3655755]
[Thread debugging using libthread_db enabled]
Using host libthread_db library "/lib/x86_64-linux-gnu/libthread_db.so.1".
0x00007439411f97f8 in __GI___clock_nanosleep (clock_id=clock_id@entry=0, flags=flags@entry=0, req=req@entry=0x7ffe81f0a660, rem=rem@entry=0x7ffe81f0a660) at ../sysdeps/unix/sysv/linux/clock_nanosleep.c:78
78	../sysdeps/unix/sysv/linux/clock_nanosleep.c: No such file or directory.
(gdb) (gdb) Continuing.
[Thread 0x743911c98640 (LWP 3655752) exited]
[Thread 0x743911497640 (LWP 3655753) exited]
[Thread 0x74390bfff640 (LWP 3655755) exited]
[Thread 0x743910c96640 (LWP 3655754) exited]
[Thread 0x7439167fc640 (LWP 3655751) exited]
[Thread 0x743916ffd640 (LWP 3655750) exited]
[Thread 0x7439177fe640 (LWP 3655749) exited]
[Thread 0x743917fff640 (LWP 3655748) exited]
[Thread 0x74391cf0c640 (LWP 3655747) exited]
[Thread 0x74391d70d640 (LWP 3655746) exited]
[Thread 0x74391e294640 (LWP 3655745) exited]
[Thread 0x74391ea95640 (LWP 3655744) exited]
[Thread 0x74391f296640 (LWP 3655743) exited]
[Thread 0x74391fa97640 (LWP 3655742) exited]
[Thread 0x74393cc72640 (LWP 3655741) exited]
[Thread 0x74393d473640 (LWP 3655740) exited]
[Thread 0x74393dc74640 (LWP 3655739) exited]
[Thread 0x74393e475640 (LWP 3655738) exited]
[Thread 0x74393ec76640 (LWP 3655737) exited]
[Thread 0x74393f477640 (LWP 3655736) exited]
[Thread 0x74393fc78640 (LWP 3655735) exited]
[Thread 0x743940479640 (LWP 3655734) exited]
[Inferior 1 (process 3655730) exited normally]
(gdb) No stack.
(gdb) 