Attaching to process 3656341
[New LWP 3656345]
[New LWP 3656346]
[New LWP 3656347]
[New LWP 3656348]
[New LWP 3656349]
[New LWP 3656350]
[New LWP 3656351]
[New LWP 3656352]
[New LWP 3656353]
[New LWP 3656354]
[New LWP 3656355]
[New LWP 3656356]
[New LWP 3656357]
[New LWP 3656358]
[New LWP 3656359]
[New LWP 3656360]
[New LWP 3656361]
[New LWP 3656362]
[New LWP 3656363]
[New LWP 3656364]
[New LWP 3656365]
[New LWP 3656366]
[Thread debugging using libthread_db enabled]
Using host libthread_db library "/lib/x86_64-linux-gnu/libthread_db.so.1".
0x000074eeca5207f8 in __GI___clock_nanosleep (clock_id=clock_id@entry=0, flags=flags@entry=0, req=req@entry=0x7fff64761c20, rem=rem@entry=0x7fff64761c20) at ../sysdeps/unix/sysv/linux/clock_nanosleep.c:78
78	../sysdeps/unix/sysv/linux/clock_nanosleep.c: No such file or directory.
(gdb) (gdb) Continuing.
[Thread 0x74ee9aff4640 (LWP 3656363) exited]
[Thread 0x74ee9a7f3640 (LWP 3656364) exited]
[Thread 0x74ee99606640 (LWP 3656366) exited]
[Thread 0x74ee99fca640 (LWP 3656365) exited]
[Thread 0x74ee9fff7640 (LWP 3656362) exited]
[Thread 0x74eea07f8640 (LWP 3656361) exited]
[Thread 0x74eea0ff9640 (LWP 3656360) exited]
[Thread 0x74eea17fa640 (LWP 3656359) exited]
[Thread 0x74eea1ffb640 (LWP 3656358) exited]
[Thread 0x74eea27fc640 (LWP 3656357) exited]
[Thread 0x74eea2ffd640 (LWP 3656356) exited]
[Thread 0x74eea37fe640 (LWP 3656355) exited]
[Thread 0x74eea3fff640 (LWP 3656354) exited]
[Thread 0x74eec0ff9640 (LWP 3656353) exited]
[Thread 0x74eec17fa640 (LWP 3656352) exited]
[Thread 0x74eec1ffb640 (LWP 3656351) exited]
[Thread 0x74eec27fc640 (LWP 3656350) exited]
[Thread 0x74eec2ffd640 (LWP 3656349) exited]
[Thread 0x74eec37fe640 (LWP 3656348) exited]
[Thread 0x74eec8f9f640 (LWP 3656347) exited]
[Thread 0x74eec3fff640 (LWP 3656346) exited]
[Thread 0x74eec97a0640 (LWP 3656345) exited]
[Inferior 1 (process 3656341) exited normally]
(gdb) No stack.
(gdb) 