Attaching to process 2584170
[New LWP 2584203]
[New LWP 2584204]
[New LWP 2584205]
[New LWP 2584206]
[New LWP 2584207]
[New LWP 2584208]
[New LWP 2584209]
[New LWP 2584210]
[New LWP 2584234]
[New LWP 2584235]
[New LWP 2584236]
[New LWP 2584237]
[New LWP 2584238]
[New LWP 2584239]
[New LWP 2584240]
[New LWP 2584241]
[New LWP 2584242]
[New LWP 2584243]
[New LWP 2584244]
[New LWP 2584245]
[New LWP 2584246]
[New LWP 2584247]
78	../sysdeps/unix/sysv/linux/clock_nanosleep.c: No such file or directory.
[Thread debugging using libthread_db enabled]
Using host libthread_db library "/lib/x86_64-linux-gnu/libthread_db.so.1".
0x000074b0150dc7f8 in __GI___clock_nanosleep (clock_id=clock_id@entry=0, flags=flags@entry=0, req=req@entry=0x7ffc749510d0, rem=rem@entry=0x7ffc749510d0) at ../sysdeps/unix/sysv/linux/clock_nanosleep.c:78
(gdb) (gdb) Continuing.
[Thread 0x74afdffff640 (LWP 2584247) exited]
[Thread 0x74afe4b7e640 (LWP 2584246) exited]
[Thread 0x74afe537f640 (LWP 2584245) exited]
[Thread 0x74afe5b80640 (LWP 2584244) exited]
[Thread 0x74afea7fc640 (LWP 2584243) exited]
[Thread 0x74afeaffd640 (LWP 2584242) exited]
[Thread 0x74afeb7fe640 (LWP 2584241) exited]
[Thread 0x74afebfff640 (LWP 2584240) exited]
[Thread 0x74aff0f0c640 (LWP 2584239) exited]
[Thread 0x74aff170d640 (LWP 2584238) exited]
[Thread 0x74aff2294640 (LWP 2584237) exited]
[Thread 0x74aff2a95640 (LWP 2584236) exited]
[Thread 0x74aff3296640 (LWP 2584235) exited]
[Thread 0x74aff3a97640 (LWP 2584234) exited]
[Thread 0x74b010b55640 (LWP 2584210) exited]
[Thread 0x74b011356640 (LWP 2584209) exited]
[Thread 0x74b011b57640 (LWP 2584208) exited]
[Thread 0x74b012358640 (LWP 2584207) exited]
[Thread 0x74b012b59640 (LWP 2584206) exited]
[Thread 0x74b01335a640 (LWP 2584205) exited]
[Thread 0x74b013b5b640 (LWP 2584204) exited]
[Thread 0x74b01435c640 (LWP 2584203) exited]
[Inferior 1 (process 2584170) exited with code 01]
(gdb) (gdb) No stack.
