Attaching to process 2584714
[New LWP 2584747]
[New LWP 2584748]
[New LWP 2584749]
[New LWP 2584750]
[New LWP 2584751]
[New LWP 2584752]
[New LWP 2584753]
[New LWP 2584754]
[New LWP 2584778]
[New LWP 2584779]
[New LWP 2584780]
[New LWP 2584781]
[New LWP 2584782]
[New LWP 2584783]
[New LWP 2584784]
[New LWP 2584785]
[New LWP 2584786]
[New LWP 2584787]
[New LWP 2584788]
[New LWP 2584789]
[New LWP 2584790]
[New LWP 2584791]
78	../sysdeps/unix/sysv/linux/clock_nanosleep.c: No such file or directory.
[Thread debugging using libthread_db enabled]
Using host libthread_db library "/lib/x86_64-linux-gnu/libthread_db.so.1".
0x00007986e476d7f8 in __GI___clock_nanosleep (clock_id=clock_id@entry=0, flags=flags@entry=0, req=req@entry=0x7ffe224e2480, rem=rem@entry=0x7ffe224e2480) at ../sysdeps/unix/sysv/linux/clock_nanosleep.c:78
(gdb) (gdb) Continuing.
[Thread 0x7986af7fe640 (LWP 2584791) exited]
[Thread 0x7986affff640 (LWP 2584790) exited]
[Thread 0x7986b49e2640 (LWP 2584789) exited]
[Thread 0x7986b51e3640 (LWP 2584788) exited]
[Thread 0x7986b9ffb640 (LWP 2584787) exited]
[Thread 0x7986ba7fc640 (LWP 2584786) exited]
[Thread 0x7986baffd640 (LWP 2584785) exited]
[Thread 0x7986bb7fe640 (LWP 2584784) exited]
[Thread 0x7986bbfff640 (LWP 2584783) exited]
[Thread 0x7986d8c75640 (LWP 2584782) exited]
[Thread 0x7986d9ffd640 (LWP 2584780) exited]
[Thread 0x7986da7fe640 (LWP 2584779) exited]
[Thread 0x7986dba97640 (LWP 2584778) exited]
[Thread 0x7986e09e7640 (LWP 2584754) exited]
[Thread 0x7986e11e8640 (LWP 2584753) exited]
[Thread 0x7986e19e9640 (LWP 2584752) exited]
[Thread 0x7986e21ea640 (LWP 2584751) exited]
[Thread 0x7986e29eb640 (LWP 2584750) exited]
[Thread 0x7986e31ec640 (LWP 2584749) exited]
[Thread 0x7986dafff640 (LWP 2584748) exited]
[Thread 0x7986e39ed640 (LWP 2584747) exited]
[Thread 0x7986e3a93a00 (LWP 2584714) exited]
[Thread 0x7986d97fc640 (LWP 2584781) exited]
[New process 2584714]
[Inferior 1 (process 2584714) exited with code 01]
(gdb) No stack.
(gdb) 