Attaching to process 2585258
[New LWP 2585291]
[New LWP 2585292]
[New LWP 2585293]
[New LWP 2585294]
[New LWP 2585295]
[New LWP 2585296]
[New LWP 2585297]
[New LWP 2585298]
[New LWP 2585322]
[New LWP 2585323]
[New LWP 2585324]
[New LWP 2585325]
[New LWP 2585326]
[New LWP 2585327]
[New LWP 2585328]
[New LWP 2585329]
[New LWP 2585330]
[New LWP 2585331]
[New LWP 2585332]
[New LWP 2585333]
[New LWP 2585334]
[New LWP 2585335]
78	../sysdeps/unix/sysv/linux/clock_nanosleep.c: No such file or directory.
[Thread debugging using libthread_db enabled]
Using host libthread_db library "/lib/x86_64-linux-gnu/libthread_db.so.1".
0x00007fea8618a7f8 in __GI___clock_nanosleep (clock_id=clock_id@entry=0, flags=flags@entry=0, req=req@entry=0x7fffada8d710, rem=rem@entry=0x7fffada8d710) at ../sysdeps/unix/sysv/linux/clock_nanosleep.c:78
(gdb) (gdb) Continuing.
[Thread 0x7fea55262640 (LWP 2585335) exited]
[Thread 0x7fea55c26640 (LWP 2585334) exited]
[Thread 0x7fea56427640 (LWP 2585333) exited]
[Thread 0x7fea56c28640 (LWP 2585332) exited]
[Thread 0x7fea5bc71640 (LWP 2585331) exited]
[Thread 0x7fea5c472640 (LWP 2585330) exited]
[Thread 0x7fea5cc73640 (LWP 2585329) exited]
[Thread 0x7fea5d474640 (LWP 2585328) exited]
[Thread 0x7fea5dc75640 (LWP 2585327) exited]
[Thread 0x7fea5e476640 (LWP 2585326) exited]
[Thread 0x7fea5effd640 (LWP 2585325) exited]
[Thread 0x7fea5f7fe640 (LWP 2585324) exited]
[Thread 0x7fea5ffff640 (LWP 2585323) exited]
[Thread 0x7fea757fa640 (LWP 2585298) exited]
[Thread 0x7fea75ffb640 (LWP 2585297) exited]
[Thread 0x7fea767fc640 (LWP 2585296) exited]
[Thread 0x7fea76ffd640 (LWP 2585295) exited]
[Thread 0x7fea777fe640 (LWP 2585294) exited]
[Thread 0x7fea77fff640 (LWP 2585293) exited]
[Thread 0x7fea84c09640 (LWP 2585292) exited]
[Thread 0x7fea8540a640 (LWP 2585291) exited]
[Thread 0x7fea854b0a00 (LWP 2585258) exited]
[Thread 0x7fea74a91640 (LWP 2585322) exited]
[New process 2585258]
[Inferior 1 (process 2585258) exited with code 01]
(gdb) (gdb) No stack.
