Attaching to process 1683737
[New LWP 1683770]
[New LWP 1683771]
[New LWP 1683772]
[New LWP 1683773]
[New LWP 1683774]
[New LWP 1683775]
[New LWP 1683776]
[New LWP 1683777]
[New LWP 1683801]
[New LWP 1683802]
[New LWP 1683803]
[New LWP 1683804]
[New LWP 1683805]
[New LWP 1683806]
[New LWP 1683807]
[New LWP 1683808]
[New LWP 1683809]
[New LWP 1683810]
[New LWP 1683811]
[New LWP 1683812]
[New LWP 1683813]
[New LWP 1683814]
[Thread debugging using libthread_db enabled]
Using host libthread_db library "/lib/x86_64-linux-gnu/libthread_db.so.1".
0x00007fdb10a7a7f8 in __GI___clock_nanosleep (clock_id=clock_id@entry=0, flags=flags@entry=0, req=req@entry=0x7fffd43ced10, rem=rem@entry=0x7fffd43ced10) at ../sysdeps/unix/sysv/linux/clock_nanosleep.c:78
78	../sysdeps/unix/sysv/linux/clock_nanosleep.c: No such file or directory.
(gdb) (gdb) Continuing.
[Thread 0x7fdaed501640 (LWP 1683811) exited]
[Thread 0x7fdaecd00640 (LWP 1683812) exited]
[Thread 0x7fdae77fe640 (LWP 1683814) exited]
[Thread 0x7fdaf67fc640 (LWP 1683810) exited]
[Thread 0x7fdaf6ffd640 (LWP 1683809) exited]
[Thread 0x7fdaf77fe640 (LWP 1683808) exited]
[Thread 0x7fdaf7fff640 (LWP 1683807) exited]
[Thread 0x7fdb04a91640 (LWP 1683806) exited]
[Thread 0x7fdb05292640 (LWP 1683805) exited]
[Thread 0x7fdb05a93640 (LWP 1683804) exited]
[Thread 0x7fdb06294640 (LWP 1683803) exited]
[Thread 0x7fdb06a95640 (LWP 1683802) exited]
[Thread 0x7fdb07296640 (LWP 1683801) exited]
[Thread 0x7fdb0ccf4640 (LWP 1683777) exited]
[Thread 0x7fdb0d4f5640 (LWP 1683776) exited]
[Thread 0x7fdb07fff640 (LWP 1683775) exited]
[Thread 0x7fdb0dcf6640 (LWP 1683774) exited]
[Thread 0x7fdb0e4f7640 (LWP 1683773) exited]
[Thread 0x7fdb0ecf8640 (LWP 1683772) exited]
[Thread 0x7fdb0f4f9640 (LWP 1683771) exited]
[Thread 0x7fdb0fcfa640 (LWP 1683770) exited]
[Thread 0x7fdb0fda0a00 (LWP 1683737) exited]
[Thread 0x7fdae7fff640 (LWP 1683813) exited]
[New process 1683737]
[Inferior 1 (process 1683737) exited normally]
No stack.
(gdb) (gdb) 