Attaching to process 1509859
[New LWP 1509892]
[New LWP 1509893]
[New LWP 1509894]
[New LWP 1509895]
[New LWP 1509896]
[New LWP 1509897]
[New LWP 1509898]
[New LWP 1509899]
[New LWP 1509923]
[New LWP 1509924]
[New LWP 1509925]
[New LWP 1509926]
[New LWP 1509927]
[New LWP 1509928]
[New LWP 1509929]
[New LWP 1509930]
[New LWP 1509931]
[New LWP 1509932]
[New LWP 1509950]
[New LWP 1509951]
[New LWP 1509952]
[New LWP 1509953]
[Thread debugging using libthread_db enabled]
Using host libthread_db library "/lib/x86_64-linux-gnu/libthread_db.so.1".
0x0000778d24f9f7f8 in __GI___clock_nanosleep (clock_id=clock_id@entry=0, flags=flags@entry=0, req=req@entry=0x7ffe446a2300, rem=rem@entry=0x7ffe446a2300) at ../sysdeps/unix/sysv/linux/clock_nanosleep.c:78
78	../sysdeps/unix/sysv/linux/clock_nanosleep.c: No such file or directory.
(gdb) (gdb) Continuing.
[Thread 0x778cf5a67640 (LWP 1509950) exited]
[Thread 0x778cf5266640 (LWP 1509951) exited]
[Thread 0x778ceffff640 (LWP 1509953) exited]
[Thread 0x778cf4a65640 (LWP 1509952) exited]
[Thread 0x778cfaffd640 (LWP 1509931) exited]
[Thread 0x778cfb7fe640 (LWP 1509930) exited]
[Thread 0x778cfbfff640 (LWP 1509929) exited]
[Thread 0x778d00f0c640 (LWP 1509928) exited]
[Thread 0x778d0170d640 (LWP 1509927) exited]
[Thread 0x778d02294640 (LWP 1509926) exited]
[Thread 0x778d02a95640 (LWP 1509925) exited]
[Thread 0x778d03296640 (LWP 1509924) exited]
[Thread 0x778d03a97640 (LWP 1509923) exited]
[Thread 0x778d20a18640 (LWP 1509899) exited]
[Thread 0x778d21219640 (LWP 1509898) exited]
[Thread 0x778d21a1a640 (LWP 1509897) exited]
[Thread 0x778d2221b640 (LWP 1509896) exited]
[Thread 0x778d22a1c640 (LWP 1509895) exited]
[Thread 0x778d2321d640 (LWP 1509894) exited]
[Thread 0x778d23a1e640 (LWP 1509893) exited]
[Thread 0x778d2421f640 (LWP 1509892) exited]
[Thread 0x778d242c5a00 (LWP 1509859) exited]
[Thread 0x778cfa7fc640 (LWP 1509932) exited]
[New process 1509859]
[Inferior 1 (process 1509859) exited normally]
(gdb) (gdb) No stack.
