Attaching to process 396245
[New LWP 396249]
[New LWP 396250]
[New LWP 396251]
[New LWP 396252]
[New LWP 396253]
[New LWP 396254]
[New LWP 396255]
[New LWP 396256]
[New LWP 396257]
[New LWP 396258]
[New LWP 396259]
[New LWP 396260]
[New LWP 396261]
[New LWP 396262]
[New LWP 396263]
[New LWP 396264]
[New LWP 396265]
[New LWP 396266]
[New LWP 396267]
[New LWP 396268]
[New LWP 396269]
[New LWP 396270]
[Thread debugging using libthread_db enabled]
Using host libthread_db library "/lib/x86_64-linux-gnu/libthread_db.so.1".
0x000073d25dc4f7f8 in __GI___clock_nanosleep (clock_id=clock_id@entry=0, flags=flags@entry=0, req=req@entry=0x7fffde5a3ac0, rem=rem@entry=0x7fffde5a3ac0) at ../sysdeps/unix/sysv/linux/clock_nanosleep.c:78
78	../sysdeps/unix/sysv/linux/clock_nanosleep.c: No such file or directory.
(gdb) (gdb) Continuing.
[Thread 0x73d22e6e3640 (LWP 396267) exited]
[Thread 0x73d225dff640 (LWP 396268) exited]
[Thread 0x73d22d6e1640 (LWP 396270) exited]
[Thread 0x73d22dee2640 (LWP 396269) exited]
[Thread 0x73d2337fe640 (LWP 396266) exited]
[Thread 0x73d233fff640 (LWP 396265) exited]
[Thread 0x73d250a74640 (LWP 396264) exited]
[Thread 0x73d251275640 (LWP 396263) exited]
[Thread 0x73d251a76640 (LWP 396262) exited]
[Thread 0x73d252dfe640 (LWP 396260) exited]
[Thread 0x73d253fff640 (LWP 396259) exited]
[Thread 0x73d258800640 (LWP 396258) exited]
[Thread 0x73d259001640 (LWP 396257) exited]
[Thread 0x73d259ec9640 (LWP 396256) exited]
[Thread 0x73d25a6ca640 (LWP 396255) exited]
[Thread 0x73d25aecb640 (LWP 396254) exited]
[Thread 0x73d25b6cc640 (LWP 396253) exited]
[Thread 0x73d2535ff640 (LWP 396252) exited]
[Thread 0x73d25becd640 (LWP 396251) exited]
[Thread 0x73d25c6ce640 (LWP 396250) exited]
[Thread 0x73d25cecf640 (LWP 396249) exited]
[Thread 0x73d25cf75a00 (LWP 396245) exited]
[Thread 0x73d252277640 (LWP 396261) exited]
[New process 396245]
[Inferior 1 (process 396245) exited normally]
(gdb) (gdb) No stack.
