Attaching to process 3414430
[New LWP 3414434]
[New LWP 3414435]
[New LWP 3414436]
[New LWP 3414437]
[New LWP 3414438]
[New LWP 3414439]
[New LWP 3414440]
[New LWP 3414441]
[New LWP 3414442]
[New LWP 3414443]
[New LWP 3414444]
[New LWP 3414445]
[New LWP 3414446]
[New LWP 3414447]
[New LWP 3414448]
[New LWP 3414449]
[New LWP 3414450]
[New LWP 3414451]
[New LWP 3414452]
[New LWP 3414453]
[New LWP 3414454]
[New LWP 3414455]
[Thread debugging using libthread_db enabled]
Using host libthread_db library "/lib/x86_64-linux-gnu/libthread_db.so.1".
0x0000702bb631c7f8 in __GI___clock_nanosleep (clock_id=clock_id@entry=0, flags=flags@entry=0, req=req@entry=0x7ffe819908b0, rem=rem@entry=0x7ffe819908b0) at ../sysdeps/unix/sysv/linux/clock_nanosleep.c:78
78	../sysdeps/unix/sysv/linux/clock_nanosleep.c: No such file or directory.
(gdb) (gdb) Continuing.
[Thread 0x702b86d65640 (LWP 3414452) exited]
[Thread 0x702b86564640 (LWP 3414453) exited]
[Thread 0x702b85562640 (LWP 3414455) exited]
[Thread 0x702b85d63640 (LWP 3414454) exited]
[Thread 0x702b8f7fe640 (LWP 3414451) exited]
[Thread 0x702b8ffff640 (LWP 3414450) exited]
[Thread 0x702b9cff9640 (LWP 3414449) exited]
[Thread 0x702b9d7fa640 (LWP 3414448) exited]
[Thread 0x702b9dffb640 (LWP 3414447) exited]
[Thread 0x702b9e7fc640 (LWP 3414446) exited]
[Thread 0x702b9effd640 (LWP 3414445) exited]
[Thread 0x702b9f7fe640 (LWP 3414444) exited]
[Thread 0x702baca91640 (LWP 3414442) exited]
[Thread 0x702bad7fa640 (LWP 3414441) exited]
[Thread 0x702badffb640 (LWP 3414440) exited]
[Thread 0x702bae7fc640 (LWP 3414439) exited]
[Thread 0x702baeffd640 (LWP 3414438) exited]
[Thread 0x702baf7fe640 (LWP 3414437) exited]
[Thread 0x702baffff640 (LWP 3414436) exited]
[Thread 0x702bb4d9b640 (LWP 3414435) exited]
[Thread 0x702bb559c640 (LWP 3414434) exited]
[Thread 0x702bb5642a00 (LWP 3414430) exited]
[Thread 0x702b9ffff640 (LWP 3414443) exited]
[New process 3414430]
[Inferior 1 (process 3414430) exited normally]
(gdb) (gdb) No stack.
