Attaching to process 3154591
[New LWP 3154620]
[New LWP 3154622]
[New LWP 3154623]
[New LWP 3154625]
[New LWP 3154628]
[New LWP 3154629]
[New LWP 3154630]
[New LWP 3154631]
[New LWP 3154655]
[New LWP 3154656]
[New LWP 3154657]
[New LWP 3154658]
[New LWP 3154659]
[New LWP 3154660]
[New LWP 3154661]
[New LWP 3154662]
[New LWP 3154663]
[New LWP 3154664]
[New LWP 3154665]
[New LWP 3154666]
[New LWP 3154667]
[New LWP 3154668]
[Thread debugging using libthread_db enabled]
Using host libthread_db library "/lib/x86_64-linux-gnu/libthread_db.so.1".
0x00007789c512f7f8 in __GI___clock_nanosleep (clock_id=clock_id@entry=0, flags=flags@entry=0, req=req@entry=0x7ffcc8dda260, rem=rem@entry=0x7ffcc8dda260) at ../sysdeps/unix/sysv/linux/clock_nanosleep.c:78
78	../sysdeps/unix/sysv/linux/clock_nanosleep.c: No such file or directory.
(gdb) (gdb) Continuing.
[Thread 0x778994bc4640 (LWP 3154667) exited]
[Thread 0x77898ffff640 (LWP 3154668) exited]
[Thread 0x7789953c5640 (LWP 3154666) exited]
[Thread 0x778995bc6640 (LWP 3154665) exited]
[Thread 0x77899a7fc640 (LWP 3154664) exited]
[Thread 0x77899affd640 (LWP 3154663) exited]
[Thread 0x77899b7fe640 (LWP 3154662) exited]
[Thread 0x77899bfff640 (LWP 3154661) exited]
[Thread 0x7789a0f0c640 (LWP 3154660) exited]
[Thread 0x7789a170d640 (LWP 3154659) exited]
[Thread 0x7789a2294640 (LWP 3154658) exited]
[Thread 0x7789a2a95640 (LWP 3154657) exited]
[Thread 0x7789a3a97640 (LWP 3154655) exited]
[Thread 0x7789c0ba8640 (LWP 3154631) exited]
[Thread 0x7789c13a9640 (LWP 3154630) exited]
[Thread 0x7789c1baa640 (LWP 3154629) exited]
[Thread 0x7789c23ab640 (LWP 3154628) exited]
[Thread 0x7789c2bac640 (LWP 3154625) exited]
[Thread 0x7789c33ad640 (LWP 3154623) exited]
[Thread 0x7789c3bae640 (LWP 3154622) exited]
[Thread 0x7789c43af640 (LWP 3154620) exited]
[Thread 0x7789c4455a00 (LWP 3154591) exited]
[Thread 0x7789a3296640 (LWP 3154656) exited]
[New process 3154591]
[Inferior 1 (process 3154591) exited with code 01]
(gdb) No stack.
(gdb) 