Attaching to process 3154047
[New LWP 3154080]
[New LWP 3154081]
[New LWP 3154082]
[New LWP 3154083]
[New LWP 3154084]
[New LWP 3154085]
[New LWP 3154086]
[New LWP 3154087]
[New LWP 3154111]
[New LWP 3154112]
[New LWP 3154113]
[New LWP 3154114]
[New LWP 3154115]
[New LWP 3154116]
[New LWP 3154117]
[New LWP 3154118]
[New LWP 3154119]
[New LWP 3154120]
[New LWP 3154121]
[New LWP 3154122]
[New LWP 3154123]
[New LWP 3154124]
[Thread debugging using libthread_db enabled]
Using host libthread_db library "/lib/x86_64-linux-gnu/libthread_db.so.1".
0x00007ae15877a7f8 in __GI___clock_nanosleep (clock_id=clock_id@entry=0, flags=flags@entry=0, req=req@entry=0x7ffc3d322060, rem=rem@entry=0x7ffc3d322060) at ../sysdeps/unix/sysv/linux/clock_nanosleep.c:78
78	../sysdeps/unix/sysv/linux/clock_nanosleep.c: No such file or directory.
(gdb) (gdb) Continuing.
[Thread 0x7ae12d243640 (LWP 3154121) exited]
[Thread 0x7ae1237fe640 (LWP 3154124) exited]
[Thread 0x7ae123fff640 (LWP 3154123) exited]
[Thread 0x7ae12ca42640 (LWP 3154122) exited]
[Thread 0x7ae145ffb640 (LWP 3154120) exited]
[Thread 0x7ae1467fc640 (LWP 3154119) exited]
[Thread 0x7ae146ffd640 (LWP 3154118) exited]
[Thread 0x7ae1477fe640 (LWP 3154117) exited]
[Thread 0x7ae147fff640 (LWP 3154116) exited]
[Thread 0x7ae14cf0c640 (LWP 3154115) exited]
[Thread 0x7ae14da93640 (LWP 3154114) exited]
[Thread 0x7ae14e294640 (LWP 3154113) exited]
[Thread 0x7ae14f296640 (LWP 3154111) exited]
[Thread 0x7ae1549f4640 (LWP 3154087) exited]
[Thread 0x7ae1551f5640 (LWP 3154086) exited]
[Thread 0x7ae1559f6640 (LWP 3154085) exited]
[Thread 0x7ae1561f7640 (LWP 3154084) exited]
[Thread 0x7ae1569f8640 (LWP 3154083) exited]
[Thread 0x7ae14ffff640 (LWP 3154082) exited]
[Thread 0x7ae1571f9640 (LWP 3154081) exited]
[Thread 0x7ae1579fa640 (LWP 3154080) exited]
[Thread 0x7ae157aa0a00 (LWP 3154047) exited]
[Thread 0x7ae14ea95640 (LWP 3154112) exited]
[New process 3154047]
[Inferior 1 (process 3154047) exited with code 01]
(gdb) (gdb) No stack.
