Attaching to process 3153504
[New LWP 3153529]
[New LWP 3153530]
[New LWP 3153533]
[New LWP 3153536]
[New LWP 3153537]
[New LWP 3153538]
[New LWP 3153539]
[New LWP 3153540]
[New LWP 3153568]
[New LWP 3153569]
[New LWP 3153570]
[New LWP 3153571]
[New LWP 3153572]
[New LWP 3153573]
[New LWP 3153574]
[New LWP 3153575]
[New LWP 3153576]
[New LWP 3153577]
[New LWP 3153578]
[New LWP 3153579]
[New LWP 3153580]
[New LWP 3153581]
[Thread debugging using libthread_db enabled]
Using host libthread_db library "/lib/x86_64-linux-gnu/libthread_db.so.1".
0x00007d88b037f7f8 in __GI___clock_nanosleep (clock_id=clock_id@entry=0, flags=flags@entry=0, req=req@entry=0x7fff2968af70, rem=rem@entry=0x7fff2968af70) at ../sysdeps/unix/sysv/linux/clock_nanosleep.c:78
78	../sysdeps/unix/sysv/linux/clock_nanosleep.c: No such file or directory.
(gdb) (gdb) Continuing.
[Thread 0x7d887b7fe640 (LWP 3153581) exited]
[Thread 0x7d887bfff640 (LWP 3153580) exited]
[Thread 0x7d88783ff640 (LWP 3153579) exited]
[Thread 0x7d8880def640 (LWP 3153578) exited]
[Thread 0x7d8885ffb640 (LWP 3153577) exited]
[Thread 0x7d88867fc640 (LWP 3153576) exited]
[Thread 0x7d8886ffd640 (LWP 3153575) exited]
[Thread 0x7d88877fe640 (LWP 3153574) exited]
[Thread 0x7d8887fff640 (LWP 3153573) exited]
[Thread 0x7d88a4a91640 (LWP 3153572) exited]
[Thread 0x7d88a5292640 (LWP 3153571) exited]
[Thread 0x7d88a5a93640 (LWP 3153570) exited]
[Thread 0x7d88a6294640 (LWP 3153569) exited]
[Thread 0x7d88a6a95640 (LWP 3153568) exited]
[Thread 0x7d88acdfa640 (LWP 3153539) exited]
[Thread 0x7d88ad5fb640 (LWP 3153538) exited]
[Thread 0x7d88addfc640 (LWP 3153537) exited]
[Thread 0x7d88ae5fd640 (LWP 3153536) exited]
[Thread 0x7d88a7fff640 (LWP 3153533) exited]
[Thread 0x7d88aedfe640 (LWP 3153530) exited]
[Thread 0x7d88af5ff640 (LWP 3153529) exited]
[Thread 0x7d88af6a5a00 (LWP 3153504) exited]
[Thread 0x7d88a77fe640 (LWP 3153540) exited]
[New process 3153504]
[Inferior 1 (process 3153504) exited with code 01]
(gdb) (gdb) No stack.
