Attaching to process 1612401
[New LWP 1612434]
[New LWP 1612435]
[New LWP 1612436]
[New LWP 1612437]
[New LWP 1612438]
[New LWP 1612439]
[New LWP 1612440]
[New LWP 1612441]
[New LWP 1612465]
[New LWP 1612466]
[New LWP 1612467]
[New LWP 1612468]
[New LWP 1612469]
[New LWP 1612470]
[New LWP 1612471]
[New LWP 1612472]
[New LWP 1612473]
[New LWP 1612474]
[New LWP 1612475]
[New LWP 1612476]
[New LWP 1612477]
[New LWP 1612478]
[Thread debugging using libthread_db enabled]
Using host libthread_db library "/lib/x86_64-linux-gnu/libthread_db.so.1".
0x000073413938f7f8 in __GI___clock_nanosleep (clock_id=clock_id@entry=0, flags=flags@entry=0, req=req@entry=0x7ffc5d6ff760, rem=rem@entry=0x7ffc5d6ff760) at ../sysdeps/unix/sysv/linux/clock_nanosleep.c:78
78	../sysdeps/unix/sysv/linux/clock_nanosleep.c: No such file or directory.
(gdb) (gdb) Continuing.
[Thread 0x734108e35640 (LWP 1612478) exited]
[Thread 0x734109636640 (LWP 1612477) exited]
[Thread 0x734105636640 (LWP 1612476) exited]
[Thread 0x734109e37640 (LWP 1612475) exited]
[Thread 0x73410effd640 (LWP 1612474) exited]
[Thread 0x73410f7fe640 (LWP 1612473) exited]
[Thread 0x73410ffff640 (LWP 1612472) exited]
[Thread 0x734115292640 (LWP 1612470) exited]
[Thread 0x734115a93640 (LWP 1612469) exited]
[Thread 0x734116294640 (LWP 1612468) exited]
[Thread 0x734116a95640 (LWP 1612467) exited]
[Thread 0x734117296640 (LWP 1612466) exited]
[Thread 0x734117a97640 (LWP 1612465) exited]
[Thread 0x734134e08640 (LWP 1612441) exited]
[Thread 0x734135609640 (LWP 1612440) exited]
[Thread 0x734135e0a640 (LWP 1612439) exited]
[Thread 0x73413660b640 (LWP 1612438) exited]
[Thread 0x734136e0c640 (LWP 1612437) exited]
[Thread 0x73413760d640 (LWP 1612436) exited]
[Thread 0x734137e0e640 (LWP 1612435) exited]
[Thread 0x73413860f640 (LWP 1612434) exited]
[Thread 0x7341386b5a00 (LWP 1612401) exited]
[Thread 0x734114a91640 (LWP 1612471) exited]
[New process 1612401]
[Inferior 1 (process 1612401) exited with code 01]
(gdb) No stack.
(gdb) 