Attaching to process 1612534
[New LWP 1612538]
[New LWP 1612539]
[New LWP 1612540]
[New LWP 1612541]
[New LWP 1612542]
[New LWP 1612543]
[New LWP 1612544]
[New LWP 1612545]
78	../sysdeps/unix/sysv/linux/clock_nanosleep.c: No such file or directory.
[Thread debugging using libthread_db enabled]
Using host libthread_db library "/lib/x86_64-linux-gnu/libthread_db.so.1".
0x00007d424a1557f8 in __GI___clock_nanosleep (clock_id=clock_id@entry=0, flags=flags@entry=0, req=req@entry=0x7ffe0b474fa0, rem=rem@entry=0x7ffe0b474fa0) at ../sysdeps/unix/sysv/linux/clock_nanosleep.c:78
(gdb) (gdb) Continuing.
[New Thread 0x7d4240a91640 (LWP 1612585)]
[New Thread 0x7d4223fff640 (LWP 1612586)]
[New Thread 0x7d42237fe640 (LWP 1612587)]
[New Thread 0x7d4222ffd640 (LWP 1612588)]
[New Thread 0x7d4222476640 (LWP 1612589)]
[New Thread 0x7d4221c75640 (LWP 1612590)]
[New Thread 0x7d4221474640 (LWP 1612591)]
[New Thread 0x7d4220c73640 (LWP 1612592)]
[New Thread 0x7d4220472640 (LWP 1612593)]
[New Thread 0x7d421fc71640 (LWP 1612594)]
[New Thread 0x7d421abe2640 (LWP 1612595)]
[New Thread 0x7d421a3e1640 (LWP 1612596)]
[New Thread 0x7d4219be0640 (LWP 1612597)]
[New Thread 0x7d421921c640 (LWP 1612598)]
[Thread 0x7d421921c640 (LWP 1612598) exited]
[Thread 0x7d4219be0640 (LWP 1612597) exited]
[Thread 0x7d421a3e1640 (LWP 1612596) exited]
[Thread 0x7d421abe2640 (LWP 1612595) exited]
[Thread 0x7d421fc71640 (LWP 1612594) exited]
[Thread 0x7d4220472640 (LWP 1612593) exited]
[Thread 0x7d4220c73640 (LWP 1612592) exited]
[Thread 0x7d4221474640 (LWP 1612591) exited]
[Thread 0x7d4221c75640 (LWP 1612590) exited]
[Thread 0x7d4222476640 (LWP 1612589) exited]
[Thread 0x7d4222ffd640 (LWP 1612588) exited]
[Thread 0x7d42237fe640 (LWP 1612587) exited]
[Thread 0x7d4240a91640 (LWP 1612585) exited]
[Thread 0x7d42417fa640 (LWP 1612545) exited]
[Thread 0x7d4241ffb640 (LWP 1612544) exited]
[Thread 0x7d42427fc640 (LWP 1612543) exited]
[Thread 0x7d4242ffd640 (LWP 1612542) exited]
[Thread 0x7d42437fe640 (LWP 1612541) exited]
[Thread 0x7d4248bd4640 (LWP 1612540) exited]
[Thread 0x7d4243fff640 (LWP 1612539) exited]
[Thread 0x7d42493d5640 (LWP 1612538) exited]
[Thread 0x7d424947ba00 (LWP 1612534) exited]
[Thread 0x7d4223fff640 (LWP 1612586) exited]
[New process 1612534]
[Inferior 1 (process 1612534) exited with code 01]
(gdb) No stack.
(gdb) 