Attaching to process 1611909
[New LWP 1611913]
[New LWP 1611914]
[New LWP 1611915]
[New LWP 1611916]
[New LWP 1611917]
[New LWP 1611918]
[New LWP 1611919]
[New LWP 1611920]
[Thread debugging using libthread_db enabled]
Using host libthread_db library "/lib/x86_64-linux-gnu/libthread_db.so.1".
0x000074c600722cdb in eventfd () at ../sysdeps/unix/syscall-template.S:120
120	../sysdeps/unix/syscall-template.S: No such file or directory.
(gdb) (gdb) Continuing.
[New Thread 0x74c5f7137640 (LWP 1611960)]
[New Thread 0x74c5f6936640 (LWP 1611961)]
[New Thread 0x74c5f6135640 (LWP 1611962)]
[New Thread 0x74c5f5934640 (LWP 1611963)]
[New Thread 0x74c5f4dad640 (LWP 1611964)]
[New Thread 0x74c5d7fff640 (LWP 1611965)]
[New Thread 0x74c5d77fe640 (LWP 1611966)]
[New Thread 0x74c5d6ffd640 (LWP 1611967)]
[New Thread 0x74c5d67fc640 (LWP 1611968)]
[New Thread 0x74c5d5ffb640 (LWP 1611969)]
[New Thread 0x74c5d1157640 (LWP 1611970)]
[New Thread 0x74c5d0956640 (LWP 1611971)]
[New Thread 0x74c5cbe3c640 (LWP 1611972)]
[New Thread 0x74c5cb63b640 (LWP 1611973)]
[Thread 0x74c5cb63b640 (LWP 1611973) exited]
[Thread 0x74c5cbe3c640 (LWP 1611972) exited]
[Thread 0x74c5d0956640 (LWP 1611971) exited]
[Thread 0x74c5d1157640 (LWP 1611970) exited]
[Thread 0x74c5d5ffb640 (LWP 1611969) exited]
[Thread 0x74c5d67fc640 (LWP 1611968) exited]
[Thread 0x74c5d6ffd640 (LWP 1611967) exited]
[Thread 0x74c5d77fe640 (LWP 1611966) exited]
[Thread 0x74c5d7fff640 (LWP 1611965) exited]
[Thread 0x74c5f4dad640 (LWP 1611964) exited]
[Thread 0x74c5f5934640 (LWP 1611963) exited]
[Thread 0x74c5f6135640 (LWP 1611962) exited]
[Thread 0x74c5f7137640 (LWP 1611960) exited]
[Thread 0x74c5fc95c640 (LWP 1611920) exited]
[Thread 0x74c5fd15d640 (LWP 1611919) exited]
[Thread 0x74c5fd95e640 (LWP 1611918) exited]
[Thread 0x74c5fe15f640 (LWP 1611917) exited]
[Thread 0x74c5fe960640 (LWP 1611916) exited]
[Thread 0x74c5ff161640 (LWP 1611915) exited]
[Thread 0x74c5f7fff640 (LWP 1611914) exited]
[Thread 0x74c5ff962640 (LWP 1611913) exited]
[Thread 0x74c5ffa08a00 (LWP 1611909) exited]
[Thread 0x74c5f6936640 (LWP 1611961) exited]
[New process 1611909]
[Inferior 1 (process 1611909) exited with code 01]
(gdb) No stack.
(gdb) 