Attaching to process 1611776
[New LWP 1611809]
[New LWP 1611810]
[New LWP 1611811]
[New LWP 1611812]
[New LWP 1611813]
[New LWP 1611814]
[New LWP 1611815]
[New LWP 1611816]
[New LWP 1611840]
[New LWP 1611841]
[New LWP 1611842]
[New LWP 1611843]
[New LWP 1611844]
[New LWP 1611845]
[New LWP 1611846]
[New LWP 1611847]
[New LWP 1611848]
[New LWP 1611849]
[New LWP 1611850]
[New LWP 1611851]
[New LWP 1611852]
[New LWP 1611853]
[Thread debugging using libthread_db enabled]
Using host libthread_db library "/lib/x86_64-linux-gnu/libthread_db.so.1".
0x0000767cad85c7f8 in __GI___clock_nanosleep (clock_id=clock_id@entry=0, flags=flags@entry=0, req=req@entry=0x7ffe29cf33b0, rem=rem@entry=0x7ffe29cf33b0) at ../sysdeps/unix/sysv/linux/clock_nanosleep.c:78
78	../sysdeps/unix/sysv/linux/clock_nanosleep.c: No such file or directory.
(gdb) (gdb) Continuing.
[Thread 0x767c7cafb640 (LWP 1611853) exited]
[Thread 0x767c7d2fc640 (LWP 1611852) exited]
[Thread 0x767c7dafd640 (LWP 1611851) exited]
[Thread 0x767c7e2fe640 (LWP 1611850) exited]
[Thread 0x767c82ffd640 (LWP 1611849) exited]
[Thread 0x767c837fe640 (LWP 1611848) exited]
[Thread 0x767c83fff640 (LWP 1611847) exited]
[Thread 0x767ca09f9640 (LWP 1611846) exited]
[Thread 0x767ca11fa640 (LWP 1611845) exited]
[Thread 0x767ca19fb640 (LWP 1611844) exited]
[Thread 0x767ca29fd640 (LWP 1611842) exited]
[Thread 0x767ca31fe640 (LWP 1611841) exited]
[Thread 0x767ca8c0e640 (LWP 1611840) exited]
[Thread 0x767ca9ad6640 (LWP 1611816) exited]
[Thread 0x767caa2d7640 (LWP 1611815) exited]
[Thread 0x767caaad8640 (LWP 1611814) exited]
[Thread 0x767cab2d9640 (LWP 1611813) exited]
[Thread 0x767cabada640 (LWP 1611812) exited]
[Thread 0x767ca39ff640 (LWP 1611811) exited]
[Thread 0x767cac2db640 (LWP 1611810) exited]
[Thread 0x767cacadc640 (LWP 1611809) exited]
[Thread 0x767cacb82a00 (LWP 1611776) exited]
[Thread 0x767ca21fc640 (LWP 1611843) exited]
[New process 1611776]
[Inferior 1 (process 1611776) exited with code 01]
(gdb) (gdb) No stack.
