Attaching to process 1611284
[New LWP 1611288]
[New LWP 1611289]
[New LWP 1611290]
[New LWP 1611291]
[New LWP 1611292]
[New LWP 1611293]
[New LWP 1611294]
[New LWP 1611295]
78	../sysdeps/unix/sysv/linux/clock_nanosleep.c: No such file or directory.
[Thread debugging using libthread_db enabled]
Using host libthread_db library "/lib/x86_64-linux-gnu/libthread_db.so.1".
0x000079d21e4b67f8 in __GI___clock_nanosleep (clock_id=clock_id@entry=0, flags=flags@entry=0, req=req@entry=0x7fff1d6c8af0, rem=rem@entry=0x7fff1d6c8af0) at ../sysdeps/unix/sysv/linux/clock_nanosleep.c:78
(gdb) (gdb) Continuing.
[New Thread 0x79d2157fa640 (LWP 1611335)]
[New Thread 0x79d214ff9640 (LWP 1611336)]
[New Thread 0x79d213dfe640 (LWP 1611337)]
[New Thread 0x79d2135fd640 (LWP 1611338)]
[New Thread 0x79d212a76640 (LWP 1611339)]
[New Thread 0x79d212275640 (LWP 1611340)]
[New Thread 0x79d211a74640 (LWP 1611341)]
[New Thread 0x79d211273640 (LWP 1611342)]
[New Thread 0x79d210a72640 (LWP 1611343)]
[New Thread 0x79d20bfff640 (LWP 1611344)]
[New Thread 0x79d1f2f0a640 (LWP 1611345)]
[New Thread 0x79d1f2709640 (LWP 1611346)]
[New Thread 0x79d1f1d45640 (LWP 1611347)]
[New Thread 0x79d1f1544640 (LWP 1611348)]
[Thread 0x79d1f1544640 (LWP 1611348) exited]
[Thread 0x79d1f1d45640 (LWP 1611347) exited]
[Thread 0x79d1f2709640 (LWP 1611346) exited]
[Thread 0x79d1f2f0a640 (LWP 1611345) exited]
[Thread 0x79d20bfff640 (LWP 1611344) exited]
[Thread 0x79d210a72640 (LWP 1611343) exited]
[Thread 0x79d211273640 (LWP 1611342) exited]
[Thread 0x79d211a74640 (LWP 1611341) exited]
[Thread 0x79d212275640 (LWP 1611340) exited]
[Thread 0x79d212a76640 (LWP 1611339) exited]
[Thread 0x79d2135fd640 (LWP 1611338) exited]
[Thread 0x79d213dfe640 (LWP 1611337) exited]
[Thread 0x79d214ff9640 (LWP 1611336) exited]
[Thread 0x79d215ffb640 (LWP 1611295) exited]
[Thread 0x79d2167fc640 (LWP 1611294) exited]
[Thread 0x79d216ffd640 (LWP 1611293) exited]
[Thread 0x79d2177fe640 (LWP 1611292) exited]
[Thread 0x79d217fff640 (LWP 1611291) exited]
[Thread 0x79d2145ff640 (LWP 1611290) exited]
[Thread 0x79d21cf35640 (LWP 1611289) exited]
[Thread 0x79d21d736640 (LWP 1611288) exited]
[Thread 0x79d21d7dca00 (LWP 1611284) exited]
[Thread 0x79d2157fa640 (LWP 1611335) exited]
[New process 1611284]
[Inferior 1 (process 1611284) exited with code 01]
(gdb) No stack.
(gdb) 