Attaching to process 1611151
[New LWP 1611183]
[New LWP 1611185]
[New LWP 1611186]
[New LWP 1611187]
[New LWP 1611188]
[New LWP 1611189]
[New LWP 1611190]
[New LWP 1611191]
[New LWP 1611215]
[New LWP 1611216]
[New LWP 1611217]
[New LWP 1611218]
[New LWP 1611219]
[New LWP 1611220]
[New LWP 1611221]
[New LWP 1611222]
[New LWP 1611223]
[New LWP 1611224]
[New LWP 1611225]
[New LWP 1611226]
[New LWP 1611227]
[New LWP 1611228]
[Thread debugging using libthread_db enabled]
Using host libthread_db library "/lib/x86_64-linux-gnu/libthread_db.so.1".
0x000078e85c6237f8 in __GI___clock_nanosleep (clock_id=clock_id@entry=0, flags=flags@entry=0, req=req@entry=0x7fff0bcab1f0, rem=rem@entry=0x7fff0bcab1f0) at ../sysdeps/unix/sysv/linux/clock_nanosleep.c:78
78	../sysdeps/unix/sysv/linux/clock_nanosleep.c: No such file or directory.
(gdb) (gdb) Continuing.
[Thread 0x78e82763b640 (LWP 1611228) exited]
[Thread 0x78e827fff640 (LWP 1611227) exited]
[Thread 0x78e82c8ca640 (LWP 1611226) exited]
[Thread 0x78e82d0cb640 (LWP 1611225) exited]
[Thread 0x78e831ffb640 (LWP 1611224) exited]
[Thread 0x78e8327fc640 (LWP 1611223) exited]
[Thread 0x78e832ffd640 (LWP 1611222) exited]
[Thread 0x78e833fff640 (LWP 1611220) exited]
[Thread 0x78e838dad640 (LWP 1611219) exited]
[Thread 0x78e839934640 (LWP 1611218) exited]
[Thread 0x78e83a135640 (LWP 1611217) exited]
[Thread 0x78e83a936640 (LWP 1611216) exited]
[Thread 0x78e83b137640 (LWP 1611215) exited]
[Thread 0x78e83bfff640 (LWP 1611191) exited]
[Thread 0x78e85889d640 (LWP 1611190) exited]
[Thread 0x78e85909e640 (LWP 1611189) exited]
[Thread 0x78e85989f640 (LWP 1611188) exited]
[Thread 0x78e85a0a0640 (LWP 1611187) exited]
[Thread 0x78e85a8a1640 (LWP 1611186) exited]
[Thread 0x78e85b0a2640 (LWP 1611185) exited]
[Thread 0x78e85b8a3640 (LWP 1611183) exited]
[Thread 0x78e85b949a00 (LWP 1611151) exited]
[Thread 0x78e8337fe640 (LWP 1611221) exited]
[New process 1611151]
[Inferior 1 (process 1611151) exited with code 01]
(gdb) No stack.
(gdb) 