Attaching to process 120856
[New LWP 120860]
[New LWP 120861]
[New LWP 120862]
[New LWP 120863]
[New LWP 120864]
[New LWP 120865]
[New LWP 120866]
[New LWP 120867]
[New LWP 120868]
[New LWP 120869]
[New LWP 120870]
[New LWP 120871]
[New LWP 120872]
[New LWP 120873]
[New LWP 120874]
[New LWP 120875]
[New LWP 120876]
[New LWP 120877]
[New LWP 120884]
[New LWP 120890]
[New LWP 120891]
[New LWP 120892]
[Thread debugging using libthread_db enabled]
Using host libthread_db library "/lib/x86_64-linux-gnu/libthread_db.so.1".
0x000075a7f68a87f8 in __GI___clock_nanosleep (clock_id=clock_id@entry=0, flags=flags@entry=0, req=req@entry=0x7ffe732fba30, rem=rem@entry=0x7ffe732fba30) at ../sysdeps/unix/sysv/linux/clock_nanosleep.c:78
78	../sysdeps/unix/sysv/linux/clock_nanosleep.c: No such file or directory.
(gdb) (gdb) Continuing.
[Thread 0x75a7c733c640 (LWP 120884) exited]
[Thread 0x75a7c6b3b640 (LWP 120890) exited]
[Thread 0x75a7c5976640 (LWP 120892) exited]
[Thread 0x75a7c6177640 (LWP 120891) exited]
[Thread 0x75a7cbfff640 (LWP 120877) exited]
[Thread 0x75a7e4c73640 (LWP 120876) exited]
[Thread 0x75a7e5474640 (LWP 120875) exited]
[Thread 0x75a7e5c75640 (LWP 120874) exited]
[Thread 0x75a7e6476640 (LWP 120873) exited]
[Thread 0x75a7e6c77640 (LWP 120872) exited]
[Thread 0x75a7e77fe640 (LWP 120871) exited]
[Thread 0x75a7ed292640 (LWP 120869) exited]
[Thread 0x75a7eda93640 (LWP 120868) exited]
[Thread 0x75a7ee7fc640 (LWP 120867) exited]
[Thread 0x75a7eeffd640 (LWP 120866) exited]
[Thread 0x75a7ef7fe640 (LWP 120865) exited]
[Thread 0x75a7e7fff640 (LWP 120864) exited]
[Thread 0x75a7effff640 (LWP 120863) exited]
[Thread 0x75a7f4b26640 (LWP 120862) exited]
[Thread 0x75a7f5327640 (LWP 120861) exited]
[Thread 0x75a7f5b28640 (LWP 120860) exited]
[Thread 0x75a7f5bcea00 (LWP 120856) exited]
[Thread 0x75a7eca91640 (LWP 120870) exited]
[New process 120856]
[Inferior 1 (process 120856) exited normally]
(gdb) No stack.
(gdb) 