Attaching to process 3057216
[New LWP 3057249]
[New LWP 3057250]
[New LWP 3057251]
[New LWP 3057252]
[New LWP 3057253]
[New LWP 3057254]
[New LWP 3057255]
[New LWP 3057256]
[New LWP 3057280]
[New LWP 3057281]
[New LWP 3057282]
[New LWP 3057283]
[New LWP 3057284]
[New LWP 3057285]
[New LWP 3057286]
[New LWP 3057287]
[New LWP 3057288]
[New LWP 3057289]
[New LWP 3057290]
[New LWP 3057291]
[New LWP 3057292]
[New LWP 3057293]
[Thread debugging using libthread_db enabled]
Using host libthread_db library "/lib/x86_64-linux-gnu/libthread_db.so.1".
0x00007c53ce6787f8 in __GI___clock_nanosleep (clock_id=clock_id@entry=0, flags=flags@entry=0, req=req@entry=0x7ffec9a38d50, rem=rem@entry=0x7ffec9a38d50) at ../sysdeps/unix/sysv/linux/clock_nanosleep.c:78
78	../sysdeps/unix/sysv/linux/clock_nanosleep.c: No such file or directory.
(gdb) (gdb) Continuing.
[Thread 0x7c539f130640 (LWP 3057290) exited]
[Thread 0x7c539e92f640 (LWP 3057291) exited]
[Thread 0x7c539e12e640 (LWP 3057292) exited]
[Thread 0x7c53a4472640 (LWP 3057289) exited]
[Thread 0x7c53a4c73640 (LWP 3057288) exited]
[Thread 0x7c53a5474640 (LWP 3057287) exited]
[Thread 0x7c53a5c75640 (LWP 3057286) exited]
[Thread 0x7c53a6476640 (LWP 3057285) exited]
[Thread 0x7c53a6c77640 (LWP 3057284) exited]
[Thread 0x7c53a77fe640 (LWP 3057283) exited]
[Thread 0x7c53a7fff640 (LWP 3057282) exited]
[Thread 0x7c53bc932640 (LWP 3057281) exited]
[Thread 0x7c53bd133640 (LWP 3057280) exited]
[Thread 0x7c53bdffb640 (LWP 3057256) exited]
[Thread 0x7c53be7fc640 (LWP 3057255) exited]
[Thread 0x7c53beffd640 (LWP 3057254) exited]
[Thread 0x7c53bf7fe640 (LWP 3057253) exited]
[Thread 0x7c53bffff640 (LWP 3057252) exited]
[Thread 0x7c53cc8f6640 (LWP 3057251) exited]
[Thread 0x7c53cd0f7640 (LWP 3057250) exited]
[Thread 0x7c53cd8f8640 (LWP 3057249) exited]
[Thread 0x7c53cd99ea00 (LWP 3057216) exited]
[Thread 0x7c539d905640 (LWP 3057293) exited]
[New process 3057216]
[Inferior 1 (process 3057216) exited normally]
No stack.
(gdb) (gdb) 