Attaching to process 3057879
[New LWP 3057883]
[New LWP 3057884]
[New LWP 3057885]
[New LWP 3057886]
[New LWP 3057887]
[New LWP 3057888]
[New LWP 3057889]
[New LWP 3057890]
[New LWP 3057891]
[New LWP 3057892]
[New LWP 3057893]
[New LWP 3057894]
[New LWP 3057895]
[New LWP 3057896]
[New LWP 3057897]
[New LWP 3057898]
[New LWP 3057899]
[New LWP 3057900]
[New LWP 3057901]
[New LWP 3057902]
[New LWP 3057903]
[New LWP 3057904]
[Thread debugging using libthread_db enabled]
Using host libthread_db library "/lib/x86_64-linux-gnu/libthread_db.so.1".
0x0000758d8c5277f8 in __GI___clock_nanosleep (clock_id=clock_id@entry=0, flags=flags@entry=0, req=req@entry=0x7ffe9f7f0bb0, rem=rem@entry=0x7ffe9f7f0bb0) at ../sysdeps/unix/sysv/linux/clock_nanosleep.c:78
78	../sysdeps/unix/sysv/linux/clock_nanosleep.c: No such file or directory.
(gdb) (gdb) Continuing.
[Thread 0x758d5cff8640 (LWP 3057901) exited]
[Thread 0x758d5c7f7640 (LWP 3057902) exited]
[Thread 0x758d5b7cd640 (LWP 3057904) exited]
[Thread 0x758d5bff6640 (LWP 3057903) exited]
[Thread 0x758d61ffb640 (LWP 3057900) exited]
[Thread 0x758d627fc640 (LWP 3057899) exited]
[Thread 0x758d62ffd640 (LWP 3057898) exited]
[Thread 0x758d637fe640 (LWP 3057897) exited]
[Thread 0x758d63fff640 (LWP 3057896) exited]
[Thread 0x758d80c73640 (LWP 3057895) exited]
[Thread 0x758d817fa640 (LWP 3057894) exited]
[Thread 0x758d81ffb640 (LWP 3057893) exited]
[Thread 0x758d827fc640 (LWP 3057892) exited]
[Thread 0x758d82ffd640 (LWP 3057891) exited]
[Thread 0x758d837fe640 (LWP 3057890) exited]
[Thread 0x758d88fa2640 (LWP 3057889) exited]
[Thread 0x758d897a3640 (LWP 3057888) exited]
[Thread 0x758d89fa4640 (LWP 3057887) exited]
[Thread 0x758d83fff640 (LWP 3057886) exited]
[Thread 0x758d8a7a5640 (LWP 3057885) exited]
[Thread 0x758d8afa6640 (LWP 3057884) exited]
[Thread 0x758d8b7a7640 (LWP 3057883) exited]
[Inferior 1 (process 3057879) exited normally]
(gdb) No stack.
(gdb) 