Attaching to process 3565608
[New LWP 3565612]
[New LWP 3565613]
[New LWP 3565614]
[New LWP 3565615]
[New LWP 3565616]
[New LWP 3565617]
[New LWP 3565618]
[New LWP 3565619]
[New LWP 3565620]
[New LWP 3565621]
[New LWP 3565622]
[New LWP 3565623]
[New LWP 3565624]
[New LWP 3565625]
[New LWP 3565626]
[New LWP 3565627]
[New LWP 3565628]
[New LWP 3565629]
[New LWP 3565630]
[New LWP 3565631]
[New LWP 3565632]
[New LWP 3565633]
[Thread debugging using libthread_db enabled]
Using host libthread_db library "/lib/x86_64-linux-gnu/libthread_db.so.1".
0x00007a5a1f90f7f8 in __GI___clock_nanosleep (clock_id=clock_id@entry=0, flags=flags@entry=0, req=req@entry=0x7ffd052b3f00, rem=rem@entry=0x7ffd052b3f00) at ../sysdeps/unix/sysv/linux/clock_nanosleep.c:78
78	../sysdeps/unix/sysv/linux/clock_nanosleep.c: No such file or directory.
(gdb) (gdb) Continuing.
[Thread 0x7a59f039f640 (LWP 3565630) exited]
[Thread 0x7a59efb9e640 (LWP 3565631) exited]
[Thread 0x7a59eeb9c640 (LWP 3565633) exited]
[Thread 0x7a59ef39d640 (LWP 3565632) exited]
[Thread 0x7a59f5474640 (LWP 3565629) exited]
[Thread 0x7a59f5c75640 (LWP 3565628) exited]
[Thread 0x7a59f6476640 (LWP 3565627) exited]
[Thread 0x7a59f6c77640 (LWP 3565626) exited]
[Thread 0x7a59f7478640 (LWP 3565625) exited]
[Thread 0x7a59f7c79640 (LWP 3565624) exited]
[Thread 0x7a5a14a91640 (LWP 3565623) exited]
[Thread 0x7a5a15292640 (LWP 3565622) exited]
[Thread 0x7a5a15a93640 (LWP 3565621) exited]
[Thread 0x7a5a16ffd640 (LWP 3565619) exited]
[Thread 0x7a5a177fe640 (LWP 3565618) exited]
[Thread 0x7a5a1cb8b640 (LWP 3565617) exited]
[Thread 0x7a5a1d38c640 (LWP 3565616) exited]
[Thread 0x7a5a1db8d640 (LWP 3565615) exited]
[Thread 0x7a5a1e38e640 (LWP 3565614) exited]
[Thread 0x7a5a17fff640 (LWP 3565613) exited]
[Thread 0x7a5a1eb8f640 (LWP 3565612) exited]
[Thread 0x7a5a1ec35a00 (LWP 3565608) exited]
[Thread 0x7a5a16294640 (LWP 3565620) exited]
[New process 3565608]
[Inferior 1 (process 3565608) exited normally]
(gdb) No stack.
(gdb) 