Attaching to process 3564875
[New LWP 3564908]
[New LWP 3564909]
[New LWP 3564910]
[New LWP 3564911]
[New LWP 3564912]
[New LWP 3564913]
[New LWP 3564914]
[New LWP 3564915]
[New LWP 3564939]
[New LWP 3564940]
[New LWP 3564941]
[New LWP 3564942]
[New LWP 3564943]
[New LWP 3564944]
[New LWP 3564945]
[New LWP 3564946]
[New LWP 3564947]
[New LWP 3564948]
[New LWP 3564986]
[New LWP 3564987]
[New LWP 3564988]
[New LWP 3564989]
[Thread debugging using libthread_db enabled]
Using host libthread_db library "/lib/x86_64-linux-gnu/libthread_db.so.1".
0x00007c932e0387f8 in __GI___clock_nanosleep (clock_id=clock_id@entry=0, flags=flags@entry=0, req=req@entry=0x7ffd5124e6e0, rem=rem@entry=0x7ffd5124e6e0) at ../sysdeps/unix/sysv/linux/clock_nanosleep.c:78
78	../sysdeps/unix/sysv/linux/clock_nanosleep.c: No such file or directory.
(gdb) (gdb) Continuing.
[Thread 0x7c92fea1b640 (LWP 3564986) exited]
[Thread 0x7c92fe21a640 (LWP 3564987) exited]
[Thread 0x7c92fd055640 (LWP 3564989) exited]
[Thread 0x7c92fda19640 (LWP 3564988) exited]
[Thread 0x7c93077fe640 (LWP 3564948) exited]
[Thread 0x7c9307fff640 (LWP 3564947) exited]
[Thread 0x7c9314a75640 (LWP 3564946) exited]
[Thread 0x7c9315276640 (LWP 3564945) exited]
[Thread 0x7c9315a77640 (LWP 3564944) exited]
[Thread 0x7c9316278640 (LWP 3564943) exited]
[Thread 0x7c93177fe640 (LWP 3564942) exited]
[Thread 0x7c9317fff640 (LWP 3564941) exited]
[Thread 0x7c931ca91640 (LWP 3564940) exited]
[Thread 0x7c931dffb640 (LWP 3564915) exited]
[Thread 0x7c931e7fc640 (LWP 3564914) exited]
[Thread 0x7c931effd640 (LWP 3564913) exited]
[Thread 0x7c9316dff640 (LWP 3564912) exited]
[Thread 0x7c931f7fe640 (LWP 3564911) exited]
[Thread 0x7c931ffff640 (LWP 3564910) exited]
[Thread 0x7c932cab7640 (LWP 3564909) exited]
[Thread 0x7c932d2b8640 (LWP 3564908) exited]
[Thread 0x7c932d35ea00 (LWP 3564875) exited]
[Thread 0x7c931d292640 (LWP 3564939) exited]
[New process 3564875]
[Inferior 1 (process 3564875) exited normally]
(gdb) No stack.
(gdb) 