Attaching to process 3564995
[New LWP 3564999]
[New LWP 3565000]
[New LWP 3565001]
[New LWP 3565002]
[New LWP 3565003]
[New LWP 3565004]
[New LWP 3565005]
[New LWP 3565006]
[New LWP 3565008]
[New LWP 3565009]
[New LWP 3565010]
[New LWP 3565011]
[New LWP 3565012]
[New LWP 3565013]
[New LWP 3565014]
[New LWP 3565015]
[New LWP 3565016]
[New LWP 3565017]
[New LWP 3565018]
[New LWP 3565019]
[New LWP 3565020]
[New LWP 3565021]
[Thread debugging using libthread_db enabled]
Using host libthread_db library "/lib/x86_64-linux-gnu/libthread_db.so.1".
0x00007329be6bc7f8 in __GI___clock_nanosleep (clock_id=clock_id@entry=0, flags=flags@entry=0, req=req@entry=0x7ffeb7513d40, rem=rem@entry=0x7ffeb7513d40) at ../sysdeps/unix/sysv/linux/clock_nanosleep.c:78
78	../sysdeps/unix/sysv/linux/clock_nanosleep.c: No such file or directory.
(gdb) (gdb) Continuing.
[Thread 0x73298f0f4640 (LWP 3565018) exited]
[Thread 0x73298e8f3640 (LWP 3565019) exited]
[Thread 0x73298d72e640 (LWP 3565021) exited]
[Thread 0x73298e0f2640 (LWP 3565020) exited]
[Thread 0x732997fff640 (LWP 3565017) exited]
[Thread 0x7329a4a74640 (LWP 3565016) exited]
[Thread 0x7329a5275640 (LWP 3565015) exited]
[Thread 0x7329a5a76640 (LWP 3565014) exited]
[Thread 0x7329a6277640 (LWP 3565013) exited]
[Thread 0x7329a6a78640 (LWP 3565012) exited]
[Thread 0x7329a7fff640 (LWP 3565011) exited]
[Thread 0x7329ac932640 (LWP 3565010) exited]
[Thread 0x7329ad133640 (LWP 3565009) exited]
[Thread 0x7329ad934640 (LWP 3565008) exited]
[Thread 0x7329ae7fc640 (LWP 3565006) exited]
[Thread 0x7329aeffd640 (LWP 3565005) exited]
[Thread 0x7329af7fe640 (LWP 3565004) exited]
[Thread 0x7329a75ff640 (LWP 3565003) exited]
[Thread 0x7329affff640 (LWP 3565002) exited]
[Thread 0x7329bc93a640 (LWP 3565001) exited]
[Thread 0x7329bd93c640 (LWP 3564999) exited]
[Thread 0x7329bd9e2a00 (LWP 3564995) exited]
[Thread 0x7329bd13b640 (LWP 3565000) exited]
[New process 3564995]
[Inferior 1 (process 3564995) exited normally]
(gdb) No stack.
(gdb) 