Attaching to process 1185320
[New LWP 1185324]
[New LWP 1185325]
[New LWP 1185326]
[New LWP 1185327]
[New LWP 1185328]
[New LWP 1185329]
[New LWP 1185330]
[New LWP 1185331]
[New LWP 1185332]
[New LWP 1185333]
[New LWP 1185334]
[New LWP 1185335]
[New LWP 1185336]
[New LWP 1185337]
[New LWP 1185338]
[New LWP 1185339]
[New LWP 1185340]
[New LWP 1185341]
[New LWP 1185342]
[New LWP 1185343]
[New LWP 1185344]
[New LWP 1185345]
78	../sysdeps/unix/sysv/linux/clock_nanosleep.c: No such file or directory.
[Thread debugging using libthread_db enabled]
Using host libthread_db library "/lib/x86_64-linux-gnu/libthread_db.so.1".
0x0000750afa7337f8 in __GI___clock_nanosleep (clock_id=clock_id@entry=0, flags=flags@entry=0, req=req@entry=0x7fff6bf54ba0, rem=rem@entry=0x7fff6bf54ba0) at ../sysdeps/unix/sysv/linux/clock_nanosleep.c:78
(gdb) (gdb) Continuing.
[Thread 0x750acf181640 (LWP 1185342) exited]
[Thread 0x750ace980640 (LWP 1185343) exited]
[Thread 0x750ace17f640 (LWP 1185344) exited]
[Thread 0x750ad7fff640 (LWP 1185341) exited]
[Thread 0x750aecc72640 (LWP 1185340) exited]
[Thread 0x750aed473640 (LWP 1185339) exited]
[Thread 0x750aedc74640 (LWP 1185338) exited]
[Thread 0x750aee475640 (LWP 1185337) exited]
[Thread 0x750aeec76640 (LWP 1185336) exited]
[Thread 0x750aef7fd640 (LWP 1185335) exited]
[Thread 0x750aefffe640 (LWP 1185334) exited]
[Thread 0x750af1292640 (LWP 1185333) exited]
[Thread 0x750af1a93640 (LWP 1185332) exited]
[Thread 0x750af27fc640 (LWP 1185331) exited]
[Thread 0x750af2ffd640 (LWP 1185330) exited]
[Thread 0x750af37fe640 (LWP 1185329) exited]
[Thread 0x750af3fff640 (LWP 1185328) exited]
[Thread 0x750af89b1640 (LWP 1185327) exited]
[Thread 0x750af07ff640 (LWP 1185326) exited]
[Thread 0x750af91b2640 (LWP 1185325) exited]
[Thread 0x750af99b3640 (LWP 1185324) exited]
[Thread 0x750af9a59a00 (LWP 1185320) exited]
[Thread 0x750acd97e640 (LWP 1185345) exited]
[New process 1185320]
[Inferior 1 (process 1185320) exited normally]
(gdb) (gdb) No stack.
