Attaching to process 3342949
[New LWP 3342953]
[New LWP 3342954]
[New LWP 3342955]
[New LWP 3342956]
[New LWP 3342957]
[New LWP 3342958]
[New LWP 3342959]
[New LWP 3342960]
[New LWP 3342961]
[New LWP 3342962]
[New LWP 3342963]
[New LWP 3342964]
[New LWP 3342965]
[New LWP 3342966]
[New LWP 3342967]
[New LWP 3342968]
[New LWP 3342969]
[New LWP 3342970]
[New LWP 3342971]
[New LWP 3342972]
[New LWP 3342973]
[New LWP 3342974]
[Thread debugging using libthread_db enabled]
Using host libthread_db library "/lib/x86_64-linux-gnu/libthread_db.so.1".
0x00007a9fd76fa7f8 in __GI___clock_nanosleep (clock_id=clock_id@entry=0, flags=flags@entry=0, req=req@entry=0x7fff4420ad30, rem=rem@entry=0x7fff4420ad30) at ../sysdeps/unix/sysv/linux/clock_nanosleep.c:78
78	../sysdeps/unix/sysv/linux/clock_nanosleep.c: No such file or directory.
(gdb) (gdb) Continuing.
[Thread 0x7a9fa7fff640 (LWP 3342971) exited]
[Thread 0x7a9fa77fe640 (LWP 3342972) exited]
[Thread 0x7a9fa67fc640 (LWP 3342974) exited]
[Thread 0x7a9fa6ffd640 (LWP 3342973) exited]
[Thread 0x7a9fb4dfa640 (LWP 3342970) exited]
[Thread 0x7a9fb55fb640 (LWP 3342969) exited]
[Thread 0x7a9fb5dfc640 (LWP 3342968) exited]
[Thread 0x7a9fb65fd640 (LWP 3342967) exited]
[Thread 0x7a9fb6dfe640 (LWP 3342966) exited]
[Thread 0x7a9fb7fff640 (LWP 3342965) exited]
[Thread 0x7a9fbd292640 (LWP 3342964) exited]
[Thread 0x7a9fbda93640 (LWP 3342963) exited]
[Thread 0x7a9fbe294640 (LWP 3342962) exited]
[Thread 0x7a9fbea95640 (LWP 3342961) exited]
[Thread 0x7a9fbf7fe640 (LWP 3342960) exited]
[Thread 0x7a9fb75ff640 (LWP 3342959) exited]
[Thread 0x7a9fbffff640 (LWP 3342958) exited]
[Thread 0x7a9fd4976640 (LWP 3342957) exited]
[Thread 0x7a9fd5177640 (LWP 3342956) exited]
[Thread 0x7a9fd5978640 (LWP 3342955) exited]
[Thread 0x7a9fd6179640 (LWP 3342954) exited]
[Thread 0x7a9fd697a640 (LWP 3342953) exited]
[Inferior 1 (process 3342949) exited normally]
(gdb) No stack.
(gdb) 