Attaching to process 2192825
[New LWP 2192829]
[New LWP 2192830]
[New LWP 2192831]
[New LWP 2192832]
[New LWP 2192833]
[New LWP 2192834]
[New LWP 2192835]
[New LWP 2192836]
[New LWP 2192837]
[New LWP 2192838]
[New LWP 2192839]
[New LWP 2192840]
[New LWP 2192841]
[New LWP 2192842]
[New LWP 2192843]
[New LWP 2192844]
[New LWP 2192845]
[New LWP 2192846]
[New LWP 2192847]
[New LWP 2192848]
[New LWP 2192849]
[New LWP 2192850]
[Thread debugging using libthread_db enabled]
Using host libthread_db library "/lib/x86_64-linux-gnu/libthread_db.so.1".
0x0000745b80a167f8 in __GI___clock_nanosleep (clock_id=clock_id@entry=0, flags=flags@entry=0, req=req@entry=0x7fff7a3d4ec0, rem=rem@entry=0x7fff7a3d4ec0) at ../sysdeps/unix/sysv/linux/clock_nanosleep.c:78
78	../sysdeps/unix/sysv/linux/clock_nanosleep.c: No such file or directory.
(gdb) (gdb) Continuing.
[Thread 0x745b554ba640 (LWP 2192847) exited]
[Thread 0x745b54cb9640 (LWP 2192848) exited]
[Thread 0x745b4b7fe640 (LWP 2192850) exited]
[Thread 0x745b4bfff640 (LWP 2192849) exited]
[Thread 0x745b65ffb640 (LWP 2192846) exited]
[Thread 0x745b667fc640 (LWP 2192845) exited]
[Thread 0x745b66ffd640 (LWP 2192844) exited]
[Thread 0x745b677fe640 (LWP 2192843) exited]
[Thread 0x745b67fff640 (LWP 2192842) exited]
[Thread 0x745b74f0c640 (LWP 2192841) exited]
[Thread 0x745b76294640 (LWP 2192839) exited]
[Thread 0x745b76a95640 (LWP 2192838) exited]
[Thread 0x745b77296640 (LWP 2192837) exited]
[Thread 0x745b7cc90640 (LWP 2192836) exited]
[Thread 0x745b7d491640 (LWP 2192835) exited]
[Thread 0x745b7dc92640 (LWP 2192834) exited]
[Thread 0x745b7e493640 (LWP 2192833) exited]
[Thread 0x745b77fff640 (LWP 2192832) exited]
[Thread 0x745b7ec94640 (LWP 2192831) exited]
[Thread 0x745b7f495640 (LWP 2192830) exited]
[Thread 0x745b7fc96640 (LWP 2192829) exited]
[Thread 0x745b7fd3ca00 (LWP 2192825) exited]
[Thread 0x745b75a93640 (LWP 2192840) exited]
[New process 2192825]
[Inferior 1 (process 2192825) exited normally]
(gdb) No stack.
(gdb) 