Attaching to process 3584619
[New LWP 3584623]
[New LWP 3584624]
[New LWP 3584625]
[New LWP 3584626]
[New LWP 3584627]
[New LWP 3584628]
[New LWP 3584629]
[New LWP 3584630]
[New LWP 3584631]
[New LWP 3584632]
[New LWP 3584633]
[New LWP 3584634]
[New LWP 3584635]
[New LWP 3584636]
[New LWP 3584637]
[New LWP 3584638]
[New LWP 3584639]
[New LWP 3584640]
[New LWP 3584641]
[New LWP 3584642]
[New LWP 3584643]
[New LWP 3584644]
[Thread debugging using libthread_db enabled]
Using host libthread_db library "/lib/x86_64-linux-gnu/libthread_db.so.1".
0x00007abd61e967f8 in __GI___clock_nanosleep (clock_id=clock_id@entry=0, flags=flags@entry=0, req=req@entry=0x7fff6fab3e10, rem=rem@entry=0x7fff6fab3e10) at ../sysdeps/unix/sysv/linux/clock_nanosleep.c:78
78	../sysdeps/unix/sysv/linux/clock_nanosleep.c: No such file or directory.
(gdb) (gdb) Continuing.
[Thread 0x7abd32913640 (LWP 3584641) exited]
[Thread 0x7abd32112640 (LWP 3584642) exited]
[Thread 0x7abd31110640 (LWP 3584644) exited]
[Thread 0x7abd31911640 (LWP 3584643) exited]
[Thread 0x7abd377fe640 (LWP 3584640) exited]
[Thread 0x7abd37fff640 (LWP 3584639) exited]
[Thread 0x7abd3cc73640 (LWP 3584638) exited]
[Thread 0x7abd3d474640 (LWP 3584637) exited]
[Thread 0x7abd3dc75640 (LWP 3584636) exited]
[Thread 0x7abd3e476640 (LWP 3584635) exited]
[Thread 0x7abd3f7fe640 (LWP 3584633) exited]
[Thread 0x7abd3ffff640 (LWP 3584632) exited]
[Thread 0x7abd58932640 (LWP 3584631) exited]
[Thread 0x7abd597fa640 (LWP 3584630) exited]
[Thread 0x7abd59ffb640 (LWP 3584629) exited]
[Thread 0x7abd5a7fc640 (LWP 3584628) exited]
[Thread 0x7abd5affd640 (LWP 3584627) exited]
[Thread 0x7abd5b7fe640 (LWP 3584626) exited]
[Thread 0x7abd60915640 (LWP 3584625) exited]
[Thread 0x7abd5bfff640 (LWP 3584624) exited]
[Thread 0x7abd61116640 (LWP 3584623) exited]
[Thread 0x7abd611bca00 (LWP 3584619) exited]
[Thread 0x7abd3effd640 (LWP 3584634) exited]
[New process 3584619]
[Inferior 1 (process 3584619) exited normally]
(gdb) No stack.
(gdb) 