Attaching to process 2965275
[New LWP 2965279]
[New LWP 2965280]
[New LWP 2965281]
[New LWP 2965282]
[New LWP 2965283]
[New LWP 2965284]
[New LWP 2965285]
[New LWP 2965286]
[New LWP 2965287]
[New LWP 2965288]
[New LWP 2965289]
[New LWP 2965290]
[New LWP 2965291]
[New LWP 2965292]
[New LWP 2965293]
[New LWP 2965294]
[New LWP 2965295]
[New LWP 2965296]
[New LWP 2965297]
[New LWP 2965298]
[New LWP 2965299]
[New LWP 2965300]
78	../sysdeps/unix/sysv/linux/clock_nanosleep.c: No such file or directory.
[Thread debugging using libthread_db enabled]
Using host libthread_db library "/lib/x86_64-linux-gnu/libthread_db.so.1".
0x00007e95574ce7f8 in __GI___clock_nanosleep (clock_id=clock_id@entry=0, flags=flags@entry=0, req=req@entry=0x7ffcae079940, rem=rem@entry=0x7ffcae079940) at ../sysdeps/unix/sysv/linux/clock_nanosleep.c:78
(gdb) (gdb) Continuing.
[Thread 0x7e9527f2d640 (LWP 2965297) exited]
[Thread 0x7e952772c640 (LWP 2965298) exited]
[Thread 0x7e9526567640 (LWP 2965300) exited]
[Thread 0x7e9526f2b640 (LWP 2965299) exited]
[Thread 0x7e9544ff9640 (LWP 2965296) exited]
[Thread 0x7e95457fa640 (LWP 2965295) exited]
[Thread 0x7e9545ffb640 (LWP 2965294) exited]
[Thread 0x7e95467fc640 (LWP 2965293) exited]
[Thread 0x7e9546ffd640 (LWP 2965292) exited]
[Thread 0x7e95477fe640 (LWP 2965291) exited]
[Thread 0x7e954cff9640 (LWP 2965290) exited]
[Thread 0x7e954dffb640 (LWP 2965288) exited]
[Thread 0x7e954e7fc640 (LWP 2965287) exited]
[Thread 0x7e954effd640 (LWP 2965286) exited]
[Thread 0x7e954f7fe640 (LWP 2965285) exited]
[Thread 0x7e954ffff640 (LWP 2965284) exited]
[Thread 0x7e9547fff640 (LWP 2965283) exited]
[Thread 0x7e9554f4b640 (LWP 2965282) exited]
[Thread 0x7e955574c640 (LWP 2965281) exited]
[Thread 0x7e9555f4d640 (LWP 2965280) exited]
[Thread 0x7e955674e640 (LWP 2965279) exited]
[Thread 0x7e95567f4a00 (LWP 2965275) exited]
[Thread 0x7e954d7fa640 (LWP 2965289) exited]
[New process 2965275]
[Inferior 1 (process 2965275) exited normally]
(gdb) No stack.
(gdb) 