Attaching to process 92341
[New LWP 92345]
[New LWP 92346]
[New LWP 92347]
[New LWP 92348]
[New LWP 92349]
[New LWP 92350]
[New LWP 92351]
[New LWP 92352]
[New LWP 92353]
[New LWP 92354]
[New LWP 92355]
[New LWP 92356]
[New LWP 92357]
[New LWP 92358]
[New LWP 92359]
[New LWP 92360]
[New LWP 92361]
[New LWP 92362]
[New LWP 92363]
[New LWP 92364]
[New LWP 92365]
[New LWP 92366]
[Thread debugging using libthread_db enabled]
Using host libthread_db library "/lib/x86_64-linux-gnu/libthread_db.so.1".
0x000074c3f366b7f8 in __GI___clock_nanosleep (clock_id=clock_id@entry=0, flags=flags@entry=0, req=req@entry=0x7ffc97b0be10, rem=rem@entry=0x7ffc97b0be10) at ../sysdeps/unix/sysv/linux/clock_nanosleep.c:78
78	../sysdeps/unix/sysv/linux/clock_nanosleep.c: No such file or directory.
(gdb) (gdb) Continuing.
[Thread 0x74c3c3fff640 (LWP 92363) exited]
[Thread 0x74c3c37fe640 (LWP 92364) exited]
[Thread 0x74c3c2639640 (LWP 92366) exited]
[Thread 0x74c3c2ffd640 (LWP 92365) exited]
[Thread 0x74c3d0dfa640 (LWP 92362) exited]
[Thread 0x74c3d15fb640 (LWP 92361) exited]
[Thread 0x74c3d1dfc640 (LWP 92360) exited]
[Thread 0x74c3d25fd640 (LWP 92359) exited]
[Thread 0x74c3d2dfe640 (LWP 92358) exited]
[Thread 0x74c3d3fff640 (LWP 92357) exited]
[Thread 0x74c3d9934640 (LWP 92355) exited]
[Thread 0x74c3da135640 (LWP 92354) exited]
[Thread 0x74c3da936640 (LWP 92353) exited]
[Thread 0x74c3db7fe640 (LWP 92352) exited]
[Thread 0x74c3d35ff640 (LWP 92351) exited]
[Thread 0x74c3dbfff640 (LWP 92350) exited]
[Thread 0x74c3f08e7640 (LWP 92349) exited]
[Thread 0x74c3f10e8640 (LWP 92348) exited]
[Thread 0x74c3f18e9640 (LWP 92347) exited]
[Thread 0x74c3f20ea640 (LWP 92346) exited]
[Thread 0x74c3f28eb640 (LWP 92345) exited]
[Thread 0x74c3f2991a00 (LWP 92341) exited]
[Thread 0x74c3d9133640 (LWP 92356) exited]
[New process 92341]
[Inferior 1 (process 92341) exited normally]
(gdb) No stack.
(gdb) 