Attaching to process 91729
[New LWP 91733]
[New LWP 91734]
[New LWP 91735]
[New LWP 91736]
[New LWP 91737]
[New LWP 91738]
[New LWP 91739]
[New LWP 91740]
[New LWP 91741]
[New LWP 91742]
[New LWP 91743]
[New LWP 91744]
[New LWP 91745]
[New LWP 91746]
[New LWP 91747]
[New LWP 91748]
[New LWP 91749]
[New LWP 91750]
[New LWP 91751]
[New LWP 91752]
[New LWP 91753]
[New LWP 91754]
[Thread debugging using libthread_db enabled]
Using host libthread_db library "/lib/x86_64-linux-gnu/libthread_db.so.1".
0x00007dd3253857f8 in __GI___clock_nanosleep (clock_id=clock_id@entry=0, flags=flags@entry=0, req=req@entry=0x7ffdff1ab520, rem=rem@entry=0x7ffdff1ab520) at ../sysdeps/unix/sysv/linux/clock_nanosleep.c:78
78	../sysdeps/unix/sysv/linux/clock_nanosleep.c: No such file or directory.
(gdb) (gdb) Continuing.
[Thread 0x7dd2f5e3d640 (LWP 91751) exited]
[Thread 0x7dd2f563c640 (LWP 91752) exited]
[Thread 0x7dd2effff640 (LWP 91754) exited]
[Thread 0x7dd2f4e3b640 (LWP 91753) exited]
[Thread 0x7dd2fa7fc640 (LWP 91750) exited]
[Thread 0x7dd2faffd640 (LWP 91749) exited]
[Thread 0x7dd2fb7fe640 (LWP 91748) exited]
[Thread 0x7dd2fbfff640 (LWP 91747) exited]
[Thread 0x7dd318ff9640 (LWP 91746) exited]
[Thread 0x7dd3197fa640 (LWP 91745) exited]
[Thread 0x7dd319ffb640 (LWP 91744) exited]
[Thread 0x7dd31a7fc640 (LWP 91743) exited]
[Thread 0x7dd31affd640 (LWP 91742) exited]
[Thread 0x7dd31b7fe640 (LWP 91741) exited]
[Thread 0x7dd3215ff640 (LWP 91740) exited]
[Thread 0x7dd321e00640 (LWP 91739) exited]
[Thread 0x7dd322601640 (LWP 91738) exited]
[Thread 0x7dd322e02640 (LWP 91737) exited]
[Thread 0x7dd323603640 (LWP 91736) exited]
[Thread 0x7dd323e04640 (LWP 91735) exited]
[Thread 0x7dd31bfff640 (LWP 91734) exited]
[Thread 0x7dd324605640 (LWP 91733) exited]
[Inferior 1 (process 91729) exited normally]
(gdb) No stack.
(gdb) 