Attaching to process 2802630
[New LWP 2802634]
[New LWP 2802635]
[New LWP 2802636]
[New LWP 2802637]
[New LWP 2802638]
[New LWP 2802639]
[New LWP 2802640]
[New LWP 2802641]
[New LWP 2802642]
[New LWP 2802643]
[New LWP 2802644]
[New LWP 2802645]
[New LWP 2802646]
[New LWP 2802647]
[New LWP 2802648]
[New LWP 2802649]
[New LWP 2802650]
[New LWP 2802651]
[New LWP 2802652]
[New LWP 2802653]
[New LWP 2802654]
[New LWP 2802655]
[Thread debugging using libthread_db enabled]
Using host libthread_db library "/lib/x86_64-linux-gnu/libthread_db.so.1".
0x000076239d5277f8 in __GI___clock_nanosleep (clock_id=clock_id@entry=0, flags=flags@entry=0, req=req@entry=0x7ffdf82905a0, rem=rem@entry=0x7ffdf82905a0) at ../sysdeps/unix/sysv/linux/clock_nanosleep.c:78
78	../sysdeps/unix/sysv/linux/clock_nanosleep.c: No such file or directory.
(gdb) (gdb) Continuing.
[Thread 0x76236dffa640 (LWP 2802652) exited]
[Thread 0x76236d7f9640 (LWP 2802653) exited]
[Thread 0x76236ce0d640 (LWP 2802654) exited]
[Thread 0x762372ffd640 (LWP 2802651) exited]
[Thread 0x7623737fe640 (LWP 2802650) exited]
[Thread 0x762373fff640 (LWP 2802649) exited]
[Thread 0x762378c73640 (LWP 2802648) exited]
[Thread 0x762379474640 (LWP 2802647) exited]
[Thread 0x762379c75640 (LWP 2802646) exited]
[Thread 0x76237a7fc640 (LWP 2802645) exited]
[Thread 0x76237affd640 (LWP 2802644) exited]
[Thread 0x76237b7fe640 (LWP 2802643) exited]
[Thread 0x76237bfff640 (LWP 2802642) exited]
[Thread 0x762398fa0640 (LWP 2802641) exited]
[Thread 0x7623997a1640 (LWP 2802640) exited]
[Thread 0x762399fa2640 (LWP 2802639) exited]
[Thread 0x76239a7a3640 (LWP 2802638) exited]
[Thread 0x76239afa4640 (LWP 2802637) exited]
[Thread 0x76239b7a5640 (LWP 2802636) exited]
[Thread 0x76239bfa6640 (LWP 2802635) exited]
[Thread 0x76239c7a7640 (LWP 2802634) exited]
[Thread 0x76239c84da00 (LWP 2802630) exited]
[Thread 0x762367fff640 (LWP 2802655) exited]
[New process 2802630]
[Inferior 1 (process 2802630) exited normally]
(gdb) (gdb) No stack.
