Attaching to process 648239
[New LWP 648254]
[New LWP 648255]
[New LWP 648256]
[New LWP 648257]
[New LWP 648258]
[New LWP 648259]
[New LWP 648260]
[New LWP 648262]
[New LWP 648303]
[New LWP 648304]
[New LWP 648305]
[New LWP 648306]
[New LWP 648307]
[New LWP 648308]
[New LWP 648309]
[New LWP 648310]
[New LWP 648311]
[New LWP 648312]
[New LWP 648313]
[New LWP 648314]
[New LWP 648315]
[New LWP 648316]
[Thread debugging using libthread_db enabled]
Using host libthread_db library "/lib/x86_64-linux-gnu/libthread_db.so.1".
0x00007c1fee48d7f8 in __GI___clock_nanosleep (clock_id=clock_id@entry=0, flags=flags@entry=0, req=req@entry=0x7ffd58610a60, rem=rem@entry=0x7ffd58610a60) at ../sysdeps/unix/sysv/linux/clock_nanosleep.c:78
78	../sysdeps/unix/sysv/linux/clock_nanosleep.c: No such file or directory.
(gdb) (gdb) Continuing.
[Thread 0x7c1fbef2a640 (LWP 648313) exited]
[Thread 0x7c1fbe729640 (LWP 648314) exited]
[Thread 0x7c1fbd727640 (LWP 648316) exited]
[Thread 0x7c1fbdf28640 (LWP 648315) exited]
[Thread 0x7c1fc3fff640 (LWP 648312) exited]
[Thread 0x7c1fd4c73640 (LWP 648311) exited]
[Thread 0x7c1fd5474640 (LWP 648310) exited]
[Thread 0x7c1fd5c75640 (LWP 648309) exited]
[Thread 0x7c1fd6476640 (LWP 648308) exited]
[Thread 0x7c1fd6c77640 (LWP 648307) exited]
[Thread 0x7c1fd77fe640 (LWP 648306) exited]
[Thread 0x7c1fd7fff640 (LWP 648305) exited]
[Thread 0x7c1fe883d640 (LWP 648304) exited]
[Thread 0x7c1fe903e640 (LWP 648303) exited]
[Thread 0x7c1fe9f06640 (LWP 648262) exited]
[Thread 0x7c1fea707640 (LWP 648260) exited]
[Thread 0x7c1feaf08640 (LWP 648259) exited]
[Thread 0x7c1feb709640 (LWP 648258) exited]
[Thread 0x7c1febf0a640 (LWP 648257) exited]
[Thread 0x7c1fec70b640 (LWP 648256) exited]
[Thread 0x7c1fecf0c640 (LWP 648255) exited]
[Thread 0x7c1fed70d640 (LWP 648254) exited]
No stack.
[Inferior 1 (process 648239) exited normally]
(gdb) (gdb) 