Attaching to process 648359
[New LWP 648363]
[New LWP 648364]
[New LWP 648365]
[New LWP 648366]
[New LWP 648367]
[New LWP 648368]
[New LWP 648369]
[New LWP 648370]
[New LWP 648372]
[New LWP 648373]
[New LWP 648374]
[New LWP 648375]
[New LWP 648376]
[New LWP 648377]
[New LWP 648378]
[New LWP 648379]
[New LWP 648380]
[New LWP 648381]
[New LWP 648382]
[New LWP 648383]
[New LWP 648384]
[New LWP 648385]
78	../sysdeps/unix/sysv/linux/clock_nanosleep.c: No such file or directory.
[Thread debugging using libthread_db enabled]
Using host libthread_db library "/lib/x86_64-linux-gnu/libthread_db.so.1".
0x00007e95f6c7a7f8 in __GI___clock_nanosleep (clock_id=clock_id@entry=0, flags=flags@entry=0, req=req@entry=0x7ffe543a4590, rem=rem@entry=0x7ffe543a4590) at ../sysdeps/unix/sysv/linux/clock_nanosleep.c:78
(gdb) (gdb) Continuing.
[Thread 0x7e95c76b3640 (LWP 648382) exited]
[Thread 0x7e95c6eb2640 (LWP 648383) exited]
[Thread 0x7e95c5ced640 (LWP 648385) exited]
[Thread 0x7e95c64ee640 (LWP 648384) exited]
[Thread 0x7e95cffff640 (LWP 648381) exited]
[Thread 0x7e95dcdfa640 (LWP 648380) exited]
[Thread 0x7e95dd5fb640 (LWP 648379) exited]
[Thread 0x7e95dddfc640 (LWP 648378) exited]
[Thread 0x7e95de5fd640 (LWP 648377) exited]
[Thread 0x7e95dedfe640 (LWP 648376) exited]
[Thread 0x7e95dffff640 (LWP 648375) exited]
[Thread 0x7e95e4ff9640 (LWP 648374) exited]
[Thread 0x7e95e57fa640 (LWP 648373) exited]
[Thread 0x7e95e5ffb640 (LWP 648372) exited]
[Thread 0x7e95e67fc640 (LWP 648370) exited]
[Thread 0x7e95e6ffd640 (LWP 648369) exited]
[Thread 0x7e95e77fe640 (LWP 648368) exited]
[Thread 0x7e95df5ff640 (LWP 648367) exited]
[Thread 0x7e95e7fff640 (LWP 648366) exited]
[Thread 0x7e95f4ef8640 (LWP 648365) exited]
[Thread 0x7e95f56f9640 (LWP 648364) exited]
[Thread 0x7e95f5efa640 (LWP 648363) exited]
[Inferior 1 (process 648359) exited normally]
(gdb) No stack.
(gdb) 