Attaching to process 2624520
[New LWP 2624553]
[New LWP 2624554]
[New LWP 2624555]
[New LWP 2624556]
[New LWP 2624557]
[New LWP 2624558]
[New LWP 2624559]
[New LWP 2624560]
[New LWP 2624584]
[New LWP 2624585]
[New LWP 2624586]
[New LWP 2624587]
[New LWP 2624588]
[New LWP 2624589]
[New LWP 2624590]
[New LWP 2624591]
[New LWP 2624592]
[New LWP 2624593]
[New LWP 2624594]
[New LWP 2624595]
[New LWP 2624596]
[New LWP 2624597]
78	../sysdeps/unix/sysv/linux/clock_nanosleep.c: No such file or directory.
[Thread debugging using libthread_db enabled]
Using host libthread_db library "/lib/x86_64-linux-gnu/libthread_db.so.1".
0x00007697415a37f8 in __GI___clock_nanosleep (clock_id=clock_id@entry=0, flags=flags@entry=0, req=req@entry=0x7ffe2a516530, rem=rem@entry=0x7ffe2a516530) at ../sysdeps/unix/sysv/linux/clock_nanosleep.c:78
(gdb) (gdb) Continuing.
[Thread 0x769710ff8640 (LWP 2624597) exited]
[Thread 0x7697117f9640 (LWP 2624596) exited]
[Thread 0x769711ffa640 (LWP 2624594) exited]
[Thread 0x769716ffd640 (LWP 2624593) exited]
[Thread 0x7697177fe640 (LWP 2624592) exited]
[Thread 0x769717fff640 (LWP 2624591) exited]
[Thread 0x76972ca75640 (LWP 2624590) exited]
[Thread 0x76972d276640 (LWP 2624589) exited]
[Thread 0x76972da77640 (LWP 2624588) exited]
[Thread 0x76972e5fe640 (LWP 2624587) exited]
[Thread 0x76972f7fe640 (LWP 2624586) exited]
[Thread 0x76972ffff640 (LWP 2624585) exited]
[Thread 0x769734932640 (LWP 2624584) exited]
[Thread 0x7697357fa640 (LWP 2624560) exited]
[Thread 0x769735ffb640 (LWP 2624559) exited]
[Thread 0x7697367fc640 (LWP 2624558) exited]
[Thread 0x769736ffd640 (LWP 2624557) exited]
[Thread 0x76972edff640 (LWP 2624556) exited]
[Thread 0x7697377fe640 (LWP 2624555) exited]
[Thread 0x769737fff640 (LWP 2624554) exited]
[Thread 0x769740823640 (LWP 2624553) exited]
[Thread 0x7697408c9a00 (LWP 2624520) exited]
[Thread 0x7697095ff640 (LWP 2624595) exited]
[New process 2624520]
[Inferior 1 (process 2624520) exited with code 01]
(gdb) No stack.
(gdb) 