Attaching to process 2625064
[New LWP 2625097]
[New LWP 2625098]
[New LWP 2625099]
[New LWP 2625100]
[New LWP 2625101]
[New LWP 2625102]
[New LWP 2625103]
[New LWP 2625104]
[New LWP 2625128]
[New LWP 2625129]
[New LWP 2625130]
[New LWP 2625131]
[New LWP 2625132]
[New LWP 2625133]
[New LWP 2625134]
[New LWP 2625135]
[New LWP 2625136]
[New LWP 2625137]
[New LWP 2625138]
[New LWP 2625139]
[New LWP 2625140]
[New LWP 2625141]
78	../sysdeps/unix/sysv/linux/clock_nanosleep.c: No such file or directory.
[Thread debugging using libthread_db enabled]
Using host libthread_db library "/lib/x86_64-linux-gnu/libthread_db.so.1".
0x0000780180a0d7f8 in __GI___clock_nanosleep (clock_id=clock_id@entry=0, flags=flags@entry=0, req=req@entry=0x7ffc87dc9a10, rem=rem@entry=0x7ffc87dc9a10) at ../sysdeps/unix/sysv/linux/clock_nanosleep.c:78
(gdb) (gdb) Continuing.
[Thread 0x78014bfff640 (LWP 2625141) exited]
[Thread 0x780150cdc640 (LWP 2625140) exited]
[Thread 0x780148bff640 (LWP 2625139) exited]
[Thread 0x7801514dd640 (LWP 2625138) exited]
[Thread 0x780155ffb640 (LWP 2625137) exited]
[Thread 0x7801567fc640 (LWP 2625136) exited]
[Thread 0x780156ffd640 (LWP 2625135) exited]
[Thread 0x7801577fe640 (LWP 2625134) exited]
[Thread 0x780157fff640 (LWP 2625133) exited]
[Thread 0x78015cf0c640 (LWP 2625132) exited]
[Thread 0x78015da93640 (LWP 2625131) exited]
[Thread 0x78015e294640 (LWP 2625130) exited]
[Thread 0x78015ea95640 (LWP 2625129) exited]
[Thread 0x78015f296640 (LWP 2625128) exited]
[Thread 0x78015ffff640 (LWP 2625104) exited]
[Thread 0x78017cc87640 (LWP 2625103) exited]
[Thread 0x78017d488640 (LWP 2625102) exited]
[Thread 0x78017dc89640 (LWP 2625101) exited]
[Thread 0x78017e48a640 (LWP 2625100) exited]
[Thread 0x78017ec8b640 (LWP 2625099) exited]
[Thread 0x78017f48c640 (LWP 2625098) exited]
[Thread 0x78017fc8d640 (LWP 2625097) exited]
[Inferior 1 (process 2625064) exited with code 01]
(gdb) (gdb) No stack.
