Attaching to process 2625608
[New LWP 2625637]
[New LWP 2625638]
[New LWP 2625639]
[New LWP 2625641]
[New LWP 2625642]
[New LWP 2625643]
[New LWP 2625645]
[New LWP 2625648]
[New LWP 2625672]
[New LWP 2625673]
[New LWP 2625674]
[New LWP 2625675]
[New LWP 2625676]
[New LWP 2625677]
[New LWP 2625678]
[New LWP 2625679]
[New LWP 2625680]
[New LWP 2625681]
[New LWP 2625682]
[New LWP 2625683]
[New LWP 2625684]
[New LWP 2625685]
[Thread debugging using libthread_db enabled]
Using host libthread_db library "/lib/x86_64-linux-gnu/libthread_db.so.1".
0x00007a30436467f8 in __GI___clock_nanosleep (clock_id=clock_id@entry=0, flags=flags@entry=0, req=req@entry=0x7ffef5b845d0, rem=rem@entry=0x7ffef5b845d0) at ../sysdeps/unix/sysv/linux/clock_nanosleep.c:78
78	../sysdeps/unix/sysv/linux/clock_nanosleep.c: No such file or directory.
(gdb) (gdb) Continuing.
[Thread 0x7a30127fc640 (LWP 2625685) exited]
[Thread 0x7a3012ffd640 (LWP 2625684) exited]
[Thread 0x7a30137fe640 (LWP 2625683) exited]
[Thread 0x7a3013fff640 (LWP 2625682) exited]
[Thread 0x7a3020ff9640 (LWP 2625681) exited]
[Thread 0x7a30217fa640 (LWP 2625680) exited]
[Thread 0x7a3021ffb640 (LWP 2625679) exited]
[Thread 0x7a30227fc640 (LWP 2625678) exited]
[Thread 0x7a3022ffd640 (LWP 2625677) exited]
[Thread 0x7a30237fe640 (LWP 2625676) exited]
[Thread 0x7a3029133640 (LWP 2625675) exited]
[Thread 0x7a3029934640 (LWP 2625674) exited]
[Thread 0x7a302a135640 (LWP 2625673) exited]
[Thread 0x7a302a936640 (LWP 2625672) exited]
[Thread 0x7a302b7fe640 (LWP 2625648) exited]
[Thread 0x7a3023fff640 (LWP 2625645) exited]
[Thread 0x7a302bfff640 (LWP 2625643) exited]
[Thread 0x7a30408c2640 (LWP 2625642) exited]
[Thread 0x7a30410c3640 (LWP 2625641) exited]
[Thread 0x7a30418c4640 (LWP 2625639) exited]
[Thread 0x7a30420c5640 (LWP 2625638) exited]
[Thread 0x7a30428c6640 (LWP 2625637) exited]
[Inferior 1 (process 2625608) exited with code 01]
(gdb) No stack.
(gdb) 