Attaching to process 3440032
[New LWP 3440036]
[New LWP 3440037]
[New LWP 3440038]
[New LWP 3440039]
[New LWP 3440040]
[New LWP 3440041]
[New LWP 3440042]
[New LWP 3440043]
[New LWP 3440045]
[New LWP 3440046]
[New LWP 3440047]
[New LWP 3440048]
[New LWP 3440049]
[New LWP 3440050]
[New LWP 3440051]
[New LWP 3440052]
[New LWP 3440053]
[New LWP 3440054]
[New LWP 3440055]
[New LWP 3440056]
[New LWP 3440057]
[New LWP 3440058]
78	../sysdeps/unix/sysv/linux/clock_nanosleep.c: No such file or directory.
[Thread debugging using libthread_db enabled]
Using host libthread_db library "/lib/x86_64-linux-gnu/libthread_db.so.1".
0x00007885cc0167f8 in __GI___clock_nanosleep (clock_id=clock_id@entry=0, flags=flags@entry=0, req=req@entry=0x7ffd83ba25e0, rem=rem@entry=0x7ffd83ba25e0) at ../sysdeps/unix/sysv/linux/clock_nanosleep.c:78
(gdb) (gdb) Continuing.
[Thread 0x78859caf1640 (LWP 3440055) exited]
[Thread 0x78859c2f0640 (LWP 3440056) exited]
[Thread 0x7885a37fe640 (LWP 3440050) exited]
[Thread 0x78859b2c6640 (LWP 3440058) exited]
[Thread 0x78859baef640 (LWP 3440057) exited]
[Thread 0x7885a17fa640 (LWP 3440054) exited]
[Thread 0x7885a1ffb640 (LWP 3440053) exited]
[Thread 0x7885a27fc640 (LWP 3440052) exited]
[Thread 0x7885a2ffd640 (LWP 3440051) exited]
[Thread 0x7885a3fff640 (LWP 3440049) exited]
[Thread 0x7885a9292640 (LWP 3440048) exited]
[Thread 0x7885a9a93640 (LWP 3440047) exited]
[Thread 0x7885aa294640 (LWP 3440046) exited]
[Thread 0x7885ab7fe640 (LWP 3440043) exited]
[Thread 0x7885abfff640 (LWP 3440042) exited]
[Thread 0x7885c8a91640 (LWP 3440041) exited]
[Thread 0x7885c9292640 (LWP 3440040) exited]
[Thread 0x7885c9a93640 (LWP 3440039) exited]
[Thread 0x7885ca294640 (LWP 3440038) exited]
[Thread 0x7885caa95640 (LWP 3440037) exited]
[Thread 0x7885cb296640 (LWP 3440036) exited]
[Thread 0x7885cb33ca00 (LWP 3440032) exited]
[Thread 0x7885aaa95640 (LWP 3440045) exited]
[New process 3440032]
[Inferior 1 (process 3440032) exited normally]
(gdb) No stack.
(gdb) 