Attaching to process 1535111
[New LWP 1535144]
[New LWP 1535145]
[New LWP 1535146]
[New LWP 1535147]
[New LWP 1535148]
[New LWP 1535149]
[New LWP 1535150]
[New LWP 1535151]
[New LWP 1535175]
[New LWP 1535176]
[New LWP 1535177]
[New LWP 1535178]
[New LWP 1535179]
[New LWP 1535180]
[New LWP 1535181]
[New LWP 1535182]
[New LWP 1535183]
[New LWP 1535184]
[New LWP 1535205]
[New LWP 1535206]
[New LWP 1535207]
[New LWP 1535208]
78	../sysdeps/unix/sysv/linux/clock_nanosleep.c: No such file or directory.
[Thread debugging using libthread_db enabled]
Using host libthread_db library "/lib/x86_64-linux-gnu/libthread_db.so.1".
0x00007abe79c297f8 in __GI___clock_nanosleep (clock_id=clock_id@entry=0, flags=flags@entry=0, req=req@entry=0x7fff9c634e50, rem=rem@entry=0x7fff9c634e50) at ../sysdeps/unix/sysv/linux/clock_nanosleep.c:78
(gdb) (gdb) Continuing.
[Thread 0x7abe4a645640 (LWP 1535205) exited]
[Thread 0x7abe49e44640 (LWP 1535206) exited]
[Thread 0x7abe48c7f640 (LWP 1535208) exited]
[Thread 0x7abe49643640 (LWP 1535207) exited]
[Thread 0x7abe52ffd640 (LWP 1535184) exited]
[Thread 0x7abe537fe640 (LWP 1535183) exited]
[Thread 0x7abe53fff640 (LWP 1535182) exited]
[Thread 0x7abe68dfa640 (LWP 1535181) exited]
[Thread 0x7abe695fb640 (LWP 1535180) exited]
[Thread 0x7abe69dfc640 (LWP 1535179) exited]
[Thread 0x7abe6a5fd640 (LWP 1535178) exited]
[Thread 0x7abe6bfff640 (LWP 1535176) exited]
[Thread 0x7abe70a91640 (LWP 1535175) exited]
[Thread 0x7abe717fa640 (LWP 1535151) exited]
[Thread 0x7abe71ffb640 (LWP 1535150) exited]
[Thread 0x7abe727fc640 (LWP 1535149) exited]
[Thread 0x7abe72ffd640 (LWP 1535148) exited]
[Thread 0x7abe737fe640 (LWP 1535147) exited]
[Thread 0x7abe6b5ff640 (LWP 1535146) exited]
[Thread 0x7abe73fff640 (LWP 1535145) exited]
[Thread 0x7abe78ea9640 (LWP 1535144) exited]
[Thread 0x7abe78f4fa00 (LWP 1535111) exited]
[Thread 0x7abe6adfe640 (LWP 1535177) exited]
[New process 1535111]
[Inferior 1 (process 1535111) exited normally]
(gdb) No stack.
(gdb) 