Attaching to process 1629367
[New LWP 1629371]
[New LWP 1629372]
[New LWP 1629373]
[New LWP 1629374]
[New LWP 1629375]
[New LWP 1629376]
[New LWP 1629377]
[New LWP 1629378]
[New LWP 1629379]
[New LWP 1629380]
[New LWP 1629381]
[New LWP 1629382]
[New LWP 1629383]
[New LWP 1629384]
[New LWP 1629385]
[New LWP 1629386]
[New LWP 1629387]
[New LWP 1629388]
[New LWP 1629389]
[New LWP 1629390]
[New LWP 1629391]
[New LWP 1629392]
[Thread debugging using libthread_db enabled]
Using host libthread_db library "/lib/x86_64-linux-gnu/libthread_db.so.1".
0x00007b5444a3f7f8 in __GI___clock_nanosleep (clock_id=clock_id@entry=0, flags=flags@entry=0, req=req@entry=0x7ffed7b70550, rem=rem@entry=0x7ffed7b70550) at ../sysdeps/unix/sysv/linux/clock_nanosleep.c:78
78	../sysdeps/unix/sysv/linux/clock_nanosleep.c: No such file or directory.
(gdb) (gdb) Continuing.
[Thread 0x7b5415496640 (LWP 1629389) exited]
[Thread 0x7b540ffff640 (LWP 1629390) exited]
[Thread 0x7b540f7fe640 (LWP 1629392) exited]
[Thread 0x7b5414c95640 (LWP 1629391) exited]
[Thread 0x7b5419ffb640 (LWP 1629388) exited]
[Thread 0x7b541a7fc640 (LWP 1629387) exited]
[Thread 0x7b541affd640 (LWP 1629386) exited]
[Thread 0x7b541b7fe640 (LWP 1629385) exited]
[Thread 0x7b541bfff640 (LWP 1629384) exited]
[Thread 0x7b5438bfb640 (LWP 1629383) exited]
[Thread 0x7b54393fc640 (LWP 1629382) exited]
[Thread 0x7b5439bfd640 (LWP 1629381) exited]
[Thread 0x7b543a3fe640 (LWP 1629380) exited]
[Thread 0x7b5440cb9640 (LWP 1629378) exited]
[Thread 0x7b54414ba640 (LWP 1629377) exited]
[Thread 0x7b5441cbb640 (LWP 1629376) exited]
[Thread 0x7b54424bc640 (LWP 1629375) exited]
[Thread 0x7b5442cbd640 (LWP 1629374) exited]
[Thread 0x7b543abff640 (LWP 1629373) exited]
[Thread 0x7b54434be640 (LWP 1629372) exited]
[Thread 0x7b5443cbf640 (LWP 1629371) exited]
[Thread 0x7b5443d65a00 (LWP 1629367) exited]
[Thread 0x7b543ba97640 (LWP 1629379) exited]
[New process 1629367]
[Inferior 1 (process 1629367) exited normally]
(gdb) No stack.
(gdb) 