Attaching to process 827532
[New LWP 827536]
[New LWP 827537]
[New LWP 827538]
[New LWP 827539]
[New LWP 827540]
[New LWP 827541]
[New LWP 827542]
[New LWP 827543]
[New LWP 827544]
[New LWP 827545]
[New LWP 827546]
[New LWP 827547]
[New LWP 827548]
[New LWP 827549]
[New LWP 827550]
[New LWP 827551]
[New LWP 827552]
[New LWP 827553]
[New LWP 827554]
[New LWP 827555]
[New LWP 827556]
[New LWP 827557]
[Thread debugging using libthread_db enabled]
Using host libthread_db library "/lib/x86_64-linux-gnu/libthread_db.so.1".
0x00007b44a1f1a7f8 in __GI___clock_nanosleep (clock_id=clock_id@entry=0, flags=flags@entry=0, req=req@entry=0x7ffebebca3c0, rem=rem@entry=0x7ffebebca3c0) at ../sysdeps/unix/sysv/linux/clock_nanosleep.c:78
78	../sysdeps/unix/sysv/linux/clock_nanosleep.c: No such file or directory.
(gdb) (gdb) Continuing.
[Thread 0x7b4476949640 (LWP 827554) exited]
[Thread 0x7b4476148640 (LWP 827555) exited]
[Thread 0x7b4475146640 (LWP 827557) exited]
[Thread 0x7b4475947640 (LWP 827556) exited]
[Thread 0x7b447f7fe640 (LWP 827553) exited]
[Thread 0x7b447ffff640 (LWP 827552) exited]
[Thread 0x7b4494c72640 (LWP 827551) exited]
[Thread 0x7b4495473640 (LWP 827550) exited]
[Thread 0x7b4495c74640 (LWP 827549) exited]
[Thread 0x7b4496475640 (LWP 827548) exited]
[Thread 0x7b4496ffc640 (LWP 827547) exited]
[Thread 0x7b44977fd640 (LWP 827546) exited]
[Thread 0x7b4497ffe640 (LWP 827545) exited]
[Thread 0x7b4499ffb640 (LWP 827543) exited]
[Thread 0x7b449a7fc640 (LWP 827542) exited]
[Thread 0x7b449affd640 (LWP 827541) exited]
[Thread 0x7b449b7fe640 (LWP 827540) exited]
[Thread 0x7b449bfff640 (LWP 827539) exited]
[Thread 0x7b44a0999640 (LWP 827538) exited]
[Thread 0x7b44987ff640 (LWP 827537) exited]
[Thread 0x7b44a119a640 (LWP 827536) exited]
[Thread 0x7b44a1240a00 (LWP 827532) exited]
[Thread 0x7b4499292640 (LWP 827544) exited]
[New process 827532]
[Inferior 1 (process 827532) exited normally]
(gdb) No stack.
(gdb) 