Attaching to process 1543140
[New LWP 1543144]
[New LWP 1543145]
[New LWP 1543146]
[New LWP 1543147]
[New LWP 1543148]
[New LWP 1543149]
[New LWP 1543150]
[New LWP 1543151]
[New LWP 1543152]
[New LWP 1543153]
[New LWP 1543154]
[New LWP 1543155]
[New LWP 1543156]
[New LWP 1543157]
[New LWP 1543158]
[New LWP 1543159]
[New LWP 1543160]
[New LWP 1543161]
[New LWP 1543162]
[New LWP 1543163]
[New LWP 1543164]
[New LWP 1543165]
78	../sysdeps/unix/sysv/linux/clock_nanosleep.c: No such file or directory.
[Thread debugging using libthread_db enabled]
Using host libthread_db library "/lib/x86_64-linux-gnu/libthread_db.so.1".
0x00007722714a67f8 in __GI___clock_nanosleep (clock_id=clock_id@entry=0, flags=flags@entry=0, req=req@entry=0x7ffe441338f0, rem=rem@entry=0x7ffe441338f0) at ../sysdeps/unix/sysv/linux/clock_nanosleep.c:78
(gdb) (gdb) Continuing.
[Thread 0x772241f28640 (LWP 1543162) exited]
[Thread 0x772241727640 (LWP 1543163) exited]
[Thread 0x77223bfff640 (LWP 1543165) exited]
[Thread 0x772238dff640 (LWP 1543164) exited]
[Thread 0x772246ffd640 (LWP 1543161) exited]
[Thread 0x7722477fe640 (LWP 1543160) exited]
[Thread 0x772247fff640 (LWP 1543159) exited]
[Thread 0x772264a73640 (LWP 1543158) exited]
[Thread 0x772265274640 (LWP 1543157) exited]
[Thread 0x772265a75640 (LWP 1543156) exited]
[Thread 0x7722665fc640 (LWP 1543155) exited]
[Thread 0x7722675fe640 (LWP 1543153) exited]
[Thread 0x77226c858640 (LWP 1543152) exited]
[Thread 0x77226d720640 (LWP 1543151) exited]
[Thread 0x77226df21640 (LWP 1543150) exited]
[Thread 0x77226e722640 (LWP 1543149) exited]
[Thread 0x77226ef23640 (LWP 1543148) exited]
[Thread 0x77226f724640 (LWP 1543147) exited]
[Thread 0x77226ff25640 (LWP 1543146) exited]
[Thread 0x772267dff640 (LWP 1543145) exited]
[Thread 0x772270726640 (LWP 1543144) exited]
[Thread 0x7722707cca00 (LWP 1543140) exited]
[Thread 0x772266dfd640 (LWP 1543154) exited]
[New process 1543140]
[Inferior 1 (process 1543140) exited normally]
(gdb) (gdb) No stack.
