Attaching to process 1542527
[New LWP 1542531]
[New LWP 1542532]
[New LWP 1542533]
[New LWP 1542534]
[New LWP 1542535]
[New LWP 1542536]
[New LWP 1542537]
[New LWP 1542538]
[New LWP 1542539]
[New LWP 1542540]
[New LWP 1542541]
[New LWP 1542542]
[New LWP 1542543]
[New LWP 1542544]
[New LWP 1542545]
[New LWP 1542546]
[New LWP 1542547]
[New LWP 1542548]
[New LWP 1542549]
[New LWP 1542550]
[New LWP 1542551]
[New LWP 1542552]
[Thread debugging using libthread_db enabled]
Using host libthread_db library "/lib/x86_64-linux-gnu/libthread_db.so.1".
0x00007ad7bf04f7f8 in __GI___clock_nanosleep (clock_id=clock_id@entry=0, flags=flags@entry=0, req=req@entry=0x7ffcb8f692f0, rem=rem@entry=0x7ffcb8f692f0) at ../sysdeps/unix/sysv/linux/clock_nanosleep.c:78
78	../sysdeps/unix/sysv/linux/clock_nanosleep.c: No such file or directory.
(gdb) (gdb) Continuing.
[Thread 0x7ad78faf3640 (LWP 1542549) exited]
[Thread 0x7ad78f2f2640 (LWP 1542550) exited]
[Thread 0x7ad78e2f0640 (LWP 1542552) exited]
[Thread 0x7ad794c73640 (LWP 1542548) exited]
[Thread 0x7ad795474640 (LWP 1542547) exited]
[Thread 0x7ad795c75640 (LWP 1542546) exited]
[Thread 0x7ad796476640 (LWP 1542545) exited]
[Thread 0x7ad796c77640 (LWP 1542544) exited]
[Thread 0x7ad797478640 (LWP 1542543) exited]
[Thread 0x7ad797fff640 (LWP 1542542) exited]
[Thread 0x7ad7b4a91640 (LWP 1542541) exited]
[Thread 0x7ad7b5292640 (LWP 1542540) exited]
[Thread 0x7ad7b5a93640 (LWP 1542539) exited]
[Thread 0x7ad7b67fc640 (LWP 1542538) exited]
[Thread 0x7ad7b6ffd640 (LWP 1542537) exited]
[Thread 0x7ad7b77fe640 (LWP 1542536) exited]
[Thread 0x7ad7bcacc640 (LWP 1542535) exited]
[Thread 0x7ad7bd2cd640 (LWP 1542534) exited]
[Thread 0x7ad7bdace640 (LWP 1542533) exited]
[Thread 0x7ad7b7fff640 (LWP 1542532) exited]
[Thread 0x7ad7be2cf640 (LWP 1542531) exited]
[Thread 0x7ad7be375a00 (LWP 1542527) exited]
[Thread 0x7ad78eaf1640 (LWP 1542551) exited]
[New process 1542527]
[Inferior 1 (process 1542527) exited normally]
(gdb) No stack.
(gdb) 