Attaching to process 1592270
[New LWP 1592303]
[New LWP 1592304]
[New LWP 1592305]
[New LWP 1592306]
[New LWP 1592307]
[New LWP 1592308]
[New LWP 1592309]
[New LWP 1592310]
[New LWP 1592334]
[New LWP 1592335]
[New LWP 1592336]
[New LWP 1592337]
[New LWP 1592338]
[New LWP 1592339]
[New LWP 1592340]
[New LWP 1592341]
[New LWP 1592342]
[New LWP 1592343]
[New LWP 1592344]
[New LWP 1592345]
[New LWP 1592346]
[New LWP 1592347]
78	../sysdeps/unix/sysv/linux/clock_nanosleep.c: No such file or directory.
[Thread debugging using libthread_db enabled]
Using host libthread_db library "/lib/x86_64-linux-gnu/libthread_db.so.1".
0x00007c48cac817f8 in __GI___clock_nanosleep (clock_id=clock_id@entry=0, flags=flags@entry=0, req=req@entry=0x7ffc578b8b30, rem=rem@entry=0x7ffc578b8b30) at ../sysdeps/unix/sysv/linux/clock_nanosleep.c:78
(gdb) (gdb) Continuing.
[Thread 0x7c489b723640 (LWP 1592344) exited]
[Thread 0x7c489af22640 (LWP 1592345) exited]
[Thread 0x7c4899d5d640 (LWP 1592347) exited]
[Thread 0x7c489a721640 (LWP 1592346) exited]
[Thread 0x7c48a07f8640 (LWP 1592343) exited]
[Thread 0x7c48a0ff9640 (LWP 1592342) exited]
[Thread 0x7c48a17fa640 (LWP 1592341) exited]
[Thread 0x7c48a1ffb640 (LWP 1592340) exited]
[Thread 0x7c48a27fc640 (LWP 1592339) exited]
[Thread 0x7c48a2ffd640 (LWP 1592338) exited]
[Thread 0x7c48a37fe640 (LWP 1592337) exited]
[Thread 0x7c48a3fff640 (LWP 1592336) exited]
[Thread 0x7c48b8ff9640 (LWP 1592335) exited]
[Thread 0x7c48b97fa640 (LWP 1592334) exited]
[Thread 0x7c48b9ffb640 (LWP 1592310) exited]
[Thread 0x7c48ba7fc640 (LWP 1592309) exited]
[Thread 0x7c48baffd640 (LWP 1592308) exited]
[Thread 0x7c48bb7fe640 (LWP 1592307) exited]
[Thread 0x7c48bbfff640 (LWP 1592306) exited]
[Thread 0x7c48c8eff640 (LWP 1592305) exited]
[Thread 0x7c48c9700640 (LWP 1592304) exited]
[Thread 0x7c48c9f01640 (LWP 1592303) exited]
[Inferior 1 (process 1592270) exited normally]
(gdb) No stack.
(gdb) 