Attaching to process 1592390
[New LWP 1592394]
[New LWP 1592395]
[New LWP 1592396]
[New LWP 1592397]
[New LWP 1592398]
[New LWP 1592399]
[New LWP 1592400]
[New LWP 1592401]
[New LWP 1592403]
[New LWP 1592404]
[New LWP 1592405]
[New LWP 1592406]
[New LWP 1592407]
[New LWP 1592408]
[New LWP 1592409]
[New LWP 1592410]
[New LWP 1592411]
[New LWP 1592412]
[New LWP 1592413]
[New LWP 1592414]
[New LWP 1592415]
[New LWP 1592416]
[Thread debugging using libthread_db enabled]
Using host libthread_db library "/lib/x86_64-linux-gnu/libthread_db.so.1".
0x00007f184df267f8 in __GI___clock_nanosleep (clock_id=clock_id@entry=0, flags=flags@entry=0, req=req@entry=0x7ffe0b4fe170, rem=rem@entry=0x7ffe0b4fe170) at ../sysdeps/unix/sysv/linux/clock_nanosleep.c:78
78	../sysdeps/unix/sysv/linux/clock_nanosleep.c: No such file or directory.
(gdb) (gdb) Continuing.
[Thread 0x7f181e9a0640 (LWP 1592413) exited]
[Thread 0x7f181e19f640 (LWP 1592414) exited]
[Thread 0x7f181cfda640 (LWP 1592416) exited]
[Thread 0x7f181d99e640 (LWP 1592415) exited]
[Thread 0x7f18237fe640 (LWP 1592412) exited]
[Thread 0x7f1823fff640 (LWP 1592411) exited]
[Thread 0x7f1828c73640 (LWP 1592410) exited]
[Thread 0x7f1829474640 (LWP 1592409) exited]
[Thread 0x7f1829c75640 (LWP 1592408) exited]
[Thread 0x7f182a476640 (LWP 1592407) exited]
[Thread 0x7f182affd640 (LWP 1592406) exited]
[Thread 0x7f182b7fe640 (LWP 1592405) exited]
[Thread 0x7f182bfff640 (LWP 1592404) exited]
[Thread 0x7f1844a91640 (LWP 1592403) exited]
[Thread 0x7f18457fa640 (LWP 1592401) exited]
[Thread 0x7f18467fc640 (LWP 1592399) exited]
[Thread 0x7f1846ffd640 (LWP 1592398) exited]
[Thread 0x7f18477fe640 (LWP 1592397) exited]
[Thread 0x7f1847fff640 (LWP 1592396) exited]
[Thread 0x7f184c9a5640 (LWP 1592395) exited]
[Thread 0x7f184d1a6640 (LWP 1592394) exited]
[Thread 0x7f184d24ca00 (LWP 1592390) exited]
[Thread 0x7f1845ffb640 (LWP 1592400) exited]
[New process 1592390]
[Inferior 1 (process 1592390) exited normally]
(gdb) (gdb) No stack.
