Attaching to process 3123200
[New LWP 3123221]
[New LWP 3123222]
[New LWP 3123223]
[New LWP 3123224]
[New LWP 3123225]
[New LWP 3123226]
[New LWP 3123227]
[New LWP 3123229]
[New LWP 3123264]
[New LWP 3123265]
[New LWP 3123266]
[New LWP 3123267]
[New LWP 3123268]
[New LWP 3123269]
[New LWP 3123270]
[New LWP 3123271]
[New LWP 3123272]
[New LWP 3123273]
[New LWP 3123274]
[New LWP 3123275]
[New LWP 3123276]
[New LWP 3123277]
[Thread debugging using libthread_db enabled]
Using host libthread_db library "/lib/x86_64-linux-gnu/libthread_db.so.1".
0x00007b1f1fc9f7f8 in __GI___clock_nanosleep (clock_id=clock_id@entry=0, flags=flags@entry=0, req=req@entry=0x7fff08724890, rem=rem@entry=0x7fff08724890) at ../sysdeps/unix/sysv/linux/clock_nanosleep.c:78
78	../sysdeps/unix/sysv/linux/clock_nanosleep.c: No such file or directory.
(gdb) (gdb) Continuing.
[Thread 0x7b1ef076b640 (LWP 3123274) exited]
[Thread 0x7b1eeff6a640 (LWP 3123275) exited]
[Thread 0x7b1eef769640 (LWP 3123276) exited]
[Thread 0x7b1eeef40640 (LWP 3123277) exited]
[Thread 0x7b1ef57fa640 (LWP 3123273) exited]
[Thread 0x7b1ef5ffb640 (LWP 3123272) exited]
[Thread 0x7b1ef67fc640 (LWP 3123271) exited]
[Thread 0x7b1ef6ffd640 (LWP 3123270) exited]
[Thread 0x7b1ef77fe640 (LWP 3123269) exited]
[Thread 0x7b1ef7fff640 (LWP 3123268) exited]
[Thread 0x7b1f04ff9640 (LWP 3123267) exited]
[Thread 0x7b1f057fa640 (LWP 3123266) exited]
[Thread 0x7b1f05ffb640 (LWP 3123265) exited]
[Thread 0x7b1f067fc640 (LWP 3123264) exited]
[Thread 0x7b1f06ffd640 (LWP 3123229) exited]
[Thread 0x7b1f077fe640 (LWP 3123227) exited]
[Thread 0x7b1f07fff640 (LWP 3123226) exited]
[Thread 0x7b1f1cf1b640 (LWP 3123225) exited]
[Thread 0x7b1f1d71c640 (LWP 3123224) exited]
[Thread 0x7b1f1df1d640 (LWP 3123223) exited]
[Thread 0x7b1f1e71e640 (LWP 3123222) exited]
[Thread 0x7b1f1ef1f640 (LWP 3123221) exited]
[Inferior 1 (process 3123200) exited normally]
(gdb) No stack.
(gdb) 