Attaching to process 2630502
[New LWP 2630519]
[New LWP 2630520]
[New LWP 2630521]
[New LWP 2630522]
[New LWP 2630523]
[New LWP 2630524]
[New LWP 2630525]
[New LWP 2630526]
[New LWP 2630566]
[New LWP 2630567]
[New LWP 2630568]
[New LWP 2630569]
[New LWP 2630570]
[New LWP 2630571]
[New LWP 2630572]
[New LWP 2630573]
[New LWP 2630574]
[New LWP 2630575]
[New LWP 2630576]
[New LWP 2630577]
[New LWP 2630578]
[New LWP 2630579]
78	../sysdeps/unix/sysv/linux/clock_nanosleep.c: No such file or directory.
[Thread debugging using libthread_db enabled]
Using host libthread_db library "/lib/x86_64-linux-gnu/libthread_db.so.1".
0x000070ff403767f8 in __GI___clock_nanosleep (clock_id=clock_id@entry=0, flags=flags@entry=0, req=req@entry=0x7ffd26a24090, rem=rem@entry=0x7ffd26a24090) at ../sysdeps/unix/sysv/linux/clock_nanosleep.c:78
(gdb) (gdb) Continuing.
[Thread 0x70ff13fff640 (LWP 2630577) exited]
[Thread 0x70ff12ffd640 (LWP 2630579) exited]
[Thread 0x70ff137fe640 (LWP 2630578) exited]
[Thread 0x70ff18de0640 (LWP 2630576) exited]
[Thread 0x70ff21ffb640 (LWP 2630575) exited]
[Thread 0x70ff227fc640 (LWP 2630574) exited]
[Thread 0x70ff22ffd640 (LWP 2630573) exited]
[Thread 0x70ff24290640 (LWP 2630572) exited]
[Thread 0x70ff24a91640 (LWP 2630571) exited]
[Thread 0x70ff25292640 (LWP 2630570) exited]
[Thread 0x70ff25a93640 (LWP 2630569) exited]
[Thread 0x70ff26294640 (LWP 2630568) exited]
[Thread 0x70ff26a95640 (LWP 2630567) exited]
[Thread 0x70ff27296640 (LWP 2630566) exited]
[Thread 0x70ff237fe640 (LWP 2630526) exited]
[Thread 0x70ff27fff640 (LWP 2630525) exited]
[Thread 0x70ff3cdf1640 (LWP 2630524) exited]
[Thread 0x70ff3d5f2640 (LWP 2630523) exited]
[Thread 0x70ff3ddf3640 (LWP 2630522) exited]
[Thread 0x70ff3e5f4640 (LWP 2630521) exited]
[Thread 0x70ff3edf5640 (LWP 2630520) exited]
[Thread 0x70ff3f5f6640 (LWP 2630519) exited]
[Inferior 1 (process 2630502) exited with code 01]
(gdb) No stack.
(gdb) 