Attaching to process 2629414
[New LWP 2629431]
[New LWP 2629432]
[New LWP 2629433]
[New LWP 2629438]
[New LWP 2629439]
[New LWP 2629440]
[New LWP 2629441]
[New LWP 2629442]
[New LWP 2629478]
[New LWP 2629479]
[New LWP 2629480]
[New LWP 2629481]
[New LWP 2629482]
[New LWP 2629483]
[New LWP 2629484]
[New LWP 2629485]
[New LWP 2629486]
[New LWP 2629487]
[New LWP 2629488]
[New LWP 2629489]
[New LWP 2629490]
[New LWP 2629491]
[Thread debugging using libthread_db enabled]
Using host libthread_db library "/lib/x86_64-linux-gnu/libthread_db.so.1".
0x0000782e24eb57f8 in __GI___clock_nanosleep (clock_id=clock_id@entry=0, flags=flags@entry=0, req=req@entry=0x7ffc07491810, rem=rem@entry=0x7ffc07491810) at ../sysdeps/unix/sysv/linux/clock_nanosleep.c:78
78	../sysdeps/unix/sysv/linux/clock_nanosleep.c: No such file or directory.
(gdb) (gdb) Continuing.
[Thread 0x782de7fff640 (LWP 2629491) exited]
[Thread 0x782df4956640 (LWP 2629490) exited]
[Thread 0x782df5157640 (LWP 2629489) exited]
[Thread 0x782df5958640 (LWP 2629488) exited]
[Thread 0x782dfa7fc640 (LWP 2629487) exited]
[Thread 0x782dfaffd640 (LWP 2629486) exited]
[Thread 0x782dfb7fe640 (LWP 2629485) exited]
[Thread 0x782dfbfff640 (LWP 2629484) exited]
[Thread 0x782e00dad640 (LWP 2629483) exited]
[Thread 0x782e015ae640 (LWP 2629482) exited]
[Thread 0x782e02135640 (LWP 2629481) exited]
[Thread 0x782e02936640 (LWP 2629480) exited]
[Thread 0x782e03137640 (LWP 2629479) exited]
[Thread 0x782e03938640 (LWP 2629478) exited]
[Thread 0x782e2092e640 (LWP 2629442) exited]
[Thread 0x782e2112f640 (LWP 2629441) exited]
[Thread 0x782e21930640 (LWP 2629440) exited]
[Thread 0x782e22131640 (LWP 2629439) exited]
[Thread 0x782e22932640 (LWP 2629438) exited]
[Thread 0x782e23133640 (LWP 2629433) exited]
[Thread 0x782e23934640 (LWP 2629432) exited]
[Thread 0x782e24135640 (LWP 2629431) exited]
[Inferior 1 (process 2629414) exited with code 01]
(gdb) No stack.
(gdb) 