Attaching to process 2629958
[New LWP 2629983]
[New LWP 2629984]
[New LWP 2629985]
[New LWP 2629987]
[New LWP 2629989]
[New LWP 2629990]
[New LWP 2629991]
[New LWP 2629992]
[New LWP 2630022]
[New LWP 2630023]
[New LWP 2630024]
[New LWP 2630025]
[New LWP 2630026]
[New LWP 2630027]
[New LWP 2630028]
[New LWP 2630029]
[New LWP 2630030]
[New LWP 2630031]
[New LWP 2630032]
[New LWP 2630033]
[New LWP 2630034]
[New LWP 2630035]
[Thread debugging using libthread_db enabled]
Using host libthread_db library "/lib/x86_64-linux-gnu/libthread_db.so.1".
0x00007ea05e1be7f8 in __GI___clock_nanosleep (clock_id=clock_id@entry=0, flags=flags@entry=0, req=req@entry=0x7ffcc734c9e0, rem=rem@entry=0x7ffcc734c9e0) at ../sysdeps/unix/sysv/linux/clock_nanosleep.c:78
78	../sysdeps/unix/sysv/linux/clock_nanosleep.c: No such file or directory.
(gdb) (gdb) Continuing.
[Thread 0x7ea02d2a8640 (LWP 2630035) exited]
[Thread 0x7ea02dc6c640 (LWP 2630034) exited]
[Thread 0x7ea02e46d640 (LWP 2630033) exited]
[Thread 0x7ea02ec6e640 (LWP 2630032) exited]
[Thread 0x7ea033c71640 (LWP 2630031) exited]
[Thread 0x7ea034472640 (LWP 2630030) exited]
[Thread 0x7ea034c73640 (LWP 2630029) exited]
[Thread 0x7ea035474640 (LWP 2630028) exited]
[Thread 0x7ea035c75640 (LWP 2630027) exited]
[Thread 0x7ea036476640 (LWP 2630026) exited]
[Thread 0x7ea036ffd640 (LWP 2630025) exited]
[Thread 0x7ea0377fe640 (LWP 2630024) exited]
[Thread 0x7ea037fff640 (LWP 2630023) exited]
[Thread 0x7ea054a91640 (LWP 2630022) exited]
[Thread 0x7ea0557fa640 (LWP 2629992) exited]
[Thread 0x7ea055ffb640 (LWP 2629991) exited]
[Thread 0x7ea0567fc640 (LWP 2629990) exited]
[Thread 0x7ea0577fe640 (LWP 2629987) exited]
[Thread 0x7ea057fff640 (LWP 2629985) exited]
[Thread 0x7ea05cc3d640 (LWP 2629984) exited]
[Thread 0x7ea05d43e640 (LWP 2629983) exited]
[Thread 0x7ea05d4e4a00 (LWP 2629958) exited]
[Thread 0x7ea056ffd640 (LWP 2629989) exited]
[New process 2629958]
[Inferior 1 (process 2629958) exited with code 01]
(gdb) (gdb) No stack.
