Attaching to process 360767
[New LWP 360771]
[New LWP 360772]
[New LWP 360773]
[New LWP 360774]
[New LWP 360775]
[New LWP 360776]
[New LWP 360777]
[New LWP 360778]
[New LWP 360779]
[New LWP 360780]
[New LWP 360781]
[New LWP 360782]
[New LWP 360783]
[New LWP 360784]
[New LWP 360785]
[New LWP 360786]
[New LWP 360787]
[New LWP 360788]
[New LWP 360789]
[New LWP 360790]
[New LWP 360791]
[New LWP 360792]
[Thread debugging using libthread_db enabled]
Using host libthread_db library "/lib/x86_64-linux-gnu/libthread_db.so.1".
0x00007df457de57f8 in __GI___clock_nanosleep (clock_id=clock_id@entry=0, flags=flags@entry=0, req=req@entry=0x7ffeaad08280, rem=rem@entry=0x7ffeaad08280) at ../sysdeps/unix/sysv/linux/clock_nanosleep.c:78
78	../sysdeps/unix/sysv/linux/clock_nanosleep.c: No such file or directory.
(gdb) (gdb) Continuing.
[Thread 0x7df42c865640 (LWP 360789) exited]
[Thread 0x7df427fff640 (LWP 360790) exited]
[Thread 0x7df426ffd640 (LWP 360792) exited]
[Thread 0x7df4277fe640 (LWP 360791) exited]
[Thread 0x7df4357fa640 (LWP 360788) exited]
[Thread 0x7df435ffb640 (LWP 360787) exited]
[Thread 0x7df4367fc640 (LWP 360786) exited]
[Thread 0x7df436ffd640 (LWP 360785) exited]
[Thread 0x7df4377fe640 (LWP 360784) exited]
[Thread 0x7df437fff640 (LWP 360783) exited]
[Thread 0x7df44d133640 (LWP 360782) exited]
[Thread 0x7df44d934640 (LWP 360781) exited]
[Thread 0x7df44e135640 (LWP 360780) exited]
[Thread 0x7df44e936640 (LWP 360779) exited]
[Thread 0x7df44f7fe640 (LWP 360778) exited]
[Thread 0x7df454860640 (LWP 360777) exited]
[Thread 0x7df455061640 (LWP 360776) exited]
[Thread 0x7df455862640 (LWP 360775) exited]
[Thread 0x7df456063640 (LWP 360774) exited]
[Thread 0x7df456864640 (LWP 360773) exited]
[Thread 0x7df44ffff640 (LWP 360772) exited]
[Thread 0x7df457065640 (LWP 360771) exited]
[Inferior 1 (process 360767) exited normally]
(gdb) (gdb) No stack.
