Attaching to process 103403
[New LWP 103407]
[New LWP 103408]
[New LWP 103409]
[New LWP 103410]
[New LWP 103411]
[New LWP 103412]
[New LWP 103413]
[New LWP 103414]
[New LWP 103415]
[New LWP 103416]
[New LWP 103417]
[New LWP 103418]
[New LWP 103419]
[New LWP 103420]
[New LWP 103421]
[New LWP 103422]
[New LWP 103423]
[New LWP 103424]
[New LWP 103425]
[New LWP 103426]
[New LWP 103427]
[New LWP 103428]
[Thread debugging using libthread_db enabled]
Using host libthread_db library "/lib/x86_64-linux-gnu/libthread_db.so.1".
0x00007627968877f8 in __GI___clock_nanosleep (clock_id=clock_id@entry=0, flags=flags@entry=0, req=req@entry=0x7ffd7ac1aac0, rem=rem@entry=0x7ffd7ac1aac0) at ../sysdeps/unix/sysv/linux/clock_nanosleep.c:78
78	../sysdeps/unix/sysv/linux/clock_nanosleep.c: No such file or directory.
(gdb) (gdb) Continuing.
[Thread 0x7627672df640 (LWP 103425) exited]
[Thread 0x76275e9ff640 (LWP 103426) exited]
[Thread 0x7627662dd640 (LWP 103428) exited]
[Thread 0x762766ade640 (LWP 103427) exited]
[Thread 0x762777fff640 (LWP 103424) exited]
[Thread 0x76277cc73640 (LWP 103423) exited]
[Thread 0x76277d474640 (LWP 103422) exited]
[Thread 0x76277dc75640 (LWP 103421) exited]
[Thread 0x76277e476640 (LWP 103420) exited]
[Thread 0x76277ec77640 (LWP 103419) exited]
[Thread 0x76277f7fe640 (LWP 103418) exited]
[Thread 0x76278ca91640 (LWP 103417) exited]
[Thread 0x76278da93640 (LWP 103415) exited]
[Thread 0x76278e7fc640 (LWP 103414) exited]
[Thread 0x76278effd640 (LWP 103413) exited]
[Thread 0x76277ffff640 (LWP 103412) exited]
[Thread 0x76278f7fe640 (LWP 103411) exited]
[Thread 0x76278ffff640 (LWP 103410) exited]
[Thread 0x762794b05640 (LWP 103409) exited]
[Thread 0x762795306640 (LWP 103408) exited]
[Thread 0x762795b07640 (LWP 103407) exited]
[Thread 0x762795bada00 (LWP 103403) exited]
[Thread 0x76278d292640 (LWP 103416) exited]
[New process 103403]
[Inferior 1 (process 103403) exited normally]
(gdb) No stack.
(gdb) 