Attaching to process 1461225
[New LWP 1461229]
[New LWP 1461230]
[New LWP 1461231]
[New LWP 1461232]
[New LWP 1461233]
[New LWP 1461234]
[New LWP 1461235]
[New LWP 1461236]
[New LWP 1461237]
[New LWP 1461238]
[New LWP 1461239]
[New LWP 1461240]
[New LWP 1461241]
[New LWP 1461242]
[New LWP 1461243]
[New LWP 1461244]
[New LWP 1461245]
[New LWP 1461246]
[Thread debugging using libthread_db enabled]
Using host libthread_db library "/lib/x86_64-linux-gnu/libthread_db.so.1".
__memset_avx2_unaligned_erms () at ../sysdeps/x86_64/multiarch/memset-vec-unaligned-erms.S:351
351	../sysdeps/x86_64/multiarch/memset-vec-unaligned-erms.S: No such file or directory.
(gdb) (gdb) Continuing.
[New Thread 0x7303d77fd640 (LWP 1461286)]
[New Thread 0x7303d6ffc640 (LWP 1461287)]
[New Thread 0x7303d67fb640 (LWP 1461288)]
[New Thread 0x7303d5ffa640 (LWP 1461289)]
[Thread 0x7303d77fd640 (LWP 1461286) exited]
[Thread 0x7303d6ffc640 (LWP 1461287) exited]
[Thread 0x7303d5ffa640 (LWP 1461289) exited]
[Thread 0x7303d67fb640 (LWP 1461288) exited]
[Thread 0x7303e0c73640 (LWP 1461246) exited]
[Thread 0x7303e1474640 (LWP 1461245) exited]
[Thread 0x7303e1c75640 (LWP 1461244) exited]
[Thread 0x7303e2476640 (LWP 1461243) exited]
[Thread 0x7303e2c77640 (LWP 1461242) exited]
[Thread 0x7303e3478640 (LWP 1461241) exited]
[Thread 0x7303e3fff640 (LWP 1461240) exited]
[Thread 0x730400916640 (LWP 1461239) exited]
[Thread 0x730401117640 (LWP 1461238) exited]
[Thread 0x730401918640 (LWP 1461237) exited]
[Thread 0x7304027e0640 (LWP 1461236) exited]
[Thread 0x730402fe1640 (LWP 1461235) exited]
[Thread 0x7304037e2640 (LWP 1461234) exited]
[Thread 0x730403fe3640 (LWP 1461233) exited]
[Thread 0x7304047e4640 (LWP 1461232) exited]
[Thread 0x730404fe5640 (LWP 1461231) exited]
[Thread 0x7304057e6640 (LWP 1461230) exited]
[Thread 0x73040608da00 (LWP 1461225) exited]
[Thread 0x730405fe7640 (LWP 1461229) exited]
[New process 1461225]
[Inferior 1 (process 1461225) exited normally]
(gdb) No stack.
(gdb) 