Attaching to process 2702017
[New LWP 2702050]
[New LWP 2702051]
[New LWP 2702052]
[New LWP 2702053]
[New LWP 2702054]
[New LWP 2702055]
[New LWP 2702056]
[New LWP 2702057]
[New LWP 2702081]
[New LWP 2702082]
[New LWP 2702083]
[New LWP 2702084]
[New LWP 2702085]
[New LWP 2702086]
[New LWP 2702087]
[New LWP 2702088]
[New LWP 2702089]
[New LWP 2702090]
[New LWP 2702091]
[New LWP 2702092]
[New LWP 2702093]
[New LWP 2702094]
[Thread debugging using libthread_db enabled]
Using host libthread_db library "/lib/x86_64-linux-gnu/libthread_db.so.1".
0x000076acfb5b67f8 in __GI___clock_nanosleep (clock_id=clock_id@entry=0, flags=flags@entry=0, req=req@entry=0x7fff62d87ce0, rem=rem@entry=0x7fff62d87ce0) at ../sysdeps/unix/sysv/linux/clock_nanosleep.c:78
78	../sysdeps/unix/sysv/linux/clock_nanosleep.c: No such file or directory.
(gdb) (gdb) Continuing.
[Thread 0x76accbfff640 (LWP 2702091) exited]
[Thread 0x76accb7fe640 (LWP 2702092) exited]
[Thread 0x76acca7fc640 (LWP 2702094) exited]
[Thread 0x76accaffd640 (LWP 2702093) exited]
[Thread 0x76acd8ff9640 (LWP 2702090) exited]
[Thread 0x76acd97fa640 (LWP 2702089) exited]
[Thread 0x76acd9ffb640 (LWP 2702088) exited]
[Thread 0x76acda7fc640 (LWP 2702087) exited]
[Thread 0x76acdaffd640 (LWP 2702086) exited]
[Thread 0x76acdb7fe640 (LWP 2702085) exited]
[Thread 0x76ace1133640 (LWP 2702084) exited]
[Thread 0x76ace1934640 (LWP 2702083) exited]
[Thread 0x76ace2135640 (LWP 2702082) exited]
[Thread 0x76ace2936640 (LWP 2702081) exited]
[Thread 0x76ace37fe640 (LWP 2702057) exited]
[Thread 0x76ace3fff640 (LWP 2702055) exited]
[Thread 0x76acf8832640 (LWP 2702054) exited]
[Thread 0x76acf9033640 (LWP 2702053) exited]
[Thread 0x76acf9834640 (LWP 2702052) exited]
[Thread 0x76acfa035640 (LWP 2702051) exited]
[Thread 0x76acfa836640 (LWP 2702050) exited]
[Thread 0x76acfa8dca00 (LWP 2702017) exited]
[Thread 0x76acdbfff640 (LWP 2702056) exited]
[New process 2702017]
[Inferior 1 (process 2702017) exited normally]
(gdb) No stack.
(gdb) 