Attaching to process 3115083
[New LWP 3115087]
[New LWP 3115088]
[New LWP 3115089]
[New LWP 3115090]
[New LWP 3115091]
[New LWP 3115092]
[New LWP 3115093]
[New LWP 3115094]
[New LWP 3115095]
[New LWP 3115096]
[New LWP 3115097]
[New LWP 3115098]
[New LWP 3115099]
[New LWP 3115100]
[New LWP 3115101]
[New LWP 3115102]
[New LWP 3115103]
[New LWP 3115104]
[New LWP 3115105]
[New LWP 3115106]
[New LWP 3115107]
[New LWP 3115108]
[Thread debugging using libthread_db enabled]
Using host libthread_db library "/lib/x86_64-linux-gnu/libthread_db.so.1".
0x000078e9ca3667f8 in __GI___clock_nanosleep (clock_id=clock_id@entry=0, flags=flags@entry=0, req=req@entry=0x7fff88e143c0, rem=rem@entry=0x7fff88e143c0) at ../sysdeps/unix/sysv/linux/clock_nanosleep.c:78
78	../sysdeps/unix/sysv/linux/clock_nanosleep.c: No such file or directory.
(gdb) (gdb) Continuing.
[Thread 0x78e99adf8640 (LWP 3115105) exited]
[Thread 0x78e993fff640 (LWP 3115106) exited]
[Thread 0x78e999df6640 (LWP 3115108) exited]
[Thread 0x78e99a5f7640 (LWP 3115107) exited]
[Thread 0x78e99f7fe640 (LWP 3115104) exited]
[Thread 0x78e99ffff640 (LWP 3115103) exited]
[Thread 0x78e9bcbf8640 (LWP 3115102) exited]
[Thread 0x78e9bd3f9640 (LWP 3115101) exited]
[Thread 0x78e9bdbfa640 (LWP 3115100) exited]
[Thread 0x78e9be3fb640 (LWP 3115099) exited]
[Thread 0x78e9bebfc640 (LWP 3115098) exited]
[Thread 0x78e9bf3fd640 (LWP 3115097) exited]
[Thread 0x78e9bfbfe640 (LWP 3115096) exited]
[Thread 0x78e9c1ffb640 (LWP 3115094) exited]
[Thread 0x78e9c27fc640 (LWP 3115093) exited]
[Thread 0x78e9c2ffd640 (LWP 3115092) exited]
[Thread 0x78e9c37fe640 (LWP 3115091) exited]
[Thread 0x78e9c3fff640 (LWP 3115090) exited]
[Thread 0x78e9c03ff640 (LWP 3115089) exited]
[Thread 0x78e9c8de5640 (LWP 3115088) exited]
[Thread 0x78e9c95e6640 (LWP 3115087) exited]
[Thread 0x78e9c968ca00 (LWP 3115083) exited]
[Thread 0x78e9c1292640 (LWP 3115095) exited]
[New process 3115083]
[Inferior 1 (process 3115083) exited normally]
(gdb) (gdb) No stack.
