Attaching to process 3551206
[New LWP 3551210]
[New LWP 3551211]
[New LWP 3551212]
[New LWP 3551213]
[New LWP 3551214]
[New LWP 3551215]
[New LWP 3551216]
[New LWP 3551217]
[New LWP 3551218]
[New LWP 3551219]
[New LWP 3551220]
[New LWP 3551221]
[New LWP 3551222]
[New LWP 3551223]
[New LWP 3551224]
[New LWP 3551225]
[New LWP 3551226]
[New LWP 3551227]
[New LWP 3551228]
[New LWP 3551229]
[New LWP 3551230]
[New LWP 3551231]
[Thread debugging using libthread_db enabled]
Using host libthread_db library "/lib/x86_64-linux-gnu/libthread_db.so.1".
0x0000710e1f4ab7f8 in __GI___clock_nanosleep (clock_id=clock_id@entry=0, flags=flags@entry=0, req=req@entry=0x7ffc70352000, rem=rem@entry=0x7ffc70352000) at ../sysdeps/unix/sysv/linux/clock_nanosleep.c:78
78	../sysdeps/unix/sysv/linux/clock_nanosleep.c: No such file or directory.
(gdb) (gdb) Continuing.
[Thread 0x710deff59640 (LWP 3551228) exited]
[Thread 0x710def758640 (LWP 3551229) exited]
[Thread 0x710dee56b640 (LWP 3551231) exited]
[Thread 0x710df8ff9640 (LWP 3551227) exited]
[Thread 0x710df97fa640 (LWP 3551226) exited]
[Thread 0x710df9ffb640 (LWP 3551225) exited]
[Thread 0x710dfa7fc640 (LWP 3551224) exited]
[Thread 0x710dfaffd640 (LWP 3551223) exited]
[Thread 0x710dfb7fe640 (LWP 3551222) exited]
[Thread 0x710dfbfff640 (LWP 3551221) exited]
[Thread 0x710e0cff9640 (LWP 3551220) exited]
[Thread 0x710e0d7fa640 (LWP 3551219) exited]
[Thread 0x710e0dffb640 (LWP 3551218) exited]
[Thread 0x710e0e7fc640 (LWP 3551217) exited]
[Thread 0x710e0effd640 (LWP 3551216) exited]
[Thread 0x710e0f7fe640 (LWP 3551215) exited]
[Thread 0x710e0ffff640 (LWP 3551214) exited]
[Thread 0x710e1cf28640 (LWP 3551213) exited]
[Thread 0x710e1d729640 (LWP 3551212) exited]
[Thread 0x710e1df2a640 (LWP 3551211) exited]
[Thread 0x710e1e72b640 (LWP 3551210) exited]
[Thread 0x710e1e7d1a00 (LWP 3551206) exited]
[Thread 0x710deef2f640 (LWP 3551230) exited]
[New process 3551206]
[Inferior 1 (process 3551206) exited normally]
(gdb) No stack.
(gdb) 