Attaching to process 1278116
[New LWP 1278120]
[New LWP 1278121]
[New LWP 1278122]
[New LWP 1278123]
[New LWP 1278124]
[New LWP 1278125]
[New LWP 1278126]
[New LWP 1278127]
[New LWP 1278128]
[New LWP 1278129]
[New LWP 1278130]
[New LWP 1278131]
[New LWP 1278132]
[New LWP 1278133]
[New LWP 1278134]
[New LWP 1278135]
[New LWP 1278136]
[New LWP 1278137]
[New LWP 1278138]
[New LWP 1278139]
[New LWP 1278140]
[New LWP 1278141]
[Thread debugging using libthread_db enabled]
Using host libthread_db library "/lib/x86_64-linux-gnu/libthread_db.so.1".
0x00007f85f7c4c7f8 in __GI___clock_nanosleep (clock_id=clock_id@entry=0, flags=flags@entry=0, req=req@entry=0x7ffcd94db4c0, rem=rem@entry=0x7ffcd94db4c0) at ../sysdeps/unix/sysv/linux/clock_nanosleep.c:78
78	../sysdeps/unix/sysv/linux/clock_nanosleep.c: No such file or directory.
(gdb) (gdb) Continuing.
[Thread 0x7f85c8725640 (LWP 1278138) exited]
[Thread 0x7f85c7f24640 (LWP 1278139) exited]
[Thread 0x7f85c6d37640 (LWP 1278141) exited]
[Thread 0x7f85c76fb640 (LWP 1278140) exited]
[Thread 0x7f85cd7fa640 (LWP 1278137) exited]
[Thread 0x7f85cdffb640 (LWP 1278136) exited]
[Thread 0x7f85ce7fc640 (LWP 1278135) exited]
[Thread 0x7f85ceffd640 (LWP 1278134) exited]
[Thread 0x7f85cf7fe640 (LWP 1278133) exited]
[Thread 0x7f85cffff640 (LWP 1278132) exited]
[Thread 0x7f85dcff9640 (LWP 1278131) exited]
[Thread 0x7f85dd7fa640 (LWP 1278130) exited]
[Thread 0x7f85ddffb640 (LWP 1278129) exited]
[Thread 0x7f85de7fc640 (LWP 1278128) exited]
[Thread 0x7f85deffd640 (LWP 1278127) exited]
[Thread 0x7f85df7fe640 (LWP 1278126) exited]
[Thread 0x7f85dffff640 (LWP 1278125) exited]
[Thread 0x7f85f4ec8640 (LWP 1278124) exited]
[Thread 0x7f85f56c9640 (LWP 1278123) exited]
[Thread 0x7f85f5eca640 (LWP 1278122) exited]
[Thread 0x7f85f66cb640 (LWP 1278121) exited]
[Thread 0x7f85f6ecc640 (LWP 1278120) exited]
[Inferior 1 (process 1278116) exited normally]
(gdb) No stack.
(gdb) 