Attaching to process 2709518
[New LWP 2709551]
[New LWP 2709552]
[New LWP 2709553]
[New LWP 2709554]
[New LWP 2709555]
[New LWP 2709556]
[New LWP 2709557]
[New LWP 2709558]
[New LWP 2709582]
[New LWP 2709583]
[New LWP 2709584]
[New LWP 2709585]
[New LWP 2709586]
[New LWP 2709587]
[New LWP 2709588]
[New LWP 2709589]
[New LWP 2709590]
[New LWP 2709591]
[New LWP 2709592]
[New LWP 2709593]
[New LWP 2709594]
[New LWP 2709595]
78	../sysdeps/unix/sysv/linux/clock_nanosleep.c: No such file or directory.
[Thread debugging using libthread_db enabled]
Using host libthread_db library "/lib/x86_64-linux-gnu/libthread_db.so.1".
0x00007b9cb3c6b7f8 in __GI___clock_nanosleep (clock_id=clock_id@entry=0, flags=flags@entry=0, req=req@entry=0x7ffebbd500e0, rem=rem@entry=0x7ffebbd500e0) at ../sysdeps/unix/sysv/linux/clock_nanosleep.c:78
(gdb) (gdb) Continuing.
[Thread 0x7b9c836dd640 (LWP 2709595) exited]
[Thread 0x7b9c83ede640 (LWP 2709594) exited]
[Thread 0x7b9c7bdff640 (LWP 2709593) exited]
[Thread 0x7b9c846df640 (LWP 2709592) exited]
[Thread 0x7b9c897fa640 (LWP 2709591) exited]
[Thread 0x7b9c89ffb640 (LWP 2709590) exited]
[Thread 0x7b9c8a7fc640 (LWP 2709589) exited]
[Thread 0x7b9c8affd640 (LWP 2709588) exited]
[Thread 0x7b9c8b7fe640 (LWP 2709587) exited]
[Thread 0x7b9c8bfff640 (LWP 2709586) exited]
[Thread 0x7b9ca8dfd640 (LWP 2709585) exited]
[Thread 0x7b9caa7fc640 (LWP 2709583) exited]
[Thread 0x7b9caaffd640 (LWP 2709582) exited]
[Thread 0x7b9cab7fe640 (LWP 2709558) exited]
[Thread 0x7b9cabfff640 (LWP 2709557) exited]
[Thread 0x7b9cb0ee7640 (LWP 2709556) exited]
[Thread 0x7b9cb16e8640 (LWP 2709555) exited]
[Thread 0x7b9cb1ee9640 (LWP 2709554) exited]
[Thread 0x7b9ca9dff640 (LWP 2709553) exited]
[Thread 0x7b9cb26ea640 (LWP 2709552) exited]
[Thread 0x7b9cb2eeb640 (LWP 2709551) exited]
[Thread 0x7b9cb2f91a00 (LWP 2709518) exited]
[Thread 0x7b9ca95fe640 (LWP 2709584) exited]
[New process 2709518]
[Inferior 1 (process 2709518) exited with code 01]
(gdb) No stack.
(gdb) 