Attaching to process 2708972
[New LWP 2709005]
[New LWP 2709006]
[New LWP 2709007]
[New LWP 2709008]
[New LWP 2709009]
[New LWP 2709010]
[New LWP 2709011]
[New LWP 2709012]
[New LWP 2709036]
[New LWP 2709037]
[New LWP 2709038]
[New LWP 2709039]
[New LWP 2709040]
[New LWP 2709041]
[New LWP 2709042]
[New LWP 2709043]
[New LWP 2709044]
[New LWP 2709045]
[New LWP 2709046]
[New LWP 2709047]
[New LWP 2709048]
[New LWP 2709049]
[Thread debugging using libthread_db enabled]
Using host libthread_db library "/lib/x86_64-linux-gnu/libthread_db.so.1".
0x000076029f14d7f8 in __GI___clock_nanosleep (clock_id=clock_id@entry=0, flags=flags@entry=0, req=req@entry=0x7ffebce79f00, rem=rem@entry=0x7ffebce79f00) at ../sysdeps/unix/sysv/linux/clock_nanosleep.c:78
78	../sysdeps/unix/sysv/linux/clock_nanosleep.c: No such file or directory.
(gdb) (gdb) Continuing.
[Thread 0x76026e3c6640 (LWP 2709049) exited]
[Thread 0x76026ebc7640 (LWP 2709048) exited]
[Thread 0x76026f3c8640 (LWP 2709047) exited]
[Thread 0x76026fbc9640 (LWP 2709046) exited]
[Thread 0x760278c73640 (LWP 2709045) exited]
[Thread 0x760279474640 (LWP 2709044) exited]
[Thread 0x760279c75640 (LWP 2709043) exited]
[Thread 0x76027a476640 (LWP 2709042) exited]
[Thread 0x76027ac77640 (LWP 2709041) exited]
[Thread 0x76027b478640 (LWP 2709040) exited]
[Thread 0x76027bfff640 (LWP 2709039) exited]
[Thread 0x76028ca91640 (LWP 2709038) exited]
[Thread 0x76028d292640 (LWP 2709037) exited]
[Thread 0x76028e7fc640 (LWP 2709012) exited]
[Thread 0x76028effd640 (LWP 2709011) exited]
[Thread 0x76028f7fe640 (LWP 2709010) exited]
[Thread 0x76028ffff640 (LWP 2709009) exited]
[Thread 0x76029cbca640 (LWP 2709008) exited]
[Thread 0x76029d3cb640 (LWP 2709007) exited]
[Thread 0x76029dbcc640 (LWP 2709006) exited]
[Thread 0x76029e3cd640 (LWP 2709005) exited]
[Thread 0x76029e473a00 (LWP 2708972) exited]
[Thread 0x76028da93640 (LWP 2709036) exited]
[New process 2708972]
[Inferior 1 (process 2708972) exited with code 01]
(gdb) (gdb) No stack.
