Attaching to process 2710062
[New LWP 2710095]
[New LWP 2710096]
[New LWP 2710097]
[New LWP 2710098]
[New LWP 2710099]
[New LWP 2710100]
[New LWP 2710101]
[New LWP 2710102]
[New LWP 2710126]
[New LWP 2710127]
[New LWP 2710128]
[New LWP 2710129]
[New LWP 2710130]
[New LWP 2710131]
[New LWP 2710132]
[New LWP 2710133]
[New LWP 2710134]
[New LWP 2710135]
[New LWP 2710136]
[New LWP 2710137]
[New LWP 2710138]
[New LWP 2710139]
[Thread debugging using libthread_db enabled]
Using host libthread_db library "/lib/x86_64-linux-gnu/libthread_db.so.1".
0x00007142bc9ef7f8 in __GI___clock_nanosleep (clock_id=clock_id@entry=0, flags=flags@entry=0, req=req@entry=0x7ffcdabd6150, rem=rem@entry=0x7ffcdabd6150) at ../sysdeps/unix/sysv/linux/clock_nanosleep.c:78
78	../sysdeps/unix/sysv/linux/clock_nanosleep.c: No such file or directory.
(gdb) (gdb) Continuing.
[Thread 0x714287fff640 (LWP 2710139) exited]
[Thread 0x71427ffff640 (LWP 2710138) exited]
[Thread 0x71428cc4f640 (LWP 2710137) exited]
[Thread 0x71428d450640 (LWP 2710136) exited]
[Thread 0x714291ffb640 (LWP 2710135) exited]
[Thread 0x7142927fc640 (LWP 2710134) exited]
[Thread 0x714292ffd640 (LWP 2710133) exited]
[Thread 0x7142937fe640 (LWP 2710132) exited]
[Thread 0x714293fff640 (LWP 2710131) exited]
[Thread 0x7142b0bfa640 (LWP 2710130) exited]
[Thread 0x7142b13fb640 (LWP 2710129) exited]
[Thread 0x7142b1bfc640 (LWP 2710128) exited]
[Thread 0x7142b23fd640 (LWP 2710127) exited]
[Thread 0x7142b8c69640 (LWP 2710102) exited]
[Thread 0x7142b946a640 (LWP 2710101) exited]
[Thread 0x7142b9c6b640 (LWP 2710100) exited]
[Thread 0x7142ba46c640 (LWP 2710099) exited]
[Thread 0x7142bac6d640 (LWP 2710098) exited]
[Thread 0x7142bb46e640 (LWP 2710097) exited]
[Thread 0x7142b33ff640 (LWP 2710096) exited]
[Thread 0x7142bbc6f640 (LWP 2710095) exited]
[Thread 0x7142bbd15a00 (LWP 2710062) exited]
[Thread 0x7142b2bfe640 (LWP 2710126) exited]
[New process 2710062]
[Inferior 1 (process 2710062) exited with code 01]
No stack.
(gdb) (gdb) 