Attaching to process 615108
[New LWP 615112]
[New LWP 615113]
[New LWP 615114]
[New LWP 615115]
[New LWP 615116]
[New LWP 615117]
[New LWP 615118]
[New LWP 615119]
[New LWP 615120]
[New LWP 615121]
[New LWP 615122]
[New LWP 615123]
[New LWP 615124]
[New LWP 615125]
[New LWP 615126]
[New LWP 615127]
[New LWP 615128]
[New LWP 615129]
[New LWP 615130]
[New LWP 615131]
[New LWP 615132]
[New LWP 615133]
78	../sysdeps/unix/sysv/linux/clock_nanosleep.c: No such file or directory.
[Thread debugging using libthread_db enabled]
Using host libthread_db library "/lib/x86_64-linux-gnu/libthread_db.so.1".
0x00007504818467f8 in __GI___clock_nanosleep (clock_id=clock_id@entry=0, flags=flags@entry=0, req=req@entry=0x7fff3c8d99b0, rem=rem@entry=0x7fff3c8d99b0) at ../sysdeps/unix/sysv/linux/clock_nanosleep.c:78
(gdb) (gdb) Continuing.
[Thread 0x75045226e640 (LWP 615130) exited]
[Thread 0x750451a6d640 (LWP 615131) exited]
[Thread 0x750450a6b640 (LWP 615133) exited]
[Thread 0x75045126c640 (LWP 615132) exited]
[Thread 0x75045affd640 (LWP 615129) exited]
[Thread 0x75045b7fe640 (LWP 615128) exited]
[Thread 0x75045bfff640 (LWP 615127) exited]
[Thread 0x750470a74640 (LWP 615126) exited]
[Thread 0x750471275640 (LWP 615125) exited]
[Thread 0x750471a76640 (LWP 615124) exited]
[Thread 0x7504725fd640 (LWP 615123) exited]
[Thread 0x750472dfe640 (LWP 615122) exited]
[Thread 0x750473fff640 (LWP 615121) exited]
[Thread 0x750478a91640 (LWP 615120) exited]
[Thread 0x7504797fa640 (LWP 615119) exited]
[Thread 0x750479ffb640 (LWP 615118) exited]
[Thread 0x75047a7fc640 (LWP 615117) exited]
[Thread 0x75047affd640 (LWP 615116) exited]
[Thread 0x7504735ff640 (LWP 615114) exited]
[Thread 0x75047bfff640 (LWP 615113) exited]
[Thread 0x750480ac6640 (LWP 615112) exited]
[Thread 0x750480b6ca00 (LWP 615108) exited]
[Thread 0x75047b7fe640 (LWP 615115) exited]
[New process 615108]
[Inferior 1 (process 615108) exited normally]
(gdb) (gdb) No stack.
