Attaching to process 1783281
[New LWP 1783306]
[New LWP 1783307]
[New LWP 1783309]
[New LWP 1783310]
[New LWP 1783311]
[New LWP 1783314]
[New LWP 1783315]
[New LWP 1783317]
[New LWP 1783345]
[New LWP 1783346]
[New LWP 1783347]
[New LWP 1783348]
[New LWP 1783349]
[New LWP 1783350]
[New LWP 1783351]
[New LWP 1783352]
[New LWP 1783353]
[New LWP 1783354]
[New LWP 1783361]
[New LWP 1783362]
[New LWP 1783363]
[New LWP 1783364]
[Thread debugging using libthread_db enabled]
Using host libthread_db library "/lib/x86_64-linux-gnu/libthread_db.so.1".
0x00007424c3d067f8 in __GI___clock_nanosleep (clock_id=clock_id@entry=0, flags=flags@entry=0, req=req@entry=0x7ffc87d3efb0, rem=rem@entry=0x7ffc87d3efb0) at ../sysdeps/unix/sysv/linux/clock_nanosleep.c:78
78	../sysdeps/unix/sysv/linux/clock_nanosleep.c: No such file or directory.
(gdb) (gdb) Continuing.
[Thread 0x7424947b1640 (LWP 1783361) exited]
[Thread 0x742493fb0640 (LWP 1783362) exited]
[Thread 0x742492fae640 (LWP 1783364) exited]
[Thread 0x7424937af640 (LWP 1783363) exited]
[Thread 0x7424997fa640 (LWP 1783354) exited]
[Thread 0x742499ffb640 (LWP 1783353) exited]
[Thread 0x74249a7fc640 (LWP 1783352) exited]
[Thread 0x74249affd640 (LWP 1783351) exited]
[Thread 0x74249b7fe640 (LWP 1783350) exited]
[Thread 0x74249bfff640 (LWP 1783349) exited]
[Thread 0x7424a8ff9640 (LWP 1783348) exited]
[Thread 0x7424a97fa640 (LWP 1783347) exited]
[Thread 0x7424a9ffb640 (LWP 1783346) exited]
[Thread 0x7424aa7fc640 (LWP 1783345) exited]
[Thread 0x7424aaffd640 (LWP 1783317) exited]
[Thread 0x7424ab7fe640 (LWP 1783315) exited]
[Thread 0x7424abfff640 (LWP 1783314) exited]
[Thread 0x7424c0f82640 (LWP 1783311) exited]
[Thread 0x7424c1783640 (LWP 1783310) exited]
[Thread 0x7424c1f84640 (LWP 1783309) exited]
[Thread 0x7424c2785640 (LWP 1783307) exited]
[Thread 0x7424c2f86640 (LWP 1783306) exited]
No stack.
[Inferior 1 (process 1783281) exited normally]
(gdb) (gdb) 