Attaching to process 3689512
[New LWP 3689545]
[New LWP 3689546]
[New LWP 3689547]
[New LWP 3689548]
[New LWP 3689549]
[New LWP 3689550]
[New LWP 3689551]
[New LWP 3689552]
[New LWP 3689576]
[New LWP 3689577]
[New LWP 3689578]
[New LWP 3689579]
[New LWP 3689580]
[New LWP 3689581]
[New LWP 3689582]
[New LWP 3689583]
[New LWP 3689584]
[New LWP 3689585]
[New LWP 3689603]
[New LWP 3689604]
[New LWP 3689607]
[New LWP 3689608]
[Thread debugging using libthread_db enabled]
Using host libthread_db library "/lib/x86_64-linux-gnu/libthread_db.so.1".
0x0000795c5892a7f8 in __GI___clock_nanosleep (clock_id=clock_id@entry=0, flags=flags@entry=0, req=req@entry=0x7ffeb0947340, rem=rem@entry=0x7ffeb0947340) at ../sysdeps/unix/sysv/linux/clock_nanosleep.c:78
78	../sysdeps/unix/sysv/linux/clock_nanosleep.c: No such file or directory.
(gdb) (gdb) Continuing.
[Thread 0x795c293c4640 (LWP 3689603) exited]
[Thread 0x795c28bc3640 (LWP 3689604) exited]
[Thread 0x795c23fff640 (LWP 3689607) exited]
[Thread 0x795c2dffb640 (LWP 3689585) exited]
[Thread 0x795c2e7fc640 (LWP 3689584) exited]
[Thread 0x795c2effd640 (LWP 3689583) exited]
[Thread 0x795c2f7fe640 (LWP 3689582) exited]
[Thread 0x795c2ffff640 (LWP 3689581) exited]
[Thread 0x795c4ce75640 (LWP 3689580) exited]
[Thread 0x795c4d9fc640 (LWP 3689579) exited]
[Thread 0x795c4e1fd640 (LWP 3689578) exited]
[Thread 0x795c4e9fe640 (LWP 3689577) exited]
[Thread 0x795c4fa97640 (LWP 3689576) exited]
[Thread 0x795c54ba4640 (LWP 3689552) exited]
[Thread 0x795c553a5640 (LWP 3689551) exited]
[Thread 0x795c55ba6640 (LWP 3689550) exited]
[Thread 0x795c563a7640 (LWP 3689549) exited]
[Thread 0x795c56ba8640 (LWP 3689548) exited]
[Thread 0x795c573a9640 (LWP 3689547) exited]
[Thread 0x795c4f1ff640 (LWP 3689546) exited]
[Thread 0x795c57baa640 (LWP 3689545) exited]
[Thread 0x795c57c50a00 (LWP 3689512) exited]
[Thread 0x795c237fe640 (LWP 3689608) exited]
[New process 3689512]
[Inferior 1 (process 3689512) exited normally]
No stack.
(gdb) (gdb) 