Attaching to process 657443
[New LWP 657459]
[New LWP 657460]
[New LWP 657461]
[New LWP 657462]
[New LWP 657463]
[New LWP 657464]
[New LWP 657465]
[New LWP 657466]
[New LWP 657507]
[New LWP 657508]
[New LWP 657509]
[New LWP 657510]
[New LWP 657511]
[New LWP 657512]
[New LWP 657513]
[New LWP 657514]
[New LWP 657515]
[New LWP 657516]
[New LWP 657517]
[New LWP 657518]
[New LWP 657519]
[New LWP 657520]
[Thread debugging using libthread_db enabled]
Using host libthread_db library "/lib/x86_64-linux-gnu/libthread_db.so.1".
0x00007976a17567f8 in __GI___clock_nanosleep (clock_id=clock_id@entry=0, flags=flags@entry=0, req=req@entry=0x7ffe06ba62b0, rem=rem@entry=0x7ffe06ba62b0) at ../sysdeps/unix/sysv/linux/clock_nanosleep.c:78
78	../sysdeps/unix/sysv/linux/clock_nanosleep.c: No such file or directory.
(gdb) (gdb) Continuing.
[Thread 0x79767221e640 (LWP 657517) exited]
[Thread 0x7976699ff640 (LWP 657518) exited]
[Thread 0x79767121c640 (LWP 657520) exited]
[Thread 0x797671a1d640 (LWP 657519) exited]
[Thread 0x797677470640 (LWP 657516) exited]
[Thread 0x797677c71640 (LWP 657515) exited]
[Thread 0x797678472640 (LWP 657514) exited]
[Thread 0x797678c73640 (LWP 657513) exited]
[Thread 0x797679474640 (LWP 657512) exited]
[Thread 0x797679c75640 (LWP 657511) exited]
[Thread 0x79767a7fc640 (LWP 657510) exited]
[Thread 0x79767affd640 (LWP 657509) exited]
[Thread 0x79767bfff640 (LWP 657507) exited]
[Thread 0x79769d1cf640 (LWP 657466) exited]
[Thread 0x79769d9d0640 (LWP 657465) exited]
[Thread 0x79769e1d1640 (LWP 657464) exited]
[Thread 0x79769e9d2640 (LWP 657463) exited]
[Thread 0x79769f1d3640 (LWP 657462) exited]
[Thread 0x79769f9d4640 (LWP 657461) exited]
[Thread 0x7976a01d5640 (LWP 657460) exited]
[Thread 0x7976a09d6640 (LWP 657459) exited]
[Thread 0x7976a0a7ca00 (LWP 657443) exited]
No stack.
[Thread 0x79767b7fe640 (LWP 657508) exited]
[New process 657443]
[Inferior 1 (process 657443) exited normally]
(gdb) (gdb) 