Attaching to process 2735508
[New LWP 2735540]
[New LWP 2735541]
[New LWP 2735542]
[New LWP 2735544]
[New LWP 2735545]
[New LWP 2735546]
[New LWP 2735547]
[New LWP 2735548]
[New LWP 2735572]
[New LWP 2735573]
[New LWP 2735574]
[New LWP 2735575]
[New LWP 2735576]
[New LWP 2735577]
[New LWP 2735578]
[New LWP 2735579]
[New LWP 2735580]
[New LWP 2735581]
[New LWP 2735582]
[New LWP 2735583]
[New LWP 2735584]
[New LWP 2735585]
[Thread debugging using libthread_db enabled]
Using host libthread_db library "/lib/x86_64-linux-gnu/libthread_db.so.1".
0x00007a9bcebb47f8 in __GI___clock_nanosleep (clock_id=clock_id@entry=0, flags=flags@entry=0, req=req@entry=0x7ffc9d8de4d0, rem=rem@entry=0x7ffc9d8de4d0) at ../sysdeps/unix/sysv/linux/clock_nanosleep.c:78
78	../sysdeps/unix/sysv/linux/clock_nanosleep.c: No such file or directory.
(gdb) (gdb) Continuing.
[Thread 0x7a9b9dbd5640 (LWP 2735585) exited]
[Thread 0x7a9b9ed9a640 (LWP 2735583) exited]
[Thread 0x7a9b9f59b640 (LWP 2735582) exited]
[Thread 0x7a9baffff640 (LWP 2735581) exited]
[Thread 0x7a9bb4dfa640 (LWP 2735580) exited]
[Thread 0x7a9bb55fb640 (LWP 2735579) exited]
[Thread 0x7a9bb5dfc640 (LWP 2735578) exited]
[Thread 0x7a9bb65fd640 (LWP 2735577) exited]
[Thread 0x7a9bb6dfe640 (LWP 2735576) exited]
[Thread 0x7a9bb7fff640 (LWP 2735575) exited]
[Thread 0x7a9bbca91640 (LWP 2735574) exited]
[Thread 0x7a9bbd292640 (LWP 2735573) exited]
[Thread 0x7a9bbda93640 (LWP 2735572) exited]
[Thread 0x7a9bbe7fc640 (LWP 2735548) exited]
[Thread 0x7a9bbeffd640 (LWP 2735547) exited]
[Thread 0x7a9bbf7fe640 (LWP 2735546) exited]
[Thread 0x7a9bb75ff640 (LWP 2735545) exited]
[Thread 0x7a9bbffff640 (LWP 2735544) exited]
[Thread 0x7a9bcce32640 (LWP 2735542) exited]
[Thread 0x7a9bcd633640 (LWP 2735541) exited]
[Thread 0x7a9bcde34640 (LWP 2735540) exited]
[Thread 0x7a9bcdedaa00 (LWP 2735508) exited]
[Thread 0x7a9b9e599640 (LWP 2735584) exited]
[New process 2735508]
[Inferior 1 (process 2735508) exited with code 01]
(gdb) No stack.
(gdb) 