Attaching to process 2734964
[New LWP 2734997]
[New LWP 2734998]
[New LWP 2734999]
[New LWP 2735000]
[New LWP 2735001]
[New LWP 2735002]
[New LWP 2735003]
[New LWP 2735004]
[New LWP 2735028]
[New LWP 2735029]
[New LWP 2735030]
[New LWP 2735031]
[New LWP 2735032]
[New LWP 2735033]
[New LWP 2735034]
[New LWP 2735035]
[New LWP 2735036]
[New LWP 2735037]
[New LWP 2735038]
[New LWP 2735039]
[New LWP 2735040]
[New LWP 2735041]
[Thread debugging using libthread_db enabled]
Using host libthread_db library "/lib/x86_64-linux-gnu/libthread_db.so.1".
0x00007b4bba9427f8 in __GI___clock_nanosleep (clock_id=clock_id@entry=0, flags=flags@entry=0, req=req@entry=0x7fff96b40570, rem=rem@entry=0x7fff96b40570) at ../sysdeps/unix/sysv/linux/clock_nanosleep.c:78
78	../sysdeps/unix/sysv/linux/clock_nanosleep.c: No such file or directory.
(gdb) (gdb) Continuing.
[Thread 0x7b4b8a3e1640 (LWP 2735041) exited]
[Thread 0x7b4b8abe2640 (LWP 2735040) exited]
[Thread 0x7b4b829ff640 (LWP 2735039) exited]
[Thread 0x7b4b8b3e3640 (LWP 2735038) exited]
[Thread 0x7b4b90472640 (LWP 2735037) exited]
[Thread 0x7b4b90c73640 (LWP 2735036) exited]
[Thread 0x7b4b91474640 (LWP 2735035) exited]
[Thread 0x7b4b91c75640 (LWP 2735034) exited]
[Thread 0x7b4b92476640 (LWP 2735033) exited]
[Thread 0x7b4b92c77640 (LWP 2735032) exited]
[Thread 0x7b4b93fff640 (LWP 2735030) exited]
[Thread 0x7b4bb0a91640 (LWP 2735029) exited]
[Thread 0x7b4bb1292640 (LWP 2735028) exited]
[Thread 0x7b4bb1ffb640 (LWP 2735004) exited]
[Thread 0x7b4bb27fc640 (LWP 2735003) exited]
[Thread 0x7b4bb2ffd640 (LWP 2735002) exited]
[Thread 0x7b4bb37fe640 (LWP 2735001) exited]
[Thread 0x7b4bb3fff640 (LWP 2735000) exited]
[Thread 0x7b4bb8bc0640 (LWP 2734999) exited]
[Thread 0x7b4bb93c1640 (LWP 2734998) exited]
[Thread 0x7b4bb9bc2640 (LWP 2734997) exited]
[Thread 0x7b4bb9c68a00 (LWP 2734964) exited]
[Thread 0x7b4b937fe640 (LWP 2735031) exited]
[New process 2734964]
[Inferior 1 (process 2734964) exited with code 01]
(gdb) (gdb) No stack.
