Attaching to process 2736051
[New LWP 2736084]
[New LWP 2736085]
[New LWP 2736086]
[New LWP 2736087]
[New LWP 2736088]
[New LWP 2736089]
[New LWP 2736090]
[New LWP 2736091]
[New LWP 2736115]
[New LWP 2736116]
[New LWP 2736117]
[New LWP 2736118]
[New LWP 2736119]
[New LWP 2736120]
[New LWP 2736121]
[New LWP 2736122]
[New LWP 2736123]
[New LWP 2736124]
[New LWP 2736125]
[New LWP 2736126]
[New LWP 2736127]
[New LWP 2736128]
78	../sysdeps/unix/sysv/linux/clock_nanosleep.c: No such file or directory.
[Thread debugging using libthread_db enabled]
Using host libthread_db library "/lib/x86_64-linux-gnu/libthread_db.so.1".
0x0000723c66a997f8 in __GI___clock_nanosleep (clock_id=clock_id@entry=0, flags=flags@entry=0, req=req@entry=0x7fff88da5790, rem=rem@entry=0x7fff88da5790) at ../sysdeps/unix/sysv/linux/clock_nanosleep.c:78
(gdb) (gdb) Continuing.
[Thread 0x723c35abd640 (LWP 2736128) exited]
[Thread 0x723c36481640 (LWP 2736127) exited]
[Thread 0x723c36c82640 (LWP 2736126) exited]
[Thread 0x723c37483640 (LWP 2736125) exited]
[Thread 0x723c3ffff640 (LWP 2736124) exited]
[Thread 0x723c4cdfa640 (LWP 2736123) exited]
[Thread 0x723c4d5fb640 (LWP 2736122) exited]
[Thread 0x723c4ddfc640 (LWP 2736121) exited]
[Thread 0x723c4e5fd640 (LWP 2736120) exited]
[Thread 0x723c4edfe640 (LWP 2736119) exited]
[Thread 0x723c4ffff640 (LWP 2736118) exited]
[Thread 0x723c54a91640 (LWP 2736117) exited]
[Thread 0x723c55292640 (LWP 2736116) exited]
[Thread 0x723c55a93640 (LWP 2736115) exited]
[Thread 0x723c567fc640 (LWP 2736091) exited]
[Thread 0x723c56ffd640 (LWP 2736090) exited]
[Thread 0x723c577fe640 (LWP 2736089) exited]
[Thread 0x723c4f5ff640 (LWP 2736088) exited]
[Thread 0x723c57fff640 (LWP 2736087) exited]
[Thread 0x723c64d17640 (LWP 2736086) exited]
[Thread 0x723c65518640 (LWP 2736085) exited]
[Thread 0x723c65d19640 (LWP 2736084) exited]
[Inferior 1 (process 2736051) exited with code 01]
No stack.
(gdb) (gdb) 