Attaching to process 851779
[New LWP 851783]
[New LWP 851784]
[New LWP 851785]
[New LWP 851786]
[New LWP 851787]
[New LWP 851788]
[New LWP 851789]
[New LWP 851790]
[New LWP 851792]
[New LWP 851793]
[New LWP 851794]
[New LWP 851795]
[New LWP 851796]
[New LWP 851797]
[New LWP 851798]
[New LWP 851799]
[New LWP 851800]
[New LWP 851801]
[New LWP 851802]
[New LWP 851803]
[New LWP 851804]
[New LWP 851805]
[Thread debugging using libthread_db enabled]
Using host libthread_db library "/lib/x86_64-linux-gnu/libthread_db.so.1".
0x0000744c5e6a47f8 in __GI___clock_nanosleep (clock_id=clock_id@entry=0, flags=flags@entry=0, req=req@entry=0x7fff35b684e0, rem=rem@entry=0x7fff35b684e0) at ../sysdeps/unix/sysv/linux/clock_nanosleep.c:78
78	../sysdeps/unix/sysv/linux/clock_nanosleep.c: No such file or directory.
(gdb) (gdb) Continuing.
[Thread 0x744c2f176640 (LWP 851802) exited]
[Thread 0x744c2e975640 (LWP 851803) exited]
[Thread 0x744c2e174640 (LWP 851804) exited]
[Thread 0x744c2d94b640 (LWP 851805) exited]
[Thread 0x744c34472640 (LWP 851801) exited]
[Thread 0x744c35474640 (LWP 851799) exited]
[Thread 0x744c35c75640 (LWP 851798) exited]
[Thread 0x744c36476640 (LWP 851797) exited]
[Thread 0x744c36c77640 (LWP 851796) exited]
[Thread 0x744c377fe640 (LWP 851795) exited]
[Thread 0x744c37fff640 (LWP 851794) exited]
[Thread 0x744c4c932640 (LWP 851793) exited]
[Thread 0x744c4d133640 (LWP 851792) exited]
[Thread 0x744c4dffb640 (LWP 851790) exited]
[Thread 0x744c4e7fc640 (LWP 851789) exited]
[Thread 0x744c4effd640 (LWP 851788) exited]
[Thread 0x744c4f7fe640 (LWP 851787) exited]
[Thread 0x744c4ffff640 (LWP 851786) exited]
[Thread 0x744c5c922640 (LWP 851785) exited]
[Thread 0x744c5d123640 (LWP 851784) exited]
[Thread 0x744c5d924640 (LWP 851783) exited]
[Thread 0x744c5d9caa00 (LWP 851779) exited]
[Thread 0x744c34c73640 (LWP 851800) exited]
[New process 851779]
[Inferior 1 (process 851779) exited normally]
(gdb) (gdb) No stack.
