Attaching to process 851659
[New LWP 851692]
[New LWP 851693]
[New LWP 851694]
[New LWP 851695]
[New LWP 851696]
[New LWP 851697]
[New LWP 851698]
[New LWP 851699]
[New LWP 851723]
[New LWP 851724]
[New LWP 851725]
[New LWP 851726]
[New LWP 851727]
[New LWP 851728]
[New LWP 851729]
[New LWP 851730]
[New LWP 851731]
[New LWP 851732]
[New LWP 851744]
[New LWP 851745]
[New LWP 851746]
[New LWP 851747]
[Thread debugging using libthread_db enabled]
Using host libthread_db library "/lib/x86_64-linux-gnu/libthread_db.so.1".
0x0000767c2a6507f8 in __GI___clock_nanosleep (clock_id=clock_id@entry=0, flags=flags@entry=0, req=req@entry=0x7ffc89d527a0, rem=rem@entry=0x7ffc89d527a0) at ../sysdeps/unix/sysv/linux/clock_nanosleep.c:78
78	../sysdeps/unix/sysv/linux/clock_nanosleep.c: No such file or directory.
(gdb) (gdb) Continuing.
[Thread 0x767bfb068640 (LWP 851744) exited]
[Thread 0x767bfa867640 (LWP 851745) exited]
[Thread 0x767bf96a2640 (LWP 851747) exited]
[Thread 0x767bfa066640 (LWP 851746) exited]
[Thread 0x767c03fff640 (LWP 851732) exited]
[Thread 0x767c10a74640 (LWP 851731) exited]
[Thread 0x767c11275640 (LWP 851730) exited]
[Thread 0x767c11a76640 (LWP 851729) exited]
[Thread 0x767c12277640 (LWP 851728) exited]
[Thread 0x767c12a78640 (LWP 851727) exited]
[Thread 0x767c13fff640 (LWP 851726) exited]
[Thread 0x767c18932640 (LWP 851725) exited]
[Thread 0x767c19133640 (LWP 851724) exited]
[Thread 0x767c19934640 (LWP 851723) exited]
[Thread 0x767c1a7fc640 (LWP 851699) exited]
[Thread 0x767c1affd640 (LWP 851698) exited]
[Thread 0x767c1b7fe640 (LWP 851697) exited]
[Thread 0x767c135ff640 (LWP 851696) exited]
[Thread 0x767c288ce640 (LWP 851695) exited]
[Thread 0x767c1bfff640 (LWP 851694) exited]
[Thread 0x767c290cf640 (LWP 851693) exited]
[Thread 0x767c29976a00 (LWP 851659) exited]
[Thread 0x767c298d0640 (LWP 851692) exited]
[New process 851659]
[Inferior 1 (process 851659) exited normally]
(gdb) No stack.
(gdb) 