Attaching to process 852391
[New LWP 852395]
[New LWP 852396]
[New LWP 852397]
[New LWP 852398]
[New LWP 852399]
[New LWP 852400]
[New LWP 852401]
[New LWP 852402]
[New LWP 852403]
[New LWP 852404]
[New LWP 852405]
[New LWP 852406]
[New LWP 852407]
[New LWP 852408]
[New LWP 852409]
[New LWP 852410]
[New LWP 852411]
[New LWP 852412]
[New LWP 852413]
[New LWP 852414]
[New LWP 852415]
[New LWP 852416]
78	../sysdeps/unix/sysv/linux/clock_nanosleep.c: No such file or directory.
[Thread debugging using libthread_db enabled]
Using host libthread_db library "/lib/x86_64-linux-gnu/libthread_db.so.1".
0x0000756a86ef17f8 in __GI___clock_nanosleep (clock_id=clock_id@entry=0, flags=flags@entry=0, req=req@entry=0x7fffcbb16180, rem=rem@entry=0x7fffcbb16180) at ../sysdeps/unix/sysv/linux/clock_nanosleep.c:78
(gdb) (gdb) Continuing.
[Thread 0x756a57995640 (LWP 852413) exited]
[Thread 0x756a57194640 (LWP 852414) exited]
[Thread 0x756a55fcf640 (LWP 852416) exited]
[Thread 0x756a56993640 (LWP 852415) exited]
[Thread 0x756a5cc73640 (LWP 852412) exited]
[Thread 0x756a5d474640 (LWP 852411) exited]
[Thread 0x756a5dc75640 (LWP 852410) exited]
[Thread 0x756a5e476640 (LWP 852409) exited]
[Thread 0x756a5ec77640 (LWP 852408) exited]
[Thread 0x756a5f478640 (LWP 852407) exited]
[Thread 0x756a5ffff640 (LWP 852406) exited]
[Thread 0x756a7ca91640 (LWP 852405) exited]
[Thread 0x756a7d292640 (LWP 852404) exited]
[Thread 0x756a7da93640 (LWP 852403) exited]
[Thread 0x756a7e7fc640 (LWP 852402) exited]
[Thread 0x756a7effd640 (LWP 852401) exited]
[Thread 0x756a7f7fe640 (LWP 852400) exited]
[Thread 0x756a8496e640 (LWP 852399) exited]
[Thread 0x756a8516f640 (LWP 852398) exited]
[Thread 0x756a85970640 (LWP 852397) exited]
[Thread 0x756a7ffff640 (LWP 852396) exited]
[Thread 0x756a86171640 (LWP 852395) exited]
[Inferior 1 (process 852391) exited normally]
(gdb) No stack.
(gdb) 