Attaching to process 3132243
[New LWP 3132276]
[New LWP 3132277]
[New LWP 3132278]
[New LWP 3132279]
[New LWP 3132280]
[New LWP 3132281]
[New LWP 3132282]
[New LWP 3132283]
[New LWP 3132307]
[New LWP 3132308]
[New LWP 3132309]
[New LWP 3132310]
[New LWP 3132311]
[New LWP 3132312]
[New LWP 3132313]
[New LWP 3132314]
[New LWP 3132315]
[New LWP 3132316]
[New LWP 3132328]
[New LWP 3132329]
[New LWP 3132330]
[New LWP 3132331]
[Thread debugging using libthread_db enabled]
Using host libthread_db library "/lib/x86_64-linux-gnu/libthread_db.so.1".
0x00007f546e80c7f8 in __GI___clock_nanosleep (clock_id=clock_id@entry=0, flags=flags@entry=0, req=req@entry=0x7ffe3b1e40a0, rem=rem@entry=0x7ffe3b1e40a0) at ../sysdeps/unix/sysv/linux/clock_nanosleep.c:78
78	../sysdeps/unix/sysv/linux/clock_nanosleep.c: No such file or directory.
(gdb) (gdb) Continuing.
[Thread 0x7f543f2ac640 (LWP 3132328) exited]
[Thread 0x7f543eaab640 (LWP 3132329) exited]
[Thread 0x7f543e2aa640 (LWP 3132330) exited]
[Thread 0x7f5444472640 (LWP 3132316) exited]
[Thread 0x7f543d8e6640 (LWP 3132331) exited]
[Thread 0x7f5444c73640 (LWP 3132315) exited]
[Thread 0x7f5445474640 (LWP 3132314) exited]
[Thread 0x7f5445c75640 (LWP 3132313) exited]
[Thread 0x7f5446476640 (LWP 3132312) exited]
[Thread 0x7f5446c77640 (LWP 3132311) exited]
[Thread 0x7f54477fe640 (LWP 3132310) exited]
[Thread 0x7f5447fff640 (LWP 3132309) exited]
[Thread 0x7f545d292640 (LWP 3132307) exited]
[Thread 0x7f545dffb640 (LWP 3132283) exited]
[Thread 0x7f545e7fc640 (LWP 3132282) exited]
[Thread 0x7f545effd640 (LWP 3132281) exited]
[Thread 0x7f545f7fe640 (LWP 3132280) exited]
[Thread 0x7f545ffff640 (LWP 3132279) exited]
[Thread 0x7f546ca8a640 (LWP 3132278) exited]
[Thread 0x7f546d28b640 (LWP 3132277) exited]
[Thread 0x7f546da8c640 (LWP 3132276) exited]
[Thread 0x7f546db32a00 (LWP 3132243) exited]
[Thread 0x7f545ca91640 (LWP 3132308) exited]
[New process 3132243]
[Inferior 1 (process 3132243) exited normally]
(gdb) No stack.
(gdb) 