Attaching to process 1093503
[New LWP 1093507]
[New LWP 1093508]
[New LWP 1093509]
[New LWP 1093510]
[New LWP 1093511]
[New LWP 1093512]
[New LWP 1093513]
[New LWP 1093514]
[New LWP 1093515]
[New LWP 1093516]
[New LWP 1093517]
[New LWP 1093518]
[New LWP 1093519]
[New LWP 1093520]
[New LWP 1093521]
[New LWP 1093522]
[New LWP 1093523]
[New LWP 1093524]
[New LWP 1093525]
[New LWP 1093526]
[New LWP 1093527]
[New LWP 1093528]
[Thread debugging using libthread_db enabled]
Using host libthread_db library "/lib/x86_64-linux-gnu/libthread_db.so.1".
0x000079519e3c57f8 in __GI___clock_nanosleep (clock_id=clock_id@entry=0, flags=flags@entry=0, req=req@entry=0x7ffe41cff350, rem=rem@entry=0x7ffe41cff350) at ../sysdeps/unix/sysv/linux/clock_nanosleep.c:78
78	../sysdeps/unix/sysv/linux/clock_nanosleep.c: No such file or directory.
(gdb) (gdb) Continuing.
[Thread 0x79516ee37640 (LWP 1093525) exited]
[Thread 0x79516e636640 (LWP 1093526) exited]
[Thread 0x79516d634640 (LWP 1093528) exited]
[Thread 0x79516de35640 (LWP 1093527) exited]
[Thread 0x7951777fe640 (LWP 1093524) exited]
[Thread 0x795177fff640 (LWP 1093523) exited]
[Thread 0x795190df8640 (LWP 1093522) exited]
[Thread 0x7951915f9640 (LWP 1093521) exited]
[Thread 0x795191dfa640 (LWP 1093520) exited]
[Thread 0x7951925fb640 (LWP 1093519) exited]
[Thread 0x795192dfc640 (LWP 1093518) exited]
[Thread 0x7951935fd640 (LWP 1093517) exited]
[Thread 0x795193dfe640 (LWP 1093516) exited]
[Thread 0x795195292640 (LWP 1093515) exited]
[Thread 0x795195ffb640 (LWP 1093514) exited]
[Thread 0x7951967fc640 (LWP 1093513) exited]
[Thread 0x795196ffd640 (LWP 1093512) exited]
[Thread 0x7951977fe640 (LWP 1093511) exited]
[Thread 0x7951945ff640 (LWP 1093509) exited]
[Thread 0x79519ce44640 (LWP 1093508) exited]
[Thread 0x79519d645640 (LWP 1093507) exited]
[Thread 0x79519d6eba00 (LWP 1093503) exited]
[Thread 0x795197fff640 (LWP 1093510) exited]
[New process 1093503]
[Inferior 1 (process 1093503) exited normally]
(gdb) (gdb) No stack.
