Attaching to process 3020417
[New LWP 3020421]
[New LWP 3020422]
[New LWP 3020423]
[New LWP 3020424]
[New LWP 3020425]
[New LWP 3020426]
[New LWP 3020427]
[New LWP 3020428]
[New LWP 3020429]
[New LWP 3020430]
[New LWP 3020431]
[New LWP 3020432]
[New LWP 3020433]
[New LWP 3020434]
[New LWP 3020435]
[New LWP 3020436]
[New LWP 3020437]
[New LWP 3020438]
[New LWP 3020439]
[New LWP 3020440]
[New LWP 3020441]
[New LWP 3020442]
[Thread debugging using libthread_db enabled]
Using host libthread_db library "/lib/x86_64-linux-gnu/libthread_db.so.1".
0x000075fe5b58b7f8 in __GI___clock_nanosleep (clock_id=clock_id@entry=0, flags=flags@entry=0, req=req@entry=0x7ffeb9333ab0, rem=rem@entry=0x7ffeb9333ab0) at ../sysdeps/unix/sysv/linux/clock_nanosleep.c:78
78	../sysdeps/unix/sysv/linux/clock_nanosleep.c: No such file or directory.
(gdb) (gdb) Continuing.
[Thread 0x75fe2c03c640 (LWP 3020439) exited]
[Thread 0x75fe2b83b640 (LWP 3020440) exited]
[Thread 0x75fe2a811640 (LWP 3020442) exited]
[Thread 0x75fe2b03a640 (LWP 3020441) exited]
[Thread 0x75fe30ff9640 (LWP 3020438) exited]
[Thread 0x75fe317fa640 (LWP 3020437) exited]
[Thread 0x75fe31ffb640 (LWP 3020436) exited]
[Thread 0x75fe327fc640 (LWP 3020435) exited]
[Thread 0x75fe32ffd640 (LWP 3020434) exited]
[Thread 0x75fe337fe640 (LWP 3020433) exited]
[Thread 0x75fe33fff640 (LWP 3020432) exited]
[Thread 0x75fe50ffd640 (LWP 3020431) exited]
[Thread 0x75fe517fe640 (LWP 3020430) exited]
[Thread 0x75fe537fe640 (LWP 3020428) exited]
[Thread 0x75fe53fff640 (LWP 3020427) exited]
[Thread 0x75fe58807640 (LWP 3020426) exited]
[Thread 0x75fe59008640 (LWP 3020425) exited]
[Thread 0x75fe59809640 (LWP 3020424) exited]
[Thread 0x75fe5a00a640 (LWP 3020423) exited]
[Thread 0x75fe51fff640 (LWP 3020422) exited]
[Thread 0x75fe5a80b640 (LWP 3020421) exited]
[Thread 0x75fe5a8b1a00 (LWP 3020417) exited]
[Thread 0x75fe52936640 (LWP 3020429) exited]
[New process 3020417]
[Inferior 1 (process 3020417) exited normally]
(gdb) (gdb) No stack.
