Attaching to process 1639368
[New LWP 1639372]
[New LWP 1639373]
[New LWP 1639374]
[New LWP 1639375]
[New LWP 1639376]
[New LWP 1639377]
[New LWP 1639378]
[New LWP 1639379]
[New LWP 1639380]
[New LWP 1639381]
[New LWP 1639382]
[New LWP 1639383]
[New LWP 1639384]
[New LWP 1639385]
[New LWP 1639386]
[New LWP 1639387]
[New LWP 1639388]
[New LWP 1639389]
[New LWP 1639390]
[New LWP 1639391]
[New LWP 1639392]
[New LWP 1639393]
[Thread debugging using libthread_db enabled]
Using host libthread_db library "/lib/x86_64-linux-gnu/libthread_db.so.1".
0x000071880c45b7f8 in __GI___clock_nanosleep (clock_id=clock_id@entry=0, flags=flags@entry=0, req=req@entry=0x7ffcdae0d250, rem=rem@entry=0x7ffcdae0d250) at ../sysdeps/unix/sysv/linux/clock_nanosleep.c:78
78	../sysdeps/unix/sysv/linux/clock_nanosleep.c: No such file or directory.
(gdb) (gdb) Continuing.
[Thread 0x7187dcf26640 (LWP 1639390) exited]
[Thread 0x7187d7fff640 (LWP 1639391) exited]
[Thread 0x7187d77fe640 (LWP 1639393) exited]
[Thread 0x7187cffff640 (LWP 1639392) exited]
[Thread 0x7187e1ffb640 (LWP 1639389) exited]
[Thread 0x7187e27fc640 (LWP 1639388) exited]
[Thread 0x7187e2ffd640 (LWP 1639387) exited]
[Thread 0x7187e37fe640 (LWP 1639386) exited]
[Thread 0x7187e3fff640 (LWP 1639385) exited]
[Thread 0x7187f0c73640 (LWP 1639384) exited]
[Thread 0x7187f1ffb640 (LWP 1639382) exited]
[Thread 0x7187f27fc640 (LWP 1639381) exited]
[Thread 0x7187f2ffd640 (LWP 1639380) exited]
[Thread 0x7187f37fe640 (LWP 1639379) exited]
[Thread 0x7187f3fff640 (LWP 1639378) exited]
[Thread 0x718808ed6640 (LWP 1639377) exited]
[Thread 0x7188096d7640 (LWP 1639376) exited]
[Thread 0x718809ed8640 (LWP 1639375) exited]
[Thread 0x71880a6d9640 (LWP 1639374) exited]
[Thread 0x71880aeda640 (LWP 1639373) exited]
[Thread 0x71880b6db640 (LWP 1639372) exited]
[Thread 0x71880b781a00 (LWP 1639368) exited]
[Thread 0x7187f17fa640 (LWP 1639383) exited]
[New process 1639368]
[Inferior 1 (process 1639368) exited normally]
(gdb) (gdb) No stack.
