Attaching to process 1324680
[New LWP 1324713]
[New LWP 1324714]
[New LWP 1324715]
[New LWP 1324716]
[New LWP 1324717]
[New LWP 1324718]
[New LWP 1324719]
[New LWP 1324720]
[New LWP 1324744]
[New LWP 1324745]
[New LWP 1324746]
[New LWP 1324747]
[New LWP 1324748]
[New LWP 1324749]
[New LWP 1324750]
[New LWP 1324751]
[New LWP 1324752]
[New LWP 1324753]
[New LWP 1324754]
[New LWP 1324755]
[New LWP 1324756]
[New LWP 1324757]
[Thread debugging using libthread_db enabled]
Using host libthread_db library "/lib/x86_64-linux-gnu/libthread_db.so.1".
0x00007878615e07f8 in __GI___clock_nanosleep (clock_id=clock_id@entry=0, flags=flags@entry=0, req=req@entry=0x7fffda491a90, rem=rem@entry=0x7fffda491a90) at ../sysdeps/unix/sysv/linux/clock_nanosleep.c:78
78	../sysdeps/unix/sysv/linux/clock_nanosleep.c: No such file or directory.
(gdb) (gdb) Continuing.
[Thread 0x7878320a2640 (LWP 1324754) exited]
[Thread 0x7878318a1640 (LWP 1324755) exited]
[Thread 0x78782bfff640 (LWP 1324757) exited]
[Thread 0x7878310a0640 (LWP 1324756) exited]
[Thread 0x787837470640 (LWP 1324753) exited]
[Thread 0x787837c71640 (LWP 1324752) exited]
[Thread 0x787838472640 (LWP 1324751) exited]
[Thread 0x787838c73640 (LWP 1324750) exited]
[Thread 0x787839474640 (LWP 1324749) exited]
[Thread 0x787839c75640 (LWP 1324748) exited]
[Thread 0x78783affd640 (LWP 1324746) exited]
[Thread 0x78783b7fe640 (LWP 1324745) exited]
[Thread 0x78783bfff640 (LWP 1324744) exited]
[Thread 0x78785d059640 (LWP 1324720) exited]
[Thread 0x78785d85a640 (LWP 1324719) exited]
[Thread 0x78785e05b640 (LWP 1324718) exited]
[Thread 0x78785e85c640 (LWP 1324717) exited]
[Thread 0x78785f05d640 (LWP 1324716) exited]
[Thread 0x78785f85e640 (LWP 1324715) exited]
[Thread 0x78786005f640 (LWP 1324714) exited]
[Thread 0x787860860640 (LWP 1324713) exited]
[Thread 0x787860906a00 (LWP 1324680) exited]
[Thread 0x78783a7fc640 (LWP 1324747) exited]
[New process 1324680]
[Inferior 1 (process 1324680) exited normally]
(gdb) (gdb) No stack.
