Attaching to process 1691155
[New LWP 1691159]
[New LWP 1691160]
[New LWP 1691161]
[New LWP 1691162]
[New LWP 1691163]
[New LWP 1691164]
[New LWP 1691165]
[New LWP 1691166]
[New LWP 1691167]
[New LWP 1691168]
[New LWP 1691169]
[New LWP 1691170]
[New LWP 1691171]
[New LWP 1691172]
[New LWP 1691173]
[New LWP 1691174]
[New LWP 1691175]
[New LWP 1691176]
[New LWP 1691177]
[New LWP 1691178]
[New LWP 1691179]
[New LWP 1691180]
[Thread debugging using libthread_db enabled]
Using host libthread_db library "/lib/x86_64-linux-gnu/libthread_db.so.1".
0x000077d61aa117f8 in __GI___clock_nanosleep (clock_id=clock_id@entry=0, flags=flags@entry=0, req=req@entry=0x7ffea530b6c0, rem=rem@entry=0x7ffea530b6c0) at ../sysdeps/unix/sysv/linux/clock_nanosleep.c:78
78	../sysdeps/unix/sysv/linux/clock_nanosleep.c: No such file or directory.
(gdb) (gdb) Continuing.
[Thread 0x77d5eb4b5640 (LWP 1691177) exited]
[Thread 0x77d5eacb4640 (LWP 1691178) exited]
[Thread 0x77d5e9aef640 (LWP 1691180) exited]
[Thread 0x77d5ea2f0640 (LWP 1691179) exited]
[Thread 0x77d5f0472640 (LWP 1691176) exited]
[Thread 0x77d5f0c73640 (LWP 1691175) exited]
[Thread 0x77d5f1474640 (LWP 1691174) exited]
[Thread 0x77d5f1c75640 (LWP 1691173) exited]
[Thread 0x77d5f2476640 (LWP 1691172) exited]
[Thread 0x77d5f2c77640 (LWP 1691171) exited]
[Thread 0x77d5f37fe640 (LWP 1691170) exited]
[Thread 0x77d610a91640 (LWP 1691168) exited]
[Thread 0x77d611292640 (LWP 1691167) exited]
[Thread 0x77d611ffb640 (LWP 1691166) exited]
[Thread 0x77d6127fc640 (LWP 1691165) exited]
[Thread 0x77d612ffd640 (LWP 1691164) exited]
[Thread 0x77d6137fe640 (LWP 1691163) exited]
[Thread 0x77d618c8f640 (LWP 1691162) exited]
[Thread 0x77d619490640 (LWP 1691161) exited]
[Thread 0x77d613fff640 (LWP 1691160) exited]
[Thread 0x77d619c91640 (LWP 1691159) exited]
[Thread 0x77d619d37a00 (LWP 1691155) exited]
[Thread 0x77d5f3fff640 (LWP 1691169) exited]
[New process 1691155]
[Inferior 1 (process 1691155) exited normally]
(gdb) (gdb) No stack.
