Attaching to process 80775
[New LWP 80779]
[New LWP 80780]
[New LWP 80781]
[New LWP 80782]
[New LWP 80783]
[New LWP 80784]
[New LWP 80785]
[New LWP 80786]
[New LWP 80787]
[New LWP 80788]
[New LWP 80789]
[New LWP 80790]
[New LWP 80791]
[New LWP 80792]
[New LWP 80793]
[New LWP 80794]
[New LWP 80795]
[New LWP 80796]
[Thread debugging using libthread_db enabled]
Using host libthread_db library "/lib/x86_64-linux-gnu/libthread_db.so.1".
0x00007f20c477ec6b in mlockall () at ../sysdeps/unix/syscall-template.S:120
120	../sysdeps/unix/syscall-template.S: No such file or directory.
(gdb) (gdb) Continuing.
[New Thread 0x7f2095220640 (LWP 80836)]
[New Thread 0x7f208ffff640 (LWP 80837)]
[New Thread 0x7f20949f7640 (LWP 80838)]
[New Thread 0x7f208f7fe640 (LWP 80839)]
[Thread 0x7f2095220640 (LWP 80836) exited]
[Thread 0x7f208ffff640 (LWP 80837) exited]
[Thread 0x7f208f7fe640 (LWP 80839) exited]
[Thread 0x7f20949f7640 (LWP 80838) exited]
[Thread 0x7f2099ffb640 (LWP 80796) exited]
[Thread 0x7f209affd640 (LWP 80794) exited]
[Thread 0x7f209b7fe640 (LWP 80793) exited]
[Thread 0x7f209bfff640 (LWP 80792) exited]
[Thread 0x7f20a0f0c640 (LWP 80791) exited]
[Thread 0x7f20a1a93640 (LWP 80790) exited]
[Thread 0x7f20a2294640 (LWP 80789) exited]
[Thread 0x7f20a2a95640 (LWP 80788) exited]
[Thread 0x7f20a3296640 (LWP 80787) exited]
[Thread 0x7f20a3fff640 (LWP 80786) exited]
[Thread 0x7f20c09bf640 (LWP 80785) exited]
[Thread 0x7f20c11c0640 (LWP 80784) exited]
[Thread 0x7f20c19c1640 (LWP 80783) exited]
[Thread 0x7f20c21c2640 (LWP 80782) exited]
[Thread 0x7f20c29c3640 (LWP 80781) exited]
[Thread 0x7f20c31c4640 (LWP 80780) exited]
[Thread 0x7f20c39c5640 (LWP 80779) exited]
[Thread 0x7f20c3a6ba00 (LWP 80775) exited]
[Thread 0x7f209a7fc640 (LWP 80795) exited]
[New process 80775]
[Inferior 1 (process 80775) exited normally]
(gdb) No stack.
(gdb) 