Attaching to process 1945231
[New LWP 1945235]
[New LWP 1945236]
[New LWP 1945237]
[New LWP 1945238]
[New LWP 1945239]
[New LWP 1945240]
[New LWP 1945241]
[New LWP 1945242]
[New LWP 1945243]
[New LWP 1945244]
[New LWP 1945245]
[New LWP 1945246]
[New LWP 1945247]
[New LWP 1945248]
[New LWP 1945249]
[New LWP 1945250]
[New LWP 1945251]
[New LWP 1945252]
[New LWP 1945253]
[New LWP 1945254]
[New LWP 1945255]
[New LWP 1945256]
[Thread debugging using libthread_db enabled]
Using host libthread_db library "/lib/x86_64-linux-gnu/libthread_db.so.1".
0x000077b65c2cd7f8 in __GI___clock_nanosleep (clock_id=clock_id@entry=0, flags=flags@entry=0, req=req@entry=0x7fff6e385b00, rem=rem@entry=0x7fff6e385b00) at ../sysdeps/unix/sysv/linux/clock_nanosleep.c:78
78	../sysdeps/unix/sysv/linux/clock_nanosleep.c: No such file or directory.
(gdb) (gdb) Continuing.
[Thread 0x77b62cd63640 (LWP 1945253) exited]
[Thread 0x77b6243ff640 (LWP 1945254) exited]
[Thread 0x77b6277fe640 (LWP 1945256) exited]
[Thread 0x77b627fff640 (LWP 1945255) exited]
[Thread 0x77b631ffb640 (LWP 1945252) exited]
[Thread 0x77b6327fc640 (LWP 1945251) exited]
[Thread 0x77b632ffd640 (LWP 1945250) exited]
[Thread 0x77b6337fe640 (LWP 1945249) exited]
[Thread 0x77b633fff640 (LWP 1945248) exited]
[Thread 0x77b650a91640 (LWP 1945247) exited]
[Thread 0x77b651292640 (LWP 1945246) exited]
[Thread 0x77b652294640 (LWP 1945244) exited]
[Thread 0x77b652a95640 (LWP 1945243) exited]
[Thread 0x77b6537fe640 (LWP 1945242) exited]
[Thread 0x77b658d48640 (LWP 1945241) exited]
[Thread 0x77b653fff640 (LWP 1945240) exited]
[Thread 0x77b659549640 (LWP 1945239) exited]
[Thread 0x77b659d4a640 (LWP 1945238) exited]
[Thread 0x77b65a54b640 (LWP 1945237) exited]
[Thread 0x77b65ad4c640 (LWP 1945236) exited]
[Thread 0x77b65b54d640 (LWP 1945235) exited]
[Thread 0x77b65b5f3a00 (LWP 1945231) exited]
[Thread 0x77b651a93640 (LWP 1945245) exited]
[New process 1945231]
[Inferior 1 (process 1945231) exited normally]
(gdb) No stack.
(gdb) 