Attaching to process 46543
[New LWP 46576]
[New LWP 46577]
[New LWP 46578]
[New LWP 46579]
[New LWP 46580]
[New LWP 46581]
[New LWP 46582]
[New LWP 46583]
[New LWP 46607]
[New LWP 46608]
[New LWP 46609]
[New LWP 46610]
[New LWP 46611]
[New LWP 46612]
[New LWP 46613]
[New LWP 46614]
[New LWP 46615]
[New LWP 46616]
[New LWP 46617]
[New LWP 46618]
[New LWP 46619]
[New LWP 46620]
78	../sysdeps/unix/sysv/linux/clock_nanosleep.c: No such file or directory.
[Thread debugging using libthread_db enabled]
Using host libthread_db library "/lib/x86_64-linux-gnu/libthread_db.so.1".
0x000073a5d78197f8 in __GI___clock_nanosleep (clock_id=clock_id@entry=0, flags=flags@entry=0, req=req@entry=0x7fff672f4dc0, rem=rem@entry=0x7fff672f4dc0) at ../sysdeps/unix/sysv/linux/clock_nanosleep.c:78
(gdb) (gdb) Continuing.
[Thread 0x73a5a7fff640 (LWP 46617) exited]
[Thread 0x73a59f5ff640 (LWP 46618) exited]
[Thread 0x73a5a77fe640 (LWP 46619) exited]
[Thread 0x73a5b4dfa640 (LWP 46616) exited]
[Thread 0x73a5b55fb640 (LWP 46615) exited]
[Thread 0x73a5b5dfc640 (LWP 46614) exited]
[Thread 0x73a5b65fd640 (LWP 46613) exited]
[Thread 0x73a5b6dfe640 (LWP 46612) exited]
[Thread 0x73a5b7fff640 (LWP 46611) exited]
[Thread 0x73a5bd292640 (LWP 46610) exited]
[Thread 0x73a5bda93640 (LWP 46609) exited]
[Thread 0x73a5be294640 (LWP 46608) exited]
[Thread 0x73a5bea95640 (LWP 46607) exited]
[Thread 0x73a5bf7fe640 (LWP 46583) exited]
[Thread 0x73a5b75ff640 (LWP 46582) exited]
[Thread 0x73a5bffff640 (LWP 46581) exited]
[Thread 0x73a5d4a95640 (LWP 46580) exited]
[Thread 0x73a5d5296640 (LWP 46579) exited]
[Thread 0x73a5d5a97640 (LWP 46578) exited]
[Thread 0x73a5d6298640 (LWP 46577) exited]
[Thread 0x73a5d6a99640 (LWP 46576) exited]
[Thread 0x73a5d6b3fa00 (LWP 46543) exited]
[Thread 0x73a5a6ffd640 (LWP 46620) exited]
[New process 46543]
[Inferior 1 (process 46543) exited normally]
(gdb) No stack.
(gdb) 