Attaching to process 844620
[New LWP 844624]
[New LWP 844625]
[New LWP 844626]
[New LWP 844627]
[New LWP 844628]
[New LWP 844629]
[New LWP 844630]
[New LWP 844631]
[New LWP 844632]
[New LWP 844633]
[New LWP 844634]
[New LWP 844635]
[New LWP 844636]
[New LWP 844637]
[New LWP 844638]
[New LWP 844639]
[New LWP 844640]
[New LWP 844641]
[New LWP 844642]
[New LWP 844643]
[New LWP 844644]
[New LWP 844645]
[Thread debugging using libthread_db enabled]
Using host libthread_db library "/lib/x86_64-linux-gnu/libthread_db.so.1".
0x00007a3b75caf7f8 in __GI___clock_nanosleep (clock_id=clock_id@entry=0, flags=flags@entry=0, req=req@entry=0x7fff8cc025d0, rem=rem@entry=0x7fff8cc025d0) at ../sysdeps/unix/sysv/linux/clock_nanosleep.c:78
78	../sysdeps/unix/sysv/linux/clock_nanosleep.c: No such file or directory.
(gdb) (gdb) Continuing.
[Thread 0x7a3b46729640 (LWP 844642) exited]
[Thread 0x7a3b45f28640 (LWP 844643) exited]
[Thread 0x7a3b44d63640 (LWP 844645) exited]
[Thread 0x7a3b45727640 (LWP 844644) exited]
[Thread 0x7a3b4b7fe640 (LWP 844641) exited]
[Thread 0x7a3b4bfff640 (LWP 844640) exited]
[Thread 0x7a3b68a72640 (LWP 844639) exited]
[Thread 0x7a3b69273640 (LWP 844638) exited]
[Thread 0x7a3b69a74640 (LWP 844637) exited]
[Thread 0x7a3b6a275640 (LWP 844636) exited]
[Thread 0x7a3b6adfc640 (LWP 844635) exited]
[Thread 0x7a3b6b5fd640 (LWP 844634) exited]
[Thread 0x7a3b6bdfe640 (LWP 844633) exited]
[Thread 0x7a3b6cff9640 (LWP 844632) exited]
[Thread 0x7a3b6d7fa640 (LWP 844631) exited]
[Thread 0x7a3b6dffb640 (LWP 844630) exited]
[Thread 0x7a3b6e7fc640 (LWP 844629) exited]
[Thread 0x7a3b6effd640 (LWP 844628) exited]
[Thread 0x7a3b6f7fe640 (LWP 844627) exited]
[Thread 0x7a3b6ffff640 (LWP 844626) exited]
[Thread 0x7a3b6c5ff640 (LWP 844625) exited]
[Thread 0x7a3b74f2f640 (LWP 844624) exited]
[Inferior 1 (process 844620) exited normally]
(gdb) (gdb) No stack.
