Attaching to process 845231
[New LWP 845235]
[New LWP 845236]
[New LWP 845237]
[New LWP 845238]
[New LWP 845239]
[New LWP 845240]
[New LWP 845241]
[New LWP 845242]
[New LWP 845243]
[New LWP 845244]
[New LWP 845245]
[New LWP 845246]
[New LWP 845247]
[New LWP 845248]
[New LWP 845249]
[New LWP 845250]
[New LWP 845251]
[New LWP 845252]
[New LWP 845253]
[New LWP 845254]
[New LWP 845255]
[New LWP 845256]
[Thread debugging using libthread_db enabled]
Using host libthread_db library "/lib/x86_64-linux-gnu/libthread_db.so.1".
0x00007bcf5b1ba7f8 in __GI___clock_nanosleep (clock_id=clock_id@entry=0, flags=flags@entry=0, req=req@entry=0x7ffe70c85550, rem=rem@entry=0x7ffe70c85550) at ../sysdeps/unix/sysv/linux/clock_nanosleep.c:78
78	../sysdeps/unix/sysv/linux/clock_nanosleep.c: No such file or directory.
(gdb) (gdb) Continuing.
[Thread 0x7bcf2bc2a640 (LWP 845253) exited]
[Thread 0x7bcf23fff640 (LWP 845254) exited]
[Thread 0x7bcf30c73640 (LWP 845252) exited]
[Thread 0x7bcf2aa65640 (LWP 845256) exited]
[Thread 0x7bcf2b429640 (LWP 845255) exited]
[Thread 0x7bcf31474640 (LWP 845251) exited]
[Thread 0x7bcf31c75640 (LWP 845250) exited]
[Thread 0x7bcf32476640 (LWP 845249) exited]
[Thread 0x7bcf32c77640 (LWP 845248) exited]
[Thread 0x7bcf33478640 (LWP 845247) exited]
[Thread 0x7bcf50a91640 (LWP 845245) exited]
[Thread 0x7bcf51292640 (LWP 845244) exited]
[Thread 0x7bcf51a93640 (LWP 845243) exited]
[Thread 0x7bcf527fc640 (LWP 845242) exited]
[Thread 0x7bcf52ffd640 (LWP 845241) exited]
[Thread 0x7bcf537fe640 (LWP 845240) exited]
[Thread 0x7bcf58c37640 (LWP 845239) exited]
[Thread 0x7bcf59438640 (LWP 845238) exited]
[Thread 0x7bcf59c39640 (LWP 845237) exited]
[Thread 0x7bcf53fff640 (LWP 845236) exited]
[Thread 0x7bcf5a43a640 (LWP 845235) exited]
[Thread 0x7bcf5a4e0a00 (LWP 845231) exited]
[Thread 0x7bcf33fff640 (LWP 845246) exited]
[New process 845231]
[Inferior 1 (process 845231) exited normally]
(gdb) No stack.
(gdb) 