Attaching to process 845842
[New LWP 845846]
[New LWP 845847]
[New LWP 845848]
[New LWP 845849]
[New LWP 845850]
[New LWP 845851]
[New LWP 845852]
[New LWP 845853]
[New LWP 845854]
[New LWP 845855]
[New LWP 845856]
[New LWP 845857]
[New LWP 845858]
[New LWP 845859]
[New LWP 845860]
[New LWP 845861]
[New LWP 845862]
[New LWP 845863]
[New LWP 845864]
[New LWP 845865]
[New LWP 845866]
[New LWP 845867]
[Thread debugging using libthread_db enabled]
Using host libthread_db library "/lib/x86_64-linux-gnu/libthread_db.so.1".
0x000071c4a728b7f8 in __GI___clock_nanosleep (clock_id=clock_id@entry=0, flags=flags@entry=0, req=req@entry=0x7ffd270574a0, rem=rem@entry=0x7ffd270574a0) at ../sysdeps/unix/sysv/linux/clock_nanosleep.c:78
78	../sysdeps/unix/sysv/linux/clock_nanosleep.c: No such file or directory.
(gdb) (gdb) Continuing.
[Thread 0x71c477d20640 (LWP 845864) exited]
[Thread 0x71c47751f640 (LWP 845865) exited]
[Thread 0x71c47635a640 (LWP 845867) exited]
[Thread 0x71c476d1e640 (LWP 845866) exited]
[Thread 0x71c47c7f8640 (LWP 845863) exited]
[Thread 0x71c47cff9640 (LWP 845862) exited]
[Thread 0x71c47d7fa640 (LWP 845861) exited]
[Thread 0x71c47dffb640 (LWP 845860) exited]
[Thread 0x71c47e7fc640 (LWP 845859) exited]
[Thread 0x71c47effd640 (LWP 845858) exited]
[Thread 0x71c47f7fe640 (LWP 845857) exited]
[Thread 0x71c47ffff640 (LWP 845856) exited]
[Thread 0x71c49cbfd640 (LWP 845855) exited]
[Thread 0x71c49d3fe640 (LWP 845854) exited]
[Thread 0x71c49effd640 (LWP 845853) exited]
[Thread 0x71c49f7fe640 (LWP 845852) exited]
[Thread 0x71c49ffff640 (LWP 845851) exited]
[Thread 0x71c4a4d08640 (LWP 845850) exited]
[Thread 0x71c4a5509640 (LWP 845849) exited]
[Thread 0x71c4a5d0a640 (LWP 845848) exited]
[Thread 0x71c49dbff640 (LWP 845847) exited]
[Thread 0x71c4a650b640 (LWP 845846) exited]
[Inferior 1 (process 845842) exited normally]
(gdb) No stack.
(gdb) 