Attaching to process 3571110
[New LWP 3571114]
[New LWP 3571115]
[New LWP 3571116]
[New LWP 3571117]
[New LWP 3571118]
[New LWP 3571119]
[New LWP 3571120]
[New LWP 3571121]
[New LWP 3571122]
[New LWP 3571123]
[New LWP 3571124]
[New LWP 3571125]
[New LWP 3571126]
[New LWP 3571127]
[New LWP 3571128]
[New LWP 3571129]
[New LWP 3571130]
[New LWP 3571131]
[New LWP 3571132]
[New LWP 3571133]
[New LWP 3571134]
[New LWP 3571135]
[Thread debugging using libthread_db enabled]
Using host libthread_db library "/lib/x86_64-linux-gnu/libthread_db.so.1".
0x000071110552d7f8 in __GI___clock_nanosleep (clock_id=clock_id@entry=0, flags=flags@entry=0, req=req@entry=0x7ffe35458520, rem=rem@entry=0x7ffe35458520) at ../sysdeps/unix/sysv/linux/clock_nanosleep.c:78
78	../sysdeps/unix/sysv/linux/clock_nanosleep.c: No such file or directory.
(gdb) (gdb) Continuing.
[Thread 0x7110d5ffa640 (LWP 3571132) exited]
[Thread 0x7110d57f9640 (LWP 3571133) exited]
[Thread 0x7110cffff640 (LWP 3571135) exited]
[Thread 0x7110d4fd0640 (LWP 3571134) exited]
[Thread 0x7110daffd640 (LWP 3571131) exited]
[Thread 0x7110db7fe640 (LWP 3571130) exited]
[Thread 0x7110dbfff640 (LWP 3571129) exited]
[Thread 0x7110f8c73640 (LWP 3571128) exited]
[Thread 0x7110f9474640 (LWP 3571127) exited]
[Thread 0x7110f9c75640 (LWP 3571126) exited]
[Thread 0x7110faffd640 (LWP 3571124) exited]
[Thread 0x7110fb7fe640 (LWP 3571123) exited]
[Thread 0x7111008df640 (LWP 3571122) exited]
[Thread 0x7111017a7640 (LWP 3571121) exited]
[Thread 0x711101fa8640 (LWP 3571120) exited]
[Thread 0x7111027a9640 (LWP 3571119) exited]
[Thread 0x711102faa640 (LWP 3571118) exited]
[Thread 0x7111037ab640 (LWP 3571117) exited]
[Thread 0x711103fac640 (LWP 3571116) exited]
[Thread 0x7110fbfff640 (LWP 3571115) exited]
[Thread 0x7111047ad640 (LWP 3571114) exited]
[Thread 0x711104853a00 (LWP 3571110) exited]
[Thread 0x7110fa7fc640 (LWP 3571125) exited]
[New process 3571110]
[Inferior 1 (process 3571110) exited normally]
(gdb) No stack.
(gdb) 