Attaching to process 3571604
[New LWP 3571637]
[New LWP 3571638]
[New LWP 3571639]
[New LWP 3571640]
[New LWP 3571641]
[New LWP 3571642]
[New LWP 3571643]
[New LWP 3571644]
[New LWP 3571668]
[New LWP 3571669]
[New LWP 3571670]
[New LWP 3571671]
[New LWP 3571672]
[New LWP 3571673]
[New LWP 3571674]
[New LWP 3571675]
[New LWP 3571676]
[New LWP 3571677]
[New LWP 3571678]
[New LWP 3571679]
[New LWP 3571680]
[New LWP 3571681]
78	../sysdeps/unix/sysv/linux/clock_nanosleep.c: No such file or directory.
[Thread debugging using libthread_db enabled]
Using host libthread_db library "/lib/x86_64-linux-gnu/libthread_db.so.1".
0x0000754dfc8597f8 in __GI___clock_nanosleep (clock_id=clock_id@entry=0, flags=flags@entry=0, req=req@entry=0x7ffee61381b0, rem=rem@entry=0x7ffee61381b0) at ../sysdeps/unix/sysv/linux/clock_nanosleep.c:78
(gdb) (gdb) Continuing.
[Thread 0x754dcd315640 (LWP 3571678) exited]
[Thread 0x754dc8b14640 (LWP 3571679) exited]
[Thread 0x754dccb14640 (LWP 3571680) exited]
[Thread 0x754dcc2eb640 (LWP 3571681) exited]
[Thread 0x754dd67fc640 (LWP 3571676) exited]
[Thread 0x754dd6ffd640 (LWP 3571675) exited]
[Thread 0x754dd77fe640 (LWP 3571674) exited]
[Thread 0x754dd7fff640 (LWP 3571673) exited]
[Thread 0x754df0f0c640 (LWP 3571672) exited]
[Thread 0x754df1a93640 (LWP 3571671) exited]
[Thread 0x754df2294640 (LWP 3571670) exited]
[Thread 0x754df2a95640 (LWP 3571669) exited]
[Thread 0x754df3296640 (LWP 3571668) exited]
[Thread 0x754df8ad3640 (LWP 3571644) exited]
[Thread 0x754df92d4640 (LWP 3571643) exited]
[Thread 0x754df9ad5640 (LWP 3571642) exited]
[Thread 0x754dfa2d6640 (LWP 3571641) exited]
[Thread 0x754dfaad7640 (LWP 3571640) exited]
[Thread 0x754dfb2d8640 (LWP 3571639) exited]
[Thread 0x754df3fff640 (LWP 3571638) exited]
[Thread 0x754dfbad9640 (LWP 3571637) exited]
[Thread 0x754dfbb7fa00 (LWP 3571604) exited]
[Thread 0x754dd5ffb640 (LWP 3571677) exited]
[New process 3571604]
[Inferior 1 (process 3571604) exited normally]
(gdb) No stack.
(gdb) 