Attaching to process 366680
[New LWP 366684]
[New LWP 366685]
[New LWP 366686]
[New LWP 366687]
[New LWP 366688]
[New LWP 366689]
[New LWP 366690]
[New LWP 366691]
[New LWP 366692]
[New LWP 366693]
[New LWP 366694]
[New LWP 366695]
[New LWP 366696]
[New LWP 366697]
[New LWP 366698]
[New LWP 366699]
[New LWP 366700]
[New LWP 366701]
[New LWP 366702]
[New LWP 366703]
[New LWP 366704]
[New LWP 366705]
78	../sysdeps/unix/sysv/linux/clock_nanosleep.c: No such file or directory.
[Thread debugging using libthread_db enabled]
Using host libthread_db library "/lib/x86_64-linux-gnu/libthread_db.so.1".
0x000074e5ef5ac7f8 in __GI___clock_nanosleep (clock_id=clock_id@entry=0, flags=flags@entry=0, req=req@entry=0x7ffe35cc0e60, rem=rem@entry=0x7ffe35cc0e60) at ../sysdeps/unix/sysv/linux/clock_nanosleep.c:78
(gdb) (gdb) Continuing.
[Thread 0x74e5c0060640 (LWP 366702) exited]
[Thread 0x74e5bf85f640 (LWP 366703) exited]
[Thread 0x74e5be85d640 (LWP 366705) exited]
[Thread 0x74e5bf05e640 (LWP 366704) exited]
[Thread 0x74e5c5474640 (LWP 366701) exited]
[Thread 0x74e5c5c75640 (LWP 366700) exited]
[Thread 0x74e5c6476640 (LWP 366699) exited]
[Thread 0x74e5c6c77640 (LWP 366698) exited]
[Thread 0x74e5c7478640 (LWP 366697) exited]
[Thread 0x74e5c7c79640 (LWP 366696) exited]
[Thread 0x74e5dc932640 (LWP 366695) exited]
[Thread 0x74e5dd133640 (LWP 366694) exited]
[Thread 0x74e5dd934640 (LWP 366693) exited]
[Thread 0x74e5deffd640 (LWP 366691) exited]
[Thread 0x74e5df7fe640 (LWP 366690) exited]
[Thread 0x74e5dffff640 (LWP 366689) exited]
[Thread 0x74e5ec828640 (LWP 366688) exited]
[Thread 0x74e5ed029640 (LWP 366687) exited]
[Thread 0x74e5ed82a640 (LWP 366686) exited]
[Thread 0x74e5ee02b640 (LWP 366685) exited]
[Thread 0x74e5ee82c640 (LWP 366684) exited]
[Thread 0x74e5ee8d2a00 (LWP 366680) exited]
[Thread 0x74e5de135640 (LWP 366692) exited]
[New process 366680]
[Inferior 1 (process 366680) exited normally]
(gdb) No stack.
(gdb) 