Attaching to process 2495814
[New LWP 2495818]
[New LWP 2495819]
[New LWP 2495820]
[New LWP 2495821]
[New LWP 2495822]
[New LWP 2495823]
[New LWP 2495824]
[New LWP 2495825]
[New LWP 2495827]
[New LWP 2495828]
[New LWP 2495829]
[New LWP 2495830]
[New LWP 2495831]
[New LWP 2495832]
[New LWP 2495833]
[New LWP 2495834]
[New LWP 2495835]
[New LWP 2495836]
[New LWP 2495837]
[New LWP 2495838]
[New LWP 2495839]
[New LWP 2495840]
[Thread debugging using libthread_db enabled]
Using host libthread_db library "/lib/x86_64-linux-gnu/libthread_db.so.1".
0x000072a716ff67f8 in __GI___clock_nanosleep (clock_id=clock_id@entry=0, flags=flags@entry=0, req=req@entry=0x7ffdd1339da0, rem=rem@entry=0x7ffdd1339da0) at ../sysdeps/unix/sysv/linux/clock_nanosleep.c:78
78	../sysdeps/unix/sysv/linux/clock_nanosleep.c: No such file or directory.
(gdb) (gdb) Continuing.
[Thread 0x72a6e79fb640 (LWP 2495837) exited]
[Thread 0x72a6e31fa640 (LWP 2495838) exited]
[Thread 0x72a6e69f9640 (LWP 2495840) exited]
[Thread 0x72a6e71fa640 (LWP 2495839) exited]
[Thread 0x72a6f4c73640 (LWP 2495836) exited]
[Thread 0x72a6f5474640 (LWP 2495835) exited]
[Thread 0x72a6f5c75640 (LWP 2495834) exited]
[Thread 0x72a6f6476640 (LWP 2495833) exited]
[Thread 0x72a6f6c77640 (LWP 2495832) exited]
[Thread 0x72a6f7478640 (LWP 2495831) exited]
[Thread 0x72a6f7fff640 (LWP 2495830) exited]
[Thread 0x72a70c9fe640 (LWP 2495829) exited]
[Thread 0x72a70da93640 (LWP 2495828) exited]
[Thread 0x72a70e294640 (LWP 2495827) exited]
[Thread 0x72a70effd640 (LWP 2495825) exited]
[Thread 0x72a70f7fe640 (LWP 2495824) exited]
[Thread 0x72a70ffff640 (LWP 2495823) exited]
[Thread 0x72a714a73640 (LWP 2495822) exited]
[Thread 0x72a715274640 (LWP 2495821) exited]
[Thread 0x72a70d1ff640 (LWP 2495820) exited]
[Thread 0x72a715a75640 (LWP 2495819) exited]
[Thread 0x72a716276640 (LWP 2495818) exited]
[Inferior 1 (process 2495814) exited normally]
(gdb) No stack.
(gdb) 