Attaching to process 2495746
[New LWP 2495750]
[New LWP 2495751]
[New LWP 2495752]
[New LWP 2495753]
[New LWP 2495754]
[New LWP 2495755]
[New LWP 2495756]
[New LWP 2495757]
[New LWP 2495758]
[New LWP 2495759]
[New LWP 2495760]
[New LWP 2495761]
[New LWP 2495762]
[New LWP 2495763]
[New LWP 2495764]
[New LWP 2495765]
[New LWP 2495766]
[New LWP 2495767]
[New LWP 2495768]
[New LWP 2495769]
[New LWP 2495770]
[New LWP 2495771]
78	../sysdeps/unix/sysv/linux/clock_nanosleep.c: No such file or directory.
[Thread debugging using libthread_db enabled]
Using host libthread_db library "/lib/x86_64-linux-gnu/libthread_db.so.1".
0x0000767d27b5b7f8 in __GI___clock_nanosleep (clock_id=clock_id@entry=0, flags=flags@entry=0, req=req@entry=0x7ffd5de9a220, rem=rem@entry=0x7ffd5de9a220) at ../sysdeps/unix/sysv/linux/clock_nanosleep.c:78
(gdb) (gdb) Continuing.
[Thread 0x767cf85ed640 (LWP 2495768) exited]
[Thread 0x767cf7dec640 (LWP 2495769) exited]
[Thread 0x767cf6dea640 (LWP 2495771) exited]
[Thread 0x767cf75eb640 (LWP 2495770) exited]
[Thread 0x767d017fa640 (LWP 2495767) exited]
[Thread 0x767d01ffb640 (LWP 2495766) exited]
[Thread 0x767d027fc640 (LWP 2495765) exited]
[Thread 0x767d02ffd640 (LWP 2495764) exited]
[Thread 0x767d037fe640 (LWP 2495763) exited]
[Thread 0x767d03fff640 (LWP 2495762) exited]
[Thread 0x767d1ca91640 (LWP 2495761) exited]
[Thread 0x767d1d292640 (LWP 2495760) exited]
[Thread 0x767d1da93640 (LWP 2495759) exited]
[Thread 0x767d1e294640 (LWP 2495758) exited]
[Thread 0x767d1f7fe640 (LWP 2495756) exited]
[Thread 0x767d24dd7640 (LWP 2495755) exited]
[Thread 0x767d255d8640 (LWP 2495754) exited]
[Thread 0x767d25dd9640 (LWP 2495753) exited]
[Thread 0x767d1ffff640 (LWP 2495752) exited]
[Thread 0x767d265da640 (LWP 2495751) exited]
[Thread 0x767d26ddb640 (LWP 2495750) exited]
[Thread 0x767d26e81a00 (LWP 2495746) exited]
[Thread 0x767d1effd640 (LWP 2495757) exited]
[New process 2495746]
[Inferior 1 (process 2495746) exited normally]
(gdb) No stack.
(gdb) 