Attaching to process 2706252
[New LWP 2706285]
[New LWP 2706286]
[New LWP 2706287]
[New LWP 2706288]
[New LWP 2706289]
[New LWP 2706290]
[New LWP 2706291]
[New LWP 2706292]
[New LWP 2706316]
[New LWP 2706317]
[New LWP 2706318]
[New LWP 2706319]
[New LWP 2706320]
[New LWP 2706321]
[New LWP 2706322]
[New LWP 2706323]
[New LWP 2706324]
[New LWP 2706325]
[New LWP 2706326]
[New LWP 2706327]
[New LWP 2706328]
[New LWP 2706329]
78	../sysdeps/unix/sysv/linux/clock_nanosleep.c: No such file or directory.
[Thread debugging using libthread_db enabled]
Using host libthread_db library "/lib/x86_64-linux-gnu/libthread_db.so.1".
0x00007a7a0fac47f8 in __GI___clock_nanosleep (clock_id=clock_id@entry=0, flags=flags@entry=0, req=req@entry=0x7ffe87a13d40, rem=rem@entry=0x7ffe87a13d40) at ../sysdeps/unix/sysv/linux/clock_nanosleep.c:78
(gdb) (gdb) Continuing.
[Thread 0x7a79deba1640 (LWP 2706329) exited]
[Thread 0x7a79df565640 (LWP 2706328) exited]
[Thread 0x7a79dfd66640 (LWP 2706327) exited]
[Thread 0x7a79e0567640 (LWP 2706326) exited]
[Thread 0x7a79e4ff9640 (LWP 2706325) exited]
[Thread 0x7a79e57fa640 (LWP 2706324) exited]
[Thread 0x7a79e5ffb640 (LWP 2706323) exited]
[Thread 0x7a79e67fc640 (LWP 2706322) exited]
[Thread 0x7a79e6ffd640 (LWP 2706321) exited]
[Thread 0x7a79e77fe640 (LWP 2706320) exited]
[Thread 0x7a79e7fff640 (LWP 2706319) exited]
[Thread 0x7a7a04bfd640 (LWP 2706318) exited]
[Thread 0x7a7a053fe640 (LWP 2706317) exited]
[Thread 0x7a7a06a95640 (LWP 2706316) exited]
[Thread 0x7a7a077fe640 (LWP 2706292) exited]
[Thread 0x7a7a07fff640 (LWP 2706291) exited]
[Thread 0x7a7a0cd40640 (LWP 2706290) exited]
[Thread 0x7a7a0d541640 (LWP 2706289) exited]
[Thread 0x7a7a0dd42640 (LWP 2706288) exited]
[Thread 0x7a7a05bff640 (LWP 2706287) exited]
[Thread 0x7a7a0e543640 (LWP 2706286) exited]
[Thread 0x7a7a0ed44640 (LWP 2706285) exited]
[Inferior 1 (process 2706252) exited with code 01]
(gdb) (gdb) No stack.
