Attaching to process 2705709
[New LWP 2705742]
[New LWP 2705743]
[New LWP 2705744]
[New LWP 2705745]
[New LWP 2705746]
[New LWP 2705747]
[New LWP 2705748]
[New LWP 2705749]
[New LWP 2705773]
[New LWP 2705774]
[New LWP 2705775]
[New LWP 2705776]
[New LWP 2705777]
[New LWP 2705778]
[New LWP 2705779]
[New LWP 2705780]
[New LWP 2705781]
[New LWP 2705782]
[New LWP 2705783]
[New LWP 2705784]
[New LWP 2705785]
[New LWP 2705786]
[Thread debugging using libthread_db enabled]
Using host libthread_db library "/lib/x86_64-linux-gnu/libthread_db.so.1".
0x0000705a4bbc07f8 in __GI___clock_nanosleep (clock_id=clock_id@entry=0, flags=flags@entry=0, req=req@entry=0x7ffef6be1410, rem=rem@entry=0x7ffef6be1410) at ../sysdeps/unix/sysv/linux/clock_nanosleep.c:78
78	../sysdeps/unix/sysv/linux/clock_nanosleep.c: No such file or directory.
(gdb) (gdb) Continuing.
[Thread 0x705a1a7fc640 (LWP 2705786) exited]
[Thread 0x705a1affd640 (LWP 2705785) exited]
[Thread 0x705a1b7fe640 (LWP 2705784) exited]
[Thread 0x705a1bfff640 (LWP 2705783) exited]
[Thread 0x705a317fa640 (LWP 2705782) exited]
[Thread 0x705a31ffb640 (LWP 2705781) exited]
[Thread 0x705a327fc640 (LWP 2705780) exited]
[Thread 0x705a32ffd640 (LWP 2705779) exited]
[Thread 0x705a337fe640 (LWP 2705778) exited]
[Thread 0x705a33fff640 (LWP 2705777) exited]
[Thread 0x705a38a91640 (LWP 2705776) exited]
[Thread 0x705a39292640 (LWP 2705775) exited]
[Thread 0x705a39a93640 (LWP 2705774) exited]
[Thread 0x705a3a294640 (LWP 2705773) exited]
[Thread 0x705a3affd640 (LWP 2705749) exited]
[Thread 0x705a3b7fe640 (LWP 2705748) exited]
[Thread 0x705a3bfff640 (LWP 2705747) exited]
[Thread 0x705a48e3c640 (LWP 2705746) exited]
[Thread 0x705a4963d640 (LWP 2705745) exited]
[Thread 0x705a49e3e640 (LWP 2705744) exited]
[Thread 0x705a4a63f640 (LWP 2705743) exited]
[Thread 0x705a4ae40640 (LWP 2705742) exited]
[Inferior 1 (process 2705709) exited with code 01]
No stack.
(gdb) (gdb) 