Attaching to process 2706795
[New LWP 2706828]
[New LWP 2706829]
[New LWP 2706830]
[New LWP 2706831]
[New LWP 2706832]
[New LWP 2706833]
[New LWP 2706834]
[New LWP 2706835]
[New LWP 2706859]
[New LWP 2706860]
[New LWP 2706861]
[New LWP 2706862]
[New LWP 2706863]
[New LWP 2706864]
[New LWP 2706865]
[New LWP 2706866]
[New LWP 2706867]
[New LWP 2706868]
[New LWP 2706869]
[New LWP 2706870]
[New LWP 2706871]
[New LWP 2706872]
[Thread debugging using libthread_db enabled]
Using host libthread_db library "/lib/x86_64-linux-gnu/libthread_db.so.1".
0x00007fed3a22b7f8 in __GI___clock_nanosleep (clock_id=clock_id@entry=0, flags=flags@entry=0, req=req@entry=0x7ffddca37fa0, rem=rem@entry=0x7ffddca37fa0) at ../sysdeps/unix/sysv/linux/clock_nanosleep.c:78
78	../sysdeps/unix/sysv/linux/clock_nanosleep.c: No such file or directory.
(gdb) (gdb) Continuing.
[Thread 0x7fed09286640 (LWP 2706872) exited]
[Thread 0x7fed09c4a640 (LWP 2706871) exited]
[Thread 0x7fed0a44b640 (LWP 2706870) exited]
[Thread 0x7fed0ac4c640 (LWP 2706869) exited]
[Thread 0x7fed137fe640 (LWP 2706868) exited]
[Thread 0x7fed13fff640 (LWP 2706867) exited]
[Thread 0x7fed20a75640 (LWP 2706866) exited]
[Thread 0x7fed21276640 (LWP 2706865) exited]
[Thread 0x7fed21a77640 (LWP 2706864) exited]
[Thread 0x7fed22278640 (LWP 2706863) exited]
[Thread 0x7fed23fff640 (LWP 2706861) exited]
[Thread 0x7fed28a91640 (LWP 2706860) exited]
[Thread 0x7fed29292640 (LWP 2706859) exited]
[Thread 0x7fed29ffb640 (LWP 2706835) exited]
[Thread 0x7fed2a7fc640 (LWP 2706834) exited]
[Thread 0x7fed2affd640 (LWP 2706833) exited]
[Thread 0x7fed22dff640 (LWP 2706832) exited]
[Thread 0x7fed2b7fe640 (LWP 2706831) exited]
[Thread 0x7fed2bfff640 (LWP 2706830) exited]
[Thread 0x7fed38caa640 (LWP 2706829) exited]
[Thread 0x7fed394ab640 (LWP 2706828) exited]
[Thread 0x7fed39551a00 (LWP 2706795) exited]
[Thread 0x7fed237fe640 (LWP 2706862) exited]
[New process 2706795]
[Inferior 1 (process 2706795) exited with code 01]
(gdb) No stack.
(gdb) 