Attaching to process 871206
[New LWP 871210]
[New LWP 871211]
[New LWP 871212]
[New LWP 871213]
[New LWP 871214]
[New LWP 871215]
[New LWP 871216]
[New LWP 871217]
[New LWP 871218]
[New LWP 871219]
[New LWP 871220]
[New LWP 871221]
[New LWP 871222]
[New LWP 871223]
[New LWP 871224]
[New LWP 871225]
[New LWP 871226]
[New LWP 871227]
[New LWP 871228]
[New LWP 871229]
[New LWP 871230]
[New LWP 871231]
78	../sysdeps/unix/sysv/linux/clock_nanosleep.c: No such file or directory.
[Thread debugging using libthread_db enabled]
Using host libthread_db library "/lib/x86_64-linux-gnu/libthread_db.so.1".
0x000073caf52407f8 in __GI___clock_nanosleep (clock_id=clock_id@entry=0, flags=flags@entry=0, req=req@entry=0x7ffd84dbc7e0, rem=rem@entry=0x7ffd84dbc7e0) at ../sysdeps/unix/sysv/linux/clock_nanosleep.c:78
(gdb) (gdb) Continuing.
[Thread 0x73cac5cde640 (LWP 871228) exited]
[Thread 0x73cac54dd640 (LWP 871229) exited]
[Thread 0x73cabffff640 (LWP 871231) exited]
[Thread 0x73cac4cdc640 (LWP 871230) exited]
[Thread 0x73caca7fc640 (LWP 871227) exited]
[Thread 0x73cacaffd640 (LWP 871226) exited]
[Thread 0x73cacb7fe640 (LWP 871225) exited]
[Thread 0x73cacbfff640 (LWP 871224) exited]
[Thread 0x73cae8ff9640 (LWP 871223) exited]
[Thread 0x73cae97fa640 (LWP 871222) exited]
[Thread 0x73cae9ffb640 (LWP 871221) exited]
[Thread 0x73caea7fc640 (LWP 871220) exited]
[Thread 0x73caeaffd640 (LWP 871219) exited]
[Thread 0x73caeb7fe640 (LWP 871218) exited]
[Thread 0x73caf14ba640 (LWP 871217) exited]
[Thread 0x73caf1cbb640 (LWP 871216) exited]
[Thread 0x73caf24bc640 (LWP 871215) exited]
[Thread 0x73caf34be640 (LWP 871213) exited]
[Thread 0x73caf3cbf640 (LWP 871212) exited]
[Thread 0x73caebfff640 (LWP 871211) exited]
[Thread 0x73caf44c0640 (LWP 871210) exited]
[Thread 0x73caf4566a00 (LWP 871206) exited]
[Thread 0x73caf2cbd640 (LWP 871214) exited]
[New process 871206]
[Inferior 1 (process 871206) exited normally]
(gdb) No stack.
(gdb) 