Attaching to process 1199587
[New LWP 1199591]
[New LWP 1199592]
[New LWP 1199593]
[New LWP 1199594]
[New LWP 1199595]
[New LWP 1199596]
[New LWP 1199597]
[New LWP 1199598]
[New LWP 1199599]
[New LWP 1199600]
[New LWP 1199601]
[New LWP 1199602]
[New LWP 1199603]
[New LWP 1199604]
[New LWP 1199605]
[New LWP 1199606]
[New LWP 1199607]
[New LWP 1199608]
[New LWP 1199609]
[New LWP 1199610]
[New LWP 1199611]
[New LWP 1199612]
[Thread debugging using libthread_db enabled]
Using host libthread_db library "/lib/x86_64-linux-gnu/libthread_db.so.1".
0x00007ea20bba67f8 in __GI___clock_nanosleep (clock_id=clock_id@entry=0, flags=flags@entry=0, req=req@entry=0x7ffe113c7330, rem=rem@entry=0x7ffe113c7330) at ../sysdeps/unix/sysv/linux/clock_nanosleep.c:78
78	../sysdeps/unix/sysv/linux/clock_nanosleep.c: No such file or directory.
(gdb) (gdb) Continuing.
[Thread 0x7ea1dc634640 (LWP 1199609) exited]
[Thread 0x7ea1dbe33640 (LWP 1199610) exited]
[Thread 0x7ea1dac6e640 (LWP 1199612) exited]
[Thread 0x7ea1db632640 (LWP 1199611) exited]
[Thread 0x7ea1e17fa640 (LWP 1199608) exited]
[Thread 0x7ea1e1ffb640 (LWP 1199607) exited]
[Thread 0x7ea1e27fc640 (LWP 1199606) exited]
[Thread 0x7ea1e2ffd640 (LWP 1199605) exited]
[Thread 0x7ea1e37fe640 (LWP 1199604) exited]
[Thread 0x7ea1e3fff640 (LWP 1199603) exited]
[Thread 0x7ea200a91640 (LWP 1199602) exited]
[Thread 0x7ea201292640 (LWP 1199601) exited]
[Thread 0x7ea201a93640 (LWP 1199600) exited]
[Thread 0x7ea202ffd640 (LWP 1199598) exited]
[Thread 0x7ea2037fe640 (LWP 1199597) exited]
[Thread 0x7ea203fff640 (LWP 1199596) exited]
[Thread 0x7ea208e22640 (LWP 1199595) exited]
[Thread 0x7ea209623640 (LWP 1199594) exited]
[Thread 0x7ea209e24640 (LWP 1199593) exited]
[Thread 0x7ea20a625640 (LWP 1199592) exited]
[Thread 0x7ea20ae26640 (LWP 1199591) exited]
[Thread 0x7ea20aecca00 (LWP 1199587) exited]
[Thread 0x7ea202294640 (LWP 1199599) exited]
[New process 1199587]
[Inferior 1 (process 1199587) exited normally]
No stack.
(gdb) (gdb) 