Attaching to process 1493716
[New LWP 1493758]
[New LWP 1493759]
[New LWP 1493760]
[New LWP 1493761]
[New LWP 1493762]
[New LWP 1493763]
[New LWP 1493764]
[New LWP 1493765]
[New LWP 1493780]
[New LWP 1493781]
[New LWP 1493782]
[New LWP 1493783]
[New LWP 1493784]
[New LWP 1493785]
[New LWP 1493786]
[New LWP 1493787]
[New LWP 1493788]
[New LWP 1493789]
[New LWP 1493801]
[New LWP 1493802]
[New LWP 1493803]
[New LWP 1493804]
[Thread debugging using libthread_db enabled]
Using host libthread_db library "/lib/x86_64-linux-gnu/libthread_db.so.1".
0x000073ee28d277f8 in __GI___clock_nanosleep (clock_id=clock_id@entry=0, flags=flags@entry=0, req=req@entry=0x7ffdf26de160, rem=rem@entry=0x7ffdf26de160) at ../sysdeps/unix/sysv/linux/clock_nanosleep.c:78
78	../sysdeps/unix/sysv/linux/clock_nanosleep.c: No such file or directory.
(gdb) (gdb) Continuing.
[Thread 0x73edf97f9640 (LWP 1493801) exited]
[Thread 0x73edf8ff8640 (LWP 1493802) exited]
[Thread 0x73edf37fe640 (LWP 1493804) exited]
[Thread 0x73edf3fff640 (LWP 1493803) exited]
[Thread 0x73edfe7fc640 (LWP 1493789) exited]
[Thread 0x73edfeffd640 (LWP 1493788) exited]
[Thread 0x73edff7fe640 (LWP 1493787) exited]
[Thread 0x73edfffff640 (LWP 1493786) exited]
[Thread 0x73ee04c73640 (LWP 1493785) exited]
[Thread 0x73ee05474640 (LWP 1493784) exited]
[Thread 0x73ee067fc640 (LWP 1493782) exited]
[Thread 0x73ee06ffd640 (LWP 1493781) exited]
[Thread 0x73ee077fe640 (LWP 1493780) exited]
[Thread 0x73ee07fff640 (LWP 1493765) exited]
[Thread 0x73ee24fa1640 (LWP 1493764) exited]
[Thread 0x73ee257a2640 (LWP 1493763) exited]
[Thread 0x73ee25fa3640 (LWP 1493762) exited]
[Thread 0x73ee267a4640 (LWP 1493761) exited]
[Thread 0x73ee26fa5640 (LWP 1493760) exited]
[Thread 0x73ee277a6640 (LWP 1493759) exited]
[Thread 0x73ee27fa7640 (LWP 1493758) exited]
[Thread 0x73ee2804da00 (LWP 1493716) exited]
[Thread 0x73ee05ffb640 (LWP 1493783) exited]
[New process 1493716]
[Inferior 1 (process 1493716) exited normally]
(gdb) (gdb) No stack.
