Attaching to process 2658581
[New LWP 2658620]
[New LWP 2658621]
[New LWP 2658622]
[New LWP 2658624]
[New LWP 2658625]
[New LWP 2658626]
[New LWP 2658627]
[New LWP 2658628]
[New LWP 2658645]
[New LWP 2658646]
[New LWP 2658647]
[New LWP 2658648]
[New LWP 2658649]
[New LWP 2658650]
[New LWP 2658651]
[New LWP 2658652]
[New LWP 2658653]
[New LWP 2658654]
[New LWP 2658655]
[New LWP 2658656]
[New LWP 2658657]
[New LWP 2658658]
78	../sysdeps/unix/sysv/linux/clock_nanosleep.c: No such file or directory.
[Thread debugging using libthread_db enabled]
Using host libthread_db library "/lib/x86_64-linux-gnu/libthread_db.so.1".
0x00007583cb3577f8 in __GI___clock_nanosleep (clock_id=clock_id@entry=0, flags=flags@entry=0, req=req@entry=0x7ffc5b943a50, rem=rem@entry=0x7ffc5b943a50) at ../sysdeps/unix/sysv/linux/clock_nanosleep.c:78
(gdb) (gdb) Continuing.
[Thread 0x75839bded640 (LWP 2658655) exited]
[Thread 0x75839b5ec640 (LWP 2658656) exited]
[Thread 0x75839a427640 (LWP 2658658) exited]
[Thread 0x75839adeb640 (LWP 2658657) exited]
[Thread 0x7583a0ff9640 (LWP 2658654) exited]
[Thread 0x7583a17fa640 (LWP 2658653) exited]
[Thread 0x7583a1ffb640 (LWP 2658652) exited]
[Thread 0x7583a27fc640 (LWP 2658651) exited]
[Thread 0x7583a2ffd640 (LWP 2658650) exited]
[Thread 0x7583a37fe640 (LWP 2658649) exited]
[Thread 0x7583a3fff640 (LWP 2658648) exited]
[Thread 0x7583c0a91640 (LWP 2658647) exited]
[Thread 0x7583c1292640 (LWP 2658646) exited]
[Thread 0x7583c27fc640 (LWP 2658628) exited]
[Thread 0x7583c2ffd640 (LWP 2658627) exited]
[Thread 0x7583c37fe640 (LWP 2658626) exited]
[Thread 0x7583c8dd4640 (LWP 2658625) exited]
[Thread 0x7583c95d5640 (LWP 2658624) exited]
[Thread 0x7583c9dd6640 (LWP 2658622) exited]
[Thread 0x7583c3fff640 (LWP 2658621) exited]
[Thread 0x7583ca5d7640 (LWP 2658620) exited]
[Thread 0x7583ca67da00 (LWP 2658581) exited]
[Thread 0x7583c1a93640 (LWP 2658645) exited]
[New process 2658581]
[Inferior 1 (process 2658581) exited normally]
(gdb) No stack.
(gdb) 