Attaching to process 2641255
[New LWP 2641259]
[New LWP 2641260]
[New LWP 2641261]
[New LWP 2641262]
[New LWP 2641263]
[New LWP 2641264]
[New LWP 2641265]
[New LWP 2641266]
[New LWP 2641267]
[New LWP 2641268]
[New LWP 2641269]
[New LWP 2641270]
[New LWP 2641271]
[New LWP 2641272]
[New LWP 2641273]
[New LWP 2641274]
[New LWP 2641275]
[New LWP 2641276]
[New LWP 2641277]
[New LWP 2641278]
[New LWP 2641279]
[New LWP 2641280]
78	../sysdeps/unix/sysv/linux/clock_nanosleep.c: No such file or directory.
[Thread debugging using libthread_db enabled]
Using host libthread_db library "/lib/x86_64-linux-gnu/libthread_db.so.1".
0x00007602648f37f8 in __GI___clock_nanosleep (clock_id=clock_id@entry=0, flags=flags@entry=0, req=req@entry=0x7ffdf43499d0, rem=rem@entry=0x7ffdf43499d0) at ../sysdeps/unix/sysv/linux/clock_nanosleep.c:78
(gdb) (gdb) Continuing.
[Thread 0x7602353c5640 (LWP 2641277) exited]
[Thread 0x760234bc4640 (LWP 2641278) exited]
[Thread 0x760227fff640 (LWP 2641279) exited]
[Thread 0x760239ffb640 (LWP 2641276) exited]
[Thread 0x76023a7fc640 (LWP 2641275) exited]
[Thread 0x76023affd640 (LWP 2641274) exited]
[Thread 0x76023b7fe640 (LWP 2641273) exited]
[Thread 0x76023bfff640 (LWP 2641272) exited]
[Thread 0x760240f0c640 (LWP 2641271) exited]
[Thread 0x760241a93640 (LWP 2641270) exited]
[Thread 0x760242294640 (LWP 2641269) exited]
[Thread 0x760242a95640 (LWP 2641268) exited]
[Thread 0x760243296640 (LWP 2641267) exited]
[Thread 0x760243fff640 (LWP 2641266) exited]
[Thread 0x760260b6d640 (LWP 2641265) exited]
[Thread 0x76026136e640 (LWP 2641264) exited]
[Thread 0x760261b6f640 (LWP 2641263) exited]
[Thread 0x760262370640 (LWP 2641262) exited]
[Thread 0x760262b71640 (LWP 2641261) exited]
[Thread 0x760263372640 (LWP 2641260) exited]
[Thread 0x760263b73640 (LWP 2641259) exited]
[Thread 0x760263c19a00 (LWP 2641255) exited]
[Thread 0x76022ffff640 (LWP 2641280) exited]
[New process 2641255]
[Inferior 1 (process 2641255) exited normally]
(gdb) (gdb) No stack.
