Attaching to process 1806896
[New LWP 1806900]
[New LWP 1806901]
[New LWP 1806902]
[New LWP 1806903]
[New LWP 1806904]
[New LWP 1806905]
[New LWP 1806906]
[New LWP 1806907]
[New LWP 1806908]
[New LWP 1806909]
[New LWP 1806910]
[New LWP 1806911]
[New LWP 1806912]
[New LWP 1806913]
[New LWP 1806914]
[New LWP 1806915]
[New LWP 1806916]
[New LWP 1806917]
[New LWP 1806918]
[New LWP 1806919]
[New LWP 1806920]
[New LWP 1806921]
[Thread debugging using libthread_db enabled]
Using host libthread_db library "/lib/x86_64-linux-gnu/libthread_db.so.1".
0x0000784c172b37f8 in __GI___clock_nanosleep (clock_id=clock_id@entry=0, flags=flags@entry=0, req=req@entry=0x7ffd42d8acf0, rem=rem@entry=0x7ffd42d8acf0) at ../sysdeps/unix/sysv/linux/clock_nanosleep.c:78
78	../sysdeps/unix/sysv/linux/clock_nanosleep.c: No such file or directory.
(gdb) (gdb) Continuing.
[Thread 0x784be7d28640 (LWP 1806918) exited]
[Thread 0x784bdffff640 (LWP 1806919) exited]
[Thread 0x784bf17fa640 (LWP 1806916) exited]
[Thread 0x784be6d26640 (LWP 1806921) exited]
[Thread 0x784be7527640 (LWP 1806920) exited]
[Thread 0x784bf0ff9640 (LWP 1806917) exited]
[Thread 0x784bf1ffb640 (LWP 1806915) exited]
[Thread 0x784bf27fc640 (LWP 1806914) exited]
[Thread 0x784bf2ffd640 (LWP 1806913) exited]
[Thread 0x784bf37fe640 (LWP 1806912) exited]
[Thread 0x784bf3fff640 (LWP 1806911) exited]
[Thread 0x784c0ca91640 (LWP 1806910) exited]
[Thread 0x784c0d292640 (LWP 1806909) exited]
[Thread 0x784c0e7fc640 (LWP 1806907) exited]
[Thread 0x784c0effd640 (LWP 1806906) exited]
[Thread 0x784c0f7fe640 (LWP 1806905) exited]
[Thread 0x784c0ffff640 (LWP 1806904) exited]
[Thread 0x784c14d30640 (LWP 1806903) exited]
[Thread 0x784c15531640 (LWP 1806902) exited]
[Thread 0x784c15d32640 (LWP 1806901) exited]
[Thread 0x784c16533640 (LWP 1806900) exited]
[Thread 0x784c165d9a00 (LWP 1806896) exited]
[Thread 0x784c0da93640 (LWP 1806908) exited]
[New process 1806896]
[Inferior 1 (process 1806896) exited normally]
(gdb) No stack.
(gdb) 