Attaching to process 3175158
[New LWP 3175162]
[New LWP 3175163]
[New LWP 3175164]
[New LWP 3175165]
[New LWP 3175166]
[New LWP 3175167]
[New LWP 3175168]
[New LWP 3175169]
[New LWP 3175170]
[New LWP 3175171]
[New LWP 3175172]
[New LWP 3175173]
[New LWP 3175174]
[New LWP 3175175]
[New LWP 3175176]
[New LWP 3175177]
[New LWP 3175178]
[New LWP 3175179]
[New LWP 3175180]
[New LWP 3175181]
[New LWP 3175182]
[New LWP 3175183]
78	../sysdeps/unix/sysv/linux/clock_nanosleep.c: No such file or directory.
[Thread debugging using libthread_db enabled]
Using host libthread_db library "/lib/x86_64-linux-gnu/libthread_db.so.1".
0x00007233f58d27f8 in __GI___clock_nanosleep (clock_id=clock_id@entry=0, flags=flags@entry=0, req=req@entry=0x7ffec15a9140, rem=rem@entry=0x7ffec15a9140) at ../sysdeps/unix/sysv/linux/clock_nanosleep.c:78
(gdb) (gdb) Continuing.
[Thread 0x7233c6355640 (LWP 3175180) exited]
[Thread 0x7233bd9ff640 (LWP 3175181) exited]
[Thread 0x7233c5190640 (LWP 3175183) exited]
[Thread 0x7233c5b54640 (LWP 3175182) exited]
[Thread 0x7233cb470640 (LWP 3175179) exited]
[Thread 0x7233cbc71640 (LWP 3175178) exited]
[Thread 0x7233cc472640 (LWP 3175177) exited]
[Thread 0x7233ccc73640 (LWP 3175176) exited]
[Thread 0x7233cd474640 (LWP 3175175) exited]
[Thread 0x7233cdc75640 (LWP 3175174) exited]
[Thread 0x7233ce7fc640 (LWP 3175173) exited]
[Thread 0x7233ceffd640 (LWP 3175172) exited]
[Thread 0x7233cf7fe640 (LWP 3175171) exited]
[Thread 0x7233ecff9640 (LWP 3175169) exited]
[Thread 0x7233ed7fa640 (LWP 3175168) exited]
[Thread 0x7233edffb640 (LWP 3175167) exited]
[Thread 0x7233ee7fc640 (LWP 3175166) exited]
[Thread 0x7233eeffd640 (LWP 3175165) exited]
[Thread 0x7233ef7fe640 (LWP 3175164) exited]
[Thread 0x7233effff640 (LWP 3175163) exited]
[Thread 0x7233f4b52640 (LWP 3175162) exited]
[Thread 0x7233f4bf8a00 (LWP 3175158) exited]
[Thread 0x7233cffff640 (LWP 3175170) exited]
[New process 3175158]
[Inferior 1 (process 3175158) exited normally]
(gdb) No stack.
(gdb) 