Attaching to process 1116095
[New LWP 1116099]
[New LWP 1116100]
[New LWP 1116101]
[New LWP 1116102]
[New LWP 1116103]
[New LWP 1116104]
[New LWP 1116105]
[New LWP 1116106]
[New LWP 1116107]
[New LWP 1116108]
[New LWP 1116109]
[New LWP 1116110]
[New LWP 1116111]
[New LWP 1116112]
[New LWP 1116113]
[New LWP 1116114]
[New LWP 1116115]
[New LWP 1116116]
[New LWP 1116117]
[New LWP 1116118]
[New LWP 1116119]
[New LWP 1116120]
[Thread debugging using libthread_db enabled]
Using host libthread_db library "/lib/x86_64-linux-gnu/libthread_db.so.1".
0x000074ed9898f7f8 in __GI___clock_nanosleep (clock_id=clock_id@entry=0, flags=flags@entry=0, req=req@entry=0x7ffc03306b10, rem=rem@entry=0x7ffc03306b10) at ../sysdeps/unix/sysv/linux/clock_nanosleep.c:78
78	../sysdeps/unix/sysv/linux/clock_nanosleep.c: No such file or directory.
(gdb) (gdb) Continuing.
[Thread 0x74ed6d42e640 (LWP 1116117) exited]
[Thread 0x74ed6cc2d640 (LWP 1116118) exited]
[Thread 0x74ed637fe640 (LWP 1116120) exited]
[Thread 0x74ed63fff640 (LWP 1116119) exited]
[Thread 0x74ed7dffb640 (LWP 1116116) exited]
[Thread 0x74ed7e7fc640 (LWP 1116115) exited]
[Thread 0x74ed7effd640 (LWP 1116114) exited]
[Thread 0x74ed7f7fe640 (LWP 1116113) exited]
[Thread 0x74ed7ffff640 (LWP 1116112) exited]
[Thread 0x74ed84f0c640 (LWP 1116111) exited]
[Thread 0x74ed85a93640 (LWP 1116110) exited]
[Thread 0x74ed86294640 (LWP 1116109) exited]
[Thread 0x74ed86a95640 (LWP 1116108) exited]
[Thread 0x74ed87296640 (LWP 1116107) exited]
[Thread 0x74ed87fff640 (LWP 1116106) exited]
[Thread 0x74ed94c09640 (LWP 1116105) exited]
[Thread 0x74ed9540a640 (LWP 1116104) exited]
[Thread 0x74ed95c0b640 (LWP 1116103) exited]
[Thread 0x74ed9640c640 (LWP 1116102) exited]
[Thread 0x74ed96c0d640 (LWP 1116101) exited]
[Thread 0x74ed9740e640 (LWP 1116100) exited]
[Thread 0x74ed97c0f640 (LWP 1116099) exited]
[Inferior 1 (process 1116095) exited normally]
(gdb) No stack.
(gdb) 