Attaching to process 1117202
[New LWP 1117217]
[New LWP 1117218]
[New LWP 1117219]
[New LWP 1117220]
[New LWP 1117221]
[New LWP 1117222]
[New LWP 1117223]
[New LWP 1117224]
[New LWP 1117266]
[New LWP 1117267]
[New LWP 1117268]
[New LWP 1117269]
[New LWP 1117270]
[New LWP 1117271]
[New LWP 1117272]
[New LWP 1117273]
[New LWP 1117274]
[New LWP 1117275]
[New LWP 1117276]
[New LWP 1117277]
[New LWP 1117278]
[New LWP 1117279]
78	../sysdeps/unix/sysv/linux/clock_nanosleep.c: No such file or directory.
[Thread debugging using libthread_db enabled]
Using host libthread_db library "/lib/x86_64-linux-gnu/libthread_db.so.1".
0x000072583ad1c7f8 in __GI___clock_nanosleep (clock_id=clock_id@entry=0, flags=flags@entry=0, req=req@entry=0x7ffd96ba8b90, rem=rem@entry=0x7ffd96ba8b90) at ../sysdeps/unix/sysv/linux/clock_nanosleep.c:78
(gdb) (gdb) Continuing.
[Thread 0x72580b785640 (LWP 1117276) exited]
[Thread 0x72580af84640 (LWP 1117277) exited]
[Thread 0x725809f82640 (LWP 1117279) exited]
[Thread 0x72580a783640 (LWP 1117278) exited]
[Thread 0x725828ff9640 (LWP 1117275) exited]
[Thread 0x7258297fa640 (LWP 1117274) exited]
[Thread 0x725829ffb640 (LWP 1117273) exited]
[Thread 0x72582a7fc640 (LWP 1117272) exited]
[Thread 0x72582affd640 (LWP 1117271) exited]
[Thread 0x72582b7fe640 (LWP 1117270) exited]
[Thread 0x72582bfff640 (LWP 1117269) exited]
[Thread 0x725830ff9640 (LWP 1117268) exited]
[Thread 0x7258317fa640 (LWP 1117267) exited]
[Thread 0x7258327fc640 (LWP 1117224) exited]
[Thread 0x725832ffd640 (LWP 1117223) exited]
[Thread 0x7258337fe640 (LWP 1117222) exited]
[Thread 0x7258235ff640 (LWP 1117221) exited]
[Thread 0x725833fff640 (LWP 1117220) exited]
[Thread 0x725838f9a640 (LWP 1117219) exited]
[Thread 0x72583979b640 (LWP 1117218) exited]
[Thread 0x725839f9c640 (LWP 1117217) exited]
[Thread 0x72583a042a00 (LWP 1117202) exited]
[Thread 0x725831ffb640 (LWP 1117266) exited]
[New process 1117202]
[Inferior 1 (process 1117202) exited normally]
No stack.
(gdb) (gdb) 