Attaching to process 1116706
[New LWP 1116710]
[New LWP 1116711]
[New LWP 1116712]
[New LWP 1116713]
[New LWP 1116714]
[New LWP 1116715]
[New LWP 1116716]
[New LWP 1116717]
[New LWP 1116718]
[New LWP 1116719]
[New LWP 1116720]
[New LWP 1116721]
[New LWP 1116722]
[New LWP 1116723]
[New LWP 1116724]
[New LWP 1116725]
[New LWP 1116726]
[New LWP 1116727]
[New LWP 1116728]
[New LWP 1116729]
[New LWP 1116730]
[New LWP 1116731]
78	../sysdeps/unix/sysv/linux/clock_nanosleep.c: No such file or directory.
[Thread debugging using libthread_db enabled]
Using host libthread_db library "/lib/x86_64-linux-gnu/libthread_db.so.1".
0x0000710c6a3b47f8 in __GI___clock_nanosleep (clock_id=clock_id@entry=0, flags=flags@entry=0, req=req@entry=0x7ffc697d71a0, rem=rem@entry=0x7ffc697d71a0) at ../sysdeps/unix/sysv/linux/clock_nanosleep.c:78
(gdb) (gdb) Continuing.
[Thread 0x710c3adf8640 (LWP 1116728) exited]
[Thread 0x710c365f7640 (LWP 1116729) exited]
[Thread 0x710c39df6640 (LWP 1116731) exited]
[Thread 0x710c3f7fe640 (LWP 1116727) exited]
[Thread 0x710c3ffff640 (LWP 1116726) exited]
[Thread 0x710c44ff9640 (LWP 1116725) exited]
[Thread 0x710c457fa640 (LWP 1116724) exited]
[Thread 0x710c45ffb640 (LWP 1116723) exited]
[Thread 0x710c467fc640 (LWP 1116722) exited]
[Thread 0x710c46ffd640 (LWP 1116721) exited]
[Thread 0x710c477fe640 (LWP 1116720) exited]
[Thread 0x710c47fff640 (LWP 1116719) exited]
[Thread 0x710c60a91640 (LWP 1116718) exited]
[Thread 0x710c617fa640 (LWP 1116717) exited]
[Thread 0x710c61ffb640 (LWP 1116716) exited]
[Thread 0x710c627fc640 (LWP 1116715) exited]
[Thread 0x710c62ffd640 (LWP 1116714) exited]
[Thread 0x710c637fe640 (LWP 1116713) exited]
[Thread 0x710c63fff640 (LWP 1116712) exited]
[Thread 0x710c68e33640 (LWP 1116711) exited]
[Thread 0x710c69634640 (LWP 1116710) exited]
[Thread 0x710c696daa00 (LWP 1116706) exited]
[Thread 0x710c3a5f7640 (LWP 1116730) exited]
[New process 1116706]
[Inferior 1 (process 1116706) exited normally]
(gdb) (gdb) No stack.
