Attaching to process 1812279
[New LWP 1812283]
[New LWP 1812284]
[New LWP 1812285]
[New LWP 1812286]
[New LWP 1812287]
[New LWP 1812288]
[New LWP 1812289]
[New LWP 1812290]
[New LWP 1812291]
[New LWP 1812292]
[New LWP 1812293]
[New LWP 1812294]
[New LWP 1812295]
[New LWP 1812296]
[New LWP 1812297]
[New LWP 1812298]
[New LWP 1812299]
[New LWP 1812300]
[New LWP 1812301]
[New LWP 1812302]
[New LWP 1812303]
[New LWP 1812304]
[Thread debugging using libthread_db enabled]
Using host libthread_db library "/lib/x86_64-linux-gnu/libthread_db.so.1".
0x0000730d4cf287f8 in __GI___clock_nanosleep (clock_id=clock_id@entry=0, flags=flags@entry=0, req=req@entry=0x7ffeda161150, rem=rem@entry=0x7ffeda161150) at ../sysdeps/unix/sysv/linux/clock_nanosleep.c:78
78	../sysdeps/unix/sysv/linux/clock_nanosleep.c: No such file or directory.
(gdb) (gdb) Continuing.
[Thread 0x730d1d9cb640 (LWP 1812301) exited]
[Thread 0x730d17fff640 (LWP 1812302) exited]
[Thread 0x730d1c806640 (LWP 1812304) exited]
[Thread 0x730d1d1ca640 (LWP 1812303) exited]
[Thread 0x730d21ffb640 (LWP 1812300) exited]
[Thread 0x730d227fc640 (LWP 1812299) exited]
[Thread 0x730d22ffd640 (LWP 1812298) exited]
[Thread 0x730d237fe640 (LWP 1812297) exited]
[Thread 0x730d23fff640 (LWP 1812296) exited]
[Thread 0x730d40ffb640 (LWP 1812295) exited]
[Thread 0x730d417fc640 (LWP 1812294) exited]
[Thread 0x730d427fe640 (LWP 1812292) exited]
[Thread 0x730d43fff640 (LWP 1812291) exited]
[Thread 0x730d491a2640 (LWP 1812290) exited]
[Thread 0x730d499a3640 (LWP 1812289) exited]
[Thread 0x730d4a1a4640 (LWP 1812288) exited]
[Thread 0x730d4a9a5640 (LWP 1812287) exited]
[Thread 0x730d4b1a6640 (LWP 1812286) exited]
[Thread 0x730d42fff640 (LWP 1812285) exited]
[Thread 0x730d4b9a7640 (LWP 1812284) exited]
[Thread 0x730d4c1a8640 (LWP 1812283) exited]
[Thread 0x730d4c24ea00 (LWP 1812279) exited]
[Thread 0x730d41ffd640 (LWP 1812293) exited]
[New process 1812279]
[Inferior 1 (process 1812279) exited normally]
No stack.
(gdb) (gdb) 