Attaching to process 1812093
[New LWP 1812126]
[New LWP 1812127]
[New LWP 1812128]
[New LWP 1812129]
[New LWP 1812130]
[New LWP 1812131]
[New LWP 1812132]
[New LWP 1812133]
[New LWP 1812157]
[New LWP 1812158]
[New LWP 1812159]
[New LWP 1812160]
[New LWP 1812161]
[New LWP 1812162]
[New LWP 1812163]
[New LWP 1812164]
[New LWP 1812165]
[New LWP 1812166]
[New LWP 1812167]
[New LWP 1812168]
[New LWP 1812169]
[New LWP 1812170]
[Thread debugging using libthread_db enabled]
Using host libthread_db library "/lib/x86_64-linux-gnu/libthread_db.so.1".
0x000072cbf90b07f8 in __GI___clock_nanosleep (clock_id=clock_id@entry=0, flags=flags@entry=0, req=req@entry=0x7ffe511e85e0, rem=rem@entry=0x7ffe511e85e0) at ../sysdeps/unix/sysv/linux/clock_nanosleep.c:78
78	../sysdeps/unix/sysv/linux/clock_nanosleep.c: No such file or directory.
(gdb) (gdb) Continuing.
[Thread 0x72cbc9b4e640 (LWP 1812167) exited]
[Thread 0x72cbc534d640 (LWP 1812168) exited]
[Thread 0x72cbc8b4c640 (LWP 1812170) exited]
[Thread 0x72cbc934d640 (LWP 1812169) exited]
[Thread 0x72cbd27fc640 (LWP 1812166) exited]
[Thread 0x72cbd2ffd640 (LWP 1812165) exited]
[Thread 0x72cbd37fe640 (LWP 1812164) exited]
[Thread 0x72cbd3fff640 (LWP 1812163) exited]
[Thread 0x72cbecff9640 (LWP 1812162) exited]
[Thread 0x72cbed7fa640 (LWP 1812161) exited]
[Thread 0x72cbedffb640 (LWP 1812160) exited]
[Thread 0x72cbeeffd640 (LWP 1812158) exited]
[Thread 0x72cbef7fe640 (LWP 1812157) exited]
[Thread 0x72cbf532a640 (LWP 1812133) exited]
[Thread 0x72cbf5b2b640 (LWP 1812132) exited]
[Thread 0x72cbf632c640 (LWP 1812131) exited]
[Thread 0x72cbf6b2d640 (LWP 1812130) exited]
[Thread 0x72cbf732e640 (LWP 1812129) exited]
[Thread 0x72cbf7b2f640 (LWP 1812128) exited]
[Thread 0x72cbeffff640 (LWP 1812127) exited]
[Thread 0x72cbf8330640 (LWP 1812126) exited]
[Thread 0x72cbf83d6a00 (LWP 1812093) exited]
[Thread 0x72cbee7fc640 (LWP 1812159) exited]
[New process 1812093]
[Inferior 1 (process 1812093) exited normally]
(gdb) No stack.
(gdb) 