Attaching to process 2903287
[New LWP 2903312]
[New LWP 2903314]
[New LWP 2903315]
[New LWP 2903316]
[New LWP 2903318]
[New LWP 2903320]
[New LWP 2903321]
[New LWP 2903323]
[New LWP 2903351]
[New LWP 2903352]
[New LWP 2903353]
[New LWP 2903354]
[New LWP 2903355]
[New LWP 2903356]
[New LWP 2903357]
[New LWP 2903358]
[New LWP 2903359]
[New LWP 2903360]
[New LWP 2903361]
[New LWP 2903362]
[New LWP 2903363]
[New LWP 2903364]
[Thread debugging using libthread_db enabled]
Using host libthread_db library "/lib/x86_64-linux-gnu/libthread_db.so.1".
0x00007daf7e32c7f8 in __GI___clock_nanosleep (clock_id=clock_id@entry=0, flags=flags@entry=0, req=req@entry=0x7ffeb4f187e0, rem=rem@entry=0x7ffeb4f187e0) at ../sysdeps/unix/sysv/linux/clock_nanosleep.c:78
78	../sysdeps/unix/sysv/linux/clock_nanosleep.c: No such file or directory.
(gdb) (gdb) Continuing.
[Thread 0x7daf4d5a2640 (LWP 2903364) exited]
[Thread 0x7daf4dda3640 (LWP 2903363) exited]
[Thread 0x7daf4e5a4640 (LWP 2903362) exited]
[Thread 0x7daf4eda5640 (LWP 2903361) exited]
[Thread 0x7daf53ff7640 (LWP 2903360) exited]
[Thread 0x7daf547f8640 (LWP 2903359) exited]
[Thread 0x7daf54ff9640 (LWP 2903358) exited]
[Thread 0x7daf557fa640 (LWP 2903357) exited]
[Thread 0x7daf55ffb640 (LWP 2903356) exited]
[Thread 0x7daf567fc640 (LWP 2903355) exited]
[Thread 0x7daf56ffd640 (LWP 2903354) exited]
[Thread 0x7daf577fe640 (LWP 2903353) exited]
[Thread 0x7daf57fff640 (LWP 2903352) exited]
[Thread 0x7daf74a91640 (LWP 2903351) exited]
[Thread 0x7daf757fa640 (LWP 2903323) exited]
[Thread 0x7daf75ffb640 (LWP 2903321) exited]
[Thread 0x7daf767fc640 (LWP 2903320) exited]
[Thread 0x7daf76ffd640 (LWP 2903318) exited]
[Thread 0x7daf777fe640 (LWP 2903316) exited]
[Thread 0x7daf7cdab640 (LWP 2903314) exited]
[Thread 0x7daf7d5ac640 (LWP 2903312) exited]
[Thread 0x7daf7d652a00 (LWP 2903287) exited]
[Thread 0x7daf77fff640 (LWP 2903315) exited]
[New process 2903287]
[Inferior 1 (process 2903287) exited with code 01]
(gdb) No stack.
(gdb) 