Attaching to process 2902199
[New LWP 2902224]
[New LWP 2902225]
[New LWP 2902226]
[New LWP 2902227]
[New LWP 2902228]
[New LWP 2902229]
[New LWP 2902230]
[New LWP 2902231]
[New LWP 2902263]
[New LWP 2902264]
[New LWP 2902265]
[New LWP 2902266]
[New LWP 2902267]
[New LWP 2902268]
[New LWP 2902269]
[New LWP 2902270]
[New LWP 2902271]
[New LWP 2902272]
[New LWP 2902273]
[New LWP 2902274]
[New LWP 2902275]
[New LWP 2902276]
[Thread debugging using libthread_db enabled]
Using host libthread_db library "/lib/x86_64-linux-gnu/libthread_db.so.1".
0x00007d9a18f1b7f8 in __GI___clock_nanosleep (clock_id=clock_id@entry=0, flags=flags@entry=0, req=req@entry=0x7ffdd77d9d20, rem=rem@entry=0x7ffdd77d9d20) at ../sysdeps/unix/sysv/linux/clock_nanosleep.c:78
78	../sysdeps/unix/sysv/linux/clock_nanosleep.c: No such file or directory.
(gdb) (gdb) Continuing.
[Thread 0x7d99e3fff640 (LWP 2902276) exited]
[Thread 0x7d99ec9a8640 (LWP 2902275) exited]
[Thread 0x7d99ed1a9640 (LWP 2902274) exited]
[Thread 0x7d99f67fc640 (LWP 2902272) exited]
[Thread 0x7d99f6ffd640 (LWP 2902271) exited]
[Thread 0x7d99f77fe640 (LWP 2902270) exited]
[Thread 0x7d99f7fff640 (LWP 2902269) exited]
[Thread 0x7d9a04f0c640 (LWP 2902268) exited]
[Thread 0x7d9a0570d640 (LWP 2902267) exited]
[Thread 0x7d9a06294640 (LWP 2902266) exited]
[Thread 0x7d9a06a95640 (LWP 2902265) exited]
[Thread 0x7d9a07296640 (LWP 2902264) exited]
[Thread 0x7d9a07a97640 (LWP 2902263) exited]
[Thread 0x7d9a14994640 (LWP 2902231) exited]
[Thread 0x7d9a15195640 (LWP 2902230) exited]
[Thread 0x7d9a15996640 (LWP 2902229) exited]
[Thread 0x7d9a16197640 (LWP 2902228) exited]
[Thread 0x7d9a16998640 (LWP 2902227) exited]
[Thread 0x7d9a17199640 (LWP 2902226) exited]
[Thread 0x7d9a1799a640 (LWP 2902225) exited]
[Thread 0x7d9a1819b640 (LWP 2902224) exited]
[Thread 0x7d9a18241a00 (LWP 2902199) exited]
[Thread 0x7d99ed9aa640 (LWP 2902273) exited]
[New process 2902199]
[Inferior 1 (process 2902199) exited with code 01]
(gdb) (gdb) No stack.
