Attaching to process 2902743
[New LWP 2902776]
[New LWP 2902777]
[New LWP 2902778]
[New LWP 2902779]
[New LWP 2902780]
[New LWP 2902781]
[New LWP 2902782]
[New LWP 2902783]
[New LWP 2902807]
[New LWP 2902808]
[New LWP 2902809]
[New LWP 2902810]
[New LWP 2902811]
[New LWP 2902812]
[New LWP 2902813]
[New LWP 2902814]
[New LWP 2902815]
[New LWP 2902816]
[New LWP 2902817]
[New LWP 2902818]
[New LWP 2902819]
[New LWP 2902820]
[Thread debugging using libthread_db enabled]
Using host libthread_db library "/lib/x86_64-linux-gnu/libthread_db.so.1".
0x00007ea3577d87f8 in __GI___clock_nanosleep (clock_id=clock_id@entry=0, flags=flags@entry=0, req=req@entry=0x7ffe498e3640, rem=rem@entry=0x7ffe498e3640) at ../sysdeps/unix/sysv/linux/clock_nanosleep.c:78
78	../sysdeps/unix/sysv/linux/clock_nanosleep.c: No such file or directory.
(gdb) (gdb) Continuing.
[Thread 0x7ea327fff640 (LWP 2902817) exited]
[Thread 0x7ea3267fc640 (LWP 2902820) exited]
[Thread 0x7ea3277fe640 (LWP 2902818) exited]
[Thread 0x7ea334ff9640 (LWP 2902816) exited]
[Thread 0x7ea3357fa640 (LWP 2902815) exited]
[Thread 0x7ea335ffb640 (LWP 2902814) exited]
[Thread 0x7ea3367fc640 (LWP 2902813) exited]
[Thread 0x7ea336ffd640 (LWP 2902812) exited]
[Thread 0x7ea3377fe640 (LWP 2902811) exited]
[Thread 0x7ea33d292640 (LWP 2902810) exited]
[Thread 0x7ea33da93640 (LWP 2902809) exited]
[Thread 0x7ea33e294640 (LWP 2902808) exited]
[Thread 0x7ea33ea95640 (LWP 2902807) exited]
[Thread 0x7ea33f7fe640 (LWP 2902783) exited]
[Thread 0x7ea337fff640 (LWP 2902782) exited]
[Thread 0x7ea33ffff640 (LWP 2902781) exited]
[Thread 0x7ea354a54640 (LWP 2902780) exited]
[Thread 0x7ea355255640 (LWP 2902779) exited]
[Thread 0x7ea355a56640 (LWP 2902778) exited]
[Thread 0x7ea356257640 (LWP 2902777) exited]
[Thread 0x7ea356a58640 (LWP 2902776) exited]
[Thread 0x7ea356afea00 (LWP 2902743) exited]
[Thread 0x7ea326ffd640 (LWP 2902819) exited]
[New process 2902743]
[Inferior 1 (process 2902743) exited with code 01]
(gdb) No stack.
(gdb) 