Attaching to process 1634037
[New LWP 1634041]
[New LWP 1634042]
[New LWP 1634043]
[New LWP 1634044]
[New LWP 1634045]
[New LWP 1634046]
[New LWP 1634047]
[New LWP 1634048]
[New LWP 1634050]
[New LWP 1634051]
[New LWP 1634052]
[New LWP 1634053]
[New LWP 1634054]
[New LWP 1634055]
[New LWP 1634056]
[New LWP 1634057]
[New LWP 1634058]
[New LWP 1634059]
[New LWP 1634060]
[New LWP 1634061]
[New LWP 1634062]
[New LWP 1634063]
78	../sysdeps/unix/sysv/linux/clock_nanosleep.c: No such file or directory.
[Thread debugging using libthread_db enabled]
Using host libthread_db library "/lib/x86_64-linux-gnu/libthread_db.so.1".
0x00007544d9b377f8 in __GI___clock_nanosleep (clock_id=clock_id@entry=0, flags=flags@entry=0, req=req@entry=0x7ffef6717440, rem=rem@entry=0x7ffef6717440) at ../sysdeps/unix/sysv/linux/clock_nanosleep.c:78
(gdb) (gdb) Continuing.
[Thread 0x7544aa5ea640 (LWP 1634060) exited]
[Thread 0x7544a9de9640 (LWP 1634061) exited]
[Thread 0x7544a8c24640 (LWP 1634063) exited]
[Thread 0x7544a95e8640 (LWP 1634062) exited]
[Thread 0x7544af7f6640 (LWP 1634059) exited]
[Thread 0x7544afff7640 (LWP 1634058) exited]
[Thread 0x7544b07f8640 (LWP 1634057) exited]
[Thread 0x7544b0ff9640 (LWP 1634056) exited]
[Thread 0x7544b17fa640 (LWP 1634055) exited]
[Thread 0x7544b1ffb640 (LWP 1634054) exited]
[Thread 0x7544b27fc640 (LWP 1634053) exited]
[Thread 0x7544b37fe640 (LWP 1634051) exited]
[Thread 0x7544b3fff640 (LWP 1634050) exited]
[Thread 0x7544d0ff9640 (LWP 1634048) exited]
[Thread 0x7544d17fa640 (LWP 1634047) exited]
[Thread 0x7544d1ffb640 (LWP 1634046) exited]
[Thread 0x7544d27fc640 (LWP 1634045) exited]
[Thread 0x7544d2ffd640 (LWP 1634044) exited]
[Thread 0x7544d37fe640 (LWP 1634043) exited]
[Thread 0x7544d3fff640 (LWP 1634042) exited]
[Thread 0x7544d8db7640 (LWP 1634041) exited]
[Thread 0x7544d8e5da00 (LWP 1634037) exited]
[Thread 0x7544b2ffd640 (LWP 1634052) exited]
[New process 1634037]
[Inferior 1 (process 1634037) exited normally]
(gdb) No stack.
(gdb) 