Attaching to process 1633969
[New LWP 1633973]
[New LWP 1633974]
[New LWP 1633975]
[New LWP 1633976]
[New LWP 1633977]
[New LWP 1633978]
[New LWP 1633979]
[New LWP 1633980]
[New LWP 1633981]
[New LWP 1633982]
[New LWP 1633983]
[New LWP 1633984]
[New LWP 1633985]
[New LWP 1633986]
[New LWP 1633987]
[New LWP 1633988]
[New LWP 1633989]
[New LWP 1633990]
[New LWP 1633991]
[New LWP 1633992]
[New LWP 1633993]
[New LWP 1633994]
[Thread debugging using libthread_db enabled]
Using host libthread_db library "/lib/x86_64-linux-gnu/libthread_db.so.1".
0x00007214739607f8 in __GI___clock_nanosleep (clock_id=clock_id@entry=0, flags=flags@entry=0, req=req@entry=0x7ffcd9b61210, rem=rem@entry=0x7ffcd9b61210) at ../sysdeps/unix/sysv/linux/clock_nanosleep.c:78
78	../sysdeps/unix/sysv/linux/clock_nanosleep.c: No such file or directory.
(gdb) (gdb) Continuing.
[Thread 0x7214443e5640 (LWP 1633991) exited]
[Thread 0x721443be4640 (LWP 1633992) exited]
[Thread 0x721442be2640 (LWP 1633994) exited]
[Thread 0x7214433e3640 (LWP 1633993) exited]
[Thread 0x721449474640 (LWP 1633990) exited]
[Thread 0x721449c75640 (LWP 1633989) exited]
[Thread 0x72144a476640 (LWP 1633988) exited]
[Thread 0x72144ac77640 (LWP 1633987) exited]
[Thread 0x72144b478640 (LWP 1633986) exited]
[Thread 0x72144bc79640 (LWP 1633985) exited]
[Thread 0x7214689fc640 (LWP 1633984) exited]
[Thread 0x7214691fd640 (LWP 1633983) exited]
[Thread 0x7214699fe640 (LWP 1633982) exited]
[Thread 0x72146b7fe640 (LWP 1633980) exited]
[Thread 0x72146bfff640 (LWP 1633979) exited]
[Thread 0x721470bdc640 (LWP 1633978) exited]
[Thread 0x7214713dd640 (LWP 1633977) exited]
[Thread 0x721471bde640 (LWP 1633976) exited]
[Thread 0x7214723df640 (LWP 1633975) exited]
[Thread 0x72146a1ff640 (LWP 1633974) exited]
[Thread 0x721472be0640 (LWP 1633973) exited]
[Thread 0x721472c86a00 (LWP 1633969) exited]
[Thread 0x72146aa95640 (LWP 1633981) exited]
[New process 1633969]
[Inferior 1 (process 1633969) exited normally]
(gdb) No stack.
(gdb) 