Attaching to process 1634720
[New LWP 1634724]
[New LWP 1634725]
[New LWP 1634726]
[New LWP 1634727]
[New LWP 1634728]
[New LWP 1634729]
[New LWP 1634730]
[New LWP 1634731]
[New LWP 1634733]
[New LWP 1634734]
[New LWP 1634735]
[New LWP 1634736]
[New LWP 1634737]
[New LWP 1634738]
[New LWP 1634739]
[New LWP 1634740]
[New LWP 1634741]
[New LWP 1634742]
[New LWP 1634743]
[New LWP 1634744]
[New LWP 1634745]
[New LWP 1634746]
[Thread debugging using libthread_db enabled]
Using host libthread_db library "/lib/x86_64-linux-gnu/libthread_db.so.1".
0x00007bf93b0857f8 in __GI___clock_nanosleep (clock_id=clock_id@entry=0, flags=flags@entry=0, req=req@entry=0x7ffe56f75ae0, rem=rem@entry=0x7ffe56f75ae0) at ../sysdeps/unix/sysv/linux/clock_nanosleep.c:78
78	../sysdeps/unix/sysv/linux/clock_nanosleep.c: No such file or directory.
(gdb) (gdb) Continuing.
[Thread 0x7bf90baf3640 (LWP 1634743) exited]
[Thread 0x7bf90b2f2640 (LWP 1634744) exited]
[Thread 0x7bf90aaf1640 (LWP 1634745) exited]
[Thread 0x7bf910c73640 (LWP 1634742) exited]
[Thread 0x7bf911474640 (LWP 1634741) exited]
[Thread 0x7bf911c75640 (LWP 1634740) exited]
[Thread 0x7bf912476640 (LWP 1634739) exited]
[Thread 0x7bf912c77640 (LWP 1634738) exited]
[Thread 0x7bf913478640 (LWP 1634737) exited]
[Thread 0x7bf913fff640 (LWP 1634736) exited]
[Thread 0x7bf930a91640 (LWP 1634735) exited]
[Thread 0x7bf931292640 (LWP 1634734) exited]
[Thread 0x7bf931a93640 (LWP 1634733) exited]
[Thread 0x7bf9327fc640 (LWP 1634731) exited]
[Thread 0x7bf932ffd640 (LWP 1634730) exited]
[Thread 0x7bf9337fe640 (LWP 1634729) exited]
[Thread 0x7bf938b02640 (LWP 1634728) exited]
[Thread 0x7bf939303640 (LWP 1634727) exited]
[Thread 0x7bf939b04640 (LWP 1634726) exited]
[Thread 0x7bf933fff640 (LWP 1634725) exited]
[Thread 0x7bf93a305640 (LWP 1634724) exited]
[Thread 0x7bf93a3aba00 (LWP 1634720) exited]
[Thread 0x7bf90a12d640 (LWP 1634746) exited]
[New process 1634720]
[Inferior 1 (process 1634720) exited normally]
(gdb) (gdb) No stack.
