Attaching to process 752957
[New LWP 752961]
[New LWP 752962]
[New LWP 752963]
[New LWP 752964]
[New LWP 752965]
[New LWP 752966]
[New LWP 752967]
[New LWP 752968]
[New LWP 752969]
[New LWP 752970]
[New LWP 752971]
[New LWP 752972]
[New LWP 752973]
[New LWP 752974]
[New LWP 752975]
[New LWP 752976]
[New LWP 752977]
[New LWP 752978]
[New LWP 752979]
[New LWP 752980]
[New LWP 752981]
[New LWP 752982]
78	../sysdeps/unix/sysv/linux/clock_nanosleep.c: No such file or directory.
[Thread debugging using libthread_db enabled]
Using host libthread_db library "/lib/x86_64-linux-gnu/libthread_db.so.1".
0x000070fa5e9cb7f8 in __GI___clock_nanosleep (clock_id=clock_id@entry=0, flags=flags@entry=0, req=req@entry=0x7ffe3fc1a9b0, rem=rem@entry=0x7ffe3fc1a9b0) at ../sysdeps/unix/sysv/linux/clock_nanosleep.c:78
(gdb) (gdb) Continuing.
[Thread 0x70fa2f46f640 (LWP 752979) exited]
[Thread 0x70fa2ec6e640 (LWP 752980) exited]
[Thread 0x70fa2dc6c640 (LWP 752982) exited]
[Thread 0x70fa2e46d640 (LWP 752981) exited]
[Thread 0x70fa34472640 (LWP 752978) exited]
[Thread 0x70fa34c73640 (LWP 752977) exited]
[Thread 0x70fa35474640 (LWP 752976) exited]
[Thread 0x70fa35c75640 (LWP 752975) exited]
[Thread 0x70fa36476640 (LWP 752974) exited]
[Thread 0x70fa36c77640 (LWP 752973) exited]
[Thread 0x70fa377fe640 (LWP 752972) exited]
[Thread 0x70fa37fff640 (LWP 752971) exited]
[Thread 0x70fa4ca91640 (LWP 752970) exited]
[Thread 0x70fa4dffb640 (LWP 752968) exited]
[Thread 0x70fa4e7fc640 (LWP 752967) exited]
[Thread 0x70fa4effd640 (LWP 752966) exited]
[Thread 0x70fa4f7fe640 (LWP 752965) exited]
[Thread 0x70fa4ffff640 (LWP 752964) exited]
[Thread 0x70fa5cc49640 (LWP 752963) exited]
[Thread 0x70fa5d44a640 (LWP 752962) exited]
[Thread 0x70fa5dc4b640 (LWP 752961) exited]
[Thread 0x70fa5dcf1a00 (LWP 752957) exited]
[Thread 0x70fa4d292640 (LWP 752969) exited]
[New process 752957]
[Inferior 1 (process 752957) exited normally]
(gdb) (gdb) No stack.
