Attaching to process 2593199
[New LWP 2593203]
[New LWP 2593204]
[New LWP 2593205]
[New LWP 2593206]
[New LWP 2593207]
[New LWP 2593208]
[New LWP 2593209]
[New LWP 2593210]
[New LWP 2593211]
[New LWP 2593212]
[New LWP 2593213]
[New LWP 2593214]
[New LWP 2593215]
[New LWP 2593216]
[New LWP 2593217]
[New LWP 2593218]
[New LWP 2593219]
[New LWP 2593220]
[New LWP 2593221]
[New LWP 2593222]
[New LWP 2593223]
[New LWP 2593224]
[Thread debugging using libthread_db enabled]
Using host libthread_db library "/lib/x86_64-linux-gnu/libthread_db.so.1".
0x00007f831879e7f8 in __GI___clock_nanosleep (clock_id=clock_id@entry=0, flags=flags@entry=0, req=req@entry=0x7fff9d0ed7c0, rem=rem@entry=0x7fff9d0ed7c0) at ../sysdeps/unix/sysv/linux/clock_nanosleep.c:78
78	../sysdeps/unix/sysv/linux/clock_nanosleep.c: No such file or directory.
(gdb) (gdb) Continuing.
[Thread 0x7f82e9266640 (LWP 2593221) exited]
[Thread 0x7f82e8a65640 (LWP 2593222) exited]
[Thread 0x7f82e37fe640 (LWP 2593224) exited]
[Thread 0x7f82e3fff640 (LWP 2593223) exited]
[Thread 0x7f82edffb640 (LWP 2593220) exited]
[Thread 0x7f82ee7fc640 (LWP 2593219) exited]
[Thread 0x7f82eeffd640 (LWP 2593218) exited]
[Thread 0x7f82ef7fe640 (LWP 2593217) exited]
[Thread 0x7f82effff640 (LWP 2593216) exited]
[Thread 0x7f82f4f0c640 (LWP 2593215) exited]
[Thread 0x7f82f6294640 (LWP 2593213) exited]
[Thread 0x7f82f6a95640 (LWP 2593212) exited]
[Thread 0x7f82f7296640 (LWP 2593211) exited]
[Thread 0x7f82f7fff640 (LWP 2593210) exited]
[Thread 0x7f8314a18640 (LWP 2593209) exited]
[Thread 0x7f8315219640 (LWP 2593208) exited]
[Thread 0x7f8315a1a640 (LWP 2593207) exited]
[Thread 0x7f831621b640 (LWP 2593206) exited]
[Thread 0x7f8316a1c640 (LWP 2593205) exited]
[Thread 0x7f831721d640 (LWP 2593204) exited]
[Thread 0x7f8317a1e640 (LWP 2593203) exited]
[Thread 0x7f8317ac4a00 (LWP 2593199) exited]
[Thread 0x7f82f5a93640 (LWP 2593214) exited]
[New process 2593199]
[Inferior 1 (process 2593199) exited normally]
(gdb) (gdb) No stack.
