Attaching to process 2622342
[New LWP 2622367]
[New LWP 2622368]
[New LWP 2622369]
[New LWP 2622370]
[New LWP 2622372]
[New LWP 2622373]
[New LWP 2622374]
[New LWP 2622375]
[New LWP 2622406]
[New LWP 2622407]
[New LWP 2622408]
[New LWP 2622409]
[New LWP 2622410]
[New LWP 2622411]
[New LWP 2622412]
[New LWP 2622413]
[New LWP 2622414]
[New LWP 2622415]
[New LWP 2622416]
[New LWP 2622417]
[New LWP 2622418]
[New LWP 2622419]
[Thread debugging using libthread_db enabled]
Using host libthread_db library "/lib/x86_64-linux-gnu/libthread_db.so.1".
0x00007430631f57f8 in __GI___clock_nanosleep (clock_id=clock_id@entry=0, flags=flags@entry=0, req=req@entry=0x7ffd4088fc70, rem=rem@entry=0x7ffd4088fc70) at ../sysdeps/unix/sysv/linux/clock_nanosleep.c:78
78	../sysdeps/unix/sysv/linux/clock_nanosleep.c: No such file or directory.
(gdb) (gdb) Continuing.
[Thread 0x743032c53640 (LWP 2622419) exited]
[Thread 0x743033454640 (LWP 2622418) exited]
[Thread 0x74302f454640 (LWP 2622417) exited]
[Thread 0x743033c55640 (LWP 2622416) exited]
[Thread 0x74303cc73640 (LWP 2622415) exited]
[Thread 0x74303d474640 (LWP 2622414) exited]
[Thread 0x74303dc75640 (LWP 2622413) exited]
[Thread 0x74303e476640 (LWP 2622412) exited]
[Thread 0x74303ec77640 (LWP 2622411) exited]
[Thread 0x74303f478640 (LWP 2622410) exited]
[Thread 0x743050a91640 (LWP 2622408) exited]
[Thread 0x743051292640 (LWP 2622407) exited]
[Thread 0x743051a93640 (LWP 2622406) exited]
[Thread 0x7430527fc640 (LWP 2622375) exited]
[Thread 0x743052ffd640 (LWP 2622374) exited]
[Thread 0x7430537fe640 (LWP 2622373) exited]
[Thread 0x743053fff640 (LWP 2622372) exited]
[Thread 0x743060c72640 (LWP 2622370) exited]
[Thread 0x743061473640 (LWP 2622369) exited]
[Thread 0x743061c74640 (LWP 2622368) exited]
[Thread 0x743062475640 (LWP 2622367) exited]
[Thread 0x74306251ba00 (LWP 2622342) exited]
[Thread 0x74303ffff640 (LWP 2622409) exited]
[New process 2622342]
[Inferior 1 (process 2622342) exited with code 01]
(gdb) (gdb) No stack.
