Attaching to process 2621799
[New LWP 2621832]
[New LWP 2621833]
[New LWP 2621834]
[New LWP 2621835]
[New LWP 2621836]
[New LWP 2621837]
[New LWP 2621838]
[New LWP 2621839]
[New LWP 2621863]
[New LWP 2621864]
[New LWP 2621865]
[New LWP 2621866]
[New LWP 2621867]
[New LWP 2621868]
[New LWP 2621869]
[New LWP 2621870]
[New LWP 2621871]
[New LWP 2621872]
[New LWP 2621873]
[New LWP 2621874]
[New LWP 2621875]
[New LWP 2621876]
[Thread debugging using libthread_db enabled]
Using host libthread_db library "/lib/x86_64-linux-gnu/libthread_db.so.1".
0x0000793d875be7f8 in __GI___clock_nanosleep (clock_id=clock_id@entry=0, flags=flags@entry=0, req=req@entry=0x7ffca8327fc0, rem=rem@entry=0x7ffca8327fc0) at ../sysdeps/unix/sysv/linux/clock_nanosleep.c:78
78	../sysdeps/unix/sysv/linux/clock_nanosleep.c: No such file or directory.
(gdb) (gdb) Continuing.
[Thread 0x793d567b6640 (LWP 2621876) exited]
[Thread 0x793d56fb7640 (LWP 2621875) exited]
[Thread 0x793d577b8640 (LWP 2621874) exited]
[Thread 0x793d57fb9640 (LWP 2621873) exited]
[Thread 0x793d64dfa640 (LWP 2621872) exited]
[Thread 0x793d655fb640 (LWP 2621871) exited]
[Thread 0x793d65dfc640 (LWP 2621870) exited]
[Thread 0x793d665fd640 (LWP 2621869) exited]
[Thread 0x793d66dfe640 (LWP 2621868) exited]
[Thread 0x793d67fff640 (LWP 2621867) exited]
[Thread 0x793d6d133640 (LWP 2621866) exited]
[Thread 0x793d6d934640 (LWP 2621865) exited]
[Thread 0x793d6e135640 (LWP 2621864) exited]
[Thread 0x793d6e936640 (LWP 2621863) exited]
[Thread 0x793d6f7fe640 (LWP 2621839) exited]
[Thread 0x793d675ff640 (LWP 2621838) exited]
[Thread 0x793d6ffff640 (LWP 2621837) exited]
[Thread 0x793d8483a640 (LWP 2621836) exited]
[Thread 0x793d8503b640 (LWP 2621835) exited]
[Thread 0x793d8583c640 (LWP 2621834) exited]
[Thread 0x793d8603d640 (LWP 2621833) exited]
[Thread 0x793d8683e640 (LWP 2621832) exited]
[Inferior 1 (process 2621799) exited with code 01]
(gdb) No stack.
(gdb) 