Attaching to process 2621255
[New LWP 2621288]
[New LWP 2621289]
[New LWP 2621290]
[New LWP 2621291]
[New LWP 2621292]
[New LWP 2621293]
[New LWP 2621294]
[New LWP 2621295]
[New LWP 2621319]
[New LWP 2621320]
[New LWP 2621321]
[New LWP 2621322]
[New LWP 2621323]
[New LWP 2621324]
[New LWP 2621325]
[New LWP 2621326]
[New LWP 2621327]
[New LWP 2621328]
[New LWP 2621329]
[New LWP 2621330]
[New LWP 2621331]
[New LWP 2621332]
[Thread debugging using libthread_db enabled]
Using host libthread_db library "/lib/x86_64-linux-gnu/libthread_db.so.1".
0x0000749d25da77f8 in __GI___clock_nanosleep (clock_id=clock_id@entry=0, flags=flags@entry=0, req=req@entry=0x7ffdcf0f0ef0, rem=rem@entry=0x7ffdcf0f0ef0) at ../sysdeps/unix/sysv/linux/clock_nanosleep.c:78
78	../sysdeps/unix/sysv/linux/clock_nanosleep.c: No such file or directory.
(gdb) (gdb) Continuing.
[Thread 0x749cf585b640 (LWP 2621331) exited]
[Thread 0x749cf4e97640 (LWP 2621332) exited]
[Thread 0x749cf605c640 (LWP 2621330) exited]
[Thread 0x749cf685d640 (LWP 2621329) exited]
[Thread 0x749cfbc71640 (LWP 2621328) exited]
[Thread 0x749cfc472640 (LWP 2621327) exited]
[Thread 0x749cfcc73640 (LWP 2621326) exited]
[Thread 0x749cfd474640 (LWP 2621325) exited]
[Thread 0x749cfdc75640 (LWP 2621324) exited]
[Thread 0x749cfe476640 (LWP 2621323) exited]
[Thread 0x749cfeffd640 (LWP 2621322) exited]
[Thread 0x749cff7fe640 (LWP 2621321) exited]
[Thread 0x749cfffff640 (LWP 2621320) exited]
[Thread 0x749d20958640 (LWP 2621319) exited]
[Thread 0x749d21820640 (LWP 2621295) exited]
[Thread 0x749d22021640 (LWP 2621294) exited]
[Thread 0x749d22822640 (LWP 2621293) exited]
[Thread 0x749d23023640 (LWP 2621292) exited]
[Thread 0x749d23824640 (LWP 2621291) exited]
[Thread 0x749d24025640 (LWP 2621290) exited]
[Thread 0x749d24826640 (LWP 2621289) exited]
[Thread 0x749d25027640 (LWP 2621288) exited]
[Inferior 1 (process 2621255) exited with code 01]
(gdb) No stack.
(gdb) 