Attaching to process 1501405
[New LWP 1501409]
[New LWP 1501410]
[New LWP 1501411]
[New LWP 1501412]
[New LWP 1501413]
[New LWP 1501414]
[New LWP 1501415]
[New LWP 1501416]
[New LWP 1501417]
[New LWP 1501418]
[New LWP 1501419]
[New LWP 1501420]
[New LWP 1501421]
[New LWP 1501422]
[New LWP 1501423]
[New LWP 1501424]
[New LWP 1501425]
[New LWP 1501426]
[New LWP 1501427]
[New LWP 1501428]
[New LWP 1501429]
[New LWP 1501430]
78	../sysdeps/unix/sysv/linux/clock_nanosleep.c: No such file or directory.
[Thread debugging using libthread_db enabled]
Using host libthread_db library "/lib/x86_64-linux-gnu/libthread_db.so.1".
0x00007a54274e97f8 in __GI___clock_nanosleep (clock_id=clock_id@entry=0, flags=flags@entry=0, req=req@entry=0x7fff25b2e4b0, rem=rem@entry=0x7fff25b2e4b0) at ../sysdeps/unix/sysv/linux/clock_nanosleep.c:78
(gdb) (gdb) Continuing.
[Thread 0x7a53f7f9f640 (LWP 1501427) exited]
[Thread 0x7a53f779e640 (LWP 1501428) exited]
[Thread 0x7a53f6774640 (LWP 1501430) exited]
[Thread 0x7a53f6f9d640 (LWP 1501429) exited]
[Thread 0x7a5400ff9640 (LWP 1501426) exited]
[Thread 0x7a54017fa640 (LWP 1501425) exited]
[Thread 0x7a5401ffb640 (LWP 1501424) exited]
[Thread 0x7a54027fc640 (LWP 1501423) exited]
[Thread 0x7a5402ffd640 (LWP 1501422) exited]
[Thread 0x7a54037fe640 (LWP 1501421) exited]
[Thread 0x7a5403fff640 (LWP 1501420) exited]
[Thread 0x7a5414ff9640 (LWP 1501419) exited]
[Thread 0x7a5415ffb640 (LWP 1501417) exited]
[Thread 0x7a54167fc640 (LWP 1501416) exited]
[Thread 0x7a5416ffd640 (LWP 1501415) exited]
[Thread 0x7a54177fe640 (LWP 1501414) exited]
[Thread 0x7a5417fff640 (LWP 1501413) exited]
[Thread 0x7a5424f66640 (LWP 1501412) exited]
[Thread 0x7a5425767640 (LWP 1501411) exited]
[Thread 0x7a5425f68640 (LWP 1501410) exited]
[Thread 0x7a5426769640 (LWP 1501409) exited]
[Thread 0x7a542680fa00 (LWP 1501405) exited]
[Thread 0x7a54157fa640 (LWP 1501418) exited]
[New process 1501405]
[Inferior 1 (process 1501405) exited normally]
(gdb) No stack.
(gdb) 