Attaching to process 1048152
[New LWP 1048156]
[New LWP 1048157]
[New LWP 1048158]
[New LWP 1048159]
[New LWP 1048160]
[New LWP 1048161]
[New LWP 1048162]
[New LWP 1048163]
[New LWP 1048164]
[New LWP 1048165]
[New LWP 1048166]
[New LWP 1048167]
[New LWP 1048168]
[New LWP 1048169]
[New LWP 1048170]
[New LWP 1048171]
[New LWP 1048172]
[New LWP 1048173]
[New LWP 1048174]
[New LWP 1048175]
[New LWP 1048176]
[New LWP 1048177]
[Thread debugging using libthread_db enabled]
Using host libthread_db library "/lib/x86_64-linux-gnu/libthread_db.so.1".
0x000075482f6817f8 in __GI___clock_nanosleep (clock_id=clock_id@entry=0, flags=flags@entry=0, req=req@entry=0x7ffeee626320, rem=rem@entry=0x7ffeee626320) at ../sysdeps/unix/sysv/linux/clock_nanosleep.c:78
78	../sysdeps/unix/sysv/linux/clock_nanosleep.c: No such file or directory.
(gdb) (gdb) Continuing.
[Thread 0x754803fff640 (LWP 1048174) exited]
[Thread 0x7548037fe640 (LWP 1048175) exited]
[Thread 0x7548027fc640 (LWP 1048177) exited]
[Thread 0x754802ffd640 (LWP 1048176) exited]
[Thread 0x754821473640 (LWP 1048173) exited]
[Thread 0x754821c74640 (LWP 1048172) exited]
[Thread 0x754822475640 (LWP 1048171) exited]
[Thread 0x754822c76640 (LWP 1048170) exited]
[Thread 0x754823477640 (LWP 1048169) exited]
[Thread 0x754823c78640 (LWP 1048168) exited]
[Thread 0x754825133640 (LWP 1048167) exited]
[Thread 0x754825934640 (LWP 1048166) exited]
[Thread 0x754826135640 (LWP 1048165) exited]
[Thread 0x754826936640 (LWP 1048164) exited]
[Thread 0x7548277fe640 (LWP 1048163) exited]
[Thread 0x754827fff640 (LWP 1048162) exited]
[Thread 0x75482c8fd640 (LWP 1048161) exited]
[Thread 0x7548247ff640 (LWP 1048160) exited]
[Thread 0x75482d0fe640 (LWP 1048159) exited]
[Thread 0x75482d8ff640 (LWP 1048158) exited]
[Thread 0x75482e901640 (LWP 1048156) exited]
[Thread 0x75482e9a7a00 (LWP 1048152) exited]
[Thread 0x75482e100640 (LWP 1048157) exited]
[New process 1048152]
[Inferior 1 (process 1048152) exited normally]
No stack.
(gdb) (gdb) 