Attaching to process 881064
[New LWP 881068]
[New LWP 881069]
[New LWP 881070]
[New LWP 881071]
[New LWP 881072]
[New LWP 881073]
[New LWP 881074]
[New LWP 881075]
[New LWP 881076]
[New LWP 881077]
[New LWP 881078]
[New LWP 881079]
[New LWP 881080]
[New LWP 881081]
[New LWP 881082]
[New LWP 881083]
[New LWP 881084]
[New LWP 881085]
[New LWP 881086]
[New LWP 881087]
[New LWP 881088]
[New LWP 881089]
[Thread debugging using libthread_db enabled]
Using host libthread_db library "/lib/x86_64-linux-gnu/libthread_db.so.1".
0x00007ea212d8b7f8 in __GI___clock_nanosleep (clock_id=clock_id@entry=0, flags=flags@entry=0, req=req@entry=0x7fffa299c770, rem=rem@entry=0x7fffa299c770) at ../sysdeps/unix/sysv/linux/clock_nanosleep.c:78
78	../sysdeps/unix/sysv/linux/clock_nanosleep.c: No such file or directory.
(gdb) (gdb) Continuing.
[Thread 0x7ea1e3811640 (LWP 881086) exited]
[Thread 0x7ea1dbfff640 (LWP 881087) exited]
[Thread 0x7ea201474640 (LWP 881084) exited]
[Thread 0x7ea1e264c640 (LWP 881089) exited]
[Thread 0x7ea200c73640 (LWP 881085) exited]
[Thread 0x7ea201c75640 (LWP 881083) exited]
[Thread 0x7ea202476640 (LWP 881082) exited]
[Thread 0x7ea202c77640 (LWP 881081) exited]
[Thread 0x7ea203478640 (LWP 881080) exited]
[Thread 0x7ea203fff640 (LWP 881079) exited]
[Thread 0x7ea208932640 (LWP 881078) exited]
[Thread 0x7ea209133640 (LWP 881077) exited]
[Thread 0x7ea209934640 (LWP 881076) exited]
[Thread 0x7ea20a7fc640 (LWP 881075) exited]
[Thread 0x7ea20affd640 (LWP 881074) exited]
[Thread 0x7ea20b7fe640 (LWP 881073) exited]
[Thread 0x7ea210808640 (LWP 881072) exited]
[Thread 0x7ea211009640 (LWP 881071) exited]
[Thread 0x7ea21180a640 (LWP 881070) exited]
[Thread 0x7ea20bfff640 (LWP 881069) exited]
[Thread 0x7ea21200b640 (LWP 881068) exited]
[Thread 0x7ea2120b1a00 (LWP 881064) exited]
[Thread 0x7ea1e3010640 (LWP 881088) exited]
[New process 881064]
[Inferior 1 (process 881064) exited normally]
(gdb) No stack.
(gdb) 