Attaching to process 1385383
[New LWP 1385416]
[New LWP 1385417]
[New LWP 1385418]
[New LWP 1385419]
[New LWP 1385420]
[New LWP 1385421]
[New LWP 1385422]
[New LWP 1385423]
[New LWP 1385447]
[New LWP 1385448]
[New LWP 1385449]
[New LWP 1385450]
[New LWP 1385451]
[New LWP 1385452]
[New LWP 1385453]
[New LWP 1385454]
[New LWP 1385455]
[New LWP 1385456]
[New LWP 1385457]
[New LWP 1385458]
[New LWP 1385459]
[New LWP 1385460]
[Thread debugging using libthread_db enabled]
Using host libthread_db library "/lib/x86_64-linux-gnu/libthread_db.so.1".
0x00007fbf3e6ee7f8 in __GI___clock_nanosleep (clock_id=clock_id@entry=0, flags=flags@entry=0, req=req@entry=0x7ffd70abc050, rem=rem@entry=0x7ffd70abc050) at ../sysdeps/unix/sysv/linux/clock_nanosleep.c:78
78	../sysdeps/unix/sysv/linux/clock_nanosleep.c: No such file or directory.
(gdb) (gdb) Continuing.
[Thread 0x7fbf0f0f5640 (LWP 1385457) exited]
[Thread 0x7fbf0a8f4640 (LWP 1385458) exited]
[Thread 0x7fbf0e0f3640 (LWP 1385460) exited]
[Thread 0x7fbf0e8f4640 (LWP 1385459) exited]
[Thread 0x7fbf17fff640 (LWP 1385456) exited]
[Thread 0x7fbf24a74640 (LWP 1385455) exited]
[Thread 0x7fbf25275640 (LWP 1385454) exited]
[Thread 0x7fbf25a76640 (LWP 1385453) exited]
[Thread 0x7fbf26277640 (LWP 1385452) exited]
[Thread 0x7fbf26a78640 (LWP 1385451) exited]
[Thread 0x7fbf2ca91640 (LWP 1385449) exited]
[Thread 0x7fbf2d292640 (LWP 1385448) exited]
[Thread 0x7fbf2da93640 (LWP 1385447) exited]
[Thread 0x7fbf2e7fc640 (LWP 1385423) exited]
[Thread 0x7fbf2effd640 (LWP 1385422) exited]
[Thread 0x7fbf2f7fe640 (LWP 1385421) exited]
[Thread 0x7fbf275ff640 (LWP 1385420) exited]
[Thread 0x7fbf2ffff640 (LWP 1385419) exited]
[Thread 0x7fbf3c96c640 (LWP 1385418) exited]
[Thread 0x7fbf3d16d640 (LWP 1385417) exited]
[Thread 0x7fbf3d96e640 (LWP 1385416) exited]
[Thread 0x7fbf3da14a00 (LWP 1385383) exited]
[Thread 0x7fbf27fff640 (LWP 1385450) exited]
[New process 1385383]
[Inferior 1 (process 1385383) exited normally]
(gdb) (gdb) No stack.
