Attaching to process 3467699
[New LWP 3467724]
[New LWP 3467726]
[New LWP 3467727]
[New LWP 3467730]
[New LWP 3467732]
[New LWP 3467734]
[New LWP 3467735]
[New LWP 3467736]
[New LWP 3467763]
[New LWP 3467764]
[New LWP 3467765]
[New LWP 3467766]
[New LWP 3467767]
[New LWP 3467768]
[New LWP 3467769]
[New LWP 3467770]
[New LWP 3467771]
[New LWP 3467772]
[New LWP 3467773]
[New LWP 3467774]
[New LWP 3467775]
[New LWP 3467776]
78	../sysdeps/unix/sysv/linux/clock_nanosleep.c: No such file or directory.
[Thread debugging using libthread_db enabled]
Using host libthread_db library "/lib/x86_64-linux-gnu/libthread_db.so.1".
0x00007758ce5ae7f8 in __GI___clock_nanosleep (clock_id=clock_id@entry=0, flags=flags@entry=0, req=req@entry=0x7ffc4e2da790, rem=rem@entry=0x7ffc4e2da790) at ../sysdeps/unix/sysv/linux/clock_nanosleep.c:78
(gdb) (gdb) Continuing.
[Thread 0x77589f042640 (LWP 3467773) exited]
