Attaching to process 2223294
[New LWP 2223298]
[New LWP 2223299]
[New LWP 2223300]
[New LWP 2223301]
[New LWP 2223302]
[New LWP 2223303]
[New LWP 2223304]
[New LWP 2223305]
[New LWP 2223307]
[New LWP 2223308]
[New LWP 2223309]
[New LWP 2223310]
[New LWP 2223311]
[New LWP 2223312]
[New LWP 2223313]
[New LWP 2223314]
[New LWP 2223315]
[New LWP 2223316]
[New LWP 2223317]
[New LWP 2223318]
[New LWP 2223319]
[New LWP 2223320]
[Thread debugging using libthread_db enabled]
Using host libthread_db library "/lib/x86_64-linux-gnu/libthread_db.so.1".
0x00007e544d1517f8 in __GI___clock_nanosleep (clock_id=clock_id@entry=0, flags=flags@entry=0, req=req@entry=0x7ffd3b886fb0, rem=rem@entry=0x7ffd3b886fb0) at ../sysdeps/unix/sysv/linux/clock_nanosleep.c:78
78	../sysdeps/unix/sysv/linux/clock_nanosleep.c: No such file or directory.
(gdb) (gdb) Continuing.
[Thread 0x7e5421b93640 (LWP 2223317) exited]
[Thread 0x7e5421392640 (LWP 2223318) exited]
[Thread 0x7e5417fff640 (LWP 2223320) exited]
[Thread 0x7e5420b91640 (LWP 2223319) exited]
[Thread 0x7e543a1fd640 (LWP 2223316) exited]
[Thread 0x7e543a9fe640 (LWP 2223315) exited]
[Thread 0x7e543bfff640 (LWP 2223314) exited]
[Thread 0x7e5440ff9640 (LWP 2223313) exited]
[Thread 0x7e54417fa640 (LWP 2223312) exited]
[Thread 0x7e5441ffb640 (LWP 2223311) exited]
[Thread 0x7e5442ffd640 (LWP 2223309) exited]
[Thread 0x7e54437fe640 (LWP 2223308) exited]
[Thread 0x7e5443fff640 (LWP 2223307) exited]
[Thread 0x7e54493cb640 (LWP 2223305) exited]
[Thread 0x7e5449bcc640 (LWP 2223304) exited]
[Thread 0x7e544a3cd640 (LWP 2223303) exited]
[Thread 0x7e544abce640 (LWP 2223302) exited]
[Thread 0x7e544b3cf640 (LWP 2223301) exited]
[Thread 0x7e543b1ff640 (LWP 2223300) exited]
[Thread 0x7e544bbd0640 (LWP 2223299) exited]
[Thread 0x7e544c3d1640 (LWP 2223298) exited]
[Thread 0x7e544c477a00 (LWP 2223294) exited]
[Thread 0x7e54427fc640 (LWP 2223310) exited]
[New process 2223294]
[Inferior 1 (process 2223294) exited normally]
(gdb) No stack.
(gdb) 