Attaching to process 2223226
[New LWP 2223230]
[New LWP 2223231]
[New LWP 2223232]
[New LWP 2223233]
[New LWP 2223234]
[New LWP 2223235]
[New LWP 2223236]
[New LWP 2223237]
[New LWP 2223238]
[New LWP 2223239]
[New LWP 2223240]
[New LWP 2223241]
[New LWP 2223242]
[New LWP 2223243]
[New LWP 2223244]
[New LWP 2223245]
[New LWP 2223246]
[New LWP 2223247]
[New LWP 2223248]
[New LWP 2223249]
[New LWP 2223250]
[New LWP 2223251]
[Thread debugging using libthread_db enabled]
Using host libthread_db library "/lib/x86_64-linux-gnu/libthread_db.so.1".
0x000075355ee8a7f8 in __GI___clock_nanosleep (clock_id=clock_id@entry=0, flags=flags@entry=0, req=req@entry=0x7fff875b5d60, rem=rem@entry=0x7fff875b5d60) at ../sysdeps/unix/sysv/linux/clock_nanosleep.c:78
78	../sysdeps/unix/sysv/linux/clock_nanosleep.c: No such file or directory.
(gdb) (gdb) Continuing.
[Thread 0x75352f931640 (LWP 2223248) exited]
[Thread 0x75352f130640 (LWP 2223249) exited]
[Thread 0x75352e12e640 (LWP 2223251) exited]
[Thread 0x75352e92f640 (LWP 2223250) exited]
[Thread 0x753534c73640 (LWP 2223247) exited]
[Thread 0x753535474640 (LWP 2223246) exited]
[Thread 0x753535c75640 (LWP 2223245) exited]
[Thread 0x753536476640 (LWP 2223244) exited]
[Thread 0x753536c77640 (LWP 2223243) exited]
[Thread 0x753537478640 (LWP 2223242) exited]
[Thread 0x753537fff640 (LWP 2223241) exited]
[Thread 0x753554932640 (LWP 2223240) exited]
[Thread 0x753555133640 (LWP 2223239) exited]
[Thread 0x753555934640 (LWP 2223238) exited]
[Thread 0x7535567fc640 (LWP 2223237) exited]
[Thread 0x753556ffd640 (LWP 2223236) exited]
[Thread 0x7535577fe640 (LWP 2223235) exited]
[Thread 0x75355d108640 (LWP 2223233) exited]
[Thread 0x753557fff640 (LWP 2223232) exited]
[Thread 0x75355d909640 (LWP 2223231) exited]
[Thread 0x75355e10a640 (LWP 2223230) exited]
[Thread 0x75355e1b0a00 (LWP 2223226) exited]
[Thread 0x75355c907640 (LWP 2223234) exited]
[New process 2223226]
[Inferior 1 (process 2223226) exited normally]
(gdb) (gdb) No stack.
