Attaching to process 1315442
[New LWP 1315446]
[New LWP 1315447]
[New LWP 1315448]
[New LWP 1315449]
[New LWP 1315450]
[New LWP 1315451]
[New LWP 1315452]
[New LWP 1315453]
[New LWP 1315454]
[New LWP 1315455]
[New LWP 1315456]
[New LWP 1315457]
[New LWP 1315458]
[New LWP 1315459]
[New LWP 1315460]
[New LWP 1315461]
[New LWP 1315462]
[New LWP 1315463]
[New LWP 1315464]
[New LWP 1315465]
[New LWP 1315466]
[New LWP 1315467]
78	../sysdeps/unix/sysv/linux/clock_nanosleep.c: No such file or directory.
[Thread debugging using libthread_db enabled]
Using host libthread_db library "/lib/x86_64-linux-gnu/libthread_db.so.1".
0x00007b885e8eb7f8 in __GI___clock_nanosleep (clock_id=clock_id@entry=0, flags=flags@entry=0, req=req@entry=0x7ffda18ca250, rem=rem@entry=0x7ffda18ca250) at ../sysdeps/unix/sysv/linux/clock_nanosleep.c:78
(gdb) (gdb) Continuing.
[Thread 0x7b882f36b640 (LWP 1315464) exited]
[Thread 0x7b882eb6a640 (LWP 1315465) exited]
[Thread 0x7b882db68640 (LWP 1315467) exited]
[Thread 0x7b882e369640 (LWP 1315466) exited]
[Thread 0x7b8837fff640 (LWP 1315463) exited]
[Thread 0x7b8844c73640 (LWP 1315462) exited]
[Thread 0x7b8845474640 (LWP 1315461) exited]
[Thread 0x7b8845c75640 (LWP 1315460) exited]
[Thread 0x7b8846476640 (LWP 1315459) exited]
[Thread 0x7b8846c77640 (LWP 1315458) exited]
[Thread 0x7b88477fe640 (LWP 1315457) exited]
[Thread 0x7b8847fff640 (LWP 1315456) exited]
[Thread 0x7b8855292640 (LWP 1315454) exited]
[Thread 0x7b8855ffb640 (LWP 1315453) exited]
[Thread 0x7b88567fc640 (LWP 1315452) exited]
[Thread 0x7b8856ffd640 (LWP 1315451) exited]
[Thread 0x7b88577fe640 (LWP 1315450) exited]
[Thread 0x7b885cb69640 (LWP 1315449) exited]
[Thread 0x7b885d36a640 (LWP 1315448) exited]
[Thread 0x7b8857fff640 (LWP 1315447) exited]
[Thread 0x7b885db6b640 (LWP 1315446) exited]
[Thread 0x7b885dc11a00 (LWP 1315442) exited]
[Thread 0x7b8854a91640 (LWP 1315455) exited]
[New process 1315442]
[Inferior 1 (process 1315442) exited normally]
(gdb) No stack.
(gdb) 