Attaching to process 500690
[New LWP 500694]
[New LWP 500695]
[New LWP 500696]
[New LWP 500697]
[New LWP 500698]
[New LWP 500699]
[New LWP 500700]
[New LWP 500701]
[New LWP 500702]
[New LWP 500703]
[New LWP 500704]
[New LWP 500705]
[New LWP 500706]
[New LWP 500707]
[New LWP 500708]
[New LWP 500709]
[New LWP 500710]
[New LWP 500711]
[New LWP 500712]
[New LWP 500713]
[New LWP 500714]
[New LWP 500715]
[Thread debugging using libthread_db enabled]
Using host libthread_db library "/lib/x86_64-linux-gnu/libthread_db.so.1".
0x0000751b243b77f8 in __GI___clock_nanosleep (clock_id=clock_id@entry=0, flags=flags@entry=0, req=req@entry=0x7ffe598e7150, rem=rem@entry=0x7ffe598e7150) at ../sysdeps/unix/sysv/linux/clock_nanosleep.c:78
78	../sysdeps/unix/sysv/linux/clock_nanosleep.c: No such file or directory.
(gdb) (gdb) Continuing.
[Thread 0x751af8e26640 (LWP 500712) exited]
[Thread 0x751aeffff640 (LWP 500713) exited]
[Thread 0x751aeeffd640 (LWP 500715) exited]
[Thread 0x751aef7fe640 (LWP 500714) exited]
[Thread 0x751b01ffb640 (LWP 500711) exited]
[Thread 0x751b027fc640 (LWP 500710) exited]
[Thread 0x751b02ffd640 (LWP 500709) exited]
[Thread 0x751b037fe640 (LWP 500708) exited]
[Thread 0x751b03fff640 (LWP 500707) exited]
[Thread 0x751b08a91640 (LWP 500706) exited]
[Thread 0x751b09292640 (LWP 500705) exited]
[Thread 0x751b09a93640 (LWP 500704) exited]
[Thread 0x751b0aa95640 (LWP 500702) exited]
[Thread 0x751b0b7fe640 (LWP 500701) exited]
[Thread 0x751b0bfff640 (LWP 500700) exited]
[Thread 0x751b20e32640 (LWP 500699) exited]
[Thread 0x751b21633640 (LWP 500698) exited]
[Thread 0x751b21e34640 (LWP 500697) exited]
[Thread 0x751b22635640 (LWP 500696) exited]
[Thread 0x751b22e36640 (LWP 500695) exited]
[Thread 0x751b23637640 (LWP 500694) exited]
[Thread 0x751b236dda00 (LWP 500690) exited]
[Thread 0x751b0a294640 (LWP 500703) exited]
[New process 500690]
[Inferior 1 (process 500690) exited normally]
(gdb) (gdb) No stack.
