Attaching to process 500015
[New LWP 500019]
[New LWP 500020]
[New LWP 500021]
[New LWP 500022]
[New LWP 500023]
[New LWP 500024]
[New LWP 500025]
[New LWP 500026]
[New LWP 500027]
[New LWP 500028]
[New LWP 500029]
[New LWP 500030]
[New LWP 500031]
[New LWP 500032]
[New LWP 500033]
[New LWP 500034]
[New LWP 500035]
[New LWP 500036]
[New LWP 500037]
[New LWP 500038]
[New LWP 500039]
[New LWP 500040]
[Thread debugging using libthread_db enabled]
Using host libthread_db library "/lib/x86_64-linux-gnu/libthread_db.so.1".
0x000075940c14f7f8 in __GI___clock_nanosleep (clock_id=clock_id@entry=0, flags=flags@entry=0, req=req@entry=0x7ffca079a420, rem=rem@entry=0x7ffca079a420) at ../sysdeps/unix/sysv/linux/clock_nanosleep.c:78
78	../sysdeps/unix/sysv/linux/clock_nanosleep.c: No such file or directory.
(gdb) (gdb) Continuing.
[Thread 0x7593e8bf5640 (LWP 500037) exited]
[Thread 0x7593dbfff640 (LWP 500038) exited]
[Thread 0x7593db7fe640 (LWP 500039) exited]
[Thread 0x7593daffd640 (LWP 500040) exited]
[Thread 0x7593f17fa640 (LWP 500036) exited]
[Thread 0x7593f1ffb640 (LWP 500035) exited]
[Thread 0x7593f27fc640 (LWP 500034) exited]
[Thread 0x7593f2ffd640 (LWP 500033) exited]
[Thread 0x7593f37fe640 (LWP 500032) exited]
[Thread 0x759401292640 (LWP 500030) exited]
[Thread 0x759401a93640 (LWP 500029) exited]
[Thread 0x759402294640 (LWP 500028) exited]
[Thread 0x759402a95640 (LWP 500027) exited]
[Thread 0x7594037fe640 (LWP 500026) exited]
[Thread 0x759403fff640 (LWP 500025) exited]
[Thread 0x759408bca640 (LWP 500024) exited]
[Thread 0x7594093cb640 (LWP 500023) exited]
[Thread 0x759409bcc640 (LWP 500022) exited]
[Thread 0x75940a3cd640 (LWP 500021) exited]
[Thread 0x75940abce640 (LWP 500020) exited]
[Thread 0x75940b3cf640 (LWP 500019) exited]
[Thread 0x75940b475a00 (LWP 500015) exited]
[Thread 0x7593f3fff640 (LWP 500031) exited]
[New process 500015]
[Inferior 1 (process 500015) exited normally]
(gdb) No stack.
(gdb) 