Attaching to process 708624
[New LWP 708628]
[New LWP 708629]
[New LWP 708630]
[New LWP 708631]
[New LWP 708632]
[New LWP 708633]
[New LWP 708634]
[New LWP 708635]
[New LWP 708636]
[New LWP 708637]
[New LWP 708638]
[New LWP 708639]
[New LWP 708640]
[New LWP 708641]
[New LWP 708642]
[New LWP 708643]
[New LWP 708644]
[New LWP 708645]
[New LWP 708646]
[New LWP 708647]
[New LWP 708648]
[New LWP 708649]
78	../sysdeps/unix/sysv/linux/clock_nanosleep.c: No such file or directory.
[Thread debugging using libthread_db enabled]
Using host libthread_db library "/lib/x86_64-linux-gnu/libthread_db.so.1".
0x00007867b1f1a7f8 in __GI___clock_nanosleep (clock_id=clock_id@entry=0, flags=flags@entry=0, req=req@entry=0x7ffcae4d7f50, rem=rem@entry=0x7ffcae4d7f50) at ../sysdeps/unix/sysv/linux/clock_nanosleep.c:78
(gdb) (gdb) Continuing.
[Thread 0x78678295a640 (LWP 708646) exited]
[Thread 0x78677e159640 (LWP 708647) exited]
[Thread 0x786781958640 (LWP 708649) exited]
[Thread 0x786782159640 (LWP 708648) exited]
[Thread 0x7867877fe640 (LWP 708645) exited]
[Thread 0x786787fff640 (LWP 708644) exited]
[Thread 0x78678cc73640 (LWP 708643) exited]
[Thread 0x78678d474640 (LWP 708642) exited]
[Thread 0x78678dc75640 (LWP 708641) exited]
[Thread 0x78678e476640 (LWP 708640) exited]
[Thread 0x78678effd640 (LWP 708639) exited]
[Thread 0x78678f7fe640 (LWP 708638) exited]
[Thread 0x78678ffff640 (LWP 708637) exited]
[Thread 0x7867a57fa640 (LWP 708635) exited]
[Thread 0x7867a5ffb640 (LWP 708634) exited]
[Thread 0x7867a67fc640 (LWP 708633) exited]
[Thread 0x7867a6ffd640 (LWP 708632) exited]
[Thread 0x7867a77fe640 (LWP 708631) exited]
[Thread 0x7867a7fff640 (LWP 708630) exited]
[Thread 0x7867b0999640 (LWP 708629) exited]
[Thread 0x7867b119a640 (LWP 708628) exited]
[Thread 0x7867b1240a00 (LWP 708624) exited]
[Thread 0x7867a4a91640 (LWP 708636) exited]
[New process 708624]
[Inferior 1 (process 708624) exited normally]
(gdb) No stack.
(gdb) 