Attaching to process 2021988
[New LWP 2021992]
[New LWP 2021993]
[New LWP 2021994]
[New LWP 2021995]
[New LWP 2021996]
[New LWP 2021997]
[New LWP 2021998]
[New LWP 2021999]
[New LWP 2022000]
[New LWP 2022001]
[New LWP 2022002]
[New LWP 2022003]
[New LWP 2022004]
[New LWP 2022005]
[New LWP 2022006]
[New LWP 2022007]
[New LWP 2022008]
[New LWP 2022009]
[New LWP 2022010]
[New LWP 2022011]
[New LWP 2022012]
[New LWP 2022013]
[Thread debugging using libthread_db enabled]
Using host libthread_db library "/lib/x86_64-linux-gnu/libthread_db.so.1".
0x00007930de9b47f8 in __GI___clock_nanosleep (clock_id=clock_id@entry=0, flags=flags@entry=0, req=req@entry=0x7ffd14205200, rem=rem@entry=0x7ffd14205200) at ../sysdeps/unix/sysv/linux/clock_nanosleep.c:78
78	../sysdeps/unix/sysv/linux/clock_nanosleep.c: No such file or directory.
(gdb) (gdb) Continuing.
[Thread 0x7930af429640 (LWP 2022010) exited]
[Thread 0x7930aec28640 (LWP 2022011) exited]
[Thread 0x7930adc26640 (LWP 2022013) exited]
[Thread 0x7930ae427640 (LWP 2022012) exited]
[Thread 0x7930b4472640 (LWP 2022009) exited]
[Thread 0x7930b4c73640 (LWP 2022008) exited]
[Thread 0x7930b5474640 (LWP 2022007) exited]
[Thread 0x7930b5c75640 (LWP 2022006) exited]
[Thread 0x7930b6476640 (LWP 2022005) exited]
[Thread 0x7930b6c77640 (LWP 2022004) exited]
[Thread 0x7930b77fe640 (LWP 2022003) exited]
[Thread 0x7930d4a91640 (LWP 2022001) exited]
[Thread 0x7930d5292640 (LWP 2022000) exited]
[Thread 0x7930d5ffb640 (LWP 2021999) exited]
[Thread 0x7930d67fc640 (LWP 2021998) exited]
[Thread 0x7930d6ffd640 (LWP 2021997) exited]
[Thread 0x7930d77fe640 (LWP 2021996) exited]
[Thread 0x7930dcc32640 (LWP 2021995) exited]
[Thread 0x7930dd433640 (LWP 2021994) exited]
[Thread 0x7930d7fff640 (LWP 2021993) exited]
[Thread 0x7930ddc34640 (LWP 2021992) exited]
[Thread 0x7930ddcdaa00 (LWP 2021988) exited]
[Thread 0x7930b7fff640 (LWP 2022002) exited]
[New process 2021988]
[Inferior 1 (process 2021988) exited normally]
No stack.
(gdb) (gdb) 