Attaching to process 89866
[New LWP 89870]
[New LWP 89871]
[New LWP 89872]
[New LWP 89873]
[New LWP 89874]
[New LWP 89875]
[New LWP 89876]
[New LWP 89877]
[New LWP 89878]
[New LWP 89879]
[New LWP 89880]
[New LWP 89881]
[New LWP 89882]
[New LWP 89883]
[New LWP 89884]
[New LWP 89885]
[New LWP 89886]
[New LWP 89887]
[New LWP 89888]
[New LWP 89889]
[New LWP 89890]
[New LWP 89891]
[Thread debugging using libthread_db enabled]
Using host libthread_db library "/lib/x86_64-linux-gnu/libthread_db.so.1".
0x00007bf34c75a7f8 in __GI___clock_nanosleep (clock_id=clock_id@entry=0, flags=flags@entry=0, req=req@entry=0x7ffc1787ba80, rem=rem@entry=0x7ffc1787ba80) at ../sysdeps/unix/sysv/linux/clock_nanosleep.c:78
78	../sysdeps/unix/sysv/linux/clock_nanosleep.c: No such file or directory.
(gdb) (gdb) Continuing.
[Thread 0x7bf31d220640 (LWP 89888) exited]
[Thread 0x7bf31ca1f640 (LWP 89889) exited]
[Thread 0x7bf3177fe640 (LWP 89891) exited]
[Thread 0x7bf317fff640 (LWP 89890) exited]
[Thread 0x7bf321ffb640 (LWP 89887) exited]
[Thread 0x7bf3227fc640 (LWP 89886) exited]
[Thread 0x7bf322ffd640 (LWP 89885) exited]
[Thread 0x7bf3237fe640 (LWP 89884) exited]
[Thread 0x7bf323fff640 (LWP 89883) exited]
[Thread 0x7bf340f0c640 (LWP 89882) exited]
[Thread 0x7bf341a93640 (LWP 89881) exited]
[Thread 0x7bf342294640 (LWP 89880) exited]
[Thread 0x7bf343296640 (LWP 89878) exited]
[Thread 0x7bf3489d4640 (LWP 89877) exited]
[Thread 0x7bf3491d5640 (LWP 89876) exited]
[Thread 0x7bf3499d6640 (LWP 89875) exited]
[Thread 0x7bf34a1d7640 (LWP 89874) exited]
[Thread 0x7bf34a9d8640 (LWP 89873) exited]
[Thread 0x7bf34b1d9640 (LWP 89872) exited]
[Thread 0x7bf343fff640 (LWP 89871) exited]
[Thread 0x7bf34b9da640 (LWP 89870) exited]
[Thread 0x7bf34ba80a00 (LWP 89866) exited]
[Thread 0x7bf342a95640 (LWP 89879) exited]
[New process 89866]
[Inferior 1 (process 89866) exited normally]
(gdb) No stack.
(gdb) 