Attaching to process 91116
[New LWP 91120]
[New LWP 91121]
[New LWP 91122]
[New LWP 91123]
[New LWP 91124]
[New LWP 91125]
[New LWP 91126]
[New LWP 91127]
[New LWP 91128]
[New LWP 91129]
[New LWP 91130]
[New LWP 91131]
[New LWP 91132]
[New LWP 91133]
[New LWP 91134]
[New LWP 91135]
[New LWP 91136]
[New LWP 91137]
[New LWP 91138]
[New LWP 91139]
[New LWP 91140]
[New LWP 91141]
[Thread debugging using libthread_db enabled]
Using host libthread_db library "/lib/x86_64-linux-gnu/libthread_db.so.1".
0x00007af57f4237f8 in __GI___clock_nanosleep (clock_id=clock_id@entry=0, flags=flags@entry=0, req=req@entry=0x7ffcba70d040, rem=rem@entry=0x7ffcba70d040) at ../sysdeps/unix/sysv/linux/clock_nanosleep.c:78
78	../sysdeps/unix/sysv/linux/clock_nanosleep.c: No such file or directory.
(gdb) (gdb) Continuing.
[Thread 0x7af54fec0640 (LWP 91138) exited]
[Thread 0x7af547fff640 (LWP 91139) exited]
[Thread 0x7af54ecfb640 (LWP 91141) exited]
[Thread 0x7af54f6bf640 (LWP 91140) exited]
[Thread 0x7af554ff9640 (LWP 91137) exited]
[Thread 0x7af5557fa640 (LWP 91136) exited]
[Thread 0x7af555ffb640 (LWP 91135) exited]
[Thread 0x7af5567fc640 (LWP 91134) exited]
[Thread 0x7af556ffd640 (LWP 91133) exited]
[Thread 0x7af5577fe640 (LWP 91132) exited]
[Thread 0x7af557fff640 (LWP 91131) exited]
[Thread 0x7af574a91640 (LWP 91130) exited]
[Thread 0x7af575292640 (LWP 91129) exited]
[Thread 0x7af575a93640 (LWP 91128) exited]
[Thread 0x7af5767fc640 (LWP 91127) exited]
[Thread 0x7af576ffd640 (LWP 91126) exited]
[Thread 0x7af5777fe640 (LWP 91125) exited]
[Thread 0x7af57cea0640 (LWP 91124) exited]
[Thread 0x7af57d6a1640 (LWP 91123) exited]
[Thread 0x7af57dea2640 (LWP 91122) exited]
[Thread 0x7af577fff640 (LWP 91121) exited]
[Thread 0x7af57e6a3640 (LWP 91120) exited]
[Inferior 1 (process 91116) exited normally]
(gdb) No stack.
(gdb) 