Attaching to process 1289029
[New LWP 1289033]
[New LWP 1289034]
[New LWP 1289035]
[New LWP 1289036]
[New LWP 1289037]
[New LWP 1289038]
[New LWP 1289039]
[New LWP 1289040]
[New LWP 1289042]
[New LWP 1289043]
[New LWP 1289044]
[New LWP 1289045]
[New LWP 1289046]
[New LWP 1289047]
[New LWP 1289048]
[New LWP 1289049]
[New LWP 1289050]
[New LWP 1289051]
[New LWP 1289052]
[New LWP 1289053]
[New LWP 1289054]
[New LWP 1289055]
[Thread debugging using libthread_db enabled]
Using host libthread_db library "/lib/x86_64-linux-gnu/libthread_db.so.1".
0x000071f9d06107f8 in __GI___clock_nanosleep (clock_id=clock_id@entry=0, flags=flags@entry=0, req=req@entry=0x7fff1c510e00, rem=rem@entry=0x7fff1c510e00) at ../sysdeps/unix/sysv/linux/clock_nanosleep.c:78
78	../sysdeps/unix/sysv/linux/clock_nanosleep.c: No such file or directory.
(gdb) (gdb) Continuing.
[Thread 0x71f9a1085640 (LWP 1289052) exited]
[Thread 0x71f9a0884640 (LWP 1289053) exited]
[Thread 0x71f99b63b640 (LWP 1289055) exited]
[Thread 0x71f99bfff640 (LWP 1289054) exited]
[Thread 0x71f9a5ffb640 (LWP 1289051) exited]
[Thread 0x71f9a67fc640 (LWP 1289050) exited]
[Thread 0x71f9a6ffd640 (LWP 1289049) exited]
[Thread 0x71f9a77fe640 (LWP 1289048) exited]
[Thread 0x71f9a7fff640 (LWP 1289047) exited]
[Thread 0x71f9acdad640 (LWP 1289046) exited]
[Thread 0x71f9ad934640 (LWP 1289045) exited]
[Thread 0x71f9ae135640 (LWP 1289044) exited]
[Thread 0x71f9af137640 (LWP 1289042) exited]
[Thread 0x71f9affff640 (LWP 1289040) exited]
[Thread 0x71f9cc88a640 (LWP 1289039) exited]
[Thread 0x71f9cd08b640 (LWP 1289038) exited]
[Thread 0x71f9cd88c640 (LWP 1289037) exited]
[Thread 0x71f9ce08d640 (LWP 1289036) exited]
[Thread 0x71f9ce88e640 (LWP 1289035) exited]
[Thread 0x71f9cf08f640 (LWP 1289034) exited]
[Thread 0x71f9cf890640 (LWP 1289033) exited]
[Thread 0x71f9cf936a00 (LWP 1289029) exited]
[Thread 0x71f9ae936640 (LWP 1289043) exited]
[New process 1289029]
[Inferior 1 (process 1289029) exited normally]
(gdb) No stack.
(gdb) 