Attaching to process 903180
[New LWP 903184]
[New LWP 903185]
[New LWP 903186]
[New LWP 903187]
[New LWP 903188]
[New LWP 903189]
[New LWP 903190]
[New LWP 903191]
[New LWP 903192]
[New LWP 903193]
[New LWP 903194]
[New LWP 903195]
[New LWP 903196]
[New LWP 903197]
[New LWP 903198]
[New LWP 903199]
[New LWP 903200]
[New LWP 903201]
[New LWP 903202]
[New LWP 903203]
[New LWP 903204]
[New LWP 903205]
[Thread debugging using libthread_db enabled]
Using host libthread_db library "/lib/x86_64-linux-gnu/libthread_db.so.1".
0x00007020dfc8a7f8 in __GI___clock_nanosleep (clock_id=clock_id@entry=0, flags=flags@entry=0, req=req@entry=0x7ffc909e12d0, rem=rem@entry=0x7ffc909e12d0) at ../sysdeps/unix/sysv/linux/clock_nanosleep.c:78
78	../sysdeps/unix/sysv/linux/clock_nanosleep.c: No such file or directory.
(gdb) (gdb) Continuing.
[Thread 0x7020b0725640 (LWP 903202) exited]
[Thread 0x7020aff24640 (LWP 903203) exited]
[Thread 0x7020aef22640 (LWP 903205) exited]
[Thread 0x7020af723640 (LWP 903204) exited]
[Thread 0x7020b57fa640 (LWP 903201) exited]
[Thread 0x7020b5ffb640 (LWP 903200) exited]
[Thread 0x7020b67fc640 (LWP 903199) exited]
[Thread 0x7020b6ffd640 (LWP 903198) exited]
[Thread 0x7020b77fe640 (LWP 903197) exited]
[Thread 0x7020d4ff9640 (LWP 903195) exited]
[Thread 0x7020d57fa640 (LWP 903194) exited]
[Thread 0x7020d5ffb640 (LWP 903193) exited]
[Thread 0x7020d67fc640 (LWP 903192) exited]
[Thread 0x7020d6ffd640 (LWP 903191) exited]
[Thread 0x7020d77fe640 (LWP 903190) exited]
[Thread 0x7020dcf06640 (LWP 903189) exited]
[Thread 0x7020dd707640 (LWP 903188) exited]
[Thread 0x7020ddf08640 (LWP 903187) exited]
[Thread 0x7020de709640 (LWP 903186) exited]
[Thread 0x7020d7fff640 (LWP 903185) exited]
[Thread 0x7020def0a640 (LWP 903184) exited]
[Thread 0x7020defb0a00 (LWP 903180) exited]
[Thread 0x7020b7fff640 (LWP 903196) exited]
[New process 903180]
[Inferior 1 (process 903180) exited normally]
(gdb) No stack.
(gdb) 