Attaching to process 903248
[New LWP 903252]
[New LWP 903253]
[New LWP 903254]
[New LWP 903255]
[New LWP 903256]
[New LWP 903257]
[New LWP 903258]
[New LWP 903259]
[New LWP 903261]
[New LWP 903262]
[New LWP 903263]
[New LWP 903264]
[New LWP 903265]
[New LWP 903266]
[New LWP 903267]
[New LWP 903268]
[New LWP 903269]
[New LWP 903270]
[New LWP 903271]
[New LWP 903272]
[New LWP 903273]
[New LWP 903274]
[Thread debugging using libthread_db enabled]
Using host libthread_db library "/lib/x86_64-linux-gnu/libthread_db.so.1".
0x0000725eff7817f8 in __GI___clock_nanosleep (clock_id=clock_id@entry=0, flags=flags@entry=0, req=req@entry=0x7fff35b7b830, rem=rem@entry=0x7fff35b7b830) at ../sysdeps/unix/sysv/linux/clock_nanosleep.c:78
78	../sysdeps/unix/sysv/linux/clock_nanosleep.c: No such file or directory.
(gdb) (gdb) Continuing.
[Thread 0x725ed0222640 (LWP 903271) exited]
[Thread 0x725ecfa21640 (LWP 903272) exited]
[Thread 0x725ecea1f640 (LWP 903274) exited]
[Thread 0x725ecf220640 (LWP 903273) exited]
[Thread 0x725ed5474640 (LWP 903270) exited]
[Thread 0x725ed5c75640 (LWP 903269) exited]
[Thread 0x725ed6476640 (LWP 903268) exited]
[Thread 0x725ed6c77640 (LWP 903267) exited]
[Thread 0x725ed7478640 (LWP 903266) exited]
[Thread 0x725ed7c79640 (LWP 903265) exited]
[Thread 0x725ef49fd640 (LWP 903264) exited]
[Thread 0x725ef51fe640 (LWP 903263) exited]
[Thread 0x725ef6294640 (LWP 903262) exited]
[Thread 0x725ef6a95640 (LWP 903261) exited]
[Thread 0x725ef77fe640 (LWP 903259) exited]
[Thread 0x725efc9fd640 (LWP 903257) exited]
[Thread 0x725efd1fe640 (LWP 903256) exited]
[Thread 0x725efd9ff640 (LWP 903255) exited]
[Thread 0x725ef59ff640 (LWP 903254) exited]
[Thread 0x725efe200640 (LWP 903253) exited]
[Thread 0x725efea01640 (LWP 903252) exited]
[Thread 0x725efeaa7a00 (LWP 903248) exited]
[Thread 0x725ef7fff640 (LWP 903258) exited]
[New process 903248]
[Inferior 1 (process 903248) exited normally]
(gdb) No stack.
(gdb) 