Attaching to process 2725308
[New LWP 2725329]
[New LWP 2725330]
[New LWP 2725332]
[New LWP 2725334]
[New LWP 2725335]
[New LWP 2725337]
[New LWP 2725339]
[New LWP 2725340]
[New LWP 2725372]
[New LWP 2725373]
[New LWP 2725374]
[New LWP 2725375]
[New LWP 2725376]
[New LWP 2725377]
[New LWP 2725378]
[New LWP 2725379]
[New LWP 2725380]
[New LWP 2725381]
[New LWP 2725382]
[New LWP 2725383]
[New LWP 2725384]
[New LWP 2725385]
[Thread debugging using libthread_db enabled]
Using host libthread_db library "/lib/x86_64-linux-gnu/libthread_db.so.1".
0x0000729b7f0637f8 in __GI___clock_nanosleep (clock_id=clock_id@entry=0, flags=flags@entry=0, req=req@entry=0x7fffb2cbf8b0, rem=rem@entry=0x7fffb2cbf8b0) at ../sysdeps/unix/sysv/linux/clock_nanosleep.c:78
78	../sysdeps/unix/sysv/linux/clock_nanosleep.c: No such file or directory.
(gdb) (gdb) Continuing.
[Thread 0x729b4e12d640 (LWP 2725385) exited]
[Thread 0x729b4eaf1640 (LWP 2725384) exited]
[Thread 0x729b4f2f2640 (LWP 2725383) exited]
[Thread 0x729b4faf3640 (LWP 2725382) exited]
[Thread 0x729b54c73640 (LWP 2725381) exited]
[Thread 0x729b55474640 (LWP 2725380) exited]
[Thread 0x729b55c75640 (LWP 2725379) exited]
[Thread 0x729b56476640 (LWP 2725378) exited]
[Thread 0x729b56c77640 (LWP 2725377) exited]
[Thread 0x729b57478640 (LWP 2725376) exited]
[Thread 0x729b57fff640 (LWP 2725375) exited]
[Thread 0x729b74a91640 (LWP 2725374) exited]
[Thread 0x729b75292640 (LWP 2725373) exited]
[Thread 0x729b75a93640 (LWP 2725372) exited]
[Thread 0x729b767fc640 (LWP 2725340) exited]
[Thread 0x729b76ffd640 (LWP 2725339) exited]
[Thread 0x729b777fe640 (LWP 2725337) exited]
[Thread 0x729b7cae0640 (LWP 2725335) exited]
[Thread 0x729b7d2e1640 (LWP 2725334) exited]
[Thread 0x729b77fff640 (LWP 2725332) exited]
[Thread 0x729b7dae2640 (LWP 2725330) exited]
[Thread 0x729b7e2e3640 (LWP 2725329) exited]
[Inferior 1 (process 2725308) exited with code 01]
(gdb) No stack.
(gdb) 