Attaching to process 2725852
[New LWP 2725885]
[New LWP 2725886]
[New LWP 2725887]
[New LWP 2725888]
[New LWP 2725889]
[New LWP 2725890]
[New LWP 2725891]
[New LWP 2725892]
[New LWP 2725916]
[New LWP 2725917]
[New LWP 2725918]
[New LWP 2725919]
[New LWP 2725920]
[New LWP 2725921]
[New LWP 2725922]
[New LWP 2725923]
[New LWP 2725924]
[New LWP 2725925]
[New LWP 2725926]
[New LWP 2725927]
[New LWP 2725928]
[New LWP 2725929]
[Thread debugging using libthread_db enabled]
Using host libthread_db library "/lib/x86_64-linux-gnu/libthread_db.so.1".
0x0000770c4f61e7f8 in __GI___clock_nanosleep (clock_id=clock_id@entry=0, flags=flags@entry=0, req=req@entry=0x7ffd98a0d8d0, rem=rem@entry=0x7ffd98a0d8d0) at ../sysdeps/unix/sysv/linux/clock_nanosleep.c:78
78	../sysdeps/unix/sysv/linux/clock_nanosleep.c: No such file or directory.
(gdb) (gdb) Continuing.
[Thread 0x770c1f0c2640 (LWP 2725929) exited]
[Thread 0x770c1f8eb640 (LWP 2725928) exited]
[Thread 0x770c177ff640 (LWP 2725927) exited]
[Thread 0x770c200ec640 (LWP 2725926) exited]
[Thread 0x770c25474640 (LWP 2725925) exited]
[Thread 0x770c25c75640 (LWP 2725924) exited]
[Thread 0x770c26476640 (LWP 2725923) exited]
[Thread 0x770c26c77640 (LWP 2725922) exited]
[Thread 0x770c27478640 (LWP 2725921) exited]
[Thread 0x770c27c79640 (LWP 2725920) exited]
[Thread 0x770c3c932640 (LWP 2725919) exited]
[Thread 0x770c3d133640 (LWP 2725918) exited]
[Thread 0x770c3d934640 (LWP 2725917) exited]
[Thread 0x770c3e135640 (LWP 2725916) exited]
[Thread 0x770c3effd640 (LWP 2725892) exited]
[Thread 0x770c3f7fe640 (LWP 2725891) exited]
[Thread 0x770c4c89a640 (LWP 2725890) exited]
[Thread 0x770c4d09b640 (LWP 2725889) exited]
[Thread 0x770c4d89c640 (LWP 2725888) exited]
[Thread 0x770c3ffff640 (LWP 2725887) exited]
[Thread 0x770c4e09d640 (LWP 2725886) exited]
[Thread 0x770c4e89e640 (LWP 2725885) exited]
[Inferior 1 (process 2725852) exited with code 01]
(gdb) (gdb) No stack.
