Attaching to process 2726396
[New LWP 2726429]
[New LWP 2726430]
[New LWP 2726431]
[New LWP 2726432]
[New LWP 2726433]
[New LWP 2726434]
[New LWP 2726435]
[New LWP 2726436]
[New LWP 2726460]
[New LWP 2726461]
[New LWP 2726462]
[New LWP 2726463]
[New LWP 2726464]
[New LWP 2726465]
[New LWP 2726466]
[New LWP 2726467]
[New LWP 2726468]
[New LWP 2726469]
[New LWP 2726470]
[New LWP 2726471]
[New LWP 2726472]
[New LWP 2726473]
78	../sysdeps/unix/sysv/linux/clock_nanosleep.c: No such file or directory.
[Thread debugging using libthread_db enabled]
Using host libthread_db library "/lib/x86_64-linux-gnu/libthread_db.so.1".
0x00007a42d09727f8 in __GI___clock_nanosleep (clock_id=clock_id@entry=0, flags=flags@entry=0, req=req@entry=0x7ffcc3a1fdc0, rem=rem@entry=0x7ffcc3a1fdc0) at ../sysdeps/unix/sysv/linux/clock_nanosleep.c:78
(gdb) (gdb) Continuing.
[Thread 0x7a42935ff640 (LWP 2726473) exited]
[Thread 0x7a429bfff640 (LWP 2726472) exited]
[Thread 0x7a42a0c0a640 (LWP 2726471) exited]
[Thread 0x7a42a140b640 (LWP 2726470) exited]
[Thread 0x7a42a5ffb640 (LWP 2726469) exited]
[Thread 0x7a42a67fc640 (LWP 2726468) exited]
[Thread 0x7a42a6ffd640 (LWP 2726467) exited]
[Thread 0x7a42a77fe640 (LWP 2726466) exited]
[Thread 0x7a42a7fff640 (LWP 2726465) exited]
[Thread 0x7a42acf0c640 (LWP 2726464) exited]
[Thread 0x7a42ada93640 (LWP 2726463) exited]
[Thread 0x7a42ae294640 (LWP 2726462) exited]
[Thread 0x7a42aea95640 (LWP 2726461) exited]
[Thread 0x7a42af296640 (LWP 2726460) exited]
[Thread 0x7a42affff640 (LWP 2726436) exited]
[Thread 0x7a42ccbec640 (LWP 2726435) exited]
[Thread 0x7a42cd3ed640 (LWP 2726434) exited]
[Thread 0x7a42cdbee640 (LWP 2726433) exited]
[Thread 0x7a42ce3ef640 (LWP 2726432) exited]
[Thread 0x7a42cebf0640 (LWP 2726431) exited]
[Thread 0x7a42cf3f1640 (LWP 2726430) exited]
[Thread 0x7a42cfbf2640 (LWP 2726429) exited]
[Inferior 1 (process 2726396) exited with code 01]
(gdb) No stack.
(gdb) 