Attaching to process 1934244
[New LWP 1934248]
[New LWP 1934249]
[New LWP 1934250]
[New LWP 1934251]
[New LWP 1934252]
[New LWP 1934253]
[New LWP 1934254]
[New LWP 1934255]
[New LWP 1934256]
[New LWP 1934257]
[New LWP 1934258]
[New LWP 1934259]
[New LWP 1934260]
[New LWP 1934261]
[New LWP 1934262]
[New LWP 1934263]
[New LWP 1934264]
[New LWP 1934265]
[New LWP 1934266]
[New LWP 1934267]
[New LWP 1934268]
[New LWP 1934269]
[Thread debugging using libthread_db enabled]
Using host libthread_db library "/lib/x86_64-linux-gnu/libthread_db.so.1".
0x00007f20b99ec7f8 in __GI___clock_nanosleep (clock_id=clock_id@entry=0, flags=flags@entry=0, req=req@entry=0x7ffe96cbb460, rem=rem@entry=0x7ffe96cbb460) at ../sysdeps/unix/sysv/linux/clock_nanosleep.c:78
78	../sysdeps/unix/sysv/linux/clock_nanosleep.c: No such file or directory.
(gdb) (gdb) Continuing.
[Thread 0x7f208a499640 (LWP 1934266) exited]
[Thread 0x7f2089c98640 (LWP 1934267) exited]
[Thread 0x7f20813ff640 (LWP 1934268) exited]
[Thread 0x7f208effd640 (LWP 1934265) exited]
[Thread 0x7f208f7fe640 (LWP 1934264) exited]
[Thread 0x7f208ffff640 (LWP 1934263) exited]
[Thread 0x7f20acff9640 (LWP 1934262) exited]
[Thread 0x7f20ad7fa640 (LWP 1934261) exited]
[Thread 0x7f20adffb640 (LWP 1934260) exited]
[Thread 0x7f20ae7fc640 (LWP 1934259) exited]
[Thread 0x7f20aeffd640 (LWP 1934258) exited]
[Thread 0x7f20af7fe640 (LWP 1934257) exited]
[Thread 0x7f20b4d9e640 (LWP 1934256) exited]
[Thread 0x7f20b5c66640 (LWP 1934255) exited]
[Thread 0x7f20b6467640 (LWP 1934254) exited]
[Thread 0x7f20b6c68640 (LWP 1934253) exited]
[Thread 0x7f20b7469640 (LWP 1934252) exited]
[Thread 0x7f20affff640 (LWP 1934251) exited]
[Thread 0x7f20b7c6a640 (LWP 1934250) exited]
[Thread 0x7f20b846b640 (LWP 1934249) exited]
[Thread 0x7f20b8c6c640 (LWP 1934248) exited]
[Thread 0x7f20b8d12a00 (LWP 1934244) exited]
[Thread 0x7f207bfff640 (LWP 1934269) exited]
[New process 1934244]
[Inferior 1 (process 1934244) exited normally]
(gdb) (gdb) No stack.
