Attaching to process 1823428
[New LWP 1823432]
[New LWP 1823433]
[New LWP 1823434]
[New LWP 1823435]
[New LWP 1823436]
[New LWP 1823437]
[New LWP 1823438]
[New LWP 1823439]
[New LWP 1823440]
[New LWP 1823441]
[New LWP 1823442]
[New LWP 1823443]
[New LWP 1823444]
[New LWP 1823445]
[New LWP 1823446]
[New LWP 1823447]
[New LWP 1823448]
[New LWP 1823449]
[New LWP 1823450]
[New LWP 1823451]
[New LWP 1823452]
[New LWP 1823453]
[Thread debugging using libthread_db enabled]
Using host libthread_db library "/lib/x86_64-linux-gnu/libthread_db.so.1".
0x00007ecb7fa0a7f8 in __GI___clock_nanosleep (clock_id=clock_id@entry=0, flags=flags@entry=0, req=req@entry=0x7ffcec882cf0, rem=rem@entry=0x7ffcec882cf0) at ../sysdeps/unix/sysv/linux/clock_nanosleep.c:78
78	../sysdeps/unix/sysv/linux/clock_nanosleep.c: No such file or directory.
(gdb) (gdb) Continuing.
[Thread 0x7ecb504db640 (LWP 1823450) exited]
[Thread 0x7ecb4fcda640 (LWP 1823451) exited]
[Thread 0x7ecb46bfe640 (LWP 1823453) exited]
[Thread 0x7ecb473ff640 (LWP 1823452) exited]
[Thread 0x7ecb54ff9640 (LWP 1823449) exited]
[Thread 0x7ecb557fa640 (LWP 1823448) exited]
[Thread 0x7ecb55ffb640 (LWP 1823447) exited]
[Thread 0x7ecb567fc640 (LWP 1823446) exited]
[Thread 0x7ecb56ffd640 (LWP 1823445) exited]
[Thread 0x7ecb577fe640 (LWP 1823444) exited]
[Thread 0x7ecb65292640 (LWP 1823443) exited]
[Thread 0x7ecb66294640 (LWP 1823441) exited]
[Thread 0x7ecb66a95640 (LWP 1823440) exited]
[Thread 0x7ecb57fff640 (LWP 1823439) exited]
[Thread 0x7ecb677fe640 (LWP 1823438) exited]
[Thread 0x7ecb67fff640 (LWP 1823437) exited]
[Thread 0x7ecb7cc86640 (LWP 1823436) exited]
[Thread 0x7ecb7d487640 (LWP 1823435) exited]
[Thread 0x7ecb7dc88640 (LWP 1823434) exited]
[Thread 0x7ecb7e489640 (LWP 1823433) exited]
[Thread 0x7ecb7ec8a640 (LWP 1823432) exited]
[Thread 0x7ecb7ed30a00 (LWP 1823428) exited]
[Thread 0x7ecb65a93640 (LWP 1823442) exited]
[New process 1823428]
[Inferior 1 (process 1823428) exited normally]
(gdb) No stack.
(gdb) 