Attaching to process 653162
[New LWP 653178]
[New LWP 653179]
[New LWP 653180]
[New LWP 653181]
[New LWP 653182]
[New LWP 653183]
[New LWP 653184]
[New LWP 653185]
[New LWP 653226]
[New LWP 653227]
[New LWP 653228]
[New LWP 653229]
[New LWP 653230]
[New LWP 653231]
[New LWP 653232]
[New LWP 653233]
[New LWP 653234]
[New LWP 653235]
[New LWP 653236]
[New LWP 653237]
[New LWP 653238]
[New LWP 653239]
[Thread debugging using libthread_db enabled]
Using host libthread_db library "/lib/x86_64-linux-gnu/libthread_db.so.1".
0x00007995b27777f8 in __GI___clock_nanosleep (clock_id=clock_id@entry=0, flags=flags@entry=0, req=req@entry=0x7fffb984acd0, rem=rem@entry=0x7fffb984acd0) at ../sysdeps/unix/sysv/linux/clock_nanosleep.c:78
78	../sysdeps/unix/sysv/linux/clock_nanosleep.c: No such file or directory.
(gdb) (gdb) Continuing.
[Thread 0x799583220640 (LWP 653236) exited]
[Thread 0x79957bfff640 (LWP 653237) exited]
[Thread 0x79958221e640 (LWP 653239) exited]
[Thread 0x799582a1f640 (LWP 653238) exited]
[Thread 0x799588472640 (LWP 653235) exited]
[Thread 0x799588c73640 (LWP 653234) exited]
[Thread 0x799589474640 (LWP 653233) exited]
[Thread 0x799589c75640 (LWP 653232) exited]
[Thread 0x79958a476640 (LWP 653231) exited]
[Thread 0x79958ac77640 (LWP 653230) exited]
[Thread 0x79958b7fe640 (LWP 653229) exited]
[Thread 0x7995a0a91640 (LWP 653227) exited]
[Thread 0x7995a1292640 (LWP 653226) exited]
[Thread 0x7995a1ffb640 (LWP 653185) exited]
[Thread 0x7995a27fc640 (LWP 653184) exited]
[Thread 0x7995a2ffd640 (LWP 653183) exited]
[Thread 0x7995a37fe640 (LWP 653182) exited]
[Thread 0x7995a3fff640 (LWP 653181) exited]
[Thread 0x7995b09f5640 (LWP 653180) exited]
[Thread 0x7995b11f6640 (LWP 653179) exited]
[Thread 0x7995b19f7640 (LWP 653178) exited]
[Thread 0x7995b1a9da00 (LWP 653162) exited]
[Thread 0x79958bfff640 (LWP 653228) exited]
[New process 653162]
[Inferior 1 (process 653162) exited normally]
(gdb) (gdb) No stack.
