Attaching to process 652665
[New LWP 652669]
[New LWP 652670]
[New LWP 652671]
[New LWP 652672]
[New LWP 652673]
[New LWP 652674]
[New LWP 652675]
[New LWP 652676]
[New LWP 652678]
[New LWP 652679]
[New LWP 652680]
[New LWP 652681]
[New LWP 652682]
[New LWP 652683]
[New LWP 652684]
[New LWP 652685]
[New LWP 652686]
[New LWP 652687]
[New LWP 652688]
[New LWP 652689]
[New LWP 652690]
[New LWP 652691]
78	../sysdeps/unix/sysv/linux/clock_nanosleep.c: No such file or directory.
[Thread debugging using libthread_db enabled]
Using host libthread_db library "/lib/x86_64-linux-gnu/libthread_db.so.1".
0x000075cdcc78f7f8 in __GI___clock_nanosleep (clock_id=clock_id@entry=0, flags=flags@entry=0, req=req@entry=0x7fffd84305a0, rem=rem@entry=0x7fffd84305a0) at ../sysdeps/unix/sysv/linux/clock_nanosleep.c:78
(gdb) (gdb) Continuing.
[Thread 0x75cd9d266640 (LWP 652688) exited]
[Thread 0x75cd949ff640 (LWP 652689) exited]
[Thread 0x75cd97fff640 (LWP 652691) exited]
[Thread 0x75cd9ca65640 (LWP 652690) exited]
[Thread 0x75cda1ffb640 (LWP 652687) exited]
[Thread 0x75cda27fc640 (LWP 652686) exited]
[Thread 0x75cda2ffd640 (LWP 652685) exited]
[Thread 0x75cda37fe640 (LWP 652684) exited]
[Thread 0x75cda3fff640 (LWP 652683) exited]
[Thread 0x75cda8f0c640 (LWP 652682) exited]
[Thread 0x75cda9a93640 (LWP 652681) exited]
[Thread 0x75cdaaa95640 (LWP 652679) exited]
[Thread 0x75cdab296640 (LWP 652678) exited]
[Thread 0x75cdabfff640 (LWP 652676) exited]
[Thread 0x75cdc8a09640 (LWP 652675) exited]
[Thread 0x75cdc920a640 (LWP 652674) exited]
[Thread 0x75cdc9a0b640 (LWP 652673) exited]
[Thread 0x75cdca20c640 (LWP 652672) exited]
[Thread 0x75cdcaa0d640 (LWP 652671) exited]
[Thread 0x75cdcb20e640 (LWP 652670) exited]
[Thread 0x75cdcba0f640 (LWP 652669) exited]
[Thread 0x75cdcbab5a00 (LWP 652665) exited]
[Thread 0x75cdaa294640 (LWP 652680) exited]
[New process 652665]
[Inferior 1 (process 652665) exited normally]
(gdb) No stack.
(gdb) 