Attaching to process 1414030
[New LWP 1414034]
[New LWP 1414035]
[New LWP 1414036]
[New LWP 1414037]
[New LWP 1414038]
[New LWP 1414039]
[New LWP 1414040]
[New LWP 1414041]
[Thread debugging using libthread_db enabled]
Using host libthread_db library "/lib/x86_64-linux-gnu/libthread_db.so.1".
0x00007624edbe1cdb in eventfd () at ../sysdeps/unix/syscall-template.S:120
120	../sysdeps/unix/syscall-template.S: No such file or directory.
(gdb) (gdb) Continuing.
[New Thread 0x7624e4a91640 (LWP 1414081)]
[New Thread 0x7624dffff640 (LWP 1414082)]
[New Thread 0x7624df7fe640 (LWP 1414083)]
[New Thread 0x7624deffd640 (LWP 1414084)]
[New Thread 0x7624dddfe640 (LWP 1414085)]
[New Thread 0x7624dd5fd640 (LWP 1414086)]
[New Thread 0x7624dcdfc640 (LWP 1414087)]
[New Thread 0x7624c7fff640 (LWP 1414088)]
[New Thread 0x7624c77fe640 (LWP 1414089)]
[New Thread 0x7624c6ffd640 (LWP 1414090)]
[New Thread 0x7624be572640 (LWP 1414091)]
[New Thread 0x7624bdd71640 (LWP 1414092)]
[New Thread 0x7624bd570640 (LWP 1414093)]
[New Thread 0x7624bcbac640 (LWP 1414094)]
[Thread 0x7624bcbac640 (LWP 1414094) exited]
[Thread 0x7624bd570640 (LWP 1414093) exited]
[Thread 0x7624bdd71640 (LWP 1414092) exited]
[Thread 0x7624be572640 (LWP 1414091) exited]
[Thread 0x7624c6ffd640 (LWP 1414090) exited]
[Thread 0x7624c77fe640 (LWP 1414089) exited]
[Thread 0x7624c7fff640 (LWP 1414088) exited]
[Thread 0x7624dcdfc640 (LWP 1414087) exited]
[Thread 0x7624dd5fd640 (LWP 1414086) exited]
[Thread 0x7624dddfe640 (LWP 1414085) exited]
[Thread 0x7624deffd640 (LWP 1414084) exited]
[Thread 0x7624df7fe640 (LWP 1414083) exited]
[Thread 0x7624e4a91640 (LWP 1414081) exited]
[Thread 0x7624e57fa640 (LWP 1414041) exited]
[Thread 0x7624e5ffb640 (LWP 1414040) exited]
[Thread 0x7624e67fc640 (LWP 1414039) exited]
[Thread 0x7624de5ff640 (LWP 1414038) exited]
[Thread 0x7624e6ffd640 (LWP 1414037) exited]
[Thread 0x7624e77fe640 (LWP 1414036) exited]
[Thread 0x7624e7fff640 (LWP 1414035) exited]
[Thread 0x7624ece21640 (LWP 1414034) exited]
[Thread 0x7624ecec7a00 (LWP 1414030) exited]
[Thread 0x7624dffff640 (LWP 1414082) exited]
[New process 1414030]
[Inferior 1 (process 1414030) exited with code 01]
(gdb) No stack.
(gdb) 