Attaching to process 1412647
[New LWP 1412680]
[New LWP 1412681]
[New LWP 1412682]
[New LWP 1412683]
[New LWP 1412684]
[New LWP 1412685]
[New LWP 1412686]
[New LWP 1412687]
[New LWP 1412711]
[New LWP 1412712]
[New LWP 1412713]
[New LWP 1412714]
[New LWP 1412715]
[New LWP 1412716]
[New LWP 1412717]
[New LWP 1412718]
[New LWP 1412719]
[New LWP 1412720]
[New LWP 1412721]
[New LWP 1412722]
[New LWP 1412723]
[New LWP 1412724]
78	../sysdeps/unix/sysv/linux/clock_nanosleep.c: No such file or directory.
[Thread debugging using libthread_db enabled]
Using host libthread_db library "/lib/x86_64-linux-gnu/libthread_db.so.1".
0x00007b552fe757f8 in __GI___clock_nanosleep (clock_id=clock_id@entry=0, flags=flags@entry=0, req=req@entry=0x7ffd9de6d7e0, rem=rem@entry=0x7ffd9de6d7e0) at ../sysdeps/unix/sysv/linux/clock_nanosleep.c:78
(gdb) (gdb) Continuing.
[Thread 0x7b54fef4a640 (LWP 1412724) exited]
[Thread 0x7b54ff90e640 (LWP 1412723) exited]
[Thread 0x7b550010f640 (LWP 1412722) exited]
[Thread 0x7b5500910640 (LWP 1412721) exited]
[Thread 0x7b55057fa640 (LWP 1412720) exited]
[Thread 0x7b5505ffb640 (LWP 1412719) exited]
[Thread 0x7b55067fc640 (LWP 1412718) exited]
[Thread 0x7b5506ffd640 (LWP 1412717) exited]
[Thread 0x7b55077fe640 (LWP 1412716) exited]
[Thread 0x7b5507fff640 (LWP 1412715) exited]
[Thread 0x7b5525133640 (LWP 1412714) exited]
[Thread 0x7b5525934640 (LWP 1412713) exited]
[Thread 0x7b5526135640 (LWP 1412712) exited]
[Thread 0x7b5526936640 (LWP 1412711) exited]
[Thread 0x7b55277fe640 (LWP 1412687) exited]
[Thread 0x7b552c8f0640 (LWP 1412686) exited]
[Thread 0x7b552d0f1640 (LWP 1412685) exited]
[Thread 0x7b552d8f2640 (LWP 1412684) exited]
[Thread 0x7b552e0f3640 (LWP 1412683) exited]
[Thread 0x7b552e8f4640 (LWP 1412682) exited]
[Thread 0x7b5527fff640 (LWP 1412681) exited]
[Thread 0x7b552f0f5640 (LWP 1412680) exited]
[Inferior 1 (process 1412647) exited with code 01]
No stack.
(gdb) (gdb) 