Attaching to process 1413405
[New LWP 1413409]
[New LWP 1413410]
[New LWP 1413411]
[New LWP 1413412]
[New LWP 1413413]
[New LWP 1413414]
[New LWP 1413415]
[New LWP 1413416]
[Thread debugging using libthread_db enabled]
Using host libthread_db library "/lib/x86_64-linux-gnu/libthread_db.so.1".
0x00007056600d1cdb in eventfd () at ../sysdeps/unix/syscall-template.S:120
120	../sysdeps/unix/syscall-template.S: No such file or directory.
(gdb) (gdb) Continuing.
[New Thread 0x705657296640 (LWP 1413456)]
[New Thread 0x705656a95640 (LWP 1413457)]
[New Thread 0x7056559fe640 (LWP 1413458)]
[New Thread 0x7056551fd640 (LWP 1413459)]
[New Thread 0x705637fff640 (LWP 1413460)]
[New Thread 0x7056377fe640 (LWP 1413461)]
[New Thread 0x705636ffd640 (LWP 1413462)]
[New Thread 0x7056367fc640 (LWP 1413463)]
[New Thread 0x705635ffb640 (LWP 1413464)]
[New Thread 0x7056357fa640 (LWP 1413465)]
[New Thread 0x705630b41640 (LWP 1413466)]
[New Thread 0x705630340640 (LWP 1413467)]
[New Thread 0x70562fb3f640 (LWP 1413468)]
[New Thread 0x70562f33e640 (LWP 1413469)]
[Thread 0x70562f33e640 (LWP 1413469) exited]
[Thread 0x70562fb3f640 (LWP 1413468) exited]
[Thread 0x705630340640 (LWP 1413467) exited]
[Thread 0x705630b41640 (LWP 1413466) exited]
[Thread 0x7056357fa640 (LWP 1413465) exited]
[Thread 0x705635ffb640 (LWP 1413464) exited]
[Thread 0x7056367fc640 (LWP 1413463) exited]
[Thread 0x705636ffd640 (LWP 1413462) exited]
[Thread 0x7056377fe640 (LWP 1413461) exited]
[Thread 0x705637fff640 (LWP 1413460) exited]
[Thread 0x7056551fd640 (LWP 1413459) exited]
[Thread 0x7056559fe640 (LWP 1413458) exited]
[Thread 0x705656a95640 (LWP 1413457) exited]
[Thread 0x705657296640 (LWP 1413456) exited]
[Thread 0x705657fff640 (LWP 1413416) exited]
[Thread 0x70565cb0c640 (LWP 1413415) exited]
[Thread 0x70565d30d640 (LWP 1413414) exited]
[Thread 0x70565db0e640 (LWP 1413413) exited]
[Thread 0x70565e30f640 (LWP 1413412) exited]
[Thread 0x7056561ff640 (LWP 1413411) exited]
[Thread 0x70565eb10640 (LWP 1413410) exited]
[Thread 0x70565f311640 (LWP 1413409) exited]
[Inferior 1 (process 1413405) exited with code 01]
(gdb) (gdb) No stack.
