Attaching to process 1412780
[New LWP 1412784]
[New LWP 1412785]
[New LWP 1412786]
[New LWP 1412787]
[New LWP 1412788]
[New LWP 1412789]
[New LWP 1412790]
[New LWP 1412791]
[Thread debugging using libthread_db enabled]
Using host libthread_db library "/lib/x86_64-linux-gnu/libthread_db.so.1".
0x00007247ef624cdb in eventfd () at ../sysdeps/unix/syscall-template.S:120
120	../sysdeps/unix/syscall-template.S: No such file or directory.
(gdb) (gdb) Continuing.
[New Thread 0x7247e6936640 (LWP 1412831)]
[New Thread 0x7247e6135640 (LWP 1412832)]
[New Thread 0x7247e5934640 (LWP 1412833)]
[New Thread 0x7247e5133640 (LWP 1412834)]
[New Thread 0x7247e3c78640 (LWP 1412835)]
[New Thread 0x7247e3477640 (LWP 1412836)]
[New Thread 0x7247e2c76640 (LWP 1412837)]
[New Thread 0x7247e2475640 (LWP 1412838)]
[New Thread 0x7247e1c74640 (LWP 1412839)]
[New Thread 0x7247e1473640 (LWP 1412840)]
[New Thread 0x7247d3fff640 (LWP 1412841)]
[New Thread 0x7247d37fe640 (LWP 1412842)]
[New Thread 0x7247d2e3a640 (LWP 1412843)]
[New Thread 0x7247d2639640 (LWP 1412844)]
[Thread 0x7247d2639640 (LWP 1412844) exited]
[Thread 0x7247d2e3a640 (LWP 1412843) exited]
[Thread 0x7247d37fe640 (LWP 1412842) exited]
[Thread 0x7247d3fff640 (LWP 1412841) exited]
[Thread 0x7247e1473640 (LWP 1412840) exited]
[Thread 0x7247e1c74640 (LWP 1412839) exited]
[Thread 0x7247e2475640 (LWP 1412838) exited]
[Thread 0x7247e2c76640 (LWP 1412837) exited]
[Thread 0x7247e3477640 (LWP 1412836) exited]
[Thread 0x7247e3c78640 (LWP 1412835) exited]
[Thread 0x7247e5133640 (LWP 1412834) exited]
[Thread 0x7247e5934640 (LWP 1412833) exited]
[Thread 0x7247e6135640 (LWP 1412832) exited]
[Thread 0x7247e6936640 (LWP 1412831) exited]
[Thread 0x7247e77fe640 (LWP 1412791) exited]
[Thread 0x7247ec860640 (LWP 1412789) exited]
[Thread 0x7247e47ff640 (LWP 1412788) exited]
[Thread 0x7247ed061640 (LWP 1412787) exited]
[Thread 0x7247ed862640 (LWP 1412786) exited]
[Thread 0x7247ee063640 (LWP 1412785) exited]
[Thread 0x7247ee864640 (LWP 1412784) exited]
[Thread 0x7247ee90aa00 (LWP 1412780) exited]
[Thread 0x7247e7fff640 (LWP 1412790) exited]
[New process 1412780]
[Inferior 1 (process 1412780) exited with code 01]
(gdb) (gdb) No stack.
