Attaching to process 1413272
[New LWP 1413305]
[New LWP 1413306]
[New LWP 1413307]
[New LWP 1413308]
[New LWP 1413309]
[New LWP 1413310]
[New LWP 1413311]
[New LWP 1413312]
[New LWP 1413336]
[New LWP 1413337]
[New LWP 1413338]
[New LWP 1413339]
[New LWP 1413340]
[New LWP 1413341]
[New LWP 1413342]
[New LWP 1413343]
[New LWP 1413344]
[New LWP 1413345]
[New LWP 1413346]
[New LWP 1413347]
[New LWP 1413348]
[New LWP 1413349]
78	../sysdeps/unix/sysv/linux/clock_nanosleep.c: No such file or directory.
[Thread debugging using libthread_db enabled]
Using host libthread_db library "/lib/x86_64-linux-gnu/libthread_db.so.1".
0x0000771369df47f8 in __GI___clock_nanosleep (clock_id=clock_id@entry=0, flags=flags@entry=0, req=req@entry=0x7ffee52e35f0, rem=rem@entry=0x7ffee52e35f0) at ../sysdeps/unix/sysv/linux/clock_nanosleep.c:78
(gdb) (gdb) Continuing.
[Thread 0x7713398a1640 (LWP 1413349) exited]
[Thread 0x77133a0a2640 (LWP 1413348) exited]
[Thread 0x771331fff640 (LWP 1413347) exited]
[Thread 0x77133a8a3640 (LWP 1413346) exited]
[Thread 0x77133fc71640 (LWP 1413345) exited]
[Thread 0x771340472640 (LWP 1413344) exited]
[Thread 0x771340c73640 (LWP 1413343) exited]
[Thread 0x771341474640 (LWP 1413342) exited]
[Thread 0x771341c75640 (LWP 1413341) exited]
[Thread 0x771342476640 (LWP 1413340) exited]
[Thread 0x7713437fe640 (LWP 1413338) exited]
[Thread 0x771343fff640 (LWP 1413337) exited]
[Thread 0x771358932640 (LWP 1413336) exited]
[Thread 0x7713597fa640 (LWP 1413312) exited]
[Thread 0x771359ffb640 (LWP 1413311) exited]
[Thread 0x77135a7fc640 (LWP 1413310) exited]
[Thread 0x77135affd640 (LWP 1413309) exited]
[Thread 0x77135b7fe640 (LWP 1413308) exited]
[Thread 0x77135bfff640 (LWP 1413307) exited]
[Thread 0x771368873640 (LWP 1413306) exited]
[Thread 0x771369074640 (LWP 1413305) exited]
[Thread 0x77136911aa00 (LWP 1413272) exited]
[Thread 0x771342ffd640 (LWP 1413339) exited]
[New process 1413272]
[Inferior 1 (process 1413272) exited with code 01]
(gdb) No stack.
(gdb) 