Attaching to process 1413897
[New LWP 1413930]
[New LWP 1413931]
[New LWP 1413932]
[New LWP 1413933]
[New LWP 1413934]
[New LWP 1413935]
[New LWP 1413936]
[New LWP 1413937]
[New LWP 1413961]
[New LWP 1413962]
[New LWP 1413963]
[New LWP 1413964]
[New LWP 1413965]
[New LWP 1413966]
[New LWP 1413967]
[New LWP 1413968]
[New LWP 1413969]
[New LWP 1413970]
[New LWP 1413971]
[New LWP 1413972]
[New LWP 1413973]
[New LWP 1413974]
[Thread debugging using libthread_db enabled]
Using host libthread_db library "/lib/x86_64-linux-gnu/libthread_db.so.1".
0x00007037581c37f8 in __GI___clock_nanosleep (clock_id=clock_id@entry=0, flags=flags@entry=0, req=req@entry=0x7fff8b4490b0, rem=rem@entry=0x7fff8b4490b0) at ../sysdeps/unix/sysv/linux/clock_nanosleep.c:78
78	../sysdeps/unix/sysv/linux/clock_nanosleep.c: No such file or directory.
(gdb) (gdb) Continuing.
[Thread 0x703727c57640 (LWP 1413974) exited]
[Thread 0x703728480640 (LWP 1413973) exited]
[Thread 0x703724480640 (LWP 1413972) exited]
[Thread 0x703728c81640 (LWP 1413971) exited]
[Thread 0x7037317fa640 (LWP 1413970) exited]
[Thread 0x703731ffb640 (LWP 1413969) exited]
[Thread 0x7037327fc640 (LWP 1413968) exited]
[Thread 0x703732ffd640 (LWP 1413967) exited]
[Thread 0x7037337fe640 (LWP 1413966) exited]
[Thread 0x703733fff640 (LWP 1413965) exited]
[Thread 0x70373d292640 (LWP 1413964) exited]
[Thread 0x70373da93640 (LWP 1413963) exited]
[Thread 0x70373e294640 (LWP 1413962) exited]
[Thread 0x70373ea95640 (LWP 1413961) exited]
[Thread 0x70373f7fe640 (LWP 1413937) exited]
[Thread 0x70373ffff640 (LWP 1413936) exited]
[Thread 0x703754c3e640 (LWP 1413935) exited]
[Thread 0x70375543f640 (LWP 1413934) exited]
[Thread 0x703755c40640 (LWP 1413933) exited]
[Thread 0x703756441640 (LWP 1413932) exited]
[Thread 0x703756c42640 (LWP 1413931) exited]
[Thread 0x703757443640 (LWP 1413930) exited]
[Inferior 1 (process 1413897) exited with code 01]
(gdb) No stack.
(gdb) 