Attaching to process 3698793
[New LWP 3698797]
[New LWP 3698798]
[New LWP 3698799]
[New LWP 3698800]
[New LWP 3698801]
[New LWP 3698802]
[New LWP 3698803]
[New LWP 3698804]
[New LWP 3698806]
[New LWP 3698807]
[New LWP 3698808]
[New LWP 3698809]
[New LWP 3698810]
[New LWP 3698811]
[New LWP 3698812]
[New LWP 3698813]
[New LWP 3698814]
[New LWP 3698815]
[New LWP 3698816]
[New LWP 3698817]
[New LWP 3698818]
[New LWP 3698819]
78	../sysdeps/unix/sysv/linux/clock_nanosleep.c: No such file or directory.
[Thread debugging using libthread_db enabled]
Using host libthread_db library "/lib/x86_64-linux-gnu/libthread_db.so.1".
0x000079883f4357f8 in __GI___clock_nanosleep (clock_id=clock_id@entry=0, flags=flags@entry=0, req=req@entry=0x7ffc421a6c30, rem=rem@entry=0x7ffc421a6c30) at ../sysdeps/unix/sysv/linux/clock_nanosleep.c:78
(gdb) (gdb) Continuing.
[Thread 0x79880fea1640 (LWP 3698816) exited]
[Thread 0x79880f6a0640 (LWP 3698817) exited]
[Thread 0x79880e4db640 (LWP 3698819) exited]
[Thread 0x79880ecdc640 (LWP 3698818) exited]
[Thread 0x79881cff9640 (LWP 3698815) exited]
[Thread 0x79881d7fa640 (LWP 3698814) exited]
[Thread 0x79881dffb640 (LWP 3698813) exited]
[Thread 0x79881e7fc640 (LWP 3698812) exited]
[Thread 0x79881effd640 (LWP 3698811) exited]
[Thread 0x79881f7fe640 (LWP 3698810) exited]
[Thread 0x798824a91640 (LWP 3698809) exited]
[Thread 0x798825292640 (LWP 3698808) exited]
[Thread 0x798825a93640 (LWP 3698807) exited]
[Thread 0x798826294640 (LWP 3698806) exited]
[Thread 0x798826ffd640 (LWP 3698804) exited]
[Thread 0x79881ffff640 (LWP 3698803) exited]
[Thread 0x7988277fe640 (LWP 3698802) exited]
[Thread 0x798827fff640 (LWP 3698801) exited]
[Thread 0x79883ceb2640 (LWP 3698800) exited]
[Thread 0x79883d6b3640 (LWP 3698799) exited]
[Thread 0x79883deb4640 (LWP 3698798) exited]
[Thread 0x79883e6b5640 (LWP 3698797) exited]
[Inferior 1 (process 3698793) exited normally]
(gdb) No stack.
(gdb) 