Attaching to process 182831
[New LWP 182849]
[New LWP 182852]
[New LWP 182853]
[New LWP 182855]
[New LWP 182856]
[New LWP 182857]
[New LWP 182858]
[New LWP 182859]
[New LWP 182895]
[New LWP 182896]
[New LWP 182897]
[New LWP 182898]
[New LWP 182899]
[New LWP 182900]
[New LWP 182901]
[New LWP 182902]
[New LWP 182903]
[New LWP 182904]
[New LWP 182905]
[New LWP 182906]
[New LWP 182907]
[New LWP 182908]
[Thread debugging using libthread_db enabled]
Using host libthread_db library "/lib/x86_64-linux-gnu/libthread_db.so.1".
0x00007a753ff3a7f8 in __GI___clock_nanosleep (clock_id=clock_id@entry=0, flags=flags@entry=0, req=req@entry=0x7fff35c46240, rem=rem@entry=0x7fff35c46240) at ../sysdeps/unix/sysv/linux/clock_nanosleep.c:78
78	../sysdeps/unix/sysv/linux/clock_nanosleep.c: No such file or directory.
(gdb) (gdb) Continuing.
[Thread 0x7a7510a1f640 (LWP 182905) exited]
[Thread 0x7a750bfff640 (LWP 182906) exited]
[Thread 0x7a7515ffb640 (LWP 182903) exited]
[Thread 0x7a750b7fe640 (LWP 182908) exited]
[Thread 0x7a7503fff640 (LWP 182907) exited]
[Thread 0x7a75157fa640 (LWP 182904) exited]
[Thread 0x7a75167fc640 (LWP 182902) exited]
[Thread 0x7a7516ffd640 (LWP 182901) exited]
[Thread 0x7a75177fe640 (LWP 182900) exited]
[Thread 0x7a7517fff640 (LWP 182899) exited]
[Thread 0x7a7535292640 (LWP 182898) exited]
[Thread 0x7a7536294640 (LWP 182896) exited]
[Thread 0x7a7536a95640 (LWP 182895) exited]
[Thread 0x7a75377fe640 (LWP 182859) exited]
[Thread 0x7a7537fff640 (LWP 182858) exited]
[Thread 0x7a753c9b5640 (LWP 182857) exited]
[Thread 0x7a753d1b6640 (LWP 182856) exited]
[Thread 0x7a753d9b7640 (LWP 182855) exited]
[Thread 0x7a753e1b8640 (LWP 182853) exited]
[Thread 0x7a753e9b9640 (LWP 182852) exited]
[Thread 0x7a753f1ba640 (LWP 182849) exited]
[Thread 0x7a753f260a00 (LWP 182831) exited]
[Thread 0x7a7535a93640 (LWP 182897) exited]
[New process 182831]
[Inferior 1 (process 182831) exited normally]
(gdb) (gdb) No stack.
