Attaching to process 288000
[New LWP 288004]
[New LWP 288005]
[New LWP 288006]
[New LWP 288007]
[New LWP 288008]
[New LWP 288009]
[New LWP 288010]
[New LWP 288011]
[New LWP 288012]
[New LWP 288013]
[New LWP 288014]
[New LWP 288015]
[New LWP 288016]
[New LWP 288017]
[New LWP 288018]
[New LWP 288019]
[New LWP 288020]
[New LWP 288021]
[New LWP 288022]
[New LWP 288023]
[New LWP 288024]
[New LWP 288025]
[Thread debugging using libthread_db enabled]
Using host libthread_db library "/lib/x86_64-linux-gnu/libthread_db.so.1".
0x00007244197737f8 in __GI___clock_nanosleep (clock_id=clock_id@entry=0, flags=flags@entry=0, req=req@entry=0x7ffd06a3c2d0, rem=rem@entry=0x7ffd06a3c2d0) at ../sysdeps/unix/sysv/linux/clock_nanosleep.c:78
78	../sysdeps/unix/sysv/linux/clock_nanosleep.c: No such file or directory.
(gdb) (gdb) Continuing.
[Thread 0x7243ea264640 (LWP 288022) exited]
[Thread 0x7243e9a63640 (LWP 288023) exited]
[Thread 0x7243e8876640 (LWP 288025) exited]
[Thread 0x7243ef470640 (LWP 288021) exited]
[Thread 0x7243efc71640 (LWP 288020) exited]
[Thread 0x7243f0472640 (LWP 288019) exited]
[Thread 0x7243f0c73640 (LWP 288018) exited]
[Thread 0x7243f1474640 (LWP 288017) exited]
[Thread 0x7243f1c75640 (LWP 288016) exited]
[Thread 0x7243f27fc640 (LWP 288015) exited]
[Thread 0x7243f2ffd640 (LWP 288014) exited]
[Thread 0x7243f37fe640 (LWP 288013) exited]
[Thread 0x7243f3fff640 (LWP 288012) exited]
[Thread 0x7244151ec640 (LWP 288011) exited]
[Thread 0x7244159ed640 (LWP 288010) exited]
[Thread 0x7244161ee640 (LWP 288009) exited]
[Thread 0x7244169ef640 (LWP 288008) exited]
[Thread 0x7244171f0640 (LWP 288007) exited]
[Thread 0x7244179f1640 (LWP 288006) exited]
[Thread 0x7244181f2640 (LWP 288005) exited]
[Thread 0x7244189f3640 (LWP 288004) exited]
[Thread 0x724418a99a00 (LWP 288000) exited]
[Thread 0x7243e923a640 (LWP 288024) exited]
[New process 288000]
[Inferior 1 (process 288000) exited normally]
(gdb) No stack.
(gdb) 