Attaching to process 1648498
[New LWP 1648502]
[New LWP 1648503]
[New LWP 1648504]
[New LWP 1648505]
[New LWP 1648506]
[New LWP 1648507]
[New LWP 1648508]
[New LWP 1648509]
[New LWP 1648510]
[New LWP 1648511]
[New LWP 1648512]
[New LWP 1648513]
[New LWP 1648514]
[New LWP 1648515]
[New LWP 1648516]
[New LWP 1648517]
[New LWP 1648518]
[New LWP 1648519]
[New LWP 1648520]
[New LWP 1648521]
[New LWP 1648522]
[New LWP 1648523]
[Thread debugging using libthread_db enabled]
Using host libthread_db library "/lib/x86_64-linux-gnu/libthread_db.so.1".
0x0000751a790147f8 in __GI___clock_nanosleep (clock_id=clock_id@entry=0, flags=flags@entry=0, req=req@entry=0x7fff36515790, rem=rem@entry=0x7fff36515790) at ../sysdeps/unix/sysv/linux/clock_nanosleep.c:78
78	../sysdeps/unix/sysv/linux/clock_nanosleep.c: No such file or directory.
(gdb) (gdb) Continuing.
[Thread 0x751a49af3640 (LWP 1648520) exited]
[Thread 0x751a452f2640 (LWP 1648521) exited]
[Thread 0x751a48ac9640 (LWP 1648523) exited]
[Thread 0x751a492f2640 (LWP 1648522) exited]
[Thread 0x751a4e7fc640 (LWP 1648519) exited]
[Thread 0x751a4effd640 (LWP 1648518) exited]
[Thread 0x751a4f7fe640 (LWP 1648517) exited]
[Thread 0x751a4ffff640 (LWP 1648516) exited]
[Thread 0x751a54f0c640 (LWP 1648515) exited]
[Thread 0x751a5570d640 (LWP 1648514) exited]
[Thread 0x751a56294640 (LWP 1648513) exited]
[Thread 0x751a56a95640 (LWP 1648512) exited]
[Thread 0x751a57296640 (LWP 1648511) exited]
[Thread 0x751a57a97640 (LWP 1648510) exited]
[Thread 0x751a74a8d640 (LWP 1648509) exited]
[Thread 0x751a7528e640 (LWP 1648508) exited]
[Thread 0x751a75a8f640 (LWP 1648507) exited]
[Thread 0x751a76290640 (LWP 1648506) exited]
[Thread 0x751a76a91640 (LWP 1648505) exited]
[Thread 0x751a77a93640 (LWP 1648503) exited]
[Thread 0x751a78294640 (LWP 1648502) exited]
[Thread 0x751a7833aa00 (LWP 1648498) exited]
[Thread 0x751a77292640 (LWP 1648504) exited]
[New process 1648498]
[Inferior 1 (process 1648498) exited normally]
(gdb) (gdb) No stack.
