Attaching to process 2739315
[New LWP 2739348]
[New LWP 2739349]
[New LWP 2739350]
[New LWP 2739351]
[New LWP 2739352]
[New LWP 2739353]
[New LWP 2739354]
[New LWP 2739355]
[New LWP 2739379]
[New LWP 2739380]
[New LWP 2739381]
[New LWP 2739382]
[New LWP 2739383]
[New LWP 2739384]
[New LWP 2739385]
[New LWP 2739386]
[New LWP 2739387]
[New LWP 2739388]
[New LWP 2739389]
[New LWP 2739390]
[New LWP 2739391]
[New LWP 2739392]
[Thread debugging using libthread_db enabled]
Using host libthread_db library "/lib/x86_64-linux-gnu/libthread_db.so.1".
0x00007ade9f0267f8 in __GI___clock_nanosleep (clock_id=clock_id@entry=0, flags=flags@entry=0, req=req@entry=0x7ffd182924f0, rem=rem@entry=0x7ffd182924f0) at ../sysdeps/unix/sysv/linux/clock_nanosleep.c:78
78	../sysdeps/unix/sysv/linux/clock_nanosleep.c: No such file or directory.
(gdb) (gdb) Continuing.
[Thread 0x7ade6e0e7640 (LWP 2739392) exited]
[Thread 0x7ade6eaab640 (LWP 2739391) exited]
[Thread 0x7ade6f2ac640 (LWP 2739390) exited]
[Thread 0x7ade6faad640 (LWP 2739389) exited]
[Thread 0x7ade74c73640 (LWP 2739388) exited]
[Thread 0x7ade75474640 (LWP 2739387) exited]
[Thread 0x7ade75c75640 (LWP 2739386) exited]
[Thread 0x7ade76476640 (LWP 2739385) exited]
[Thread 0x7ade76c77640 (LWP 2739384) exited]
[Thread 0x7ade77478640 (LWP 2739383) exited]
[Thread 0x7ade77fff640 (LWP 2739382) exited]
[Thread 0x7ade84a91640 (LWP 2739381) exited]
[Thread 0x7ade85292640 (LWP 2739380) exited]
[Thread 0x7ade867fc640 (LWP 2739355) exited]
[Thread 0x7ade86ffd640 (LWP 2739354) exited]
[Thread 0x7ade877fe640 (LWP 2739353) exited]
[Thread 0x7ade87fff640 (LWP 2739352) exited]
[Thread 0x7ade9caa3640 (LWP 2739351) exited]
[Thread 0x7ade9d2a4640 (LWP 2739350) exited]
[Thread 0x7ade9daa5640 (LWP 2739349) exited]
[Thread 0x7ade9e2a6640 (LWP 2739348) exited]
[Thread 0x7ade9e34ca00 (LWP 2739315) exited]
[Thread 0x7ade85a93640 (LWP 2739379) exited]
[New process 2739315]
[Inferior 1 (process 2739315) exited with code 01]
(gdb) (gdb) No stack.
