Attaching to process 2738772
[New LWP 2738805]
[New LWP 2738806]
[New LWP 2738807]
[New LWP 2738808]
[New LWP 2738809]
[New LWP 2738810]
[New LWP 2738811]
[New LWP 2738812]
[New LWP 2738836]
[New LWP 2738837]
[New LWP 2738838]
[New LWP 2738839]
[New LWP 2738840]
[New LWP 2738841]
[New LWP 2738842]
[New LWP 2738843]
[New LWP 2738844]
[New LWP 2738845]
[New LWP 2738846]
[New LWP 2738847]
[New LWP 2738848]
[New LWP 2738849]
[Thread debugging using libthread_db enabled]
Using host libthread_db library "/lib/x86_64-linux-gnu/libthread_db.so.1".
0x000072df25b6d7f8 in __GI___clock_nanosleep (clock_id=clock_id@entry=0, flags=flags@entry=0, req=req@entry=0x7fff214eb040, rem=rem@entry=0x7fff214eb040) at ../sysdeps/unix/sysv/linux/clock_nanosleep.c:78
78	../sysdeps/unix/sysv/linux/clock_nanosleep.c: No such file or directory.
(gdb) (gdb) Continuing.
[Thread 0x72def55e8640 (LWP 2738849) exited]
[Thread 0x72def5de9640 (LWP 2738848) exited]
[Thread 0x72deedbff640 (LWP 2738847) exited]
[Thread 0x72def65ea640 (LWP 2738846) exited]
[Thread 0x72defb7f6640 (LWP 2738845) exited]
[Thread 0x72defbff7640 (LWP 2738844) exited]
[Thread 0x72defc7f8640 (LWP 2738843) exited]
[Thread 0x72defcff9640 (LWP 2738842) exited]
[Thread 0x72defd7fa640 (LWP 2738841) exited]
[Thread 0x72defdffb640 (LWP 2738840) exited]
[Thread 0x72defe7fc640 (LWP 2738839) exited]
[Thread 0x72defeffd640 (LWP 2738838) exited]
[Thread 0x72deff7fe640 (LWP 2738837) exited]
[Thread 0x72defffff640 (LWP 2738836) exited]
[Thread 0x72df1cff9640 (LWP 2738812) exited]
[Thread 0x72df1d7fa640 (LWP 2738811) exited]
[Thread 0x72df1dffb640 (LWP 2738810) exited]
[Thread 0x72df1e7fc640 (LWP 2738809) exited]
[Thread 0x72df1effd640 (LWP 2738808) exited]
[Thread 0x72df1ffff640 (LWP 2738806) exited]
[Thread 0x72df24ded640 (LWP 2738805) exited]
[Thread 0x72df24e93a00 (LWP 2738772) exited]
[Thread 0x72df1f7fe640 (LWP 2738807) exited]
[New process 2738772]
[Inferior 1 (process 2738772) exited with code 01]
(gdb) (gdb) No stack.
