Attaching to process 2738228
[New LWP 2738245]
[New LWP 2738246]
[New LWP 2738247]
[New LWP 2738248]
[New LWP 2738249]
[New LWP 2738250]
[New LWP 2738251]
[New LWP 2738252]
[New LWP 2738292]
[New LWP 2738293]
[New LWP 2738294]
[New LWP 2738295]
[New LWP 2738296]
[New LWP 2738297]
[New LWP 2738298]
[New LWP 2738299]
[New LWP 2738300]
[New LWP 2738301]
[New LWP 2738302]
[New LWP 2738303]
[New LWP 2738304]
[New LWP 2738305]
[Thread debugging using libthread_db enabled]
Using host libthread_db library "/lib/x86_64-linux-gnu/libthread_db.so.1".
0x00007ceddfd097f8 in __GI___clock_nanosleep (clock_id=clock_id@entry=0, flags=flags@entry=0, req=req@entry=0x7ffc82688f70, rem=rem@entry=0x7ffc82688f70) at ../sysdeps/unix/sysv/linux/clock_nanosleep.c:78
78	../sysdeps/unix/sysv/linux/clock_nanosleep.c: No such file or directory.
(gdb) (gdb) Continuing.
[Thread 0x7cedaefae640 (LWP 2738305) exited]
[Thread 0x7cedaf7af640 (LWP 2738304) exited]
[Thread 0x7cedaffb0640 (LWP 2738303) exited]
[Thread 0x7cedb07b1640 (LWP 2738302) exited]
[Thread 0x7cedb57fa640 (LWP 2738301) exited]
[Thread 0x7cedb5ffb640 (LWP 2738300) exited]
[Thread 0x7cedb67fc640 (LWP 2738299) exited]
[Thread 0x7cedb6ffd640 (LWP 2738298) exited]
[Thread 0x7cedb77fe640 (LWP 2738297) exited]
[Thread 0x7cedb7fff640 (LWP 2738296) exited]
[Thread 0x7cedd4ff9640 (LWP 2738295) exited]
[Thread 0x7cedd57fa640 (LWP 2738294) exited]
[Thread 0x7cedd5ffb640 (LWP 2738293) exited]
[Thread 0x7cedd6ffd640 (LWP 2738252) exited]
[Thread 0x7cedd77fe640 (LWP 2738251) exited]
[Thread 0x7ceddcf85640 (LWP 2738250) exited]
[Thread 0x7ceddd786640 (LWP 2738249) exited]
[Thread 0x7cedddf87640 (LWP 2738248) exited]
[Thread 0x7cedd7fff640 (LWP 2738247) exited]
[Thread 0x7cedde788640 (LWP 2738246) exited]
[Thread 0x7ceddef89640 (LWP 2738245) exited]
[Thread 0x7ceddf02fa00 (LWP 2738228) exited]
[Thread 0x7cedd67fc640 (LWP 2738292) exited]
[New process 2738228]
[Inferior 1 (process 2738228) exited with code 01]
(gdb) (gdb) No stack.
