Attaching to process 2684441
[New LWP 2684445]
[New LWP 2684446]
[New LWP 2684447]
[New LWP 2684448]
[New LWP 2684449]
[New LWP 2684450]
[New LWP 2684451]
[New LWP 2684452]
[New LWP 2684453]
[New LWP 2684454]
[New LWP 2684455]
[New LWP 2684456]
[New LWP 2684457]
[New LWP 2684458]
[New LWP 2684459]
[New LWP 2684460]
[New LWP 2684461]
[New LWP 2684462]
[New LWP 2684463]
[New LWP 2684464]
[New LWP 2684465]
[New LWP 2684466]
78	../sysdeps/unix/sysv/linux/clock_nanosleep.c: No such file or directory.
[Thread debugging using libthread_db enabled]
Using host libthread_db library "/lib/x86_64-linux-gnu/libthread_db.so.1".
0x000078ae81e087f8 in __GI___clock_nanosleep (clock_id=clock_id@entry=0, flags=flags@entry=0, req=req@entry=0x7fffaf60d880, rem=rem@entry=0x7fffaf60d880) at ../sysdeps/unix/sysv/linux/clock_nanosleep.c:78
(gdb) (gdb) Continuing.
[Thread 0x78ae528ce640 (LWP 2684463) exited]
[Thread 0x78ae520cd640 (LWP 2684464) exited]
[Thread 0x78ae40dff640 (LWP 2684466) exited]
[Thread 0x78ae497ff640 (LWP 2684465) exited]
[Thread 0x78ae577fe640 (LWP 2684462) exited]
[Thread 0x78ae57fff640 (LWP 2684461) exited]
[Thread 0x78ae74c73640 (LWP 2684460) exited]
[Thread 0x78ae75474640 (LWP 2684459) exited]
[Thread 0x78ae75c75640 (LWP 2684458) exited]
[Thread 0x78ae76476640 (LWP 2684457) exited]
[Thread 0x78ae76ffd640 (LWP 2684456) exited]
[Thread 0x78ae777fe640 (LWP 2684455) exited]
[Thread 0x78ae7c9b9640 (LWP 2684454) exited]
[Thread 0x78ae7e082640 (LWP 2684452) exited]
[Thread 0x78ae7e883640 (LWP 2684451) exited]
[Thread 0x78ae7f084640 (LWP 2684450) exited]
[Thread 0x78ae7f885640 (LWP 2684449) exited]
[Thread 0x78ae80086640 (LWP 2684448) exited]
[Thread 0x78ae77fff640 (LWP 2684447) exited]
[Thread 0x78ae80887640 (LWP 2684446) exited]
[Thread 0x78ae81088640 (LWP 2684445) exited]
[Thread 0x78ae8112ea00 (LWP 2684441) exited]
[Thread 0x78ae7d1ba640 (LWP 2684453) exited]
[New process 2684441]
[Inferior 1 (process 2684441) exited normally]
(gdb) (gdb) No stack.
