Attaching to process 188470
[New LWP 188474]
[New LWP 188475]
[New LWP 188476]
[New LWP 188477]
[New LWP 188478]
[New LWP 188479]
[New LWP 188480]
[New LWP 188481]
[New LWP 188519]
[New LWP 188520]
[New LWP 188521]
[New LWP 188522]
[New LWP 188523]
[New LWP 188524]
[Thread debugging using libthread_db enabled]
Using host libthread_db library "/lib/x86_64-linux-gnu/libthread_db.so.1".
__GI___open64_nocancel (file=0x7ffe4aab9370 "/proc/self/task/188524/comm", oflag=2) at ../sysdeps/unix/sysv/linux/open64_nocancel.c:39
39	../sysdeps/unix/sysv/linux/open64_nocancel.c: No such file or directory.
(gdb) (gdb) Continuing.
[New Thread 0x71e3c5ffb640 (LWP 188527)]
[New Thread 0x71e3c57fa640 (LWP 188528)]
[New Thread 0x71e3c4ff9640 (LWP 188529)]
[New Thread 0x71e3b7fff640 (LWP 188530)]
[New Thread 0x71e3afbe5640 (LWP 188531)]
[New Thread 0x71e3a7fff640 (LWP 188532)]
[New Thread 0x71e3af221640 (LWP 188533)]
[New Thread 0x71e3aea20640 (LWP 188534)]
[Thread 0x71e3aea20640 (LWP 188534) exited]
[Thread 0x71e3af221640 (LWP 188533) exited]
[Thread 0x71e3a7fff640 (LWP 188532) exited]
[Thread 0x71e3afbe5640 (LWP 188531) exited]
[Thread 0x71e3b7fff640 (LWP 188530) exited]
[Thread 0x71e3c4ff9640 (LWP 188529) exited]
[Thread 0x71e3c57fa640 (LWP 188528) exited]
[Thread 0x71e3c5ffb640 (LWP 188527) exited]
[Thread 0x71e3c67fc640 (LWP 188524) exited]
[Thread 0x71e3c6ffd640 (LWP 188523) exited]
[Thread 0x71e3c7fff640 (LWP 188521) exited]
[Thread 0x71e3d5a93640 (LWP 188520) exited]
[Thread 0x71e3d6294640 (LWP 188519) exited]
[Thread 0x71e3d6ffd640 (LWP 188481) exited]
[Thread 0x71e3d77fe640 (LWP 188480) exited]
[Thread 0x71e3d7fff640 (LWP 188479) exited]
[Thread 0x71e3dcc11640 (LWP 188478) exited]
[Thread 0x71e3d4bff640 (LWP 188477) exited]
[Thread 0x71e3dd412640 (LWP 188476) exited]
[Thread 0x71e3ddc13640 (LWP 188475) exited]
[Thread 0x71e3de414640 (LWP 188474) exited]
[Thread 0x71e3de4baa00 (LWP 188470) exited]
[Thread 0x71e3c77fe640 (LWP 188522) exited]
[New process 188470]
[Inferior 1 (process 188470) exited with code 01]
No stack.
(gdb) (gdb) 