Attaching to process 189803
[New LWP 189807]
[New LWP 189808]
[New LWP 189809]
[New LWP 189810]
[New LWP 189811]
[New LWP 189812]
[New LWP 189813]
[New LWP 189814]
[New LWP 189852]
[New LWP 189853]
[New LWP 189854]
[New LWP 189855]
[New LWP 189856]
[New LWP 189857]
[New LWP 189858]
[New LWP 189859]
[New LWP 189860]
[New LWP 189861]
[Thread debugging using libthread_db enabled]
Using host libthread_db library "/lib/x86_64-linux-gnu/libthread_db.so.1".
0x00007784fd2af4c0 in do_sin (dx=5.2358184190284722e-18, x=6.4924583224373427e-310) at ../sysdeps/ieee754/dbl-64/s_sin.c:134
134	../sysdeps/ieee754/dbl-64/s_sin.c: No such file or directory.
(gdb) (gdb) Continuing.
[New Thread 0x7784cdbcf640 (LWP 189864)]
[New Thread 0x7784cd3ce640 (LWP 189865)]
[New Thread 0x7784ccbcd640 (LWP 189866)]
[New Thread 0x7784c7fff640 (LWP 189867)]
[Thread 0x7784cd3ce640 (LWP 189865) exited]
[Thread 0x7784c7fff640 (LWP 189867) exited]
[Thread 0x7784ccbcd640 (LWP 189866) exited]
[Thread 0x7784cdbcf640 (LWP 189864) exited]
[Thread 0x7784d27fc640 (LWP 189861) exited]
[Thread 0x7784d2ffd640 (LWP 189860) exited]
[Thread 0x7784d37fe640 (LWP 189859) exited]
[Thread 0x7784d3fff640 (LWP 189858) exited]
[Thread 0x7784f09f9640 (LWP 189857) exited]
[Thread 0x7784f11fa640 (LWP 189856) exited]
[Thread 0x7784f19fb640 (LWP 189855) exited]
[Thread 0x7784f21fc640 (LWP 189854) exited]
[Thread 0x7784f29fd640 (LWP 189853) exited]
[Thread 0x7784f9395640 (LWP 189814) exited]
[Thread 0x7784f9b96640 (LWP 189813) exited]
[Thread 0x7784fa397640 (LWP 189812) exited]
[Thread 0x7784fab98640 (LWP 189811) exited]
[Thread 0x7784fb399640 (LWP 189810) exited]
[Thread 0x7784fbb9a640 (LWP 189809) exited]
[Thread 0x7784f39ff640 (LWP 189808) exited]
[Thread 0x7784fc39b640 (LWP 189807) exited]
[Thread 0x7784fc441a00 (LWP 189803) exited]
[Thread 0x7784f31fe640 (LWP 189852) exited]
[New process 189803]
[Inferior 1 (process 189803) exited with code 01]
(gdb) (gdb) No stack.
