Attaching to process 188389
[New LWP 188393]
[New LWP 188394]
[New LWP 188395]
[New LWP 188396]
[New LWP 188397]
[New LWP 188398]
[New LWP 188399]
[New LWP 188400]
[New LWP 188438]
[New LWP 188439]
[New LWP 188440]
[New LWP 188441]
[New LWP 188442]
[New LWP 188443]
[New LWP 188444]
[New LWP 188445]
[New LWP 188446]
[New LWP 188447]
143	../sysdeps/ieee754/dbl-64/s_sin.c: No such file or directory.
[Thread debugging using libthread_db enabled]
Using host libthread_db library "/lib/x86_64-linux-gnu/libthread_db.so.1".
0x00007bd61b9ca197 in do_sin (dx=<optimized out>, x=-0.0014133106122333761) at ../sysdeps/ieee754/dbl-64/s_sin.c:143
(gdb) (gdb) Continuing.
[New Thread 0x7bd5ebfff640 (LWP 188450)]
[New Thread 0x7bd5eb7fe640 (LWP 188451)]
[New Thread 0x7bd5eaffd640 (LWP 188452)]
[New Thread 0x7bd5ea7fc640 (LWP 188453)]
[Thread 0x7bd5ea7fc640 (LWP 188453) exited]
[Thread 0x7bd5eaffd640 (LWP 188452) exited]
[Thread 0x7bd5eb7fe640 (LWP 188451) exited]
[Thread 0x7bd5ebfff640 (LWP 188450) exited]
[Thread 0x7bd6089fd640 (LWP 188447) exited]
[Thread 0x7bd6091fe640 (LWP 188446) exited]
[Thread 0x7bd60a7fc640 (LWP 188445) exited]
[Thread 0x7bd60affd640 (LWP 188444) exited]
[Thread 0x7bd60b7fe640 (LWP 188443) exited]
[Thread 0x7bd60bfff640 (LWP 188442) exited]
[Thread 0x7bd611292640 (LWP 188441) exited]
[Thread 0x7bd611a93640 (LWP 188440) exited]
[Thread 0x7bd612294640 (LWP 188439) exited]
[Thread 0x7bd612a95640 (LWP 188438) exited]
[Thread 0x7bd6137fe640 (LWP 188400) exited]
[Thread 0x7bd613fff640 (LWP 188399) exited]
[Thread 0x7bd618ab2640 (LWP 188398) exited]
[Thread 0x7bd6192b3640 (LWP 188397) exited]
[Thread 0x7bd619ab4640 (LWP 188396) exited]
[Thread 0x7bd6099ff640 (LWP 188395) exited]
[Thread 0x7bd61a2b5640 (LWP 188394) exited]
[Thread 0x7bd61aab6640 (LWP 188393) exited]
[Inferior 1 (process 188389) exited with code 01]
(gdb) No stack.
(gdb) 