Attaching to process 188256
[New LWP 188273]
[New LWP 188274]
[New LWP 188275]
[New LWP 188276]
[New LWP 188277]
[New LWP 188278]
[New LWP 188279]
[New LWP 188280]
[New LWP 188320]
[New LWP 188321]
[New LWP 188322]
[New LWP 188323]
[New LWP 188324]
[New LWP 188325]
[New LWP 188326]
[New LWP 188327]
[New LWP 188328]
[New LWP 188329]
[New LWP 188330]
[New LWP 188331]
[New LWP 188332]
[New LWP 188333]
[Thread debugging using libthread_db enabled]
Using host libthread_db library "/lib/x86_64-linux-gnu/libthread_db.so.1".
0x00007d3cf95027f8 in __GI___clock_nanosleep (clock_id=clock_id@entry=0, flags=flags@entry=0, req=req@entry=0x7ffd279f2b40, rem=rem@entry=0x7ffd279f2b40) at ../sysdeps/unix/sysv/linux/clock_nanosleep.c:78
78	../sysdeps/unix/sysv/linux/clock_nanosleep.c: No such file or directory.
(gdb) (gdb) Continuing.
[Thread 0x7d3cc3fff640 (LWP 188333) exited]
[Thread 0x7d3cc8fb2640 (LWP 188332) exited]
[Thread 0x7d3cc97b3640 (LWP 188331) exited]
[Thread 0x7d3cc9fb4640 (LWP 188330) exited]
[Thread 0x7d3cceffd640 (LWP 188329) exited]
[Thread 0x7d3ccf7fe640 (LWP 188328) exited]
[Thread 0x7d3ccffff640 (LWP 188327) exited]
[Thread 0x7d3cd4c73640 (LWP 188326) exited]
[Thread 0x7d3cd5474640 (LWP 188325) exited]
[Thread 0x7d3cd5c75640 (LWP 188324) exited]
[Thread 0x7d3cd67fc640 (LWP 188323) exited]
[Thread 0x7d3cd6ffd640 (LWP 188322) exited]
[Thread 0x7d3cd77fe640 (LWP 188321) exited]
[Thread 0x7d3cd7fff640 (LWP 188320) exited]
[Thread 0x7d3cf4f7b640 (LWP 188280) exited]
[Thread 0x7d3cf577c640 (LWP 188279) exited]
[Thread 0x7d3cf5f7d640 (LWP 188278) exited]
[Thread 0x7d3cf677e640 (LWP 188277) exited]
[Thread 0x7d3cf6f7f640 (LWP 188276) exited]
[Thread 0x7d3cf7780640 (LWP 188275) exited]
[Thread 0x7d3cf7f81640 (LWP 188274) exited]
[Thread 0x7d3cf8782640 (LWP 188273) exited]
[Inferior 1 (process 188256) exited with code 01]
(gdb) (gdb) No stack.
