Attaching to process 189670
[New LWP 189700]
[New LWP 189702]
[New LWP 189703]
[New LWP 189705]
[New LWP 189707]
[New LWP 189708]
[New LWP 189709]
[New LWP 189710]
[New LWP 189734]
[New LWP 189735]
[New LWP 189736]
[New LWP 189737]
[New LWP 189738]
[New LWP 189739]
[New LWP 189740]
[New LWP 189741]
[New LWP 189742]
[New LWP 189743]
[New LWP 189744]
[New LWP 189745]
[New LWP 189746]
[New LWP 189747]
[Thread debugging using libthread_db enabled]
Using host libthread_db library "/lib/x86_64-linux-gnu/libthread_db.so.1".
0x00007df54065a7f8 in __GI___clock_nanosleep (clock_id=clock_id@entry=0, flags=flags@entry=0, req=req@entry=0x7ffecdd46ea0, rem=rem@entry=0x7ffecdd46ea0) at ../sysdeps/unix/sysv/linux/clock_nanosleep.c:78
78	../sysdeps/unix/sysv/linux/clock_nanosleep.c: No such file or directory.
(gdb) (gdb) Continuing.
[Thread 0x7df50b63b640 (LWP 189747) exited]
[Thread 0x7df50bfff640 (LWP 189746) exited]
[Thread 0x7df5148e2640 (LWP 189745) exited]
[Thread 0x7df5150e3640 (LWP 189744) exited]
[Thread 0x7df52d7fe640 (LWP 189743) exited]
[Thread 0x7df52effd640 (LWP 189742) exited]
[Thread 0x7df52f7fe640 (LWP 189741) exited]
[Thread 0x7df52ffff640 (LWP 189740) exited]
[Thread 0x7df534dad640 (LWP 189739) exited]
[Thread 0x7df5355ae640 (LWP 189738) exited]
[Thread 0x7df536135640 (LWP 189737) exited]
[Thread 0x7df536936640 (LWP 189736) exited]
[Thread 0x7df537137640 (LWP 189735) exited]
[Thread 0x7df537938640 (LWP 189734) exited]
[Thread 0x7df53c8d4640 (LWP 189710) exited]
[Thread 0x7df53d0d5640 (LWP 189709) exited]
[Thread 0x7df53d8d6640 (LWP 189708) exited]
[Thread 0x7df53e0d7640 (LWP 189707) exited]
[Thread 0x7df52dfff640 (LWP 189705) exited]
[Thread 0x7df53e8d8640 (LWP 189703) exited]
[Thread 0x7df53f0d9640 (LWP 189702) exited]
[Thread 0x7df53f8da640 (LWP 189700) exited]
[Inferior 1 (process 189670) exited with code 01]
(gdb) No stack.
(gdb) 