Attaching to process 189097
[New LWP 189101]
[New LWP 189102]
[New LWP 189103]
[New LWP 189104]
[New LWP 189105]
[New LWP 189106]
[New LWP 189107]
[New LWP 189108]
[Thread debugging using libthread_db enabled]
Using host libthread_db library "/lib/x86_64-linux-gnu/libthread_db.so.1".
0x00007fb2268aacdb in eventfd () at ../sysdeps/unix/syscall-template.S:120
120	../sysdeps/unix/syscall-template.S: No such file or directory.
(gdb) (gdb) Continuing.
[New Thread 0x7fb215a93640 (LWP 189148)]
[New Thread 0x7fb215292640 (LWP 189149)]
[New Thread 0x7fb214a91640 (LWP 189150)]
[New Thread 0x7fb20ffff640 (LWP 189151)]
[New Thread 0x7fb20ea78640 (LWP 189152)]
[New Thread 0x7fb20e277640 (LWP 189153)]
[New Thread 0x7fb20da76640 (LWP 189154)]
[New Thread 0x7fb20d275640 (LWP 189155)]
[New Thread 0x7fb20ca74640 (LWP 189156)]
[New Thread 0x7fb1fffff640 (LWP 189157)]
[New Thread 0x7fb1f7253640 (LWP 189158)]
[New Thread 0x7fb1f6a52640 (LWP 189159)]
[New Thread 0x7fb1f6251640 (LWP 189160)]
[New Thread 0x7fb1f5a50640 (LWP 189161)]
[Thread 0x7fb1f5a50640 (LWP 189161) exited]
[Thread 0x7fb1f6251640 (LWP 189160) exited]
[Thread 0x7fb1f6a52640 (LWP 189159) exited]
[Thread 0x7fb1f7253640 (LWP 189158) exited]
[Thread 0x7fb1fffff640 (LWP 189157) exited]
[Thread 0x7fb20ca74640 (LWP 189156) exited]
[Thread 0x7fb20d275640 (LWP 189155) exited]
[Thread 0x7fb20da76640 (LWP 189154) exited]
[Thread 0x7fb20e277640 (LWP 189153) exited]
[Thread 0x7fb20ea78640 (LWP 189152) exited]
[Thread 0x7fb20ffff640 (LWP 189151) exited]
[Thread 0x7fb214a91640 (LWP 189150) exited]
[Thread 0x7fb215292640 (LWP 189149) exited]
[Thread 0x7fb215a93640 (LWP 189148) exited]
[Thread 0x7fb2167fc640 (LWP 189108) exited]
[Thread 0x7fb216ffd640 (LWP 189107) exited]
[Thread 0x7fb2177fe640 (LWP 189106) exited]
[Thread 0x7fb20f5ff640 (LWP 189105) exited]
[Thread 0x7fb217fff640 (LWP 189104) exited]
[Thread 0x7fb224ae8640 (LWP 189103) exited]
[Thread 0x7fb2252e9640 (LWP 189102) exited]
[Thread 0x7fb225aea640 (LWP 189101) exited]
[Inferior 1 (process 189097) exited with code 01]
(gdb) No stack.
(gdb) 