Attaching to process 188964
[New LWP 188985]
[New LWP 188986]
[New LWP 188987]
[New LWP 188988]
[New LWP 188989]
[New LWP 188990]
[New LWP 188991]
[New LWP 188992]
[New LWP 189028]
[New LWP 189029]
[New LWP 189030]
[New LWP 189031]
[New LWP 189032]
[New LWP 189033]
[New LWP 189034]
[New LWP 189035]
[New LWP 189036]
[New LWP 189037]
[New LWP 189038]
[New LWP 189039]
[New LWP 189040]
[New LWP 189041]
[Thread debugging using libthread_db enabled]
Using host libthread_db library "/lib/x86_64-linux-gnu/libthread_db.so.1".
0x00007f8918fc97f8 in __GI___clock_nanosleep (clock_id=clock_id@entry=0, flags=flags@entry=0, req=req@entry=0x7ffd371c5050, rem=rem@entry=0x7ffd371c5050) at ../sysdeps/unix/sysv/linux/clock_nanosleep.c:78
78	../sysdeps/unix/sysv/linux/clock_nanosleep.c: No such file or directory.
(gdb) (gdb) Continuing.
[Thread 0x7f88e3fff640 (LWP 189041) exited]
[Thread 0x7f88e8a83640 (LWP 189040) exited]
[Thread 0x7f88e92ac640 (LWP 189039) exited]
[Thread 0x7f88e9aad640 (LWP 189038) exited]
[Thread 0x7f88ee7fc640 (LWP 189037) exited]
[Thread 0x7f88eeffd640 (LWP 189036) exited]
[Thread 0x7f88ef7fe640 (LWP 189035) exited]
[Thread 0x7f88effff640 (LWP 189034) exited]
[Thread 0x7f88f4f0c640 (LWP 189033) exited]
[Thread 0x7f88f570d640 (LWP 189032) exited]
[Thread 0x7f88f6294640 (LWP 189031) exited]
[Thread 0x7f88f6a95640 (LWP 189030) exited]
[Thread 0x7f88f7296640 (LWP 189029) exited]
[Thread 0x7f88f7a97640 (LWP 189028) exited]
[Thread 0x7f8914a42640 (LWP 188992) exited]
[Thread 0x7f8915243640 (LWP 188991) exited]
[Thread 0x7f8915a44640 (LWP 188990) exited]
[Thread 0x7f8916245640 (LWP 188989) exited]
[Thread 0x7f8916a46640 (LWP 188988) exited]
[Thread 0x7f8917247640 (LWP 188987) exited]
[Thread 0x7f8917a48640 (LWP 188986) exited]
[Thread 0x7f8918249640 (LWP 188985) exited]
[Inferior 1 (process 188964) exited with code 01]
No stack.
(gdb) (gdb) 