Attaching to process 189178
[New LWP 189182]
[New LWP 189183]
[New LWP 189184]
[New LWP 189185]
[New LWP 189186]
[New LWP 189187]
[New LWP 189188]
[New LWP 189189]
[New LWP 189227]
[New LWP 189228]
[New LWP 189229]
[New LWP 189230]
[New LWP 189231]
[New LWP 189232]
[New LWP 189233]
[New LWP 189234]
[New LWP 189235]
[New LWP 189236]
143	../sysdeps/ieee754/dbl-64/s_sin.c: No such file or directory.
[Thread debugging using libthread_db enabled]
Using host libthread_db library "/lib/x86_64-linux-gnu/libthread_db.so.1".
0x00007d76000331a8 in do_sin (dx=<optimized out>, x=0.0036420723587996529) at ../sysdeps/ieee754/dbl-64/s_sin.c:143
(gdb) (gdb) Continuing.
[New Thread 0x7d75d0956640 (LWP 189239)]
[New Thread 0x7d75d0155640 (LWP 189240)]
[New Thread 0x7d75cf954640 (LWP 189241)]
[New Thread 0x7d75cef90640 (LWP 189242)]
[Thread 0x7d75cef90640 (LWP 189242) exited]
[Thread 0x7d75cf954640 (LWP 189241) exited]
[Thread 0x7d75d0155640 (LWP 189240) exited]
[Thread 0x7d75d0956640 (LWP 189239) exited]
[Thread 0x7d75d57fa640 (LWP 189236) exited]
[Thread 0x7d75d5ffb640 (LWP 189235) exited]
[Thread 0x7d75d67fc640 (LWP 189234) exited]
[Thread 0x7d75d6ffd640 (LWP 189233) exited]
[Thread 0x7d75d77fe640 (LWP 189232) exited]
[Thread 0x7d75d7fff640 (LWP 189231) exited]
[Thread 0x7d75dd133640 (LWP 189230) exited]
[Thread 0x7d75dd934640 (LWP 189229) exited]
[Thread 0x7d75de135640 (LWP 189228) exited]
[Thread 0x7d75de936640 (LWP 189227) exited]
[Thread 0x7d75df7fe640 (LWP 189189) exited]
[Thread 0x7d75dffff640 (LWP 189188) exited]
[Thread 0x7d75fc91a640 (LWP 189187) exited]
[Thread 0x7d75fd11b640 (LWP 189186) exited]
[Thread 0x7d75fd91c640 (LWP 189185) exited]
[Thread 0x7d75fe11d640 (LWP 189184) exited]
[Thread 0x7d75fe91e640 (LWP 189183) exited]
[Thread 0x7d75ff11f640 (LWP 189182) exited]
[Inferior 1 (process 189178) exited with code 01]
(gdb) No stack.
(gdb) 