Attaching to process 2617989
[New LWP 2618015]
[New LWP 2618016]
[New LWP 2618018]
[New LWP 2618020]
[New LWP 2618021]
[New LWP 2618022]
[New LWP 2618025]
[New LWP 2618026]
[New LWP 2618053]
[New LWP 2618054]
[New LWP 2618055]
[New LWP 2618056]
[New LWP 2618057]
[New LWP 2618058]
[New LWP 2618059]
[New LWP 2618060]
[New LWP 2618061]
[New LWP 2618062]
[New LWP 2618063]
[New LWP 2618064]
[New LWP 2618065]
[New LWP 2618066]
[Thread debugging using libthread_db enabled]
Using host libthread_db library "/lib/x86_64-linux-gnu/libthread_db.so.1".
0x000077bd55eb97f8 in __GI___clock_nanosleep (clock_id=clock_id@entry=0, flags=flags@entry=0, req=req@entry=0x7fffeff56b60, rem=rem@entry=0x7fffeff56b60) at ../sysdeps/unix/sysv/linux/clock_nanosleep.c:78
78	../sysdeps/unix/sysv/linux/clock_nanosleep.c: No such file or directory.
(gdb) (gdb) Continuing.
[Thread 0x77bd2594b640 (LWP 2618066) exited]
[Thread 0x77bd26174640 (LWP 2618065) exited]
[Thread 0x77bd1ffff640 (LWP 2618064) exited]
[Thread 0x77bd26975640 (LWP 2618063) exited]
[Thread 0x77bd2bc71640 (LWP 2618062) exited]
[Thread 0x77bd2c472640 (LWP 2618061) exited]
[Thread 0x77bd2cc73640 (LWP 2618060) exited]
[Thread 0x77bd2d474640 (LWP 2618059) exited]
[Thread 0x77bd2dc75640 (LWP 2618058) exited]
[Thread 0x77bd2e476640 (LWP 2618057) exited]
[Thread 0x77bd2effd640 (LWP 2618056) exited]
[Thread 0x77bd2f7fe640 (LWP 2618055) exited]
[Thread 0x77bd2ffff640 (LWP 2618054) exited]
[Thread 0x77bd4d7fa640 (LWP 2618026) exited]
[Thread 0x77bd4dffb640 (LWP 2618025) exited]
[Thread 0x77bd4e7fc640 (LWP 2618022) exited]
[Thread 0x77bd4effd640 (LWP 2618021) exited]
[Thread 0x77bd4f7fe640 (LWP 2618020) exited]
[Thread 0x77bd4ffff640 (LWP 2618018) exited]
[Thread 0x77bd54938640 (LWP 2618016) exited]
[Thread 0x77bd55139640 (LWP 2618015) exited]
[Thread 0x77bd551dfa00 (LWP 2617989) exited]
[Thread 0x77bd4c932640 (LWP 2618053) exited]
[New process 2617989]
[Inferior 1 (process 2617989) exited with code 01]
No stack.
(gdb) (gdb) 