Attaching to process 2619077
[New LWP 2619098]
[New LWP 2619099]
[New LWP 2619100]
[New LWP 2619101]
[New LWP 2619104]
[New LWP 2619105]
[New LWP 2619108]
[New LWP 2619109]
[New LWP 2619141]
[New LWP 2619142]
[New LWP 2619143]
[New LWP 2619144]
[New LWP 2619145]
[New LWP 2619146]
[New LWP 2619147]
[New LWP 2619148]
[New LWP 2619149]
[New LWP 2619150]
[New LWP 2619151]
[New LWP 2619152]
[New LWP 2619153]
[New LWP 2619154]
78	../sysdeps/unix/sysv/linux/clock_nanosleep.c: No such file or directory.
[Thread debugging using libthread_db enabled]
Using host libthread_db library "/lib/x86_64-linux-gnu/libthread_db.so.1".
0x00007a10114f77f8 in __GI___clock_nanosleep (clock_id=clock_id@entry=0, flags=flags@entry=0, req=req@entry=0x7ffcef7d0250, rem=rem@entry=0x7ffcef7d0250) at ../sysdeps/unix/sysv/linux/clock_nanosleep.c:78
(gdb) (gdb) Continuing.
[Thread 0x7a0fe0fa6640 (LWP 2619154) exited]
[Thread 0x7a0fe17cf640 (LWP 2619153) exited]
[Thread 0x7a0fd95ff640 (LWP 2619152) exited]
[Thread 0x7a0fe1fd0640 (LWP 2619151) exited]
[Thread 0x7a0fe7470640 (LWP 2619150) exited]
[Thread 0x7a0fe7c71640 (LWP 2619149) exited]
[Thread 0x7a0fe8472640 (LWP 2619148) exited]
[Thread 0x7a0fe8c73640 (LWP 2619147) exited]
[Thread 0x7a0fe9474640 (LWP 2619146) exited]
[Thread 0x7a0fe9c75640 (LWP 2619145) exited]
[Thread 0x7a0fea7fc640 (LWP 2619144) exited]
[Thread 0x7a0feaffd640 (LWP 2619143) exited]
[Thread 0x7a0febfff640 (LWP 2619141) exited]
[Thread 0x7a100cf70640 (LWP 2619109) exited]
[Thread 0x7a100d771640 (LWP 2619108) exited]
[Thread 0x7a100df72640 (LWP 2619105) exited]
[Thread 0x7a100e773640 (LWP 2619104) exited]
[Thread 0x7a100ef74640 (LWP 2619101) exited]
[Thread 0x7a100f775640 (LWP 2619100) exited]
[Thread 0x7a100ff76640 (LWP 2619099) exited]
[Thread 0x7a1010777640 (LWP 2619098) exited]
[Thread 0x7a101081da00 (LWP 2619077) exited]
[Thread 0x7a0feb7fe640 (LWP 2619142) exited]
[New process 2619077]
[Inferior 1 (process 2619077) exited with code 01]
(gdb) (gdb) No stack.
