Attaching to process 2618533
[New LWP 2618558]
[New LWP 2618560]
[New LWP 2618561]
[New LWP 2618562]
[New LWP 2618563]
[New LWP 2618564]
[New LWP 2618566]
[New LWP 2618567]
[New LWP 2618597]
[New LWP 2618598]
[New LWP 2618599]
[New LWP 2618600]
[New LWP 2618601]
[New LWP 2618602]
[New LWP 2618603]
[New LWP 2618604]
[New LWP 2618605]
[New LWP 2618606]
[New LWP 2618607]
[New LWP 2618608]
[New LWP 2618609]
[New LWP 2618610]
78	../sysdeps/unix/sysv/linux/clock_nanosleep.c: No such file or directory.
[Thread debugging using libthread_db enabled]
Using host libthread_db library "/lib/x86_64-linux-gnu/libthread_db.so.1".
0x00007a7724e0b7f8 in __GI___clock_nanosleep (clock_id=clock_id@entry=0, flags=flags@entry=0, req=req@entry=0x7ffdf1bf2c70, rem=rem@entry=0x7ffdf1bf2c70) at ../sysdeps/unix/sysv/linux/clock_nanosleep.c:78
(gdb) (gdb) Continuing.
[Thread 0x7a76f48c1640 (LWP 2618610) exited]
[Thread 0x7a76f50c2640 (LWP 2618609) exited]
[Thread 0x7a76effff640 (LWP 2618608) exited]
[Thread 0x7a76f58c3640 (LWP 2618607) exited]
[Thread 0x7a76fada9640 (LWP 2618606) exited]
[Thread 0x7a76fb5aa640 (LWP 2618605) exited]
[Thread 0x7a76fbdab640 (LWP 2618604) exited]
[Thread 0x7a76fc5ac640 (LWP 2618603) exited]
[Thread 0x7a76fcdad640 (LWP 2618602) exited]
[Thread 0x7a76fd5ae640 (LWP 2618601) exited]
[Thread 0x7a76fe135640 (LWP 2618600) exited]
[Thread 0x7a76fe936640 (LWP 2618599) exited]
[Thread 0x7a76ff137640 (LWP 2618598) exited]
[Thread 0x7a76ff938640 (LWP 2618597) exited]
[Thread 0x7a7720884640 (LWP 2618567) exited]
[Thread 0x7a7721085640 (LWP 2618566) exited]
[Thread 0x7a7721886640 (LWP 2618564) exited]
[Thread 0x7a7722087640 (LWP 2618563) exited]
[Thread 0x7a7722888640 (LWP 2618562) exited]
[Thread 0x7a7723089640 (LWP 2618561) exited]
[Thread 0x7a772388a640 (LWP 2618560) exited]
[Thread 0x7a772408b640 (LWP 2618558) exited]
[Inferior 1 (process 2618533) exited with code 01]
(gdb) (gdb) No stack.
