Attaching to process 847480
[New LWP 847484]
[New LWP 847485]
[New LWP 847486]
[New LWP 847487]
[New LWP 847488]
[New LWP 847489]
[New LWP 847490]
[New LWP 847491]
[New LWP 847492]
[New LWP 847493]
[New LWP 847494]
[New LWP 847495]
[New LWP 847496]
[New LWP 847497]
[New LWP 847498]
[New LWP 847499]
[New LWP 847500]
[New LWP 847501]
[New LWP 847502]
[New LWP 847503]
[New LWP 847504]
[New LWP 847505]
78	../sysdeps/unix/sysv/linux/clock_nanosleep.c: No such file or directory.
[Thread debugging using libthread_db enabled]
Using host libthread_db library "/lib/x86_64-linux-gnu/libthread_db.so.1".
0x00007ec474c117f8 in __GI___clock_nanosleep (clock_id=clock_id@entry=0, flags=flags@entry=0, req=req@entry=0x7ffd22413b10, rem=rem@entry=0x7ffd22413b10) at ../sysdeps/unix/sysv/linux/clock_nanosleep.c:78
(gdb) (gdb) Continuing.
[Thread 0x7ec4456c3640 (LWP 847502) exited]
[Thread 0x7ec444ec2640 (LWP 847503) exited]
[Thread 0x7ec43ffff640 (LWP 847504) exited]
[Thread 0x7ec43f7fe640 (LWP 847505) exited]
[Thread 0x7ec44a7fc640 (LWP 847501) exited]
[Thread 0x7ec44affd640 (LWP 847500) exited]
[Thread 0x7ec44b7fe640 (LWP 847499) exited]
[Thread 0x7ec44bfff640 (LWP 847498) exited]
[Thread 0x7ec450a91640 (LWP 847497) exited]
[Thread 0x7ec451292640 (LWP 847496) exited]
[Thread 0x7ec451a93640 (LWP 847495) exited]
[Thread 0x7ec452294640 (LWP 847494) exited]
[Thread 0x7ec452a95640 (LWP 847493) exited]
[Thread 0x7ec453296640 (LWP 847492) exited]
[Thread 0x7ec453fff640 (LWP 847491) exited]
[Thread 0x7ec470e8b640 (LWP 847490) exited]
[Thread 0x7ec47168c640 (LWP 847489) exited]
[Thread 0x7ec471e8d640 (LWP 847488) exited]
[Thread 0x7ec47268e640 (LWP 847487) exited]
[Thread 0x7ec472e8f640 (LWP 847486) exited]
[Thread 0x7ec473690640 (LWP 847485) exited]
[Thread 0x7ec473e91640 (LWP 847484) exited]
[Inferior 1 (process 847480) exited normally]
(gdb) No stack.
(gdb) 