Attaching to process 846455
[New LWP 846459]
[New LWP 846460]
[New LWP 846461]
[New LWP 846462]
[New LWP 846463]
[New LWP 846464]
[New LWP 846465]
[New LWP 846466]
[New LWP 846467]
[New LWP 846468]
[New LWP 846469]
[New LWP 846470]
[New LWP 846471]
[New LWP 846472]
[New LWP 846473]
[New LWP 846474]
[New LWP 846475]
[New LWP 846476]
[New LWP 846477]
[New LWP 846478]
[New LWP 846479]
[New LWP 846480]
78	../sysdeps/unix/sysv/linux/clock_nanosleep.c: No such file or directory.
[Thread debugging using libthread_db enabled]
Using host libthread_db library "/lib/x86_64-linux-gnu/libthread_db.so.1".
0x00007f57e7e047f8 in __GI___clock_nanosleep (clock_id=clock_id@entry=0, flags=flags@entry=0, req=req@entry=0x7ffc394e98f0, rem=rem@entry=0x7ffc394e98f0) at ../sysdeps/unix/sysv/linux/clock_nanosleep.c:78
(gdb) (gdb) Continuing.
[Thread 0x7f57cc865640 (LWP 846477) exited]
[Thread 0x7f57c7fff640 (LWP 846478) exited]
[Thread 0x7f57c6ffd640 (LWP 846480) exited]
[Thread 0x7f57c77fe640 (LWP 846479) exited]
[Thread 0x7f57d57fa640 (LWP 846476) exited]
[Thread 0x7f57d5ffb640 (LWP 846475) exited]
[Thread 0x7f57d67fc640 (LWP 846474) exited]
[Thread 0x7f57d6ffd640 (LWP 846473) exited]
[Thread 0x7f57d77fe640 (LWP 846472) exited]
[Thread 0x7f57d7fff640 (LWP 846471) exited]
[Thread 0x7f57dd133640 (LWP 846470) exited]
[Thread 0x7f57dd934640 (LWP 846469) exited]
[Thread 0x7f57de135640 (LWP 846468) exited]
[Thread 0x7f57de936640 (LWP 846467) exited]
[Thread 0x7f57df7fe640 (LWP 846466) exited]
[Thread 0x7f57e487f640 (LWP 846465) exited]
[Thread 0x7f57dffff640 (LWP 846464) exited]
[Thread 0x7f57e5080640 (LWP 846463) exited]
[Thread 0x7f57e5881640 (LWP 846462) exited]
[Thread 0x7f57e6883640 (LWP 846460) exited]
[Thread 0x7f57e7084640 (LWP 846459) exited]
[Thread 0x7f57e712aa00 (LWP 846455) exited]
[Thread 0x7f57e6082640 (LWP 846461) exited]
[New process 846455]
[Inferior 1 (process 846455) exited normally]
(gdb) No stack.
(gdb) 