Attaching to process 232770
[New LWP 232774]
[New LWP 232775]
[New LWP 232776]
[New LWP 232777]
[New LWP 232778]
[New LWP 232779]
[New LWP 232780]
[New LWP 232781]
[New LWP 232782]
[New LWP 232783]
[New LWP 232784]
[New LWP 232785]
[New LWP 232786]
[New LWP 232787]
[New LWP 232788]
[New LWP 232789]
[New LWP 232790]
[New LWP 232791]
[New LWP 232792]
[New LWP 232793]
[New LWP 232794]
[New LWP 232795]
[Thread debugging using libthread_db enabled]
Using host libthread_db library "/lib/x86_64-linux-gnu/libthread_db.so.1".
0x00007b91d3e9b7f8 in __GI___clock_nanosleep (clock_id=clock_id@entry=0, flags=flags@entry=0, req=req@entry=0x7ffdd39ae5e0, rem=rem@entry=0x7ffdd39ae5e0) at ../sysdeps/unix/sysv/linux/clock_nanosleep.c:78
78	../sysdeps/unix/sysv/linux/clock_nanosleep.c: No such file or directory.
(gdb) (gdb) Continuing.
[Thread 0x7b91a88f1640 (LWP 232792) exited]
[Thread 0x7b91a3fff640 (LWP 232793) exited]
[Thread 0x7b91c27fc640 (LWP 232789) exited]
[Thread 0x7b91a2ffd640 (LWP 232795) exited]
[Thread 0x7b91a37fe640 (LWP 232794) exited]
[Thread 0x7b91c17fa640 (LWP 232791) exited]
[Thread 0x7b91c1ffb640 (LWP 232790) exited]
[Thread 0x7b91c2ffd640 (LWP 232788) exited]
[Thread 0x7b91c37fe640 (LWP 232787) exited]
[Thread 0x7b91c3fff640 (LWP 232786) exited]
[Thread 0x7b91c9133640 (LWP 232785) exited]
[Thread 0x7b91c9934640 (LWP 232784) exited]
[Thread 0x7b91ca135640 (LWP 232783) exited]
[Thread 0x7b91cb7fe640 (LWP 232781) exited]
[Thread 0x7b91d0916640 (LWP 232780) exited]
[Thread 0x7b91d1117640 (LWP 232779) exited]
[Thread 0x7b91d1918640 (LWP 232778) exited]
[Thread 0x7b91d2119640 (LWP 232777) exited]
[Thread 0x7b91cbfff640 (LWP 232776) exited]
[Thread 0x7b91d291a640 (LWP 232775) exited]
[Thread 0x7b91d311b640 (LWP 232774) exited]
[Thread 0x7b91d31c1a00 (LWP 232770) exited]
[Thread 0x7b91ca936640 (LWP 232782) exited]
[New process 232770]
[Inferior 1 (process 232770) exited normally]
(gdb) (gdb) No stack.
