Attaching to process 207851
[New LWP 207855]
[New LWP 207856]
[New LWP 207857]
[New LWP 207858]
[New LWP 207859]
[New LWP 207860]
[New LWP 207861]
[New LWP 207862]
120	../sysdeps/unix/syscall-template.S: No such file or directory.
[Thread debugging using libthread_db enabled]
Using host libthread_db library "/lib/x86_64-linux-gnu/libthread_db.so.1".
0x000074df0706acdb in eventfd () at ../sysdeps/unix/syscall-template.S:120
(gdb) (gdb) Continuing.
[New Thread 0x74defda93640 (LWP 207902)]
[New Thread 0x74defd292640 (LWP 207903)]
[New Thread 0x74defca91640 (LWP 207904)]
[New Thread 0x74dedffff640 (LWP 207905)]
[New Thread 0x74dedf478640 (LWP 207906)]
[New Thread 0x74dedec77640 (LWP 207907)]
[New Thread 0x74dede476640 (LWP 207908)]
[New Thread 0x74deddc75640 (LWP 207909)]
[New Thread 0x74dedd474640 (LWP 207910)]
[New Thread 0x74dedcc73640 (LWP 207911)]
[New Thread 0x74ded7aad640 (LWP 207912)]
[New Thread 0x74ded72ac640 (LWP 207913)]
[New Thread 0x74ded6aab640 (LWP 207914)]
[New Thread 0x74ded60e7640 (LWP 207915)]
[Thread 0x74ded72ac640 (LWP 207913) exited]
[Thread 0x74ded60e7640 (LWP 207915) exited]
[Thread 0x74ded6aab640 (LWP 207914) exited]
[Thread 0x74ded7aad640 (LWP 207912) exited]
[Thread 0x74dedcc73640 (LWP 207911) exited]
[Thread 0x74dedd474640 (LWP 207910) exited]
[Thread 0x74deddc75640 (LWP 207909) exited]
[Thread 0x74dede476640 (LWP 207908) exited]
[Thread 0x74dedec77640 (LWP 207907) exited]
[Thread 0x74dedf478640 (LWP 207906) exited]
[Thread 0x74dedffff640 (LWP 207905) exited]
[Thread 0x74defca91640 (LWP 207904) exited]
[Thread 0x74defd292640 (LWP 207903) exited]
[Thread 0x74defda93640 (LWP 207902) exited]
[Thread 0x74defeffd640 (LWP 207861) exited]
[Thread 0x74deff7fe640 (LWP 207860) exited]
[Thread 0x74df04aa7640 (LWP 207859) exited]
[Thread 0x74df052a8640 (LWP 207858) exited]
[Thread 0x74df05aa9640 (LWP 207857) exited]
[Thread 0x74defffff640 (LWP 207856) exited]
[Thread 0x74df062aa640 (LWP 207855) exited]
[Thread 0x74df06350a00 (LWP 207851) exited]
[Thread 0x74defe7fc640 (LWP 207862) exited]
[New process 207851]
[Inferior 1 (process 207851) exited with code 01]
(gdb) No stack.
(gdb) 