Attaching to process 207010
[New LWP 207043]
[New LWP 207044]
[New LWP 207045]
[New LWP 207046]
[New LWP 207047]
[New LWP 207048]
[New LWP 207049]
[New LWP 207050]
[New LWP 207074]
[New LWP 207075]
[New LWP 207076]
[New LWP 207077]
[New LWP 207078]
[New LWP 207079]
[New LWP 207080]
[New LWP 207081]
[New LWP 207082]
[New LWP 207083]
[New LWP 207084]
[New LWP 207085]
[New LWP 207086]
[New LWP 207087]
[Thread debugging using libthread_db enabled]
Using host libthread_db library "/lib/x86_64-linux-gnu/libthread_db.so.1".
0x00007a9105a657f8 in __GI___clock_nanosleep (clock_id=clock_id@entry=0, flags=flags@entry=0, req=req@entry=0x7ffddd6e2020, rem=rem@entry=0x7ffddd6e2020) at ../sysdeps/unix/sysv/linux/clock_nanosleep.c:78
78	../sysdeps/unix/sysv/linux/clock_nanosleep.c: No such file or directory.
(gdb) (gdb) Continuing.
[Thread 0x7a90d4c57640 (LWP 207087) exited]
[Thread 0x7a90d5458640 (LWP 207086) exited]
[Thread 0x7a90d5c59640 (LWP 207085) exited]
[Thread 0x7a90d645a640 (LWP 207084) exited]
[Thread 0x7a90deffd640 (LWP 207083) exited]
[Thread 0x7a90df7fe640 (LWP 207082) exited]
[Thread 0x7a90dffff640 (LWP 207081) exited]
[Thread 0x7a90f4dfa640 (LWP 207080) exited]
[Thread 0x7a90f55fb640 (LWP 207079) exited]
[Thread 0x7a90f5dfc640 (LWP 207078) exited]
[Thread 0x7a90f65fd640 (LWP 207077) exited]
[Thread 0x7a90f7fff640 (LWP 207075) exited]
[Thread 0x7a90fca91640 (LWP 207074) exited]
[Thread 0x7a90fd7fa640 (LWP 207050) exited]
[Thread 0x7a90fdffb640 (LWP 207049) exited]
[Thread 0x7a90fe7fc640 (LWP 207048) exited]
[Thread 0x7a90feffd640 (LWP 207047) exited]
[Thread 0x7a90ff7fe640 (LWP 207046) exited]
[Thread 0x7a90f75ff640 (LWP 207045) exited]
[Thread 0x7a90fffff640 (LWP 207044) exited]
[Thread 0x7a9104ce5640 (LWP 207043) exited]
[Thread 0x7a9104d8ba00 (LWP 207010) exited]
[Thread 0x7a90f6dfe640 (LWP 207076) exited]
[New process 207010]
[Inferior 1 (process 207010) exited with code 01]
(gdb) (gdb) No stack.
