Attaching to process 207718
[New LWP 207735]
[New LWP 207736]
[New LWP 207737]
[New LWP 207738]
[New LWP 207743]
[New LWP 207744]
[New LWP 207745]
[New LWP 207746]
[New LWP 207782]
[New LWP 207783]
[New LWP 207784]
[New LWP 207785]
[New LWP 207786]
[New LWP 207787]
[New LWP 207788]
[New LWP 207789]
[New LWP 207790]
[New LWP 207791]
[New LWP 207792]
[New LWP 207793]
[New LWP 207794]
[New LWP 207795]
[Thread debugging using libthread_db enabled]
Using host libthread_db library "/lib/x86_64-linux-gnu/libthread_db.so.1".
0x00007ba14194a7f8 in __GI___clock_nanosleep (clock_id=clock_id@entry=0, flags=flags@entry=0, req=req@entry=0x7ffc95ba5430, rem=rem@entry=0x7ffc95ba5430) at ../sysdeps/unix/sysv/linux/clock_nanosleep.c:78
78	../sysdeps/unix/sysv/linux/clock_nanosleep.c: No such file or directory.
(gdb) (gdb) Continuing.
[Thread 0x7ba110be1640 (LWP 207795) exited]
[Thread 0x7ba11140a640 (LWP 207794) exited]
[Thread 0x7ba111c0b640 (LWP 207793) exited]
[Thread 0x7ba11240c640 (LWP 207792) exited]
[Thread 0x7ba116ffd640 (LWP 207791) exited]
[Thread 0x7ba1177fe640 (LWP 207790) exited]
[Thread 0x7ba117fff640 (LWP 207789) exited]
[Thread 0x7ba11cff9640 (LWP 207788) exited]
[Thread 0x7ba11d7fa640 (LWP 207787) exited]
[Thread 0x7ba11dffb640 (LWP 207786) exited]
[Thread 0x7ba11e7fc640 (LWP 207785) exited]
[Thread 0x7ba11effd640 (LWP 207784) exited]
[Thread 0x7ba11f7fe640 (LWP 207783) exited]
[Thread 0x7ba11ffff640 (LWP 207782) exited]
[Thread 0x7ba13d3c3640 (LWP 207746) exited]
[Thread 0x7ba13dbc4640 (LWP 207745) exited]
[Thread 0x7ba13e3c5640 (LWP 207744) exited]
[Thread 0x7ba13ebc6640 (LWP 207743) exited]
[Thread 0x7ba13f3c7640 (LWP 207738) exited]
[Thread 0x7ba13fbc8640 (LWP 207737) exited]
[Thread 0x7ba1403c9640 (LWP 207736) exited]
[Thread 0x7ba140bca640 (LWP 207735) exited]
[Inferior 1 (process 207718) exited with code 01]
(gdb) (gdb) No stack.
