Attaching to process 207932
[New LWP 207936]
[New LWP 207937]
[New LWP 207938]
[New LWP 207939]
[New LWP 207940]
[New LWP 207941]
[New LWP 207942]
[New LWP 207943]
78	../sysdeps/unix/sysv/linux/clock_nanosleep.c: No such file or directory.
[Thread debugging using libthread_db enabled]
Using host libthread_db library "/lib/x86_64-linux-gnu/libthread_db.so.1".
0x00007520ea43c7f8 in __GI___clock_nanosleep (clock_id=clock_id@entry=0, flags=flags@entry=0, req=req@entry=0x7ffd987b8bd0, rem=rem@entry=0x7ffd987b8bd0) at ../sysdeps/unix/sysv/linux/clock_nanosleep.c:78
(gdb) (gdb) Continuing.
[New Thread 0x7520e0a91640 (LWP 207983)]
[New Thread 0x7520c3fff640 (LWP 207984)]
[New Thread 0x7520c37fe640 (LWP 207985)]
[New Thread 0x7520c2ffd640 (LWP 207986)]
[New Thread 0x7520c27fc640 (LWP 207987)]
[New Thread 0x7520c1ffb640 (LWP 207988)]
[New Thread 0x7520c17fa640 (LWP 207989)]
[New Thread 0x7520c0ff9640 (LWP 207990)]
[New Thread 0x7520c07f8640 (LWP 207991)]
[New Thread 0x7520bfff7640 (LWP 207992)]
[New Thread 0x7520baedc640 (LWP 207993)]
[New Thread 0x7520b3fff640 (LWP 207994)]
[New Thread 0x7520ba6db640 (LWP 207995)]
[New Thread 0x7520b9eda640 (LWP 207996)]
[Thread 0x7520b9eda640 (LWP 207996) exited]
[Thread 0x7520ba6db640 (LWP 207995) exited]
[Thread 0x7520b3fff640 (LWP 207994) exited]
[Thread 0x7520baedc640 (LWP 207993) exited]
[Thread 0x7520bfff7640 (LWP 207992) exited]
[Thread 0x7520c07f8640 (LWP 207991) exited]
[Thread 0x7520c0ff9640 (LWP 207990) exited]
[Thread 0x7520c17fa640 (LWP 207989) exited]
[Thread 0x7520c1ffb640 (LWP 207988) exited]
[Thread 0x7520c27fc640 (LWP 207987) exited]
[Thread 0x7520c37fe640 (LWP 207985) exited]
[Thread 0x7520c3fff640 (LWP 207984) exited]
[Thread 0x7520e0a91640 (LWP 207983) exited]
[Thread 0x7520e17fa640 (LWP 207943) exited]
[Thread 0x7520e1ffb640 (LWP 207942) exited]
[Thread 0x7520e27fc640 (LWP 207941) exited]
[Thread 0x7520e2ffd640 (LWP 207940) exited]
[Thread 0x7520e37fe640 (LWP 207939) exited]
[Thread 0x7520e8ebb640 (LWP 207938) exited]
[Thread 0x7520e3fff640 (LWP 207937) exited]
[Thread 0x7520e96bc640 (LWP 207936) exited]
[Thread 0x7520e9762a00 (LWP 207932) exited]
[Thread 0x7520c2ffd640 (LWP 207986) exited]
[New process 207932]
[Inferior 1 (process 207932) exited with code 01]
(gdb) No stack.
(gdb) 