Attaching to process 463487
[New LWP 463491]
[New LWP 463492]
[New LWP 463493]
[New LWP 463494]
[New LWP 463495]
[New LWP 463496]
[New LWP 463497]
[New LWP 463498]
[New LWP 463499]
[New LWP 463500]
[New LWP 463501]
[New LWP 463502]
[New LWP 463503]
[New LWP 463504]
[New LWP 463505]
[New LWP 463506]
[New LWP 463507]
[New LWP 463508]
[New LWP 463509]
[New LWP 463510]
[New LWP 463511]
[New LWP 463512]
[Thread debugging using libthread_db enabled]
Using host libthread_db library "/lib/x86_64-linux-gnu/libthread_db.so.1".
0x00007c9c4ca897f8 in __GI___clock_nanosleep (clock_id=clock_id@entry=0, flags=flags@entry=0, req=req@entry=0x7ffc598c7040, rem=rem@entry=0x7ffc598c7040) at ../sysdeps/unix/sysv/linux/clock_nanosleep.c:78
78	../sysdeps/unix/sysv/linux/clock_nanosleep.c: No such file or directory.
(gdb) (gdb) Continuing.
[Thread 0x7c9c21501640 (LWP 463509) exited]
[Thread 0x7c9c20d00640 (LWP 463510) exited]
[Thread 0x7c9c177fe640 (LWP 463512) exited]
[Thread 0x7c9c17fff640 (LWP 463511) exited]
[Thread 0x7c9c3a7fc640 (LWP 463508) exited]
[Thread 0x7c9c3b7fe640 (LWP 463506) exited]
[Thread 0x7c9c3bfff640 (LWP 463505) exited]
[Thread 0x7c9c40a91640 (LWP 463504) exited]
[Thread 0x7c9c41292640 (LWP 463503) exited]
[Thread 0x7c9c41a93640 (LWP 463502) exited]
[Thread 0x7c9c42294640 (LWP 463501) exited]
[Thread 0x7c9c42a95640 (LWP 463500) exited]
[Thread 0x7c9c43296640 (LWP 463499) exited]
[Thread 0x7c9c48d03640 (LWP 463498) exited]
[Thread 0x7c9c49504640 (LWP 463497) exited]
[Thread 0x7c9c49d05640 (LWP 463496) exited]
[Thread 0x7c9c4a506640 (LWP 463495) exited]
[Thread 0x7c9c4ad07640 (LWP 463494) exited]
[Thread 0x7c9c4b508640 (LWP 463493) exited]
[Thread 0x7c9c43fff640 (LWP 463492) exited]
[Thread 0x7c9c4bd09640 (LWP 463491) exited]
[Thread 0x7c9c4bdafa00 (LWP 463487) exited]
[Thread 0x7c9c3affd640 (LWP 463507) exited]
[New process 463487]
[Inferior 1 (process 463487) exited normally]
(gdb) (gdb) No stack.
