Attaching to process 847974
[New LWP 848007]
[New LWP 848008]
[New LWP 848009]
[New LWP 848010]
[New LWP 848011]
[New LWP 848012]
[New LWP 848013]
[New LWP 848014]
[New LWP 848038]
[New LWP 848039]
[New LWP 848040]
[New LWP 848041]
[New LWP 848042]
[New LWP 848043]
[New LWP 848044]
[New LWP 848045]
[New LWP 848046]
[New LWP 848047]
[New LWP 848065]
[New LWP 848066]
[New LWP 848067]
[New LWP 848070]
78	../sysdeps/unix/sysv/linux/clock_nanosleep.c: No such file or directory.
[Thread debugging using libthread_db enabled]
Using host libthread_db library "/lib/x86_64-linux-gnu/libthread_db.so.1".
0x00007cf5290c37f8 in __GI___clock_nanosleep (clock_id=clock_id@entry=0, flags=flags@entry=0, req=req@entry=0x7ffc1214fdb0, rem=rem@entry=0x7ffc1214fdb0) at ../sysdeps/unix/sysv/linux/clock_nanosleep.c:78
(gdb) (gdb) Continuing.
[Thread 0x7cf4f9b80640 (LWP 848065) exited]
[Thread 0x7cf4f3fff640 (LWP 848066) exited]
[Thread 0x7cf4f8b56640 (LWP 848070) exited]
[Thread 0x7cf4f937f640 (LWP 848067) exited]
[Thread 0x7cf4fe7fc640 (LWP 848047) exited]
[Thread 0x7cf4feffd640 (LWP 848046) exited]
[Thread 0x7cf4ff7fe640 (LWP 848045) exited]
[Thread 0x7cf4fffff640 (LWP 848044) exited]
[Thread 0x7cf504f0c640 (LWP 848043) exited]
[Thread 0x7cf50570d640 (LWP 848042) exited]
[Thread 0x7cf506294640 (LWP 848041) exited]
[Thread 0x7cf506a95640 (LWP 848040) exited]
[Thread 0x7cf507296640 (LWP 848039) exited]
[Thread 0x7cf507a97640 (LWP 848038) exited]
[Thread 0x7cf524b3c640 (LWP 848014) exited]
[Thread 0x7cf52533d640 (LWP 848013) exited]
[Thread 0x7cf525b3e640 (LWP 848012) exited]
[Thread 0x7cf52633f640 (LWP 848011) exited]
[Thread 0x7cf526b40640 (LWP 848010) exited]
[Thread 0x7cf527341640 (LWP 848009) exited]
[Thread 0x7cf527b42640 (LWP 848008) exited]
[Thread 0x7cf528343640 (LWP 848007) exited]
[Inferior 1 (process 847974) exited normally]
(gdb) No stack.
(gdb) 