Attaching to process 652050
[New LWP 652054]
[New LWP 652055]
[New LWP 652056]
[New LWP 652057]
[New LWP 652058]
[New LWP 652059]
[New LWP 652060]
[New LWP 652061]
[New LWP 652063]
[New LWP 652064]
[New LWP 652065]
[New LWP 652066]
[New LWP 652067]
[New LWP 652068]
[New LWP 652069]
[New LWP 652070]
[New LWP 652071]
[New LWP 652072]
[New LWP 652073]
[New LWP 652074]
[New LWP 652075]
[New LWP 652076]
[Thread debugging using libthread_db enabled]
Using host libthread_db library "/lib/x86_64-linux-gnu/libthread_db.so.1".
0x0000718ebf5c07f8 in __GI___clock_nanosleep (clock_id=clock_id@entry=0, flags=flags@entry=0, req=req@entry=0x7fffbd36b5e0, rem=rem@entry=0x7fffbd36b5e0) at ../sysdeps/unix/sysv/linux/clock_nanosleep.c:78
78	../sysdeps/unix/sysv/linux/clock_nanosleep.c: No such file or directory.
(gdb) (gdb) Continuing.
[Thread 0x718e9002c640 (LWP 652073) exited]
[Thread 0x718e8f82b640 (LWP 652074) exited]
[Thread 0x718e8e666640 (LWP 652076) exited]
[Thread 0x718e99474640 (LWP 652072) exited]
[Thread 0x718e99c75640 (LWP 652071) exited]
[Thread 0x718e9a476640 (LWP 652070) exited]
[Thread 0x718e9ac77640 (LWP 652069) exited]
[Thread 0x718e9b478640 (LWP 652068) exited]
[Thread 0x718e9bc79640 (LWP 652067) exited]
[Thread 0x718eb4932640 (LWP 652066) exited]
[Thread 0x718eb5133640 (LWP 652065) exited]
[Thread 0x718eb5934640 (LWP 652064) exited]
[Thread 0x718eb6135640 (LWP 652063) exited]
[Thread 0x718eb6ffd640 (LWP 652061) exited]
[Thread 0x718eb77fe640 (LWP 652060) exited]
[Thread 0x718ebc83c640 (LWP 652059) exited]
[Thread 0x718ebd03d640 (LWP 652058) exited]
[Thread 0x718ebd83e640 (LWP 652057) exited]
[Thread 0x718ebe03f640 (LWP 652056) exited]
[Thread 0x718eb7fff640 (LWP 652055) exited]
[Thread 0x718ebe840640 (LWP 652054) exited]
[Thread 0x718ebe8e6a00 (LWP 652050) exited]
[Thread 0x718e8f02a640 (LWP 652075) exited]
[New process 652050]
[Inferior 1 (process 652050) exited normally]
(gdb) No stack.
(gdb) 