Attaching to process 651433
[New LWP 651437]
[New LWP 651438]
[New LWP 651439]
[New LWP 651440]
[New LWP 651441]
[New LWP 651442]
[New LWP 651443]
[New LWP 651444]
[New LWP 651446]
[New LWP 651447]
[New LWP 651448]
[New LWP 651449]
[New LWP 651450]
[New LWP 651451]
[New LWP 651452]
[New LWP 651453]
[New LWP 651454]
[New LWP 651455]
[New LWP 651456]
[New LWP 651457]
[New LWP 651458]
[New LWP 651459]
78	../sysdeps/unix/sysv/linux/clock_nanosleep.c: No such file or directory.
[Thread debugging using libthread_db enabled]
Using host libthread_db library "/lib/x86_64-linux-gnu/libthread_db.so.1".
0x00007680797f37f8 in __GI___clock_nanosleep (clock_id=clock_id@entry=0, flags=flags@entry=0, req=req@entry=0x7fff74a35f50, rem=rem@entry=0x7fff74a35f50) at ../sysdeps/unix/sysv/linux/clock_nanosleep.c:78
(gdb) (gdb) Continuing.
[Thread 0x76804a271640 (LWP 651456) exited]
[Thread 0x768049a70640 (LWP 651457) exited]
[Thread 0x768048a6e640 (LWP 651459) exited]
[Thread 0x76804926f640 (LWP 651458) exited]
[Thread 0x76804effd640 (LWP 651455) exited]
[Thread 0x76804f7fe640 (LWP 651454) exited]
[Thread 0x76804ffff640 (LWP 651453) exited]
[Thread 0x76806ce73640 (LWP 651452) exited]
[Thread 0x76806d674640 (LWP 651451) exited]
[Thread 0x76806de75640 (LWP 651450) exited]
[Thread 0x76806f1fd640 (LWP 651448) exited]
[Thread 0x76806f9fe640 (LWP 651447) exited]
[Thread 0x768070a91640 (LWP 651446) exited]
[Thread 0x7680717fa640 (LWP 651444) exited]
[Thread 0x768071ffb640 (LWP 651443) exited]
[Thread 0x7680727fc640 (LWP 651442) exited]
[Thread 0x768072ffd640 (LWP 651441) exited]
[Thread 0x7680737fe640 (LWP 651440) exited]
[Thread 0x768073fff640 (LWP 651439) exited]
[Thread 0x7680701ff640 (LWP 651438) exited]
[Thread 0x768078a73640 (LWP 651437) exited]
[Thread 0x768078b19a00 (LWP 651433) exited]
[Thread 0x76806e9fc640 (LWP 651449) exited]
[New process 651433]
[Inferior 1 (process 651433) exited normally]
(gdb) No stack.
(gdb) 