Attaching to process 2793116
[New LWP 2793120]
[New LWP 2793121]
[New LWP 2793122]
[New LWP 2793123]
[New LWP 2793124]
[New LWP 2793125]
[New LWP 2793126]
[New LWP 2793127]
[New LWP 2793128]
[New LWP 2793129]
[New LWP 2793130]
[New LWP 2793131]
[New LWP 2793132]
[New LWP 2793133]
[New LWP 2793134]
[New LWP 2793135]
[New LWP 2793136]
[New LWP 2793137]
[New LWP 2793138]
[New LWP 2793139]
[New LWP 2793140]
[New LWP 2793141]
[Thread debugging using libthread_db enabled]
Using host libthread_db library "/lib/x86_64-linux-gnu/libthread_db.so.1".
0x0000773a04cb17f8 in __GI___clock_nanosleep (clock_id=clock_id@entry=0, flags=flags@entry=0, req=req@entry=0x7ffee6a1bb50, rem=rem@entry=0x7ffee6a1bb50) at ../sysdeps/unix/sysv/linux/clock_nanosleep.c:78
78	../sysdeps/unix/sysv/linux/clock_nanosleep.c: No such file or directory.
(gdb) (gdb) Continuing.
[Thread 0x7739d576d640 (LWP 2793138) exited]
[Thread 0x7739d4f6c640 (LWP 2793139) exited]
[Thread 0x7739cf7fe640 (LWP 2793141) exited]
[Thread 0x7739cffff640 (LWP 2793140) exited]
[Thread 0x7739da7fc640 (LWP 2793137) exited]
[Thread 0x7739daffd640 (LWP 2793136) exited]
[Thread 0x7739db7fe640 (LWP 2793135) exited]
[Thread 0x7739dbfff640 (LWP 2793134) exited]
[Thread 0x7739f8c73640 (LWP 2793133) exited]
[Thread 0x7739f9474640 (LWP 2793132) exited]
[Thread 0x7739f9ffb640 (LWP 2793131) exited]
[Thread 0x7739fa7fc640 (LWP 2793130) exited]
[Thread 0x7739faffd640 (LWP 2793129) exited]
[Thread 0x7739fb7fe640 (LWP 2793128) exited]
[Thread 0x773a00f2b640 (LWP 2793127) exited]
[Thread 0x773a0172c640 (LWP 2793126) exited]
[Thread 0x773a01f2d640 (LWP 2793125) exited]
[Thread 0x773a0272e640 (LWP 2793124) exited]
[Thread 0x773a02f2f640 (LWP 2793123) exited]
[Thread 0x773a03730640 (LWP 2793122) exited]
[Thread 0x7739fbfff640 (LWP 2793121) exited]
[Thread 0x773a03f31640 (LWP 2793120) exited]
[Inferior 1 (process 2793116) exited normally]
(gdb) (gdb) No stack.
