Attaching to process 841519
[New LWP 841523]
[New LWP 841524]
[New LWP 841525]
[New LWP 841526]
[New LWP 841527]
[New LWP 841528]
[New LWP 841529]
[New LWP 841530]
[New LWP 841532]
[New LWP 841533]
[New LWP 841534]
[New LWP 841535]
[New LWP 841536]
[New LWP 841537]
[New LWP 841538]
[New LWP 841539]
[New LWP 841540]
[New LWP 841541]
[New LWP 841542]
[New LWP 841543]
[New LWP 841544]
[New LWP 841545]
78	../sysdeps/unix/sysv/linux/clock_nanosleep.c: No such file or directory.
[Thread debugging using libthread_db enabled]
Using host libthread_db library "/lib/x86_64-linux-gnu/libthread_db.so.1".
0x0000772d6063f7f8 in __GI___clock_nanosleep (clock_id=clock_id@entry=0, flags=flags@entry=0, req=req@entry=0x7ffe11bd9960, rem=rem@entry=0x7ffe11bd9960) at ../sysdeps/unix/sysv/linux/clock_nanosleep.c:78
(gdb) (gdb) Continuing.
[Thread 0x772d310cb640 (LWP 841542) exited]
[Thread 0x772d308ca640 (LWP 841543) exited]
[Thread 0x772d35ffb640 (LWP 841541) exited]
[Thread 0x772d2b63b640 (LWP 841545) exited]
[Thread 0x772d2bfff640 (LWP 841544) exited]
[Thread 0x772d367fc640 (LWP 841540) exited]
[Thread 0x772d36ffd640 (LWP 841539) exited]
[Thread 0x772d377fe640 (LWP 841538) exited]
[Thread 0x772d37fff640 (LWP 841537) exited]
[Thread 0x772d3cdad640 (LWP 841536) exited]
[Thread 0x772d3d934640 (LWP 841535) exited]
[Thread 0x772d3e135640 (LWP 841534) exited]
[Thread 0x772d3e936640 (LWP 841533) exited]
[Thread 0x772d3f137640 (LWP 841532) exited]
[Thread 0x772d3ffff640 (LWP 841530) exited]
[Thread 0x772d5c8b9640 (LWP 841529) exited]
[Thread 0x772d5d0ba640 (LWP 841528) exited]
[Thread 0x772d5d8bb640 (LWP 841527) exited]
[Thread 0x772d5e0bc640 (LWP 841526) exited]
[Thread 0x772d5f0be640 (LWP 841524) exited]
[Thread 0x772d5f8bf640 (LWP 841523) exited]
[Thread 0x772d5f965a00 (LWP 841519) exited]
[Thread 0x772d5e8bd640 (LWP 841525) exited]
[New process 841519]
[Inferior 1 (process 841519) exited normally]
(gdb) No stack.
(gdb) 