Attaching to process 1116024
[New LWP 1116057]
[New LWP 1116058]
[New LWP 1116059]
[New LWP 1116060]
[New LWP 1116061]
[New LWP 1116062]
[New LWP 1116063]
[New LWP 1116064]
[New LWP 1116088]
[New LWP 1116089]
[New LWP 1116090]
[New LWP 1116091]
[New LWP 1116092]
[New LWP 1116093]
[New LWP 1116094]
[New LWP 1116095]
[New LWP 1116096]
[New LWP 1116097]
[New LWP 1116098]
[New LWP 1116099]
[New LWP 1116100]
[New LWP 1116101]
[Thread debugging using libthread_db enabled]
Using host libthread_db library "/lib/x86_64-linux-gnu/libthread_db.so.1".
0x000071c23977f7f8 in __GI___clock_nanosleep (clock_id=clock_id@entry=0, flags=flags@entry=0, req=req@entry=0x7ffeb187ca40, rem=rem@entry=0x7ffeb187ca40) at ../sysdeps/unix/sysv/linux/clock_nanosleep.c:78
78	../sysdeps/unix/sysv/linux/clock_nanosleep.c: No such file or directory.
(gdb) (gdb) Continuing.
[Thread 0x71c20a264640 (LWP 1116098) exited]
[Thread 0x71c209a63640 (LWP 1116099) exited]
[Thread 0x71c208876640 (LWP 1116101) exited]
[Thread 0x71c20923a640 (LWP 1116100) exited]
[Thread 0x71c20f470640 (LWP 1116097) exited]
[Thread 0x71c20fc71640 (LWP 1116096) exited]
[Thread 0x71c210472640 (LWP 1116095) exited]
[Thread 0x71c210c73640 (LWP 1116094) exited]
[Thread 0x71c211474640 (LWP 1116093) exited]
[Thread 0x71c211c75640 (LWP 1116092) exited]
[Thread 0x71c2127fc640 (LWP 1116091) exited]
[Thread 0x71c2137fe640 (LWP 1116089) exited]
[Thread 0x71c213fff640 (LWP 1116088) exited]
[Thread 0x71c2351f8640 (LWP 1116064) exited]
[Thread 0x71c2359f9640 (LWP 1116063) exited]
[Thread 0x71c2361fa640 (LWP 1116062) exited]
[Thread 0x71c2369fb640 (LWP 1116061) exited]
[Thread 0x71c2371fc640 (LWP 1116060) exited]
[Thread 0x71c2379fd640 (LWP 1116059) exited]
[Thread 0x71c2381fe640 (LWP 1116058) exited]
[Thread 0x71c2389ff640 (LWP 1116057) exited]
[Thread 0x71c238aa5a00 (LWP 1116024) exited]
[Thread 0x71c212ffd640 (LWP 1116090) exited]
[New process 1116024]
[Inferior 1 (process 1116024) exited normally]
(gdb) No stack.
(gdb) 