Attaching to process 1022826
[New LWP 1022830]
[New LWP 1022831]
[New LWP 1022832]
[New LWP 1022833]
[New LWP 1022834]
[New LWP 1022835]
[New LWP 1022836]
[New LWP 1022837]
[New LWP 1022838]
[New LWP 1022839]
[New LWP 1022840]
[New LWP 1022841]
[New LWP 1022842]
[New LWP 1022843]
[New LWP 1022844]
[New LWP 1022845]
[New LWP 1022846]
[New LWP 1022847]
[New LWP 1022848]
[New LWP 1022849]
[New LWP 1022850]
[New LWP 1022851]
[Thread debugging using libthread_db enabled]
Using host libthread_db library "/lib/x86_64-linux-gnu/libthread_db.so.1".
0x00007fde60eb17f8 in __GI___clock_nanosleep (clock_id=clock_id@entry=0, flags=flags@entry=0, req=req@entry=0x7ffe9d813a30, rem=rem@entry=0x7ffe9d813a30) at ../sysdeps/unix/sysv/linux/clock_nanosleep.c:78
78	../sysdeps/unix/sysv/linux/clock_nanosleep.c: No such file or directory.
(gdb) (gdb) Continuing.
[Thread 0x7fde3511c640 (LWP 1022849) exited]
[Thread 0x7fde3591d640 (LWP 1022848) exited]
[Thread 0x7fde3491b640 (LWP 1022850) exited]
[Thread 0x7fde27fff640 (LWP 1022851) exited]
[Thread 0x7fde467fc640 (LWP 1022847) exited]
[Thread 0x7fde46ffd640 (LWP 1022846) exited]
[Thread 0x7fde477fe640 (LWP 1022845) exited]
[Thread 0x7fde47fff640 (LWP 1022844) exited]
[Thread 0x7fde4cdad640 (LWP 1022843) exited]
[Thread 0x7fde4d5ae640 (LWP 1022842) exited]
[Thread 0x7fde4e135640 (LWP 1022841) exited]
[Thread 0x7fde4e936640 (LWP 1022840) exited]
[Thread 0x7fde4f137640 (LWP 1022839) exited]
[Thread 0x7fde4f938640 (LWP 1022838) exited]
[Thread 0x7fde5c92a640 (LWP 1022837) exited]
[Thread 0x7fde5d12b640 (LWP 1022836) exited]
[Thread 0x7fde5e12d640 (LWP 1022834) exited]
[Thread 0x7fde5e92e640 (LWP 1022833) exited]
[Thread 0x7fde5f12f640 (LWP 1022832) exited]
[Thread 0x7fde5f930640 (LWP 1022831) exited]
[Thread 0x7fde60131640 (LWP 1022830) exited]
[Thread 0x7fde601d7a00 (LWP 1022826) exited]
[Thread 0x7fde5d92c640 (LWP 1022835) exited]
[New process 1022826]
[Inferior 1 (process 1022826) exited normally]
(gdb) No stack.
(gdb) 