Attaching to process 1120875
[New LWP 1120879]
[New LWP 1120880]
[New LWP 1120881]
[New LWP 1120882]
[New LWP 1120883]
[New LWP 1120884]
[New LWP 1120885]
[New LWP 1120886]
[New LWP 1120887]
[New LWP 1120888]
[New LWP 1120889]
[New LWP 1120890]
[New LWP 1120891]
[New LWP 1120892]
[New LWP 1120893]
[New LWP 1120894]
[New LWP 1120895]
[New LWP 1120896]
[New LWP 1120897]
[New LWP 1120898]
[New LWP 1120899]
[New LWP 1120900]
[Thread debugging using libthread_db enabled]
Using host libthread_db library "/lib/x86_64-linux-gnu/libthread_db.so.1".
0x00007ce3ad82f7f8 in __GI___clock_nanosleep (clock_id=clock_id@entry=0, flags=flags@entry=0, req=req@entry=0x7ffc13f529f0, rem=rem@entry=0x7ffc13f529f0) at ../sysdeps/unix/sysv/linux/clock_nanosleep.c:78
78	../sysdeps/unix/sysv/linux/clock_nanosleep.c: No such file or directory.
(gdb) (gdb) Continuing.
[Thread 0x7ce37e271640 (LWP 1120897) exited]
[Thread 0x7ce377fff640 (LWP 1120898) exited]
[Thread 0x7ce37d26f640 (LWP 1120900) exited]
[Thread 0x7ce37da70640 (LWP 1120899) exited]
[Thread 0x7ce382ffd640 (LWP 1120896) exited]
[Thread 0x7ce3837fe640 (LWP 1120895) exited]
[Thread 0x7ce383fff640 (LWP 1120894) exited]
[Thread 0x7ce39cc73640 (LWP 1120893) exited]
[Thread 0x7ce39d474640 (LWP 1120892) exited]
[Thread 0x7ce39dc75640 (LWP 1120891) exited]
[Thread 0x7ce39e7fc640 (LWP 1120890) exited]
[Thread 0x7ce39effd640 (LWP 1120889) exited]
[Thread 0x7ce39f7fe640 (LWP 1120888) exited]
[Thread 0x7ce3a4a91640 (LWP 1120887) exited]
[Thread 0x7ce3a57fa640 (LWP 1120886) exited]
[Thread 0x7ce3a5ffb640 (LWP 1120885) exited]
[Thread 0x7ce3a67fc640 (LWP 1120884) exited]
[Thread 0x7ce3a6ffd640 (LWP 1120883) exited]
[Thread 0x7ce3a77fe640 (LWP 1120882) exited]
[Thread 0x7ce39ffff640 (LWP 1120881) exited]
[Thread 0x7ce3a7fff640 (LWP 1120880) exited]
[Thread 0x7ce3acaaf640 (LWP 1120879) exited]
[Inferior 1 (process 1120875) exited normally]
(gdb) (gdb) No stack.
