Attaching to process 2582778
[New LWP 2582803]
[New LWP 2582804]
[New LWP 2582805]
[New LWP 2582806]
[New LWP 2582807]
[New LWP 2582808]
[New LWP 2582811]
[New LWP 2582814]
[New LWP 2582842]
[New LWP 2582843]
[New LWP 2582844]
[New LWP 2582845]
[New LWP 2582846]
[New LWP 2582847]
[New LWP 2582848]
[New LWP 2582849]
[New LWP 2582850]
[New LWP 2582851]
[New LWP 2582852]
[New LWP 2582853]
[New LWP 2582854]
[New LWP 2582855]
78	../sysdeps/unix/sysv/linux/clock_nanosleep.c: No such file or directory.
[Thread debugging using libthread_db enabled]
Using host libthread_db library "/lib/x86_64-linux-gnu/libthread_db.so.1".
0x000073936b16c7f8 in __GI___clock_nanosleep (clock_id=clock_id@entry=0, flags=flags@entry=0, req=req@entry=0x7fffb69750f0, rem=rem@entry=0x7fffb69750f0) at ../sysdeps/unix/sysv/linux/clock_nanosleep.c:78
(gdb) (gdb) Continuing.
[Thread 0x73933bbe4640 (LWP 2582852) exited]
[Thread 0x73933b3e3640 (LWP 2582853) exited]
[Thread 0x73933a21e640 (LWP 2582855) exited]
[Thread 0x73933abe2640 (LWP 2582854) exited]
[Thread 0x739340c73640 (LWP 2582851) exited]
[Thread 0x739341474640 (LWP 2582850) exited]
[Thread 0x739341c75640 (LWP 2582849) exited]
[Thread 0x739342476640 (LWP 2582848) exited]
[Thread 0x739342c77640 (LWP 2582847) exited]
[Thread 0x739343478640 (LWP 2582846) exited]
[Thread 0x739343fff640 (LWP 2582845) exited]
[Thread 0x739361292640 (LWP 2582843) exited]
[Thread 0x739361a93640 (LWP 2582842) exited]
[Thread 0x7393627fc640 (LWP 2582814) exited]
[Thread 0x739362ffd640 (LWP 2582811) exited]
[Thread 0x7393637fe640 (LWP 2582808) exited]
[Thread 0x739368be9640 (LWP 2582807) exited]
[Thread 0x7393693ea640 (LWP 2582806) exited]
[Thread 0x739369beb640 (LWP 2582805) exited]
[Thread 0x739363fff640 (LWP 2582804) exited]
[Thread 0x73936a3ec640 (LWP 2582803) exited]
[Thread 0x73936a492a00 (LWP 2582778) exited]
[Thread 0x739360a91640 (LWP 2582844) exited]
[New process 2582778]
[Inferior 1 (process 2582778) exited normally]
(gdb) No stack.
(gdb) 