Attaching to process 1149856
[New LWP 1149860]
[New LWP 1149861]
[New LWP 1149862]
[New LWP 1149863]
[New LWP 1149864]
[New LWP 1149865]
[New LWP 1149866]
[New LWP 1149867]
[New LWP 1149868]
[New LWP 1149869]
[New LWP 1149870]
[New LWP 1149871]
[New LWP 1149872]
[New LWP 1149873]
[New LWP 1149874]
[New LWP 1149875]
[New LWP 1149876]
[New LWP 1149877]
[New LWP 1149878]
[New LWP 1149879]
[New LWP 1149880]
[New LWP 1149881]
[Thread debugging using libthread_db enabled]
Using host libthread_db library "/lib/x86_64-linux-gnu/libthread_db.so.1".
0x00007baa066d67f8 in __GI___clock_nanosleep (clock_id=clock_id@entry=0, flags=flags@entry=0, req=req@entry=0x7fff60c084b0, rem=rem@entry=0x7fff60c084b0) at ../sysdeps/unix/sysv/linux/clock_nanosleep.c:78
78	../sysdeps/unix/sysv/linux/clock_nanosleep.c: No such file or directory.
(gdb) (gdb) Continuing.
[Thread 0x7ba9d713a640 (LWP 1149878) exited]
[Thread 0x7ba9d2939640 (LWP 1149879) exited]
[Thread 0x7ba9d6138640 (LWP 1149881) exited]
[Thread 0x7ba9d6939640 (LWP 1149880) exited]
[Thread 0x7ba9df7fe640 (LWP 1149877) exited]
[Thread 0x7ba9dffff640 (LWP 1149876) exited]
[Thread 0x7ba9ecff9640 (LWP 1149875) exited]
[Thread 0x7ba9ed7fa640 (LWP 1149874) exited]
[Thread 0x7ba9edffb640 (LWP 1149873) exited]
[Thread 0x7ba9ee7fc640 (LWP 1149872) exited]
[Thread 0x7ba9eeffd640 (LWP 1149871) exited]
[Thread 0x7ba9ef7fe640 (LWP 1149870) exited]
[Thread 0x7ba9effff640 (LWP 1149869) exited]
[Thread 0x7ba9fe7fc640 (LWP 1149867) exited]
[Thread 0x7ba9feffd640 (LWP 1149866) exited]
[Thread 0x7ba9ff7fe640 (LWP 1149865) exited]
[Thread 0x7ba9fffff640 (LWP 1149864) exited]
[Thread 0x7baa04954640 (LWP 1149863) exited]
[Thread 0x7baa05155640 (LWP 1149862) exited]
[Thread 0x7ba9fcfff640 (LWP 1149861) exited]
[Thread 0x7baa05956640 (LWP 1149860) exited]
[Thread 0x7baa059fca00 (LWP 1149856) exited]
[Thread 0x7ba9fd934640 (LWP 1149868) exited]
[New process 1149856]
[Inferior 1 (process 1149856) exited normally]
(gdb) (gdb) No stack.
