Attaching to process 3929457
[New LWP 3929461]
[New LWP 3929462]
[New LWP 3929463]
[New LWP 3929464]
[New LWP 3929465]
[New LWP 3929466]
[New LWP 3929467]
[New LWP 3929468]
[New LWP 3929469]
[New LWP 3929470]
[New LWP 3929471]
[New LWP 3929472]
[New LWP 3929473]
[New LWP 3929474]
[New LWP 3929475]
[New LWP 3929476]
[New LWP 3929477]
[New LWP 3929478]
[New LWP 3929479]
[New LWP 3929480]
[New LWP 3929481]
[New LWP 3929482]
78	../sysdeps/unix/sysv/linux/clock_nanosleep.c: No such file or directory.
[Thread debugging using libthread_db enabled]
Using host libthread_db library "/lib/x86_64-linux-gnu/libthread_db.so.1".
0x00007f29db8487f8 in __GI___clock_nanosleep (clock_id=clock_id@entry=0, flags=flags@entry=0, req=req@entry=0x7ffc12020ba0, rem=rem@entry=0x7ffc12020ba0) at ../sysdeps/unix/sysv/linux/clock_nanosleep.c:78
(gdb) (gdb) Continuing.
[Thread 0x7f29ac2f4640 (LWP 3929479) exited]
[Thread 0x7f29abaf3640 (LWP 3929480) exited]
[Thread 0x7f29ab2f2640 (LWP 3929481) exited]
[Thread 0x7f29aa92e640 (LWP 3929482) exited]
[Thread 0x7f29b1474640 (LWP 3929478) exited]
[Thread 0x7f29b1c75640 (LWP 3929477) exited]
[Thread 0x7f29b2476640 (LWP 3929476) exited]
[Thread 0x7f29b2c77640 (LWP 3929475) exited]
[Thread 0x7f29b3478640 (LWP 3929474) exited]
[Thread 0x7f29b3c79640 (LWP 3929473) exited]
[Thread 0x7f29d0a91640 (LWP 3929472) exited]
[Thread 0x7f29d1292640 (LWP 3929471) exited]
[Thread 0x7f29d1a93640 (LWP 3929470) exited]
[Thread 0x7f29d2294640 (LWP 3929469) exited]
[Thread 0x7f29d37fe640 (LWP 3929467) exited]
[Thread 0x7f29d8ac4640 (LWP 3929466) exited]
[Thread 0x7f29d92c5640 (LWP 3929465) exited]
[Thread 0x7f29d9ac6640 (LWP 3929464) exited]
[Thread 0x7f29da2c7640 (LWP 3929463) exited]
[Thread 0x7f29d3fff640 (LWP 3929462) exited]
[Thread 0x7f29daac8640 (LWP 3929461) exited]
[Thread 0x7f29dab6ea00 (LWP 3929457) exited]
[Thread 0x7f29d2ffd640 (LWP 3929468) exited]
[New process 3929457]
[Inferior 1 (process 3929457) exited normally]
(gdb) (gdb) No stack.
