Attaching to process 2578729
[New LWP 2578762]
[New LWP 2578763]
[New LWP 2578764]
[New LWP 2578765]
[New LWP 2578766]
[New LWP 2578767]
[New LWP 2578768]
[New LWP 2578769]
[New LWP 2578793]
[New LWP 2578794]
[New LWP 2578795]
[New LWP 2578796]
[New LWP 2578797]
[New LWP 2578798]
[New LWP 2578799]
[New LWP 2578800]
[New LWP 2578801]
[New LWP 2578802]
[New LWP 2578803]
[New LWP 2578804]
[New LWP 2578805]
[New LWP 2578806]
[Thread debugging using libthread_db enabled]
Using host libthread_db library "/lib/x86_64-linux-gnu/libthread_db.so.1".
0x0000736aafbac7f8 in __GI___clock_nanosleep (clock_id=clock_id@entry=0, flags=flags@entry=0, req=req@entry=0x7fffd9278f90, rem=rem@entry=0x7fffd9278f90) at ../sysdeps/unix/sysv/linux/clock_nanosleep.c:78
78	../sysdeps/unix/sysv/linux/clock_nanosleep.c: No such file or directory.
(gdb) (gdb) Continuing.
[Thread 0x736a7ec6e640 (LWP 2578806) exited]
[Thread 0x736a7f632640 (LWP 2578805) exited]
[Thread 0x736a7fe33640 (LWP 2578804) exited]
[Thread 0x736a80634640 (LWP 2578803) exited]
[Thread 0x736a857fa640 (LWP 2578802) exited]
[Thread 0x736a85ffb640 (LWP 2578801) exited]
[Thread 0x736a867fc640 (LWP 2578800) exited]
[Thread 0x736a86ffd640 (LWP 2578799) exited]
[Thread 0x736a877fe640 (LWP 2578798) exited]
[Thread 0x736a87fff640 (LWP 2578797) exited]
[Thread 0x736a98a91640 (LWP 2578796) exited]
[Thread 0x736a99292640 (LWP 2578795) exited]
[Thread 0x736a99a93640 (LWP 2578794) exited]
[Thread 0x736a9affd640 (LWP 2578769) exited]
[Thread 0x736a9b7fe640 (LWP 2578768) exited]
[Thread 0x736a9bfff640 (LWP 2578767) exited]
[Thread 0x736aace28640 (LWP 2578766) exited]
[Thread 0x736aad629640 (LWP 2578765) exited]
[Thread 0x736aade2a640 (LWP 2578764) exited]
[Thread 0x736aae62b640 (LWP 2578763) exited]
[Thread 0x736aaee2c640 (LWP 2578762) exited]
[Thread 0x736aaeed2a00 (LWP 2578729) exited]
[Thread 0x736a9a294640 (LWP 2578793) exited]
[New process 2578729]
[Inferior 1 (process 2578729) exited with code 01]
(gdb) No stack.
(gdb) 