Attaching to process 2578185
[New LWP 2578218]
[New LWP 2578219]
[New LWP 2578220]
[New LWP 2578221]
[New LWP 2578222]
[New LWP 2578223]
[New LWP 2578224]
[New LWP 2578225]
[New LWP 2578249]
[New LWP 2578250]
[New LWP 2578251]
[New LWP 2578252]
[New LWP 2578253]
[New LWP 2578254]
[New LWP 2578255]
[New LWP 2578256]
[New LWP 2578257]
[New LWP 2578258]
[New LWP 2578259]
[New LWP 2578260]
[New LWP 2578261]
[New LWP 2578262]
78	../sysdeps/unix/sysv/linux/clock_nanosleep.c: No such file or directory.
[Thread debugging using libthread_db enabled]
Using host libthread_db library "/lib/x86_64-linux-gnu/libthread_db.so.1".
0x00007dafdb0017f8 in __GI___clock_nanosleep (clock_id=clock_id@entry=0, flags=flags@entry=0, req=req@entry=0x7ffc15a15250, rem=rem@entry=0x7ffc15a15250) at ../sysdeps/unix/sysv/linux/clock_nanosleep.c:78
(gdb) (gdb) Continuing.
[Thread 0x7dafaaa72640 (LWP 2578261) exited]
[Thread 0x7dafaa0ae640 (LWP 2578262) exited]
[Thread 0x7dafab273640 (LWP 2578260) exited]
[Thread 0x7dafaba74640 (LWP 2578259) exited]
[Thread 0x7dafb4c73640 (LWP 2578258) exited]
[Thread 0x7dafb5474640 (LWP 2578257) exited]
[Thread 0x7dafb5c75640 (LWP 2578256) exited]
[Thread 0x7dafb6476640 (LWP 2578255) exited]
[Thread 0x7dafb6c77640 (LWP 2578254) exited]
[Thread 0x7dafb7478640 (LWP 2578253) exited]
[Thread 0x7dafd0a91640 (LWP 2578251) exited]
[Thread 0x7dafd1292640 (LWP 2578250) exited]
[Thread 0x7dafd1a93640 (LWP 2578249) exited]
[Thread 0x7dafd27fc640 (LWP 2578225) exited]
[Thread 0x7dafd2ffd640 (LWP 2578224) exited]
[Thread 0x7dafd37fe640 (LWP 2578223) exited]
[Thread 0x7dafd3fff640 (LWP 2578222) exited]
[Thread 0x7dafd8a7e640 (LWP 2578221) exited]
[Thread 0x7dafd927f640 (LWP 2578220) exited]
[Thread 0x7dafd9a80640 (LWP 2578219) exited]
[Thread 0x7dafda281640 (LWP 2578218) exited]
[Thread 0x7dafda327a00 (LWP 2578185) exited]
[Thread 0x7dafb7fff640 (LWP 2578252) exited]
[New process 2578185]
[Inferior 1 (process 2578185) exited with code 01]
(gdb) (gdb) No stack.
