Attaching to process 2577641
[New LWP 2577674]
[New LWP 2577675]
[New LWP 2577676]
[New LWP 2577677]
[New LWP 2577678]
[New LWP 2577679]
[New LWP 2577680]
[New LWP 2577681]
[New LWP 2577705]
[New LWP 2577706]
[New LWP 2577707]
[New LWP 2577708]
[New LWP 2577709]
[New LWP 2577710]
[New LWP 2577711]
[New LWP 2577712]
[New LWP 2577713]
[New LWP 2577714]
[New LWP 2577715]
[New LWP 2577716]
[New LWP 2577717]
[New LWP 2577718]
[Thread debugging using libthread_db enabled]
Using host libthread_db library "/lib/x86_64-linux-gnu/libthread_db.so.1".
0x00007c0de953a7f8 in __GI___clock_nanosleep (clock_id=clock_id@entry=0, flags=flags@entry=0, req=req@entry=0x7fff35810e00, rem=rem@entry=0x7fff35810e00) at ../sysdeps/unix/sysv/linux/clock_nanosleep.c:78
78	../sysdeps/unix/sysv/linux/clock_nanosleep.c: No such file or directory.
(gdb) (gdb) Continuing.
[Thread 0x7c0db8fd0640 (LWP 2577718) exited]
[Thread 0x7c0db97f9640 (LWP 2577717) exited]
[Thread 0x7c0db15ff640 (LWP 2577716) exited]
[Thread 0x7c0db9ffa640 (LWP 2577715) exited]
[Thread 0x7c0dbeffd640 (LWP 2577714) exited]
[Thread 0x7c0dbf7fe640 (LWP 2577713) exited]
[Thread 0x7c0dbffff640 (LWP 2577712) exited]
[Thread 0x7c0dc4c73640 (LWP 2577711) exited]
[Thread 0x7c0dc5474640 (LWP 2577710) exited]
[Thread 0x7c0dc5c75640 (LWP 2577709) exited]
[Thread 0x7c0dc67fc640 (LWP 2577708) exited]
[Thread 0x7c0dc6ffd640 (LWP 2577707) exited]
[Thread 0x7c0dc77fe640 (LWP 2577706) exited]
[Thread 0x7c0dc7fff640 (LWP 2577705) exited]
[Thread 0x7c0de4fb3640 (LWP 2577681) exited]
[Thread 0x7c0de57b4640 (LWP 2577680) exited]
[Thread 0x7c0de5fb5640 (LWP 2577679) exited]
[Thread 0x7c0de67b6640 (LWP 2577678) exited]
[Thread 0x7c0de6fb7640 (LWP 2577677) exited]
[Thread 0x7c0de77b8640 (LWP 2577676) exited]
[Thread 0x7c0de7fb9640 (LWP 2577675) exited]
[Thread 0x7c0de87ba640 (LWP 2577674) exited]
[Inferior 1 (process 2577641) exited with code 01]
(gdb) No stack.
(gdb) 