Attaching to process 2620711
[New LWP 2620744]
[New LWP 2620745]
[New LWP 2620746]
[New LWP 2620747]
[New LWP 2620748]
[New LWP 2620749]
[New LWP 2620750]
[New LWP 2620751]
[New LWP 2620775]
[New LWP 2620776]
[New LWP 2620777]
[New LWP 2620778]
[New LWP 2620779]
[New LWP 2620780]
[New LWP 2620781]
[New LWP 2620782]
[New LWP 2620783]
[New LWP 2620784]
[New LWP 2620785]
[New LWP 2620786]
[New LWP 2620787]
[New LWP 2620788]
[Thread debugging using libthread_db enabled]
Using host libthread_db library "/lib/x86_64-linux-gnu/libthread_db.so.1".
0x00007b5a74c1b7f8 in __GI___clock_nanosleep (clock_id=clock_id@entry=0, flags=flags@entry=0, req=req@entry=0x7fff20a0cdc0, rem=rem@entry=0x7fff20a0cdc0) at ../sysdeps/unix/sysv/linux/clock_nanosleep.c:78
78	../sysdeps/unix/sysv/linux/clock_nanosleep.c: No such file or directory.
(gdb) (gdb) Continuing.
[Thread 0x7b5a3ffff640 (LWP 2620787) exited]
[Thread 0x7b5a3f7fe640 (LWP 2620788) exited]
[Thread 0x7b5a44e81640 (LWP 2620786) exited]
[Thread 0x7b5a45682640 (LWP 2620785) exited]
[Thread 0x7b5a49ffb640 (LWP 2620784) exited]
[Thread 0x7b5a4a7fc640 (LWP 2620783) exited]
[Thread 0x7b5a4affd640 (LWP 2620782) exited]
[Thread 0x7b5a4b7fe640 (LWP 2620781) exited]
[Thread 0x7b5a4bfff640 (LWP 2620780) exited]
[Thread 0x7b5a68dfa640 (LWP 2620779) exited]
[Thread 0x7b5a695fb640 (LWP 2620778) exited]
[Thread 0x7b5a69dfc640 (LWP 2620777) exited]
[Thread 0x7b5a6a5fd640 (LWP 2620776) exited]
[Thread 0x7b5a6adfe640 (LWP 2620775) exited]
[Thread 0x7b5a70e95640 (LWP 2620751) exited]
[Thread 0x7b5a71696640 (LWP 2620750) exited]
[Thread 0x7b5a71e97640 (LWP 2620749) exited]
[Thread 0x7b5a72698640 (LWP 2620748) exited]
[Thread 0x7b5a72e99640 (LWP 2620747) exited]
[Thread 0x7b5a7369a640 (LWP 2620746) exited]
[Thread 0x7b5a6b5ff640 (LWP 2620745) exited]
[Thread 0x7b5a73e9b640 (LWP 2620744) exited]
[Inferior 1 (process 2620711) exited with code 01]
(gdb) (gdb) No stack.
