Attaching to process 2620165
[New LWP 2620198]
[New LWP 2620199]
[New LWP 2620200]
[New LWP 2620201]
[New LWP 2620202]
[New LWP 2620203]
[New LWP 2620204]
[New LWP 2620205]
[New LWP 2620229]
[New LWP 2620230]
[New LWP 2620231]
[New LWP 2620232]
[New LWP 2620233]
[New LWP 2620234]
[New LWP 2620235]
[New LWP 2620236]
[New LWP 2620237]
[New LWP 2620238]
[New LWP 2620239]
[New LWP 2620240]
[New LWP 2620241]
[New LWP 2620242]
[Thread debugging using libthread_db enabled]
Using host libthread_db library "/lib/x86_64-linux-gnu/libthread_db.so.1".
0x00007bacee39d7f8 in __GI___clock_nanosleep (clock_id=clock_id@entry=0, flags=flags@entry=0, req=req@entry=0x7fffe0239300, rem=rem@entry=0x7fffe0239300) at ../sysdeps/unix/sysv/linux/clock_nanosleep.c:78
78	../sysdeps/unix/sysv/linux/clock_nanosleep.c: No such file or directory.
(gdb) (gdb) Continuing.
[Thread 0x7bacbd42b640 (LWP 2620242) exited]
[Thread 0x7bacbddef640 (LWP 2620241) exited]
[Thread 0x7bacbe5f0640 (LWP 2620240) exited]
[Thread 0x7bacbedf1640 (LWP 2620239) exited]
[Thread 0x7bacc77fe640 (LWP 2620238) exited]
[Thread 0x7bacc7fff640 (LWP 2620237) exited]
[Thread 0x7bacd4ff9640 (LWP 2620236) exited]
[Thread 0x7bacd57fa640 (LWP 2620235) exited]
[Thread 0x7bacd5ffb640 (LWP 2620234) exited]
[Thread 0x7bacd67fc640 (LWP 2620233) exited]
[Thread 0x7bacd6ffd640 (LWP 2620232) exited]
[Thread 0x7bacd77fe640 (LWP 2620231) exited]
[Thread 0x7bacd7fff640 (LWP 2620230) exited]
[Thread 0x7bace4a91640 (LWP 2620229) exited]
[Thread 0x7bace57fa640 (LWP 2620205) exited]
[Thread 0x7bace5ffb640 (LWP 2620204) exited]
[Thread 0x7bace67fc640 (LWP 2620203) exited]
[Thread 0x7bace6ffd640 (LWP 2620202) exited]
[Thread 0x7bace77fe640 (LWP 2620201) exited]
[Thread 0x7bace7fff640 (LWP 2620200) exited]
[Thread 0x7bacece1c640 (LWP 2620199) exited]
[Thread 0x7baced61d640 (LWP 2620198) exited]
[Inferior 1 (process 2620165) exited with code 01]
(gdb) (gdb) No stack.
