Attaching to process 2619621
[New LWP 2619654]
[New LWP 2619655]
[New LWP 2619656]
[New LWP 2619657]
[New LWP 2619658]
[New LWP 2619659]
[New LWP 2619660]
[New LWP 2619661]
[New LWP 2619685]
[New LWP 2619686]
[New LWP 2619687]
[New LWP 2619688]
[New LWP 2619689]
[New LWP 2619690]
[New LWP 2619691]
[New LWP 2619692]
[New LWP 2619693]
[New LWP 2619694]
[New LWP 2619695]
[New LWP 2619696]
[New LWP 2619697]
[New LWP 2619698]
78	../sysdeps/unix/sysv/linux/clock_nanosleep.c: No such file or directory.
[Thread debugging using libthread_db enabled]
Using host libthread_db library "/lib/x86_64-linux-gnu/libthread_db.so.1".
0x000075731f8537f8 in __GI___clock_nanosleep (clock_id=clock_id@entry=0, flags=flags@entry=0, req=req@entry=0x7ffc0970e500, rem=rem@entry=0x7ffc0970e500) at ../sysdeps/unix/sysv/linux/clock_nanosleep.c:78
(gdb) (gdb) Continuing.
[Thread 0x7572ef2f2640 (LWP 2619698) exited]
[Thread 0x7572efaf3640 (LWP 2619697) exited]
[Thread 0x7572e79ff640 (LWP 2619696) exited]
[Thread 0x7572f02f4640 (LWP 2619695) exited]
[Thread 0x7572f5474640 (LWP 2619694) exited]
[Thread 0x7572f5c75640 (LWP 2619693) exited]
[Thread 0x7572f6476640 (LWP 2619692) exited]
[Thread 0x7572f6c77640 (LWP 2619691) exited]
[Thread 0x7572f7478640 (LWP 2619690) exited]
[Thread 0x7572f7c79640 (LWP 2619689) exited]
[Thread 0x757304a91640 (LWP 2619688) exited]
[Thread 0x757305292640 (LWP 2619687) exited]
[Thread 0x757305a93640 (LWP 2619686) exited]
[Thread 0x757306294640 (LWP 2619685) exited]
[Thread 0x757306ffd640 (LWP 2619661) exited]
[Thread 0x7573077fe640 (LWP 2619660) exited]
[Thread 0x757307fff640 (LWP 2619659) exited]
[Thread 0x75731cacf640 (LWP 2619658) exited]
[Thread 0x75731d2d0640 (LWP 2619657) exited]
[Thread 0x75731dad1640 (LWP 2619656) exited]
[Thread 0x75731e2d2640 (LWP 2619655) exited]
[Thread 0x75731ead3640 (LWP 2619654) exited]
[Inferior 1 (process 2619621) exited with code 01]
(gdb) No stack.
(gdb) 