Attaching to process 2004405
[New LWP 2004409]
[New LWP 2004410]
[New LWP 2004411]
[New LWP 2004412]
[New LWP 2004413]
[New LWP 2004414]
[New LWP 2004415]
[New LWP 2004416]
[New LWP 2004417]
[New LWP 2004418]
[New LWP 2004419]
[New LWP 2004420]
[New LWP 2004421]
[New LWP 2004422]
[New LWP 2004423]
[New LWP 2004424]
[New LWP 2004425]
[New LWP 2004426]
[New LWP 2004427]
[New LWP 2004428]
[New LWP 2004429]
[New LWP 2004430]
78	../sysdeps/unix/sysv/linux/clock_nanosleep.c: No such file or directory.
[Thread debugging using libthread_db enabled]
Using host libthread_db library "/lib/x86_64-linux-gnu/libthread_db.so.1".
0x0000793eb1f357f8 in __GI___clock_nanosleep (clock_id=clock_id@entry=0, flags=flags@entry=0, req=req@entry=0x7ffcf24e2a50, rem=rem@entry=0x7ffcf24e2a50) at ../sysdeps/unix/sysv/linux/clock_nanosleep.c:78
(gdb) (gdb) Continuing.
[Thread 0x793e829e6640 (LWP 2004427) exited]
[Thread 0x793e821e5640 (LWP 2004428) exited]
[Thread 0x793e811e3640 (LWP 2004430) exited]
[Thread 0x793e819e4640 (LWP 2004429) exited]
[Thread 0x793e877fe640 (LWP 2004426) exited]
[Thread 0x793e87fff640 (LWP 2004425) exited]
[Thread 0x793e8cc73640 (LWP 2004424) exited]
[Thread 0x793e8d474640 (LWP 2004423) exited]
[Thread 0x793e8dc75640 (LWP 2004422) exited]
[Thread 0x793e8e476640 (LWP 2004421) exited]
[Thread 0x793e8effd640 (LWP 2004420) exited]
[Thread 0x793e8f7fe640 (LWP 2004419) exited]
[Thread 0x793e8ffff640 (LWP 2004418) exited]
[Thread 0x793eacae6640 (LWP 2004417) exited]
[Thread 0x793ead9ae640 (LWP 2004416) exited]
[Thread 0x793eae1af640 (LWP 2004415) exited]
[Thread 0x793eae9b0640 (LWP 2004414) exited]
[Thread 0x793eaf1b1640 (LWP 2004413) exited]
[Thread 0x793eaf9b2640 (LWP 2004412) exited]
[Thread 0x793eb01b3640 (LWP 2004411) exited]
[Thread 0x793eb09b4640 (LWP 2004410) exited]
[Thread 0x793eb125ba00 (LWP 2004405) exited]
[Thread 0x793eb11b5640 (LWP 2004409) exited]
[New process 2004405]
[Inferior 1 (process 2004405) exited normally]
(gdb) No stack.
(gdb) 