Attaching to process 227763
[New LWP 227767]
[New LWP 227768]
[New LWP 227769]
[New LWP 227770]
[New LWP 227771]
[New LWP 227772]
[New LWP 227773]
[New LWP 227774]
[New LWP 227775]
[New LWP 227776]
[New LWP 227777]
[New LWP 227778]
[New LWP 227779]
[New LWP 227780]
[New LWP 227781]
[New LWP 227782]
[New LWP 227783]
[New LWP 227784]
[New LWP 227785]
[New LWP 227786]
[New LWP 227787]
[New LWP 227788]
[Thread debugging using libthread_db enabled]
Using host libthread_db library "/lib/x86_64-linux-gnu/libthread_db.so.1".
0x0000749bf365d7f8 in __GI___clock_nanosleep (clock_id=clock_id@entry=0, flags=flags@entry=0, req=req@entry=0x7ffd6a5a7a10, rem=rem@entry=0x7ffd6a5a7a10) at ../sysdeps/unix/sysv/linux/clock_nanosleep.c:78
78	../sysdeps/unix/sysv/linux/clock_nanosleep.c: No such file or directory.
(gdb) (gdb) Continuing.
[Thread 0x749bc3fff640 (LWP 227785) exited]
[Thread 0x749bc37fe640 (LWP 227786) exited]
[Thread 0x749bc2ffd640 (LWP 227788) exited]
[Thread 0x749bbeffd640 (LWP 227787) exited]
[Thread 0x749bd15fb640 (LWP 227783) exited]
[Thread 0x749bd1dfc640 (LWP 227782) exited]
[Thread 0x749bd25fd640 (LWP 227781) exited]
[Thread 0x749bd2dfe640 (LWP 227780) exited]
[Thread 0x749bd3fff640 (LWP 227779) exited]
[Thread 0x749bd9133640 (LWP 227778) exited]
[Thread 0x749bd9934640 (LWP 227777) exited]
[Thread 0x749bda135640 (LWP 227776) exited]
[Thread 0x749bda936640 (LWP 227775) exited]
[Thread 0x749bdb7fe640 (LWP 227774) exited]
[Thread 0x749bd35ff640 (LWP 227773) exited]
[Thread 0x749bdbfff640 (LWP 227772) exited]
[Thread 0x749bf08d9640 (LWP 227771) exited]
[Thread 0x749bf10da640 (LWP 227770) exited]
[Thread 0x749bf18db640 (LWP 227769) exited]
[Thread 0x749bf20dc640 (LWP 227768) exited]
[Thread 0x749bf28dd640 (LWP 227767) exited]
[Thread 0x749bf2983a00 (LWP 227763) exited]
[Thread 0x749bd0dfa640 (LWP 227784) exited]
[New process 227763]
[Inferior 1 (process 227763) exited normally]
No stack.
(gdb) (gdb) 