Attaching to process 2580902
[New LWP 2580935]
[New LWP 2580936]
[New LWP 2580937]
[New LWP 2580938]
[New LWP 2580939]
[New LWP 2580940]
[New LWP 2580941]
[New LWP 2580942]
[New LWP 2580966]
[New LWP 2580967]
[New LWP 2580968]
[New LWP 2580969]
[New LWP 2580970]
[New LWP 2580971]
[New LWP 2580972]
[New LWP 2580973]
[New LWP 2580974]
[New LWP 2580975]
[New LWP 2580976]
[New LWP 2580977]
[New LWP 2580978]
[New LWP 2580979]
78	../sysdeps/unix/sysv/linux/clock_nanosleep.c: No such file or directory.
[Thread debugging using libthread_db enabled]
Using host libthread_db library "/lib/x86_64-linux-gnu/libthread_db.so.1".
0x0000708ab00627f8 in __GI___clock_nanosleep (clock_id=clock_id@entry=0, flags=flags@entry=0, req=req@entry=0x7ffeccfb06b0, rem=rem@entry=0x7ffeccfb06b0) at ../sysdeps/unix/sysv/linux/clock_nanosleep.c:78
(gdb) (gdb) Continuing.
[Thread 0x708a72dff640 (LWP 2580979) exited]
[Thread 0x708a7b7fe640 (LWP 2580978) exited]
[Thread 0x708a7bfff640 (LWP 2580977) exited]
[Thread 0x708a84adc640 (LWP 2580976) exited]
[Thread 0x708a9d1fd640 (LWP 2580975) exited]
[Thread 0x708a9d9fe640 (LWP 2580974) exited]
[Thread 0x708a9effd640 (LWP 2580973) exited]
[Thread 0x708a9f7fe640 (LWP 2580972) exited]
[Thread 0x708a9ffff640 (LWP 2580971) exited]
[Thread 0x708aa4f0c640 (LWP 2580970) exited]
[Thread 0x708aa5a93640 (LWP 2580969) exited]
[Thread 0x708aa6294640 (LWP 2580968) exited]
[Thread 0x708aa7296640 (LWP 2580966) exited]
[Thread 0x708aa7fff640 (LWP 2580942) exited]
[Thread 0x708aacadd640 (LWP 2580941) exited]
[Thread 0x708aad2de640 (LWP 2580940) exited]
[Thread 0x708aadadf640 (LWP 2580939) exited]
[Thread 0x708aae2e0640 (LWP 2580938) exited]
[Thread 0x708a9e1ff640 (LWP 2580937) exited]
[Thread 0x708aaeae1640 (LWP 2580936) exited]
[Thread 0x708aaf2e2640 (LWP 2580935) exited]
[Thread 0x708aaf388a00 (LWP 2580902) exited]
[Thread 0x708aa6a95640 (LWP 2580967) exited]
[New process 2580902]
[Inferior 1 (process 2580902) exited with code 01]
(gdb) (gdb) No stack.
