Attaching to process 2581446
[New LWP 2581463]
[New LWP 2581465]
[New LWP 2581466]
[New LWP 2581467]
[New LWP 2581471]
[New LWP 2581472]
[New LWP 2581473]
[New LWP 2581474]
[New LWP 2581510]
[New LWP 2581511]
[New LWP 2581512]
[New LWP 2581513]
[New LWP 2581514]
[New LWP 2581515]
[New LWP 2581516]
[New LWP 2581517]
[New LWP 2581518]
[New LWP 2581519]
[New LWP 2581520]
[New LWP 2581521]
[New LWP 2581522]
[New LWP 2581523]
[Thread debugging using libthread_db enabled]
Using host libthread_db library "/lib/x86_64-linux-gnu/libthread_db.so.1".
0x0000731020f6b7f8 in __GI___clock_nanosleep (clock_id=clock_id@entry=0, flags=flags@entry=0, req=req@entry=0x7ffc7b726020, rem=rem@entry=0x7ffc7b726020) at ../sysdeps/unix/sysv/linux/clock_nanosleep.c:78
78	../sysdeps/unix/sysv/linux/clock_nanosleep.c: No such file or directory.
(gdb) (gdb) Continuing.
[Thread 0x730fe3fff640 (LWP 2581523) exited]
[Thread 0x730ff0a1f640 (LWP 2581522) exited]
[Thread 0x730ff1a21640 (LWP 2581520) exited]
[Thread 0x730ff67fc640 (LWP 2581519) exited]
[Thread 0x730ff6ffd640 (LWP 2581518) exited]
[Thread 0x730ff77fe640 (LWP 2581517) exited]
[Thread 0x730ff7fff640 (LWP 2581516) exited]
[Thread 0x73100cf0c640 (LWP 2581515) exited]
[Thread 0x73100d70d640 (LWP 2581514) exited]
[Thread 0x73100e294640 (LWP 2581513) exited]
[Thread 0x73100ea95640 (LWP 2581512) exited]
[Thread 0x73100f296640 (LWP 2581511) exited]
[Thread 0x73100fa97640 (LWP 2581510) exited]
[Thread 0x73101c9e4640 (LWP 2581474) exited]
[Thread 0x73101d1e5640 (LWP 2581473) exited]
[Thread 0x73101d9e6640 (LWP 2581472) exited]
[Thread 0x73101e1e7640 (LWP 2581471) exited]
[Thread 0x73101e9e8640 (LWP 2581467) exited]
[Thread 0x73101f1e9640 (LWP 2581466) exited]
[Thread 0x73101f9ea640 (LWP 2581465) exited]
[Thread 0x7310201eb640 (LWP 2581463) exited]
[Thread 0x731020291a00 (LWP 2581446) exited]
[Thread 0x730ff1220640 (LWP 2581521) exited]
[New process 2581446]
[Inferior 1 (process 2581446) exited with code 01]
(gdb) No stack.
(gdb) 