Attaching to process 2581990
[New LWP 2582023]
[New LWP 2582024]
[New LWP 2582025]
[New LWP 2582026]
[New LWP 2582027]
[New LWP 2582028]
[New LWP 2582029]
[New LWP 2582030]
[New LWP 2582054]
[New LWP 2582055]
[New LWP 2582056]
[New LWP 2582057]
[New LWP 2582058]
[New LWP 2582059]
[New LWP 2582060]
[New LWP 2582061]
[New LWP 2582062]
[New LWP 2582063]
[New LWP 2582064]
[New LWP 2582065]
[New LWP 2582066]
[New LWP 2582067]
[Thread debugging using libthread_db enabled]
Using host libthread_db library "/lib/x86_64-linux-gnu/libthread_db.so.1".
0x0000786626acf7f8 in __GI___clock_nanosleep (clock_id=clock_id@entry=0, flags=flags@entry=0, req=req@entry=0x7ffca17b6eb0, rem=rem@entry=0x7ffca17b6eb0) at ../sysdeps/unix/sysv/linux/clock_nanosleep.c:78
78	../sysdeps/unix/sysv/linux/clock_nanosleep.c: No such file or directory.
(gdb) (gdb) Continuing.
[Thread 0x7865f655e640 (LWP 2582066) exited]
[Thread 0x7865f5b9a640 (LWP 2582067) exited]
[Thread 0x7865f6d5f640 (LWP 2582065) exited]
[Thread 0x7865f7560640 (LWP 2582064) exited]
[Thread 0x7865fc7f8640 (LWP 2582063) exited]
[Thread 0x7865fcff9640 (LWP 2582062) exited]
[Thread 0x7865fd7fa640 (LWP 2582061) exited]
[Thread 0x7865fdffb640 (LWP 2582060) exited]
[Thread 0x7865fe7fc640 (LWP 2582059) exited]
[Thread 0x7865feffd640 (LWP 2582058) exited]
[Thread 0x7865fffff640 (LWP 2582056) exited]
[Thread 0x78661ca91640 (LWP 2582055) exited]
[Thread 0x78661d292640 (LWP 2582054) exited]
[Thread 0x78661dffb640 (LWP 2582030) exited]
[Thread 0x78661e7fc640 (LWP 2582029) exited]
[Thread 0x78661effd640 (LWP 2582028) exited]
[Thread 0x78661f7fe640 (LWP 2582027) exited]
[Thread 0x786624d4d640 (LWP 2582026) exited]
[Thread 0x78661ffff640 (LWP 2582025) exited]
[Thread 0x78662554e640 (LWP 2582024) exited]
[Thread 0x786625d4f640 (LWP 2582023) exited]
[Thread 0x786625df5a00 (LWP 2581990) exited]
[Thread 0x7865ff7fe640 (LWP 2582057) exited]
[New process 2581990]
[Inferior 1 (process 2581990) exited with code 01]
(gdb) No stack.
(gdb) 