Attaching to process 2010473
[New LWP 2010477]
[New LWP 2010478]
[New LWP 2010479]
[New LWP 2010480]
[New LWP 2010481]
[New LWP 2010482]
[New LWP 2010483]
[New LWP 2010484]
[New LWP 2010485]
[New LWP 2010486]
[New LWP 2010487]
[New LWP 2010488]
[New LWP 2010489]
[New LWP 2010490]
[New LWP 2010491]
[New LWP 2010492]
[New LWP 2010493]
[New LWP 2010494]
[New LWP 2010495]
[New LWP 2010496]
[New LWP 2010497]
[New LWP 2010498]
78	../sysdeps/unix/sysv/linux/clock_nanosleep.c: No such file or directory.
[Thread debugging using libthread_db enabled]
Using host libthread_db library "/lib/x86_64-linux-gnu/libthread_db.so.1".
0x00007ee971ff27f8 in __GI___clock_nanosleep (clock_id=clock_id@entry=0, flags=flags@entry=0, req=req@entry=0x7ffe3422c7a0, rem=rem@entry=0x7ffe3422c7a0) at ../sysdeps/unix/sysv/linux/clock_nanosleep.c:78
(gdb) (gdb) Continuing.
[Thread 0x7ee946a61640 (LWP 2010495) exited]
[Thread 0x7ee946260640 (LWP 2010496) exited]
[Thread 0x7ee94525e640 (LWP 2010498) exited]
[Thread 0x7ee945a5f640 (LWP 2010497) exited]
[Thread 0x7ee9577fe640 (LWP 2010494) exited]
[Thread 0x7ee957fff640 (LWP 2010493) exited]
[Thread 0x7ee964e73640 (LWP 2010492) exited]
[Thread 0x7ee965674640 (LWP 2010491) exited]
[Thread 0x7ee965e75640 (LWP 2010490) exited]
[Thread 0x7ee966676640 (LWP 2010489) exited]
[Thread 0x7ee9671fd640 (LWP 2010488) exited]
[Thread 0x7ee9679fe640 (LWP 2010487) exited]
[Thread 0x7ee968a91640 (LWP 2010486) exited]
[Thread 0x7ee969292640 (LWP 2010485) exited]
[Thread 0x7ee969ffb640 (LWP 2010484) exited]
[Thread 0x7ee96a7fc640 (LWP 2010483) exited]
[Thread 0x7ee96affd640 (LWP 2010482) exited]
[Thread 0x7ee96b7fe640 (LWP 2010481) exited]
[Thread 0x7ee96bfff640 (LWP 2010480) exited]
[Thread 0x7ee9681ff640 (LWP 2010479) exited]
[Thread 0x7ee970a71640 (LWP 2010478) exited]
[Thread 0x7ee971318a00 (LWP 2010473) exited]
[Thread 0x7ee971272640 (LWP 2010477) exited]
[New process 2010473]
[Inferior 1 (process 2010473) exited normally]
(gdb) No stack.
(gdb) 