Attaching to process 322164
[New LWP 322168]
[New LWP 322169]
[New LWP 322170]
[New LWP 322171]
[New LWP 322172]
[New LWP 322173]
[New LWP 322174]
[New LWP 322175]
[New LWP 322176]
[New LWP 322177]
[New LWP 322178]
[New LWP 322179]
[New LWP 322180]
[New LWP 322181]
[New LWP 322182]
[New LWP 322183]
[New LWP 322184]
[New LWP 322185]
[New LWP 322186]
[New LWP 322187]
[New LWP 322188]
[New LWP 322189]
[Thread debugging using libthread_db enabled]
Using host libthread_db library "/lib/x86_64-linux-gnu/libthread_db.so.1".
0x00007bfe374f97f8 in __GI___clock_nanosleep (clock_id=clock_id@entry=0, flags=flags@entry=0, req=req@entry=0x7ffc347113b0, rem=rem@entry=0x7ffc347113b0) at ../sysdeps/unix/sysv/linux/clock_nanosleep.c:78
78	../sysdeps/unix/sysv/linux/clock_nanosleep.c: No such file or directory.
(gdb) (gdb) Continuing.
[Thread 0x7bfe07f73640 (LWP 322186) exited]
[Thread 0x7bfe07772640 (LWP 322187) exited]
[Thread 0x7bfe06770640 (LWP 322189) exited]
[Thread 0x7bfe06f71640 (LWP 322188) exited]
[Thread 0x7bfe1cff9640 (LWP 322185) exited]
[Thread 0x7bfe1d7fa640 (LWP 322184) exited]
[Thread 0x7bfe1dffb640 (LWP 322183) exited]
[Thread 0x7bfe1e7fc640 (LWP 322182) exited]
[Thread 0x7bfe1effd640 (LWP 322181) exited]
[Thread 0x7bfe1f7fe640 (LWP 322180) exited]
[Thread 0x7bfe24ff9640 (LWP 322179) exited]
[Thread 0x7bfe257fa640 (LWP 322178) exited]
[Thread 0x7bfe25ffb640 (LWP 322177) exited]
[Thread 0x7bfe26ffd640 (LWP 322175) exited]
[Thread 0x7bfe277fe640 (LWP 322174) exited]
[Thread 0x7bfe1ffff640 (LWP 322173) exited]
[Thread 0x7bfe27fff640 (LWP 322172) exited]
[Thread 0x7bfe34f76640 (LWP 322171) exited]
[Thread 0x7bfe35777640 (LWP 322170) exited]
[Thread 0x7bfe35f78640 (LWP 322169) exited]
[Thread 0x7bfe36779640 (LWP 322168) exited]
[Thread 0x7bfe3681fa00 (LWP 322164) exited]
[Thread 0x7bfe267fc640 (LWP 322176) exited]
[New process 322164]
[Inferior 1 (process 322164) exited normally]
(gdb) No stack.
(gdb) 