Attaching to process 319120
[New LWP 319124]
[New LWP 319125]
[New LWP 319126]
[New LWP 319127]
[New LWP 319128]
[New LWP 319129]
[New LWP 319130]
[New LWP 319131]
[New LWP 319132]
[New LWP 319133]
[New LWP 319134]
[New LWP 319135]
[New LWP 319136]
[New LWP 319137]
[New LWP 319138]
[New LWP 319139]
[New LWP 319140]
[New LWP 319141]
[New LWP 319142]
[New LWP 319143]
[New LWP 319144]
[New LWP 319145]
[Thread debugging using libthread_db enabled]
Using host libthread_db library "/lib/x86_64-linux-gnu/libthread_db.so.1".
0x0000710c779447f8 in __GI___clock_nanosleep (clock_id=clock_id@entry=0, flags=flags@entry=0, req=req@entry=0x7ffc65912000, rem=rem@entry=0x7ffc65912000) at ../sysdeps/unix/sysv/linux/clock_nanosleep.c:78
78	../sysdeps/unix/sysv/linux/clock_nanosleep.c: No such file or directory.
(gdb) (gdb) Continuing.
[Thread 0x710c483bc640 (LWP 319142) exited]
[Thread 0x710c47bbb640 (LWP 319143) exited]
[Thread 0x710c46bb9640 (LWP 319145) exited]
[Thread 0x710c473ba640 (LWP 319144) exited]
[Thread 0x710c51474640 (LWP 319141) exited]
[Thread 0x710c51c75640 (LWP 319140) exited]
[Thread 0x710c52476640 (LWP 319139) exited]
[Thread 0x710c52c77640 (LWP 319138) exited]
[Thread 0x710c53478640 (LWP 319137) exited]
[Thread 0x710c53c79640 (LWP 319136) exited]
[Thread 0x710c6ca91640 (LWP 319135) exited]
[Thread 0x710c6d292640 (LWP 319134) exited]
[Thread 0x710c6da93640 (LWP 319133) exited]
[Thread 0x710c6effd640 (LWP 319131) exited]
[Thread 0x710c6f7fe640 (LWP 319130) exited]
[Thread 0x710c74bc0640 (LWP 319129) exited]
[Thread 0x710c753c1640 (LWP 319128) exited]
[Thread 0x710c75bc2640 (LWP 319127) exited]
[Thread 0x710c763c3640 (LWP 319126) exited]
[Thread 0x710c6ffff640 (LWP 319125) exited]
[Thread 0x710c76bc4640 (LWP 319124) exited]
[Thread 0x710c76c6aa00 (LWP 319120) exited]
[Thread 0x710c6e294640 (LWP 319132) exited]
[New process 319120]
[Inferior 1 (process 319120) exited normally]
(gdb) (gdb) No stack.
