Attaching to process 2724219
[New LWP 2724252]
[New LWP 2724253]
[New LWP 2724254]
[New LWP 2724255]
[New LWP 2724256]
[New LWP 2724257]
[New LWP 2724258]
[New LWP 2724259]
[New LWP 2724283]
[New LWP 2724284]
[New LWP 2724285]
[New LWP 2724286]
[New LWP 2724287]
[New LWP 2724288]
[New LWP 2724289]
[New LWP 2724290]
[New LWP 2724291]
[New LWP 2724292]
[New LWP 2724293]
[New LWP 2724294]
[New LWP 2724295]
[New LWP 2724296]
[Thread debugging using libthread_db enabled]
Using host libthread_db library "/lib/x86_64-linux-gnu/libthread_db.so.1".
0x0000739eb00b57f8 in __GI___clock_nanosleep (clock_id=clock_id@entry=0, flags=flags@entry=0, req=req@entry=0x7ffc367cf490, rem=rem@entry=0x7ffc367cf490) at ../sysdeps/unix/sysv/linux/clock_nanosleep.c:78
78	../sysdeps/unix/sysv/linux/clock_nanosleep.c: No such file or directory.
(gdb) (gdb) Continuing.
[Thread 0x739e7bfff640 (LWP 2724295) exited]
[Thread 0x739e7b7fe640 (LWP 2724296) exited]
[Thread 0x739e80b7e640 (LWP 2724293) exited]
[Thread 0x739e857fa640 (LWP 2724292) exited]
[Thread 0x739e85ffb640 (LWP 2724291) exited]
[Thread 0x739e867fc640 (LWP 2724290) exited]
[Thread 0x739e86ffd640 (LWP 2724289) exited]
[Thread 0x739e877fe640 (LWP 2724288) exited]
[Thread 0x739e87fff640 (LWP 2724287) exited]
[Thread 0x739e8d292640 (LWP 2724286) exited]
[Thread 0x739e8da93640 (LWP 2724285) exited]
[Thread 0x739e8e294640 (LWP 2724284) exited]
[Thread 0x739e8ea95640 (LWP 2724283) exited]
[Thread 0x739e8f7fe640 (LWP 2724259) exited]
[Thread 0x739e8ffff640 (LWP 2724258) exited]
[Thread 0x739eacb30640 (LWP 2724257) exited]
[Thread 0x739ead331640 (LWP 2724256) exited]
[Thread 0x739eadb32640 (LWP 2724255) exited]
[Thread 0x739eae333640 (LWP 2724254) exited]
[Thread 0x739eaeb34640 (LWP 2724253) exited]
[Thread 0x739eaf335640 (LWP 2724252) exited]
[Thread 0x739eaf3dba00 (LWP 2724219) exited]
[Thread 0x739e781ff640 (LWP 2724294) exited]
[New process 2724219]
[Inferior 1 (process 2724219) exited with code 01]
(gdb) (gdb) No stack.
