Attaching to process 2724763
[New LWP 2724796]
[New LWP 2724797]
[New LWP 2724798]
[New LWP 2724799]
[New LWP 2724800]
[New LWP 2724801]
[New LWP 2724802]
[New LWP 2724803]
[New LWP 2724827]
[New LWP 2724828]
[New LWP 2724829]
[New LWP 2724830]
[New LWP 2724831]
[New LWP 2724832]
[New LWP 2724833]
[New LWP 2724834]
[New LWP 2724835]
[New LWP 2724836]
[New LWP 2724837]
[New LWP 2724838]
[New LWP 2724839]
[New LWP 2724840]
[Thread debugging using libthread_db enabled]
Using host libthread_db library "/lib/x86_64-linux-gnu/libthread_db.so.1".
0x0000770b0af637f8 in __GI___clock_nanosleep (clock_id=clock_id@entry=0, flags=flags@entry=0, req=req@entry=0x7ffc8f4b4340, rem=rem@entry=0x7ffc8f4b4340) at ../sysdeps/unix/sysv/linux/clock_nanosleep.c:78
78	../sysdeps/unix/sysv/linux/clock_nanosleep.c: No such file or directory.
(gdb) (gdb) Continuing.
[Thread 0x770ada19f640 (LWP 2724840) exited]
[Thread 0x770ada9a0640 (LWP 2724839) exited]
[Thread 0x770adb1a1640 (LWP 2724838) exited]
[Thread 0x770adb9a2640 (LWP 2724837) exited]
[Thread 0x770ae4c73640 (LWP 2724836) exited]
[Thread 0x770ae5474640 (LWP 2724835) exited]
[Thread 0x770ae5c75640 (LWP 2724834) exited]
[Thread 0x770ae6476640 (LWP 2724833) exited]
[Thread 0x770ae6c77640 (LWP 2724832) exited]
[Thread 0x770ae7478640 (LWP 2724831) exited]
[Thread 0x770ae7fff640 (LWP 2724830) exited]
[Thread 0x770af8a91640 (LWP 2724829) exited]
[Thread 0x770af9292640 (LWP 2724828) exited]
[Thread 0x770af9a93640 (LWP 2724827) exited]
[Thread 0x770afa7fc640 (LWP 2724803) exited]
[Thread 0x770afaffd640 (LWP 2724802) exited]
[Thread 0x770afb7fe640 (LWP 2724801) exited]
[Thread 0x770afbfff640 (LWP 2724800) exited]
[Thread 0x770b089e0640 (LWP 2724799) exited]
[Thread 0x770b091e1640 (LWP 2724798) exited]
[Thread 0x770b099e2640 (LWP 2724797) exited]
[Thread 0x770b0a1e3640 (LWP 2724796) exited]
[Inferior 1 (process 2724763) exited with code 01]
(gdb) No stack.
(gdb) 