Attaching to process 2723675
[New LWP 2723708]
[New LWP 2723709]
[New LWP 2723710]
[New LWP 2723711]
[New LWP 2723712]
[New LWP 2723713]
[New LWP 2723714]
[New LWP 2723715]
[New LWP 2723739]
[New LWP 2723740]
[New LWP 2723741]
[New LWP 2723742]
[New LWP 2723743]
[New LWP 2723744]
[New LWP 2723745]
[New LWP 2723746]
[New LWP 2723747]
[New LWP 2723748]
[New LWP 2723749]
[New LWP 2723750]
[New LWP 2723751]
[New LWP 2723752]
[Thread debugging using libthread_db enabled]
Using host libthread_db library "/lib/x86_64-linux-gnu/libthread_db.so.1".
0x0000724eac8167f8 in __GI___clock_nanosleep (clock_id=clock_id@entry=0, flags=flags@entry=0, req=req@entry=0x7ffe8ed5f300, rem=rem@entry=0x7ffe8ed5f300) at ../sysdeps/unix/sysv/linux/clock_nanosleep.c:78
78	../sysdeps/unix/sysv/linux/clock_nanosleep.c: No such file or directory.
(gdb) (gdb) Continuing.
[Thread 0x724e777fe640 (LWP 2723752) exited]
[Thread 0x724e77fff640 (LWP 2723751) exited]
[Thread 0x724e7caf1640 (LWP 2723750) exited]
[Thread 0x724e7d2f2640 (LWP 2723749) exited]
[Thread 0x724e81ffb640 (LWP 2723748) exited]
[Thread 0x724e827fc640 (LWP 2723747) exited]
[Thread 0x724e82ffd640 (LWP 2723746) exited]
[Thread 0x724e837fe640 (LWP 2723745) exited]
[Thread 0x724e83fff640 (LWP 2723744) exited]
[Thread 0x724ea0f0c640 (LWP 2723743) exited]
[Thread 0x724ea1a93640 (LWP 2723742) exited]
[Thread 0x724ea2294640 (LWP 2723741) exited]
[Thread 0x724ea3296640 (LWP 2723739) exited]
[Thread 0x724ea8a90640 (LWP 2723715) exited]
[Thread 0x724ea9291640 (LWP 2723714) exited]
[Thread 0x724ea9a92640 (LWP 2723713) exited]
[Thread 0x724eaa293640 (LWP 2723712) exited]
[Thread 0x724eaaa94640 (LWP 2723711) exited]
[Thread 0x724ea3fff640 (LWP 2723710) exited]
[Thread 0x724eab295640 (LWP 2723709) exited]
[Thread 0x724eaba96640 (LWP 2723708) exited]
[Thread 0x724eabb3ca00 (LWP 2723675) exited]
[Thread 0x724ea2a95640 (LWP 2723740) exited]
[New process 2723675]
[Inferior 1 (process 2723675) exited with code 01]
(gdb) No stack.
(gdb) 