Attaching to process 60925
[New LWP 60940]
[New LWP 60941]
[New LWP 60942]
[New LWP 60943]
[New LWP 60944]
[New LWP 60945]
[New LWP 60946]
[New LWP 60947]
[New LWP 60989]
[New LWP 60990]
[New LWP 60991]
[New LWP 60992]
[New LWP 60993]
[New LWP 60994]
[New LWP 60995]
[New LWP 60996]
[New LWP 60997]
[New LWP 60998]
[New LWP 60999]
[New LWP 61000]
[New LWP 61001]
[New LWP 61002]
[Thread debugging using libthread_db enabled]
Using host libthread_db library "/lib/x86_64-linux-gnu/libthread_db.so.1".
0x00007ae4ef81c7f8 in __GI___clock_nanosleep (clock_id=clock_id@entry=0, flags=flags@entry=0, req=req@entry=0x7ffc2f989670, rem=rem@entry=0x7ffc2f989670) at ../sysdeps/unix/sysv/linux/clock_nanosleep.c:78
78	../sysdeps/unix/sysv/linux/clock_nanosleep.c: No such file or directory.
(gdb) (gdb) Continuing.
[Thread 0x7ae4bffff640 (LWP 60999) exited]
[Thread 0x7ae4bf7fe640 (LWP 61000) exited]
[Thread 0x7ae4be7fc640 (LWP 61002) exited]
[Thread 0x7ae4dd474640 (LWP 60998) exited]
[Thread 0x7ae4de476640 (LWP 60996) exited]
[Thread 0x7ae4dec77640 (LWP 60995) exited]
[Thread 0x7ae4df478640 (LWP 60994) exited]
[Thread 0x7ae4dfc79640 (LWP 60993) exited]
[Thread 0x7ae4beffd640 (LWP 61001) exited]
[Thread 0x7ae4ddc75640 (LWP 60997) exited]
[Thread 0x7ae4e4a91640 (LWP 60992) exited]
[Thread 0x7ae4e5a93640 (LWP 60990) exited]
[Thread 0x7ae4e6294640 (LWP 60989) exited]
[Thread 0x7ae4e6ffd640 (LWP 60947) exited]
[Thread 0x7ae4e77fe640 (LWP 60946) exited]
[Thread 0x7ae4eca98640 (LWP 60945) exited]
[Thread 0x7ae4ed299640 (LWP 60944) exited]
[Thread 0x7ae4e7fff640 (LWP 60943) exited]
[Thread 0x7ae4eda9a640 (LWP 60942) exited]
[Thread 0x7ae4ee29b640 (LWP 60941) exited]
[Thread 0x7ae4eea9c640 (LWP 60940) exited]
[Thread 0x7ae4eeb42a00 (LWP 60925) exited]
[Thread 0x7ae4e5292640 (LWP 60991) exited]
[New process 60925]
[Inferior 1 (process 60925) exited normally]
(gdb) (gdb) No stack.
