Attaching to process 3202758
[New LWP 3202762]
[New LWP 3202763]
[New LWP 3202764]
[New LWP 3202765]
[New LWP 3202766]
[New LWP 3202767]
[New LWP 3202768]
[New LWP 3202769]
[New LWP 3202770]
[New LWP 3202771]
[New LWP 3202772]
[New LWP 3202773]
[New LWP 3202774]
[New LWP 3202775]
[New LWP 3202776]
[New LWP 3202777]
[New LWP 3202778]
[New LWP 3202779]
[New LWP 3202780]
[New LWP 3202781]
[New LWP 3202782]
[New LWP 3202783]
[Thread debugging using libthread_db enabled]
Using host libthread_db library "/lib/x86_64-linux-gnu/libthread_db.so.1".
0x0000755d70e237f8 in __GI___clock_nanosleep (clock_id=clock_id@entry=0, flags=flags@entry=0, req=req@entry=0x7fff89a50ce0, rem=rem@entry=0x7fff89a50ce0) at ../sysdeps/unix/sysv/linux/clock_nanosleep.c:78
78	../sysdeps/unix/sysv/linux/clock_nanosleep.c: No such file or directory.
(gdb) (gdb) Continuing.
[Thread 0x755d418cc640 (LWP 3202780) exited]
[Thread 0x755d410cb640 (LWP 3202781) exited]
[Thread 0x755d3bfff640 (LWP 3202783) exited]
[Thread 0x755d408ca640 (LWP 3202782) exited]
[Thread 0x755d467fc640 (LWP 3202779) exited]
[Thread 0x755d46ffd640 (LWP 3202778) exited]
[Thread 0x755d477fe640 (LWP 3202777) exited]
[Thread 0x755d47fff640 (LWP 3202776) exited]
[Thread 0x755d64c73640 (LWP 3202775) exited]
[Thread 0x755d65474640 (LWP 3202774) exited]
[Thread 0x755d65ffb640 (LWP 3202773) exited]
[Thread 0x755d667fc640 (LWP 3202772) exited]
[Thread 0x755d66ffd640 (LWP 3202771) exited]
[Thread 0x755d6d09d640 (LWP 3202769) exited]
[Thread 0x755d6d89e640 (LWP 3202768) exited]
[Thread 0x755d6e09f640 (LWP 3202767) exited]
[Thread 0x755d6e8a0640 (LWP 3202766) exited]
[Thread 0x755d67fff640 (LWP 3202765) exited]
[Thread 0x755d6f0a1640 (LWP 3202764) exited]
[Thread 0x755d6f8a2640 (LWP 3202763) exited]
[Thread 0x755d700a3640 (LWP 3202762) exited]
[Thread 0x755d70149a00 (LWP 3202758) exited]
[Thread 0x755d677fe640 (LWP 3202770) exited]
[New process 3202758]
[Inferior 1 (process 3202758) exited normally]
(gdb) No stack.
(gdb) 