Attaching to process 2708428
[New LWP 2708461]
[New LWP 2708462]
[New LWP 2708463]
[New LWP 2708464]
[New LWP 2708465]
[New LWP 2708466]
[New LWP 2708467]
[New LWP 2708468]
[New LWP 2708492]
[New LWP 2708493]
[New LWP 2708494]
[New LWP 2708495]
[New LWP 2708496]
[New LWP 2708497]
[New LWP 2708498]
[New LWP 2708499]
[New LWP 2708500]
[New LWP 2708501]
[New LWP 2708502]
[New LWP 2708503]
[New LWP 2708504]
[New LWP 2708505]
78	../sysdeps/unix/sysv/linux/clock_nanosleep.c: No such file or directory.
[Thread debugging using libthread_db enabled]
Using host libthread_db library "/lib/x86_64-linux-gnu/libthread_db.so.1".
0x00007ee4f842f7f8 in __GI___clock_nanosleep (clock_id=clock_id@entry=0, flags=flags@entry=0, req=req@entry=0x7ffc0d346f50, rem=rem@entry=0x7ffc0d346f50) at ../sysdeps/unix/sysv/linux/clock_nanosleep.c:78
(gdb) (gdb) Continuing.
[Thread 0x7ee4c37fe640 (LWP 2708505) exited]
[Thread 0x7ee4bbfff640 (LWP 2708504) exited]
[Thread 0x7ee4c3fff640 (LWP 2708503) exited]
[Thread 0x7ee4c8ee0640 (LWP 2708502) exited]
[Thread 0x7ee4cdffb640 (LWP 2708501) exited]
[Thread 0x7ee4ce7fc640 (LWP 2708500) exited]
[Thread 0x7ee4ceffd640 (LWP 2708499) exited]
[Thread 0x7ee4cf7fe640 (LWP 2708498) exited]
[Thread 0x7ee4cffff640 (LWP 2708497) exited]
[Thread 0x7ee4d4a91640 (LWP 2708496) exited]
[Thread 0x7ee4d5a93640 (LWP 2708494) exited]
[Thread 0x7ee4d6294640 (LWP 2708493) exited]
[Thread 0x7ee4d6a95640 (LWP 2708492) exited]
[Thread 0x7ee4d77fe640 (LWP 2708468) exited]
[Thread 0x7ee4d7fff640 (LWP 2708467) exited]
[Thread 0x7ee4f4eaa640 (LWP 2708466) exited]
[Thread 0x7ee4f56ab640 (LWP 2708465) exited]
[Thread 0x7ee4f5eac640 (LWP 2708464) exited]
[Thread 0x7ee4f66ad640 (LWP 2708463) exited]
[Thread 0x7ee4f6eae640 (LWP 2708462) exited]
[Thread 0x7ee4f76af640 (LWP 2708461) exited]
[Thread 0x7ee4f7755a00 (LWP 2708428) exited]
[Thread 0x7ee4d5292640 (LWP 2708495) exited]
[New process 2708428]
[Inferior 1 (process 2708428) exited with code 01]
(gdb) No stack.
(gdb) 