Attaching to process 2707341
[New LWP 2707374]
[New LWP 2707375]
[New LWP 2707376]
[New LWP 2707377]
[New LWP 2707378]
[New LWP 2707379]
[New LWP 2707380]
[New LWP 2707381]
[New LWP 2707405]
[New LWP 2707406]
[New LWP 2707407]
[New LWP 2707408]
[New LWP 2707409]
[New LWP 2707410]
[New LWP 2707411]
[New LWP 2707412]
[New LWP 2707413]
[New LWP 2707414]
[New LWP 2707415]
[New LWP 2707416]
[New LWP 2707417]
[New LWP 2707418]
[Thread debugging using libthread_db enabled]
Using host libthread_db library "/lib/x86_64-linux-gnu/libthread_db.so.1".
0x00007d114345c7f8 in __GI___clock_nanosleep (clock_id=clock_id@entry=0, flags=flags@entry=0, req=req@entry=0x7ffe3e455f10, rem=rem@entry=0x7ffe3e455f10) at ../sysdeps/unix/sysv/linux/clock_nanosleep.c:78
78	../sysdeps/unix/sysv/linux/clock_nanosleep.c: No such file or directory.
(gdb) (gdb) Continuing.
[Thread 0x7d1112525640 (LWP 2707418) exited]
[Thread 0x7d1112ee9640 (LWP 2707417) exited]
[Thread 0x7d1113712640 (LWP 2707416) exited]
[Thread 0x7d1113f13640 (LWP 2707415) exited]
[Thread 0x7d111cff9640 (LWP 2707414) exited]
[Thread 0x7d111d7fa640 (LWP 2707413) exited]
[Thread 0x7d111dffb640 (LWP 2707412) exited]
[Thread 0x7d111e7fc640 (LWP 2707411) exited]
[Thread 0x7d111effd640 (LWP 2707410) exited]
[Thread 0x7d111f7fe640 (LWP 2707409) exited]
[Thread 0x7d111ffff640 (LWP 2707408) exited]
[Thread 0x7d1130ff9640 (LWP 2707407) exited]
[Thread 0x7d11317fa640 (LWP 2707406) exited]
[Thread 0x7d1131ffb640 (LWP 2707405) exited]
[Thread 0x7d11327fc640 (LWP 2707381) exited]
[Thread 0x7d1132ffd640 (LWP 2707380) exited]
[Thread 0x7d11337fe640 (LWP 2707379) exited]
[Thread 0x7d1133fff640 (LWP 2707378) exited]
[Thread 0x7d1140ed9640 (LWP 2707377) exited]
[Thread 0x7d11416da640 (LWP 2707376) exited]
[Thread 0x7d1141edb640 (LWP 2707375) exited]
[Thread 0x7d11426dc640 (LWP 2707374) exited]
[Inferior 1 (process 2707341) exited with code 01]
No stack.
(gdb) (gdb) 