Attaching to process 2707885
[New LWP 2707914]
[New LWP 2707916]
[New LWP 2707917]
[New LWP 2707919]
[New LWP 2707921]
[New LWP 2707923]
[New LWP 2707924]
[New LWP 2707925]
[New LWP 2707949]
[New LWP 2707950]
[New LWP 2707951]
[New LWP 2707952]
[New LWP 2707953]
[New LWP 2707954]
[New LWP 2707955]
[New LWP 2707956]
[New LWP 2707957]
[New LWP 2707958]
[New LWP 2707959]
[New LWP 2707960]
[New LWP 2707961]
[New LWP 2707962]
78	../sysdeps/unix/sysv/linux/clock_nanosleep.c: No such file or directory.
[Thread debugging using libthread_db enabled]
Using host libthread_db library "/lib/x86_64-linux-gnu/libthread_db.so.1".
0x00007069400b47f8 in __GI___clock_nanosleep (clock_id=clock_id@entry=0, flags=flags@entry=0, req=req@entry=0x7ffc075f2060, rem=rem@entry=0x7ffc075f2060) at ../sysdeps/unix/sysv/linux/clock_nanosleep.c:78
(gdb) (gdb) Continuing.
[Thread 0x70690effd640 (LWP 2707962) exited]
[Thread 0x70690f7fe640 (LWP 2707961) exited]
[Thread 0x70690ffff640 (LWP 2707960) exited]
[Thread 0x706914b69640 (LWP 2707959) exited]
[Thread 0x70691d7fa640 (LWP 2707958) exited]
[Thread 0x70691dffb640 (LWP 2707957) exited]
[Thread 0x70691e7fc640 (LWP 2707956) exited]
[Thread 0x70691effd640 (LWP 2707955) exited]
[Thread 0x70691f7fe640 (LWP 2707954) exited]
[Thread 0x706924f0c640 (LWP 2707953) exited]
[Thread 0x706925a93640 (LWP 2707952) exited]
[Thread 0x706926294640 (LWP 2707951) exited]
[Thread 0x706926a95640 (LWP 2707950) exited]
[Thread 0x706927296640 (LWP 2707949) exited]
[Thread 0x70691ffff640 (LWP 2707925) exited]
[Thread 0x706927fff640 (LWP 2707924) exited]
[Thread 0x70693cb2f640 (LWP 2707923) exited]
[Thread 0x70693d330640 (LWP 2707921) exited]
[Thread 0x70693db31640 (LWP 2707919) exited]
[Thread 0x70693e332640 (LWP 2707917) exited]
[Thread 0x70693eb33640 (LWP 2707916) exited]
[Thread 0x70693f334640 (LWP 2707914) exited]
[Inferior 1 (process 2707885) exited with code 01]
(gdb) No stack.
(gdb) 