Attaching to process 1555384
[New LWP 1555388]
[New LWP 1555389]
[New LWP 1555390]
[New LWP 1555391]
[New LWP 1555392]
[New LWP 1555393]
[New LWP 1555394]
[New LWP 1555395]
[New LWP 1555397]
[New LWP 1555398]
[New LWP 1555399]
[New LWP 1555400]
[New LWP 1555401]
[New LWP 1555402]
[New LWP 1555403]
[New LWP 1555404]
[New LWP 1555405]
[New LWP 1555406]
[New LWP 1555407]
[New LWP 1555408]
[New LWP 1555409]
[New LWP 1555410]
[Thread debugging using libthread_db enabled]
Using host libthread_db library "/lib/x86_64-linux-gnu/libthread_db.so.1".
0x000070827d6757f8 in __GI___clock_nanosleep (clock_id=clock_id@entry=0, flags=flags@entry=0, req=req@entry=0x7ffca12d1350, rem=rem@entry=0x7ffca12d1350) at ../sysdeps/unix/sysv/linux/clock_nanosleep.c:78
78	../sysdeps/unix/sysv/linux/clock_nanosleep.c: No such file or directory.
(gdb) (gdb) Continuing.
[Thread 0x70824e14c640 (LWP 1555407) exited]
[Thread 0x70824d94b640 (LWP 1555408) exited]
[Thread 0x708247fff640 (LWP 1555410) exited]
[Thread 0x70824d122640 (LWP 1555409) exited]
[Thread 0x708253470640 (LWP 1555406) exited]
[Thread 0x708253c71640 (LWP 1555405) exited]
[Thread 0x708254472640 (LWP 1555404) exited]
[Thread 0x708254c73640 (LWP 1555403) exited]
[Thread 0x708255474640 (LWP 1555402) exited]
[Thread 0x708255c75640 (LWP 1555401) exited]
[Thread 0x7082567fc640 (LWP 1555400) exited]
[Thread 0x708256ffd640 (LWP 1555399) exited]
[Thread 0x708257fff640 (LWP 1555397) exited]
[Thread 0x7082790ee640 (LWP 1555395) exited]
[Thread 0x7082798ef640 (LWP 1555394) exited]
[Thread 0x70827a0f0640 (LWP 1555393) exited]
[Thread 0x70827a8f1640 (LWP 1555392) exited]
[Thread 0x70827b0f2640 (LWP 1555391) exited]
[Thread 0x70827b8f3640 (LWP 1555390) exited]
[Thread 0x70827c0f4640 (LWP 1555389) exited]
[Thread 0x70827c8f5640 (LWP 1555388) exited]
[Thread 0x70827c99ba00 (LWP 1555384) exited]
[Thread 0x7082577fe640 (LWP 1555398) exited]
[New process 1555384]
[Inferior 1 (process 1555384) exited normally]
(gdb) No stack.
(gdb) 