Attaching to process 1555879
[New LWP 1555912]
[New LWP 1555913]
[New LWP 1555914]
[New LWP 1555915]
[New LWP 1555916]
[New LWP 1555917]
[New LWP 1555918]
[New LWP 1555919]
[New LWP 1555943]
[New LWP 1555944]
[New LWP 1555945]
[New LWP 1555946]
[New LWP 1555947]
[New LWP 1555948]
[New LWP 1555949]
[New LWP 1555950]
[New LWP 1555951]
[New LWP 1555952]
[New LWP 1555953]
[New LWP 1555954]
[New LWP 1555955]
[New LWP 1555956]
78	../sysdeps/unix/sysv/linux/clock_nanosleep.c: No such file or directory.
[Thread debugging using libthread_db enabled]
Using host libthread_db library "/lib/x86_64-linux-gnu/libthread_db.so.1".
0x000072a67ad817f8 in __GI___clock_nanosleep (clock_id=clock_id@entry=0, flags=flags@entry=0, req=req@entry=0x7ffe3c7872c0, rem=rem@entry=0x7ffe3c7872c0) at ../sysdeps/unix/sysv/linux/clock_nanosleep.c:78
(gdb) (gdb) Continuing.
[Thread 0x72a64b7cb640 (LWP 1555953) exited]
[Thread 0x72a646fca640 (LWP 1555954) exited]
[Thread 0x72a64a7c9640 (LWP 1555956) exited]
[Thread 0x72a64afca640 (LWP 1555955) exited]
[Thread 0x72a653fff640 (LWP 1555952) exited]
[Thread 0x72a660dfa640 (LWP 1555951) exited]
[Thread 0x72a6615fb640 (LWP 1555950) exited]
[Thread 0x72a661dfc640 (LWP 1555949) exited]
[Thread 0x72a6625fd640 (LWP 1555948) exited]
[Thread 0x72a662dfe640 (LWP 1555947) exited]
[Thread 0x72a663fff640 (LWP 1555946) exited]
[Thread 0x72a668ff9640 (LWP 1555945) exited]
[Thread 0x72a6697fa640 (LWP 1555944) exited]
[Thread 0x72a66a7fc640 (LWP 1555919) exited]
[Thread 0x72a66affd640 (LWP 1555918) exited]
[Thread 0x72a66b7fe640 (LWP 1555917) exited]
[Thread 0x72a6635ff640 (LWP 1555916) exited]
[Thread 0x72a66bfff640 (LWP 1555915) exited]
[Thread 0x72a678fff640 (LWP 1555914) exited]
[Thread 0x72a679800640 (LWP 1555913) exited]
[Thread 0x72a67a001640 (LWP 1555912) exited]
[Thread 0x72a67a0a7a00 (LWP 1555879) exited]
[Thread 0x72a669ffb640 (LWP 1555943) exited]
[New process 1555879]
[Inferior 1 (process 1555879) exited normally]
(gdb) No stack.
(gdb) 