Attaching to process 1554770
[New LWP 1554774]
[New LWP 1554775]
[New LWP 1554776]
[New LWP 1554777]
[New LWP 1554778]
[New LWP 1554779]
[New LWP 1554780]
[New LWP 1554781]
[New LWP 1554782]
[New LWP 1554783]
[New LWP 1554784]
[New LWP 1554785]
[New LWP 1554786]
[New LWP 1554787]
[New LWP 1554788]
[New LWP 1554789]
[New LWP 1554790]
[New LWP 1554791]
[New LWP 1554792]
[New LWP 1554793]
[New LWP 1554794]
[New LWP 1554795]
[Thread debugging using libthread_db enabled]
Using host libthread_db library "/lib/x86_64-linux-gnu/libthread_db.so.1".
0x00007f79991137f8 in __GI___clock_nanosleep (clock_id=clock_id@entry=0, flags=flags@entry=0, req=req@entry=0x7ffccd32d500, rem=rem@entry=0x7ffccd32d500) at ../sysdeps/unix/sysv/linux/clock_nanosleep.c:78
78	../sysdeps/unix/sysv/linux/clock_nanosleep.c: No such file or directory.
(gdb) (gdb) Continuing.
[Thread 0x7f7969bc5640 (LWP 1554792) exited]
[Thread 0x7f79693c4640 (LWP 1554793) exited]
[Thread 0x7f795bfff640 (LWP 1554795) exited]
[Thread 0x7f7968bc3640 (LWP 1554794) exited]
[Thread 0x7f796e7fc640 (LWP 1554791) exited]
[Thread 0x7f796effd640 (LWP 1554790) exited]
[Thread 0x7f796f7fe640 (LWP 1554789) exited]
[Thread 0x7f796ffff640 (LWP 1554788) exited]
[Thread 0x7f7984ff9640 (LWP 1554787) exited]
[Thread 0x7f79857fa640 (LWP 1554786) exited]
[Thread 0x7f7985ffb640 (LWP 1554785) exited]
[Thread 0x7f79867fc640 (LWP 1554784) exited]
[Thread 0x7f7986ffd640 (LWP 1554783) exited]
[Thread 0x7f79877fe640 (LWP 1554782) exited]
[Thread 0x7f799538d640 (LWP 1554781) exited]
[Thread 0x7f7995b8e640 (LWP 1554780) exited]
[Thread 0x7f799638f640 (LWP 1554779) exited]
[Thread 0x7f7996b90640 (LWP 1554778) exited]
[Thread 0x7f7987fff640 (LWP 1554776) exited]
[Thread 0x7f7997b92640 (LWP 1554775) exited]
[Thread 0x7f7998393640 (LWP 1554774) exited]
[Thread 0x7f7998439a00 (LWP 1554770) exited]
[Thread 0x7f7997391640 (LWP 1554777) exited]
[New process 1554770]
[Inferior 1 (process 1554770) exited normally]
(gdb) No stack.
(gdb) 