Attaching to process 1555265
[New LWP 1555298]
[New LWP 1555299]
[New LWP 1555300]
[New LWP 1555301]
[New LWP 1555302]
[New LWP 1555303]
[New LWP 1555304]
[New LWP 1555305]
[New LWP 1555329]
[New LWP 1555330]
[New LWP 1555331]
[New LWP 1555332]
[New LWP 1555333]
[New LWP 1555334]
[New LWP 1555335]
[New LWP 1555336]
[New LWP 1555337]
[New LWP 1555338]
[New LWP 1555339]
[New LWP 1555340]
[New LWP 1555341]
[New LWP 1555342]
[Thread debugging using libthread_db enabled]
Using host libthread_db library "/lib/x86_64-linux-gnu/libthread_db.so.1".
0x000078324a95e7f8 in __GI___clock_nanosleep (clock_id=clock_id@entry=0, flags=flags@entry=0, req=req@entry=0x7ffead66b140, rem=rem@entry=0x7ffead66b140) at ../sysdeps/unix/sysv/linux/clock_nanosleep.c:78
78	../sysdeps/unix/sysv/linux/clock_nanosleep.c: No such file or directory.
(gdb) (gdb) Continuing.
[Thread 0x78321b36b640 (LWP 1555339) exited]
[Thread 0x78321ab6a640 (LWP 1555340) exited]
[Thread 0x783219b68640 (LWP 1555342) exited]
[Thread 0x78321a369640 (LWP 1555341) exited]
[Thread 0x783223fff640 (LWP 1555338) exited]
[Thread 0x783230a74640 (LWP 1555337) exited]
[Thread 0x783231275640 (LWP 1555336) exited]
[Thread 0x783231a76640 (LWP 1555335) exited]
[Thread 0x783232277640 (LWP 1555334) exited]
[Thread 0x783232a78640 (LWP 1555333) exited]
[Thread 0x783233fff640 (LWP 1555332) exited]
[Thread 0x783238a91640 (LWP 1555331) exited]
[Thread 0x783239292640 (LWP 1555330) exited]
[Thread 0x783239a93640 (LWP 1555329) exited]
[Thread 0x78323a7fc640 (LWP 1555305) exited]
[Thread 0x78323affd640 (LWP 1555304) exited]
[Thread 0x78323b7fe640 (LWP 1555303) exited]
[Thread 0x7832335ff640 (LWP 1555302) exited]
[Thread 0x78323bfff640 (LWP 1555301) exited]
[Thread 0x783248bdc640 (LWP 1555300) exited]
[Thread 0x7832493dd640 (LWP 1555299) exited]
[Thread 0x783249bde640 (LWP 1555298) exited]
[Inferior 1 (process 1555265) exited normally]
(gdb) No stack.
(gdb) 