Attaching to process 3564382
[New LWP 3564386]
[New LWP 3564387]
[New LWP 3564388]
[New LWP 3564389]
[New LWP 3564390]
[New LWP 3564391]
[New LWP 3564392]
[New LWP 3564393]
[New LWP 3564394]
[New LWP 3564395]
[New LWP 3564396]
[New LWP 3564397]
[New LWP 3564398]
[New LWP 3564399]
[New LWP 3564400]
[New LWP 3564401]
[New LWP 3564402]
[New LWP 3564403]
[New LWP 3564404]
[New LWP 3564405]
[New LWP 3564406]
[New LWP 3564407]
[Thread debugging using libthread_db enabled]
Using host libthread_db library "/lib/x86_64-linux-gnu/libthread_db.so.1".
0x00007370ca9fa7f8 in __GI___clock_nanosleep (clock_id=clock_id@entry=0, flags=flags@entry=0, req=req@entry=0x7ffd9a11dbd0, rem=rem@entry=0x7ffd9a11dbd0) at ../sysdeps/unix/sysv/linux/clock_nanosleep.c:78
78	../sysdeps/unix/sysv/linux/clock_nanosleep.c: No such file or directory.
(gdb) (gdb) Continuing.
[Thread 0x73709b3f7640 (LWP 3564404) exited]
[Thread 0x737093fff640 (LWP 3564405) exited]
[Thread 0x73709a3f5640 (LWP 3564407) exited]
[Thread 0x73709abf6640 (LWP 3564406) exited]
[Thread 0x7370a37fe640 (LWP 3564403) exited]
[Thread 0x7370a3fff640 (LWP 3564402) exited]
[Thread 0x7370b0dfb640 (LWP 3564401) exited]
[Thread 0x7370b15fc640 (LWP 3564400) exited]
[Thread 0x7370b1dfd640 (LWP 3564399) exited]
[Thread 0x7370b25fe640 (LWP 3564398) exited]
[Thread 0x7370b3fff640 (LWP 3564397) exited]
[Thread 0x7370b8a91640 (LWP 3564396) exited]
[Thread 0x7370b9292640 (LWP 3564395) exited]
[Thread 0x7370b9a93640 (LWP 3564394) exited]
[Thread 0x7370ba7fc640 (LWP 3564393) exited]
[Thread 0x7370baffd640 (LWP 3564392) exited]
[Thread 0x7370b2dff640 (LWP 3564391) exited]
[Thread 0x7370bb7fe640 (LWP 3564390) exited]
[Thread 0x7370bbfff640 (LWP 3564389) exited]
[Thread 0x7370c8c78640 (LWP 3564388) exited]
[Thread 0x7370c9479640 (LWP 3564387) exited]
[Thread 0x7370c9c7a640 (LWP 3564386) exited]
[Inferior 1 (process 3564382) exited normally]
(gdb) (gdb) No stack.
