Attaching to process 2722583
[New LWP 2722604]
[New LWP 2722605]
[New LWP 2722606]
[New LWP 2722607]
[New LWP 2722608]
[New LWP 2722609]
[New LWP 2722611]
[New LWP 2722612]
[New LWP 2722647]
[New LWP 2722648]
[New LWP 2722649]
[New LWP 2722650]
[New LWP 2722651]
[New LWP 2722652]
[New LWP 2722653]
[New LWP 2722654]
[New LWP 2722655]
[New LWP 2722656]
[New LWP 2722657]
[New LWP 2722658]
[New LWP 2722659]
[New LWP 2722660]
78	../sysdeps/unix/sysv/linux/clock_nanosleep.c: No such file or directory.
[Thread debugging using libthread_db enabled]
Using host libthread_db library "/lib/x86_64-linux-gnu/libthread_db.so.1".
0x00007ed87c1217f8 in __GI___clock_nanosleep (clock_id=clock_id@entry=0, flags=flags@entry=0, req=req@entry=0x7ffe1aab72a0, rem=rem@entry=0x7ffe1aab72a0) at ../sysdeps/unix/sysv/linux/clock_nanosleep.c:78
(gdb) (gdb) Continuing.
[Thread 0x7ed84affd640 (LWP 2722660) exited]
[Thread 0x7ed84b7fe640 (LWP 2722659) exited]
[Thread 0x7ed84bfff640 (LWP 2722658) exited]
[Thread 0x7ed850baf640 (LWP 2722657) exited]
[Thread 0x7ed8597fa640 (LWP 2722656) exited]
[Thread 0x7ed859ffb640 (LWP 2722655) exited]
[Thread 0x7ed85a7fc640 (LWP 2722654) exited]
[Thread 0x7ed85affd640 (LWP 2722653) exited]
[Thread 0x7ed85b7fe640 (LWP 2722652) exited]
[Thread 0x7ed860f0c640 (LWP 2722651) exited]
[Thread 0x7ed861a93640 (LWP 2722650) exited]
[Thread 0x7ed862294640 (LWP 2722649) exited]
[Thread 0x7ed862a95640 (LWP 2722648) exited]
[Thread 0x7ed863fff640 (LWP 2722612) exited]
[Thread 0x7ed85bfff640 (LWP 2722611) exited]
[Thread 0x7ed878b9c640 (LWP 2722609) exited]
[Thread 0x7ed87939d640 (LWP 2722608) exited]
[Thread 0x7ed879b9e640 (LWP 2722607) exited]
[Thread 0x7ed87a39f640 (LWP 2722606) exited]
[Thread 0x7ed87aba0640 (LWP 2722605) exited]
[Thread 0x7ed87b3a1640 (LWP 2722604) exited]
[Thread 0x7ed87b447a00 (LWP 2722583) exited]
[Thread 0x7ed863296640 (LWP 2722647) exited]
[New process 2722583]
[Inferior 1 (process 2722583) exited with code 01]
(gdb) No stack.
(gdb) 