Attaching to process 2723129
[New LWP 2723146]
[New LWP 2723147]
[New LWP 2723148]
[New LWP 2723149]
[New LWP 2723150]
[New LWP 2723151]
[New LWP 2723152]
[New LWP 2723153]
[New LWP 2723193]
[New LWP 2723194]
[New LWP 2723195]
[New LWP 2723196]
[New LWP 2723197]
[New LWP 2723198]
[New LWP 2723199]
[New LWP 2723200]
[New LWP 2723201]
[New LWP 2723202]
[New LWP 2723203]
[New LWP 2723204]
[New LWP 2723205]
[New LWP 2723206]
78	../sysdeps/unix/sysv/linux/clock_nanosleep.c: No such file or directory.
[Thread debugging using libthread_db enabled]
Using host libthread_db library "/lib/x86_64-linux-gnu/libthread_db.so.1".
0x00007dacc5d407f8 in __GI___clock_nanosleep (clock_id=clock_id@entry=0, flags=flags@entry=0, req=req@entry=0x7fff36fb6970, rem=rem@entry=0x7fff36fb6970) at ../sysdeps/unix/sysv/linux/clock_nanosleep.c:78
(gdb) (gdb) Continuing.
[Thread 0x7dac94fd0640 (LWP 2723206) exited]
[Thread 0x7dac957f9640 (LWP 2723205) exited]
[Thread 0x7dac95ffa640 (LWP 2723204) exited]
[Thread 0x7dac967fb640 (LWP 2723203) exited]
[Thread 0x7dac9b7fe640 (LWP 2723202) exited]
[Thread 0x7dac9bfff640 (LWP 2723201) exited]
[Thread 0x7dacb8c73640 (LWP 2723200) exited]
[Thread 0x7dacb9474640 (LWP 2723199) exited]
[Thread 0x7dacb9c75640 (LWP 2723198) exited]
[Thread 0x7dacba476640 (LWP 2723197) exited]
[Thread 0x7dacbaffd640 (LWP 2723196) exited]
[Thread 0x7dacbb7fe640 (LWP 2723195) exited]
[Thread 0x7dacc10f2640 (LWP 2723193) exited]
[Thread 0x7dacc1fba640 (LWP 2723153) exited]
[Thread 0x7dacc27bb640 (LWP 2723152) exited]
[Thread 0x7dacc2fbc640 (LWP 2723151) exited]
[Thread 0x7dacc37bd640 (LWP 2723150) exited]
[Thread 0x7dacc3fbe640 (LWP 2723149) exited]
[Thread 0x7dacbbfff640 (LWP 2723148) exited]
[Thread 0x7dacc47bf640 (LWP 2723147) exited]
[Thread 0x7dacc4fc0640 (LWP 2723146) exited]
[Thread 0x7dacc5066a00 (LWP 2723129) exited]
[Thread 0x7dacc08f1640 (LWP 2723194) exited]
[New process 2723129]
[Inferior 1 (process 2723129) exited with code 01]
(gdb) No stack.
(gdb) 