Attaching to process 2722039
[New LWP 2722072]
[New LWP 2722073]
[New LWP 2722074]
[New LWP 2722075]
[New LWP 2722076]
[New LWP 2722077]
[New LWP 2722078]
[New LWP 2722079]
[New LWP 2722103]
[New LWP 2722104]
[New LWP 2722105]
[New LWP 2722106]
[New LWP 2722107]
[New LWP 2722108]
[New LWP 2722109]
[New LWP 2722110]
[New LWP 2722111]
[New LWP 2722112]
[New LWP 2722113]
[New LWP 2722114]
[New LWP 2722115]
[New LWP 2722116]
[Thread debugging using libthread_db enabled]
Using host libthread_db library "/lib/x86_64-linux-gnu/libthread_db.so.1".
0x000071e797f407f8 in __GI___clock_nanosleep (clock_id=clock_id@entry=0, flags=flags@entry=0, req=req@entry=0x7ffcba95b570, rem=rem@entry=0x7ffcba95b570) at ../sysdeps/unix/sysv/linux/clock_nanosleep.c:78
78	../sysdeps/unix/sysv/linux/clock_nanosleep.c: No such file or directory.
(gdb) (gdb) Continuing.
[Thread 0x71e75adff640 (LWP 2722116) exited]
[Thread 0x71e7637fe640 (LWP 2722115) exited]
[Thread 0x71e763fff640 (LWP 2722114) exited]
[Thread 0x71e768a0a640 (LWP 2722113) exited]
[Thread 0x71e7717fa640 (LWP 2722112) exited]
[Thread 0x71e771ffb640 (LWP 2722111) exited]
[Thread 0x71e7727fc640 (LWP 2722110) exited]
[Thread 0x71e772ffd640 (LWP 2722109) exited]
[Thread 0x71e7737fe640 (LWP 2722108) exited]
[Thread 0x71e773fff640 (LWP 2722107) exited]
[Thread 0x71e785292640 (LWP 2722106) exited]
[Thread 0x71e786294640 (LWP 2722104) exited]
[Thread 0x71e786a95640 (LWP 2722103) exited]
[Thread 0x71e7877fe640 (LWP 2722079) exited]
[Thread 0x71e787fff640 (LWP 2722078) exited]
[Thread 0x71e7949bb640 (LWP 2722077) exited]
[Thread 0x71e7951bc640 (LWP 2722076) exited]
[Thread 0x71e7959bd640 (LWP 2722075) exited]
[Thread 0x71e7961be640 (LWP 2722074) exited]
[Thread 0x71e7969bf640 (LWP 2722073) exited]
[Thread 0x71e7971c0640 (LWP 2722072) exited]
[Thread 0x71e797266a00 (LWP 2722039) exited]
[Thread 0x71e785a93640 (LWP 2722105) exited]
[New process 2722039]
[Inferior 1 (process 2722039) exited with code 01]
(gdb) (gdb) No stack.
