Attaching to process 3575993
[New LWP 3575997]
[New LWP 3575998]
[New LWP 3575999]
[New LWP 3576000]
[New LWP 3576001]
[New LWP 3576002]
[New LWP 3576003]
[New LWP 3576004]
[New LWP 3576006]
[New LWP 3576007]
[New LWP 3576008]
[New LWP 3576009]
[New LWP 3576010]
[New LWP 3576011]
[New LWP 3576012]
[New LWP 3576013]
[New LWP 3576014]
[New LWP 3576015]
[New LWP 3576016]
[New LWP 3576017]
[New LWP 3576018]
[New LWP 3576019]
[Thread debugging using libthread_db enabled]
Using host libthread_db library "/lib/x86_64-linux-gnu/libthread_db.so.1".
0x00007d15a6b357f8 in __GI___clock_nanosleep (clock_id=clock_id@entry=0, flags=flags@entry=0, req=req@entry=0x7ffef9c759b0, rem=rem@entry=0x7ffef9c759b0) at ../sysdeps/unix/sysv/linux/clock_nanosleep.c:78
78	../sysdeps/unix/sysv/linux/clock_nanosleep.c: No such file or directory.
(gdb) (gdb) Continuing.
[Thread 0x7d157750f640 (LWP 3576016) exited]
[Thread 0x7d1572d0e640 (LWP 3576017) exited]
[Thread 0x7d157650d640 (LWP 3576019) exited]
[Thread 0x7d1576d0e640 (LWP 3576018) exited]
[Thread 0x7d157ffff640 (LWP 3576015) exited]
[Thread 0x7d158cdfa640 (LWP 3576014) exited]
[Thread 0x7d158d5fb640 (LWP 3576013) exited]
[Thread 0x7d158ddfc640 (LWP 3576012) exited]
[Thread 0x7d158e5fd640 (LWP 3576011) exited]
[Thread 0x7d158edfe640 (LWP 3576010) exited]
[Thread 0x7d158ffff640 (LWP 3576009) exited]
[Thread 0x7d1595292640 (LWP 3576007) exited]
[Thread 0x7d1595a93640 (LWP 3576006) exited]
[Thread 0x7d15967fc640 (LWP 3576004) exited]
[Thread 0x7d1596ffd640 (LWP 3576003) exited]
[Thread 0x7d15977fe640 (LWP 3576002) exited]
[Thread 0x7d158f5ff640 (LWP 3576001) exited]
[Thread 0x7d1597fff640 (LWP 3576000) exited]
[Thread 0x7d15a4db3640 (LWP 3575999) exited]
[Thread 0x7d15a55b4640 (LWP 3575998) exited]
[Thread 0x7d15a5db5640 (LWP 3575997) exited]
[Thread 0x7d15a5e5ba00 (LWP 3575993) exited]
[Thread 0x7d1594a91640 (LWP 3576008) exited]
[New process 3575993]
[Inferior 1 (process 3575993) exited normally]
(gdb) No stack.
(gdb) 