Attaching to process 3576490
[New LWP 3576523]
[New LWP 3576524]
[New LWP 3576525]
[New LWP 3576526]
[New LWP 3576527]
[New LWP 3576528]
[New LWP 3576529]
[New LWP 3576530]
[New LWP 3576554]
[New LWP 3576555]
[New LWP 3576556]
[New LWP 3576557]
[New LWP 3576558]
[New LWP 3576559]
[New LWP 3576560]
[New LWP 3576561]
[New LWP 3576562]
[New LWP 3576563]
[New LWP 3576564]
[New LWP 3576565]
[New LWP 3576566]
[New LWP 3576567]
[Thread debugging using libthread_db enabled]
Using host libthread_db library "/lib/x86_64-linux-gnu/libthread_db.so.1".
0x000072d963bae7f8 in __GI___clock_nanosleep (clock_id=clock_id@entry=0, flags=flags@entry=0, req=req@entry=0x7ffc91204d80, rem=rem@entry=0x7ffc91204d80) at ../sysdeps/unix/sysv/linux/clock_nanosleep.c:78
78	../sysdeps/unix/sysv/linux/clock_nanosleep.c: No such file or directory.
(gdb) (gdb) Continuing.
[Thread 0x72d934634640 (LWP 3576564) exited]
[Thread 0x72d933e33640 (LWP 3576565) exited]
[Thread 0x72d932c6e640 (LWP 3576567) exited]
[Thread 0x72d933632640 (LWP 3576566) exited]
[Thread 0x72d9397fa640 (LWP 3576563) exited]
[Thread 0x72d939ffb640 (LWP 3576562) exited]
[Thread 0x72d93a7fc640 (LWP 3576561) exited]
[Thread 0x72d93affd640 (LWP 3576560) exited]
[Thread 0x72d93b7fe640 (LWP 3576559) exited]
[Thread 0x72d93bfff640 (LWP 3576558) exited]
[Thread 0x72d950a91640 (LWP 3576557) exited]
[Thread 0x72d951292640 (LWP 3576556) exited]
[Thread 0x72d951a93640 (LWP 3576555) exited]
[Thread 0x72d952294640 (LWP 3576554) exited]
[Thread 0x72d952ffd640 (LWP 3576530) exited]
[Thread 0x72d9537fe640 (LWP 3576529) exited]
[Thread 0x72d960e2a640 (LWP 3576528) exited]
[Thread 0x72d96162b640 (LWP 3576527) exited]
[Thread 0x72d961e2c640 (LWP 3576526) exited]
[Thread 0x72d953fff640 (LWP 3576525) exited]
[Thread 0x72d96262d640 (LWP 3576524) exited]
[Thread 0x72d962ed4a00 (LWP 3576490) exited]
[Thread 0x72d962e2e640 (LWP 3576523) exited]
[New process 3576490]
[Inferior 1 (process 3576490) exited normally]
(gdb) No stack.
(gdb) 