Attaching to process 3575257
[New LWP 3575290]
[New LWP 3575291]
[New LWP 3575292]
[New LWP 3575293]
[New LWP 3575294]
[New LWP 3575295]
[New LWP 3575296]
[New LWP 3575297]
[New LWP 3575321]
[New LWP 3575322]
[New LWP 3575323]
[New LWP 3575324]
[New LWP 3575325]
[New LWP 3575326]
[New LWP 3575327]
[New LWP 3575328]
[New LWP 3575329]
[New LWP 3575330]
[New LWP 3575331]
[New LWP 3575332]
[New LWP 3575333]
[New LWP 3575334]
[Thread debugging using libthread_db enabled]
Using host libthread_db library "/lib/x86_64-linux-gnu/libthread_db.so.1".
0x00007bd4dd24f7f8 in __GI___clock_nanosleep (clock_id=clock_id@entry=0, flags=flags@entry=0, req=req@entry=0x7ffc522002f0, rem=rem@entry=0x7ffc522002f0) at ../sysdeps/unix/sysv/linux/clock_nanosleep.c:78
78	../sysdeps/unix/sysv/linux/clock_nanosleep.c: No such file or directory.
(gdb) (gdb) Continuing.
[Thread 0x7bd4adcde640 (LWP 3575331) exited]
[Thread 0x7bd4ad4dd640 (LWP 3575332) exited]
[Thread 0x7bd4a7fff640 (LWP 3575334) exited]
[Thread 0x7bd4accdc640 (LWP 3575333) exited]
[Thread 0x7bd4b27fc640 (LWP 3575330) exited]
[Thread 0x7bd4b2ffd640 (LWP 3575329) exited]
[Thread 0x7bd4b37fe640 (LWP 3575328) exited]
[Thread 0x7bd4b3fff640 (LWP 3575327) exited]
[Thread 0x7bd4d0ff9640 (LWP 3575326) exited]
[Thread 0x7bd4d17fa640 (LWP 3575325) exited]
[Thread 0x7bd4d1ffb640 (LWP 3575324) exited]
[Thread 0x7bd4d27fc640 (LWP 3575323) exited]
[Thread 0x7bd4d2ffd640 (LWP 3575322) exited]
[Thread 0x7bd4d37fe640 (LWP 3575321) exited]
[Thread 0x7bd4d94c9640 (LWP 3575297) exited]
[Thread 0x7bd4d9cca640 (LWP 3575296) exited]
[Thread 0x7bd4da4cb640 (LWP 3575295) exited]
[Thread 0x7bd4daccc640 (LWP 3575294) exited]
[Thread 0x7bd4db4cd640 (LWP 3575293) exited]
[Thread 0x7bd4d3fff640 (LWP 3575291) exited]
[Thread 0x7bd4dc4cf640 (LWP 3575290) exited]
[Thread 0x7bd4dc575a00 (LWP 3575257) exited]
[Thread 0x7bd4dbcce640 (LWP 3575292) exited]
[New process 3575257]
[Inferior 1 (process 3575257) exited normally]
(gdb) No stack.
(gdb) 