Attaching to process 3575378
[New LWP 3575382]
[New LWP 3575383]
[New LWP 3575384]
[New LWP 3575385]
[New LWP 3575386]
[New LWP 3575387]
[New LWP 3575388]
[New LWP 3575389]
[New LWP 3575391]
[New LWP 3575392]
[New LWP 3575393]
[New LWP 3575394]
[New LWP 3575395]
[New LWP 3575396]
[New LWP 3575397]
[New LWP 3575398]
[New LWP 3575399]
[New LWP 3575400]
[New LWP 3575401]
[New LWP 3575402]
[New LWP 3575403]
[New LWP 3575404]
[Thread debugging using libthread_db enabled]
Using host libthread_db library "/lib/x86_64-linux-gnu/libthread_db.so.1".
0x0000776c9fc1c7f8 in __GI___clock_nanosleep (clock_id=clock_id@entry=0, flags=flags@entry=0, req=req@entry=0x7ffc57de9c70, rem=rem@entry=0x7ffc57de9c70) at ../sysdeps/unix/sysv/linux/clock_nanosleep.c:78
78	../sysdeps/unix/sysv/linux/clock_nanosleep.c: No such file or directory.
(gdb) (gdb) Continuing.
[Thread 0x776c6ffff640 (LWP 3575401) exited]
[Thread 0x776c6f7fe640 (LWP 3575402) exited]
[Thread 0x776c6e7fc640 (LWP 3575404) exited]
[Thread 0x776c6effd640 (LWP 3575403) exited]
[Thread 0x776c7d5fb640 (LWP 3575400) exited]
[Thread 0x776c7ddfc640 (LWP 3575399) exited]
[Thread 0x776c7e5fd640 (LWP 3575398) exited]
[Thread 0x776c7edfe640 (LWP 3575397) exited]
[Thread 0x776c7ffff640 (LWP 3575396) exited]
[Thread 0x776c84a91640 (LWP 3575395) exited]
[Thread 0x776c85a93640 (LWP 3575393) exited]
[Thread 0x776c86294640 (LWP 3575392) exited]
[Thread 0x776c86a95640 (LWP 3575391) exited]
[Thread 0x776c877fe640 (LWP 3575389) exited]
[Thread 0x776c7f5ff640 (LWP 3575388) exited]
[Thread 0x776c87fff640 (LWP 3575387) exited]
[Thread 0x776c9ce98640 (LWP 3575386) exited]
[Thread 0x776c9d699640 (LWP 3575385) exited]
[Thread 0x776c9de9a640 (LWP 3575384) exited]
[Thread 0x776c9e69b640 (LWP 3575383) exited]
[Thread 0x776c9ee9c640 (LWP 3575382) exited]
[Thread 0x776c9ef42a00 (LWP 3575378) exited]
[Thread 0x776c85292640 (LWP 3575394) exited]
[New process 3575378]
[Inferior 1 (process 3575378) exited normally]
(gdb) No stack.
(gdb) 