Attaching to process 1845324
[New LWP 1845357]
[New LWP 1845358]
[New LWP 1845359]
[New LWP 1845360]
[New LWP 1845361]
[New LWP 1845362]
[New LWP 1845363]
[New LWP 1845364]
[New LWP 1845388]
[New LWP 1845389]
[New LWP 1845390]
[New LWP 1845391]
[New LWP 1845392]
[New LWP 1845393]
[New LWP 1845394]
[New LWP 1845395]
[New LWP 1845396]
[New LWP 1845397]
[New LWP 1845398]
[New LWP 1845399]
[New LWP 1845400]
[New LWP 1845401]
[Thread debugging using libthread_db enabled]
Using host libthread_db library "/lib/x86_64-linux-gnu/libthread_db.so.1".
0x00007e8bb03f37f8 in __GI___clock_nanosleep (clock_id=clock_id@entry=0, flags=flags@entry=0, req=req@entry=0x7ffec78a3490, rem=rem@entry=0x7ffec78a3490) at ../sysdeps/unix/sysv/linux/clock_nanosleep.c:78
78	../sysdeps/unix/sysv/linux/clock_nanosleep.c: No such file or directory.
(gdb) (gdb) Continuing.
[Thread 0x7e8b80e7b640 (LWP 1845398) exited]
[Thread 0x7e8b7bfff640 (LWP 1845399) exited]
[Thread 0x7e8b735ff640 (LWP 1845400) exited]
[Thread 0x7e8b7b7fe640 (LWP 1845401) exited]
[Thread 0x7e8b867fc640 (LWP 1845396) exited]
[Thread 0x7e8b86ffd640 (LWP 1845395) exited]
[Thread 0x7e8b877fe640 (LWP 1845394) exited]
[Thread 0x7e8b87fff640 (LWP 1845393) exited]
[Thread 0x7e8b8ca91640 (LWP 1845392) exited]
[Thread 0x7e8b8d292640 (LWP 1845391) exited]
[Thread 0x7e8b8da93640 (LWP 1845390) exited]
[Thread 0x7e8b8e294640 (LWP 1845389) exited]
[Thread 0x7e8b8ea95640 (LWP 1845388) exited]
[Thread 0x7e8b8f7fe640 (LWP 1845364) exited]
[Thread 0x7e8b8ffff640 (LWP 1845363) exited]
[Thread 0x7e8bace6e640 (LWP 1845362) exited]
[Thread 0x7e8bad66f640 (LWP 1845361) exited]
[Thread 0x7e8bade70640 (LWP 1845360) exited]
[Thread 0x7e8bae671640 (LWP 1845359) exited]
[Thread 0x7e8baee72640 (LWP 1845358) exited]
[Thread 0x7e8baf673640 (LWP 1845357) exited]
[Thread 0x7e8baf719a00 (LWP 1845324) exited]
[Thread 0x7e8b85ffb640 (LWP 1845397) exited]
[New process 1845324]
[Inferior 1 (process 1845324) exited normally]
(gdb) (gdb) No stack.
