Attaching to process 2715497
[New LWP 2715518]
[New LWP 2715519]
[New LWP 2715520]
[New LWP 2715521]
[New LWP 2715522]
[New LWP 2715523]
[New LWP 2715527]
[New LWP 2715529]
[New LWP 2715561]
[New LWP 2715562]
[New LWP 2715563]
[New LWP 2715564]
[New LWP 2715565]
[New LWP 2715566]
[New LWP 2715567]
[New LWP 2715568]
[New LWP 2715569]
[New LWP 2715570]
[New LWP 2715571]
[New LWP 2715572]
[New LWP 2715573]
[New LWP 2715574]
[Thread debugging using libthread_db enabled]
Using host libthread_db library "/lib/x86_64-linux-gnu/libthread_db.so.1".
0x000077df5cf867f8 in __GI___clock_nanosleep (clock_id=clock_id@entry=0, flags=flags@entry=0, req=req@entry=0x7ffd879edd70, rem=rem@entry=0x7ffd879edd70) at ../sysdeps/unix/sysv/linux/clock_nanosleep.c:78
78	../sysdeps/unix/sysv/linux/clock_nanosleep.c: No such file or directory.
(gdb) (gdb) Continuing.
[Thread 0x77df3bfff640 (LWP 2715574) exited]
[Thread 0x77df409ed640 (LWP 2715573) exited]
[Thread 0x77df411ee640 (LWP 2715572) exited]
[Thread 0x77df419ef640 (LWP 2715571) exited]
[Thread 0x77df4a7fc640 (LWP 2715570) exited]
[Thread 0x77df4affd640 (LWP 2715569) exited]
[Thread 0x77df4b7fe640 (LWP 2715568) exited]
[Thread 0x77df4bfff640 (LWP 2715567) exited]
[Thread 0x77df509fc640 (LWP 2715566) exited]
[Thread 0x77df511fd640 (LWP 2715565) exited]
[Thread 0x77df519fe640 (LWP 2715564) exited]
[Thread 0x77df52ffd640 (LWP 2715563) exited]
[Thread 0x77df537fe640 (LWP 2715562) exited]
[Thread 0x77df59200640 (LWP 2715529) exited]
[Thread 0x77df59a01640 (LWP 2715527) exited]
[Thread 0x77df5a202640 (LWP 2715523) exited]
[Thread 0x77df521ff640 (LWP 2715522) exited]
[Thread 0x77df5aa03640 (LWP 2715521) exited]
[Thread 0x77df5b204640 (LWP 2715520) exited]
[Thread 0x77df5ba05640 (LWP 2715519) exited]
[Thread 0x77df5c206640 (LWP 2715518) exited]
[Thread 0x77df5c2aca00 (LWP 2715497) exited]
[Thread 0x77df53fff640 (LWP 2715561) exited]
[New process 2715497]
[Inferior 1 (process 2715497) exited with code 01]
(gdb) No stack.
(gdb) 