Attaching to process 2716598
[New LWP 2716619]
[New LWP 2716622]
[New LWP 2716624]
[New LWP 2716625]
[New LWP 2716626]
[New LWP 2716628]
[New LWP 2716629]
[New LWP 2716630]
[New LWP 2716662]
[New LWP 2716663]
[New LWP 2716664]
[New LWP 2716665]
[New LWP 2716666]
[New LWP 2716667]
[New LWP 2716668]
[New LWP 2716669]
[New LWP 2716670]
[New LWP 2716671]
[New LWP 2716672]
[New LWP 2716673]
[New LWP 2716674]
[New LWP 2716675]
[Thread debugging using libthread_db enabled]
Using host libthread_db library "/lib/x86_64-linux-gnu/libthread_db.so.1".
0x0000725fafb327f8 in __GI___clock_nanosleep (clock_id=clock_id@entry=0, flags=flags@entry=0, req=req@entry=0x7ffea8ec6ef0, rem=rem@entry=0x7ffea8ec6ef0) at ../sysdeps/unix/sysv/linux/clock_nanosleep.c:78
78	../sysdeps/unix/sysv/linux/clock_nanosleep.c: No such file or directory.
(gdb) (gdb) Continuing.
[Thread 0x725f7f5a6640 (LWP 2716675) exited]
[Thread 0x725f7fda7640 (LWP 2716674) exited]
[Thread 0x725f77bff640 (LWP 2716673) exited]
[Thread 0x725f805a8640 (LWP 2716672) exited]
[Thread 0x725f857fa640 (LWP 2716671) exited]
[Thread 0x725f85ffb640 (LWP 2716670) exited]
[Thread 0x725f867fc640 (LWP 2716669) exited]
[Thread 0x725f86ffd640 (LWP 2716668) exited]
[Thread 0x725f877fe640 (LWP 2716667) exited]
[Thread 0x725f87fff640 (LWP 2716666) exited]
[Thread 0x725f94a91640 (LWP 2716665) exited]
[Thread 0x725f95292640 (LWP 2716664) exited]
[Thread 0x725f96294640 (LWP 2716662) exited]
[Thread 0x725f96ffd640 (LWP 2716630) exited]
[Thread 0x725f977fe640 (LWP 2716629) exited]
[Thread 0x725f97fff640 (LWP 2716628) exited]
[Thread 0x725facdae640 (LWP 2716626) exited]
[Thread 0x725fad5af640 (LWP 2716625) exited]
[Thread 0x725faddb0640 (LWP 2716624) exited]
[Thread 0x725fae5b1640 (LWP 2716622) exited]
[Thread 0x725faedb2640 (LWP 2716619) exited]
[Thread 0x725faee58a00 (LWP 2716598) exited]
[Thread 0x725f95a93640 (LWP 2716663) exited]
[New process 2716598]
[Inferior 1 (process 2716598) exited with code 01]
(gdb) No stack.
(gdb) 