Attaching to process 422553
[New LWP 422557]
[New LWP 422558]
[New LWP 422559]
[New LWP 422560]
[New LWP 422561]
[New LWP 422562]
[New LWP 422563]
[New LWP 422564]
[New LWP 422566]
[New LWP 422567]
[New LWP 422568]
[New LWP 422569]
[New LWP 422570]
[New LWP 422571]
[New LWP 422572]
[New LWP 422573]
[New LWP 422574]
[New LWP 422575]
[New LWP 422576]
[New LWP 422577]
[New LWP 422578]
[New LWP 422579]
[Thread debugging using libthread_db enabled]
Using host libthread_db library "/lib/x86_64-linux-gnu/libthread_db.so.1".
0x0000703c5fd1c7f8 in __GI___clock_nanosleep (clock_id=clock_id@entry=0, flags=flags@entry=0, req=req@entry=0x7ffd6a2ff7e0, rem=rem@entry=0x7ffd6a2ff7e0) at ../sysdeps/unix/sysv/linux/clock_nanosleep.c:78
78	../sysdeps/unix/sysv/linux/clock_nanosleep.c: No such file or directory.
(gdb) (gdb) Continuing.
[Thread 0x703c2ffff640 (LWP 422576) exited]
[Thread 0x703c275ff640 (LWP 422577) exited]
[Thread 0x703c2f7fe640 (LWP 422578) exited]
[Thread 0x703c2effd640 (LWP 422579) exited]
[Thread 0x703c4d5fb640 (LWP 422575) exited]
[Thread 0x703c4ddfc640 (LWP 422574) exited]
[Thread 0x703c4e5fd640 (LWP 422573) exited]
[Thread 0x703c4edfe640 (LWP 422572) exited]
[Thread 0x703c4ffff640 (LWP 422571) exited]
[Thread 0x703c54c73640 (LWP 422570) exited]
[Thread 0x703c557fa640 (LWP 422569) exited]
[Thread 0x703c55ffb640 (LWP 422568) exited]
[Thread 0x703c567fc640 (LWP 422567) exited]
[Thread 0x703c577fe640 (LWP 422564) exited]
[Thread 0x703c4f5ff640 (LWP 422563) exited]
[Thread 0x703c57fff640 (LWP 422562) exited]
[Thread 0x703c5cf98640 (LWP 422561) exited]
[Thread 0x703c5d799640 (LWP 422560) exited]
[Thread 0x703c5df9a640 (LWP 422559) exited]
[Thread 0x703c5e79b640 (LWP 422558) exited]
[Thread 0x703c5ef9c640 (LWP 422557) exited]
[Thread 0x703c5f042a00 (LWP 422553) exited]
[Thread 0x703c56ffd640 (LWP 422566) exited]
[New process 422553]
[Inferior 1 (process 422553) exited normally]
(gdb) No stack.
(gdb) 