Attaching to process 422485
[New LWP 422489]
[New LWP 422490]
[New LWP 422491]
[New LWP 422492]
[New LWP 422493]
[New LWP 422494]
[New LWP 422495]
[New LWP 422496]
[New LWP 422497]
[New LWP 422498]
[New LWP 422499]
[New LWP 422500]
[New LWP 422501]
[New LWP 422502]
[New LWP 422503]
[New LWP 422504]
[New LWP 422505]
[New LWP 422506]
[New LWP 422507]
[New LWP 422508]
[New LWP 422509]
[New LWP 422510]
78	../sysdeps/unix/sysv/linux/clock_nanosleep.c: No such file or directory.
[Thread debugging using libthread_db enabled]
Using host libthread_db library "/lib/x86_64-linux-gnu/libthread_db.so.1".
0x00007b98fbcab7f8 in __GI___clock_nanosleep (clock_id=clock_id@entry=0, flags=flags@entry=0, req=req@entry=0x7ffe9ced3930, rem=rem@entry=0x7ffe9ced3930) at ../sysdeps/unix/sysv/linux/clock_nanosleep.c:78
(gdb) (gdb) Continuing.
[Thread 0x7b98cbfff640 (LWP 422507) exited]
[Thread 0x7b98cb7fe640 (LWP 422508) exited]
[Thread 0x7b98ca7fc640 (LWP 422510) exited]
[Thread 0x7b98caffd640 (LWP 422509) exited]
[Thread 0x7b98e97fa640 (LWP 422506) exited]
[Thread 0x7b98e9ffb640 (LWP 422505) exited]
[Thread 0x7b98ea7fc640 (LWP 422504) exited]
[Thread 0x7b98eaffd640 (LWP 422503) exited]
[Thread 0x7b98eb7fe640 (LWP 422502) exited]
[Thread 0x7b98f0c73640 (LWP 422501) exited]
[Thread 0x7b98f17fa640 (LWP 422500) exited]
[Thread 0x7b98f27fc640 (LWP 422498) exited]
[Thread 0x7b98f2ffd640 (LWP 422497) exited]
[Thread 0x7b98f37fe640 (LWP 422496) exited]
[Thread 0x7b98ebfff640 (LWP 422495) exited]
[Thread 0x7b98f3fff640 (LWP 422494) exited]
[Thread 0x7b98f8f27640 (LWP 422493) exited]
[Thread 0x7b98f9728640 (LWP 422492) exited]
[Thread 0x7b98f9f29640 (LWP 422491) exited]
[Thread 0x7b98fa72a640 (LWP 422490) exited]
[Thread 0x7b98faf2b640 (LWP 422489) exited]
[Thread 0x7b98fafd1a00 (LWP 422485) exited]
[Thread 0x7b98f1ffb640 (LWP 422499) exited]
[New process 422485]
[Inferior 1 (process 422485) exited normally]
(gdb) No stack.
(gdb) 