Attaching to process 2631592
[New LWP 2631605]
[New LWP 2631606]
[New LWP 2631607]
[New LWP 2631608]
[New LWP 2631609]
[New LWP 2631610]
[New LWP 2631611]
[New LWP 2631612]
[New LWP 2631656]
[New LWP 2631657]
[New LWP 2631658]
[New LWP 2631659]
[New LWP 2631660]
[New LWP 2631661]
[New LWP 2631662]
[New LWP 2631663]
[New LWP 2631664]
[New LWP 2631665]
[New LWP 2631666]
[New LWP 2631667]
[New LWP 2631668]
[New LWP 2631669]
[Thread debugging using libthread_db enabled]
Using host libthread_db library "/lib/x86_64-linux-gnu/libthread_db.so.1".
0x000070179108f7f8 in __GI___clock_nanosleep (clock_id=clock_id@entry=0, flags=flags@entry=0, req=req@entry=0x7ffda2b5b4e0, rem=rem@entry=0x7ffda2b5b4e0) at ../sysdeps/unix/sysv/linux/clock_nanosleep.c:78
78	../sysdeps/unix/sysv/linux/clock_nanosleep.c: No such file or directory.
(gdb) (gdb) Continuing.
[Thread 0x701760b56640 (LWP 2631668) exited]
[Thread 0x70175bfff640 (LWP 2631669) exited]
[Thread 0x70176137f640 (LWP 2631667) exited]
[Thread 0x701761b80640 (LWP 2631666) exited]
[Thread 0x7017667fc640 (LWP 2631665) exited]
[Thread 0x701766ffd640 (LWP 2631664) exited]
[Thread 0x7017677fe640 (LWP 2631663) exited]
[Thread 0x701767fff640 (LWP 2631662) exited]
[Thread 0x70176cf0c640 (LWP 2631661) exited]
[Thread 0x70176d70d640 (LWP 2631660) exited]
[Thread 0x70176e294640 (LWP 2631659) exited]
[Thread 0x70176ea95640 (LWP 2631658) exited]
[Thread 0x70176f296640 (LWP 2631657) exited]
[Thread 0x70176fa97640 (LWP 2631656) exited]
[Thread 0x70178cb08640 (LWP 2631612) exited]
[Thread 0x70178d309640 (LWP 2631611) exited]
[Thread 0x70178db0a640 (LWP 2631610) exited]
[Thread 0x70178e30b640 (LWP 2631609) exited]
[Thread 0x70178eb0c640 (LWP 2631608) exited]
[Thread 0x70178f30d640 (LWP 2631607) exited]
[Thread 0x70178fb0e640 (LWP 2631606) exited]
[Thread 0x70179030f640 (LWP 2631605) exited]
[Inferior 1 (process 2631592) exited with code 01]
(gdb) (gdb) No stack.
