Attaching to process 2632138
[New LWP 2632171]
[New LWP 2632172]
[New LWP 2632173]
[New LWP 2632174]
[New LWP 2632175]
[New LWP 2632176]
[New LWP 2632177]
[New LWP 2632178]
[New LWP 2632202]
[New LWP 2632203]
[New LWP 2632204]
[New LWP 2632205]
[New LWP 2632206]
[New LWP 2632207]
[New LWP 2632208]
[New LWP 2632209]
[New LWP 2632210]
[New LWP 2632211]
[New LWP 2632212]
[New LWP 2632213]
[New LWP 2632214]
[New LWP 2632215]
[Thread debugging using libthread_db enabled]
Using host libthread_db library "/lib/x86_64-linux-gnu/libthread_db.so.1".
0x00007b9dfda657f8 in __GI___clock_nanosleep (clock_id=clock_id@entry=0, flags=flags@entry=0, req=req@entry=0x7ffcf5566ea0, rem=rem@entry=0x7ffcf5566ea0) at ../sysdeps/unix/sysv/linux/clock_nanosleep.c:78
78	../sysdeps/unix/sysv/linux/clock_nanosleep.c: No such file or directory.
(gdb) (gdb) Continuing.
[Thread 0x7b9dce525640 (LWP 2632212) exited]
[Thread 0x7b9dcd523640 (LWP 2632215) exited]
[Thread 0x7b9dcdd24640 (LWP 2632214) exited]
[Thread 0x7b9dc7fff640 (LWP 2632213) exited]
[Thread 0x7b9dd2ffd640 (LWP 2632211) exited]
[Thread 0x7b9dd37fe640 (LWP 2632210) exited]
[Thread 0x7b9dd3fff640 (LWP 2632209) exited]
[Thread 0x7b9df0bf8640 (LWP 2632208) exited]
[Thread 0x7b9df13f9640 (LWP 2632207) exited]
[Thread 0x7b9df1bfa640 (LWP 2632206) exited]
[Thread 0x7b9df23fb640 (LWP 2632205) exited]
[Thread 0x7b9df2bfc640 (LWP 2632204) exited]
[Thread 0x7b9df33fd640 (LWP 2632203) exited]
[Thread 0x7b9df57fa640 (LWP 2632178) exited]
[Thread 0x7b9df5ffb640 (LWP 2632177) exited]
[Thread 0x7b9df67fc640 (LWP 2632176) exited]
[Thread 0x7b9df6ffd640 (LWP 2632175) exited]
[Thread 0x7b9df77fe640 (LWP 2632174) exited]
[Thread 0x7b9df7fff640 (LWP 2632173) exited]
[Thread 0x7b9df43ff640 (LWP 2632172) exited]
[Thread 0x7b9dfcce5640 (LWP 2632171) exited]
[Thread 0x7b9dfcd8ba00 (LWP 2632138) exited]
[Thread 0x7b9df3bfe640 (LWP 2632202) exited]
[New process 2632138]
[Inferior 1 (process 2632138) exited with code 01]
(gdb) No stack.
(gdb) 