Attaching to process 2631048
[New LWP 2631069]
[New LWP 2631070]
[New LWP 2631071]
[New LWP 2631072]
[New LWP 2631074]
[New LWP 2631076]
[New LWP 2631079]
[New LWP 2631080]
[New LWP 2631112]
[New LWP 2631113]
[New LWP 2631114]
[New LWP 2631115]
[New LWP 2631116]
[New LWP 2631117]
[New LWP 2631118]
[New LWP 2631119]
[New LWP 2631120]
[New LWP 2631121]
[New LWP 2631122]
[New LWP 2631123]
[New LWP 2631124]
[New LWP 2631125]
78	../sysdeps/unix/sysv/linux/clock_nanosleep.c: No such file or directory.
[Thread debugging using libthread_db enabled]
Using host libthread_db library "/lib/x86_64-linux-gnu/libthread_db.so.1".
0x0000793798df67f8 in __GI___clock_nanosleep (clock_id=clock_id@entry=0, flags=flags@entry=0, req=req@entry=0x7ffdbe9fbc10, rem=rem@entry=0x7ffdbe9fbc10) at ../sysdeps/unix/sysv/linux/clock_nanosleep.c:78
(gdb) (gdb) Continuing.
[Thread 0x793763fff640 (LWP 2631125) exited]
[Thread 0x7937688c1640 (LWP 2631124) exited]
[Thread 0x7937690c2640 (LWP 2631123) exited]
[Thread 0x7937698c3640 (LWP 2631122) exited]
[Thread 0x79376eda9640 (LWP 2631121) exited]
[Thread 0x79376f5aa640 (LWP 2631120) exited]
[Thread 0x79376fdab640 (LWP 2631119) exited]
[Thread 0x7937705ac640 (LWP 2631118) exited]
[Thread 0x793770dad640 (LWP 2631117) exited]
[Thread 0x7937715ae640 (LWP 2631116) exited]
[Thread 0x793772135640 (LWP 2631115) exited]
[Thread 0x793772936640 (LWP 2631114) exited]
[Thread 0x793773137640 (LWP 2631113) exited]
[Thread 0x79379486f640 (LWP 2631080) exited]
[Thread 0x793795070640 (LWP 2631079) exited]
[Thread 0x793795871640 (LWP 2631076) exited]
[Thread 0x793796072640 (LWP 2631074) exited]
[Thread 0x793796873640 (LWP 2631072) exited]
[Thread 0x793797074640 (LWP 2631071) exited]
[Thread 0x793797875640 (LWP 2631070) exited]
[Thread 0x793798076640 (LWP 2631069) exited]
[Thread 0x79379811ca00 (LWP 2631048) exited]
[Thread 0x793773938640 (LWP 2631112) exited]
[New process 2631048]
[Inferior 1 (process 2631048) exited with code 01]
(gdb) No stack.
(gdb) 