Attaching to process 3291809
[New LWP 3291813]
[New LWP 3291814]
[New LWP 3291815]
[New LWP 3291816]
[New LWP 3291817]
[New LWP 3291818]
[New LWP 3291819]
[New LWP 3291820]
[New LWP 3291821]
[New LWP 3291822]
[New LWP 3291823]
[New LWP 3291824]
[New LWP 3291825]
[New LWP 3291826]
[New LWP 3291827]
[New LWP 3291828]
[New LWP 3291829]
[New LWP 3291830]
[New LWP 3291831]
[New LWP 3291832]
[New LWP 3291833]
[New LWP 3291834]
78	../sysdeps/unix/sysv/linux/clock_nanosleep.c: No such file or directory.
[Thread debugging using libthread_db enabled]
Using host libthread_db library "/lib/x86_64-linux-gnu/libthread_db.so.1".
0x000073c3a963d7f8 in __GI___clock_nanosleep (clock_id=clock_id@entry=0, flags=flags@entry=0, req=req@entry=0x7ffc01d078d0, rem=rem@entry=0x7ffc01d078d0) at ../sysdeps/unix/sysv/linux/clock_nanosleep.c:78
(gdb) (gdb) Continuing.
[Thread 0x73c37a0cd640 (LWP 3291831) exited]
[Thread 0x73c3798cc640 (LWP 3291832) exited]
[Thread 0x73c373fff640 (LWP 3291834) exited]
[Thread 0x73c3790cb640 (LWP 3291833) exited]
[Thread 0x73c37effd640 (LWP 3291830) exited]
[Thread 0x73c37f7fe640 (LWP 3291829) exited]
[Thread 0x73c37ffff640 (LWP 3291828) exited]
[Thread 0x73c39d474640 (LWP 3291826) exited]
[Thread 0x73c39dc75640 (LWP 3291825) exited]
[Thread 0x73c39e7fc640 (LWP 3291824) exited]
[Thread 0x73c39effd640 (LWP 3291823) exited]
[Thread 0x73c39f7fe640 (LWP 3291822) exited]
[Thread 0x73c39ffff640 (LWP 3291821) exited]
[Thread 0x73c3a50b6640 (LWP 3291820) exited]
[Thread 0x73c3a58b7640 (LWP 3291819) exited]
[Thread 0x73c3a60b8640 (LWP 3291818) exited]
[Thread 0x73c3a68b9640 (LWP 3291817) exited]
[Thread 0x73c3a70ba640 (LWP 3291816) exited]
[Thread 0x73c3a78bb640 (LWP 3291815) exited]
[Thread 0x73c3a80bc640 (LWP 3291814) exited]
[Thread 0x73c3a88bd640 (LWP 3291813) exited]
[Thread 0x73c3a8963a00 (LWP 3291809) exited]
[Thread 0x73c39cc73640 (LWP 3291827) exited]
[New process 3291809]
[Inferior 1 (process 3291809) exited normally]
(gdb) (gdb) No stack.
