Attaching to process 3439964
[New LWP 3439968]
[New LWP 3439969]
[New LWP 3439970]
[New LWP 3439971]
[New LWP 3439972]
[New LWP 3439973]
[New LWP 3439974]
[New LWP 3439975]
[New LWP 3439976]
[New LWP 3439977]
[New LWP 3439978]
[New LWP 3439979]
[New LWP 3439980]
[New LWP 3439981]
[New LWP 3439982]
[New LWP 3439983]
[New LWP 3439984]
[New LWP 3439985]
[New LWP 3439986]
[New LWP 3439987]
[New LWP 3439988]
[New LWP 3439989]
[Thread debugging using libthread_db enabled]
Using host libthread_db library "/lib/x86_64-linux-gnu/libthread_db.so.1".
0x00007e85907b27f8 in __GI___clock_nanosleep (clock_id=clock_id@entry=0, flags=flags@entry=0, req=req@entry=0x7ffd26084c50, rem=rem@entry=0x7ffd26084c50) at ../sysdeps/unix/sysv/linux/clock_nanosleep.c:78
78	../sysdeps/unix/sysv/linux/clock_nanosleep.c: No such file or directory.
(gdb) (gdb) Continuing.
[Thread 0x7e8561266640 (LWP 3439986) exited]
[Thread 0x7e8560a65640 (LWP 3439987) exited]
[Thread 0x7e85535ff640 (LWP 3439989) exited]
[Thread 0x7e855bfff640 (LWP 3439988) exited]
[Thread 0x7e8565ffb640 (LWP 3439985) exited]
[Thread 0x7e85667fc640 (LWP 3439984) exited]
[Thread 0x7e8566ffd640 (LWP 3439983) exited]
[Thread 0x7e85677fe640 (LWP 3439982) exited]
[Thread 0x7e8567fff640 (LWP 3439981) exited]
[Thread 0x7e8584f0c640 (LWP 3439980) exited]
[Thread 0x7e8585a93640 (LWP 3439979) exited]
[Thread 0x7e8586294640 (LWP 3439978) exited]
[Thread 0x7e8587296640 (LWP 3439976) exited]
[Thread 0x7e858ca2c640 (LWP 3439975) exited]
[Thread 0x7e858d22d640 (LWP 3439974) exited]
[Thread 0x7e858da2e640 (LWP 3439973) exited]
[Thread 0x7e858e22f640 (LWP 3439972) exited]
[Thread 0x7e858ea30640 (LWP 3439971) exited]
[Thread 0x7e858f231640 (LWP 3439970) exited]
[Thread 0x7e8587fff640 (LWP 3439969) exited]
[Thread 0x7e858fa32640 (LWP 3439968) exited]
[Thread 0x7e858fad8a00 (LWP 3439964) exited]
[Thread 0x7e8586a95640 (LWP 3439977) exited]
[New process 3439964]
[Inferior 1 (process 3439964) exited normally]
(gdb) (gdb) No stack.
