Attaching to process 512818
[New LWP 512822]
[New LWP 512823]
[New LWP 512824]
[New LWP 512825]
[New LWP 512826]
[New LWP 512827]
[New LWP 512828]
[New LWP 512829]
[New LWP 512830]
[New LWP 512831]
[New LWP 512832]
[New LWP 512833]
[New LWP 512834]
[New LWP 512835]
[New LWP 512836]
[New LWP 512837]
[New LWP 512838]
[New LWP 512839]
[New LWP 512840]
[New LWP 512841]
[New LWP 512842]
[New LWP 512843]
78	../sysdeps/unix/sysv/linux/clock_nanosleep.c: No such file or directory.
[Thread debugging using libthread_db enabled]
Using host libthread_db library "/lib/x86_64-linux-gnu/libthread_db.so.1".
0x000072ff5756a7f8 in __GI___clock_nanosleep (clock_id=clock_id@entry=0, flags=flags@entry=0, req=req@entry=0x7ffd0767a170, rem=rem@entry=0x7ffd0767a170) at ../sysdeps/unix/sysv/linux/clock_nanosleep.c:78
(gdb) (gdb) Continuing.
[Thread 0x72ff2802b640 (LWP 512840) exited]
[Thread 0x72ff2782a640 (LWP 512841) exited]
[Thread 0x72ff26800640 (LWP 512843) exited]
[Thread 0x72ff27001640 (LWP 512842) exited]
[Thread 0x72ff30ff9640 (LWP 512839) exited]
[Thread 0x72ff317fa640 (LWP 512838) exited]
[Thread 0x72ff31ffb640 (LWP 512837) exited]
[Thread 0x72ff327fc640 (LWP 512836) exited]
[Thread 0x72ff32ffd640 (LWP 512835) exited]
[Thread 0x72ff337fe640 (LWP 512834) exited]
[Thread 0x72ff33fff640 (LWP 512833) exited]
[Thread 0x72ff44ff9640 (LWP 512832) exited]
[Thread 0x72ff457fa640 (LWP 512831) exited]
[Thread 0x72ff45ffb640 (LWP 512830) exited]
[Thread 0x72ff467fc640 (LWP 512829) exited]
[Thread 0x72ff46ffd640 (LWP 512828) exited]
[Thread 0x72ff477fe640 (LWP 512827) exited]
[Thread 0x72ff47fff640 (LWP 512826) exited]
[Thread 0x72ff54fe7640 (LWP 512825) exited]
[Thread 0x72ff557e8640 (LWP 512824) exited]
[Thread 0x72ff55fe9640 (LWP 512823) exited]
[Thread 0x72ff56890a00 (LWP 512818) exited]
[Thread 0x72ff567ea640 (LWP 512822) exited]
[New process 512818]
[Inferior 1 (process 512818) exited normally]
(gdb) No stack.
(gdb) 