Attaching to process 1061546
[New LWP 1061579]
[New LWP 1061580]
[New LWP 1061581]
[New LWP 1061582]
[New LWP 1061583]
[New LWP 1061584]
[New LWP 1061585]
[New LWP 1061586]
[New LWP 1061610]
[New LWP 1061611]
[New LWP 1061612]
[New LWP 1061613]
[New LWP 1061614]
[New LWP 1061615]
[New LWP 1061616]
[New LWP 1061617]
[New LWP 1061618]
[New LWP 1061619]
[New LWP 1061657]
[New LWP 1061658]
[New LWP 1061659]
[New LWP 1061660]
78	../sysdeps/unix/sysv/linux/clock_nanosleep.c: No such file or directory.
[Thread debugging using libthread_db enabled]
Using host libthread_db library "/lib/x86_64-linux-gnu/libthread_db.so.1".
0x000075e3791f17f8 in __GI___clock_nanosleep (clock_id=clock_id@entry=0, flags=flags@entry=0, req=req@entry=0x7fffdabd4cf0, rem=rem@entry=0x7fffdabd4cf0) at ../sysdeps/unix/sysv/linux/clock_nanosleep.c:78
(gdb) (gdb) Continuing.
[Thread 0x75e349c98640 (LWP 1061657) exited]
[Thread 0x75e343fff640 (LWP 1061658) exited]
[Thread 0x75e348c96640 (LWP 1061660) exited]
[Thread 0x75e349497640 (LWP 1061659) exited]
[Thread 0x75e34e7fc640 (LWP 1061619) exited]
[Thread 0x75e34effd640 (LWP 1061618) exited]
[Thread 0x75e34f7fe640 (LWP 1061617) exited]
[Thread 0x75e34ffff640 (LWP 1061616) exited]
[Thread 0x75e354f0c640 (LWP 1061615) exited]
[Thread 0x75e35570d640 (LWP 1061614) exited]
[Thread 0x75e356294640 (LWP 1061613) exited]
[Thread 0x75e356a95640 (LWP 1061612) exited]
[Thread 0x75e357a97640 (LWP 1061610) exited]
[Thread 0x75e374c6a640 (LWP 1061586) exited]
[Thread 0x75e37546b640 (LWP 1061585) exited]
[Thread 0x75e375c6c640 (LWP 1061584) exited]
[Thread 0x75e37646d640 (LWP 1061583) exited]
[Thread 0x75e376c6e640 (LWP 1061582) exited]
[Thread 0x75e37746f640 (LWP 1061581) exited]
[Thread 0x75e377c70640 (LWP 1061580) exited]
[Thread 0x75e378471640 (LWP 1061579) exited]
[Thread 0x75e378517a00 (LWP 1061546) exited]
[Thread 0x75e357296640 (LWP 1061611) exited]
[New process 1061546]
[Inferior 1 (process 1061546) exited normally]
(gdb) (gdb) No stack.
