Attaching to process 2718230
[New LWP 2718263]
[New LWP 2718264]
[New LWP 2718265]
[New LWP 2718266]
[New LWP 2718267]
[New LWP 2718268]
[New LWP 2718269]
[New LWP 2718270]
[New LWP 2718294]
[New LWP 2718295]
[New LWP 2718296]
[New LWP 2718297]
[New LWP 2718298]
[New LWP 2718299]
[New LWP 2718300]
[New LWP 2718301]
[New LWP 2718302]
[New LWP 2718303]
[New LWP 2718304]
[New LWP 2718305]
[New LWP 2718306]
[New LWP 2718307]
[Thread debugging using libthread_db enabled]
Using host libthread_db library "/lib/x86_64-linux-gnu/libthread_db.so.1".
0x0000723edde067f8 in __GI___clock_nanosleep (clock_id=clock_id@entry=0, flags=flags@entry=0, req=req@entry=0x7fffba161920, rem=rem@entry=0x7fffba161920) at ../sysdeps/unix/sysv/linux/clock_nanosleep.c:78
78	../sysdeps/unix/sysv/linux/clock_nanosleep.c: No such file or directory.
(gdb) (gdb) Continuing.
[Thread 0x723eace6a640 (LWP 2718307) exited]
[Thread 0x723ead82e640 (LWP 2718306) exited]
[Thread 0x723eae02f640 (LWP 2718305) exited]
[Thread 0x723eae830640 (LWP 2718304) exited]
[Thread 0x723eb77fe640 (LWP 2718303) exited]
[Thread 0x723eb7fff640 (LWP 2718302) exited]
[Thread 0x723ec4a75640 (LWP 2718301) exited]
[Thread 0x723ec5276640 (LWP 2718300) exited]
[Thread 0x723ec5a77640 (LWP 2718299) exited]
[Thread 0x723ec6278640 (LWP 2718298) exited]
[Thread 0x723ec77fe640 (LWP 2718297) exited]
[Thread 0x723ec7fff640 (LWP 2718296) exited]
[Thread 0x723ecc932640 (LWP 2718295) exited]
[Thread 0x723ecd133640 (LWP 2718294) exited]
[Thread 0x723ecdffb640 (LWP 2718270) exited]
[Thread 0x723ece7fc640 (LWP 2718269) exited]
[Thread 0x723eceffd640 (LWP 2718268) exited]
[Thread 0x723ec6dff640 (LWP 2718267) exited]
[Thread 0x723ecf7fe640 (LWP 2718266) exited]
[Thread 0x723ecffff640 (LWP 2718265) exited]
[Thread 0x723edc885640 (LWP 2718264) exited]
[Thread 0x723edd086640 (LWP 2718263) exited]
[Inferior 1 (process 2718230) exited with code 01]
(gdb) No stack.
(gdb) 