Attaching to process 2717686
[New LWP 2717719]
[New LWP 2717720]
[New LWP 2717721]
[New LWP 2717722]
[New LWP 2717723]
[New LWP 2717724]
[New LWP 2717725]
[New LWP 2717726]
[New LWP 2717750]
[New LWP 2717751]
[New LWP 2717752]
[New LWP 2717753]
[New LWP 2717754]
[New LWP 2717755]
[New LWP 2717756]
[New LWP 2717757]
[New LWP 2717758]
[New LWP 2717759]
[New LWP 2717760]
[New LWP 2717761]
[New LWP 2717762]
[New LWP 2717763]
78	../sysdeps/unix/sysv/linux/clock_nanosleep.c: No such file or directory.
[Thread debugging using libthread_db enabled]
Using host libthread_db library "/lib/x86_64-linux-gnu/libthread_db.so.1".
0x00007499815e97f8 in __GI___clock_nanosleep (clock_id=clock_id@entry=0, flags=flags@entry=0, req=req@entry=0x7ffeb07ef990, rem=rem@entry=0x7ffeb07ef990) at ../sysdeps/unix/sysv/linux/clock_nanosleep.c:78
(gdb) (gdb) Continuing.
[Thread 0x74995089f640 (LWP 2717763) exited]
[Thread 0x7499510a0640 (LWP 2717762) exited]
[Thread 0x7499518a1640 (LWP 2717761) exited]
[Thread 0x7499520a2640 (LWP 2717760) exited]
[Thread 0x749957470640 (LWP 2717759) exited]
[Thread 0x749958472640 (LWP 2717757) exited]
[Thread 0x749958c73640 (LWP 2717756) exited]
[Thread 0x749959474640 (LWP 2717755) exited]
[Thread 0x749959c75640 (LWP 2717754) exited]
[Thread 0x74995a7fc640 (LWP 2717753) exited]
[Thread 0x74995affd640 (LWP 2717752) exited]
[Thread 0x74995b7fe640 (LWP 2717751) exited]
[Thread 0x74995bfff640 (LWP 2717750) exited]
[Thread 0x74997d062640 (LWP 2717726) exited]
[Thread 0x74997d863640 (LWP 2717725) exited]
[Thread 0x74997e064640 (LWP 2717724) exited]
[Thread 0x74997e865640 (LWP 2717723) exited]
[Thread 0x74997f066640 (LWP 2717722) exited]
[Thread 0x74997f867640 (LWP 2717721) exited]
[Thread 0x749980068640 (LWP 2717720) exited]
[Thread 0x749980869640 (LWP 2717719) exited]
[Thread 0x74998090fa00 (LWP 2717686) exited]
[Thread 0x749957c71640 (LWP 2717758) exited]
[New process 2717686]
[Inferior 1 (process 2717686) exited with code 01]
(gdb) No stack.
(gdb) 