Attaching to process 2717142
[New LWP 2717163]
[New LWP 2717164]
[New LWP 2717165]
[New LWP 2717166]
[New LWP 2717167]
[New LWP 2717168]
[New LWP 2717169]
[New LWP 2717171]
[New LWP 2717206]
[New LWP 2717207]
[New LWP 2717208]
[New LWP 2717209]
[New LWP 2717210]
[New LWP 2717211]
[New LWP 2717212]
[New LWP 2717213]
[New LWP 2717214]
[New LWP 2717215]
[New LWP 2717216]
[New LWP 2717217]
[New LWP 2717218]
[New LWP 2717219]
[Thread debugging using libthread_db enabled]
Using host libthread_db library "/lib/x86_64-linux-gnu/libthread_db.so.1".
0x000070372fbca7f8 in __GI___clock_nanosleep (clock_id=clock_id@entry=0, flags=flags@entry=0, req=req@entry=0x7fffb2ea7c60, rem=rem@entry=0x7fffb2ea7c60) at ../sysdeps/unix/sysv/linux/clock_nanosleep.c:78
78	../sysdeps/unix/sysv/linux/clock_nanosleep.c: No such file or directory.
(gdb) (gdb) Continuing.
[Thread 0x7036fe7fc640 (LWP 2717219) exited]
[Thread 0x7036feffd640 (LWP 2717218) exited]
[Thread 0x7036ff7fe640 (LWP 2717217) exited]
[Thread 0x7036fffff640 (LWP 2717216) exited]
[Thread 0x7037157fa640 (LWP 2717215) exited]
[Thread 0x703715ffb640 (LWP 2717214) exited]
[Thread 0x7037167fc640 (LWP 2717213) exited]
[Thread 0x703716ffd640 (LWP 2717212) exited]
[Thread 0x7037177fe640 (LWP 2717211) exited]
[Thread 0x703717fff640 (LWP 2717210) exited]
[Thread 0x70371ca91640 (LWP 2717209) exited]
[Thread 0x70371d292640 (LWP 2717208) exited]
[Thread 0x70371da93640 (LWP 2717207) exited]
[Thread 0x70371e294640 (LWP 2717206) exited]
[Thread 0x70371effd640 (LWP 2717171) exited]
[Thread 0x70371f7fe640 (LWP 2717169) exited]
[Thread 0x70372ce46640 (LWP 2717168) exited]
[Thread 0x70372d647640 (LWP 2717167) exited]
[Thread 0x70372de48640 (LWP 2717166) exited]
[Thread 0x70371ffff640 (LWP 2717165) exited]
[Thread 0x70372e649640 (LWP 2717164) exited]
[Thread 0x70372ee4a640 (LWP 2717163) exited]
[Inferior 1 (process 2717142) exited with code 01]
No stack.
(gdb) (gdb) 