Attaching to process 2393354
[New LWP 2393358]
[New LWP 2393359]
[New LWP 2393360]
[New LWP 2393361]
[New LWP 2393362]
[New LWP 2393363]
[New LWP 2393364]
[New LWP 2393365]
[New LWP 2393366]
[New LWP 2393367]
[New LWP 2393368]
[New LWP 2393369]
[New LWP 2393370]
[New LWP 2393371]
[New LWP 2393372]
[New LWP 2393373]
[New LWP 2393374]
[New LWP 2393375]
[New LWP 2393376]
[New LWP 2393377]
[New LWP 2393378]
[New LWP 2393379]
[Thread debugging using libthread_db enabled]
Using host libthread_db library "/lib/x86_64-linux-gnu/libthread_db.so.1".
0x00007274d1a2a7f8 in __GI___clock_nanosleep (clock_id=clock_id@entry=0, flags=flags@entry=0, req=req@entry=0x7fff936c30b0, rem=rem@entry=0x7fff936c30b0) at ../sysdeps/unix/sysv/linux/clock_nanosleep.c:78
78	../sysdeps/unix/sysv/linux/clock_nanosleep.c: No such file or directory.
(gdb) (gdb) Continuing.
[Thread 0x7274a64a0640 (LWP 2393376) exited]
[Thread 0x7274a5c9f640 (LWP 2393377) exited]
[Thread 0x7274a4c9d640 (LWP 2393379) exited]
[Thread 0x7274a549e640 (LWP 2393378) exited]
[Thread 0x7274beffd640 (LWP 2393375) exited]
[Thread 0x7274bf7fe640 (LWP 2393374) exited]
[Thread 0x7274bffff640 (LWP 2393373) exited]
[Thread 0x7274c4ff9640 (LWP 2393372) exited]
[Thread 0x7274c57fa640 (LWP 2393371) exited]
[Thread 0x7274c5ffb640 (LWP 2393370) exited]
[Thread 0x7274c67fc640 (LWP 2393369) exited]
[Thread 0x7274c6ffd640 (LWP 2393368) exited]
[Thread 0x7274c77fe640 (LWP 2393367) exited]
[Thread 0x7274c7fff640 (LWP 2393366) exited]
[Thread 0x7274cd4a3640 (LWP 2393365) exited]
[Thread 0x7274cdca4640 (LWP 2393364) exited]
[Thread 0x7274ce4a5640 (LWP 2393363) exited]
[Thread 0x7274ceca6640 (LWP 2393362) exited]
[Thread 0x7274cf4a7640 (LWP 2393361) exited]
[Thread 0x7274d04a9640 (LWP 2393359) exited]
[Thread 0x7274d0caa640 (LWP 2393358) exited]
[Thread 0x7274d0d50a00 (LWP 2393354) exited]
[Thread 0x7274cfca8640 (LWP 2393360) exited]
[New process 2393354]
[Inferior 1 (process 2393354) exited normally]
(gdb) No stack.
(gdb) 