Attaching to process 589726
[New LWP 589730]
[New LWP 589731]
[New LWP 589732]
[New LWP 589733]
[New LWP 589734]
[New LWP 589735]
[New LWP 589736]
[New LWP 589737]
[New LWP 589738]
[New LWP 589739]
[New LWP 589740]
[New LWP 589741]
[New LWP 589742]
[New LWP 589743]
[New LWP 589744]
[New LWP 589745]
[New LWP 589746]
[New LWP 589747]
[New LWP 589748]
[New LWP 589749]
[New LWP 589750]
[New LWP 589751]
[Thread debugging using libthread_db enabled]
Using host libthread_db library "/lib/x86_64-linux-gnu/libthread_db.so.1".
0x00007531ab99d7f8 in __GI___clock_nanosleep (clock_id=clock_id@entry=0, flags=flags@entry=0, req=req@entry=0x7ffd16511900, rem=rem@entry=0x7ffd16511900) at ../sysdeps/unix/sysv/linux/clock_nanosleep.c:78
78	../sysdeps/unix/sysv/linux/clock_nanosleep.c: No such file or directory.
(gdb) (gdb) Continuing.
[Thread 0x75317bfff640 (LWP 589748) exited]
[Thread 0x75317b7fe640 (LWP 589749) exited]
[Thread 0x75317a7fc640 (LWP 589751) exited]
[Thread 0x75317affd640 (LWP 589750) exited]
[Thread 0x753188ff9640 (LWP 589747) exited]
[Thread 0x7531897fa640 (LWP 589746) exited]
[Thread 0x753189ffb640 (LWP 589745) exited]
[Thread 0x75318a7fc640 (LWP 589744) exited]
[Thread 0x75318affd640 (LWP 589743) exited]
[Thread 0x75318b7fe640 (LWP 589742) exited]
[Thread 0x753191292640 (LWP 589741) exited]
[Thread 0x753191a93640 (LWP 589740) exited]
[Thread 0x753192294640 (LWP 589739) exited]
[Thread 0x7531937fe640 (LWP 589737) exited]
[Thread 0x75318bfff640 (LWP 589736) exited]
[Thread 0x753193fff640 (LWP 589735) exited]
[Thread 0x7531a8c19640 (LWP 589734) exited]
[Thread 0x7531a941a640 (LWP 589733) exited]
[Thread 0x7531a9c1b640 (LWP 589732) exited]
[Thread 0x7531aa41c640 (LWP 589731) exited]
[Thread 0x7531aac1d640 (LWP 589730) exited]
[Thread 0x7531aacc3a00 (LWP 589726) exited]
[Thread 0x753192a95640 (LWP 589738) exited]
[New process 589726]
[Inferior 1 (process 589726) exited normally]
(gdb) (gdb) No stack.
