Attaching to process 1518509
[New LWP 1518513]
[New LWP 1518514]
[New LWP 1518515]
[New LWP 1518516]
[New LWP 1518517]
[New LWP 1518518]
[New LWP 1518519]
[New LWP 1518520]
[New LWP 1518522]
[New LWP 1518523]
[New LWP 1518524]
[New LWP 1518525]
[New LWP 1518526]
[New LWP 1518527]
[New LWP 1518528]
[New LWP 1518529]
[New LWP 1518530]
[New LWP 1518531]
[New LWP 1518532]
[New LWP 1518533]
[New LWP 1518534]
[New LWP 1518535]
78	../sysdeps/unix/sysv/linux/clock_nanosleep.c: No such file or directory.
[Thread debugging using libthread_db enabled]
Using host libthread_db library "/lib/x86_64-linux-gnu/libthread_db.so.1".
0x000071283a95c7f8 in __GI___clock_nanosleep (clock_id=clock_id@entry=0, flags=flags@entry=0, req=req@entry=0x7ffdf9dac890, rem=rem@entry=0x7ffdf9dac890) at ../sysdeps/unix/sysv/linux/clock_nanosleep.c:78
(gdb) (gdb) Continuing.
[Thread 0x71280b36b640 (LWP 1518532) exited]
[Thread 0x712806b6a640 (LWP 1518533) exited]
[Thread 0x712813fff640 (LWP 1518531) exited]
[Thread 0x712820a74640 (LWP 1518530) exited]
[Thread 0x71280a369640 (LWP 1518535) exited]
[Thread 0x71280ab6a640 (LWP 1518534) exited]
[Thread 0x712821275640 (LWP 1518529) exited]
[Thread 0x712821a76640 (LWP 1518528) exited]
[Thread 0x712822277640 (LWP 1518527) exited]
[Thread 0x712822a78640 (LWP 1518526) exited]
[Thread 0x712823fff640 (LWP 1518525) exited]
[Thread 0x712829292640 (LWP 1518523) exited]
[Thread 0x712829a93640 (LWP 1518522) exited]
[Thread 0x71282a7fc640 (LWP 1518520) exited]
[Thread 0x71282affd640 (LWP 1518519) exited]
[Thread 0x71282b7fe640 (LWP 1518518) exited]
[Thread 0x7128235ff640 (LWP 1518517) exited]
[Thread 0x71282bfff640 (LWP 1518516) exited]
[Thread 0x712838bda640 (LWP 1518515) exited]
[Thread 0x7128393db640 (LWP 1518514) exited]
[Thread 0x712839bdc640 (LWP 1518513) exited]
[Thread 0x712839c82a00 (LWP 1518509) exited]
[Thread 0x712828a91640 (LWP 1518524) exited]
[New process 1518509]
[Inferior 1 (process 1518509) exited normally]
(gdb) No stack.
(gdb) 