Attaching to process 1642193
[New LWP 1642197]
[New LWP 1642198]
[New LWP 1642199]
[New LWP 1642200]
[New LWP 1642201]
[New LWP 1642202]
[New LWP 1642203]
[New LWP 1642204]
[New LWP 1642205]
[New LWP 1642206]
[New LWP 1642207]
[New LWP 1642208]
[New LWP 1642209]
[New LWP 1642210]
[New LWP 1642211]
[New LWP 1642212]
[New LWP 1642213]
[New LWP 1642214]
[New LWP 1642215]
[New LWP 1642216]
[New LWP 1642217]
[New LWP 1642218]
78	../sysdeps/unix/sysv/linux/clock_nanosleep.c: No such file or directory.
[Thread debugging using libthread_db enabled]
Using host libthread_db library "/lib/x86_64-linux-gnu/libthread_db.so.1".
0x00007b55c5c607f8 in __GI___clock_nanosleep (clock_id=clock_id@entry=0, flags=flags@entry=0, req=req@entry=0x7ffe4c179890, rem=rem@entry=0x7ffe4c179890) at ../sysdeps/unix/sysv/linux/clock_nanosleep.c:78
(gdb) (gdb) Continuing.
[Thread 0x7b55966e3640 (LWP 1642215) exited]
[Thread 0x7b5595ee2640 (LWP 1642216) exited]
[Thread 0x7b5594ee0640 (LWP 1642218) exited]
[Thread 0x7b55956e1640 (LWP 1642217) exited]
[Thread 0x7b559b7fe640 (LWP 1642214) exited]
[Thread 0x7b559bfff640 (LWP 1642213) exited]
[Thread 0x7b55b8a74640 (LWP 1642212) exited]
[Thread 0x7b55b9275640 (LWP 1642211) exited]
[Thread 0x7b55b9a76640 (LWP 1642210) exited]
[Thread 0x7b55ba277640 (LWP 1642209) exited]
[Thread 0x7b55bbfff640 (LWP 1642207) exited]
[Thread 0x7b55c0811640 (LWP 1642206) exited]
[Thread 0x7b55c1012640 (LWP 1642205) exited]
[Thread 0x7b55c1eda640 (LWP 1642204) exited]
[Thread 0x7b55c26db640 (LWP 1642203) exited]
[Thread 0x7b55c2edc640 (LWP 1642202) exited]
[Thread 0x7b55c36dd640 (LWP 1642201) exited]
[Thread 0x7b55bb5ff640 (LWP 1642200) exited]
[Thread 0x7b55c3ede640 (LWP 1642199) exited]
[Thread 0x7b55c46df640 (LWP 1642198) exited]
[Thread 0x7b55c4ee0640 (LWP 1642197) exited]
[Thread 0x7b55c4f86a00 (LWP 1642193) exited]
[Thread 0x7b55badfe640 (LWP 1642208) exited]
[New process 1642193]
[Inferior 1 (process 1642193) exited normally]
(gdb) No stack.
(gdb) 