Attaching to process 1620260
[New LWP 1620264]
[New LWP 1620265]
[New LWP 1620266]
[New LWP 1620267]
[New LWP 1620268]
[New LWP 1620269]
[New LWP 1620270]
[New LWP 1620271]
[New LWP 1620272]
[New LWP 1620273]
[New LWP 1620274]
[New LWP 1620275]
[New LWP 1620276]
[New LWP 1620277]
[New LWP 1620278]
[New LWP 1620279]
[New LWP 1620280]
[New LWP 1620281]
[New LWP 1620282]
[New LWP 1620283]
[New LWP 1620284]
[New LWP 1620285]
[Thread debugging using libthread_db enabled]
Using host libthread_db library "/lib/x86_64-linux-gnu/libthread_db.so.1".
0x000070c2d44a27f8 in __GI___clock_nanosleep (clock_id=clock_id@entry=0, flags=flags@entry=0, req=req@entry=0x7ffe4bb09010, rem=rem@entry=0x7ffe4bb09010) at ../sysdeps/unix/sysv/linux/clock_nanosleep.c:78
78	../sysdeps/unix/sysv/linux/clock_nanosleep.c: No such file or directory.
(gdb) (gdb) Continuing.
[Thread 0x70c2a4f6c640 (LWP 1620282) exited]
[Thread 0x70c2a476b640 (LWP 1620283) exited]
[Thread 0x70c2a3741640 (LWP 1620285) exited]
[Thread 0x70c2a3f6a640 (LWP 1620284) exited]
[Thread 0x70c2a9ffb640 (LWP 1620281) exited]
[Thread 0x70c2aa7fc640 (LWP 1620280) exited]
[Thread 0x70c2aaffd640 (LWP 1620279) exited]
[Thread 0x70c2ab7fe640 (LWP 1620278) exited]
[Thread 0x70c2abfff640 (LWP 1620277) exited]
[Thread 0x70c2b8c73640 (LWP 1620276) exited]
[Thread 0x70c2b97fa640 (LWP 1620275) exited]
[Thread 0x70c2b9ffb640 (LWP 1620274) exited]
[Thread 0x70c2ba7fc640 (LWP 1620273) exited]
[Thread 0x70c2baffd640 (LWP 1620272) exited]
[Thread 0x70c2bb7fe640 (LWP 1620271) exited]
[Thread 0x70c2bbfff640 (LWP 1620270) exited]
[Thread 0x70c2d0f1d640 (LWP 1620269) exited]
[Thread 0x70c2d171e640 (LWP 1620268) exited]
[Thread 0x70c2d1f1f640 (LWP 1620267) exited]
[Thread 0x70c2d2720640 (LWP 1620266) exited]
[Thread 0x70c2d2f21640 (LWP 1620265) exited]
[Thread 0x70c2d37c8a00 (LWP 1620260) exited]
[Thread 0x70c2d3722640 (LWP 1620264) exited]
[New process 1620260]
[Inferior 1 (process 1620260) exited normally]
(gdb) (gdb) No stack.
