Attaching to process 3127280
[New LWP 3127313]
[New LWP 3127314]
[New LWP 3127315]
[New LWP 3127316]
[New LWP 3127317]
[New LWP 3127318]
[New LWP 3127319]
[New LWP 3127320]
[New LWP 3127344]
[New LWP 3127345]
[New LWP 3127346]
[New LWP 3127347]
[New LWP 3127348]
[New LWP 3127349]
[New LWP 3127350]
[New LWP 3127351]
[New LWP 3127352]
[New LWP 3127353]
[New LWP 3127354]
[New LWP 3127355]
[New LWP 3127356]
[New LWP 3127357]
78	../sysdeps/unix/sysv/linux/clock_nanosleep.c[Thread debugging using libthread_db enabled]
Using host libthread_db library "/lib/x86_64-linux-gnu/libthread_db.so.1".
0x000072d0cb2917f8 in __GI___clock_nanosleep (clock_id=clock_id@entry=0, flags=flags@entry=0, req=req@entry=0x7fffc8025810, rem=rem@entry=0x7fffc8025810) at ../sysdeps/unix/sysv/linux/clock_nanosleep.c:78
: No such file or directory.
(gdb) (gdb) Continuing.
[Thread 0x72d09bd20640 (LWP 3127354) exited]
[Thread 0x72d09b51f640 (LWP 3127355) exited]
[Thread 0x72d09a35a640 (LWP 3127357) exited]
[Thread 0x72d09ad1e640 (LWP 3127356) exited]
[Thread 0x72d0a07f8640 (LWP 3127353) exited]
[Thread 0x72d0a0ff9640 (LWP 3127352) exited]
[Thread 0x72d0a17fa640 (LWP 3127351) exited]
[Thread 0x72d0a1ffb640 (LWP 3127350) exited]
[Thread 0x72d0a27fc640 (LWP 3127349) exited]
[Thread 0x72d0a2ffd640 (LWP 3127348) exited]
[Thread 0x72d0a37fe640 (LWP 3127347) exited]
[Thread 0x72d0a3fff640 (LWP 3127346) exited]
[Thread 0x72d0c0bfe640 (LWP 3127345) exited]
[Thread 0x72d0c2294640 (LWP 3127344) exited]
[Thread 0x72d0c2ffd640 (LWP 3127320) exited]
[Thread 0x72d0c37fe640 (LWP 3127319) exited]
[Thread 0x72d0c3fff640 (LWP 3127318) exited]
[Thread 0x72d0c8d0e640 (LWP 3127317) exited]
[Thread 0x72d0c950f640 (LWP 3127316) exited]
[Thread 0x72d0c13ff640 (LWP 3127315) exited]
[Thread 0x72d0c9d10640 (LWP 3127314) exited]
[Thread 0x72d0ca511640 (LWP 3127313) exited]
[Inferior 1 (process 3127280) exited normally]
(gdb) No stack.
(gdb) 