Attaching to process 1696477
[New LWP 1696481]
[New LWP 1696482]
[New LWP 1696483]
[New LWP 1696484]
[New LWP 1696485]
[New LWP 1696486]
[New LWP 1696487]
[New LWP 1696488]
[New LWP 1696489]
[New LWP 1696490]
[New LWP 1696491]
[New LWP 1696492]
[New LWP 1696493]
[New LWP 1696494]
[New LWP 1696495]
[New LWP 1696496]
[New LWP 1696497]
[New LWP 1696498]
[New LWP 1696499]
[New LWP 1696500]
[New LWP 1696501]
[New LWP 1696502]
78	../sysdeps/unix/sysv/linux/clock_nanosleep.c: No such file or directory.
[Thread debugging using libthread_db enabled]
Using host libthread_db library "/lib/x86_64-linux-gnu/libthread_db.so.1".
0x00007e128719a7f8 in __GI___clock_nanosleep (clock_id=clock_id@entry=0, flags=flags@entry=0, req=req@entry=0x7ffdc9975c60, rem=rem@entry=0x7ffdc9975c60) at ../sysdeps/unix/sysv/linux/clock_nanosleep.c:78
(gdb) (gdb) Continuing.
[Thread 0x7e1257be5640 (LWP 1696499) exited]
[Thread 0x7e12573e4640 (LWP 1696500) exited]
[Thread 0x7e125621f640 (LWP 1696502) exited]
[Thread 0x7e1256be3640 (LWP 1696501) exited]
[Thread 0x7e1274c73640 (LWP 1696498) exited]
[Thread 0x7e1275474640 (LWP 1696497) exited]
[Thread 0x7e1275c75640 (LWP 1696496) exited]
[Thread 0x7e1276476640 (LWP 1696495) exited]
[Thread 0x7e1276c77640 (LWP 1696494) exited]
[Thread 0x7e1277478640 (LWP 1696493) exited]
[Thread 0x7e1277fff640 (LWP 1696492) exited]
[Thread 0x7e127ca91640 (LWP 1696491) exited]
[Thread 0x7e127d292640 (LWP 1696490) exited]
[Thread 0x7e127e7fc640 (LWP 1696488) exited]
[Thread 0x7e127effd640 (LWP 1696487) exited]
[Thread 0x7e127f7fe640 (LWP 1696486) exited]
[Thread 0x7e127ffff640 (LWP 1696485) exited]
[Thread 0x7e1284c17640 (LWP 1696484) exited]
[Thread 0x7e1285418640 (LWP 1696483) exited]
[Thread 0x7e1285c19640 (LWP 1696482) exited]
[Thread 0x7e128641a640 (LWP 1696481) exited]
[Thread 0x7e12864c0a00 (LWP 1696477) exited]
[Thread 0x7e127da93640 (LWP 1696489) exited]
[New process 1696477]
[Inferior 1 (process 1696477) exited normally]
(gdb) No stack.
(gdb) 