Attaching to process 1695867
[New LWP 1695871]
[New LWP 1695872]
[New LWP 1695873]
[New LWP 1695874]
[New LWP 1695875]
[New LWP 1695876]
[New LWP 1695877]
[New LWP 1695878]
[New LWP 1695879]
[New LWP 1695880]
[New LWP 1695881]
[New LWP 1695882]
[New LWP 1695883]
[New LWP 1695884]
[New LWP 1695885]
[New LWP 1695886]
[New LWP 1695887]
[New LWP 1695888]
[New LWP 1695889]
[New LWP 1695890]
[New LWP 1695891]
[New LWP 1695892]
[Thread debugging using libthread_db enabled]
Using host libthread_db library "/lib/x86_64-linux-gnu/libthread_db.so.1".
0x000078ccecbd87f8 in __GI___clock_nanosleep (clock_id=clock_id@entry=0, flags=flags@entry=0, req=req@entry=0x7ffe71aeefb0, rem=rem@entry=0x7ffe71aeefb0) at ../sysdeps/unix/sysv/linux/clock_nanosleep.c:78
78	../sysdeps/unix/sysv/linux/clock_nanosleep.c: No such file or directory.
(gdb) (gdb) Continuing.
[Thread 0x78ccbd65f640 (LWP 1695889) exited]
[Thread 0x78ccb7fff640 (LWP 1695890) exited]
[Thread 0x78ccb77fe640 (LWP 1695892) exited]
[Thread 0x78ccbce5e640 (LWP 1695891) exited]
[Thread 0x78ccc67fc640 (LWP 1695888) exited]
[Thread 0x78ccc6ffd640 (LWP 1695887) exited]
[Thread 0x78ccc77fe640 (LWP 1695886) exited]
[Thread 0x78ccc7fff640 (LWP 1695885) exited]
[Thread 0x78ccd0a91640 (LWP 1695884) exited]
[Thread 0x78ccd1292640 (LWP 1695883) exited]
[Thread 0x78ccd1a93640 (LWP 1695882) exited]
[Thread 0x78ccd2294640 (LWP 1695881) exited]
[Thread 0x78ccd2a95640 (LWP 1695880) exited]
[Thread 0x78ccd3296640 (LWP 1695879) exited]
[Thread 0x78ccd3fff640 (LWP 1695878) exited]
[Thread 0x78cce8e52640 (LWP 1695877) exited]
[Thread 0x78cce9653640 (LWP 1695876) exited]
[Thread 0x78ccea655640 (LWP 1695874) exited]
[Thread 0x78cceae56640 (LWP 1695873) exited]
[Thread 0x78cceb657640 (LWP 1695872) exited]
[Thread 0x78ccebe58640 (LWP 1695871) exited]
[Thread 0x78ccebefea00 (LWP 1695867) exited]
[Thread 0x78cce9e54640 (LWP 1695875) exited]
[New process 1695867]
[Inferior 1 (process 1695867) exited normally]
(gdb) No stack.
(gdb) 