Attaching to process 3043841
[New LWP 3043881]
[New LWP 3043882]
[New LWP 3043883]
[New LWP 3043884]
[New LWP 3043885]
[New LWP 3043886]
[New LWP 3043887]
[New LWP 3043888]
[New LWP 3043905]
[New LWP 3043906]
[New LWP 3043907]
[New LWP 3043908]
[New LWP 3043909]
[New LWP 3043910]
[New LWP 3043911]
[New LWP 3043912]
[New LWP 3043913]
[New LWP 3043914]
[New LWP 3043935]
[New LWP 3043936]
[New LWP 3043937]
[New LWP 3043938]
78	../sysdeps/unix/sysv/linux/clock_nanosleep.c: No such file or directory.
[Thread debugging using libthread_db enabled]
Using host libthread_db library "/lib/x86_64-linux-gnu/libthread_db.so.1".
0x0000734db79ab7f8 in __GI___clock_nanosleep (clock_id=clock_id@entry=0, flags=flags@entry=0, req=req@entry=0x7ffd922a8570, rem=rem@entry=0x7ffd922a8570) at ../sysdeps/unix/sysv/linux/clock_nanosleep.c:78
(gdb) (gdb) Continuing.
[Thread 0x734d8842b640 (LWP 3043935) exited]
[Thread 0x734d87c2a640 (LWP 3043936) exited]
[Thread 0x734d86a65640 (LWP 3043938) exited]
[Thread 0x734d87429640 (LWP 3043937) exited]
[Thread 0x734d8d474640 (LWP 3043914) exited]
[Thread 0x734d8dc75640 (LWP 3043913) exited]
[Thread 0x734d8e476640 (LWP 3043912) exited]
[Thread 0x734d8ec77640 (LWP 3043911) exited]
[Thread 0x734d8f478640 (LWP 3043910) exited]
[Thread 0x734d8fc79640 (LWP 3043909) exited]
[Thread 0x734d9ca91640 (LWP 3043908) exited]
[Thread 0x734d9d292640 (LWP 3043907) exited]
[Thread 0x734d9da93640 (LWP 3043906) exited]
[Thread 0x734d9e294640 (LWP 3043905) exited]
[Thread 0x734d9effd640 (LWP 3043888) exited]
[Thread 0x734d9f7fe640 (LWP 3043887) exited]
[Thread 0x734d9ffff640 (LWP 3043886) exited]
[Thread 0x734db4c27640 (LWP 3043885) exited]
[Thread 0x734db5428640 (LWP 3043884) exited]
[Thread 0x734db5c29640 (LWP 3043883) exited]
[Thread 0x734db642a640 (LWP 3043882) exited]
[Thread 0x734db6cd1a00 (LWP 3043841) exited]
[Thread 0x734db6c2b640 (LWP 3043881) exited]
[New process 3043841]
[Inferior 1 (process 3043841) exited normally]
(gdb) No stack.
(gdb) 