Attaching to process 3628549
[New LWP 3628582]
[New LWP 3628583]
[New LWP 3628584]
[New LWP 3628585]
[New LWP 3628586]
[New LWP 3628587]
[New LWP 3628588]
[New LWP 3628589]
[New LWP 3628613]
[New LWP 3628614]
[New LWP 3628615]
[New LWP 3628616]
[New LWP 3628617]
[New LWP 3628618]
[New LWP 3628619]
[New LWP 3628620]
[New LWP 3628621]
[New LWP 3628622]
[New LWP 3628623]
[New LWP 3628624]
[New LWP 3628625]
[New LWP 3628626]
78	../sysdeps/unix/sysv/linux/clock_nanosleep.c: No such file or directory.
[Thread debugging using libthread_db enabled]
Using host libthread_db library "/lib/x86_64-linux-gnu/libthread_db.so.1".
0x00007a42d824c7f8 in __GI___clock_nanosleep (clock_id=clock_id@entry=0, flags=flags@entry=0, req=req@entry=0x7fffb819c830, rem=rem@entry=0x7fffb819c830) at ../sysdeps/unix/sysv/linux/clock_nanosleep.c:78
(gdb) (gdb) Continuing.
[Thread 0x7a42a8d23640 (LWP 3628623) exited]
[Thread 0x7a42a3fff640 (LWP 3628624) exited]
[Thread 0x7a42a37fe640 (LWP 3628626) exited]
[Thread 0x7a429bfff640 (LWP 3628625) exited]
[Thread 0x7a42ad7fa640 (LWP 3628622) exited]
[Thread 0x7a42adffb640 (LWP 3628621) exited]
[Thread 0x7a42ae7fc640 (LWP 3628620) exited]
[Thread 0x7a42aeffd640 (LWP 3628619) exited]
[Thread 0x7a42af7fe640 (LWP 3628618) exited]
[Thread 0x7a42affff640 (LWP 3628617) exited]
[Thread 0x7a42b5292640 (LWP 3628616) exited]
[Thread 0x7a42b5a93640 (LWP 3628615) exited]
[Thread 0x7a42b6294640 (LWP 3628614) exited]
[Thread 0x7a42b77fe640 (LWP 3628589) exited]
[Thread 0x7a42b7fff640 (LWP 3628588) exited]
[Thread 0x7a42d4cc7640 (LWP 3628587) exited]
[Thread 0x7a42d54c8640 (LWP 3628586) exited]
[Thread 0x7a42d5cc9640 (LWP 3628585) exited]
[Thread 0x7a42d64ca640 (LWP 3628584) exited]
[Thread 0x7a42d6ccb640 (LWP 3628583) exited]
[Thread 0x7a42d74cc640 (LWP 3628582) exited]
[Thread 0x7a42d7572a00 (LWP 3628549) exited]
[Thread 0x7a42b6a95640 (LWP 3628613) exited]
[New process 3628549]
[Inferior 1 (process 3628549) exited normally]
(gdb) (gdb) No stack.
