Attaching to process 1481227
[New LWP 1481260]
[New LWP 1481261]
[New LWP 1481262]
[New LWP 1481263]
[New LWP 1481264]
[New LWP 1481265]
[New LWP 1481266]
[New LWP 1481267]
[New LWP 1481291]
[New LWP 1481292]
[New LWP 1481293]
[New LWP 1481294]
[New LWP 1481295]
[New LWP 1481296]
[New LWP 1481297]
[New LWP 1481298]
[New LWP 1481299]
[New LWP 1481300]
[New LWP 1481301]
[New LWP 1481302]
[New LWP 1481303]
[New LWP 1481304]
[Thread debugging using libthread_db enabled]
Using host libthread_db library "/lib/x86_64-linux-gnu/libthread_db.so.1".
0x00007d630f9587f8 in __GI___clock_nanosleep (clock_id=clock_id@entry=0, flags=flags@entry=0, req=req@entry=0x7ffee1661640, rem=rem@entry=0x7ffee1661640) at ../sysdeps/unix/sysv/linux/clock_nanosleep.c:78
78	../sysdeps/unix/sysv/linux/clock_nanosleep.c: No such file or directory.
(gdb) (gdb) Continuing.
[Thread 0x7d62dffff640 (LWP 1481301) exited]
[Thread 0x7d62df7fe640 (LWP 1481302) exited]
[Thread 0x7d62de7fc640 (LWP 1481304) exited]
[Thread 0x7d62deffd640 (LWP 1481303) exited]
[Thread 0x7d62ecff9640 (LWP 1481300) exited]
[Thread 0x7d62ed7fa640 (LWP 1481299) exited]
[Thread 0x7d62edffb640 (LWP 1481298) exited]
[Thread 0x7d62ee7fc640 (LWP 1481297) exited]
[Thread 0x7d62eeffd640 (LWP 1481296) exited]
[Thread 0x7d62ef7fe640 (LWP 1481295) exited]
[Thread 0x7d62f5292640 (LWP 1481294) exited]
[Thread 0x7d62f6294640 (LWP 1481292) exited]
[Thread 0x7d62f6a95640 (LWP 1481291) exited]
[Thread 0x7d62f77fe640 (LWP 1481267) exited]
[Thread 0x7d62effff640 (LWP 1481266) exited]
[Thread 0x7d62f7fff640 (LWP 1481265) exited]
[Thread 0x7d630cbd4640 (LWP 1481264) exited]
[Thread 0x7d630d3d5640 (LWP 1481263) exited]
[Thread 0x7d630dbd6640 (LWP 1481262) exited]
[Thread 0x7d630e3d7640 (LWP 1481261) exited]
[Thread 0x7d630ebd8640 (LWP 1481260) exited]
[Thread 0x7d630ec7ea00 (LWP 1481227) exited]
No stack.
[Thread 0x7d62f5a93640 (LWP 1481293) exited]
[New process 1481227]
[Inferior 1 (process 1481227) exited normally]
(gdb) (gdb) 