Attaching to process 1277505
[New LWP 1277509]
[New LWP 1277510]
[New LWP 1277511]
[New LWP 1277512]
[New LWP 1277513]
[New LWP 1277514]
[New LWP 1277515]
[New LWP 1277516]
[New LWP 1277517]
[New LWP 1277518]
[New LWP 1277519]
[New LWP 1277520]
[New LWP 1277521]
[New LWP 1277522]
[New LWP 1277523]
[New LWP 1277524]
[New LWP 1277525]
[New LWP 1277526]
[New LWP 1277527]
[New LWP 1277528]
[New LWP 1277529]
[New LWP 1277530]
[Thread debugging using libthread_db enabled]
Using host libthread_db library "/lib/x86_64-linux-gnu/libthread_db.so.1".
0x00007b87125667f8 in __GI___clock_nanosleep (clock_id=clock_id@entry=0, flags=flags@entry=0, req=req@entry=0x7ffcb7d9c4c0, rem=rem@entry=0x7ffcb7d9c4c0) at ../sysdeps/unix/sysv/linux/clock_nanosleep.c:78
78	../sysdeps/unix/sysv/linux/clock_nanosleep.c: No such file or directory.
(gdb) (gdb) Continuing.
[Thread 0x7b86e3029640 (LWP 1277527) exited]
[Thread 0x7b86de828640 (LWP 1277528) exited]
[Thread 0x7b86e1fff640 (LWP 1277530) exited]
[Thread 0x7b86e2828640 (LWP 1277529) exited]
[Thread 0x7b86e77fe640 (LWP 1277526) exited]
[Thread 0x7b86e7fff640 (LWP 1277525) exited]
[Thread 0x7b86ecff9640 (LWP 1277524) exited]
[Thread 0x7b86ed7fa640 (LWP 1277523) exited]
[Thread 0x7b86edffb640 (LWP 1277522) exited]
[Thread 0x7b86ee7fc640 (LWP 1277521) exited]
[Thread 0x7b86eeffd640 (LWP 1277520) exited]
[Thread 0x7b86ef7fe640 (LWP 1277519) exited]
[Thread 0x7b8708ff9640 (LWP 1277517) exited]
[Thread 0x7b87097fa640 (LWP 1277516) exited]
[Thread 0x7b8709ffb640 (LWP 1277515) exited]
[Thread 0x7b870a7fc640 (LWP 1277514) exited]
[Thread 0x7b870affd640 (LWP 1277513) exited]
[Thread 0x7b870b7fe640 (LWP 1277512) exited]
[Thread 0x7b870bfff640 (LWP 1277511) exited]
[Thread 0x7b8710fe5640 (LWP 1277510) exited]
[Thread 0x7b87117e6640 (LWP 1277509) exited]
[Thread 0x7b871188ca00 (LWP 1277505) exited]
[Thread 0x7b86effff640 (LWP 1277518) exited]
[New process 1277505]
[Inferior 1 (process 1277505) exited normally]
(gdb) (gdb) No stack.
