Attaching to process 914529
[New LWP 914533]
[New LWP 914534]
[New LWP 914535]
[New LWP 914536]
[New LWP 914537]
[New LWP 914538]
[New LWP 914539]
[New LWP 914540]
[New LWP 914541]
[New LWP 914542]
[New LWP 914543]
[New LWP 914544]
[New LWP 914545]
[New LWP 914546]
[New LWP 914547]
[New LWP 914548]
[New LWP 914549]
[New LWP 914550]
[New LWP 914551]
[New LWP 914552]
[New LWP 914553]
[New LWP 914554]
[Thread debugging using libthread_db enabled]
Using host libthread_db library "/lib/x86_64-linux-gnu/libthread_db.so.1".
0x000070b6b199c7f8 in __GI___clock_nanosleep (clock_id=clock_id@entry=0, flags=flags@entry=0, req=req@entry=0x7ffd2b8ad5f0, rem=rem@entry=0x7ffd2b8ad5f0) at ../sysdeps/unix/sysv/linux/clock_nanosleep.c:78
78	../sysdeps/unix/sysv/linux/clock_nanosleep.c: No such file or directory.
(gdb) (gdb) Continuing.
[Thread 0x70b686414640 (LWP 914551) exited]
[Thread 0x70b685c13640 (LWP 914552) exited]
[Thread 0x70b684c11640 (LWP 914554) exited]
[Thread 0x70b685412640 (LWP 914553) exited]
[Thread 0x70b69effd640 (LWP 914550) exited]
[Thread 0x70b69f7fe640 (LWP 914549) exited]
[Thread 0x70b69ffff640 (LWP 914548) exited]
[Thread 0x70b6a4bfa640 (LWP 914547) exited]
[Thread 0x70b6a53fb640 (LWP 914546) exited]
[Thread 0x70b6a5bfc640 (LWP 914545) exited]
[Thread 0x70b6a63fd640 (LWP 914544) exited]
[Thread 0x70b6a6bfe640 (LWP 914543) exited]
[Thread 0x70b6a7fff640 (LWP 914542) exited]
[Thread 0x70b6adc16640 (LWP 914540) exited]
[Thread 0x70b6ae417640 (LWP 914539) exited]
[Thread 0x70b6aec18640 (LWP 914538) exited]
[Thread 0x70b6af419640 (LWP 914537) exited]
[Thread 0x70b6a73ff640 (LWP 914536) exited]
[Thread 0x70b6afc1a640 (LWP 914535) exited]
[Thread 0x70b6b041b640 (LWP 914534) exited]
[Thread 0x70b6b0c1c640 (LWP 914533) exited]
[Thread 0x70b6b0cc2a00 (LWP 914529) exited]
[Thread 0x70b6acd4e640 (LWP 914541) exited]
[New process 914529]
[Inferior 1 (process 914529) exited normally]
(gdb) (gdb) No stack.
