Attaching to process 3572214
[New LWP 3572247]
[New LWP 3572248]
[New LWP 3572249]
[New LWP 3572250]
[New LWP 3572251]
[New LWP 3572252]
[New LWP 3572253]
[New LWP 3572254]
[New LWP 3572278]
[New LWP 3572279]
[New LWP 3572280]
[New LWP 3572281]
[New LWP 3572282]
[New LWP 3572283]
[New LWP 3572284]
[New LWP 3572285]
[New LWP 3572286]
[New LWP 3572287]
[New LWP 3572288]
[New LWP 3572289]
[New LWP 3572290]
[New LWP 3572291]
78	../sysdeps/unix/sysv/linux/clock_nanosleep.c: No such file or directory.
[Thread debugging using libthread_db enabled]
Using host libthread_db library "/lib/x86_64-linux-gnu/libthread_db.so.1".
0x000077dda463d7f8 in __GI___clock_nanosleep (clock_id=clock_id@entry=0, flags=flags@entry=0, req=req@entry=0x7ffe497519c0, rem=rem@entry=0x7ffe497519c0) at ../sysdeps/unix/sysv/linux/clock_nanosleep.c:78
(gdb) (gdb) Continuing.
[Thread 0x77dd750cb640 (LWP 3572288) exited]
[Thread 0x77dd748ca640 (LWP 3572289) exited]
[Thread 0x77dd6f63b640 (LWP 3572291) exited]
[Thread 0x77dd6ffff640 (LWP 3572290) exited]
[Thread 0x77dd79ffb640 (LWP 3572287) exited]
[Thread 0x77dd7a7fc640 (LWP 3572286) exited]
[Thread 0x77dd7affd640 (LWP 3572285) exited]
[Thread 0x77dd7b7fe640 (LWP 3572284) exited]
[Thread 0x77dd7bfff640 (LWP 3572283) exited]
[Thread 0x77dd98dad640 (LWP 3572282) exited]
[Thread 0x77dd99934640 (LWP 3572281) exited]
[Thread 0x77dd9a135640 (LWP 3572280) exited]
[Thread 0x77dd9a936640 (LWP 3572279) exited]
[Thread 0x77dd9b137640 (LWP 3572278) exited]
[Thread 0x77dda10b8640 (LWP 3572253) exited]
[Thread 0x77dda18b9640 (LWP 3572252) exited]
[Thread 0x77dda20ba640 (LWP 3572251) exited]
[Thread 0x77dda28bb640 (LWP 3572250) exited]
[Thread 0x77dda30bc640 (LWP 3572249) exited]
[Thread 0x77dd9bfff640 (LWP 3572248) exited]
[Thread 0x77dda38bd640 (LWP 3572247) exited]
[Thread 0x77dda3963a00 (LWP 3572214) exited]
[Thread 0x77dda08b7640 (LWP 3572254) exited]
[New process 3572214]
[Inferior 1 (process 3572214) exited normally]
No stack.
(gdb) (gdb) 