Attaching to process 2094482
[New LWP 2094486]
[New LWP 2094487]
[New LWP 2094488]
[New LWP 2094489]
[New LWP 2094490]
[New LWP 2094491]
[New LWP 2094492]
[New LWP 2094493]
[New LWP 2094494]
[New LWP 2094495]
[New LWP 2094496]
[New LWP 2094497]
[New LWP 2094498]
[New LWP 2094499]
[New LWP 2094500]
[New LWP 2094501]
[New LWP 2094502]
[New LWP 2094503]
[New LWP 2094504]
[New LWP 2094505]
[New LWP 2094506]
[New LWP 2094507]
[Thread debugging using libthread_db enabled]
Using host libthread_db library "/lib/x86_64-linux-gnu/libthread_db.so.1".
0x00007ebbe65fa7f8 in __GI___clock_nanosleep (clock_id=clock_id@entry=0, flags=flags@entry=0, req=req@entry=0x7ffcb96c7850, rem=rem@entry=0x7ffcb96c7850) at ../sysdeps/unix/sysv/linux/clock_nanosleep.c:78
78	../sysdeps/unix/sysv/linux/clock_nanosleep.c: No such file or directory.
(gdb) (gdb) Continuing.
[Thread 0x7ebbb70a4640 (LWP 2094504) exited]
[Thread 0x7ebbb68a3640 (LWP 2094505) exited]
[Thread 0x7ebbb58a1640 (LWP 2094507) exited]
[Thread 0x7ebbb60a2640 (LWP 2094506) exited]
[Thread 0x7ebbbc472640 (LWP 2094503) exited]
[Thread 0x7ebbbcc73640 (LWP 2094502) exited]
[Thread 0x7ebbbd474640 (LWP 2094501) exited]
[Thread 0x7ebbbdc75640 (LWP 2094500) exited]
[Thread 0x7ebbbe476640 (LWP 2094499) exited]
[Thread 0x7ebbbec77640 (LWP 2094498) exited]
[Thread 0x7ebbbf7fe640 (LWP 2094497) exited]
[Thread 0x7ebbbffff640 (LWP 2094496) exited]
[Thread 0x7ebbdc932640 (LWP 2094495) exited]
[Thread 0x7ebbddffb640 (LWP 2094493) exited]
[Thread 0x7ebbde7fc640 (LWP 2094492) exited]
[Thread 0x7ebbdeffd640 (LWP 2094491) exited]
[Thread 0x7ebbdf7fe640 (LWP 2094490) exited]
[Thread 0x7ebbe4878640 (LWP 2094489) exited]
[Thread 0x7ebbe5079640 (LWP 2094488) exited]
[Thread 0x7ebbdffff640 (LWP 2094487) exited]
[Thread 0x7ebbe587a640 (LWP 2094486) exited]
[Thread 0x7ebbe5920a00 (LWP 2094482) exited]
[Thread 0x7ebbdd133640 (LWP 2094494) exited]
[New process 2094482]
[Inferior 1 (process 2094482) exited normally]
No stack.
(gdb) (gdb) 