Attaching to process 3606173
[New LWP 3606177]
[New LWP 3606178]
[New LWP 3606179]
[New LWP 3606180]
[New LWP 3606181]
[New LWP 3606182]
[New LWP 3606183]
[New LWP 3606184]
120	../sysdeps/unix/syscall-template.S: No such file or directory.
[Thread debugging using libthread_db enabled]
Using host libthread_db library "/lib/x86_64-linux-gnu/libthread_db.so.1".
0x00007bca61b95cdb in eventfd () at ../sysdeps/unix/syscall-template.S:120
(gdb) (gdb) Continuing.
[New Thread 0x7bca58a91640 (LWP 3606224)]
[New Thread 0x7bca53fff640 (LWP 3606225)]
[New Thread 0x7bca537fe640 (LWP 3606226)]
[New Thread 0x7bca525fe640 (LWP 3606227)]
[New Thread 0x7bca51dfd640 (LWP 3606228)]
[New Thread 0x7bca515fc640 (LWP 3606229)]
[New Thread 0x7bca50dfb640 (LWP 3606230)]
[New Thread 0x7bca3bfff640 (LWP 3606231)]
[New Thread 0x7bca3b7fe640 (LWP 3606232)]
[New Thread 0x7bca3affd640 (LWP 3606233)]
[New Thread 0x7bca3252c640 (LWP 3606234)]
[New Thread 0x7bca31d2b640 (LWP 3606235)]
[New Thread 0x7bca3152a640 (LWP 3606236)]
[New Thread 0x7bca30b66640 (LWP 3606237)]
[Thread 0x7bca30b66640 (LWP 3606237) exited]
[Thread 0x7bca3152a640 (LWP 3606236) exited]
[Thread 0x7bca31d2b640 (LWP 3606235) exited]
[Thread 0x7bca3252c640 (LWP 3606234) exited]
[Thread 0x7bca3affd640 (LWP 3606233) exited]
[Thread 0x7bca3b7fe640 (LWP 3606232) exited]
[Thread 0x7bca3bfff640 (LWP 3606231) exited]
[Thread 0x7bca50dfb640 (LWP 3606230) exited]
[Thread 0x7bca515fc640 (LWP 3606229) exited]
[Thread 0x7bca51dfd640 (LWP 3606228) exited]
[Thread 0x7bca537fe640 (LWP 3606226) exited]
[Thread 0x7bca53fff640 (LWP 3606225) exited]
[Thread 0x7bca58a91640 (LWP 3606224) exited]
[Thread 0x7bca597fa640 (LWP 3606184) exited]
[Thread 0x7bca59ffb640 (LWP 3606183) exited]
[Thread 0x7bca5a7fc640 (LWP 3606182) exited]
[Thread 0x7bca5affd640 (LWP 3606181) exited]
[Thread 0x7bca52dff640 (LWP 3606180) exited]
[Thread 0x7bca5b7fe640 (LWP 3606179) exited]
[Thread 0x7bca5bfff640 (LWP 3606178) exited]
[Thread 0x7bca60dd5640 (LWP 3606177) exited]
[Thread 0x7bca60e7ba00 (LWP 3606173) exited]
[Thread 0x7bca525fe640 (LWP 3606227) exited]
[New process 3606173]
[Inferior 1 (process 3606173) exited with code 01]
(gdb) No stack.
(gdb) 