Attaching to process 3606040
[New LWP 3606069]
[New LWP 3606070]
[New LWP 3606071]
[New LWP 3606073]
[New LWP 3606075]
[New LWP 3606076]
[New LWP 3606077]
[New LWP 3606079]
[New LWP 3606104]
[New LWP 3606105]
[New LWP 3606106]
[New LWP 3606107]
[New LWP 3606108]
[New LWP 3606109]
[New LWP 3606110]
[New LWP 3606111]
[New LWP 3606112]
[New LWP 3606113]
[New LWP 3606114]
[New LWP 3606115]
[New LWP 3606116]
[New LWP 3606117]
78	../sysdeps/unix/sysv/linux/clock_nanosleep.c: No such file or directory.
[Thread debugging using libthread_db enabled]
Using host libthread_db library "/lib/x86_64-linux-gnu/libthread_db.so.1".
0x000077114f2d27f8 in __GI___clock_nanosleep (clock_id=clock_id@entry=0, flags=flags@entry=0, req=req@entry=0x7ffc909a2b80, rem=rem@entry=0x7ffc909a2b80) at ../sysdeps/unix/sysv/linux/clock_nanosleep.c:78
(gdb) (gdb) Continuing.
[Thread 0x77111e337640 (LWP 3606117) exited]
[Thread 0x77111ecfb640 (LWP 3606116) exited]
[Thread 0x77111f4fc640 (LWP 3606115) exited]
[Thread 0x77111fcfd640 (LWP 3606114) exited]
[Thread 0x77112cff9640 (LWP 3606113) exited]
[Thread 0x77112d7fa640 (LWP 3606112) exited]
[Thread 0x77112dffb640 (LWP 3606111) exited]
[Thread 0x77112e7fc640 (LWP 3606110) exited]
[Thread 0x77112effd640 (LWP 3606109) exited]
[Thread 0x77112f7fe640 (LWP 3606108) exited]
[Thread 0x77113ca91640 (LWP 3606107) exited]
[Thread 0x77113d292640 (LWP 3606106) exited]
[Thread 0x77113da93640 (LWP 3606105) exited]
[Thread 0x77113e294640 (LWP 3606104) exited]
[Thread 0x77113effd640 (LWP 3606079) exited]
[Thread 0x77113f7fe640 (LWP 3606077) exited]
[Thread 0x77112ffff640 (LWP 3606076) exited]
[Thread 0x77113ffff640 (LWP 3606075) exited]
[Thread 0x77114cd4f640 (LWP 3606073) exited]
[Thread 0x77114d550640 (LWP 3606071) exited]
[Thread 0x77114dd51640 (LWP 3606070) exited]
[Thread 0x77114e552640 (LWP 3606069) exited]
[Inferior 1 (process 3606040) exited with code 01]
(gdb) No stack.
(gdb) 