Attaching to process 3606665
[New LWP 3606698]
[New LWP 3606699]
[New LWP 3606700]
[New LWP 3606701]
[New LWP 3606702]
[New LWP 3606703]
[New LWP 3606704]
[New LWP 3606705]
[New LWP 3606729]
[New LWP 3606730]
[New LWP 3606731]
[New LWP 3606732]
[New LWP 3606733]
[New LWP 3606734]
[New LWP 3606735]
[New LWP 3606736]
[New LWP 3606737]
[New LWP 3606738]
[New LWP 3606739]
[New LWP 3606740]
[New LWP 3606741]
[New LWP 3606742]
[Thread debugging using libthread_db enabled]
Using host libthread_db library "/lib/x86_64-linux-gnu/libthread_db.so.1".
0x00007c3eeb52b7f8 in __GI___clock_nanosleep (clock_id=clock_id@entry=0, flags=flags@entry=0, req=req@entry=0x7ffeab749480, rem=rem@entry=0x7ffeab749480) at ../sysdeps/unix/sysv/linux/clock_nanosleep.c:78
78	../sysdeps/unix/sysv/linux/clock_nanosleep.c: No such file or directory.
(gdb) (gdb) Continuing.
[Thread 0x7c3eba7ba640 (LWP 3606742) exited]
[Thread 0x7c3ebafe3640 (LWP 3606741) exited]
[Thread 0x7c3ebb7e4640 (LWP 3606740) exited]
[Thread 0x7c3ebbfe5640 (LWP 3606739) exited]
[Thread 0x7c3ec4ff9640 (LWP 3606738) exited]
[Thread 0x7c3ec57fa640 (LWP 3606737) exited]
[Thread 0x7c3ec5ffb640 (LWP 3606736) exited]
[Thread 0x7c3ec67fc640 (LWP 3606735) exited]
[Thread 0x7c3ec6ffd640 (LWP 3606734) exited]
[Thread 0x7c3ec77fe640 (LWP 3606733) exited]
[Thread 0x7c3ec7fff640 (LWP 3606732) exited]
[Thread 0x7c3ed8ff9640 (LWP 3606731) exited]
[Thread 0x7c3ed97fa640 (LWP 3606730) exited]
[Thread 0x7c3ed9ffb640 (LWP 3606729) exited]
[Thread 0x7c3eda7fc640 (LWP 3606705) exited]
[Thread 0x7c3edaffd640 (LWP 3606704) exited]
[Thread 0x7c3edb7fe640 (LWP 3606703) exited]
[Thread 0x7c3edbfff640 (LWP 3606702) exited]
[Thread 0x7c3ee8fa8640 (LWP 3606701) exited]
[Thread 0x7c3ee97a9640 (LWP 3606700) exited]
[Thread 0x7c3ee9faa640 (LWP 3606699) exited]
[Thread 0x7c3eea7ab640 (LWP 3606698) exited]
[Inferior 1 (process 3606665) exited with code 01]
(gdb) No stack.
(gdb) 