Attaching to process 3606798
[New LWP 3606802]
[New LWP 3606803]
[New LWP 3606804]
[New LWP 3606805]
[New LWP 3606806]
[New LWP 3606807]
[New LWP 3606808]
[New LWP 3606809]
[New LWP 3606848]
[New LWP 3606849]
[New LWP 3606850]
[New LWP 3606851]
[New LWP 3606852]
[New LWP 3606853]
[New LWP 3606854]
[New LWP 3606855]
[New LWP 3606856]
[New LWP 3606857]
144	../sysdeps/ieee754/dbl-64/s_sin.c: No such file or directory.
[Thread debugging using libthread_db enabled]
Using host libthread_db library "/lib/x86_64-linux-gnu/libthread_db.so.1".
0x00007e866a58af41 in do_sin (dx=<error reading variable: Incompatible types on DWARF stack>, x=0.0017745025868089181) at ../sysdeps/ieee754/dbl-64/s_sin.c:144
(gdb) (gdb) Continuing.
[New Thread 0x7e863adf1640 (LWP 3606860)]
[New Thread 0x7e863a5f0640 (LWP 3606861)]
[New Thread 0x7e8639def640 (LWP 3606862)]
[New Thread 0x7e86395ee640 (LWP 3606863)]
[Thread 0x7e8639def640 (LWP 3606862) exited]
[Thread 0x7e86395ee640 (LWP 3606863) exited]
[Thread 0x7e863a5f0640 (LWP 3606861) exited]
[Thread 0x7e863adf1640 (LWP 3606860) exited]
[Thread 0x7e86437fe640 (LWP 3606857) exited]
[Thread 0x7e8643fff640 (LWP 3606856) exited]
[Thread 0x7e8650dfb640 (LWP 3606855) exited]
[Thread 0x7e86515fc640 (LWP 3606854) exited]
[Thread 0x7e8651dfd640 (LWP 3606853) exited]
[Thread 0x7e86525fe640 (LWP 3606852) exited]
[Thread 0x7e86537fe640 (LWP 3606851) exited]
[Thread 0x7e8653fff640 (LWP 3606850) exited]
[Thread 0x7e8658a91640 (LWP 3606849) exited]
[Thread 0x7e8659ffb640 (LWP 3606809) exited]
[Thread 0x7e865a7fc640 (LWP 3606808) exited]
[Thread 0x7e865affd640 (LWP 3606807) exited]
[Thread 0x7e8652dff640 (LWP 3606806) exited]
[Thread 0x7e865b7fe640 (LWP 3606805) exited]
[Thread 0x7e865bfff640 (LWP 3606804) exited]
[Thread 0x7e8668e76640 (LWP 3606803) exited]
[Thread 0x7e8669677640 (LWP 3606802) exited]
[Thread 0x7e866971da00 (LWP 3606798) exited]
[Thread 0x7e8659292640 (LWP 3606848) exited]
[New process 3606798]
[Inferior 1 (process 3606798) exited with code 01]
(gdb) (gdb) No stack.
