Attaching to process 3605416
[New LWP 3605449]
[New LWP 3605450]
[New LWP 3605451]
[New LWP 3605452]
[New LWP 3605453]
[New LWP 3605454]
[New LWP 3605455]
[New LWP 3605456]
[New LWP 3605480]
[New LWP 3605481]
[New LWP 3605482]
[New LWP 3605483]
[New LWP 3605484]
[New LWP 3605485]
[New LWP 3605486]
[New LWP 3605487]
[New LWP 3605488]
[New LWP 3605489]
[New LWP 3605490]
[New LWP 3605491]
[New LWP 3605492]
[New LWP 3605493]
[Thread debugging using libthread_db enabled]
Using host libthread_db library "/lib/x86_64-linux-gnu/libthread_db.so.1".
0x00007f76e52e77f8 in __GI___clock_nanosleep (clock_id=clock_id@entry=0, flags=flags@entry=0, req=req@entry=0x7ffd2c57c740, rem=rem@entry=0x7ffd2c57c740) at ../sysdeps/unix/sysv/linux/clock_nanosleep.c:78
78	../sysdeps/unix/sysv/linux/clock_nanosleep.c: No such file or directory.
(gdb) (gdb) Continuing.
[Thread 0x7f76a7fff640 (LWP 3605493) exited]
[Thread 0x7f76b4d63640 (LWP 3605492) exited]
[Thread 0x7f76b5564640 (LWP 3605491) exited]
[Thread 0x7f76b5d65640 (LWP 3605490) exited]
[Thread 0x7f76baffd640 (LWP 3605489) exited]
[Thread 0x7f76bb7fe640 (LWP 3605488) exited]
[Thread 0x7f76bbfff640 (LWP 3605487) exited]
[Thread 0x7f76c0a91640 (LWP 3605486) exited]
[Thread 0x7f76c1292640 (LWP 3605485) exited]
[Thread 0x7f76c1a93640 (LWP 3605484) exited]
[Thread 0x7f76c2294640 (LWP 3605483) exited]
[Thread 0x7f76c2a95640 (LWP 3605482) exited]
[Thread 0x7f76c3296640 (LWP 3605481) exited]
[Thread 0x7f76c3a97640 (LWP 3605480) exited]
[Thread 0x7f76e0d60640 (LWP 3605456) exited]
[Thread 0x7f76e1561640 (LWP 3605455) exited]
[Thread 0x7f76e1d62640 (LWP 3605454) exited]
[Thread 0x7f76e2563640 (LWP 3605453) exited]
[Thread 0x7f76e2d64640 (LWP 3605452) exited]
[Thread 0x7f76e3565640 (LWP 3605451) exited]
[Thread 0x7f76e3d66640 (LWP 3605450) exited]
[Thread 0x7f76e4567640 (LWP 3605449) exited]
[Inferior 1 (process 3605416) exited with code 01]
No stack.
(gdb) (gdb) 