Attaching to process 231883
[New LWP 231908]
[New LWP 231909]
[New LWP 231910]
[New LWP 231911]
[New LWP 231912]
[New LWP 231913]
[New LWP 231914]
[New LWP 231915]
[New LWP 231947]
[New LWP 231948]
[New LWP 231949]
[New LWP 231950]
[New LWP 231951]
[New LWP 231952]
[New LWP 231953]
[New LWP 231954]
[New LWP 231955]
[New LWP 231956]
[New LWP 231957]
[New LWP 231958]
[New LWP 231959]
[New LWP 231960]
[Thread debugging using libthread_db enabled]
Using host libthread_db library "/lib/x86_64-linux-gnu/libthread_db.so.1".
0x0000745bea7b17f8 in __GI___clock_nanosleep (clock_id=clock_id@entry=0, flags=flags@entry=0, req=req@entry=0x7ffee967e530, rem=rem@entry=0x7ffee967e530) at ../sysdeps/unix/sysv/linux/clock_nanosleep.c:78
78	../sysdeps/unix/sysv/linux/clock_nanosleep.c: No such file or directory.
(gdb) (gdb) Continuing.
[Thread 0x745bcd801640 (LWP 231960) exited]
[Thread 0x745bce1c5640 (LWP 231959) exited]
[Thread 0x745bce9c6640 (LWP 231958) exited]
[Thread 0x745bcf1c7640 (LWP 231957) exited]
[Thread 0x745bd8c73640 (LWP 231956) exited]
[Thread 0x745bd9474640 (LWP 231955) exited]
[Thread 0x745bd9c75640 (LWP 231954) exited]
[Thread 0x745bda476640 (LWP 231953) exited]
[Thread 0x745bdac77640 (LWP 231952) exited]
[Thread 0x745bdb478640 (LWP 231951) exited]
[Thread 0x745bdbfff640 (LWP 231950) exited]
[Thread 0x745be0a91640 (LWP 231949) exited]
[Thread 0x745be1292640 (LWP 231948) exited]
[Thread 0x745be1a93640 (LWP 231947) exited]
[Thread 0x745be27fc640 (LWP 231915) exited]
[Thread 0x745be2ffd640 (LWP 231914) exited]
[Thread 0x745be37fe640 (LWP 231913) exited]
[Thread 0x745be3fff640 (LWP 231912) exited]
[Thread 0x745bd81ff640 (LWP 231911) exited]
[Thread 0x745be8a2f640 (LWP 231910) exited]
[Thread 0x745be9230640 (LWP 231909) exited]
[Thread 0x745be9a31640 (LWP 231908) exited]
[Inferior 1 (process 231883) exited with code 01]
(gdb) No stack.
(gdb) 