Attaching to process 231310
[New LWP 231314]
[New LWP 231315]
[New LWP 231316]
[New LWP 231317]
[New LWP 231318]
[New LWP 231319]
[New LWP 231320]
[New LWP 231321]
[New LWP 231359]
[New LWP 231360]
[New LWP 231361]
[New LWP 231362]
[New LWP 231363]
[New LWP 231364]
[New LWP 231365]
[New LWP 231366]
[New LWP 231367]
[New LWP 231368]
39	../sysdeps/ieee754/dbl-64/s_sincos.c: No such file or directory.
[Thread debugging using libthread_db enabled]
Using host libthread_db library "/lib/x86_64-linux-gnu/libthread_db.so.1".
0x00007565d4a9ead2 in __sincos (x=676589.18027697608, sinx=sinx@entry=0x7ffde9830cd8, cosx=cosx@entry=0x7ffde9830cd0) at ../sysdeps/ieee754/dbl-64/s_sincos.c:39
(gdb) (gdb) Continuing.
[New Thread 0x7565a53c4640 (LWP 231371)]
[New Thread 0x75659c9ff640 (LWP 231372)]
[New Thread 0x7565a4b9b640 (LWP 231373)]
[New Thread 0x75659ffff640 (LWP 231374)]
[Thread 0x75659ffff640 (LWP 231374) exited]
[Thread 0x7565a4b9b640 (LWP 231373) exited]
[Thread 0x75659c9ff640 (LWP 231372) exited]
[Thread 0x7565a53c4640 (LWP 231371) exited]
[Thread 0x7565a9ffb640 (LWP 231368) exited]
[Thread 0x7565aa7fc640 (LWP 231367) exited]
[Thread 0x7565aaffd640 (LWP 231366) exited]
[Thread 0x7565ab7fe640 (LWP 231365) exited]
[Thread 0x7565abfff640 (LWP 231364) exited]
[Thread 0x7565c8e75640 (LWP 231363) exited]
[Thread 0x7565c99fc640 (LWP 231362) exited]
[Thread 0x7565ca1fd640 (LWP 231361) exited]
[Thread 0x7565ca9fe640 (LWP 231360) exited]
[Thread 0x7565cba97640 (LWP 231359) exited]
[Thread 0x7565d0b85640 (LWP 231321) exited]
[Thread 0x7565d1386640 (LWP 231320) exited]
[Thread 0x7565d1b87640 (LWP 231319) exited]
[Thread 0x7565d2388640 (LWP 231318) exited]
[Thread 0x7565d2b89640 (LWP 231317) exited]
[Thread 0x7565d338a640 (LWP 231316) exited]
[Thread 0x7565cb1ff640 (LWP 231315) exited]
[Thread 0x7565d3b8b640 (LWP 231314) exited]
[Inferior 1 (process 231310) exited with code 01]
(gdb) No stack.
(gdb) 