Attaching to process 230604
[New LWP 230608]
[New LWP 230609]
[New LWP 230610]
[New LWP 230611]
[New LWP 230612]
[New LWP 230613]
[New LWP 230614]
[New LWP 230615]
[New LWP 230653]
[New LWP 230654]
[New LWP 230655]
[New LWP 230656]
[New LWP 230657]
[New LWP 230658]
[New LWP 230659]
[New LWP 230660]
[New LWP 230661]
[New LWP 230662]
[Thread debugging using libthread_db enabled]
Using host libthread_db library "/lib/x86_64-linux-gnu/libthread_db.so.1".
0x00007cb7bcccd8b0 in _int_malloc (av=av@entry=0x7cb7bce43c80 <main_arena>, bytes=bytes@entry=2512) at ./malloc/malloc.c:4382
4382	./malloc/malloc.c: No such file or directory.
(gdb) (gdb) Continuing.
[New Thread 0x7cb78d7b3640 (LWP 230665)]
[New Thread 0x7cb78cfb2640 (LWP 230666)]
[New Thread 0x7cb787fff640 (LWP 230667)]
[New Thread 0x7cb7877fe640 (LWP 230668)]
[Thread 0x7cb7877fe640 (LWP 230668) exited]
[Thread 0x7cb787fff640 (LWP 230667) exited]
[Thread 0x7cb78cfb2640 (LWP 230666) exited]
[Thread 0x7cb78d7b3640 (LWP 230665) exited]
[Thread 0x7cb7927fc640 (LWP 230662) exited]
[Thread 0x7cb792ffd640 (LWP 230661) exited]
[Thread 0x7cb7937fe640 (LWP 230660) exited]
[Thread 0x7cb793fff640 (LWP 230659) exited]
[Thread 0x7cb798c73640 (LWP 230658) exited]
[Thread 0x7cb799474640 (LWP 230657) exited]
[Thread 0x7cb799ffb640 (LWP 230656) exited]
[Thread 0x7cb79a7fc640 (LWP 230655) exited]
[Thread 0x7cb79b7fe640 (LWP 230653) exited]
[Thread 0x7cb79bfff640 (LWP 230615) exited]
[Thread 0x7cb7b8f88640 (LWP 230614) exited]
[Thread 0x7cb7b9789640 (LWP 230613) exited]
[Thread 0x7cb7b9f8a640 (LWP 230612) exited]
[Thread 0x7cb7ba78b640 (LWP 230611) exited]
[Thread 0x7cb7baf8c640 (LWP 230610) exited]
[Thread 0x7cb7bb78d640 (LWP 230609) exited]
[Thread 0x7cb7bbf8e640 (LWP 230608) exited]
[Thread 0x7cb7bc034a00 (LWP 230604) exited]
[Thread 0x7cb79affd640 (LWP 230654) exited]
[New process 230604]
[Inferior 1 (process 230604) exited with code 01]
No stack.
(gdb) (gdb) 