Attaching to process 232096
[New LWP 232100]
[New LWP 232101]
[New LWP 232102]
[New LWP 232103]
[New LWP 232104]
[New LWP 232105]
[New LWP 232106]
[New LWP 232107]
[New LWP 232128]
[New LWP 232129]
[New LWP 232130]
[New LWP 232131]
[New LWP 232133]
[New LWP 232134]
[New LWP 232135]
[New LWP 232136]
[New LWP 232137]
[New LWP 232138]
[Thread debugging using libthread_db enabled]
Using host libthread_db library "/lib/x86_64-linux-gnu/libthread_db.so.1".
__sincos (x=2534127.2449369761, sinx=sinx@entry=0x7ffc34fbc3e8, cosx=cosx@entry=0x7ffc34fbc3e0) at ../sysdeps/ieee754/dbl-64/s_sincos.c:76
76	../sysdeps/ieee754/dbl-64/s_sincos.c: No such file or directory.
(gdb) (gdb) Continuing.
[New Thread 0x7490a976d640 (LWP 232157)]
[New Thread 0x7490a8f6c640 (LWP 232158)]
[New Thread 0x74909bfff640 (LWP 232159)]
[New Thread 0x7490a3fff640 (LWP 232160)]
[Thread 0x7490a3fff640 (LWP 232160) exited]
[Thread 0x7490a8f6c640 (LWP 232158) exited]
[Thread 0x7490a976d640 (LWP 232157) exited]
[Thread 0x7490ae7fc640 (LWP 232138) exited]
[Thread 0x7490aeffd640 (LWP 232137) exited]
[Thread 0x7490af7fe640 (LWP 232136) exited]
[Thread 0x7490affff640 (LWP 232135) exited]
[Thread 0x7490cca75640 (LWP 232134) exited]
[Thread 0x7490cd276640 (LWP 232133) exited]
[Thread 0x7490cddfd640 (LWP 232131) exited]
[Thread 0x7490ce5fe640 (LWP 232130) exited]
[Thread 0x7490cf7fe640 (LWP 232129) exited]
[Thread 0x7490cffff640 (LWP 232128) exited]
[Thread 0x7490d4f7a640 (LWP 232107) exited]
[Thread 0x7490d577b640 (LWP 232106) exited]
[Thread 0x7490d5f7c640 (LWP 232105) exited]
[Thread 0x7490d677d640 (LWP 232104) exited]
[Thread 0x7490d6f7e640 (LWP 232103) exited]
[Thread 0x7490cedff640 (LWP 232102) exited]
[Thread 0x7490d777f640 (LWP 232101) exited]
[Thread 0x7490d7f80640 (LWP 232100) exited]
[Thread 0x7490d8026a00 (LWP 232096) exited]
[Thread 0x74909bfff640 (LWP 232159) exited]
[New process 232096]
[Inferior 1 (process 232096) exited with code 01]
(gdb) No stack.
(gdb) 