Attaching to process 232015
[New LWP 232019]
[New LWP 232020]
[New LWP 232021]
[New LWP 232022]
[New LWP 232023]
[New LWP 232024]
[New LWP 232025]
[New LWP 232026]
[New LWP 232064]
[New LWP 232065]
[New LWP 232066]
[New LWP 232067]
[Thread debugging using libthread_db enabled]
Using host libthread_db library "/lib/x86_64-linux-gnu/libthread_db.so.1".
__memset_avx2_unaligned_erms () at ../sysdeps/x86_64/multiarch/memset-vec-unaligned-erms.S:351
351	../sysdeps/x86_64/multiarch/memset-vec-unaligned-erms.S: No such file or directory.
(gdb) (gdb) Continuing.
[New Thread 0x70f948a76640 (LWP 232070)]
[New Thread 0x70f933fff640 (LWP 232071)]
[New Thread 0x70f9337fe640 (LWP 232072)]
[New Thread 0x70f932ffd640 (LWP 232073)]
[New Thread 0x70f9327fc640 (LWP 232074)]
[New Thread 0x70f931ffb640 (LWP 232075)]
[New Thread 0x70f928f3f640 (LWP 232076)]
[New Thread 0x70f91ffff640 (LWP 232077)]
[New Thread 0x70f91f7fe640 (LWP 232078)]
[New Thread 0x70f91effd640 (LWP 232079)]
[Thread 0x70f91effd640 (LWP 232079) exited]
[Thread 0x70f91f7fe640 (LWP 232078) exited]
[Thread 0x70f91ffff640 (LWP 232077) exited]
[Thread 0x70f928f3f640 (LWP 232076) exited]
[Thread 0x70f931ffb640 (LWP 232075) exited]
[Thread 0x70f9327fc640 (LWP 232074) exited]
[Thread 0x70f932ffd640 (LWP 232073) exited]
[Thread 0x70f9337fe640 (LWP 232072) exited]
[Thread 0x70f933fff640 (LWP 232071) exited]
[Thread 0x70f948a76640 (LWP 232070) exited]
[Thread 0x70f9495fd640 (LWP 232067) exited]
[Thread 0x70f949dfe640 (LWP 232066) exited]
[Thread 0x70f94affd640 (LWP 232065) exited]
[Thread 0x70f94b7fe640 (LWP 232064) exited]
[Thread 0x70f94bfff640 (LWP 232026) exited]
[Thread 0x70f950f82640 (LWP 232025) exited]
[Thread 0x70f951783640 (LWP 232024) exited]
[Thread 0x70f951f84640 (LWP 232023) exited]
[Thread 0x70f952785640 (LWP 232022) exited]
[Thread 0x70f94a5ff640 (LWP 232021) exited]
[Thread 0x70f952f86640 (LWP 232020) exited]
[Thread 0x70f953787640 (LWP 232019) exited]
[Inferior 1 (process 232015) exited with code 01]
(gdb) No stack.
(gdb) 