Attaching to process 231391
[New LWP 231395]
[New LWP 231396]
[New LWP 231397]
[New LWP 231398]
[New LWP 231399]
[New LWP 231400]
[New LWP 231401]
[New LWP 231402]
[New LWP 231440]
[New LWP 231441]
[New LWP 231442]
[New LWP 231443]
[New LWP 231444]
[New LWP 231445]
[New LWP 231446]
[New LWP 231447]
[New LWP 231448]
[New LWP 231449]
[Thread debugging using libthread_db enabled]
Using host libthread_db library "/lib/x86_64-linux-gnu/libthread_db.so.1".
0x0000795f519920d4 in do_sin (dx=1.0471636838056944e-17, x=6.5932531225081932e-310) at ../sysdeps/ieee754/dbl-64/s_sin.c:142
142	../sysdeps/ieee754/dbl-64/s_sin.c: No such file or directory.
(gdb) (gdb) Continuing.
[New Thread 0x795f2226e640 (LWP 231452)]
[New Thread 0x795f1bfff640 (LWP 231453)]
[New Thread 0x795f21a6d640 (LWP 231454)]
[New Thread 0x795f2126c640 (LWP 231455)]
[Thread 0x795f2126c640 (LWP 231455) exited]
[Thread 0x795f21a6d640 (LWP 231454) exited]
[Thread 0x795f1bfff640 (LWP 231453) exited]
[Thread 0x795f2226e640 (LWP 231452) exited]
[Thread 0x795f2affd640 (LWP 231449) exited]
[Thread 0x795f2b7fe640 (LWP 231448) exited]
[Thread 0x795f2bfff640 (LWP 231447) exited]
[Thread 0x795f40c73640 (LWP 231446) exited]
[Thread 0x795f41474640 (LWP 231445) exited]
[Thread 0x795f41c75640 (LWP 231444) exited]
[Thread 0x795f427fc640 (LWP 231443) exited]
[Thread 0x795f42ffd640 (LWP 231442) exited]
[Thread 0x795f437fe640 (LWP 231441) exited]
[Thread 0x795f48a91640 (LWP 231440) exited]
[Thread 0x795f497fa640 (LWP 231402) exited]
[Thread 0x795f49ffb640 (LWP 231401) exited]
[Thread 0x795f4a7fc640 (LWP 231400) exited]
[Thread 0x795f4affd640 (LWP 231399) exited]
[Thread 0x795f4b7fe640 (LWP 231398) exited]
[Thread 0x795f43fff640 (LWP 231397) exited]
[Thread 0x795f4bfff640 (LWP 231396) exited]
[Thread 0x795f50a7e640 (LWP 231395) exited]
[Inferior 1 (process 231391) exited with code 01]
(gdb) No stack.
(gdb) 