Attaching to process 230471
[New LWP 230504]
[New LWP 230505]
[New LWP 230506]
[New LWP 230507]
[New LWP 230508]
[New LWP 230509]
[New LWP 230510]
[New LWP 230511]
[New LWP 230535]
[New LWP 230536]
[New LWP 230537]
[New LWP 230538]
[New LWP 230539]
[New LWP 230540]
[New LWP 230541]
[New LWP 230542]
[New LWP 230543]
[New LWP 230544]
[New LWP 230545]
[New LWP 230546]
[New LWP 230547]
[New LWP 230548]
[Thread debugging using libthread_db enabled]
Using host libthread_db library "/lib/x86_64-linux-gnu/libthread_db.so.1".
0x000075f6742a97f8 in __GI___clock_nanosleep (clock_id=clock_id@entry=0, flags=flags@entry=0, req=req@entry=0x7ffd7e603740, rem=rem@entry=0x7ffd7e603740) at ../sysdeps/unix/sysv/linux/clock_nanosleep.c:78
78	../sysdeps/unix/sysv/linux/clock_nanosleep.c: No such file or directory.
(gdb) (gdb) Continuing.
[Thread 0x75f64350b640 (LWP 230548) exited]
[Thread 0x75f643d0c640 (LWP 230547) exited]
[Thread 0x75f64450d640 (LWP 230546) exited]
[Thread 0x75f644d0e640 (LWP 230545) exited]
[Thread 0x75f64dffb640 (LWP 230544) exited]
[Thread 0x75f64e7fc640 (LWP 230543) exited]
[Thread 0x75f64effd640 (LWP 230542) exited]
[Thread 0x75f64f7fe640 (LWP 230541) exited]
[Thread 0x75f64ffff640 (LWP 230540) exited]
[Thread 0x75f658a91640 (LWP 230539) exited]
[Thread 0x75f659292640 (LWP 230538) exited]
[Thread 0x75f659a93640 (LWP 230537) exited]
[Thread 0x75f65a294640 (LWP 230536) exited]
[Thread 0x75f65b7fe640 (LWP 230511) exited]
[Thread 0x75f65bfff640 (LWP 230510) exited]
[Thread 0x75f670d24640 (LWP 230509) exited]
[Thread 0x75f671525640 (LWP 230508) exited]
[Thread 0x75f671d26640 (LWP 230507) exited]
[Thread 0x75f672527640 (LWP 230506) exited]
[Thread 0x75f672d28640 (LWP 230505) exited]
[Thread 0x75f673529640 (LWP 230504) exited]
[Thread 0x75f6735cfa00 (LWP 230471) exited]
[Thread 0x75f65aa95640 (LWP 230535) exited]
[New process 230471]
[Inferior 1 (process 230471) exited with code 01]
(gdb) No stack.
(gdb) 