Attaching to process 230685
[New LWP 230689]
[New LWP 230690]
[New LWP 230691]
[New LWP 230692]
[New LWP 230693]
[New LWP 230694]
[New LWP 230695]
[New LWP 230696]
[New LWP 230734]
[New LWP 230735]
[New LWP 230736]
[New LWP 230737]
[New LWP 230738]
[New LWP 230739]
[New LWP 230740]
[New LWP 230741]
[New LWP 230742]
[New LWP 230743]
[Thread debugging using libthread_db enabled]
Using host libthread_db library "/lib/x86_64-linux-gnu/libthread_db.so.1".
0x0000715cf189f032 in __sincos (x=95848.803570107411, sinx=sinx@entry=0x7ffea9eecf28, cosx=cosx@entry=0x7ffea9eecf20) at ../sysdeps/ieee754/dbl-64/s_sin.c:160
160	../sysdeps/ieee754/dbl-64/s_sin.c: No such file or directory.
(gdb) (gdb) Continuing.
[New Thread 0x715cc219f640 (LWP 230746)]
[New Thread 0x715cc199e640 (LWP 230747)]
[New Thread 0x715cc119d640 (LWP 230748)]
[New Thread 0x715cbbfff640 (LWP 230749)]
[Thread 0x715cbbfff640 (LWP 230749) exited]
[Thread 0x715cc119d640 (LWP 230748) exited]
[Thread 0x715cc199e640 (LWP 230747) exited]
[Thread 0x715cc219f640 (LWP 230746) exited]
[Thread 0x715cc6ffd640 (LWP 230743) exited]
[Thread 0x715cc77fe640 (LWP 230742) exited]
[Thread 0x715cc7fff640 (LWP 230741) exited]
[Thread 0x715cccc73640 (LWP 230740) exited]
[Thread 0x715ccd474640 (LWP 230739) exited]
[Thread 0x715ccdc75640 (LWP 230738) exited]
[Thread 0x715cce7fc640 (LWP 230737) exited]
[Thread 0x715cceffd640 (LWP 230736) exited]
[Thread 0x715ccf7fe640 (LWP 230735) exited]
[Thread 0x715ccffff640 (LWP 230734) exited]
[Thread 0x715ced184640 (LWP 230696) exited]
[Thread 0x715ced985640 (LWP 230695) exited]
[Thread 0x715cee186640 (LWP 230694) exited]
[Thread 0x715cee987640 (LWP 230693) exited]
[Thread 0x715cef188640 (LWP 230692) exited]
[Thread 0x715cef989640 (LWP 230691) exited]
[Thread 0x715cf018a640 (LWP 230690) exited]
[Thread 0x715cf098b640 (LWP 230689) exited]
[Inferior 1 (process 230685) exited with code 01]
(gdb) No stack.
(gdb) 