Attaching to process 231177
[New LWP 231204]
[New LWP 231207]
[New LWP 231209]
[New LWP 231210]
[New LWP 231213]
[New LWP 231214]
[New LWP 231215]
[New LWP 231216]
[New LWP 231241]
[New LWP 231242]
[New LWP 231243]
[New LWP 231244]
[New LWP 231245]
[New LWP 231246]
[New LWP 231247]
[New LWP 231248]
[New LWP 231249]
[New LWP 231250]
[New LWP 231251]
[New LWP 231252]
[New LWP 231253]
[New LWP 231254]
78	../sysdeps/unix/sysv/linux/clock_nanosleep.c: No such file or directory.
[Thread debugging using libthread_db enabled]
Using host libthread_db library "/lib/x86_64-linux-gnu/libthread_db.so.1".
0x00007f99497b67f8 in __GI___clock_nanosleep (clock_id=clock_id@entry=0, flags=flags@entry=0, req=req@entry=0x7ffe3be53df0, rem=rem@entry=0x7ffe3be53df0) at ../sysdeps/unix/sysv/linux/clock_nanosleep.c:78
(gdb) (gdb) Continuing.
[Thread 0x7f99189df640 (LWP 231254) exited]
[Thread 0x7f99191e0640 (LWP 231253) exited]
[Thread 0x7f99199e1640 (LWP 231252) exited]
[Thread 0x7f991a1e2640 (LWP 231251) exited]
[Thread 0x7f9932ffd640 (LWP 231250) exited]
[Thread 0x7f99337fe640 (LWP 231249) exited]
[Thread 0x7f9933fff640 (LWP 231248) exited]
[Thread 0x7f9938a74640 (LWP 231247) exited]
[Thread 0x7f9939275640 (LWP 231246) exited]
[Thread 0x7f9939a76640 (LWP 231245) exited]
[Thread 0x7f993a5fd640 (LWP 231244) exited]
[Thread 0x7f993adfe640 (LWP 231243) exited]
[Thread 0x7f993bfff640 (LWP 231242) exited]
[Thread 0x7f9940a91640 (LWP 231241) exited]
[Thread 0x7f99417fa640 (LWP 231216) exited]
[Thread 0x7f9941ffb640 (LWP 231215) exited]
[Thread 0x7f99427fc640 (LWP 231214) exited]
[Thread 0x7f9942ffd640 (LWP 231213) exited]
[Thread 0x7f99437fe640 (LWP 231210) exited]
[Thread 0x7f993b5ff640 (LWP 231209) exited]
[Thread 0x7f9943fff640 (LWP 231207) exited]
[Thread 0x7f9948a36640 (LWP 231204) exited]
[Inferior 1 (process 231177) exited with code 01]
(gdb) (gdb) No stack.
