Attaching to process 648974
[New LWP 648978]
[New LWP 648979]
[New LWP 648980]
[New LWP 648981]
[New LWP 648982]
[New LWP 648983]
[New LWP 648984]
[New LWP 648985]
[New LWP 648987]
[New LWP 648988]
[New LWP 648989]
[New LWP 648990]
[New LWP 648991]
[New LWP 648992]
[New LWP 648993]
[New LWP 648994]
[New LWP 648995]
[New LWP 648996]
[New LWP 648997]
[New LWP 648998]
[New LWP 648999]
[New LWP 649000]
[Thread debugging using libthread_db enabled]
Using host libthread_db library "/lib/x86_64-linux-gnu/libthread_db.so.1".
0x0000733a434c17f8 in __GI___clock_nanosleep (clock_id=clock_id@entry=0, flags=flags@entry=0, req=req@entry=0x7ffca81eb7f0, rem=rem@entry=0x7ffca81eb7f0) at ../sysdeps/unix/sysv/linux/clock_nanosleep.c:78
78	../sysdeps/unix/sysv/linux/clock_nanosleep.c: No such file or directory.
(gdb) (gdb) Continuing.
[Thread 0x733a13f59640 (LWP 648997) exited]
[Thread 0x733a13758640 (LWP 648998) exited]
[Thread 0x733a12756640 (LWP 649000) exited]
[Thread 0x733a12f57640 (LWP 648999) exited]
[Thread 0x733a1cff9640 (LWP 648996) exited]
[Thread 0x733a1d7fa640 (LWP 648995) exited]
[Thread 0x733a1dffb640 (LWP 648994) exited]
[Thread 0x733a1e7fc640 (LWP 648993) exited]
[Thread 0x733a1effd640 (LWP 648992) exited]
[Thread 0x733a1f7fe640 (LWP 648991) exited]
[Thread 0x733a1ffff640 (LWP 648990) exited]
[Thread 0x733a30ff9640 (LWP 648989) exited]
[Thread 0x733a317fa640 (LWP 648988) exited]
[Thread 0x733a31ffb640 (LWP 648987) exited]
[Thread 0x733a327fc640 (LWP 648985) exited]
[Thread 0x733a32ffd640 (LWP 648984) exited]
[Thread 0x733a337fe640 (LWP 648983) exited]
[Thread 0x733a33fff640 (LWP 648982) exited]
[Thread 0x733a40f3e640 (LWP 648981) exited]
[Thread 0x733a4173f640 (LWP 648980) exited]
[Thread 0x733a41f40640 (LWP 648979) exited]
[Thread 0x733a42741640 (LWP 648978) exited]
[Inferior 1 (process 648974) exited normally]
(gdb) No stack.
(gdb) 