Attaching to process 648854
[New LWP 648887]
[New LWP 648888]
[New LWP 648889]
[New LWP 648890]
[New LWP 648891]
[New LWP 648892]
[New LWP 648893]
[New LWP 648894]
[New LWP 648918]
[New LWP 648919]
[New LWP 648920]
[New LWP 648921]
[New LWP 648922]
[New LWP 648923]
[New LWP 648924]
[New LWP 648925]
[New LWP 648926]
[New LWP 648927]
[New LWP 648939]
[New LWP 648940]
[New LWP 648941]
[New LWP 648942]
78	../sysdeps/unix/sysv/linux/clock_nanosleep.c: No such file or directory.
[Thread debugging using libthread_db enabled]
Using host libthread_db library "/lib/x86_64-linux-gnu/libthread_db.so.1".
0x000079bf8da967f8 in __GI___clock_nanosleep (clock_id=clock_id@entry=0, flags=flags@entry=0, req=req@entry=0x7ffc41d48040, rem=rem@entry=0x7ffc41d48040) at ../sysdeps/unix/sysv/linux/clock_nanosleep.c:78
(gdb) (gdb) Continuing.
[Thread 0x79bf5e518640 (LWP 648939) exited]
[Thread 0x79bf5db54640 (LWP 648940) exited]
[Thread 0x79bf5cb52640 (LWP 648942) exited]
[Thread 0x79bf5d353640 (LWP 648941) exited]
[Thread 0x79bf637f6640 (LWP 648927) exited]
[Thread 0x79bf63ff7640 (LWP 648926) exited]
[Thread 0x79bf647f8640 (LWP 648925) exited]
[Thread 0x79bf64ff9640 (LWP 648924) exited]
[Thread 0x79bf657fa640 (LWP 648923) exited]
[Thread 0x79bf65ffb640 (LWP 648922) exited]
[Thread 0x79bf66ffd640 (LWP 648920) exited]
[Thread 0x79bf677fe640 (LWP 648919) exited]
[Thread 0x79bf67fff640 (LWP 648918) exited]
[Thread 0x79bf84ff9640 (LWP 648894) exited]
[Thread 0x79bf857fa640 (LWP 648893) exited]
[Thread 0x79bf85ffb640 (LWP 648892) exited]
[Thread 0x79bf867fc640 (LWP 648891) exited]
[Thread 0x79bf86ffd640 (LWP 648890) exited]
[Thread 0x79bf877fe640 (LWP 648889) exited]
[Thread 0x79bf87fff640 (LWP 648888) exited]
[Thread 0x79bf8cd16640 (LWP 648887) exited]
[Thread 0x79bf8cdbca00 (LWP 648854) exited]
[Thread 0x79bf667fc640 (LWP 648921) exited]
[New process 648854]
[Inferior 1 (process 648854) exited normally]
(gdb) No stack.(gdb) 
