Attaching to process 649469
[New LWP 649484]
[New LWP 649485]
[New LWP 649486]
[New LWP 649487]
[New LWP 649488]
[New LWP 649489]
[New LWP 649490]
[New LWP 649492]
[New LWP 649533]
[New LWP 649534]
[New LWP 649535]
[New LWP 649536]
[New LWP 649537]
[New LWP 649538]
[New LWP 649539]
[New LWP 649540]
[New LWP 649541]
[New LWP 649542]
[New LWP 649543]
[New LWP 649544]
[New LWP 649545]
[New LWP 649546]
[Thread debugging using libthread_db enabled]
Using host libthread_db library "/lib/x86_64-linux-gnu/libthread_db.so.1".
0x000073930916d7f8 in __GI___clock_nanosleep (clock_id=clock_id@entry=0, flags=flags@entry=0, req=req@entry=0x7ffe8861a240, rem=rem@entry=0x7ffe8861a240) at ../sysdeps/unix/sysv/linux/clock_nanosleep.c:78
78	../sysdeps/unix/sysv/linux/clock_nanosleep.c: No such file or directory.
(gdb) (gdb) Continuing.
[Thread 0x7392d9c0c640 (LWP 649543) exited]
[Thread 0x7392d940b640 (LWP 649544) exited]
[Thread 0x7392d3fff640 (LWP 649546) exited]
[Thread 0x7392d8c0a640 (LWP 649545) exited]
[Thread 0x7392de7fc640 (LWP 649542) exited]
[Thread 0x7392deffd640 (LWP 649541) exited]
[Thread 0x7392df7fe640 (LWP 649540) exited]
[Thread 0x7392dffff640 (LWP 649539) exited]
[Thread 0x7392e4f0c640 (LWP 649538) exited]
[Thread 0x7392e570d640 (LWP 649537) exited]
[Thread 0x7392e6294640 (LWP 649536) exited]
[Thread 0x7392e6a95640 (LWP 649535) exited]
[Thread 0x7392e7296640 (LWP 649534) exited]
[Thread 0x7392e7a97640 (LWP 649533) exited]
[Thread 0x739304be6640 (LWP 649492) exited]
[Thread 0x7393053e7640 (LWP 649490) exited]
[Thread 0x739305be8640 (LWP 649489) exited]
[Thread 0x739306bea640 (LWP 649487) exited]
[Thread 0x7393073eb640 (LWP 649486) exited]
[Thread 0x739307bec640 (LWP 649485) exited]
[Thread 0x7393083ed640 (LWP 649484) exited]
[Thread 0x739308493a00 (LWP 649469) exited]
[Thread 0x7393063e9640 (LWP 649488) exited]
[New process 649469]
[Inferior 1 (process 649469) exited normally]
(gdb) No stack.
(gdb) 