Attaching to process 650084
[New LWP 650100]
[New LWP 650101]
[New LWP 650102]
[New LWP 650103]
[New LWP 650104]
[New LWP 650105]
[New LWP 650106]
[New LWP 650108]
[New LWP 650148]
[New LWP 650149]
[New LWP 650150]
[New LWP 650151]
[New LWP 650152]
[New LWP 650153]
[New LWP 650154]
[New LWP 650155]
[New LWP 650156]
[New LWP 650157]
[New LWP 650158]
[New LWP 650159]
[New LWP 650160]
[New LWP 650161]
[Thread debugging using libthread_db enabled]
Using host libthread_db library "/lib/x86_64-linux-gnu/libthread_db.so.1".
0x0000730ec1f397f8 in __GI___clock_nanosleep (clock_id=clock_id@entry=0, flags=flags@entry=0, req=req@entry=0x7ffca47c0b20, rem=rem@entry=0x7ffca47c0b20) at ../sysdeps/unix/sysv/linux/clock_nanosleep.c:78
78	../sysdeps/unix/sysv/linux/clock_nanosleep.c: No such file or directory.
(gdb) (gdb) Continuing.
[Thread 0x730e9298f640 (LWP 650158) exited]
[Thread 0x730e9218e640 (LWP 650159) exited]
[Thread 0x730e90fc9640 (LWP 650161) exited]
[Thread 0x730e9198d640 (LWP 650160) exited]
[Thread 0x730ea37fe640 (LWP 650157) exited]
[Thread 0x730ea3fff640 (LWP 650156) exited]
[Thread 0x730eb0c73640 (LWP 650155) exited]
[Thread 0x730eb1474640 (LWP 650154) exited]
[Thread 0x730eb1c75640 (LWP 650153) exited]
[Thread 0x730eb2476640 (LWP 650152) exited]
[Thread 0x730eb37fe640 (LWP 650150) exited]
[Thread 0x730eb8a91640 (LWP 650149) exited]
[Thread 0x730eb9292640 (LWP 650148) exited]
[Thread 0x730eb9ffb640 (LWP 650108) exited]
[Thread 0x730eba7fc640 (LWP 650106) exited]
[Thread 0x730ebaffd640 (LWP 650105) exited]
[Thread 0x730eb3fff640 (LWP 650104) exited]
[Thread 0x730ebb7fe640 (LWP 650103) exited]
[Thread 0x730ebbfff640 (LWP 650102) exited]
[Thread 0x730ec09b8640 (LWP 650101) exited]
[Thread 0x730ec11b9640 (LWP 650100) exited]
[Thread 0x730ec125fa00 (LWP 650084) exited]
[Thread 0x730eb2ffd640 (LWP 650151) exited]
[New process 650084]
[Inferior 1 (process 650084) exited normally]
(gdb) No stack.
(gdb) 