Attaching to process 799073
[New LWP 799077]
[New LWP 799078]
[New LWP 799079]
[New LWP 799080]
[New LWP 799081]
[New LWP 799082]
[New LWP 799083]
[New LWP 799084]
[New LWP 799085]
[New LWP 799086]
[New LWP 799087]
[New LWP 799088]
[New LWP 799089]
[New LWP 799090]
[New LWP 799091]
[New LWP 799092]
[New LWP 799093]
[New LWP 799094]
[New LWP 799095]
[New LWP 799096]
[New LWP 799097]
[New LWP 799098]
[Thread debugging using libthread_db enabled]
Using host libthread_db library "/lib/x86_64-linux-gnu/libthread_db.so.1".
0x00007055739507f8 in __GI___clock_nanosleep (clock_id=clock_id@entry=0, flags=flags@entry=0, req=req@entry=0x7ffe7caee810, rem=rem@entry=0x7ffe7caee810) at ../sysdeps/unix/sysv/linux/clock_nanosleep.c:78
78	../sysdeps/unix/sysv/linux/clock_nanosleep.c: No such file or directory.
(gdb) (gdb) Continuing.
[Thread 0x7055443e5640 (LWP 799095) exited]
[Thread 0x705543be4640 (LWP 799096) exited]
[Thread 0x705542a1f640 (LWP 799098) exited]
[Thread 0x7055433e3640 (LWP 799097) exited]
[Thread 0x705549474640 (LWP 799094) exited]
[Thread 0x705549c75640 (LWP 799093) exited]
[Thread 0x70554a476640 (LWP 799092) exited]
[Thread 0x70554ac77640 (LWP 799091) exited]
[Thread 0x70554b478640 (LWP 799090) exited]
[Thread 0x70554bc79640 (LWP 799089) exited]
[Thread 0x7055689fd640 (LWP 799088) exited]
[Thread 0x70556a294640 (LWP 799086) exited]
[Thread 0x70556aa95640 (LWP 799085) exited]
[Thread 0x70556b7fe640 (LWP 799084) exited]
[Thread 0x70556bfff640 (LWP 799083) exited]
[Thread 0x705570bcc640 (LWP 799082) exited]
[Thread 0x7055713cd640 (LWP 799081) exited]
[Thread 0x705571bce640 (LWP 799080) exited]
[Thread 0x7055699ff640 (LWP 799079) exited]
[Thread 0x7055723cf640 (LWP 799078) exited]
[Thread 0x705572bd0640 (LWP 799077) exited]
[Thread 0x705572c76a00 (LWP 799073) exited]
[Thread 0x7055691fe640 (LWP 799087) exited]
[New process 799073]
[Inferior 1 (process 799073) exited normally]
(gdb) No stack.
(gdb) 