Attaching to process 1249813
[New LWP 1249817]
[New LWP 1249818]
[New LWP 1249819]
[New LWP 1249820]
[New LWP 1249821]
[New LWP 1249822]
[New LWP 1249823]
[New LWP 1249824]
[New LWP 1249826]
[New LWP 1249827]
[New LWP 1249828]
[New LWP 1249829]
[New LWP 1249830]
[New LWP 1249831]
[New LWP 1249832]
[New LWP 1249833]
[New LWP 1249834]
[New LWP 1249835]
[New LWP 1249836]
[New LWP 1249837]
[New LWP 1249838]
[New LWP 1249839]
[Thread debugging using libthread_db enabled]
Using host libthread_db library "/lib/x86_64-linux-gnu/libthread_db.so.1".
0x00007ae3e521b7f8 in __GI___clock_nanosleep (clock_id=clock_id@entry=0, flags=flags@entry=0, req=req@entry=0x7ffd768dabb0, rem=rem@entry=0x7ffd768dabb0) at ../sysdeps/unix/sysv/linux/clock_nanosleep.c:78
78	../sysdeps/unix/sysv/linux/clock_nanosleep.c: No such file or directory.
(gdb) (gdb) Continuing.
[Thread 0x7ae3b5cfc640 (LWP 1249836) exited]
[Thread 0x7ae3b54fb640 (LWP 1249837) exited]
[Thread 0x7ae3affff640 (LWP 1249839) exited]
[Thread 0x7ae3acbff640 (LWP 1249838) exited]
[Thread 0x7ae3baf08640 (LWP 1249835) exited]
[Thread 0x7ae3bb709640 (LWP 1249834) exited]
[Thread 0x7ae3bbf0a640 (LWP 1249833) exited]
[Thread 0x7ae3bc70b640 (LWP 1249832) exited]
[Thread 0x7ae3bcf0c640 (LWP 1249831) exited]
[Thread 0x7ae3bd70d640 (LWP 1249830) exited]
[Thread 0x7ae3be294640 (LWP 1249829) exited]
[Thread 0x7ae3bea95640 (LWP 1249828) exited]
[Thread 0x7ae3bf296640 (LWP 1249827) exited]
[Thread 0x7ae3bfa97640 (LWP 1249826) exited]
[Thread 0x7ae3e0c94640 (LWP 1249824) exited]
[Thread 0x7ae3e1495640 (LWP 1249823) exited]
[Thread 0x7ae3e1c96640 (LWP 1249822) exited]
[Thread 0x7ae3e2497640 (LWP 1249821) exited]
[Thread 0x7ae3e2c98640 (LWP 1249820) exited]
[Thread 0x7ae3e3499640 (LWP 1249819) exited]
[Thread 0x7ae3e3c9a640 (LWP 1249818) exited]
[Thread 0x7ae3e449b640 (LWP 1249817) exited]
[Inferior 1 (process 1249813) exited normally]
(gdb) (gdb) No stack.
