Attaching to process 1249745
[New LWP 1249749]
[New LWP 1249750]
[New LWP 1249751]
[New LWP 1249752]
[New LWP 1249753]
[New LWP 1249754]
[New LWP 1249755]
[New LWP 1249756]
[New LWP 1249757]
[New LWP 1249758]
[New LWP 1249759]
[New LWP 1249760]
[New LWP 1249761]
[New LWP 1249762]
[New LWP 1249763]
[New LWP 1249764]
[New LWP 1249765]
[New LWP 1249766]
[New LWP 1249767]
[New LWP 1249768]
[New LWP 1249769]
[New LWP 1249770]
78	../sysdeps/unix/sysv/linux/clock_nanosleep.c: No such file or directory.
[Thread debugging using libthread_db enabled]
Using host libthread_db library "/lib/x86_64-linux-gnu/libthread_db.so.1".
0x0000713637f317f8 in __GI___clock_nanosleep (clock_id=clock_id@entry=0, flags=flags@entry=0, req=req@entry=0x7fff4fd763c0, rem=rem@entry=0x7fff4fd763c0) at ../sysdeps/unix/sysv/linux/clock_nanosleep.c:78
(gdb) (gdb) Continuing.
[Thread 0x713608a1f640 (LWP 1249767) exited]
[Thread 0x713603fff640 (LWP 1249768) exited]
[Thread 0x713602ffd640 (LWP 1249770) exited]
[Thread 0x7136037fe640 (LWP 1249769) exited]
[Thread 0x71360d7fa640 (LWP 1249766) exited]
[Thread 0x71360dffb640 (LWP 1249765) exited]
[Thread 0x71360e7fc640 (LWP 1249764) exited]
[Thread 0x71360effd640 (LWP 1249763) exited]
[Thread 0x71360f7fe640 (LWP 1249762) exited]
[Thread 0x71360ffff640 (LWP 1249761) exited]
[Thread 0x71362d292640 (LWP 1249760) exited]
[Thread 0x71362da93640 (LWP 1249759) exited]
[Thread 0x71362e294640 (LWP 1249758) exited]
[Thread 0x71362ea95640 (LWP 1249757) exited]
[Thread 0x71362f7fe640 (LWP 1249756) exited]
[Thread 0x71362ffff640 (LWP 1249755) exited]
[Thread 0x7136349ac640 (LWP 1249754) exited]
[Thread 0x7136351ad640 (LWP 1249753) exited]
[Thread 0x7136359ae640 (LWP 1249752) exited]
[Thread 0x7136361af640 (LWP 1249751) exited]
[Thread 0x7136369b0640 (LWP 1249750) exited]
[Thread 0x7136371b1640 (LWP 1249749) exited]
[Inferior 1 (process 1249745) exited normally]
(gdb) No stack.
(gdb) 