Attaching to process 2737682
[New LWP 2737715]
[New LWP 2737716]
[New LWP 2737717]
[New LWP 2737718]
[New LWP 2737719]
[New LWP 2737720]
[New LWP 2737721]
[New LWP 2737722]
[New LWP 2737746]
[New LWP 2737747]
[New LWP 2737748]
[New LWP 2737749]
[New LWP 2737750]
[New LWP 2737751]
[New LWP 2737752]
[New LWP 2737753]
[New LWP 2737754]
[New LWP 2737755]
[New LWP 2737756]
[New LWP 2737757]
[New LWP 2737758]
[New LWP 2737759]
[Thread debugging using libthread_db enabled]
Using host libthread_db library "/lib/x86_64-linux-gnu/libthread_db.so.1".
0x000077ccaf2ea7f8 in __GI___clock_nanosleep (clock_id=clock_id@entry=0, flags=flags@entry=0, req=req@entry=0x7ffc19670bf0, rem=rem@entry=0x7ffc19670bf0) at ../sysdeps/unix/sysv/linux/clock_nanosleep.c:78
78	../sysdeps/unix/sysv/linux/clock_nanosleep.c: No such file or directory.
(gdb) (gdb) Continuing.
[Thread 0x77cc7e525640 (LWP 2737759) exited]
[Thread 0x77cc7ed26640 (LWP 2737758) exited]
[Thread 0x77cc7f527640 (LWP 2737757) exited]
[Thread 0x77cc7fd28640 (LWP 2737756) exited]
[Thread 0x77cc88ff9640 (LWP 2737755) exited]
[Thread 0x77cc897fa640 (LWP 2737754) exited]
[Thread 0x77cc89ffb640 (LWP 2737753) exited]
[Thread 0x77cc8a7fc640 (LWP 2737752) exited]
[Thread 0x77cc8affd640 (LWP 2737751) exited]
[Thread 0x77cc8b7fe640 (LWP 2737750) exited]
[Thread 0x77cc8bfff640 (LWP 2737749) exited]
[Thread 0x77cc9ca91640 (LWP 2737748) exited]
[Thread 0x77cc9d292640 (LWP 2737747) exited]
[Thread 0x77cc9da93640 (LWP 2737746) exited]
[Thread 0x77cc9e7fc640 (LWP 2737722) exited]
[Thread 0x77cc9effd640 (LWP 2737721) exited]
[Thread 0x77cc9f7fe640 (LWP 2737720) exited]
[Thread 0x77cc9ffff640 (LWP 2737719) exited]
[Thread 0x77ccacd67640 (LWP 2737718) exited]
[Thread 0x77ccad568640 (LWP 2737717) exited]
[Thread 0x77ccadd69640 (LWP 2737716) exited]
[Thread 0x77ccae56a640 (LWP 2737715) exited]
[Inferior 1 (process 2737682) exited with code 01]
(gdb) (gdb) No stack.
