Attaching to process 2736594
[New LWP 2736627]
[New LWP 2736628]
[New LWP 2736629]
[New LWP 2736630]
[New LWP 2736631]
[New LWP 2736632]
[New LWP 2736633]
[New LWP 2736634]
[New LWP 2736658]
[New LWP 2736659]
[New LWP 2736660]
[New LWP 2736661]
[New LWP 2736662]
[New LWP 2736663]
[New LWP 2736664]
[New LWP 2736665]
[New LWP 2736666]
[New LWP 2736667]
[New LWP 2736668]
[New LWP 2736669]
[New LWP 2736670]
[New LWP 2736671]
78	../sysdeps/unix/sysv/linux/clock_nanosleep.c: No such file or directory.
[Thread debugging using libthread_db enabled]
Using host libthread_db library "/lib/x86_64-linux-gnu/libthread_db.so.1".
0x00007e93f89d97f8 in __GI___clock_nanosleep (clock_id=clock_id@entry=0, flags=flags@entry=0, req=req@entry=0x7ffc2e54d6a0, rem=rem@entry=0x7ffc2e54d6a0) at ../sysdeps/unix/sysv/linux/clock_nanosleep.c:78
(gdb) (gdb) Continuing.
[Thread 0x7e93c3fff640 (LWP 2736671) exited]
[Thread 0x7e93c8c73640 (LWP 2736670) exited]
[Thread 0x7e93c0bff640 (LWP 2736669) exited]
[Thread 0x7e93c9474640 (LWP 2736668) exited]
[Thread 0x7e93d1ffb640 (LWP 2736667) exited]
[Thread 0x7e93d27fc640 (LWP 2736666) exited]
[Thread 0x7e93d2ffd640 (LWP 2736665) exited]
[Thread 0x7e93d37fe640 (LWP 2736664) exited]
[Thread 0x7e93d3fff640 (LWP 2736663) exited]
[Thread 0x7e93dcf0c640 (LWP 2736662) exited]
[Thread 0x7e93dda93640 (LWP 2736661) exited]
[Thread 0x7e93de294640 (LWP 2736660) exited]
[Thread 0x7e93dea95640 (LWP 2736659) exited]
[Thread 0x7e93df296640 (LWP 2736658) exited]
[Thread 0x7e93f4c53640 (LWP 2736633) exited]
[Thread 0x7e93f5454640 (LWP 2736632) exited]
[Thread 0x7e93f5c55640 (LWP 2736631) exited]
[Thread 0x7e93f6456640 (LWP 2736630) exited]
[Thread 0x7e93f6c57640 (LWP 2736629) exited]
[Thread 0x7e93f7458640 (LWP 2736628) exited]
[Thread 0x7e93f7c59640 (LWP 2736627) exited]
[Thread 0x7e93f7cffa00 (LWP 2736594) exited]
[Thread 0x7e93dffff640 (LWP 2736634) exited]
[New process 2736594]
[Inferior 1 (process 2736594) exited with code 01]
(gdb) No stack.
(gdb) 