Attaching to process 2737138
[New LWP 2737155]
[New LWP 2737156]
[New LWP 2737157]
[New LWP 2737158]
[New LWP 2737159]
[New LWP 2737163]
[New LWP 2737165]
[New LWP 2737166]
[New LWP 2737202]
[New LWP 2737203]
[New LWP 2737204]
[New LWP 2737205]
[New LWP 2737206]
[New LWP 2737207]
[New LWP 2737208]
[New LWP 2737209]
[New LWP 2737210]
[New LWP 2737211]
[New LWP 2737212]
[New LWP 2737213]
[New LWP 2737214]
[New LWP 2737215]
[Thread debugging using libthread_db enabled]
Using host libthread_db library "/lib/x86_64-linux-gnu/libthread_db.so.1".
0x00007463a4acd7f8 in __GI___clock_nanosleep (clock_id=clock_id@entry=0, flags=flags@entry=0, req=req@entry=0x7ffff350ff60, rem=rem@entry=0x7ffff350ff60) at ../sysdeps/unix/sysv/linux/clock_nanosleep.c:78
78	../sysdeps/unix/sysv/linux/clock_nanosleep.c: No such file or directory.
(gdb) (gdb) Continuing.
[Thread 0x74636ffff640 (LWP 2737215) exited]
[Thread 0x746367fff640 (LWP 2737214) exited]
[Thread 0x746374d46640 (LWP 2737213) exited]
[Thread 0x746375547640 (LWP 2737212) exited]
[Thread 0x74637e7fc640 (LWP 2737211) exited]
[Thread 0x74637effd640 (LWP 2737210) exited]
[Thread 0x74637f7fe640 (LWP 2737209) exited]
[Thread 0x74637ffff640 (LWP 2737208) exited]
[Thread 0x746384a91640 (LWP 2737207) exited]
[Thread 0x746385292640 (LWP 2737206) exited]
[Thread 0x746385a93640 (LWP 2737205) exited]
[Thread 0x746386294640 (LWP 2737204) exited]
[Thread 0x746386a95640 (LWP 2737203) exited]
[Thread 0x746387fff640 (LWP 2737166) exited]
[Thread 0x7463a0d47640 (LWP 2737165) exited]
[Thread 0x7463a1548640 (LWP 2737163) exited]
[Thread 0x7463a1d49640 (LWP 2737159) exited]
[Thread 0x7463a254a640 (LWP 2737158) exited]
[Thread 0x7463a2d4b640 (LWP 2737157) exited]
[Thread 0x7463a354c640 (LWP 2737156) exited]
[Thread 0x7463a3d4d640 (LWP 2737155) exited]
[Thread 0x7463a3df3a00 (LWP 2737138) exited]
[Thread 0x746387296640 (LWP 2737202) exited]
[New process 2737138]
[Inferior 1 (process 2737138) exited with code 01]
(gdb) (gdb) No stack.
