Attaching to process 1633355
[New LWP 1633359]
[New LWP 1633360]
[New LWP 1633361]
[New LWP 1633362]
[New LWP 1633363]
[New LWP 1633364]
[New LWP 1633365]
[New LWP 1633366]
[New LWP 1633368]
[New LWP 1633369]
[New LWP 1633370]
[New LWP 1633371]
[New LWP 1633372]
[New LWP 1633373]
[New LWP 1633374]
[New LWP 1633375]
[New LWP 1633376]
[New LWP 1633377]
[New LWP 1633378]
[New LWP 1633379]
[New LWP 1633380]
[New LWP 1633381]
[Thread debugging using libthread_db enabled]
Using host libthread_db library "/lib/x86_64-linux-gnu/libthread_db.so.1".
0x0000788cefb727f8 in __GI___clock_nanosleep (clock_id=clock_id@entry=0, flags=flags@entry=0, req=req@entry=0x7ffe0f74b610, rem=rem@entry=0x7ffe0f74b610) at ../sysdeps/unix/sysv/linux/clock_nanosleep.c:78
78	../sysdeps/unix/sysv/linux/clock_nanosleep.c: No such file or directory.
(gdb) (gdb) Continuing.
[Thread 0x788cbffff640 (LWP 1633378) exited]
[Thread 0x788cbf7fe640 (LWP 1633379) exited]
[Thread 0x788cbe7fc640 (LWP 1633381) exited]
[Thread 0x788cbeffd640 (LWP 1633380) exited]
[Thread 0x788ccd7fa640 (LWP 1633377) exited]
[Thread 0x788ccdffb640 (LWP 1633376) exited]
[Thread 0x788cce7fc640 (LWP 1633375) exited]
[Thread 0x788cceffd640 (LWP 1633374) exited]
[Thread 0x788ccf7fe640 (LWP 1633373) exited]
[Thread 0x788cd4a91640 (LWP 1633372) exited]
[Thread 0x788cd5292640 (LWP 1633371) exited]
[Thread 0x788cd5a93640 (LWP 1633370) exited]
[Thread 0x788cd6294640 (LWP 1633369) exited]
[Thread 0x788cd6a95640 (LWP 1633368) exited]
[Thread 0x788cd77fe640 (LWP 1633366) exited]
[Thread 0x788ccffff640 (LWP 1633365) exited]
[Thread 0x788cd7fff640 (LWP 1633364) exited]
[Thread 0x788cecdee640 (LWP 1633363) exited]
[Thread 0x788ced5ef640 (LWP 1633362) exited]
[Thread 0x788ceddf0640 (LWP 1633361) exited]
[Thread 0x788cee5f1640 (LWP 1633360) exited]
[Thread 0x788ceedf2640 (LWP 1633359) exited]
[Inferior 1 (process 1633355) exited normally]
(gdb) No stack.
(gdb) 