Attaching to process 2155773
[New LWP 2155777]
[New LWP 2155778]
[New LWP 2155779]
[New LWP 2155780]
[New LWP 2155781]
[New LWP 2155782]
[New LWP 2155783]
[New LWP 2155784]
[New LWP 2155786]
[New LWP 2155787]
[New LWP 2155788]
[New LWP 2155789]
[New LWP 2155790]
[New LWP 2155791]
[New LWP 2155792]
[New LWP 2155793]
[New LWP 2155794]
[New LWP 2155795]
[New LWP 2155796]
[New LWP 2155797]
[New LWP 2155798]
[New LWP 2155799]
[Thread debugging using libthread_db enabled]
Using host libthread_db library "/lib/x86_64-linux-gnu/libthread_db.so.1".
0x000078b4e58027f8 in __GI___clock_nanosleep (clock_id=clock_id@entry=0, flags=flags@entry=0, req=req@entry=0x7fff34ee2240, rem=rem@entry=0x7fff34ee2240) at ../sysdeps/unix/sysv/linux/clock_nanosleep.c:78
78	../sysdeps/unix/sysv/linux/clock_nanosleep.c: No such file or directory.
(gdb) (gdb) Continuing.
[Thread 0x78b4ba26f640 (LWP 2155796) exited]
[Thread 0x78b4b9a6e640 (LWP 2155797) exited]
[Thread 0x78b4b8a6c640 (LWP 2155799) exited]
[Thread 0x78b4b926d640 (LWP 2155798) exited]
[Thread 0x78b4d2ffd640 (LWP 2155795) exited]
[Thread 0x78b4d37fe640 (LWP 2155794) exited]
[Thread 0x78b4d3fff640 (LWP 2155793) exited]
[Thread 0x78b4d8ff9640 (LWP 2155792) exited]
[Thread 0x78b4d97fa640 (LWP 2155791) exited]
[Thread 0x78b4d9ffb640 (LWP 2155790) exited]
[Thread 0x78b4da7fc640 (LWP 2155789) exited]
[Thread 0x78b4daffd640 (LWP 2155788) exited]
[Thread 0x78b4db7fe640 (LWP 2155787) exited]
[Thread 0x78b4e0bb4640 (LWP 2155786) exited]
[Thread 0x78b4e1a7c640 (LWP 2155784) exited]
[Thread 0x78b4e227d640 (LWP 2155783) exited]
[Thread 0x78b4e2a7e640 (LWP 2155782) exited]
[Thread 0x78b4e327f640 (LWP 2155781) exited]
[Thread 0x78b4dbfff640 (LWP 2155780) exited]
[Thread 0x78b4e3a80640 (LWP 2155779) exited]
[Thread 0x78b4e4281640 (LWP 2155778) exited]
[Thread 0x78b4e4b28a00 (LWP 2155773) exited]
[Thread 0x78b4e4a82640 (LWP 2155777) exited]
[New process 2155773]
[Inferior 1 (process 2155773) exited normally]
No stack.
(gdb) (gdb) 