Attaching to process 2155705
[New LWP 2155709]
[New LWP 2155710]
[New LWP 2155711]
[New LWP 2155712]
[New LWP 2155713]
[New LWP 2155714]
[New LWP 2155715]
[New LWP 2155716]
[New LWP 2155717]
[New LWP 2155718]
[New LWP 2155719]
[New LWP 2155720]
[New LWP 2155721]
[New LWP 2155722]
[New LWP 2155723]
[New LWP 2155724]
[New LWP 2155725]
[New LWP 2155726]
[New LWP 2155727]
[New LWP 2155728]
[New LWP 2155729]
[New LWP 2155730]
[Thread debugging using libthread_db enabled]
Using host libthread_db library "/lib/x86_64-linux-gnu/libthread_db.so.1".
0x0000772c23f7d7f8 in __GI___clock_nanosleep (clock_id=clock_id@entry=0, flags=flags@entry=0, req=req@entry=0x7ffec2d36030, rem=rem@entry=0x7ffec2d36030) at ../sysdeps/unix/sysv/linux/clock_nanosleep.c:78
78	../sysdeps/unix/sysv/linux/clock_nanosleep.c: No such file or directory.
(gdb) (gdb) Continuing.
[Thread 0x772bf4a65640 (LWP 2155727) exited]
[Thread 0x772bf4264640 (LWP 2155728) exited]
[Thread 0x772bf323a640 (LWP 2155730) exited]
[Thread 0x772bf3a63640 (LWP 2155729) exited]
[Thread 0x772bf97fa640 (LWP 2155726) exited]
[Thread 0x772bf9ffb640 (LWP 2155725) exited]
[Thread 0x772bfa7fc640 (LWP 2155724) exited]
[Thread 0x772bfaffd640 (LWP 2155723) exited]
[Thread 0x772bfb7fe640 (LWP 2155722) exited]
[Thread 0x772bfbfff640 (LWP 2155721) exited]
[Thread 0x772c19292640 (LWP 2155720) exited]
[Thread 0x772c19a93640 (LWP 2155719) exited]
[Thread 0x772c1aa95640 (LWP 2155717) exited]
[Thread 0x772c1b7fe640 (LWP 2155716) exited]
[Thread 0x772c209f8640 (LWP 2155715) exited]
[Thread 0x772c211f9640 (LWP 2155714) exited]
[Thread 0x772c219fa640 (LWP 2155713) exited]
[Thread 0x772c221fb640 (LWP 2155712) exited]
[Thread 0x772c1bfff640 (LWP 2155711) exited]
[Thread 0x772c229fc640 (LWP 2155710) exited]
[Thread 0x772c231fd640 (LWP 2155709) exited]
[Thread 0x772c232a3a00 (LWP 2155705) exited]
[Thread 0x772c1a294640 (LWP 2155718) exited]
[New process 2155705]
[Inferior 1 (process 2155705) exited normally]
(gdb) (gdb) No stack.
