Attaching to process 1256750
[New LWP 1256754]
[New LWP 1256755]
[New LWP 1256756]
[New LWP 1256757]
[New LWP 1256758]
[New LWP 1256759]
[New LWP 1256760]
[New LWP 1256761]
[New LWP 1256762]
[New LWP 1256763]
[New LWP 1256764]
[New LWP 1256765]
[New LWP 1256766]
[New LWP 1256767]
[New LWP 1256768]
[New LWP 1256769]
[New LWP 1256770]
[New LWP 1256771]
[New LWP 1256772]
[New LWP 1256773]
[New LWP 1256774]
[New LWP 1256775]
[Thread debugging using libthread_db enabled]
Using host libthread_db library "/lib/x86_64-linux-gnu/libthread_db.so.1".
0x0000744923cf47f8 in __GI___clock_nanosleep (clock_id=clock_id@entry=0, flags=flags@entry=0, req=req@entry=0x7ffdfd189da0, rem=rem@entry=0x7ffdfd189da0) at ../sysdeps/unix/sysv/linux/clock_nanosleep.c:78
78	../sysdeps/unix/sysv/linux/clock_nanosleep.c: No such file or directory.
(gdb) (gdb) Continuing.
[Thread 0x7448f3fff640 (LWP 1256772) exited]
[Thread 0x7448f37fe640 (LWP 1256773) exited]
[Thread 0x7448f2ffd640 (LWP 1256775) exited]
[Thread 0x7448ebfff640 (LWP 1256774) exited]
[Thread 0x7449095fb640 (LWP 1256771) exited]
[Thread 0x744909dfc640 (LWP 1256770) exited]
[Thread 0x74490a5fd640 (LWP 1256769) exited]
[Thread 0x74490adfe640 (LWP 1256768) exited]
[Thread 0x74490bfff640 (LWP 1256767) exited]
[Thread 0x744910c73640 (LWP 1256766) exited]
[Thread 0x7449117fa640 (LWP 1256765) exited]
[Thread 0x744911ffb640 (LWP 1256764) exited]
[Thread 0x744912ffd640 (LWP 1256762) exited]
[Thread 0x7449137fe640 (LWP 1256761) exited]
[Thread 0x74490b5ff640 (LWP 1256760) exited]
[Thread 0x744913fff640 (LWP 1256759) exited]
[Thread 0x744920f70640 (LWP 1256758) exited]
[Thread 0x744921771640 (LWP 1256757) exited]
[Thread 0x744921f72640 (LWP 1256756) exited]
[Thread 0x744922773640 (LWP 1256755) exited]
[Thread 0x744922f74640 (LWP 1256754) exited]
[Thread 0x74492301aa00 (LWP 1256750) exited]
[Thread 0x7449127fc640 (LWP 1256763) exited]
[New process 1256750]
[Inferior 1 (process 1256750) exited normally]
(gdb) No stack.
(gdb) 