Attaching to process 1636088
[New LWP 1636092]
[New LWP 1636093]
[New LWP 1636094]
[New LWP 1636095]
[New LWP 1636096]
[New LWP 1636097]
[New LWP 1636098]
[New LWP 1636099]
[New LWP 1636101]
[New LWP 1636102]
[New LWP 1636103]
[New LWP 1636104]
[New LWP 1636105]
[New LWP 1636106]
[New LWP 1636107]
[New LWP 1636108]
[New LWP 1636109]
[New LWP 1636110]
[New LWP 1636111]
[New LWP 1636112]
[New LWP 1636113]
[New LWP 1636114]
[Thread debugging using libthread_db enabled]
Using host libthread_db library "/lib/x86_64-linux-gnu/libthread_db.so.1".
0x00007407b9c1d7f8 in __GI___clock_nanosleep (clock_id=clock_id@entry=0, flags=flags@entry=0, req=req@entry=0x7fff00df95a0, rem=rem@entry=0x7fff00df95a0) at ../sysdeps/unix/sysv/linux/clock_nanosleep.c:78
78	../sysdeps/unix/sysv/linux/clock_nanosleep.c: No such file or directory.
(gdb) (gdb) Continuing.
[Thread 0x74078a684640 (LWP 1636111) exited]
[Thread 0x740781dff640 (LWP 1636112) exited]
[Thread 0x740789682640 (LWP 1636114) exited]
[Thread 0x740789e83640 (LWP 1636113) exited]
[Thread 0x74078effd640 (LWP 1636110) exited]
[Thread 0x74078f7fe640 (LWP 1636109) exited]
[Thread 0x74078ffff640 (LWP 1636108) exited]
[Thread 0x7407acdf9640 (LWP 1636107) exited]
[Thread 0x7407ad5fa640 (LWP 1636106) exited]
[Thread 0x7407addfb640 (LWP 1636105) exited]
[Thread 0x7407ae5fc640 (LWP 1636104) exited]
[Thread 0x7407aedfd640 (LWP 1636103) exited]
[Thread 0x7407af5fe640 (LWP 1636102) exited]
[Thread 0x7407b4fcf640 (LWP 1636101) exited]
[Thread 0x7407b5e97640 (LWP 1636099) exited]
[Thread 0x7407b6698640 (LWP 1636098) exited]
[Thread 0x7407b6e99640 (LWP 1636097) exited]
[Thread 0x7407b769a640 (LWP 1636096) exited]
[Thread 0x7407b7e9b640 (LWP 1636095) exited]
[Thread 0x7407afdff640 (LWP 1636094) exited]
[Thread 0x7407b869c640 (LWP 1636093) exited]
[Thread 0x7407b8e9d640 (LWP 1636092) exited]
[Inferior 1 (process 1636088) exited normally]
(gdb) No stack.
(gdb) 