Attaching to process 1636020
[New LWP 1636024]
[New LWP 1636025]
[New LWP 1636026]
[New LWP 1636027]
[New LWP 1636028]
[New LWP 1636029]
[New LWP 1636030]
[New LWP 1636031]
[New LWP 1636032]
[New LWP 1636033]
[New LWP 1636034]
[New LWP 1636035]
[New LWP 1636036]
[New LWP 1636037]
[New LWP 1636038]
[New LWP 1636039]
[New LWP 1636040]
[New LWP 1636041]
[New LWP 1636042]
[New LWP 1636043]
[New LWP 1636044]
[New LWP 1636045]
[Thread debugging using libthread_db enabled]
Using host libthread_db library "/lib/x86_64-linux-gnu/libthread_db.so.1".
0x0000792a0b47e7f8 in __GI___clock_nanosleep (clock_id=clock_id@entry=0, flags=flags@entry=0, req=req@entry=0x7ffd5bc55920, rem=rem@entry=0x7ffd5bc55920) at ../sysdeps/unix/sysv/linux/clock_nanosleep.c:78
78	../sysdeps/unix/sysv/linux/clock_nanosleep.c: No such file or directory.
(gdb) (gdb) Continuing.
[Thread 0x7929dbf24640 (LWP 1636042) exited]
[Thread 0x7929d35ff640 (LWP 1636043) exited]
[Thread 0x7929daf22640 (LWP 1636045) exited]
[Thread 0x7929db723640 (LWP 1636044) exited]
[Thread 0x7929e0ff9640 (LWP 1636041) exited]
[Thread 0x7929e17fa640 (LWP 1636040) exited]
[Thread 0x7929e1ffb640 (LWP 1636039) exited]
[Thread 0x7929e27fc640 (LWP 1636038) exited]
[Thread 0x7929e2ffd640 (LWP 1636037) exited]
[Thread 0x7929e37fe640 (LWP 1636036) exited]
[Thread 0x7929e3fff640 (LWP 1636035) exited]
[Thread 0x792a00ff9640 (LWP 1636034) exited]
[Thread 0x792a017fa640 (LWP 1636033) exited]
[Thread 0x792a027fc640 (LWP 1636031) exited]
[Thread 0x792a02ffd640 (LWP 1636030) exited]
[Thread 0x792a037fe640 (LWP 1636029) exited]
[Thread 0x792a08efb640 (LWP 1636028) exited]
[Thread 0x792a096fc640 (LWP 1636027) exited]
[Thread 0x792a09efd640 (LWP 1636026) exited]
[Thread 0x792a03fff640 (LWP 1636025) exited]
[Thread 0x792a0a6fe640 (LWP 1636024) exited]
[Thread 0x792a0a7a4a00 (LWP 1636020) exited]
[Thread 0x792a01ffb640 (LWP 1636032) exited]
[New process 1636020]
[Inferior 1 (process 1636020) exited normally]
(gdb) No stack.
(gdb) 