Attaching to process 1637440
[New LWP 1637444]
[New LWP 1637445]
[New LWP 1637446]
[New LWP 1637447]
[New LWP 1637448]
[New LWP 1637449]
[New LWP 1637450]
[New LWP 1637451]
[New LWP 1637453]
[New LWP 1637454]
[New LWP 1637455]
[New LWP 1637456]
[New LWP 1637457]
[New LWP 1637458]
[New LWP 1637459]
[New LWP 1637460]
[New LWP 1637461]
[New LWP 1637462]
[New LWP 1637463]
[New LWP 1637464]
[New LWP 1637465]
[New LWP 1637466]
[Thread debugging using libthread_db enabled]
Using host libthread_db library "/lib/x86_64-linux-gnu/libthread_db.so.1".
0x00007583b8f9c7f8 in __GI___clock_nanosleep (clock_id=clock_id@entry=0, flags=flags@entry=0, req=req@entry=0x7ffcac209620, rem=rem@entry=0x7ffcac209620) at ../sysdeps/unix/sysv/linux/clock_nanosleep.c:78
78	../sysdeps/unix/sysv/linux/clock_nanosleep.c: No such file or directory.
(gdb) (gdb) Continuing.
[Thread 0x758389a67640 (LWP 1637463) exited]
[Thread 0x758383fff640 (LWP 1637464) exited]
[Thread 0x758388a65640 (LWP 1637466) exited]
[Thread 0x758389266640 (LWP 1637465) exited]
[Thread 0x75838e7fc640 (LWP 1637462) exited]
[Thread 0x75838effd640 (LWP 1637461) exited]
[Thread 0x75838f7fe640 (LWP 1637460) exited]
[Thread 0x75838ffff640 (LWP 1637459) exited]
[Thread 0x758394f0c640 (LWP 1637458) exited]
[Thread 0x75839570d640 (LWP 1637457) exited]
[Thread 0x758396294640 (LWP 1637456) exited]
[Thread 0x758396a95640 (LWP 1637455) exited]
[Thread 0x758397296640 (LWP 1637454) exited]
[Thread 0x758397a97640 (LWP 1637453) exited]
[Thread 0x7583b4a15640 (LWP 1637451) exited]
[Thread 0x7583b5216640 (LWP 1637450) exited]
[Thread 0x7583b5a17640 (LWP 1637449) exited]
[Thread 0x7583b6218640 (LWP 1637448) exited]
[Thread 0x7583b6a19640 (LWP 1637447) exited]
[Thread 0x7583b721a640 (LWP 1637446) exited]
[Thread 0x7583b7a1b640 (LWP 1637445) exited]
[Thread 0x7583b821c640 (LWP 1637444) exited]
[Inferior 1 (process 1637440) exited normally]
(gdb) No stack.
(gdb) 