Attaching to process 1083022
[New LWP 1083055]
[New LWP 1083056]
[New LWP 1083057]
[New LWP 1083058]
[New LWP 1083059]
[New LWP 1083060]
[New LWP 1083061]
[New LWP 1083062]
[New LWP 1083086]
[New LWP 1083087]
[New LWP 1083088]
[New LWP 1083089]
[New LWP 1083090]
[New LWP 1083091]
[New LWP 1083092]
[New LWP 1083093]
[New LWP 1083094]
[New LWP 1083095]
[New LWP 1083096]
[New LWP 1083097]
[New LWP 1083098]
[New LWP 1083099]
[Thread debugging using libthread_db enabled]
Using host libthread_db library "/lib/x86_64-linux-gnu/libthread_db.so.1".
0x00007966f4cdf7f8 in __GI___clock_nanosleep (clock_id=clock_id@entry=0, flags=flags@entry=0, req=req@entry=0x7ffe2a748990, rem=rem@entry=0x7ffe2a748990) at ../sysdeps/unix/sysv/linux/clock_nanosleep.c:78
78	../sysdeps/unix/sysv/linux/clock_nanosleep.c: No such file or directory.
(gdb) (gdb) Continuing.
[Thread 0x7966c57b3640 (LWP 1083096) exited]
[Thread 0x7966c4fb2640 (LWP 1083097) exited]
[Thread 0x7966bf7fe640 (LWP 1083099) exited]
[Thread 0x7966bffff640 (LWP 1083098) exited]
[Thread 0x7966ca7fc640 (LWP 1083095) exited]
[Thread 0x7966caffd640 (LWP 1083094) exited]
[Thread 0x7966cb7fe640 (LWP 1083093) exited]
[Thread 0x7966cbfff640 (LWP 1083092) exited]
[Thread 0x7966d0c73640 (LWP 1083091) exited]
[Thread 0x7966d1474640 (LWP 1083090) exited]
[Thread 0x7966d1ffb640 (LWP 1083089) exited]
[Thread 0x7966d2ffd640 (LWP 1083087) exited]
[Thread 0x7966d37fe640 (LWP 1083086) exited]
[Thread 0x7966d3fff640 (LWP 1083062) exited]
[Thread 0x7966f0f59640 (LWP 1083061) exited]
[Thread 0x7966f175a640 (LWP 1083060) exited]
[Thread 0x7966f1f5b640 (LWP 1083059) exited]
[Thread 0x7966f275c640 (LWP 1083058) exited]
[Thread 0x7966f2f5d640 (LWP 1083057) exited]
[Thread 0x7966f375e640 (LWP 1083056) exited]
[Thread 0x7966f3f5f640 (LWP 1083055) exited]
[Thread 0x7966f4005a00 (LWP 1083022) exited]
[Thread 0x7966d27fc640 (LWP 1083088) exited]
[New process 1083022]
[Inferior 1 (process 1083022) exited normally]
(gdb) (gdb) No stack.
