Attaching to process 1083143
[New LWP 1083147]
[New LWP 1083148]
[New LWP 1083149]
[New LWP 1083150]
[New LWP 1083151]
[New LWP 1083152]
[New LWP 1083153]
[New LWP 1083154]
[New LWP 1083156]
[New LWP 1083157]
[New LWP 1083158]
[New LWP 1083159]
[New LWP 1083160]
[New LWP 1083161]
[New LWP 1083162]
[New LWP 1083163]
[New LWP 1083164]
[New LWP 1083165]
[New LWP 1083166]
[New LWP 1083167]
[New LWP 1083168]
[New LWP 1083169]
[Thread debugging using libthread_db enabled]
Using host libthread_db library "/lib/x86_64-linux-gnu/libthread_db.so.1".
0x000077950268a7f8 in __GI___clock_nanosleep (clock_id=clock_id@entry=0, flags=flags@entry=0, req=req@entry=0x7ffce371e610, rem=rem@entry=0x7ffce371e610) at ../sysdeps/unix/sysv/linux/clock_nanosleep.c:78
78	../sysdeps/unix/sysv/linux/clock_nanosleep.c: No such file or directory.
(gdb) (gdb) Continuing.
[Thread 0x7794d3130640 (LWP 1083166) exited]
[Thread 0x7794d292f640 (LWP 1083167) exited]
[Thread 0x7794d176a640 (LWP 1083169) exited]
[Thread 0x7794d212e640 (LWP 1083168) exited]
[Thread 0x7794d8472640 (LWP 1083165) exited]
[Thread 0x7794d8c73640 (LWP 1083164) exited]
[Thread 0x7794d9474640 (LWP 1083163) exited]
[Thread 0x7794d9c75640 (LWP 1083162) exited]
[Thread 0x7794da476640 (LWP 1083161) exited]
[Thread 0x7794dac77640 (LWP 1083160) exited]
[Thread 0x7794db7fe640 (LWP 1083159) exited]
[Thread 0x7794f0932640 (LWP 1083157) exited]
[Thread 0x7794f1133640 (LWP 1083156) exited]
[Thread 0x7794f1ffb640 (LWP 1083154) exited]
[Thread 0x7794f27fc640 (LWP 1083153) exited]
[Thread 0x7794f2ffd640 (LWP 1083152) exited]
[Thread 0x7794f37fe640 (LWP 1083151) exited]
[Thread 0x7794f3fff640 (LWP 1083150) exited]
[Thread 0x779500908640 (LWP 1083149) exited]
[Thread 0x779501109640 (LWP 1083148) exited]
[Thread 0x77950190a640 (LWP 1083147) exited]
[Thread 0x7795019b0a00 (LWP 1083143) exited]
[Thread 0x7794dbfff640 (LWP 1083158) exited]
[New process 1083143]
[Inferior 1 (process 1083143) exited normally]
(gdb) No stack.
(gdb) 