Attaching to process 1117815
[New LWP 1117830]
[New LWP 1117831]
[New LWP 1117832]
[New LWP 1117833]
[New LWP 1117834]
[New LWP 1117835]
[New LWP 1117837]
[New LWP 1117838]
[New LWP 1117879]
[New LWP 1117880]
[New LWP 1117881]
[New LWP 1117882]
[New LWP 1117883]
[New LWP 1117884]
[New LWP 1117885]
[New LWP 1117886]
[New LWP 1117887]
[New LWP 1117888]
[New LWP 1117889]
[New LWP 1117890]
[New LWP 1117891]
[New LWP 1117892]
[Thread debugging using libthread_db enabled]
Using host libthread_db library "/lib/x86_64-linux-gnu/libthread_db.so.1".
0x00007db5596cf7f8 in __GI___clock_nanosleep (clock_id=clock_id@entry=0, flags=flags@entry=0, req=req@entry=0x7ffc21ad5ab0, rem=rem@entry=0x7ffc21ad5ab0) at ../sysdeps/unix/sysv/linux/clock_nanosleep.c:78
78	../sysdeps/unix/sysv/linux/clock_nanosleep.c: No such file or directory.
(gdb) (gdb) Continuing.
[Thread 0x7db52a159640 (LWP 1117889) exited]
[Thread 0x7db529958640 (LWP 1117890) exited]
[Thread 0x7db523fff640 (LWP 1117892) exited]
[Thread 0x7db529157640 (LWP 1117891) exited]
[Thread 0x7db52effd640 (LWP 1117888) exited]
[Thread 0x7db52f7fe640 (LWP 1117887) exited]
[Thread 0x7db52ffff640 (LWP 1117886) exited]
[Thread 0x7db534c73640 (LWP 1117885) exited]
[Thread 0x7db535474640 (LWP 1117884) exited]
[Thread 0x7db535c75640 (LWP 1117883) exited]
[Thread 0x7db536ffd640 (LWP 1117881) exited]
[Thread 0x7db5377fe640 (LWP 1117880) exited]
[Thread 0x7db537fff640 (LWP 1117879) exited]
[Thread 0x7db555148640 (LWP 1117838) exited]
[Thread 0x7db555949640 (LWP 1117837) exited]
[Thread 0x7db55614a640 (LWP 1117835) exited]
[Thread 0x7db55694b640 (LWP 1117834) exited]
[Thread 0x7db55714c640 (LWP 1117833) exited]
[Thread 0x7db55794d640 (LWP 1117832) exited]
[Thread 0x7db55814e640 (LWP 1117831) exited]
[Thread 0x7db55894f640 (LWP 1117830) exited]
[Thread 0x7db5589f5a00 (LWP 1117815) exited]
[Thread 0x7db5367fc640 (LWP 1117882) exited]
[New process 1117815]
[Inferior 1 (process 1117815) exited normally]
(gdb) No stack.
(gdb) 