Attaching to process 3441323
[New LWP 3441327]
[New LWP 3441328]
[New LWP 3441329]
[New LWP 3441330]
[New LWP 3441331]
[New LWP 3441332]
[New LWP 3441333]
[New LWP 3441334]
[New LWP 3441335]
[New LWP 3441336]
[New LWP 3441337]
[New LWP 3441338]
[New LWP 3441339]
[New LWP 3441340]
[New LWP 3441341]
[New LWP 3441342]
[New LWP 3441343]
[New LWP 3441344]
[New LWP 3441345]
[New LWP 3441346]
[New LWP 3441347]
[New LWP 3441348]
78	../sysdeps/unix/sysv/linux/clock_nanosleep.c: No such file or directory.
[Thread debugging using libthread_db enabled]
Using host libthread_db library "/lib/x86_64-linux-gnu/libthread_db.so.1".
0x00007b1f3f3417f8 in __GI___clock_nanosleep (clock_id=clock_id@entry=0, flags=flags@entry=0, req=req@entry=0x7ffca9780840, rem=rem@entry=0x7ffca9780840) at ../sysdeps/unix/sysv/linux/clock_nanosleep.c:78
(gdb) (gdb) Continuing.
[Thread 0x7b1f0fd89640 (LWP 3441345) exited]
[Thread 0x7b1f07fff640 (LWP 3441346) exited]
[Thread 0x7b1f0ed87640 (LWP 3441348) exited]
[Thread 0x7b1f0f588640 (LWP 3441347) exited]
[Thread 0x7b1f24ff9640 (LWP 3441344) exited]
[Thread 0x7b1f257fa640 (LWP 3441343) exited]
[Thread 0x7b1f267fc640 (LWP 3441341) exited]
[Thread 0x7b1f26ffd640 (LWP 3441340) exited]
[Thread 0x7b1f277fe640 (LWP 3441339) exited]
[Thread 0x7b1f2ca91640 (LWP 3441338) exited]
[Thread 0x7b1f2d292640 (LWP 3441337) exited]
[Thread 0x7b1f2da93640 (LWP 3441336) exited]
[Thread 0x7b1f2e294640 (LWP 3441335) exited]
[Thread 0x7b1f2effd640 (LWP 3441334) exited]
[Thread 0x7b1f2f7fe640 (LWP 3441333) exited]
[Thread 0x7b1f2ffff640 (LWP 3441332) exited]
[Thread 0x7b1f27fff640 (LWP 3441331) exited]
[Thread 0x7b1f3cdbe640 (LWP 3441330) exited]
[Thread 0x7b1f3d5bf640 (LWP 3441329) exited]
[Thread 0x7b1f3ddc0640 (LWP 3441328) exited]
[Thread 0x7b1f3e5c1640 (LWP 3441327) exited]
[Thread 0x7b1f3e667a00 (LWP 3441323) exited]
[Thread 0x7b1f25ffb640 (LWP 3441342) exited]
[New process 3441323]
[Inferior 1 (process 3441323) exited normally]
(gdb) (gdb) No stack.
