Attaching to process 3587067
[New LWP 3587071]
[New LWP 3587072]
[New LWP 3587073]
[New LWP 3587074]
[New LWP 3587075]
[New LWP 3587076]
[New LWP 3587077]
[New LWP 3587078]
[New LWP 3587079]
[New LWP 3587080]
[New LWP 3587081]
[New LWP 3587082]
[New LWP 3587083]
[New LWP 3587084]
[New LWP 3587085]
[New LWP 3587086]
[New LWP 3587087]
[New LWP 3587088]
[New LWP 3587089]
[New LWP 3587090]
[New LWP 3587091]
[New LWP 3587092]
[Thread debugging using libthread_db enabled]
Using host libthread_db library "/lib/x86_64-linux-gnu/libthread_db.so.1".
0x00007ed27e9447f8 in __GI___clock_nanosleep (clock_id=clock_id@entry=0, flags=flags@entry=0, req=req@entry=0x7ffc96c92430, rem=rem@entry=0x7ffc96c92430) at ../sysdeps/unix/sysv/linux/clock_nanosleep.c:78
78	../sysdeps/unix/sysv/linux/clock_nanosleep.c: No such file or directory.
(gdb) (gdb) Continuing.
[Thread 0x7ed24f3b1640 (LWP 3587089) exited]
[Thread 0x7ed24ebb0640 (LWP 3587090) exited]
[Thread 0x7ed24dbae640 (LWP 3587092) exited]
[Thread 0x7ed24e3af640 (LWP 3587091) exited]
[Thread 0x7ed257fff640 (LWP 3587088) exited]
[Thread 0x7ed264c73640 (LWP 3587087) exited]
[Thread 0x7ed265474640 (LWP 3587086) exited]
[Thread 0x7ed265c75640 (LWP 3587085) exited]
[Thread 0x7ed266476640 (LWP 3587084) exited]
[Thread 0x7ed266c77640 (LWP 3587083) exited]
[Thread 0x7ed2677fe640 (LWP 3587082) exited]
[Thread 0x7ed267fff640 (LWP 3587081) exited]
[Thread 0x7ed275292640 (LWP 3587079) exited]
[Thread 0x7ed275ffb640 (LWP 3587078) exited]
[Thread 0x7ed2767fc640 (LWP 3587077) exited]
[Thread 0x7ed276ffd640 (LWP 3587076) exited]
[Thread 0x7ed2777fe640 (LWP 3587075) exited]
[Thread 0x7ed27cbc2640 (LWP 3587074) exited]
[Thread 0x7ed27d3c3640 (LWP 3587073) exited]
[Thread 0x7ed277fff640 (LWP 3587072) exited]
[Thread 0x7ed27dbc4640 (LWP 3587071) exited]
[Thread 0x7ed27dc6aa00 (LWP 3587067) exited]
[Thread 0x7ed274a91640 (LWP 3587080) exited]
[New process 3587067]
[Inferior 1 (process 3587067) exited normally]
(gdb) (gdb) No stack.
