Attaching to process 1715233
[New LWP 1715266]
[New LWP 1715267]
[New LWP 1715268]
[New LWP 1715269]
[New LWP 1715270]
[New LWP 1715271]
[New LWP 1715272]
[New LWP 1715273]
[New LWP 1715297]
[New LWP 1715298]
[New LWP 1715299]
[New LWP 1715300]
[New LWP 1715301]
[New LWP 1715302]
[New LWP 1715303]
[New LWP 1715304]
[New LWP 1715305]
[New LWP 1715306]
[New LWP 1715307]
[New LWP 1715308]
[New LWP 1715309]
[New LWP 1715310]
[Thread debugging using libthread_db enabled]
Using host libthread_db library "/lib/x86_64-linux-gnu/libthread_db.so.1".
0x000071d2778c47f8 in __GI___clock_nanosleep (clock_id=clock_id@entry=0, flags=flags@entry=0, req=req@entry=0x7ffdf3ebbd00, rem=rem@entry=0x7ffdf3ebbd00) at ../sysdeps/unix/sysv/linux/clock_nanosleep.c:78
78	../sysdeps/unix/sysv/linux/clock_nanosleep.c: No such file or directory.
(gdb) (gdb) Continuing.
[Thread 0x71d2467fc640 (LWP 1715310) exited]
[Thread 0x71d246ffd640 (LWP 1715309) exited]
[Thread 0x71d2477fe640 (LWP 1715308) exited]
[Thread 0x71d247fff640 (LWP 1715307) exited]
[Thread 0x71d254ff9640 (LWP 1715306) exited]
[Thread 0x71d2557fa640 (LWP 1715305) exited]
[Thread 0x71d255ffb640 (LWP 1715304) exited]
[Thread 0x71d2567fc640 (LWP 1715303) exited]
[Thread 0x71d256ffd640 (LWP 1715302) exited]
[Thread 0x71d2577fe640 (LWP 1715301) exited]
[Thread 0x71d25d292640 (LWP 1715300) exited]
[Thread 0x71d25da93640 (LWP 1715299) exited]
[Thread 0x71d25e294640 (LWP 1715298) exited]
[Thread 0x71d25ea95640 (LWP 1715297) exited]
[Thread 0x71d25f7fe640 (LWP 1715273) exited]
[Thread 0x71d257fff640 (LWP 1715272) exited]
[Thread 0x71d25ffff640 (LWP 1715271) exited]
[Thread 0x71d274b40640 (LWP 1715270) exited]
[Thread 0x71d275341640 (LWP 1715269) exited]
[Thread 0x71d275b42640 (LWP 1715268) exited]
[Thread 0x71d276343640 (LWP 1715267) exited]
[Thread 0x71d276b44640 (LWP 1715266) exited]
[Inferior 1 (process 1715233) exited with code 01]
(gdb) (gdb) No stack.
