Attaching to process 1715366
[New LWP 1715370]
[New LWP 1715371]
[New LWP 1715372]
[New LWP 1715373]
[New LWP 1715374]
[New LWP 1715375]
[New LWP 1715376]
[New LWP 1715377]
[Thread debugging using libthread_db enabled]
Using host libthread_db library "/lib/x86_64-linux-gnu/libthread_db.so.1".
0x0000799bf291d7f8 in __GI___clock_nanosleep (clock_id=clock_id@entry=0, flags=flags@entry=0, req=req@entry=0x7fff815064b0, rem=rem@entry=0x7fff815064b0) at ../sysdeps/unix/sysv/linux/clock_nanosleep.c:78
78	../sysdeps/unix/sysv/linux/clock_nanosleep.c: No such file or directory.
(gdb) (gdb) Continuing.
[New Thread 0x799be1a93640 (LWP 1715417)]
[New Thread 0x799be1292640 (LWP 1715418)]
[New Thread 0x799be0a91640 (LWP 1715419)]
[New Thread 0x799bdbfff640 (LWP 1715420)]
[New Thread 0x799bdaa78640 (LWP 1715421)]
[New Thread 0x799bda277640 (LWP 1715422)]
[New Thread 0x799bd9a76640 (LWP 1715423)]
[New Thread 0x799bd9275640 (LWP 1715424)]
[New Thread 0x799bd8a74640 (LWP 1715425)]
[New Thread 0x799bcbfff640 (LWP 1715426)]
[New Thread 0x799bc3325640 (LWP 1715427)]
[New Thread 0x799bc2b24640 (LWP 1715428)]
[New Thread 0x799bc2160640 (LWP 1715429)]
[New Thread 0x799bc195f640 (LWP 1715430)]
[Thread 0x799bc195f640 (LWP 1715430) exited]
[Thread 0x799bc2160640 (LWP 1715429) exited]
[Thread 0x799bc2b24640 (LWP 1715428) exited]
[Thread 0x799bc3325640 (LWP 1715427) exited]
[Thread 0x799bcbfff640 (LWP 1715426) exited]
[Thread 0x799bd8a74640 (LWP 1715425) exited]
[Thread 0x799bd9275640 (LWP 1715424) exited]
[Thread 0x799bd9a76640 (LWP 1715423) exited]
[Thread 0x799bda277640 (LWP 1715422) exited]
[Thread 0x799bdaa78640 (LWP 1715421) exited]
[Thread 0x799bdbfff640 (LWP 1715420) exited]
[Thread 0x799be0a91640 (LWP 1715419) exited]
[Thread 0x799be1292640 (LWP 1715418) exited]
[Thread 0x799be1a93640 (LWP 1715417) exited]
[Thread 0x799be27fc640 (LWP 1715377) exited]
[Thread 0x799be2ffd640 (LWP 1715376) exited]
[Thread 0x799be37fe640 (LWP 1715375) exited]
[Thread 0x799bdb5ff640 (LWP 1715374) exited]
[Thread 0x799be3fff640 (LWP 1715373) exited]
[Thread 0x799bf0b9b640 (LWP 1715372) exited]
[Thread 0x799bf139c640 (LWP 1715371) exited]
[Thread 0x799bf1b9d640 (LWP 1715370) exited]
[Inferior 1 (process 1715366) exited with code 01]
(gdb) No stack.
(gdb) 