Attaching to process 1715860
[New LWP 1715893]
[New LWP 1715894]
[New LWP 1715895]
[New LWP 1715896]
[New LWP 1715897]
[New LWP 1715898]
[New LWP 1715899]
[New LWP 1715900]
[New LWP 1715924]
[New LWP 1715925]
[New LWP 1715926]
[New LWP 1715927]
[New LWP 1715928]
[New LWP 1715929]
[New LWP 1715930]
[New LWP 1715931]
[New LWP 1715932]
[New LWP 1715933]
[New LWP 1715934]
[New LWP 1715935]
[New LWP 1715936]
[New LWP 1715937]
[Thread debugging using libthread_db enabled]
Using host libthread_db library "/lib/x86_64-linux-gnu/libthread_db.so.1".
0x0000766efbb9c7f8 in __GI___clock_nanosleep (clock_id=clock_id@entry=0, flags=flags@entry=0, req=req@entry=0x7ffef264b090, rem=rem@entry=0x7ffef264b090) at ../sysdeps/unix/sysv/linux/clock_nanosleep.c:78
78	../sysdeps/unix/sysv/linux/clock_nanosleep.c: No such file or directory.
(gdb) (gdb) Continuing.
[Thread 0x766ecac6e640 (LWP 1715937) exited]
[Thread 0x766ecb632640 (LWP 1715936) exited]
[Thread 0x766ecbe33640 (LWP 1715935) exited]
[Thread 0x766ecc634640 (LWP 1715934) exited]
[Thread 0x766ed17fa640 (LWP 1715933) exited]
[Thread 0x766ed1ffb640 (LWP 1715932) exited]
[Thread 0x766ed27fc640 (LWP 1715931) exited]
[Thread 0x766ed2ffd640 (LWP 1715930) exited]
[Thread 0x766ed37fe640 (LWP 1715929) exited]
[Thread 0x766ed3fff640 (LWP 1715928) exited]
[Thread 0x766ee8a91640 (LWP 1715927) exited]
[Thread 0x766ee9292640 (LWP 1715926) exited]
[Thread 0x766ee9a93640 (LWP 1715925) exited]
[Thread 0x766eea294640 (LWP 1715924) exited]
[Thread 0x766eeaffd640 (LWP 1715900) exited]
[Thread 0x766eeb7fe640 (LWP 1715899) exited]
[Thread 0x766ef8e18640 (LWP 1715898) exited]
[Thread 0x766ef9619640 (LWP 1715897) exited]
[Thread 0x766ef9e1a640 (LWP 1715896) exited]
[Thread 0x766eebfff640 (LWP 1715895) exited]
[Thread 0x766efa61b640 (LWP 1715894) exited]
[Thread 0x766efae1c640 (LWP 1715893) exited]
[Inferior 1 (process 1715860) exited with code 01]
(gdb) No stack.
(gdb) 