Attaching to process 1716487
[New LWP 1716520]
[New LWP 1716521]
[New LWP 1716522]
[New LWP 1716523]
[New LWP 1716524]
[New LWP 1716525]
[New LWP 1716526]
[New LWP 1716527]
[New LWP 1716551]
[New LWP 1716552]
[New LWP 1716553]
[New LWP 1716554]
[New LWP 1716555]
[New LWP 1716556]
[New LWP 1716557]
[New LWP 1716558]
[New LWP 1716559]
[New LWP 1716560]
[New LWP 1716561]
[New LWP 1716562]
[New LWP 1716563]
[New LWP 1716564]
[Thread debugging using libthread_db enabled]
Using host libthread_db library "/lib/x86_64-linux-gnu/libthread_db.so.1".
0x000077b7c33377f8 in __GI___clock_nanosleep (clock_id=clock_id@entry=0, flags=flags@entry=0, req=req@entry=0x7ffdc4446050, rem=rem@entry=0x7ffdc4446050) at ../sysdeps/unix/sysv/linux/clock_nanosleep.c:78
78	../sysdeps/unix/sysv/linux/clock_nanosleep.c: No such file or directory.
(gdb) (gdb) Continuing.
[Thread 0x77b7923e1640 (LWP 1716564) exited]
[Thread 0x77b792da5640 (LWP 1716563) exited]
[Thread 0x77b7935a6640 (LWP 1716562) exited]
[Thread 0x77b793da7640 (LWP 1716561) exited]
[Thread 0x77b798ff9640 (LWP 1716560) exited]
[Thread 0x77b7997fa640 (LWP 1716559) exited]
[Thread 0x77b799ffb640 (LWP 1716558) exited]
[Thread 0x77b79a7fc640 (LWP 1716557) exited]
[Thread 0x77b79affd640 (LWP 1716556) exited]
[Thread 0x77b79b7fe640 (LWP 1716555) exited]
[Thread 0x77b79bfff640 (LWP 1716554) exited]
[Thread 0x77b7b8a91640 (LWP 1716553) exited]
[Thread 0x77b7b9292640 (LWP 1716552) exited]
[Thread 0x77b7b9a93640 (LWP 1716551) exited]
[Thread 0x77b7ba7fc640 (LWP 1716527) exited]
[Thread 0x77b7baffd640 (LWP 1716526) exited]
[Thread 0x77b7bb7fe640 (LWP 1716525) exited]
[Thread 0x77b7c0db4640 (LWP 1716524) exited]
[Thread 0x77b7c15b5640 (LWP 1716523) exited]
[Thread 0x77b7bbfff640 (LWP 1716522) exited]
[Thread 0x77b7c1db6640 (LWP 1716521) exited]
[Thread 0x77b7c25b7640 (LWP 1716520) exited]
[Inferior 1 (process 1716487) exited with code 01]
(gdb) (gdb) No stack.
