Attaching to process 1715993
[New LWP 1715997]
[New LWP 1715998]
[New LWP 1715999]
[New LWP 1716000]
[New LWP 1716001]
[New LWP 1716002]
[New LWP 1716003]
[New LWP 1716004]
[Thread debugging using libthread_db enabled]
Using host libthread_db library "/lib/x86_64-linux-gnu/libthread_db.so.1".
0x0000770c3efc57f8 in __GI___clock_nanosleep (clock_id=clock_id@entry=0, flags=flags@entry=0, req=req@entry=0x7ffcc630e230, rem=rem@entry=0x7ffcc630e230) at ../sysdeps/unix/sysv/linux/clock_nanosleep.c:78
78	../sysdeps/unix/sysv/linux/clock_nanosleep.c: No such file or directory.
(gdb) (gdb) Continuing.
[New Thread 0x770c2e294640 (LWP 1716044)]
[New Thread 0x770c2da93640 (LWP 1716045)]
[New Thread 0x770c2d292640 (LWP 1716046)]
[New Thread 0x770c2ca91640 (LWP 1716047)]
[New Thread 0x770c26dfe640 (LWP 1716048)]
[New Thread 0x770c265fd640 (LWP 1716049)]
[New Thread 0x770c25dfc640 (LWP 1716050)]
[New Thread 0x770c255fb640 (LWP 1716051)]
[New Thread 0x770c24dfa640 (LWP 1716052)]
[New Thread 0x770c17fff640 (LWP 1716053)]
[New Thread 0x770c0f9fb640 (LWP 1716054)]
[New Thread 0x770c0f1fa640 (LWP 1716055)]
[New Thread 0x770c0e9f9640 (LWP 1716056)]
[New Thread 0x770c0e1f8640 (LWP 1716057)]
[Thread 0x770c0e1f8640 (LWP 1716057) exited]
[Thread 0x770c0e9f9640 (LWP 1716056) exited]
[Thread 0x770c0f1fa640 (LWP 1716055) exited]
[Thread 0x770c0f9fb640 (LWP 1716054) exited]
[Thread 0x770c17fff640 (LWP 1716053) exited]
[Thread 0x770c24dfa640 (LWP 1716052) exited]
[Thread 0x770c255fb640 (LWP 1716051) exited]
[Thread 0x770c25dfc640 (LWP 1716050) exited]
[Thread 0x770c265fd640 (LWP 1716049) exited]
[Thread 0x770c26dfe640 (LWP 1716048) exited]
[Thread 0x770c2ca91640 (LWP 1716047) exited]
[Thread 0x770c2d292640 (LWP 1716046) exited]
[Thread 0x770c2da93640 (LWP 1716045) exited]
[Thread 0x770c2effd640 (LWP 1716004) exited]
[Thread 0x770c2f7fe640 (LWP 1716003) exited]
[Thread 0x770c275ff640 (LWP 1716002) exited]
[Thread 0x770c2ffff640 (LWP 1716001) exited]
[Thread 0x770c3ca42640 (LWP 1716000) exited]
[Thread 0x770c3d243640 (LWP 1715999) exited]
[Thread 0x770c3da44640 (LWP 1715998) exited]
[Thread 0x770c3e245640 (LWP 1715997) exited]
[Thread 0x770c3e2eba00 (LWP 1715993) exited]
[Thread 0x770c2e294640 (LWP 1716044) exited]
[New process 1715993]
[Inferior 1 (process 1715993) exited with code 01]
(gdb) (gdb) No stack.
