Attaching to process 1236334
[New LWP 1236338]
[New LWP 1236339]
[New LWP 1236340]
[New LWP 1236341]
[New LWP 1236342]
[New LWP 1236343]
[New LWP 1236344]
[New LWP 1236345]
[New LWP 1236346]
[New LWP 1236347]
[New LWP 1236348]
[New LWP 1236349]
[New LWP 1236350]
[New LWP 1236351]
[New LWP 1236352]
[New LWP 1236353]
[New LWP 1236354]
[New LWP 1236355]
[New LWP 1236356]
[New LWP 1236357]
[New LWP 1236358]
[New LWP 1236359]
[Thread debugging using libthread_db enabled]
Using host libthread_db library "/lib/x86_64-linux-gnu/libthread_db.so.1".
0x00007b7e58c907f8 in __GI___clock_nanosleep (clock_id=clock_id@entry=0, flags=flags@entry=0, req=req@entry=0x7ffe6f097290, rem=rem@entry=0x7ffe6f097290) at ../sysdeps/unix/sysv/linux/clock_nanosleep.c:78
78	../sysdeps/unix/sysv/linux/clock_nanosleep.c: No such file or directory.
(gdb) (gdb) Continuing.
[Thread 0x7b7e2d6a6640 (LWP 1236356) exited]
[Thread 0x7b7e2cea5640 (LWP 1236357) exited]
[Thread 0x7b7e237fe640 (LWP 1236359) exited]
[Thread 0x7b7e23fff640 (LWP 1236358) exited]
[Thread 0x7b7e367fc640 (LWP 1236355) exited]
[Thread 0x7b7e36ffd640 (LWP 1236354) exited]
[Thread 0x7b7e377fe640 (LWP 1236353) exited]
[Thread 0x7b7e37fff640 (LWP 1236352) exited]
[Thread 0x7b7e4ca75640 (LWP 1236351) exited]
[Thread 0x7b7e4d276640 (LWP 1236350) exited]
[Thread 0x7b7e4ddfd640 (LWP 1236349) exited]
[Thread 0x7b7e4e5fe640 (LWP 1236348) exited]
[Thread 0x7b7e4f7fe640 (LWP 1236347) exited]
[Thread 0x7b7e4ffff640 (LWP 1236346) exited]
[Thread 0x7b7e54f0a640 (LWP 1236345) exited]
[Thread 0x7b7e5570b640 (LWP 1236344) exited]
[Thread 0x7b7e55f0c640 (LWP 1236343) exited]
[Thread 0x7b7e5670d640 (LWP 1236342) exited]
[Thread 0x7b7e56f0e640 (LWP 1236341) exited]
[Thread 0x7b7e4edff640 (LWP 1236340) exited]
[Thread 0x7b7e5770f640 (LWP 1236339) exited]
[Thread 0x7b7e57fb6a00 (LWP 1236334) exited]
[Thread 0x7b7e57f10640 (LWP 1236338) exited]
[New process 1236334]
[Inferior 1 (process 1236334) exited normally]
(gdb) No stack.
(gdb) 