Attaching to process 2583626
[New LWP 2583659]
[New LWP 2583660]
[New LWP 2583661]
[New LWP 2583662]
[New LWP 2583663]
[New LWP 2583664]
[New LWP 2583665]
[New LWP 2583666]
[New LWP 2583690]
[New LWP 2583691]
[New LWP 2583692]
[New LWP 2583693]
[New LWP 2583694]
[New LWP 2583695]
[New LWP 2583696]
[New LWP 2583697]
[New LWP 2583698]
[New LWP 2583699]
[New LWP 2583700]
[New LWP 2583701]
[New LWP 2583702]
[New LWP 2583703]
[Thread debugging using libthread_db enabled]
Using host libthread_db library "/lib/x86_64-linux-gnu/libthread_db.so.1".
0x0000731610b8f7f8 in __GI___clock_nanosleep (clock_id=clock_id@entry=0, flags=flags@entry=0, req=req@entry=0x7ffd37ea6a30, rem=rem@entry=0x7ffd37ea6a30) at ../sysdeps/unix/sysv/linux/clock_nanosleep.c:78
78	../sysdeps/unix/sysv/linux/clock_nanosleep.c: No such file or directory.
(gdb) (gdb) Continuing.
[Thread 0x7315dbfff640 (LWP 2583703) exited]
[Thread 0x7315e0e35640 (LWP 2583702) exited]
[Thread 0x7315d8dff640 (LWP 2583701) exited]
[Thread 0x7315e1636640 (LWP 2583700) exited]
[Thread 0x7315e67fc640 (LWP 2583699) exited]
[Thread 0x7315e6ffd640 (LWP 2583698) exited]
[Thread 0x7315e77fe640 (LWP 2583697) exited]
[Thread 0x7315e7fff640 (LWP 2583696) exited]
[Thread 0x7315eca91640 (LWP 2583695) exited]
[Thread 0x7315ed292640 (LWP 2583694) exited]
[Thread 0x7315eda93640 (LWP 2583693) exited]
[Thread 0x7315ee294640 (LWP 2583692) exited]
[Thread 0x7315ef296640 (LWP 2583690) exited]
[Thread 0x7315effff640 (LWP 2583666) exited]
[Thread 0x73160ce09640 (LWP 2583665) exited]
[Thread 0x73160d60a640 (LWP 2583664) exited]
[Thread 0x73160de0b640 (LWP 2583663) exited]
[Thread 0x73160e60c640 (LWP 2583662) exited]
[Thread 0x73160ee0d640 (LWP 2583661) exited]
[Thread 0x73160f60e640 (LWP 2583660) exited]
[Thread 0x73160fe0f640 (LWP 2583659) exited]
[Thread 0x73160feb5a00 (LWP 2583626) exited]
[Thread 0x7315eea95640 (LWP 2583691) exited]
[New process 2583626]
[Inferior 1 (process 2583626) exited with code 01]
(gdb) No stack.
(gdb) 