Attaching to process 2582536
[New LWP 2582557]
[New LWP 2582558]
[New LWP 2582559]
[New LWP 2582560]
[New LWP 2582561]
[New LWP 2582562]
[New LWP 2582565]
[New LWP 2582567]
[New LWP 2582600]
[New LWP 2582601]
[New LWP 2582602]
[New LWP 2582603]
[New LWP 2582604]
[New LWP 2582605]
[New LWP 2582606]
[New LWP 2582607]
[New LWP 2582608]
[New LWP 2582609]
[New LWP 2582610]
[New LWP 2582611]
[New LWP 2582612]
[New LWP 2582613]
78	../sysdeps/unix/sysv/linux/clock_nanosleep.c: No such file or directory.
[Thread debugging using libthread_db enabled]
Using host libthread_db library "/lib/x86_64-linux-gnu/libthread_db.so.1".
0x00007bfe961b57f8 in __GI___clock_nanosleep (clock_id=clock_id@entry=0, flags=flags@entry=0, req=req@entry=0x7ffe69d379e0, rem=rem@entry=0x7ffe69d379e0) at ../sysdeps/unix/sysv/linux/clock_nanosleep.c:78
(gdb) (gdb) Continuing.
[Thread 0x7bfe65bbe640 (LWP 2582613) exited]
[Thread 0x7bfe5ffff640 (LWP 2582612) exited]
[Thread 0x7bfe663bf640 (LWP 2582611) exited]
[Thread 0x7bfe66bc0640 (LWP 2582610) exited]
[Thread 0x7bfe6f7fe640 (LWP 2582609) exited]
[Thread 0x7bfe6ffff640 (LWP 2582608) exited]
[Thread 0x7bfe84a74640 (LWP 2582607) exited]
[Thread 0x7bfe85275640 (LWP 2582606) exited]
[Thread 0x7bfe85a76640 (LWP 2582605) exited]
[Thread 0x7bfe86277640 (LWP 2582604) exited]
[Thread 0x7bfe86dfe640 (LWP 2582603) exited]
[Thread 0x7bfe87fff640 (LWP 2582602) exited]
[Thread 0x7bfe8ca91640 (LWP 2582601) exited]
[Thread 0x7bfe8d292640 (LWP 2582600) exited]
[Thread 0x7bfe8dffb640 (LWP 2582567) exited]
[Thread 0x7bfe8e7fc640 (LWP 2582565) exited]
[Thread 0x7bfe8effd640 (LWP 2582562) exited]
[Thread 0x7bfe8f7fe640 (LWP 2582561) exited]
[Thread 0x7bfe875ff640 (LWP 2582560) exited]
[Thread 0x7bfe8ffff640 (LWP 2582559) exited]
[Thread 0x7bfe94c34640 (LWP 2582558) exited]
[Thread 0x7bfe95435640 (LWP 2582557) exited]
[Inferior 1 (process 2582536) exited with code 01]
(gdb) (gdb) No stack.
