Attaching to process 2583082
[New LWP 2583115]
[New LWP 2583116]
[New LWP 2583117]
[New LWP 2583118]
[New LWP 2583119]
[New LWP 2583120]
[New LWP 2583121]
[New LWP 2583122]
[New LWP 2583146]
[New LWP 2583147]
[New LWP 2583148]
[New LWP 2583149]
[New LWP 2583150]
[New LWP 2583151]
[New LWP 2583152]
[New LWP 2583153]
[New LWP 2583154]
[New LWP 2583155]
[New LWP 2583156]
[New LWP 2583157]
[New LWP 2583158]
[New LWP 2583159]
[Thread debugging using libthread_db enabled]
Using host libthread_db library "/lib/x86_64-linux-gnu/libthread_db.so.1".
0x00007a77048297f8 in __GI___clock_nanosleep (clock_id=clock_id@entry=0, flags=flags@entry=0, req=req@entry=0x7fff780252b0, rem=rem@entry=0x7fff780252b0) at ../sysdeps/unix/sysv/linux/clock_nanosleep.c:78
78	../sysdeps/unix/sysv/linux/clock_nanosleep.c: No such file or directory.
(gdb) (gdb) Continuing.
[Thread 0x7a76cffff640 (LWP 2583158) exited]
[Thread 0x7a76d4ab4640 (LWP 2583157) exited]
[Thread 0x7a76d52b5640 (LWP 2583156) exited]
[Thread 0x7a76d9ffb640 (LWP 2583155) exited]
[Thread 0x7a76da7fc640 (LWP 2583154) exited]
[Thread 0x7a76daffd640 (LWP 2583153) exited]
[Thread 0x7a76db7fe640 (LWP 2583152) exited]
[Thread 0x7a76dbfff640 (LWP 2583151) exited]
[Thread 0x7a76f8e76640 (LWP 2583150) exited]
[Thread 0x7a76f99fd640 (LWP 2583149) exited]
[Thread 0x7a76fa1fe640 (LWP 2583148) exited]
[Thread 0x7a76fb296640 (LWP 2583147) exited]
[Thread 0x7a76fba97640 (LWP 2583146) exited]
[Thread 0x7a7700aa3640 (LWP 2583122) exited]
[Thread 0x7a77012a4640 (LWP 2583121) exited]
[Thread 0x7a7701aa5640 (LWP 2583120) exited]
[Thread 0x7a77022a6640 (LWP 2583119) exited]
[Thread 0x7a7702aa7640 (LWP 2583118) exited]
[Thread 0x7a76fa9ff640 (LWP 2583117) exited]
[Thread 0x7a77032a8640 (LWP 2583116) exited]
[Thread 0x7a7703aa9640 (LWP 2583115) exited]
[Thread 0x7a7703b4fa00 (LWP 2583082) exited]
[Thread 0x7a76c75ff640 (LWP 2583159) exited]
[New process 2583082]
[Inferior 1 (process 2583082) exited with code 01]
(gdb) (gdb) No stack.
