Attaching to process 3542282
[New LWP 3542286]
[New LWP 3542287]
[New LWP 3542288]
[New LWP 3542289]
[New LWP 3542290]
[New LWP 3542291]
[New LWP 3542292]
[New LWP 3542293]
[New LWP 3542294]
[New LWP 3542295]
[New LWP 3542296]
[New LWP 3542297]
[New LWP 3542298]
[New LWP 3542299]
[New LWP 3542300]
[New LWP 3542301]
[New LWP 3542302]
[New LWP 3542303]
[New LWP 3542304]
[New LWP 3542305]
[New LWP 3542306]
[New LWP 3542307]
[Thread debugging using libthread_db enabled]
Using host libthread_db library "/lib/x86_64-linux-gnu/libthread_db.so.1".
0x00007a388bc587f8 in __GI___clock_nanosleep (clock_id=clock_id@entry=0, flags=flags@entry=0, req=req@entry=0x7ffc44f55340, rem=rem@entry=0x7ffc44f55340) at ../sysdeps/unix/sysv/linux/clock_nanosleep.c:78
78	../sysdeps/unix/sysv/linux/clock_nanosleep.c: No such file or directory.
(gdb) (gdb) Continuing.
[Thread 0x7a386bfff640 (LWP 3542304) exited]
[Thread 0x7a386b7fe640 (LWP 3542305) exited]
[Thread 0x7a386a7fc640 (LWP 3542307) exited]
[Thread 0x7a386affd640 (LWP 3542306) exited]
[Thread 0x7a38797fa640 (LWP 3542303) exited]
[Thread 0x7a3879ffb640 (LWP 3542302) exited]
[Thread 0x7a387a7fc640 (LWP 3542301) exited]
[Thread 0x7a387affd640 (LWP 3542300) exited]
[Thread 0x7a387b7fe640 (LWP 3542299) exited]
[Thread 0x7a38817fa640 (LWP 3542297) exited]
[Thread 0x7a3881ffb640 (LWP 3542296) exited]
[Thread 0x7a38827fc640 (LWP 3542295) exited]
[Thread 0x7a3882ffd640 (LWP 3542294) exited]
[Thread 0x7a38837fe640 (LWP 3542293) exited]
[Thread 0x7a3883fff640 (LWP 3542292) exited]
[Thread 0x7a3888ed4640 (LWP 3542291) exited]
[Thread 0x7a3880dff640 (LWP 3542290) exited]
[Thread 0x7a38896d5640 (LWP 3542289) exited]
[Thread 0x7a3889ed6640 (LWP 3542288) exited]
[Thread 0x7a388a6d7640 (LWP 3542287) exited]
[Thread 0x7a388aed8640 (LWP 3542286) exited]
[Thread 0x7a388af7ea00 (LWP 3542282) exited]
[Thread 0x7a387bfff640 (LWP 3542298) exited]
[New process 3542282]
[Inferior 1 (process 3542282) exited normally]
(gdb) No stack.
(gdb) 