Attaching to process 2712782
[New LWP 2712815]
[New LWP 2712816]
[New LWP 2712817]
[New LWP 2712818]
[New LWP 2712819]
[New LWP 2712820]
[New LWP 2712821]
[New LWP 2712822]
[New LWP 2712846]
[New LWP 2712847]
[New LWP 2712848]
[New LWP 2712849]
[New LWP 2712850]
[New LWP 2712851]
[New LWP 2712852]
[New LWP 2712853]
[New LWP 2712854]
[New LWP 2712855]
[New LWP 2712856]
[New LWP 2712857]
[New LWP 2712858]
[New LWP 2712859]
[Thread debugging using libthread_db enabled]
Using host libthread_db library "/lib/x86_64-linux-gnu/libthread_db.so.1".
0x00007ad5bce6f7f8 in __GI___clock_nanosleep (clock_id=clock_id@entry=0, flags=flags@entry=0, req=req@entry=0x7ffcb42d59d0, rem=rem@entry=0x7ffcb42d59d0) at ../sysdeps/unix/sysv/linux/clock_nanosleep.c:78
78	../sysdeps/unix/sysv/linux/clock_nanosleep.c: No such file or directory.
(gdb) (gdb) Continuing.
[Thread 0x7ad58c910640 (LWP 2712859) exited]
[Thread 0x7ad58d111640 (LWP 2712858) exited]
[Thread 0x7ad587fff640 (LWP 2712857) exited]
[Thread 0x7ad58d912640 (LWP 2712856) exited]
[Thread 0x7ad5927fc640 (LWP 2712855) exited]
[Thread 0x7ad592ffd640 (LWP 2712854) exited]
[Thread 0x7ad5937fe640 (LWP 2712853) exited]
[Thread 0x7ad593fff640 (LWP 2712852) exited]
[Thread 0x7ad598dad640 (LWP 2712851) exited]
[Thread 0x7ad5995ae640 (LWP 2712850) exited]
[Thread 0x7ad59a135640 (LWP 2712849) exited]
[Thread 0x7ad59a936640 (LWP 2712848) exited]
[Thread 0x7ad59b137640 (LWP 2712847) exited]
[Thread 0x7ad59b938640 (LWP 2712846) exited]
[Thread 0x7ad5b88e8640 (LWP 2712822) exited]
[Thread 0x7ad5b90e9640 (LWP 2712821) exited]
[Thread 0x7ad5b98ea640 (LWP 2712820) exited]
[Thread 0x7ad5ba0eb640 (LWP 2712819) exited]
[Thread 0x7ad5ba8ec640 (LWP 2712818) exited]
[Thread 0x7ad5bb0ed640 (LWP 2712817) exited]
[Thread 0x7ad5bb8ee640 (LWP 2712816) exited]
[Thread 0x7ad5bc0ef640 (LWP 2712815) exited]
[Inferior 1 (process 2712782) exited with code 01]
(gdb) (gdb) No stack.
