Attaching to process 2713328
[New LWP 2713361]
[New LWP 2713362]
[New LWP 2713363]
[New LWP 2713364]
[New LWP 2713365]
[New LWP 2713366]
[New LWP 2713367]
[New LWP 2713368]
[New LWP 2713392]
[New LWP 2713393]
[New LWP 2713394]
[New LWP 2713395]
[New LWP 2713396]
[New LWP 2713397]
[New LWP 2713398]
[New LWP 2713399]
[New LWP 2713400]
[New LWP 2713401]
[New LWP 2713402]
[New LWP 2713403]
[New LWP 2713404]
[New LWP 2713405]
[Thread debugging using libthread_db enabled]
Using host libthread_db library "/lib/x86_64-linux-gnu/libthread_db.so.1".
0x00007dd3997837f8 in __GI___clock_nanosleep (clock_id=clock_id@entry=0, flags=flags@entry=0, req=req@entry=0x7ffd1ea43430, rem=rem@entry=0x7ffd1ea43430) at ../sysdeps/unix/sysv/linux/clock_nanosleep.c:78
78	../sysdeps/unix/sysv/linux/clock_nanosleep.c: No such file or directory.
(gdb) (gdb) Continuing.
[Thread 0x7dd3691e0640 (LWP 2713404) exited]
[Thread 0x7dd3699e1640 (LWP 2713403) exited]
[Thread 0x7dd36a1e2640 (LWP 2713402) exited]
[Thread 0x7dd372ffd640 (LWP 2713401) exited]
[Thread 0x7dd3737fe640 (LWP 2713400) exited]
[Thread 0x7dd373fff640 (LWP 2713399) exited]
[Thread 0x7dd388c73640 (LWP 2713398) exited]
[Thread 0x7dd389474640 (LWP 2713397) exited]
[Thread 0x7dd389c75640 (LWP 2713396) exited]
[Thread 0x7dd38a7fc640 (LWP 2713395) exited]
[Thread 0x7dd38affd640 (LWP 2713394) exited]
[Thread 0x7dd38b7fe640 (LWP 2713393) exited]
[Thread 0x7dd390a91640 (LWP 2713392) exited]
[Thread 0x7dd3917fa640 (LWP 2713368) exited]
[Thread 0x7dd391ffb640 (LWP 2713367) exited]
[Thread 0x7dd3927fc640 (LWP 2713366) exited]
[Thread 0x7dd392ffd640 (LWP 2713365) exited]
[Thread 0x7dd3937fe640 (LWP 2713364) exited]
[Thread 0x7dd38bfff640 (LWP 2713363) exited]
[Thread 0x7dd393fff640 (LWP 2713362) exited]
[Thread 0x7dd398a03640 (LWP 2713361) exited]
[Thread 0x7dd398aa9a00 (LWP 2713328) exited]
[Thread 0x7dd3689df640 (LWP 2713405) exited]
[New process 2713328]
[Inferior 1 (process 2713328) exited with code 01]
(gdb) (gdb) No stack.
