Attaching to process 2712238
[New LWP 2712271]
[New LWP 2712272]
[New LWP 2712273]
[New LWP 2712274]
[New LWP 2712275]
[New LWP 2712276]
[New LWP 2712277]
[New LWP 2712278]
[New LWP 2712302]
[New LWP 2712303]
[New LWP 2712304]
[New LWP 2712305]
[New LWP 2712306]
[New LWP 2712307]
[New LWP 2712308]
[New LWP 2712309]
[New LWP 2712310]
[New LWP 2712311]
[New LWP 2712312]
[New LWP 2712313]
[New LWP 2712314]
[New LWP 2712315]
78	../sysdeps/unix/sysv/linux/clock_nanosleep.c: No such file or directory.
[Thread debugging using libthread_db enabled]
Using host libthread_db library "/lib/x86_64-linux-gnu/libthread_db.so.1".
0x0000771c7af8a7f8 in __GI___clock_nanosleep (clock_id=clock_id@entry=0, flags=flags@entry=0, req=req@entry=0x7fff43c17e00, rem=rem@entry=0x7fff43c17e00) at ../sysdeps/unix/sysv/linux/clock_nanosleep.c:78
(gdb) (gdb) Continuing.
[Thread 0x771c4a9e6640 (LWP 2712315) exited]
[Thread 0x771c4b1e7640 (LWP 2712314) exited]
[Thread 0x771c471e7640 (LWP 2712313) exited]
[Thread 0x771c4b9e8640 (LWP 2712312) exited]
[Thread 0x771c54c73640 (LWP 2712311) exited]
[Thread 0x771c55474640 (LWP 2712310) exited]
[Thread 0x771c55c75640 (LWP 2712309) exited]
[Thread 0x771c56476640 (LWP 2712308) exited]
[Thread 0x771c56c77640 (LWP 2712307) exited]
[Thread 0x771c57478640 (LWP 2712306) exited]
[Thread 0x771c57fff640 (LWP 2712305) exited]
[Thread 0x771c68a91640 (LWP 2712304) exited]
[Thread 0x771c69292640 (LWP 2712303) exited]
[Thread 0x771c69a93640 (LWP 2712302) exited]
[Thread 0x771c6a7fc640 (LWP 2712278) exited]
[Thread 0x771c6affd640 (LWP 2712277) exited]
[Thread 0x771c6b7fe640 (LWP 2712276) exited]
[Thread 0x771c6bfff640 (LWP 2712275) exited]
[Thread 0x771c78a07640 (LWP 2712274) exited]
[Thread 0x771c79208640 (LWP 2712273) exited]
[Thread 0x771c79a09640 (LWP 2712272) exited]
[Thread 0x771c7a20a640 (LWP 2712271) exited]
[Inferior 1 (process 2712238) exited with code 01]
(gdb) No stack.
(gdb) 