Attaching to process 2045958
[New LWP 2045962]
[New LWP 2045963]
[New LWP 2045964]
[New LWP 2045965]
[New LWP 2045966]
[New LWP 2045967]
[New LWP 2045968]
[New LWP 2045969]
[New LWP 2045970]
[New LWP 2045971]
[New LWP 2045972]
[New LWP 2045973]
[New LWP 2045974]
[New LWP 2045975]
[New LWP 2045976]
[New LWP 2045977]
[New LWP 2045978]
[New LWP 2045979]
351	../sysdeps/x86_64/multiarch/memset-vec-unaligned-erms.S: No such file or directory.
[Thread debugging using libthread_db enabled]
Using host libthread_db library "/lib/x86_64-linux-gnu/libthread_db.so.1".
__memset_avx2_unaligned_erms () at ../sysdeps/x86_64/multiarch/memset-vec-unaligned-erms.S:351
(gdb) (gdb) Continuing.
[New Thread 0x7cd459157640 (LWP 2046019)]
[New Thread 0x7cd458956640 (LWP 2046020)]
[New Thread 0x7cd453e3c640 (LWP 2046021)]
[New Thread 0x7cd45363b640 (LWP 2046022)]
[Thread 0x7cd459157640 (LWP 2046019) exited]
[Thread 0x7cd458956640 (LWP 2046020) exited]
[Thread 0x7cd45363b640 (LWP 2046022) exited]
[Thread 0x7cd453e3c640 (LWP 2046021) exited]
[Thread 0x7cd45dffb640 (LWP 2045979) exited]
[Thread 0x7cd45e7fc640 (LWP 2045978) exited]
[Thread 0x7cd45effd640 (LWP 2045977) exited]
[Thread 0x7cd45f7fe640 (LWP 2045976) exited]
[Thread 0x7cd45ffff640 (LWP 2045975) exited]
[Thread 0x7cd474dad640 (LWP 2045974) exited]
[Thread 0x7cd475934640 (LWP 2045973) exited]
[Thread 0x7cd476135640 (LWP 2045972) exited]
[Thread 0x7cd477137640 (LWP 2045970) exited]
[Thread 0x7cd477fff640 (LWP 2045969) exited]
[Thread 0x7cd48494a640 (LWP 2045968) exited]
[Thread 0x7cd48514b640 (LWP 2045967) exited]
[Thread 0x7cd48594c640 (LWP 2045966) exited]
[Thread 0x7cd48614d640 (LWP 2045965) exited]
[Thread 0x7cd48694e640 (LWP 2045964) exited]
[Thread 0x7cd48714f640 (LWP 2045963) exited]
[Thread 0x7cd487950640 (LWP 2045962) exited]
[Thread 0x7cd4879f6a00 (LWP 2045958) exited]
[Thread 0x7cd476936640 (LWP 2045971) exited]
[New process 2045958]
[Inferior 1 (process 2045958) exited normally]
(gdb) No stack.
(gdb) 