Attaching to process 2777805
[New LWP 2777809]
[New LWP 2777810]
[New LWP 2777811]
[New LWP 2777812]
[New LWP 2777813]
[New LWP 2777814]
[New LWP 2777815]
[New LWP 2777816]
[New LWP 2777817]
[New LWP 2777818]
[New LWP 2777819]
[New LWP 2777820]
[New LWP 2777821]
[New LWP 2777822]
[New LWP 2777823]
[New LWP 2777824]
[New LWP 2777825]
[New LWP 2777826]
[New LWP 2777827]
[New LWP 2777828]
[New LWP 2777829]
[New LWP 2777830]
[Thread debugging using libthread_db enabled]
Using host libthread_db library "/lib/x86_64-linux-gnu/libthread_db.so.1".
0x000070143bb917f8 in __GI___clock_nanosleep (clock_id=clock_id@entry=0, flags=flags@entry=0, req=req@entry=0x7ffe83d41980, rem=rem@entry=0x7ffe83d41980) at ../sysdeps/unix/sysv/linux/clock_nanosleep.c:78
78	../sysdeps/unix/sysv/linux/clock_nanosleep.c: No such file or directory.
(gdb) (gdb) Continuing.
[Thread 0x70140bfff640 (LWP 2777827) exited]
[Thread 0x7014077fe640 (LWP 2777828) exited]
[Thread 0x70140affd640 (LWP 2777830) exited]
[Thread 0x70140b7fe640 (LWP 2777829) exited]
[Thread 0x7014297fa640 (LWP 2777826) exited]
[Thread 0x701429ffb640 (LWP 2777825) exited]
[Thread 0x70142a7fc640 (LWP 2777824) exited]
[Thread 0x70142b7fe640 (LWP 2777822) exited]
[Thread 0x70142bfff640 (LWP 2777821) exited]
[Thread 0x701430a91640 (LWP 2777820) exited]
[Thread 0x701431292640 (LWP 2777819) exited]
[Thread 0x701431a93640 (LWP 2777818) exited]
[Thread 0x701432294640 (LWP 2777817) exited]
[Thread 0x701432ffd640 (LWP 2777816) exited]
[Thread 0x7014337fe640 (LWP 2777815) exited]
[Thread 0x701438e0d640 (LWP 2777814) exited]
[Thread 0x70143960e640 (LWP 2777813) exited]
[Thread 0x701433fff640 (LWP 2777812) exited]
[Thread 0x701439e0f640 (LWP 2777811) exited]
[Thread 0x70143a610640 (LWP 2777810) exited]
[Thread 0x70143ae11640 (LWP 2777809) exited]
[Thread 0x70143aeb7a00 (LWP 2777805) exited]
[Thread 0x70142affd640 (LWP 2777823) exited]
[New process 2777805]
[Inferior 1 (process 2777805) exited normally]
(gdb) (gdb) No stack.
