Attaching to process 2260914
[New LWP 2260918]
[New LWP 2260919]
[New LWP 2260920]
[New LWP 2260921]
[New LWP 2260922]
[New LWP 2260923]
[New LWP 2260924]
[New LWP 2260925]
[New LWP 2260926]
[New LWP 2260927]
[New LWP 2260928]
[New LWP 2260929]
[New LWP 2260930]
[New LWP 2260931]
[New LWP 2260932]
[New LWP 2260933]
[New LWP 2260934]
[New LWP 2260935]
[New LWP 2260936]
[New LWP 2260937]
[New LWP 2260938]
[New LWP 2260939]
[Thread debugging using libthread_db enabled]
Using host libthread_db library "/lib/x86_64-linux-gnu/libthread_db.so.1".
0x00007ef0b210d7f8 in __GI___clock_nanosleep (clock_id=clock_id@entry=0, flags=flags@entry=0, req=req@entry=0x7ffd09941c00, rem=rem@entry=0x7ffd09941c00) at ../sysdeps/unix/sysv/linux/clock_nanosleep.c:78
78	../sysdeps/unix/sysv/linux/clock_nanosleep.c: No such file or directory.
(gdb) (gdb) Continuing.
[Thread 0x7ef082b7a640 (LWP 2260936) exited]
[Thread 0x7ef082379640 (LWP 2260937) exited]
[Thread 0x7ef0811b4640 (LWP 2260939) exited]
[Thread 0x7ef081b78640 (LWP 2260938) exited]
[Thread 0x7ef09b7fe640 (LWP 2260935) exited]
[Thread 0x7ef09bfff640 (LWP 2260934) exited]
[Thread 0x7ef0a0c73640 (LWP 2260933) exited]
[Thread 0x7ef0a1474640 (LWP 2260932) exited]
[Thread 0x7ef0a2476640 (LWP 2260930) exited]
[Thread 0x7ef0a2ffd640 (LWP 2260929) exited]
[Thread 0x7ef0a37fe640 (LWP 2260928) exited]
[Thread 0x7ef0a8a91640 (LWP 2260927) exited]
[Thread 0x7ef0a9292640 (LWP 2260926) exited]
[Thread 0x7ef0a9ffb640 (LWP 2260925) exited]
[Thread 0x7ef0aa7fc640 (LWP 2260924) exited]
[Thread 0x7ef0aaffd640 (LWP 2260923) exited]
[Thread 0x7ef0ab7fe640 (LWP 2260922) exited]
[Thread 0x7ef0abfff640 (LWP 2260921) exited]
[Thread 0x7ef0a3fff640 (LWP 2260920) exited]
[Thread 0x7ef0b0b8c640 (LWP 2260919) exited]
[Thread 0x7ef0b138d640 (LWP 2260918) exited]
[Thread 0x7ef0b1433a00 (LWP 2260914) exited]
[Thread 0x7ef0a1c75640 (LWP 2260931) exited]
[New process 2260914]
[Inferior 1 (process 2260914) exited normally]
(gdb) No stack.
(gdb) 