Attaching to process 1329633
[New LWP 1329666]
[New LWP 1329667]
[New LWP 1329668]
[New LWP 1329669]
[New LWP 1329670]
[New LWP 1329671]
[New LWP 1329672]
[New LWP 1329673]
[New LWP 1329697]
[New LWP 1329698]
[New LWP 1329699]
[New LWP 1329700]
[New LWP 1329701]
[New LWP 1329702]
[New LWP 1329703]
[New LWP 1329704]
[New LWP 1329705]
[New LWP 1329706]
[New LWP 1329707]
[New LWP 1329708]
[New LWP 1329709]
[New LWP 1329710]
[Thread debugging using libthread_db enabled]
Using host libthread_db library "/lib/x86_64-linux-gnu/libthread_db.so.1".
0x00007f3281fd67f8 in __GI___clock_nanosleep (clock_id=clock_id@entry=0, flags=flags@entry=0, req=req@entry=0x7ffc53ee37f0, rem=rem@entry=0x7ffc53ee37f0) at ../sysdeps/unix/sysv/linux/clock_nanosleep.c:78
78	../sysdeps/unix/sysv/linux/clock_nanosleep.c: No such file or directory.
(gdb) (gdb) Continuing.
[Thread 0x7f3252a2c640 (LWP 1329707) exited]
[Thread 0x7f325222b640 (LWP 1329708) exited]
[Thread 0x7f3251229640 (LWP 1329710) exited]
[Thread 0x7f3251a2a640 (LWP 1329709) exited]
[Thread 0x7f32577fe640 (LWP 1329706) exited]
[Thread 0x7f3257fff640 (LWP 1329705) exited]
[Thread 0x7f325cc73640 (LWP 1329704) exited]
[Thread 0x7f325d474640 (LWP 1329703) exited]
[Thread 0x7f325dc75640 (LWP 1329702) exited]
[Thread 0x7f325e476640 (LWP 1329701) exited]
[Thread 0x7f325f7fe640 (LWP 1329699) exited]
[Thread 0x7f325ffff640 (LWP 1329698) exited]
[Thread 0x7f3278a91640 (LWP 1329697) exited]
[Thread 0x7f32797fa640 (LWP 1329673) exited]
[Thread 0x7f3279ffb640 (LWP 1329672) exited]
[Thread 0x7f327a7fc640 (LWP 1329671) exited]
[Thread 0x7f327affd640 (LWP 1329670) exited]
[Thread 0x7f327b7fe640 (LWP 1329669) exited]
[Thread 0x7f327bfff640 (LWP 1329668) exited]
[Thread 0x7f3280a55640 (LWP 1329667) exited]
[Thread 0x7f3281256640 (LWP 1329666) exited]
[Thread 0x7f32812fca00 (LWP 1329633) exited]
[Thread 0x7f325effd640 (LWP 1329700) exited]
[New process 1329633]
[Inferior 1 (process 1329633) exited normally]
(gdb) No stack.
(gdb) 