Attaching to process 2730209
[New LWP 2730242]
[New LWP 2730243]
[New LWP 2730244]
[New LWP 2730245]
[New LWP 2730246]
[New LWP 2730247]
[New LWP 2730248]
[New LWP 2730249]
[New LWP 2730273]
[New LWP 2730274]
[New LWP 2730275]
[New LWP 2730276]
[New LWP 2730277]
[New LWP 2730278]
[New LWP 2730279]
[New LWP 2730280]
[New LWP 2730281]
[New LWP 2730282]
[New LWP 2730283]
[New LWP 2730284]
[New LWP 2730285]
[New LWP 2730286]
[Thread debugging using libthread_db enabled]
Using host libthread_db library "/lib/x86_64-linux-gnu/libthread_db.so.1".
0x00007c58371937f8 in __GI___clock_nanosleep (clock_id=clock_id@entry=0, flags=flags@entry=0, req=req@entry=0x7ffd41a9fed0, rem=rem@entry=0x7ffd41a9fed0) at ../sysdeps/unix/sysv/linux/clock_nanosleep.c:78
78	../sysdeps/unix/sysv/linux/clock_nanosleep.c: No such file or directory.
(gdb) (gdb) Continuing.
[Thread 0x7c5806427640 (LWP 2730286) exited]
[Thread 0x7c5806c28640 (LWP 2730285) exited]
[Thread 0x7c5807429640 (LWP 2730284) exited]
[Thread 0x7c5807c2a640 (LWP 2730283) exited]
[Thread 0x7c580cc73640 (LWP 2730282) exited]
[Thread 0x7c580d474640 (LWP 2730281) exited]
[Thread 0x7c580dc75640 (LWP 2730280) exited]
[Thread 0x7c580e476640 (LWP 2730279) exited]
[Thread 0x7c580ec77640 (LWP 2730278) exited]
[Thread 0x7c580f478640 (LWP 2730277) exited]
[Thread 0x7c582ca91640 (LWP 2730275) exited]
[Thread 0x7c582d292640 (LWP 2730274) exited]
[Thread 0x7c582da93640 (LWP 2730273) exited]
[Thread 0x7c582e7fc640 (LWP 2730249) exited]
[Thread 0x7c582effd640 (LWP 2730248) exited]
[Thread 0x7c582f7fe640 (LWP 2730247) exited]
[Thread 0x7c5834c10640 (LWP 2730246) exited]
[Thread 0x7c5835411640 (LWP 2730245) exited]
[Thread 0x7c5835c12640 (LWP 2730244) exited]
[Thread 0x7c582ffff640 (LWP 2730243) exited]
[Thread 0x7c5836413640 (LWP 2730242) exited]
[Thread 0x7c58364b9a00 (LWP 2730209) exited]
[Thread 0x7c580ffff640 (LWP 2730276) exited]
[New process 2730209]
[Inferior 1 (process 2730209) exited with code 01]
(gdb) No stack.
(gdb) 