Attaching to process 2731298
[New LWP 2731331]
[New LWP 2731332]
[New LWP 2731333]
[New LWP 2731334]
[New LWP 2731335]
[New LWP 2731336]
[New LWP 2731337]
[New LWP 2731338]
[New LWP 2731362]
[New LWP 2731363]
[New LWP 2731364]
[New LWP 2731365]
[New LWP 2731366]
[New LWP 2731367]
[New LWP 2731368]
[New LWP 2731369]
[New LWP 2731370]
[New LWP 2731371]
[New LWP 2731372]
[New LWP 2731373]
[New LWP 2731374]
[New LWP 2731375]
[Thread debugging using libthread_db enabled]
Using host libthread_db library "/lib/x86_64-linux-gnu/libthread_db.so.1".
0x00007390fd2d27f8 in __GI___clock_nanosleep (clock_id=clock_id@entry=0, flags=flags@entry=0, req=req@entry=0x7ffd108c1d20, rem=rem@entry=0x7ffd108c1d20) at ../sysdeps/unix/sysv/linux/clock_nanosleep.c:78
78	../sysdeps/unix/sysv/linux/clock_nanosleep.c: No such file or directory.
(gdb) (gdb) Continuing.
[Thread 0x7390ccd63640 (LWP 2731375) exited]
[Thread 0x7390cd564640 (LWP 2731374) exited]
[Thread 0x7390c9564640 (LWP 2731373) exited]
[Thread 0x7390cdd65640 (LWP 2731372) exited]
[Thread 0x7390d2ffd640 (LWP 2731371) exited]
[Thread 0x7390d37fe640 (LWP 2731370) exited]
[Thread 0x7390d3fff640 (LWP 2731369) exited]
[Thread 0x7390d8a91640 (LWP 2731368) exited]
[Thread 0x7390d9292640 (LWP 2731367) exited]
[Thread 0x7390d9a93640 (LWP 2731366) exited]
[Thread 0x7390da294640 (LWP 2731365) exited]
[Thread 0x7390daa95640 (LWP 2731364) exited]
[Thread 0x7390db296640 (LWP 2731363) exited]
[Thread 0x7390dba97640 (LWP 2731362) exited]
[Thread 0x7390f8d4b640 (LWP 2731338) exited]
[Thread 0x7390f954c640 (LWP 2731337) exited]
[Thread 0x7390f9d4d640 (LWP 2731336) exited]
[Thread 0x7390fa54e640 (LWP 2731335) exited]
[Thread 0x7390fad4f640 (LWP 2731334) exited]
[Thread 0x7390fb550640 (LWP 2731333) exited]
[Thread 0x7390fbd51640 (LWP 2731332) exited]
[Thread 0x7390fc552640 (LWP 2731331) exited]
[Inferior 1 (process 2731298) exited with code 01]
(gdb) (gdb) No stack.
