Attaching to process 2730755
[New LWP 2730788]
[New LWP 2730789]
[New LWP 2730790]
[New LWP 2730791]
[New LWP 2730792]
[New LWP 2730793]
[New LWP 2730794]
[New LWP 2730795]
[New LWP 2730819]
[New LWP 2730820]
[New LWP 2730821]
[New LWP 2730822]
[New LWP 2730823]
[New LWP 2730824]
[New LWP 2730825]
[New LWP 2730826]
[New LWP 2730827]
[New LWP 2730828]
[New LWP 2730829]
[New LWP 2730830]
[New LWP 2730831]
[New LWP 2730832]
[Thread debugging using libthread_db enabled]
Using host libthread_db library "/lib/x86_64-linux-gnu/libthread_db.so.1".
0x0000783f9193d7f8 in __GI___clock_nanosleep (clock_id=clock_id@entry=0, flags=flags@entry=0, req=req@entry=0x7ffd26942e10, rem=rem@entry=0x7ffd26942e10) at ../sysdeps/unix/sysv/linux/clock_nanosleep.c:78
78	../sysdeps/unix/sysv/linux/clock_nanosleep.c: No such file or directory.
(gdb) (gdb) Continuing.
[Thread 0x783f60b84640 (LWP 2730832) exited]
[Thread 0x783f61385640 (LWP 2730831) exited]
[Thread 0x783f61b86640 (LWP 2730830) exited]
[Thread 0x783f62387640 (LWP 2730829) exited]
[Thread 0x783f6affd640 (LWP 2730828) exited]
[Thread 0x783f6b7fe640 (LWP 2730827) exited]
[Thread 0x783f6bfff640 (LWP 2730826) exited]
[Thread 0x783f80c73640 (LWP 2730825) exited]
[Thread 0x783f81474640 (LWP 2730824) exited]
[Thread 0x783f81c75640 (LWP 2730823) exited]
[Thread 0x783f827fc640 (LWP 2730822) exited]
[Thread 0x783f82ffd640 (LWP 2730821) exited]
[Thread 0x783f837fe640 (LWP 2730820) exited]
[Thread 0x783f88a91640 (LWP 2730819) exited]
[Thread 0x783f897fa640 (LWP 2730795) exited]
[Thread 0x783f89ffb640 (LWP 2730794) exited]
[Thread 0x783f8a7fc640 (LWP 2730793) exited]
[Thread 0x783f8affd640 (LWP 2730792) exited]
[Thread 0x783f8b7fe640 (LWP 2730791) exited]
[Thread 0x783f83fff640 (LWP 2730790) exited]
[Thread 0x783f8bfff640 (LWP 2730789) exited]
[Thread 0x783f90bbd640 (LWP 2730788) exited]
[Inferior 1 (process 2730755) exited with code 01]
(gdb) No stack.
(gdb) 