Attaching to process 95110
[New LWP 95114]
[New LWP 95115]
[New LWP 95116]
[New LWP 95117]
[New LWP 95118]
[New LWP 95119]
[New LWP 95120]
[New LWP 95121]
[New LWP 95122]
[New LWP 95123]
[New LWP 95124]
[New LWP 95125]
[New LWP 95126]
[New LWP 95127]
[New LWP 95128]
[New LWP 95129]
[New LWP 95130]
[New LWP 95131]
[New LWP 95132]
[New LWP 95133]
[New LWP 95134]
[New LWP 95135]
[Thread debugging using libthread_db enabled]
Using host libthread_db library "/lib/x86_64-linux-gnu/libthread_db.so.1".
0x00007e3ed51b07f8 in __GI___clock_nanosleep (clock_id=clock_id@entry=0, flags=flags@entry=0, req=req@entry=0x7ffc6445de10, rem=rem@entry=0x7ffc6445de10) at ../sysdeps/unix/sysv/linux/clock_nanosleep.c:78
78	../sysdeps/unix/sysv/linux/clock_nanosleep.c: No such file or directory.
(gdb) (gdb) Continuing.
[Thread 0x7e3ea5c52640 (LWP 95132) exited]
[Thread 0x7e3ea5451640 (LWP 95133) exited]
[Thread 0x7e3e9ffff640 (LWP 95135) exited]
[Thread 0x7e3ea4c50640 (LWP 95134) exited]
[Thread 0x7e3eaa7fc640 (LWP 95131) exited]
[Thread 0x7e3eaaffd640 (LWP 95130) exited]
[Thread 0x7e3eab7fe640 (LWP 95129) exited]
[Thread 0x7e3eabfff640 (LWP 95128) exited]
[Thread 0x7e3eb0f0c640 (LWP 95127) exited]
[Thread 0x7e3eb170d640 (LWP 95126) exited]
[Thread 0x7e3eb2294640 (LWP 95125) exited]
[Thread 0x7e3eb2a95640 (LWP 95124) exited]
[Thread 0x7e3eb3296640 (LWP 95123) exited]
[Thread 0x7e3eb3a97640 (LWP 95122) exited]
[Thread 0x7e3ed0c29640 (LWP 95121) exited]
[Thread 0x7e3ed142a640 (LWP 95120) exited]
[Thread 0x7e3ed242c640 (LWP 95118) exited]
[Thread 0x7e3ed2c2d640 (LWP 95117) exited]
[Thread 0x7e3ed342e640 (LWP 95116) exited]
[Thread 0x7e3ed3c2f640 (LWP 95115) exited]
[Thread 0x7e3ed4430640 (LWP 95114) exited]
[Thread 0x7e3ed44d6a00 (LWP 95110) exited]
[Thread 0x7e3ed1c2b640 (LWP 95119) exited]
[New process 95110]
[Inferior 1 (process 95110) exited normally]
(gdb) (gdb) No stack.
