Attaching to process 2489438
[New LWP 2489464]
[New LWP 2489467]
[New LWP 2489468]
[New LWP 2489470]
[New LWP 2489471]
[New LWP 2489472]
[New LWP 2489474]
[New LWP 2489476]
[New LWP 2489502]
[New LWP 2489503]
[New LWP 2489504]
[New LWP 2489505]
[New LWP 2489506]
[New LWP 2489507]
[New LWP 2489508]
[New LWP 2489509]
[New LWP 2489510]
[New LWP 2489511]
[New LWP 2489512]
[New LWP 2489513]
[New LWP 2489514]
[New LWP 2489515]
[Thread debugging using libthread_db enabled]
Using host libthread_db library "/lib/x86_64-linux-gnu/libthread_db.so.1".
0x000077710503e7f8 in __GI___clock_nanosleep (clock_id=clock_id@entry=0, flags=flags@entry=0, req=req@entry=0x7fff89f51de0, rem=rem@entry=0x7fff89f51de0) at ../sysdeps/unix/sysv/linux/clock_nanosleep.c:78
78	../sysdeps/unix/sysv/linux/clock_nanosleep.c: No such file or directory.
(gdb) (gdb) Continuing.
[Thread 0x7770cffff640 (LWP 2489515) exited]
[Thread 0x7770d4af1640 (LWP 2489514) exited]
[Thread 0x7770d52f2640 (LWP 2489513) exited]
[Thread 0x7770d5af3640 (LWP 2489512) exited]
[Thread 0x7770daffd640 (LWP 2489510) exited]
[Thread 0x7770db7fe640 (LWP 2489509) exited]
[Thread 0x7770dbfff640 (LWP 2489508) exited]
[Thread 0x7770e0f0c640 (LWP 2489507) exited]
[Thread 0x7770e170d640 (LWP 2489506) exited]
[Thread 0x7770e2294640 (LWP 2489505) exited]
[Thread 0x7770e2a95640 (LWP 2489504) exited]
[Thread 0x7770e3296640 (LWP 2489503) exited]
[Thread 0x7770e3a97640 (LWP 2489502) exited]
[Thread 0x777100ab7640 (LWP 2489476) exited]
[Thread 0x7771012b8640 (LWP 2489474) exited]
[Thread 0x777101ab9640 (LWP 2489472) exited]
[Thread 0x7771022ba640 (LWP 2489471) exited]
[Thread 0x777102abb640 (LWP 2489470) exited]
[Thread 0x7771032bc640 (LWP 2489468) exited]
[Thread 0x777103abd640 (LWP 2489467) exited]
[Thread 0x7771042be640 (LWP 2489464) exited]
[Thread 0x777104364a00 (LWP 2489438) exited]
[Thread 0x7770da7fc640 (LWP 2489511) exited]
[New process 2489438]
[Inferior 1 (process 2489438) exited with code 01]
(gdb) (gdb) No stack.
