Attaching to process 2489982
[New LWP 2490015]
[New LWP 2490016]
[New LWP 2490017]
[New LWP 2490018]
[New LWP 2490019]
[New LWP 2490020]
[New LWP 2490021]
[New LWP 2490022]
[New LWP 2490046]
[New LWP 2490047]
[New LWP 2490048]
[New LWP 2490049]
[New LWP 2490050]
[New LWP 2490051]
[New LWP 2490052]
[New LWP 2490053]
[New LWP 2490054]
[New LWP 2490055]
[New LWP 2490056]
[New LWP 2490057]
[New LWP 2490058]
[New LWP 2490059]
78	../sysdeps/unix/sysv/linux/clock_nanosleep.c: No such file or directory.
[Thread debugging using libthread_db enabled]
Using host libthread_db library "/lib/x86_64-linux-gnu/libthread_db.so.1".
0x00007a408e56c7f8 in __GI___clock_nanosleep (clock_id=clock_id@entry=0, flags=flags@entry=0, req=req@entry=0x7ffc1f35e310, rem=rem@entry=0x7ffc1f35e310) at ../sysdeps/unix/sysv/linux/clock_nanosleep.c:78
(gdb) (gdb) Continuing.
[Thread 0x7a405d636640 (LWP 2490059) exited]
[Thread 0x7a405dffa640 (LWP 2490058) exited]
[Thread 0x7a405e7fb640 (LWP 2490057) exited]
[Thread 0x7a405effc640 (LWP 2490056) exited]
[Thread 0x7a4063fff640 (LWP 2490055) exited]
[Thread 0x7a4080a72640 (LWP 2490054) exited]
[Thread 0x7a4081273640 (LWP 2490053) exited]
[Thread 0x7a4081a74640 (LWP 2490052) exited]
[Thread 0x7a4082275640 (LWP 2490051) exited]
[Thread 0x7a4082a76640 (LWP 2490050) exited]
[Thread 0x7a40835fd640 (LWP 2490049) exited]
[Thread 0x7a4083dfe640 (LWP 2490048) exited]
[Thread 0x7a4084ff9640 (LWP 2490047) exited]
[Thread 0x7a40857fa640 (LWP 2490046) exited]
[Thread 0x7a4085ffb640 (LWP 2490022) exited]
[Thread 0x7a40867fc640 (LWP 2490021) exited]
[Thread 0x7a4086ffd640 (LWP 2490020) exited]
[Thread 0x7a40877fe640 (LWP 2490019) exited]
[Thread 0x7a4087fff640 (LWP 2490018) exited]
[Thread 0x7a40845ff640 (LWP 2490017) exited]
[Thread 0x7a408cfeb640 (LWP 2490016) exited]
[Thread 0x7a408d7ec640 (LWP 2490015) exited]
[Inferior 1 (process 2489982) exited with code 01]
(gdb) (gdb) No stack.
