Attaching to process 2490525
[New LWP 2490558]
[New LWP 2490559]
[New LWP 2490560]
[New LWP 2490561]
[New LWP 2490562]
[New LWP 2490563]
[New LWP 2490564]
[New LWP 2490565]
[New LWP 2490589]
[New LWP 2490590]
[New LWP 2490591]
[New LWP 2490592]
[New LWP 2490593]
[New LWP 2490594]
[New LWP 2490595]
[New LWP 2490596]
[New LWP 2490597]
[New LWP 2490598]
[New LWP 2490599]
[New LWP 2490600]
[New LWP 2490601]
[New LWP 2490602]
[Thread debugging using libthread_db enabled]
Using host libthread_db library "/lib/x86_64-linux-gnu/libthread_db.so.1".
0x000077a8cdb6f7f8 in __GI___clock_nanosleep (clock_id=clock_id@entry=0, flags=flags@entry=0, req=req@entry=0x7ffd436d4e70, rem=rem@entry=0x7ffd436d4e70) at ../sysdeps/unix/sysv/linux/clock_nanosleep.c:78
78	../sysdeps/unix/sysv/linux/clock_nanosleep.c: No such file or directory.
(gdb) (gdb) Continuing.
[Thread 0x77a89cc32640 (LWP 2490602) exited]
[Thread 0x77a89d5f6640 (LWP 2490601) exited]
[Thread 0x77a89ddf7640 (LWP 2490600) exited]
[Thread 0x77a89e5f8640 (LWP 2490599) exited]
[Thread 0x77a8a2ffd640 (LWP 2490598) exited]
[Thread 0x77a8a37fe640 (LWP 2490597) exited]
[Thread 0x77a8a3fff640 (LWP 2490596) exited]
[Thread 0x77a8c0bf9640 (LWP 2490595) exited]
[Thread 0x77a8c13fa640 (LWP 2490594) exited]
[Thread 0x77a8c1bfb640 (LWP 2490593) exited]
[Thread 0x77a8c23fc640 (LWP 2490592) exited]
[Thread 0x77a8c2bfd640 (LWP 2490591) exited]
[Thread 0x77a8c8f21640 (LWP 2490589) exited]
[Thread 0x77a8c9de9640 (LWP 2490565) exited]
[Thread 0x77a8ca5ea640 (LWP 2490564) exited]
[Thread 0x77a8cadeb640 (LWP 2490563) exited]
[Thread 0x77a8cb5ec640 (LWP 2490562) exited]
[Thread 0x77a8cbded640 (LWP 2490561) exited]
[Thread 0x77a8c3bff640 (LWP 2490560) exited]
[Thread 0x77a8cc5ee640 (LWP 2490559) exited]
[Thread 0x77a8ccdef640 (LWP 2490558) exited]
[Thread 0x77a8cce95a00 (LWP 2490525) exited]
[Thread 0x77a8c33fe640 (LWP 2490590) exited]
[New process 2490525]
[Inferior 1 (process 2490525) exited with code 01]
(gdb) No stack.
(gdb) 