Attaching to process 2176329
[New LWP 2176333]
[New LWP 2176334]
[New LWP 2176335]
[New LWP 2176336]
[New LWP 2176337]
[New LWP 2176338]
[New LWP 2176339]
[New LWP 2176340]
[New LWP 2176342]
[New LWP 2176343]
[New LWP 2176344]
[New LWP 2176345]
[New LWP 2176346]
[New LWP 2176347]
[New LWP 2176348]
[New LWP 2176349]
[New LWP 2176350]
[New LWP 2176351]
[New LWP 2176352]
[New LWP 2176353]
[New LWP 2176354]
[New LWP 2176355]
[Thread debugging using libthread_db enabled]
Using host libthread_db library "/lib/x86_64-linux-gnu/libthread_db.so.1".
0x00007f876c4df7f8 in __GI___clock_nanosleep (clock_id=clock_id@entry=0, flags=flags@entry=0, req=req@entry=0x7ffd12c66630, rem=rem@entry=0x7ffd12c66630) at ../sysdeps/unix/sysv/linux/clock_nanosleep.c:78
78	../sysdeps/unix/sysv/linux/clock_nanosleep.c: No such file or directory.
(gdb) (gdb) Continuing.
[Thread 0x7f873cf85640 (LWP 2176352) exited]
[Thread 0x7f8737fff640 (LWP 2176353) exited]
[Thread 0x7f87377fe640 (LWP 2176354) exited]
[Thread 0x7f8736ffd640 (LWP 2176355) exited]
[Thread 0x7f8745ffb640 (LWP 2176351) exited]
[Thread 0x7f87467fc640 (LWP 2176350) exited]
[Thread 0x7f8746ffd640 (LWP 2176349) exited]
[Thread 0x7f87477fe640 (LWP 2176348) exited]
[Thread 0x7f8747fff640 (LWP 2176347) exited]
[Thread 0x7f8750c73640 (LWP 2176346) exited]
[Thread 0x7f87517fa640 (LWP 2176345) exited]
[Thread 0x7f8751ffb640 (LWP 2176344) exited]
[Thread 0x7f87527fc640 (LWP 2176343) exited]
[Thread 0x7f87537fe640 (LWP 2176340) exited]
[Thread 0x7f8753fff640 (LWP 2176339) exited]
[Thread 0x7f8768f5a640 (LWP 2176338) exited]
[Thread 0x7f876975b640 (LWP 2176337) exited]
[Thread 0x7f8769f5c640 (LWP 2176336) exited]
[Thread 0x7f876a75d640 (LWP 2176335) exited]
[Thread 0x7f876af5e640 (LWP 2176334) exited]
[Thread 0x7f876b75f640 (LWP 2176333) exited]
[Thread 0x7f876b805a00 (LWP 2176329) exited]
[Thread 0x7f8752ffd640 (LWP 2176342) exited]
[New process 2176329]
[Inferior 1 (process 2176329) exited normally]
(gdb) No stack.
(gdb) 