Attaching to process 2176261
[New LWP 2176265]
[New LWP 2176266]
[New LWP 2176267]
[New LWP 2176268]
[New LWP 2176269]
[New LWP 2176270]
[New LWP 2176271]
[New LWP 2176272]
[New LWP 2176273]
[New LWP 2176274]
[New LWP 2176275]
[New LWP 2176276]
[New LWP 2176277]
[New LWP 2176278]
[New LWP 2176279]
[New LWP 2176280]
[New LWP 2176281]
[New LWP 2176282]
[New LWP 2176283]
[New LWP 2176284]
[New LWP 2176285]
[New LWP 2176286]
[Thread debugging using libthread_db enabled]
Using host libthread_db library "/lib/x86_64-linux-gnu/libthread_db.so.1".
0x00007259f6c427f8 in __GI___clock_nanosleep (clock_id=clock_id@entry=0, flags=flags@entry=0, req=req@entry=0x7ffc5f3e90f0, rem=rem@entry=0x7ffc5f3e90f0) at ../sysdeps/unix/sysv/linux/clock_nanosleep.c:78
78	../sysdeps/unix/sysv/linux/clock_nanosleep.c: No such file or directory.
(gdb) (gdb) Continuing.
[Thread 0x7259c76cc640 (LWP 2176283) exited]
[Thread 0x7259c6ecb640 (LWP 2176284) exited]
[Thread 0x7259c5ec9640 (LWP 2176286) exited]
[Thread 0x7259c66ca640 (LWP 2176285) exited]
[Thread 0x7259cbfff640 (LWP 2176282) exited]
[Thread 0x7259d0ff9640 (LWP 2176281) exited]
[Thread 0x7259d17fa640 (LWP 2176280) exited]
[Thread 0x7259d1ffb640 (LWP 2176279) exited]
[Thread 0x7259d27fc640 (LWP 2176278) exited]
[Thread 0x7259d2ffd640 (LWP 2176277) exited]
[Thread 0x7259d37fe640 (LWP 2176276) exited]
[Thread 0x7259eca91640 (LWP 2176274) exited]
[Thread 0x7259ed292640 (LWP 2176273) exited]
[Thread 0x7259edffb640 (LWP 2176272) exited]
[Thread 0x7259ee7fc640 (LWP 2176271) exited]
[Thread 0x7259eeffd640 (LWP 2176270) exited]
[Thread 0x7259ef7fe640 (LWP 2176269) exited]
[Thread 0x7259effff640 (LWP 2176268) exited]
[Thread 0x7259f4ec0640 (LWP 2176267) exited]
[Thread 0x7259f56c1640 (LWP 2176266) exited]
[Thread 0x7259f5ec2640 (LWP 2176265) exited]
[Thread 0x7259f5f68a00 (LWP 2176261) exited]
[Thread 0x7259d3fff640 (LWP 2176275) exited]
[New process 2176261]
[Inferior 1 (process 2176261) exited normally]
(gdb) (gdb) No stack.
