Attaching to process 3437113
[New LWP 3437146]
[New LWP 3437147]
[New LWP 3437148]
[New LWP 3437149]
[New LWP 3437150]
[New LWP 3437151]
[New LWP 3437152]
[New LWP 3437153]
[New LWP 3437177]
[New LWP 3437178]
[New LWP 3437179]
[New LWP 3437180]
[New LWP 3437181]
[New LWP 3437182]
[New LWP 3437183]
[New LWP 3437184]
[New LWP 3437185]
[New LWP 3437186]
[New LWP 3437187]
[New LWP 3437188]
[New LWP 3437189]
[New LWP 3437190]
78	../sysdeps/unix/sysv/linux/clock_nanosleep.c: No such file or directory.
[Thread debugging using libthread_db enabled]
Using host libthread_db library "/lib/x86_64-linux-gnu/libthread_db.so.1".
0x000071311e9fe7f8 in __GI___clock_nanosleep (clock_id=clock_id@entry=0, flags=flags@entry=0, req=req@entry=0x7ffc1b85f480, rem=rem@entry=0x7ffc1b85f480) at ../sysdeps/unix/sysv/linux/clock_nanosleep.c:78
(gdb) (gdb) Continuing.
[Thread 0x7130fb43d640 (LWP 3437187) exited]
[Thread 0x7130fac3c640 (LWP 3437188) exited]
[Thread 0x7130f9a77640 (LWP 3437190) exited]
[Thread 0x7130fa278640 (LWP 3437189) exited]
[Thread 0x713103fff640 (LWP 3437186) exited]
[Thread 0x713110bf8640 (LWP 3437185) exited]
[Thread 0x7131113f9640 (LWP 3437184) exited]
[Thread 0x713111bfa640 (LWP 3437183) exited]
[Thread 0x7131123fb640 (LWP 3437182) exited]
[Thread 0x713112bfc640 (LWP 3437181) exited]
[Thread 0x7131133fd640 (LWP 3437180) exited]
[Thread 0x713115a93640 (LWP 3437177) exited]
[Thread 0x7131167fc640 (LWP 3437153) exited]
[Thread 0x713116ffd640 (LWP 3437152) exited]
[Thread 0x7131177fe640 (LWP 3437151) exited]
[Thread 0x713117fff640 (LWP 3437150) exited]
[Thread 0x7131143ff640 (LWP 3437149) exited]
[Thread 0x71311cc7c640 (LWP 3437148) exited]
[Thread 0x71311d47d640 (LWP 3437147) exited]
[Thread 0x71311dc7e640 (LWP 3437146) exited]
[Thread 0x713115292640 (LWP 3437178) exited]
[Thread 0x71311dd24a00 (LWP 3437113) exited]
[Thread 0x713113bfe640 (LWP 3437179) exited]
[New process 3437113]
[Inferior 1 (process 3437113) exited normally]
(gdb) (gdb) No stack.
