Attaching to process 1434113
[New LWP 1434117]
[New LWP 1434118]
[New LWP 1434119]
[New LWP 1434120]
[New LWP 1434121]
[New LWP 1434122]
[New LWP 1434123]
[New LWP 1434124]
[New LWP 1434125]
[New LWP 1434126]
[New LWP 1434127]
[New LWP 1434128]
[New LWP 1434129]
[New LWP 1434130]
[New LWP 1434131]
[New LWP 1434132]
[New LWP 1434133]
[New LWP 1434134]
[New LWP 1434135]
[New LWP 1434136]
[New LWP 1434137]
[New LWP 1434138]
[Thread debugging using libthread_db enabled]
Using host libthread_db library "/lib/x86_64-linux-gnu/libthread_db.so.1".
0x00007f9f69bdc7f8 in __GI___clock_nanosleep (clock_id=clock_id@entry=0, flags=flags@entry=0, req=req@entry=0x7fff70201d70, rem=rem@entry=0x7fff70201d70) at ../sysdeps/unix/sysv/linux/clock_nanosleep.c:78
78	../sysdeps/unix/sysv/linux/clock_nanosleep.c: No such file or directory.
(gdb) (gdb) Continuing.
[Thread 0x7f9f3a684640 (LWP 1434135) exited]
[Thread 0x7f9f39e83640 (LWP 1434136) exited]
[Thread 0x7f9f38e81640 (LWP 1434138) exited]
[Thread 0x7f9f39682640 (LWP 1434137) exited]
[Thread 0x7f9f3effd640 (LWP 1434134) exited]
[Thread 0x7f9f3f7fe640 (LWP 1434133) exited]
[Thread 0x7f9f3ffff640 (LWP 1434132) exited]
[Thread 0x7f9f44ff9640 (LWP 1434131) exited]
[Thread 0x7f9f457fa640 (LWP 1434130) exited]
[Thread 0x7f9f45ffb640 (LWP 1434129) exited]
[Thread 0x7f9f467fc640 (LWP 1434128) exited]
[Thread 0x7f9f477fe640 (LWP 1434126) exited]
[Thread 0x7f9f47fff640 (LWP 1434125) exited]
[Thread 0x7f9f65655640 (LWP 1434124) exited]
[Thread 0x7f9f65e56640 (LWP 1434123) exited]
[Thread 0x7f9f66657640 (LWP 1434122) exited]
[Thread 0x7f9f66e58640 (LWP 1434121) exited]
[Thread 0x7f9f67659640 (LWP 1434120) exited]
[Thread 0x7f9f67e5a640 (LWP 1434119) exited]
[Thread 0x7f9f6865b640 (LWP 1434118) exited]
[Thread 0x7f9f68e5c640 (LWP 1434117) exited]
[Thread 0x7f9f68f02a00 (LWP 1434113) exited]
[Thread 0x7f9f46ffd640 (LWP 1434127) exited]
[New process 1434113]
[Inferior 1 (process 1434113) exited normally]
(gdb) (gdb) No stack.
