Attaching to process 2271566
[New LWP 2271570]
[New LWP 2271571]
[New LWP 2271572]
[New LWP 2271573]
[New LWP 2271574]
[New LWP 2271575]
[New LWP 2271576]
[New LWP 2271577]
[New LWP 2271578]
[New LWP 2271579]
[New LWP 2271580]
[New LWP 2271581]
[New LWP 2271582]
[New LWP 2271583]
[New LWP 2271584]
[New LWP 2271585]
[New LWP 2271586]
[New LWP 2271587]
[New LWP 2271588]
[New LWP 2271589]
[New LWP 2271590]
[New LWP 2271591]
[Thread debugging using libthread_db enabled]
Using host libthread_db library "/lib/x86_64-linux-gnu/libthread_db.so.1".
0x000070f60d6c27f8 in __GI___clock_nanosleep (clock_id=clock_id@entry=0, flags=flags@entry=0, req=req@entry=0x7fff0c394c80, rem=rem@entry=0x7fff0c394c80) at ../sysdeps/unix/sysv/linux/clock_nanosleep.c:78
78	../sysdeps/unix/sysv/linux/clock_nanosleep.c: No such file or directory.
(gdb) (gdb) Continuing.
[Thread 0x70f5de10f640 (LWP 2271588) exited]
[Thread 0x70f5dd90e640 (LWP 2271589) exited]
[Thread 0x70f5d890c640 (LWP 2271591) exited]
[Thread 0x70f5d910d640 (LWP 2271590) exited]
[Thread 0x70f5e67fc640 (LWP 2271587) exited]
[Thread 0x70f5e6ffd640 (LWP 2271586) exited]
[Thread 0x70f5e77fe640 (LWP 2271585) exited]
[Thread 0x70f5e7fff640 (LWP 2271584) exited]
[Thread 0x70f600ffa640 (LWP 2271583) exited]
[Thread 0x70f6017fb640 (LWP 2271582) exited]
[Thread 0x70f601ffc640 (LWP 2271581) exited]
[Thread 0x70f6027fd640 (LWP 2271580) exited]
[Thread 0x70f602ffe640 (LWP 2271579) exited]
[Thread 0x70f60993c640 (LWP 2271577) exited]
[Thread 0x70f60a13d640 (LWP 2271576) exited]
[Thread 0x70f60a93e640 (LWP 2271575) exited]
[Thread 0x70f60b13f640 (LWP 2271574) exited]
[Thread 0x70f60b940640 (LWP 2271573) exited]
[Thread 0x70f6037ff640 (LWP 2271572) exited]
[Thread 0x70f60c141640 (LWP 2271571) exited]
[Thread 0x70f60c942640 (LWP 2271570) exited]
[Thread 0x70f60c9e8a00 (LWP 2271566) exited]
[Thread 0x70f608a74640 (LWP 2271578) exited]
[New process 2271566]
[Inferior 1 (process 2271566) exited normally]
(gdb) No stack.
(gdb) 