Attaching to process 3437301
[New LWP 3437305]
[New LWP 3437306]
[New LWP 3437307]
[New LWP 3437308]
[New LWP 3437309]
[New LWP 3437310]
[New LWP 3437311]
[New LWP 3437312]
[New LWP 3437314]
[New LWP 3437315]
[New LWP 3437316]
[New LWP 3437317]
[New LWP 3437318]
[New LWP 3437319]
[New LWP 3437320]
[New LWP 3437321]
[New LWP 3437322]
[New LWP 3437323]
[New LWP 3437324]
[New LWP 3437325]
[New LWP 3437326]
[New LWP 3437327]
[Thread debugging using libthread_db enabled]
Using host libthread_db library "/lib/x86_64-linux-gnu/libthread_db.so.1".
0x000078af772267f8 in __GI___clock_nanosleep (clock_id=clock_id@entry=0, flags=flags@entry=0, req=req@entry=0x7ffdf1205a30, rem=rem@entry=0x7ffdf1205a30) at ../sysdeps/unix/sysv/linux/clock_nanosleep.c:78
78	../sysdeps/unix/sysv/linux/clock_nanosleep.c: No such file or directory.
(gdb) (gdb) Continuing.
[Thread 0x78af4749a640 (LWP 3437325) exited]
[Thread 0x78af47c9b640 (LWP 3437324) exited]
[Thread 0x78af46c99640 (LWP 3437326) exited]
[Thread 0x78af50c73640 (LWP 3437323) exited]
[Thread 0x78af51474640 (LWP 3437322) exited]
[Thread 0x78af51c75640 (LWP 3437321) exited]
[Thread 0x78af52476640 (LWP 3437320) exited]
[Thread 0x78af52c77640 (LWP 3437319) exited]
[Thread 0x78af53478640 (LWP 3437318) exited]
[Thread 0x78af53fff640 (LWP 3437317) exited]
[Thread 0x78af64a91640 (LWP 3437316) exited]
[Thread 0x78af65292640 (LWP 3437315) exited]
[Thread 0x78af65a93640 (LWP 3437314) exited]
[Thread 0x78af667fc640 (LWP 3437312) exited]
[Thread 0x78af66ffd640 (LWP 3437311) exited]
[Thread 0x78af677fe640 (LWP 3437310) exited]
[Thread 0x78af67fff640 (LWP 3437309) exited]
[Thread 0x78af74ca3640 (LWP 3437308) exited]
[Thread 0x78af754a4640 (LWP 3437307) exited]
[Thread 0x78af75ca5640 (LWP 3437306) exited]
[Thread 0x78af764a6640 (LWP 3437305) exited]
[Thread 0x78af7654ca00 (LWP 3437301) exited]
[Thread 0x78af462d5640 (LWP 3437327) exited]
[New process 3437301]
[Inferior 1 (process 3437301) exited normally]
(gdb) No stack.
(gdb) 