Attaching to process 321553
[New LWP 321557]
[New LWP 321558]
[New LWP 321559]
[New LWP 321560]
[New LWP 321561]
[New LWP 321562]
[New LWP 321563]
[New LWP 321564]
[New LWP 321565]
[New LWP 321566]
[New LWP 321567]
[New LWP 321568]
[New LWP 321569]
[New LWP 321570]
[New LWP 321571]
[New LWP 321572]
[New LWP 321573]
[New LWP 321574]
[New LWP 321575]
[New LWP 321576]
[New LWP 321577]
[New LWP 321578]
78	../sysdeps/unix/sysv/linux/clock_nanosleep.c: No such file or directory.
[Thread debugging using libthread_db enabled]
Using host libthread_db library "/lib/x86_64-linux-gnu/libthread_db.so.1".
0x00007189c42f47f8 in __GI___clock_nanosleep (clock_id=clock_id@entry=0, flags=flags@entry=0, req=req@entry=0x7ffec9cbb840, rem=rem@entry=0x7ffec9cbb840) at ../sysdeps/unix/sysv/linux/clock_nanosleep.c:78
(gdb) (gdb) Continuing.
[Thread 0x718994d63640 (LWP 321575) exited]
[Thread 0x71898ffff640 (LWP 321576) exited]
[Thread 0x71898f7fe640 (LWP 321578) exited]
[Thread 0x7189875ff640 (LWP 321577) exited]
[Thread 0x718999ffb640 (LWP 321574) exited]
[Thread 0x71899a7fc640 (LWP 321573) exited]
[Thread 0x71899affd640 (LWP 321572) exited]
[Thread 0x71899b7fe640 (LWP 321571) exited]
[Thread 0x71899bfff640 (LWP 321570) exited]
[Thread 0x7189a0a91640 (LWP 321569) exited]
[Thread 0x7189a1292640 (LWP 321568) exited]
[Thread 0x7189a1a93640 (LWP 321567) exited]
[Thread 0x7189a2294640 (LWP 321566) exited]
[Thread 0x7189a2a95640 (LWP 321565) exited]
[Thread 0x7189a37fe640 (LWP 321564) exited]
[Thread 0x7189a3fff640 (LWP 321563) exited]
[Thread 0x7189c0d6f640 (LWP 321562) exited]
[Thread 0x7189c1570640 (LWP 321561) exited]
[Thread 0x7189c1d71640 (LWP 321560) exited]
[Thread 0x7189c2572640 (LWP 321559) exited]
[Thread 0x7189c2d73640 (LWP 321558) exited]
[Thread 0x7189c3574640 (LWP 321557) exited]
[Inferior 1 (process 321553) exited normally]
(gdb) No stack.
(gdb) 