Attaching to process 2106831
[New LWP 2106835]
[New LWP 2106836]
[New LWP 2106837]
[New LWP 2106838]
[New LWP 2106839]
[New LWP 2106840]
[New LWP 2106841]
[New LWP 2106842]
[New LWP 2106843]
[New LWP 2106844]
[New LWP 2106845]
[New LWP 2106846]
[New LWP 2106847]
[New LWP 2106848]
[New LWP 2106849]
[New LWP 2106850]
[New LWP 2106851]
[New LWP 2106852]
[Thread debugging using libthread_db enabled]
Using host libthread_db library "/lib/x86_64-linux-gnu/libthread_db.so.1".
__memset_avx2_unaligned_erms () at ../sysdeps/x86_64/multiarch/memset-vec-unaligned-erms.S:351
351	../sysdeps/x86_64/multiarch/memset-vec-unaligned-erms.S: No such file or directory.
(gdb) (gdb) Continuing.
[New Thread 0x706e208ca640 (LWP 2106892)]
[New Thread 0x706e200c9640 (LWP 2106893)]
[New Thread 0x706e1f705640 (LWP 2106894)]
[New Thread 0x706e1ef04640 (LWP 2106895)]
[Thread 0x706e208ca640 (LWP 2106892) exited]
[Thread 0x706e200c9640 (LWP 2106893) exited]
[Thread 0x706e1ef04640 (LWP 2106895) exited]
[Thread 0x706e1f705640 (LWP 2106894) exited]
[Thread 0x706e257fa640 (LWP 2106852) exited]
[Thread 0x706e25ffb640 (LWP 2106851) exited]
[Thread 0x706e267fc640 (LWP 2106850) exited]
[Thread 0x706e26ffd640 (LWP 2106849) exited]
[Thread 0x706e277fe640 (LWP 2106848) exited]
[Thread 0x706e27fff640 (LWP 2106847) exited]
[Thread 0x706e3d133640 (LWP 2106846) exited]
[Thread 0x706e3e135640 (LWP 2106844) exited]
[Thread 0x706e3e936640 (LWP 2106843) exited]
[Thread 0x706e3f7fe640 (LWP 2106842) exited]
[Thread 0x706e3ffff640 (LWP 2106841) exited]
[Thread 0x706e4c8ae640 (LWP 2106840) exited]
[Thread 0x706e4d0af640 (LWP 2106839) exited]
[Thread 0x706e4d8b0640 (LWP 2106838) exited]
[Thread 0x706e4e0b1640 (LWP 2106837) exited]
[Thread 0x706e4e8b2640 (LWP 2106836) exited]
[Thread 0x706e4f0b3640 (LWP 2106835) exited]
[Thread 0x706e4f159a00 (LWP 2106831) exited]
[Thread 0x706e3d934640 (LWP 2106845) exited]
[New process 2106831]
[Inferior 1 (process 2106831) exited normally]
(gdb) No stack.
(gdb) 