Attaching to process 2586346
[New LWP 2586367]
[New LWP 2586368]
[New LWP 2586369]
[New LWP 2586370]
[New LWP 2586371]
[New LWP 2586372]
[New LWP 2586373]
[New LWP 2586374]
[New LWP 2586410]
[New LWP 2586411]
[New LWP 2586412]
[New LWP 2586413]
[New LWP 2586414]
[New LWP 2586415]
[New LWP 2586416]
[New LWP 2586417]
[New LWP 2586418]
[New LWP 2586419]
[New LWP 2586420]
[New LWP 2586421]
[New LWP 2586422]
[New LWP 2586423]
78	../sysdeps/unix/sysv/linux/clock_nanosleep.c: No such file or directory.
[Thread debugging using libthread_db enabled]
Using host libthread_db library "/lib/x86_64-linux-gnu/libthread_db.so.1".
0x000074e4659657f8 in __GI___clock_nanosleep (clock_id=clock_id@entry=0, flags=flags@entry=0, req=req@entry=0x7fffd000c290, rem=rem@entry=0x7fffd000c290) at ../sysdeps/unix/sysv/linux/clock_nanosleep.c:78
(gdb) (gdb) Continuing.
[Thread 0x74e434a1b640 (LWP 2586423) exited]
[Thread 0x74e4353df640 (LWP 2586422) exited]
[Thread 0x74e435be0640 (LWP 2586421) exited]
[Thread 0x74e4363e1640 (LWP 2586420) exited]
[Thread 0x74e43b470640 (LWP 2586419) exited]
[Thread 0x74e43bc71640 (LWP 2586418) exited]
[Thread 0x74e43c472640 (LWP 2586417) exited]
[Thread 0x74e43cc73640 (LWP 2586416) exited]
[Thread 0x74e43d474640 (LWP 2586415) exited]
[Thread 0x74e43dc75640 (LWP 2586414) exited]
[Thread 0x74e43e7fc640 (LWP 2586413) exited]
[Thread 0x74e43effd640 (LWP 2586412) exited]
[Thread 0x74e43f7fe640 (LWP 2586411) exited]
[Thread 0x74e43ffff640 (LWP 2586410) exited]
[Thread 0x74e45cff9640 (LWP 2586374) exited]
[Thread 0x74e45d7fa640 (LWP 2586373) exited]
[Thread 0x74e45dffb640 (LWP 2586372) exited]
[Thread 0x74e45e7fc640 (LWP 2586371) exited]
[Thread 0x74e45effd640 (LWP 2586370) exited]
[Thread 0x74e45f7fe640 (LWP 2586369) exited]
[Thread 0x74e45ffff640 (LWP 2586368) exited]
[Thread 0x74e464be5640 (LWP 2586367) exited]
[Inferior 1 (process 2586346) exited with code 01]
(gdb) (gdb) No stack.
