Attaching to process 2586890
[New LWP 2586910]
[New LWP 2586912]
[New LWP 2586913]
[New LWP 2586914]
[New LWP 2586915]
[New LWP 2586916]
[New LWP 2586917]
[New LWP 2586918]
[New LWP 2586954]
[New LWP 2586955]
[New LWP 2586956]
[New LWP 2586957]
[New LWP 2586958]
[New LWP 2586959]
[New LWP 2586960]
[New LWP 2586961]
[New LWP 2586962]
[New LWP 2586963]
[New LWP 2586964]
[New LWP 2586965]
[New LWP 2586966]
[New LWP 2586967]
[Thread debugging using libthread_db enabled]
Using host libthread_db library "/lib/x86_64-linux-gnu/libthread_db.so.1".
0x0000714155bc07f8 in __GI___clock_nanosleep (clock_id=clock_id@entry=0, flags=flags@entry=0, req=req@entry=0x7ffc8f71f5d0, rem=rem@entry=0x7ffc8f71f5d0) at ../sysdeps/unix/sysv/linux/clock_nanosleep.c:78
78	../sysdeps/unix/sysv/linux/clock_nanosleep.c: No such file or directory.
(gdb) (gdb) Continuing.
[Thread 0x7141255b6640 (LWP 2586967) exited]
[Thread 0x714125db7640 (LWP 2586966) exited]
[Thread 0x714121db7640 (LWP 2586965) exited]
[Thread 0x7141265b8640 (LWP 2586964) exited]
[Thread 0x71412effd640 (LWP 2586963) exited]
[Thread 0x71412f7fe640 (LWP 2586962) exited]
[Thread 0x71412ffff640 (LWP 2586961) exited]
[Thread 0x714144ff9640 (LWP 2586960) exited]
[Thread 0x7141457fa640 (LWP 2586959) exited]
[Thread 0x714145ffb640 (LWP 2586958) exited]
[Thread 0x714146ffd640 (LWP 2586956) exited]
[Thread 0x7141477fe640 (LWP 2586955) exited]
[Thread 0x714147fff640 (LWP 2586954) exited]
[Thread 0x71414cff9640 (LWP 2586918) exited]
[Thread 0x71414d7fa640 (LWP 2586917) exited]
[Thread 0x71414dffb640 (LWP 2586916) exited]
[Thread 0x71414e7fc640 (LWP 2586915) exited]
[Thread 0x71414effd640 (LWP 2586914) exited]
[Thread 0x71414f7fe640 (LWP 2586913) exited]
[Thread 0x71414ffff640 (LWP 2586912) exited]
[Thread 0x714154e40640 (LWP 2586910) exited]
[Thread 0x714154ee6a00 (LWP 2586890) exited]
[Thread 0x7141467fc640 (LWP 2586957) exited]
[New process 2586890]
[Inferior 1 (process 2586890) exited with code 01]
(gdb) (gdb) No stack.
