Attaching to process 2585802
[New LWP 2585819]
[New LWP 2585820]
[New LWP 2585821]
[New LWP 2585822]
[New LWP 2585823]
[New LWP 2585824]
[New LWP 2585825]
[New LWP 2585826]
[New LWP 2585866]
[New LWP 2585867]
[New LWP 2585868]
[New LWP 2585869]
[New LWP 2585870]
[New LWP 2585871]
[New LWP 2585872]
[New LWP 2585873]
[New LWP 2585874]
[New LWP 2585875]
[New LWP 2585876]
[New LWP 2585877]
[New LWP 2585878]
[New LWP 2585879]
78	../sysdeps/unix/sysv/linux/clock_nanosleep.c: No such file or directory.
[Thread debugging using libthread_db enabled]
Using host libthread_db library "/lib/x86_64-linux-gnu/libthread_db.so.1".
0x00007c8cb58737f8 in __GI___clock_nanosleep (clock_id=clock_id@entry=0, flags=flags@entry=0, req=req@entry=0x7fffabd12b20, rem=rem@entry=0x7fffabd12b20) at ../sysdeps/unix/sysv/linux/clock_nanosleep.c:78
(gdb) (gdb) Continuing.
[Thread 0x7c8c85310640 (LWP 2585879) exited]
[Thread 0x7c8c85b39640 (LWP 2585878) exited]
[Thread 0x7c8c81b39640 (LWP 2585877) exited]
[Thread 0x7c8c8633a640 (LWP 2585876) exited]
[Thread 0x7c8c8affd640 (LWP 2585875) exited]
[Thread 0x7c8c8b7fe640 (LWP 2585874) exited]
[Thread 0x7c8c8bfff640 (LWP 2585873) exited]
[Thread 0x7c8c90ff9640 (LWP 2585872) exited]
[Thread 0x7c8c917fa640 (LWP 2585871) exited]
[Thread 0x7c8c91ffb640 (LWP 2585870) exited]
[Thread 0x7c8c927fc640 (LWP 2585869) exited]
[Thread 0x7c8c92ffd640 (LWP 2585868) exited]
[Thread 0x7c8c937fe640 (LWP 2585867) exited]
[Thread 0x7c8c93fff640 (LWP 2585866) exited]
[Thread 0x7c8cb12ec640 (LWP 2585826) exited]
[Thread 0x7c8cb1aed640 (LWP 2585825) exited]
[Thread 0x7c8cb22ee640 (LWP 2585824) exited]
[Thread 0x7c8cb2aef640 (LWP 2585823) exited]
[Thread 0x7c8cb32f0640 (LWP 2585822) exited]
[Thread 0x7c8cb3af1640 (LWP 2585821) exited]
[Thread 0x7c8cb42f2640 (LWP 2585820) exited]
[Thread 0x7c8cb4af3640 (LWP 2585819) exited]
[Inferior 1 (process 2585802) exited with code 01]
(gdb) No stack.
(gdb) 