Attaching to process 1854422
[New LWP 1854426]
[New LWP 1854427]
[New LWP 1854428]
[New LWP 1854429]
[New LWP 1854430]
[New LWP 1854431]
[New LWP 1854432]
[New LWP 1854433]
[New LWP 1854434]
[New LWP 1854435]
[New LWP 1854436]
[New LWP 1854437]
[New LWP 1854438]
[New LWP 1854439]
[New LWP 1854440]
[New LWP 1854441]
[New LWP 1854442]
[New LWP 1854443]
[New LWP 1854444]
[New LWP 1854445]
[New LWP 1854446]
[New LWP 1854447]
[Thread debugging using libthread_db enabled]
Using host libthread_db library "/lib/x86_64-linux-gnu/libthread_db.so.1".
0x000073b77e9a07f8 in __GI___clock_nanosleep (clock_id=clock_id@entry=0, flags=flags@entry=0, req=req@entry=0x7ffe850c4ed0, rem=rem@entry=0x7ffe850c4ed0) at ../sysdeps/unix/sysv/linux/clock_nanosleep.c:78
78	../sysdeps/unix/sysv/linux/clock_nanosleep.c: No such file or directory.
(gdb) (gdb) Continuing.
[Thread 0x73b74f3ff640 (LWP 1854444) exited]
[Thread 0x73b74ebfe640 (LWP 1854445) exited]
[Thread 0x73b74dbfc640 (LWP 1854447) exited]
[Thread 0x73b74e3fd640 (LWP 1854446) exited]
[Thread 0x73b7537fe640 (LWP 1854443) exited]
[Thread 0x73b753fff640 (LWP 1854442) exited]
[Thread 0x73b758ff9640 (LWP 1854441) exited]
[Thread 0x73b7597fa640 (LWP 1854440) exited]
[Thread 0x73b759ffb640 (LWP 1854439) exited]
[Thread 0x73b75a7fc640 (LWP 1854438) exited]
[Thread 0x73b75affd640 (LWP 1854437) exited]
[Thread 0x73b75b7fe640 (LWP 1854436) exited]
[Thread 0x73b75bfff640 (LWP 1854435) exited]
[Thread 0x73b775a93640 (LWP 1854434) exited]
[Thread 0x73b7767fc640 (LWP 1854433) exited]
[Thread 0x73b776ffd640 (LWP 1854432) exited]
[Thread 0x73b7777fe640 (LWP 1854431) exited]
[Thread 0x73b777fff640 (LWP 1854430) exited]
[Thread 0x73b77cc1e640 (LWP 1854429) exited]
[Thread 0x73b774bff640 (LWP 1854428) exited]
[Thread 0x73b77d41f640 (LWP 1854427) exited]
[Thread 0x73b77dcc6a00 (LWP 1854422) exited]
[Thread 0x73b77dc20640 (LWP 1854426) exited]
[New process 1854422]
[Inferior 1 (process 1854422) exited normally]
(gdb) (gdb) No stack.
