Attaching to process 1400041
[New LWP 1400045]
[New LWP 1400046]
[New LWP 1400047]
[New LWP 1400048]
[New LWP 1400049]
[New LWP 1400050]
[New LWP 1400051]
[New LWP 1400052]
[New LWP 1400053]
[New LWP 1400054]
[New LWP 1400055]
[New LWP 1400056]
[New LWP 1400057]
[New LWP 1400058]
[New LWP 1400059]
[New LWP 1400060]
[New LWP 1400061]
[New LWP 1400062]
[New LWP 1400063]
[New LWP 1400064]
[New LWP 1400065]
[New LWP 1400066]
[Thread debugging using libthread_db enabled]
Using host libthread_db library "/lib/x86_64-linux-gnu/libthread_db.so.1".
0x000070d9fdef77f8 in __GI___clock_nanosleep (clock_id=clock_id@entry=0, flags=flags@entry=0, req=req@entry=0x7ffe06e5b910, rem=rem@entry=0x7ffe06e5b910) at ../sysdeps/unix/sysv/linux/clock_nanosleep.c:78
78	../sysdeps/unix/sysv/linux/clock_nanosleep.c: No such file or directory.
(gdb) (gdb) Continuing.
[Thread 0x70d9ce9a0640 (LWP 1400063) exited]
[Thread 0x70d9c5fff640 (LWP 1400064) exited]
[Thread 0x70d9cd99e640 (LWP 1400066) exited]
[Thread 0x70d9ce19f640 (LWP 1400065) exited]
[Thread 0x70d9d37fe640 (LWP 1400062) exited]
[Thread 0x70d9d3fff640 (LWP 1400061) exited]
[Thread 0x70d9e0c73640 (LWP 1400060) exited]
[Thread 0x70d9e1474640 (LWP 1400059) exited]
[Thread 0x70d9e1c75640 (LWP 1400058) exited]
[Thread 0x70d9e2476640 (LWP 1400057) exited]
[Thread 0x70d9e37fe640 (LWP 1400055) exited]
[Thread 0x70d9e3fff640 (LWP 1400054) exited]
[Thread 0x70d9f8aa8640 (LWP 1400053) exited]
[Thread 0x70d9f9970640 (LWP 1400052) exited]
[Thread 0x70d9fa171640 (LWP 1400051) exited]
[Thread 0x70d9fa972640 (LWP 1400050) exited]
[Thread 0x70d9fb173640 (LWP 1400049) exited]
[Thread 0x70d9fb974640 (LWP 1400048) exited]
[Thread 0x70d9fc175640 (LWP 1400047) exited]
[Thread 0x70d9fc976640 (LWP 1400046) exited]
[Thread 0x70d9fd177640 (LWP 1400045) exited]
[Thread 0x70d9fd21da00 (LWP 1400041) exited]
[Thread 0x70d9e2ffd640 (LWP 1400056) exited]
[New process 1400041]
[Inferior 1 (process 1400041) exited normally]
(gdb) No stack.
(gdb) 