Attaching to process 1558443
[New LWP 1558447]
[New LWP 1558448]
[New LWP 1558449]
[New LWP 1558450]
[New LWP 1558451]
[New LWP 1558452]
[New LWP 1558453]
[New LWP 1558454]
[New LWP 1558456]
[New LWP 1558457]
[New LWP 1558458]
[New LWP 1558459]
[New LWP 1558460]
[New LWP 1558461]
[New LWP 1558462]
[New LWP 1558463]
[New LWP 1558464]
[New LWP 1558465]
[New LWP 1558466]
[New LWP 1558467]
[New LWP 1558468]
[New LWP 1558469]
[Thread debugging using libthread_db enabled]
Using host libthread_db library "/lib/x86_64-linux-gnu/libthread_db.so.1".
0x000078fe49eee7f8 in __GI___clock_nanosleep (clock_id=clock_id@entry=0, flags=flags@entry=0, req=req@entry=0x7ffcf41a2e30, rem=rem@entry=0x7ffcf41a2e30) at ../sysdeps/unix/sysv/linux/clock_nanosleep.c:78
78	../sysdeps/unix/sysv/linux/clock_nanosleep.c: No such file or directory.
(gdb) (gdb) Continuing.
[Thread 0x78fe1a993640 (LWP 1558466) exited]
[Thread 0x78fe1a192640 (LWP 1558467) exited]
[Thread 0x78fe18fcd640 (LWP 1558469) exited]
[Thread 0x78fe19991640 (LWP 1558468) exited]
[Thread 0x78fe1fc71640 (LWP 1558465) exited]
[Thread 0x78fe20472640 (LWP 1558464) exited]
[Thread 0x78fe20c73640 (LWP 1558463) exited]
[Thread 0x78fe21474640 (LWP 1558462) exited]
[Thread 0x78fe21c75640 (LWP 1558461) exited]
[Thread 0x78fe22476640 (LWP 1558460) exited]
[Thread 0x78fe22ffd640 (LWP 1558459) exited]
[Thread 0x78fe237fe640 (LWP 1558458) exited]
[Thread 0x78fe23fff640 (LWP 1558457) exited]
[Thread 0x78fe417fa640 (LWP 1558454) exited]
[Thread 0x78fe41ffb640 (LWP 1558453) exited]
[Thread 0x78fe427fc640 (LWP 1558452) exited]
[Thread 0x78fe42ffd640 (LWP 1558451) exited]
[Thread 0x78fe437fe640 (LWP 1558450) exited]
[Thread 0x78fe4896d640 (LWP 1558449) exited]
[Thread 0x78fe43fff640 (LWP 1558448) exited]
[Thread 0x78fe4916e640 (LWP 1558447) exited]
[Thread 0x78fe49214a00 (LWP 1558443) exited]
[Thread 0x78fe40a91640 (LWP 1558456) exited]
[New process 1558443]
[Inferior 1 (process 1558443) exited normally]
(gdb) (gdb) No stack.
