Attaching to process 1293484
[New LWP 1293517]
[New LWP 1293518]
[New LWP 1293519]
[New LWP 1293520]
[New LWP 1293521]
[New LWP 1293522]
[New LWP 1293523]
[New LWP 1293524]
[New LWP 1293548]
[New LWP 1293549]
[New LWP 1293550]
[New LWP 1293551]
[New LWP 1293552]
[New LWP 1293553]
[New LWP 1293554]
[New LWP 1293555]
[New LWP 1293556]
[New LWP 1293557]
[New LWP 1293558]
[New LWP 1293559]
[New LWP 1293560]
[New LWP 1293561]
[Thread debugging using libthread_db enabled]
Using host libthread_db library "/lib/x86_64-linux-gnu/libthread_db.so.1".
0x00007397335fd7f8 in __GI___clock_nanosleep (clock_id=clock_id@entry=0, flags=flags@entry=0, req=req@entry=0x7ffd540df590, rem=rem@entry=0x7ffd540df590) at ../sysdeps/unix/sysv/linux/clock_nanosleep.c:78
78	../sysdeps/unix/sysv/linux/clock_nanosleep.c: No such file or directory.
(gdb) (gdb) Continuing.
[Thread 0x739703fff640 (LWP 1293558) exited]
[Thread 0x7396fbfff640 (LWP 1293559) exited]
[Thread 0x739702ffd640 (LWP 1293561) exited]
[Thread 0x7397037fe640 (LWP 1293560) exited]
[Thread 0x739710ff9640 (LWP 1293557) exited]
[Thread 0x7397117fa640 (LWP 1293556) exited]
[Thread 0x739711ffb640 (LWP 1293555) exited]
[Thread 0x7397127fc640 (LWP 1293554) exited]
[Thread 0x739712ffd640 (LWP 1293553) exited]
[Thread 0x7397137fe640 (LWP 1293552) exited]
[Thread 0x739719934640 (LWP 1293550) exited]
[Thread 0x73971a135640 (LWP 1293549) exited]
[Thread 0x73971a936640 (LWP 1293548) exited]
[Thread 0x73971b7fe640 (LWP 1293524) exited]
[Thread 0x739713fff640 (LWP 1293523) exited]
[Thread 0x73971bfff640 (LWP 1293522) exited]
[Thread 0x739730879640 (LWP 1293521) exited]
[Thread 0x73973107a640 (LWP 1293520) exited]
[Thread 0x73973187b640 (LWP 1293519) exited]
[Thread 0x73973207c640 (LWP 1293518) exited]
[Thread 0x73973287d640 (LWP 1293517) exited]
[Thread 0x739732923a00 (LWP 1293484) exited]
No stack.
[Thread 0x739719133640 (LWP 1293551) exited]
[New process 1293484]
[Inferior 1 (process 1293484) exited normally]
(gdb) (gdb) 