Attaching to process 1748458
[New LWP 1748462]
[New LWP 1748463]
[New LWP 1748464]
[New LWP 1748465]
[New LWP 1748466]
[New LWP 1748467]
[New LWP 1748468]
[New LWP 1748469]
[New LWP 1748470]
[New LWP 1748471]
[New LWP 1748472]
[New LWP 1748473]
[New LWP 1748474]
[New LWP 1748475]
[New LWP 1748476]
[New LWP 1748477]
[New LWP 1748478]
[New LWP 1748479]
[New LWP 1748480]
[New LWP 1748481]
[New LWP 1748482]
[New LWP 1748483]
[Thread debugging using libthread_db enabled]
Using host libthread_db library "/lib/x86_64-linux-gnu/libthread_db.so.1".
0x000077f93a7167f8 in __GI___clock_nanosleep (clock_id=clock_id@entry=0, flags=flags@entry=0, req=req@entry=0x7ffcc75725b0, rem=rem@entry=0x7ffcc75725b0) at ../sysdeps/unix/sysv/linux/clock_nanosleep.c:78
78	../sysdeps/unix/sysv/linux/clock_nanosleep.c: No such file or directory.
(gdb) (gdb) Continuing.
[Thread 0x77f90b194640 (LWP 1748480) exited]
[Thread 0x77f90a993640 (LWP 1748481) exited]
[Thread 0x77f909991640 (LWP 1748483) exited]
[Thread 0x77f90a192640 (LWP 1748482) exited]
[Thread 0x77f910472640 (LWP 1748479) exited]
[Thread 0x77f910c73640 (LWP 1748478) exited]
[Thread 0x77f911c75640 (LWP 1748476) exited]
[Thread 0x77f912476640 (LWP 1748475) exited]
[Thread 0x77f912c77640 (LWP 1748474) exited]
[Thread 0x77f9137fe640 (LWP 1748473) exited]
[Thread 0x77f913fff640 (LWP 1748472) exited]
[Thread 0x77f930a91640 (LWP 1748471) exited]
[Thread 0x77f931292640 (LWP 1748470) exited]
[Thread 0x77f931ffb640 (LWP 1748469) exited]
[Thread 0x77f9327fc640 (LWP 1748468) exited]
[Thread 0x77f932ffd640 (LWP 1748467) exited]
[Thread 0x77f9337fe640 (LWP 1748466) exited]
[Thread 0x77f938994640 (LWP 1748465) exited]
[Thread 0x77f939195640 (LWP 1748464) exited]
[Thread 0x77f933fff640 (LWP 1748463) exited]
[Thread 0x77f939996640 (LWP 1748462) exited]
[Thread 0x77f939a3ca00 (LWP 1748458) exited]
[Thread 0x77f911474640 (LWP 1748477) exited]
[New process 1748458]
[Inferior 1 (process 1748458) exited normally]
No stack.
(gdb) (gdb) 