Attaching to process 3567947
[New LWP 3567980]
[New LWP 3567981]
[New LWP 3567982]
[New LWP 3567983]
[New LWP 3567984]
[New LWP 3567985]
[New LWP 3567986]
[New LWP 3567987]
[New LWP 3568011]
[New LWP 3568012]
[New LWP 3568013]
[New LWP 3568014]
[New LWP 3568015]
[New LWP 3568016]
[New LWP 3568017]
[New LWP 3568018]
[New LWP 3568019]
[New LWP 3568020]
[New LWP 3568021]
[New LWP 3568022]
[New LWP 3568023]
[New LWP 3568024]
[Thread debugging using libthread_db enabled]
Using host libthread_db library "/lib/x86_64-linux-gnu/libthread_db.so.1".
0x000076815fa957f8 in __GI___clock_nanosleep (clock_id=clock_id@entry=0, flags=flags@entry=0, req=req@entry=0x7ffe0fc54c60, rem=rem@entry=0x7ffe0fc54c60) at ../sysdeps/unix/sysv/linux/clock_nanosleep.c:78
78	../sysdeps/unix/sysv/linux/clock_nanosleep.c: No such file or directory.
(gdb) (gdb) Continuing.
[Thread 0x76813051b640 (LWP 3568021) exited]
[Thread 0x76812bd1a640 (LWP 3568022) exited]
[Thread 0x76812fd1a640 (LWP 3568023) exited]
[Thread 0x76812f519640 (LWP 3568024) exited]
[Thread 0x7681397fa640 (LWP 3568020) exited]
[Thread 0x768139ffb640 (LWP 3568019) exited]
[Thread 0x76813a7fc640 (LWP 3568018) exited]
[Thread 0x76813affd640 (LWP 3568017) exited]
[Thread 0x76813b7fe640 (LWP 3568016) exited]
[Thread 0x76813bfff640 (LWP 3568015) exited]
[Thread 0x76814ca91640 (LWP 3568014) exited]
[Thread 0x76814d292640 (LWP 3568013) exited]
[Thread 0x76814da93640 (LWP 3568012) exited]
[Thread 0x76814e294640 (LWP 3568011) exited]
[Thread 0x76814effd640 (LWP 3567987) exited]
[Thread 0x76814f7fe640 (LWP 3567986) exited]
[Thread 0x76814ffff640 (LWP 3567985) exited]
[Thread 0x76815d512640 (LWP 3567983) exited]
[Thread 0x76815dd13640 (LWP 3567982) exited]
[Thread 0x76815e514640 (LWP 3567981) exited]
[Thread 0x76815ed15640 (LWP 3567980) exited]
[Thread 0x76815edbba00 (LWP 3567947) exited]
[Thread 0x76815cd11640 (LWP 3567984) exited]
[New process 3567947]
[Inferior 1 (process 3567947) exited normally]
(gdb) No stack.
(gdb) 