Attaching to process 3567336
[New LWP 3567369]
[New LWP 3567370]
[New LWP 3567371]
[New LWP 3567372]
[New LWP 3567373]
[New LWP 3567374]
[New LWP 3567375]
[New LWP 3567376]
[New LWP 3567400]
[New LWP 3567401]
[New LWP 3567402]
[New LWP 3567403]
[New LWP 3567404]
[New LWP 3567405]
[New LWP 3567406]
[New LWP 3567407]
[New LWP 3567408]
[New LWP 3567409]
[New LWP 3567410]
[New LWP 3567411]
[New LWP 3567412]
[New LWP 3567413]
78	../sysdeps/unix/sysv/linux/clock_nanosleep.c: No such file or directory.
[Thread debugging using libthread_db enabled]
Using host libthread_db library "/lib/x86_64-linux-gnu/libthread_db.so.1".
0x00007adcf9e4e7f8 in __GI___clock_nanosleep (clock_id=clock_id@entry=0, flags=flags@entry=0, req=req@entry=0x7ffdbdd550f0, rem=rem@entry=0x7ffdbdd550f0) at ../sysdeps/unix/sysv/linux/clock_nanosleep.c:78
(gdb) (gdb) Continuing.
[Thread 0x7adcca8e9640 (LWP 3567410) exited]
[Thread 0x7adcc1fff640 (LWP 3567411) exited]
[Thread 0x7adcca0e8640 (LWP 3567412) exited]
[Thread 0x7adcc98e7640 (LWP 3567413) exited]
[Thread 0x7adccfc71640 (LWP 3567409) exited]
[Thread 0x7adcd0472640 (LWP 3567408) exited]
[Thread 0x7adcd0c73640 (LWP 3567407) exited]
[Thread 0x7adcd1474640 (LWP 3567406) exited]
[Thread 0x7adcd1c75640 (LWP 3567405) exited]
[Thread 0x7adcd2476640 (LWP 3567404) exited]
[Thread 0x7adcd2ffd640 (LWP 3567403) exited]
[Thread 0x7adcd37fe640 (LWP 3567402) exited]
[Thread 0x7adcd3fff640 (LWP 3567401) exited]
[Thread 0x7adcf17fa640 (LWP 3567376) exited]
[Thread 0x7adcf1ffb640 (LWP 3567375) exited]
[Thread 0x7adcf27fc640 (LWP 3567374) exited]
[Thread 0x7adcf2ffd640 (LWP 3567373) exited]
[Thread 0x7adcf37fe640 (LWP 3567372) exited]
[Thread 0x7adcf88cd640 (LWP 3567371) exited]
[Thread 0x7adcf3fff640 (LWP 3567370) exited]
[Thread 0x7adcf90ce640 (LWP 3567369) exited]
[Thread 0x7adcf9174a00 (LWP 3567336) exited]
[Thread 0x7adcf0932640 (LWP 3567400) exited]
[New process 3567336]
[Inferior 1 (process 3567336) exited normally]
(gdb) (gdb) No stack.
