Attaching to process 3566841
[New LWP 3566845]
[New LWP 3566846]
[New LWP 3566847]
[New LWP 3566848]
[New LWP 3566849]
[New LWP 3566850]
[New LWP 3566851]
[New LWP 3566852]
[New LWP 3566854]
[New LWP 3566855]
[New LWP 3566856]
[New LWP 3566857]
[New LWP 3566858]
[New LWP 3566859]
[New LWP 3566860]
[New LWP 3566861]
[New LWP 3566862]
[New LWP 3566863]
[New LWP 3566864]
[New LWP 3566865]
[New LWP 3566866]
[New LWP 3566867]
[Thread debugging using libthread_db enabled]
Using host libthread_db library "/lib/x86_64-linux-gnu/libthread_db.so.1".
0x00007df6b7b667f8 in __GI___clock_nanosleep (clock_id=clock_id@entry=0, flags=flags@entry=0, req=req@entry=0x7fffacc53bc0, rem=rem@entry=0x7fffacc53bc0) at ../sysdeps/unix/sysv/linux/clock_nanosleep.c:78
78	../sysdeps/unix/sysv/linux/clock_nanosleep.c: No such file or directory.
(gdb) (gdb) Continuing.
[Thread 0x7df6885f3640 (LWP 3566864) exited]
[Thread 0x7df67fbff640 (LWP 3566865) exited]
[Thread 0x7df6875f1640 (LWP 3566867) exited]
[Thread 0x7df687df2640 (LWP 3566866) exited]
[Thread 0x7df68cff9640 (LWP 3566863) exited]
[Thread 0x7df68d7fa640 (LWP 3566862) exited]
[Thread 0x7df68dffb640 (LWP 3566861) exited]
[Thread 0x7df68e7fc640 (LWP 3566860) exited]
[Thread 0x7df68effd640 (LWP 3566859) exited]
[Thread 0x7df68ffff640 (LWP 3566857) exited]
[Thread 0x7df6acbfd640 (LWP 3566856) exited]
[Thread 0x7df6ad3fe640 (LWP 3566855) exited]
[Thread 0x7df6aea95640 (LWP 3566854) exited]
[Thread 0x7df6af7fe640 (LWP 3566852) exited]
[Thread 0x7df6affff640 (LWP 3566851) exited]
[Thread 0x7df6b4de2640 (LWP 3566850) exited]
[Thread 0x7df6b55e3640 (LWP 3566849) exited]
[Thread 0x7df6b5de4640 (LWP 3566848) exited]
[Thread 0x7df6adbff640 (LWP 3566847) exited]
[Thread 0x7df6b65e5640 (LWP 3566846) exited]
[Thread 0x7df6b6de6640 (LWP 3566845) exited]
[Thread 0x7df6b6e8ca00 (LWP 3566841) exited]
[Thread 0x7df68f7fe640 (LWP 3566858) exited]
[New process 3566841]
[Inferior 1 (process 3566841) exited normally]
(gdb) No stack.
(gdb) 