Attaching to process 3566721
[New LWP 3566754]
[New LWP 3566755]
[New LWP 3566756]
[New LWP 3566757]
[New LWP 3566758]
[New LWP 3566759]
[New LWP 3566760]
[New LWP 3566761]
[New LWP 3566785]
[New LWP 3566786]
[New LWP 3566787]
[New LWP 3566788]
[New LWP 3566789]
[New LWP 3566790]
[New LWP 3566791]
[New LWP 3566792]
[New LWP 3566793]
[New LWP 3566794]
[New LWP 3566795]
[New LWP 3566796]
[New LWP 3566797]
[New LWP 3566798]
[Thread debugging using libthread_db enabled]
Using host libthread_db library "/lib/x86_64-linux-gnu/libthread_db.so.1".
0x0000718b906f17f8 in __GI___clock_nanosleep (clock_id=clock_id@entry=0, flags=flags@entry=0, req=req@entry=0x7ffd2c685d90, rem=rem@entry=0x7ffd2c685d90) at ../sysdeps/unix/sysv/linux/clock_nanosleep.c:78
78	../sysdeps/unix/sysv/linux/clock_nanosleep.c: No such file or directory.
(gdb) (gdb) Continuing.
[Thread 0x718b611da640 (LWP 3566795) exited]
[Thread 0x718b609d9640 (LWP 3566796) exited]
[Thread 0x718b5b7fe640 (LWP 3566798) exited]
[Thread 0x718b5bfff640 (LWP 3566797) exited]
[Thread 0x718b65ffb640 (LWP 3566794) exited]
[Thread 0x718b667fc640 (LWP 3566793) exited]
[Thread 0x718b66ffd640 (LWP 3566792) exited]
[Thread 0x718b677fe640 (LWP 3566791) exited]
[Thread 0x718b67fff640 (LWP 3566790) exited]
[Thread 0x718b84f0c640 (LWP 3566789) exited]
[Thread 0x718b85a93640 (LWP 3566788) exited]
[Thread 0x718b86294640 (LWP 3566787) exited]
[Thread 0x718b87296640 (LWP 3566785) exited]
[Thread 0x718b8c96b640 (LWP 3566761) exited]
[Thread 0x718b8d16c640 (LWP 3566760) exited]
[Thread 0x718b8d96d640 (LWP 3566759) exited]
[Thread 0x718b8e16e640 (LWP 3566758) exited]
[Thread 0x718b8e96f640 (LWP 3566757) exited]
[Thread 0x718b8f170640 (LWP 3566756) exited]
[Thread 0x718b87fff640 (LWP 3566755) exited]
[Thread 0x718b8f971640 (LWP 3566754) exited]
[Thread 0x718b8fa17a00 (LWP 3566721) exited]
[Thread 0x718b86a95640 (LWP 3566786) exited]
[New process 3566721]
[Inferior 1 (process 3566721) exited normally]
(gdb) No stack.
(gdb) 