Attaching to process 22841
[New LWP 22845]
[New LWP 22846]
[New LWP 22847]
[New LWP 22848]
[New LWP 22849]
[New LWP 22850]
[New LWP 22851]
[New LWP 22852]
[New LWP 22870]
[New LWP 22871]
[New LWP 22872]
[New LWP 22873]
[New LWP 22876]
[New LWP 22877]
[New LWP 22878]
[New LWP 22879]
[New LWP 22880]
[New LWP 22881]
[Thread debugging using libthread_db enabled]
Using host libthread_db library "/lib/x86_64-linux-gnu/libthread_db.so.1".
0x000075b99b30b0b0 in do_sin (dx=8.899990039230357e-18, x=6.3950587156320367e-310) at ../sysdeps/ieee754/dbl-64/s_sin.c:128
128	../sysdeps/ieee754/dbl-64/s_sin.c: No such file or directory.
(gdb) (gdb) Continuing.
[New Thread 0x75b96bc2a640 (LWP 22902)]
[New Thread 0x75b96b429640 (LWP 22903)]
[New Thread 0x75b96ac28640 (LWP 22904)]
[New Thread 0x75b96a427640 (LWP 22905)]
[Thread 0x75b96bc2a640 (LWP 22902) exited]
[Thread 0x75b96b429640 (LWP 22903) exited]
[Thread 0x75b96ac28640 (LWP 22904) exited]
[Thread 0x75b96a427640 (LWP 22905) exited]
[Thread 0x75b970c73640 (LWP 22881) exited]
[Thread 0x75b971474640 (LWP 22880) exited]
[Thread 0x75b971c75640 (LWP 22879) exited]
[Thread 0x75b972476640 (LWP 22878) exited]
[Thread 0x75b972c77640 (LWP 22877) exited]
[Thread 0x75b973478640 (LWP 22876) exited]
[Thread 0x75b973fff640 (LWP 22873) exited]
[Thread 0x75b9909fe640 (LWP 22872) exited]
[Thread 0x75b991a93640 (LWP 22871) exited]
[Thread 0x75b992ffd640 (LWP 22852) exited]
[Thread 0x75b9937fe640 (LWP 22851) exited]
[Thread 0x75b993fff640 (LWP 22850) exited]
[Thread 0x75b998bf4640 (LWP 22849) exited]
[Thread 0x75b9993f5640 (LWP 22848) exited]
[Thread 0x75b9911ff640 (LWP 22847) exited]
[Thread 0x75b999bf6640 (LWP 22846) exited]
[Thread 0x75b99a3f7640 (LWP 22845) exited]
[Thread 0x75b99a49da00 (LWP 22841) exited]
[Thread 0x75b992294640 (LWP 22870) exited]
[New process 22841]
[Inferior 1 (process 22841) exited normally]
(gdb) (gdb) No stack.
