Attaching to process 1647902
[New LWP 1647906]
[New LWP 1647907]
[New LWP 1647908]
[New LWP 1647909]
[New LWP 1647910]
[New LWP 1647911]
[New LWP 1647912]
[New LWP 1647913]
[Thread debugging using libthread_db enabled]
Using host libthread_db library "/lib/x86_64-linux-gnu/libthread_db.so.1".
0x000072f606049cdb in eventfd () at ../sysdeps/unix/syscall-template.S:120
120	../sysdeps/unix/syscall-template.S: No such file or directory.
(gdb) (gdb) Continuing.
[New Thread 0x72f5fca91640 (LWP 1647953)]
[New Thread 0x72f5dffff640 (LWP 1647954)]
[New Thread 0x72f5df7fe640 (LWP 1647955)]
[New Thread 0x72f5deffd640 (LWP 1647956)]
[New Thread 0x72f5de476640 (LWP 1647957)]
[New Thread 0x72f5ddc75640 (LWP 1647958)]
[New Thread 0x72f5dd474640 (LWP 1647959)]
[New Thread 0x72f5dcc73640 (LWP 1647960)]
[New Thread 0x72f5dc472640 (LWP 1647961)]
[New Thread 0x72f5dbc71640 (LWP 1647962)]
[New Thread 0x72f5d6aab640 (LWP 1647963)]
[New Thread 0x72f5d62aa640 (LWP 1647964)]
[New Thread 0x72f5d5aa9640 (LWP 1647965)]
[New Thread 0x72f5d50e5640 (LWP 1647966)]
[Thread 0x72f5d50e5640 (LWP 1647966) exited]
[Thread 0x72f5d5aa9640 (LWP 1647965) exited]
[Thread 0x72f5d62aa640 (LWP 1647964) exited]
[Thread 0x72f5d6aab640 (LWP 1647963) exited]
[Thread 0x72f5dbc71640 (LWP 1647962) exited]
[Thread 0x72f5dc472640 (LWP 1647961) exited]
[Thread 0x72f5dcc73640 (LWP 1647960) exited]
[Thread 0x72f5dd474640 (LWP 1647959) exited]
[Thread 0x72f5ddc75640 (LWP 1647958) exited]
[Thread 0x72f5de476640 (LWP 1647957) exited]
[Thread 0x72f5deffd640 (LWP 1647956) exited]
[Thread 0x72f5df7fe640 (LWP 1647955) exited]
[Thread 0x72f5dffff640 (LWP 1647954) exited]
[Thread 0x72f5fca91640 (LWP 1647953) exited]
[Thread 0x72f5fd7fa640 (LWP 1647913) exited]
[Thread 0x72f5fdffb640 (LWP 1647912) exited]
[Thread 0x72f5fe7fc640 (LWP 1647911) exited]
[Thread 0x72f5feffd640 (LWP 1647910) exited]
[Thread 0x72f5ff7fe640 (LWP 1647909) exited]
[Thread 0x72f604a88640 (LWP 1647908) exited]
[Thread 0x72f5fffff640 (LWP 1647907) exited]
[Thread 0x72f605289640 (LWP 1647906) exited]
[Inferior 1 (process 1647902) exited with code 01]
(gdb) No stack.
(gdb) 