Attaching to process 1648394
[New LWP 1648427]
[New LWP 1648428]
[New LWP 1648429]
[New LWP 1648430]
[New LWP 1648431]
[New LWP 1648432]
[New LWP 1648433]
[New LWP 1648434]
[New LWP 1648458]
[New LWP 1648459]
[New LWP 1648460]
[New LWP 1648461]
[New LWP 1648462]
[New LWP 1648463]
[New LWP 1648464]
[New LWP 1648465]
[New LWP 1648466]
[New LWP 1648467]
[New LWP 1648468]
[New LWP 1648469]
[New LWP 1648470]
[New LWP 1648471]
78	../sysdeps/unix/sysv/linux/clock_nanosleep.c: No such file or directory.
[Thread debugging using libthread_db enabled]
Using host libthread_db library "/lib/x86_64-linux-gnu/libthread_db.so.1".
0x000075b3efea57f8 in __GI___clock_nanosleep (clock_id=clock_id@entry=0, flags=flags@entry=0, req=req@entry=0x7fffd1c0ace0, rem=rem@entry=0x7fffd1c0ace0) at ../sysdeps/unix/sysv/linux/clock_nanosleep.c:78
(gdb) (gdb) Continuing.
[Thread 0x75b3bef71640 (LWP 1648471) exited]
[Thread 0x75b3bf935640 (LWP 1648470) exited]
[Thread 0x75b3c0136640 (LWP 1648469) exited]
[Thread 0x75b3c0937640 (LWP 1648468) exited]
[Thread 0x75b3c97fa640 (LWP 1648467) exited]
[Thread 0x75b3c9ffb640 (LWP 1648466) exited]
[Thread 0x75b3ca7fc640 (LWP 1648465) exited]
[Thread 0x75b3caffd640 (LWP 1648464) exited]
[Thread 0x75b3cb7fe640 (LWP 1648463) exited]
[Thread 0x75b3cbfff640 (LWP 1648462) exited]
[Thread 0x75b3d5133640 (LWP 1648461) exited]
[Thread 0x75b3d5934640 (LWP 1648460) exited]
[Thread 0x75b3d6936640 (LWP 1648458) exited]
[Thread 0x75b3d77fe640 (LWP 1648434) exited]
[Thread 0x75b3d7fff640 (LWP 1648433) exited]
[Thread 0x75b3ec920640 (LWP 1648432) exited]
[Thread 0x75b3ed121640 (LWP 1648431) exited]
[Thread 0x75b3ed922640 (LWP 1648430) exited]
[Thread 0x75b3ee123640 (LWP 1648429) exited]
[Thread 0x75b3ee924640 (LWP 1648428) exited]
[Thread 0x75b3ef125640 (LWP 1648427) exited]
[Thread 0x75b3ef1cba00 (LWP 1648394) exited]
[Thread 0x75b3d6135640 (LWP 1648459) exited]
[New process 1648394]
[Inferior 1 (process 1648394) exited with code 01]
(gdb) No stack.
(gdb) 