Attaching to process 1649019
[New LWP 1649052]
[New LWP 1649053]
[New LWP 1649054]
[New LWP 1649055]
[New LWP 1649056]
[New LWP 1649057]
[New LWP 1649058]
[New LWP 1649059]
[New LWP 1649083]
[New LWP 1649084]
[New LWP 1649085]
[New LWP 1649086]
[New LWP 1649087]
[New LWP 1649088]
[New LWP 1649089]
[New LWP 1649090]
[New LWP 1649091]
[New LWP 1649092]
[New LWP 1649093]
[New LWP 1649094]
[New LWP 1649095]
[New LWP 1649096]
78	../sysdeps/unix/sysv/linux/clock_nanosleep.c: No such file or directory.
[Thread debugging using libthread_db enabled]
Using host libthread_db library "/lib/x86_64-linux-gnu/libthread_db.so.1".
0x000078a612bb47f8 in __GI___clock_nanosleep (clock_id=clock_id@entry=0, flags=flags@entry=0, req=req@entry=0x7fffdc6bcea0, rem=rem@entry=0x7fffdc6bcea0) at ../sysdeps/unix/sysv/linux/clock_nanosleep.c:78
(gdb) (gdb) Continuing.
[Thread 0x78a5e1df6640 (LWP 1649096) exited]
[Thread 0x78a5e25f7640 (LWP 1649095) exited]
[Thread 0x78a5e2df8640 (LWP 1649094) exited]
[Thread 0x78a5e35f9640 (LWP 1649093) exited]
[Thread 0x78a5e7fff640 (LWP 1649092) exited]
[Thread 0x78a5ecff9640 (LWP 1649091) exited]
[Thread 0x78a5ed7fa640 (LWP 1649090) exited]
[Thread 0x78a5edffb640 (LWP 1649089) exited]
[Thread 0x78a5ee7fc640 (LWP 1649088) exited]
[Thread 0x78a5eeffd640 (LWP 1649087) exited]
[Thread 0x78a5ef7fe640 (LWP 1649086) exited]
[Thread 0x78a5effff640 (LWP 1649085) exited]
[Thread 0x78a608a91640 (LWP 1649084) exited]
[Thread 0x78a609292640 (LWP 1649083) exited]
[Thread 0x78a609ffb640 (LWP 1649059) exited]
[Thread 0x78a60a7fc640 (LWP 1649058) exited]
[Thread 0x78a60affd640 (LWP 1649057) exited]
[Thread 0x78a60b7fe640 (LWP 1649056) exited]
[Thread 0x78a60bfff640 (LWP 1649055) exited]
[Thread 0x78a610e32640 (LWP 1649054) exited]
[Thread 0x78a611633640 (LWP 1649053) exited]
[Thread 0x78a611e34640 (LWP 1649052) exited]
[Inferior 1 (process 1649019) exited with code 01]
No stack.
(gdb) (gdb) 