Attaching to process 1647769
[New LWP 1647802]
[New LWP 1647803]
[New LWP 1647804]
[New LWP 1647805]
[New LWP 1647806]
[New LWP 1647807]
[New LWP 1647808]
[New LWP 1647809]
[New LWP 1647839]
[New LWP 1647840]
[New LWP 1647841]
[New LWP 1647842]
[New LWP 1647843]
[New LWP 1647844]
[New LWP 1647845]
[New LWP 1647846]
[New LWP 1647847]
[New LWP 1647848]
163	../sysdeps/ieee754/dbl-64/s_sin.c: No such file or directory.
[Thread debugging using libthread_db enabled]
Using host libthread_db library "/lib/x86_64-linux-gnu/libthread_db.so.1".
0x0000727c6bd0200c in reduce_sincos (da=0x7fff361a6440, a=0x7fff361a6438, x=53590.260664220128) at ../sysdeps/ieee754/dbl-64/s_sin.c:163
(gdb) (gdb) Continuing.
[New Thread 0x727c3c5ee640 (LWP 1647882)]
[New Thread 0x727c3bded640 (LWP 1647883)]
[New Thread 0x727c3b429640 (LWP 1647884)]
[New Thread 0x727c3ac28640 (LWP 1647885)]
[Thread 0x727c3ac28640 (LWP 1647885) exited]
[Thread 0x727c3b429640 (LWP 1647884) exited]
[Thread 0x727c3bded640 (LWP 1647883) exited]
[Thread 0x727c3c5ee640 (LWP 1647882) exited]
[Thread 0x727c417fa640 (LWP 1647848) exited]
[Thread 0x727c41ffb640 (LWP 1647847) exited]
[Thread 0x727c427fc640 (LWP 1647846) exited]
[Thread 0x727c42ffd640 (LWP 1647845) exited]
[Thread 0x727c437fe640 (LWP 1647844) exited]
[Thread 0x727c43fff640 (LWP 1647843) exited]
[Thread 0x727c50a91640 (LWP 1647842) exited]
[Thread 0x727c51292640 (LWP 1647841) exited]
[Thread 0x727c52294640 (LWP 1647839) exited]
[Thread 0x727c52ffd640 (LWP 1647809) exited]
[Thread 0x727c537fe640 (LWP 1647808) exited]
[Thread 0x727c53fff640 (LWP 1647807) exited]
[Thread 0x727c68dea640 (LWP 1647806) exited]
[Thread 0x727c695eb640 (LWP 1647805) exited]
[Thread 0x727c69dec640 (LWP 1647804) exited]
[Thread 0x727c6a5ed640 (LWP 1647803) exited]
[Thread 0x727c6adee640 (LWP 1647802) exited]
[Thread 0x727c6ae94a00 (LWP 1647769) exited]
[Thread 0x727c51a93640 (LWP 1647840) exited]
[New process 1647769]
[Inferior 1 (process 1647769) exited with code 01]
(gdb) (gdb) No stack.
