Attaching to process 1648527
[New LWP 1648531]
[New LWP 1648532]
[New LWP 1648533]
[New LWP 1648534]
[New LWP 1648535]
[New LWP 1648536]
[New LWP 1648537]
[New LWP 1648538]
[New LWP 1648576]
[New LWP 1648577]
[New LWP 1648578]
[New LWP 1648579]
[New LWP 1648580]
[New LWP 1648581]
[New LWP 1648582]
[New LWP 1648583]
[New LWP 1648584]
[New LWP 1648585]
50	../sysdeps/ieee754/dbl-64/s_round.c: No such file or directory.
[Thread debugging using libthread_db enabled]
Using host libthread_db library "/lib/x86_64-linux-gnu/libthread_db.so.1".
__round (x=-16566.947806672157) at ../sysdeps/ieee754/dbl-64/s_round.c:50
(gdb) (gdb) Continuing.
[New Thread 0x74376e387640 (LWP 1648588)]
[New Thread 0x74376db86640 (LWP 1648589)]
[New Thread 0x74376d1c2640 (LWP 1648590)]
[New Thread 0x74376c9c1640 (LWP 1648591)]
[Thread 0x74376c9c1640 (LWP 1648591) exited]
[Thread 0x74376d1c2640 (LWP 1648590) exited]
[Thread 0x74376db86640 (LWP 1648589) exited]
[Thread 0x74376e387640 (LWP 1648588) exited]
[Thread 0x743776ffd640 (LWP 1648585) exited]
[Thread 0x7437777fe640 (LWP 1648584) exited]
[Thread 0x743777fff640 (LWP 1648583) exited]
[Thread 0x74378ca74640 (LWP 1648582) exited]
[Thread 0x74378d275640 (LWP 1648581) exited]
[Thread 0x74378da76640 (LWP 1648580) exited]
[Thread 0x74378e5fd640 (LWP 1648579) exited]
[Thread 0x74378edfe640 (LWP 1648578) exited]
[Thread 0x74378ffff640 (LWP 1648577) exited]
[Thread 0x743794a91640 (LWP 1648576) exited]
[Thread 0x7437957fa640 (LWP 1648538) exited]
[Thread 0x743795ffb640 (LWP 1648537) exited]
[Thread 0x7437967fc640 (LWP 1648536) exited]
[Thread 0x743796ffd640 (LWP 1648535) exited]
[Thread 0x7437977fe640 (LWP 1648534) exited]
[Thread 0x74378f5ff640 (LWP 1648533) exited]
[Thread 0x743797fff640 (LWP 1648532) exited]
[Thread 0x74379cbec640 (LWP 1648531) exited]
[Inferior 1 (process 1648527) exited with code 01]
(gdb) No stack.
(gdb) 