Attaching to process 1582851
[New LWP 1582855]
[New LWP 1582856]
[New LWP 1582857]
[New LWP 1582858]
[New LWP 1582859]
[New LWP 1582860]
[New LWP 1582861]
[New LWP 1582862]
[New LWP 1582864]
[New LWP 1582865]
[New LWP 1582866]
[New LWP 1582867]
[New LWP 1582868]
[New LWP 1582869]
[New LWP 1582870]
[New LWP 1582871]
[New LWP 1582872]
[New LWP 1582873]
[New LWP 1582874]
[New LWP 1582875]
[New LWP 1582876]
[New LWP 1582877]
78	../sysdeps/unix/sysv/linux/clock_nanosleep.c: No such file or directory.
[Thread debugging using libthread_db enabled]
Using host libthread_db library "/lib/x86_64-linux-gnu/libthread_db.so.1".
0x000071961e2287f8 in __GI___clock_nanosleep (clock_id=clock_id@entry=0, flags=flags@entry=0, req=req@entry=0x7ffe3390ce90, rem=rem@entry=0x7ffe3390ce90) at ../sysdeps/unix/sysv/linux/clock_nanosleep.c:78
(gdb) (gdb) Continuing.
[Thread 0x7195eecb4640 (LWP 1582874) exited]
[Thread 0x7195ee4b3640 (LWP 1582875) exited]
[Thread 0x7195ed4b1640 (LWP 1582877) exited]
[Thread 0x7195edcb2640 (LWP 1582876) exited]
[Thread 0x7195f3c71640 (LWP 1582873) exited]
[Thread 0x7195f4472640 (LWP 1582872) exited]
[Thread 0x7195f4c73640 (LWP 1582871) exited]
[Thread 0x7195f5474640 (LWP 1582870) exited]
[Thread 0x7195f5c75640 (LWP 1582869) exited]
[Thread 0x7195f6476640 (LWP 1582868) exited]
[Thread 0x7195f77fe640 (LWP 1582866) exited]
[Thread 0x7195f7fff640 (LWP 1582865) exited]
[Thread 0x719614a91640 (LWP 1582864) exited]
[Thread 0x7196157fa640 (LWP 1582862) exited]
[Thread 0x719615ffb640 (LWP 1582861) exited]
[Thread 0x7196167fc640 (LWP 1582860) exited]
[Thread 0x719616ffd640 (LWP 1582859) exited]
[Thread 0x7196177fe640 (LWP 1582858) exited]
[Thread 0x71961cca7640 (LWP 1582857) exited]
[Thread 0x719617fff640 (LWP 1582856) exited]
[Thread 0x71961d4a8640 (LWP 1582855) exited]
[Thread 0x71961d54ea00 (LWP 1582851) exited]
[Thread 0x7195f6ffd640 (LWP 1582867) exited]
[New process 1582851]
[Inferior 1 (process 1582851) exited normally]
(gdb) (gdb) No stack.
