Attaching to process 1582731
[New LWP 1582764]
[New LWP 1582765]
[New LWP 1582766]
[New LWP 1582767]
[New LWP 1582768]
[New LWP 1582769]
[New LWP 1582770]
[New LWP 1582771]
[New LWP 1582795]
[New LWP 1582796]
[New LWP 1582797]
[New LWP 1582798]
[New LWP 1582799]
[New LWP 1582800]
[New LWP 1582801]
[New LWP 1582802]
[New LWP 1582803]
[New LWP 1582804]
[New LWP 1582805]
[New LWP 1582806]
[New LWP 1582807]
[New LWP 1582808]
[Thread debugging using libthread_db enabled]
Using host libthread_db library "/lib/x86_64-linux-gnu/libthread_db.so.1".
0x000073f8a20b47f8 in __GI___clock_nanosleep (clock_id=clock_id@entry=0, flags=flags@entry=0, req=req@entry=0x7ffcc04df190, rem=rem@entry=0x7ffcc04df190) at ../sysdeps/unix/sysv/linux/clock_nanosleep.c:78
78	../sysdeps/unix/sysv/linux/clock_nanosleep.c: No such file or directory.
(gdb) (gdb) Continuing.
[Thread 0x73f872aee640 (LWP 1582805) exited]
[Thread 0x73f86bfff640 (LWP 1582806) exited]
[Thread 0x73f87b7fe640 (LWP 1582804) exited]
[Thread 0x73f8722ed640 (LWP 1582807) exited]
[Thread 0x73f87bfff640 (LWP 1582803) exited]
[Thread 0x73f888a75640 (LWP 1582802) exited]
[Thread 0x73f889276640 (LWP 1582801) exited]
[Thread 0x73f889a77640 (LWP 1582800) exited]
[Thread 0x73f88a278640 (LWP 1582799) exited]
[Thread 0x73f88b7fe640 (LWP 1582798) exited]
[Thread 0x73f88bfff640 (LWP 1582797) exited]
[Thread 0x73f890a91640 (LWP 1582796) exited]
[Thread 0x73f891292640 (LWP 1582795) exited]
[Thread 0x73f891ffb640 (LWP 1582771) exited]
[Thread 0x73f8927fc640 (LWP 1582770) exited]
[Thread 0x73f892ffd640 (LWP 1582769) exited]
[Thread 0x73f88adff640 (LWP 1582768) exited]
[Thread 0x73f8937fe640 (LWP 1582767) exited]
[Thread 0x73f893fff640 (LWP 1582766) exited]
[Thread 0x73f8a0b33640 (LWP 1582765) exited]
[Thread 0x73f8a1334640 (LWP 1582764) exited]
[Thread 0x73f8a13daa00 (LWP 1582731) exited]
[Thread 0x73f871aec640 (LWP 1582808) exited]
[New process 1582731]
[Inferior 1 (process 1582731) exited normally]
(gdb) No stack.
(gdb) 