Attaching to process 2328436
[New LWP 2328440]
[New LWP 2328441]
[New LWP 2328442]
[New LWP 2328443]
[New LWP 2328444]
[New LWP 2328445]
[New LWP 2328446]
[New LWP 2328447]
[New LWP 2328448]
[New LWP 2328449]
[New LWP 2328450]
[New LWP 2328451]
[New LWP 2328452]
[New LWP 2328453]
[New LWP 2328454]
[New LWP 2328455]
[New LWP 2328456]
[New LWP 2328457]
[New LWP 2328458]
[New LWP 2328459]
[New LWP 2328460]
[New LWP 2328461]
[Thread debugging using libthread_db enabled]
Using host libthread_db library "/lib/x86_64-linux-gnu/libthread_db.so.1".
0x000079e98485b7f8 in __GI___clock_nanosleep (clock_id=clock_id@entry=0, flags=flags@entry=0, req=req@entry=0x7fffbd77a520, rem=rem@entry=0x7fffbd77a520) at ../sysdeps/unix/sysv/linux/clock_nanosleep.c:78
78	../sysdeps/unix/sysv/linux/clock_nanosleep.c: No such file or directory.
(gdb) (gdb) Continuing.
[Thread 0x79e9692ce640 (LWP 2328458) exited]
[Thread 0x79e968acd640 (LWP 2328459) exited]
[Thread 0x79e9537fe640 (LWP 2328461) exited]
[Thread 0x79e953fff640 (LWP 2328460) exited]
[Thread 0x79e9727fc640 (LWP 2328456) exited]
[Thread 0x79e972ffd640 (LWP 2328455) exited]
[Thread 0x79e9737fe640 (LWP 2328454) exited]
[Thread 0x79e973fff640 (LWP 2328453) exited]
[Thread 0x79e978e75640 (LWP 2328452) exited]
[Thread 0x79e9799fc640 (LWP 2328451) exited]
[Thread 0x79e97a1fd640 (LWP 2328450) exited]
[Thread 0x79e97a9fe640 (LWP 2328449) exited]
[Thread 0x79e97ba97640 (LWP 2328448) exited]
[Thread 0x79e980ad5640 (LWP 2328447) exited]
[Thread 0x79e9812d6640 (LWP 2328446) exited]
[Thread 0x79e981ad7640 (LWP 2328445) exited]
[Thread 0x79e9822d8640 (LWP 2328444) exited]
[Thread 0x79e982ad9640 (LWP 2328443) exited]
[Thread 0x79e9832da640 (LWP 2328442) exited]
[Thread 0x79e97b1ff640 (LWP 2328441) exited]
[Thread 0x79e983adb640 (LWP 2328440) exited]
[Thread 0x79e983b81a00 (LWP 2328436) exited]
[Thread 0x79e971ffb640 (LWP 2328457) exited]
[New process 2328436]
[Inferior 1 (process 2328436) exited normally]
(gdb) (gdb) No stack.
