Attaching to process 1556496
[New LWP 1556529]
[New LWP 1556530]
[New LWP 1556531]
[New LWP 1556532]
[New LWP 1556533]
[New LWP 1556534]
[New LWP 1556535]
[New LWP 1556536]
[New LWP 1556560]
[New LWP 1556561]
[New LWP 1556562]
[New LWP 1556563]
[New LWP 1556564]
[New LWP 1556565]
[New LWP 1556566]
[New LWP 1556567]
[New LWP 1556568]
[New LWP 1556569]
[New LWP 1556570]
[New LWP 1556571]
[New LWP 1556572]
[New LWP 1556573]
78	../sysdeps/unix/sysv/linux/clock_nanosleep.c: No such file or directory.
[Thread debugging using libthread_db enabled]
Using host libthread_db library "/lib/x86_64-linux-gnu/libthread_db.so.1".
0x00007aa1afc9b7f8 in __GI___clock_nanosleep (clock_id=clock_id@entry=0, flags=flags@entry=0, req=req@entry=0x7ffdfaf2b130, rem=rem@entry=0x7ffdfaf2b130) at ../sysdeps/unix/sysv/linux/clock_nanosleep.c:78
(gdb) (gdb) Continuing.
[Thread 0x7aa17ffff640 (LWP 1556570) exited]
[Thread 0x7aa17f7fe640 (LWP 1556571) exited]
[Thread 0x7aa17e7fc640 (LWP 1556573) exited]
[Thread 0x7aa17effd640 (LWP 1556572) exited]
[Thread 0x7aa18d5fb640 (LWP 1556569) exited]
[Thread 0x7aa18ddfc640 (LWP 1556568) exited]
[Thread 0x7aa18e5fd640 (LWP 1556567) exited]
[Thread 0x7aa18edfe640 (LWP 1556566) exited]
[Thread 0x7aa18ffff640 (LWP 1556565) exited]
[Thread 0x7aa194c73640 (LWP 1556564) exited]
[Thread 0x7aa1957fa640 (LWP 1556563) exited]
[Thread 0x7aa195ffb640 (LWP 1556562) exited]
[Thread 0x7aa1967fc640 (LWP 1556561) exited]
[Thread 0x7aa1977fe640 (LWP 1556536) exited]
[Thread 0x7aa18f5ff640 (LWP 1556535) exited]
[Thread 0x7aa197fff640 (LWP 1556534) exited]
[Thread 0x7aa1acf17640 (LWP 1556533) exited]
[Thread 0x7aa1ad718640 (LWP 1556532) exited]
[Thread 0x7aa1adf19640 (LWP 1556531) exited]
[Thread 0x7aa1ae71a640 (LWP 1556530) exited]
[Thread 0x7aa1aef1b640 (LWP 1556529) exited]
[Thread 0x7aa1aefc1a00 (LWP 1556496) exited]
[Thread 0x7aa196ffd640 (LWP 1556560) exited]
[New process 1556496]
[Inferior 1 (process 1556496) exited normally]
(gdb) No stack.
(gdb) 