Attaching to process 2891698
[New LWP 2891731]
[New LWP 2891732]
[New LWP 2891733]
[New LWP 2891734]
[New LWP 2891735]
[New LWP 2891736]
[New LWP 2891737]
[New LWP 2891738]
[New LWP 2891762]
[New LWP 2891763]
[New LWP 2891764]
[New LWP 2891765]
[New LWP 2891766]
[New LWP 2891767]
[New LWP 2891768]
[New LWP 2891769]
[New LWP 2891770]
[New LWP 2891771]
[New LWP 2891772]
[New LWP 2891773]
[New LWP 2891774]
[New LWP 2891775]
[Thread debugging using libthread_db enabled]
Using host libthread_db library "/lib/x86_64-linux-gnu/libthread_db.so.1".
0x00007a7f628d47f8 in __GI___clock_nanosleep (clock_id=clock_id@entry=0, flags=flags@entry=0, req=req@entry=0x7ffcaf7a64a0, rem=rem@entry=0x7ffcaf7a64a0) at ../sysdeps/unix/sysv/linux/clock_nanosleep.c:78
78	../sysdeps/unix/sysv/linux/clock_nanosleep.c: No such file or directory.
(gdb) (gdb) Continuing.
[Thread 0x7a7f332df640 (LWP 2891772) exited]
[Thread 0x7a7f32ade640 (LWP 2891773) exited]
[Thread 0x7a7f49275640 (LWP 2891769) exited]
[Thread 0x7a7f31919640 (LWP 2891775) exited]
[Thread 0x7a7f322dd640 (LWP 2891774) exited]
[Thread 0x7a7f3bfff640 (LWP 2891771) exited]
[Thread 0x7a7f48a74640 (LWP 2891770) exited]
[Thread 0x7a7f49a76640 (LWP 2891768) exited]
[Thread 0x7a7f4a277640 (LWP 2891767) exited]
[Thread 0x7a7f4aa78640 (LWP 2891766) exited]
[Thread 0x7a7f4bfff640 (LWP 2891765) exited]
[Thread 0x7a7f50a91640 (LWP 2891764) exited]
[Thread 0x7a7f51a93640 (LWP 2891762) exited]
[Thread 0x7a7f527fc640 (LWP 2891738) exited]
[Thread 0x7a7f52ffd640 (LWP 2891737) exited]
[Thread 0x7a7f537fe640 (LWP 2891736) exited]
[Thread 0x7a7f4b5ff640 (LWP 2891735) exited]
[Thread 0x7a7f53fff640 (LWP 2891734) exited]
[Thread 0x7a7f60b52640 (LWP 2891733) exited]
[Thread 0x7a7f61353640 (LWP 2891732) exited]
[Thread 0x7a7f61b54640 (LWP 2891731) exited]
[Thread 0x7a7f61bfaa00 (LWP 2891698) exited]
[Thread 0x7a7f51292640 (LWP 2891763) exited]
[New process 2891698]
[Inferior 1 (process 2891698) exited normally]
(gdb) No stack.
(gdb) 