Attaching to process 2472155
[New LWP 2472159]
[New LWP 2472160]
[New LWP 2472161]
[New LWP 2472162]
[New LWP 2472163]
[New LWP 2472164]
[New LWP 2472165]
[New LWP 2472166]
[New LWP 2472167]
[New LWP 2472168]
[New LWP 2472169]
[New LWP 2472170]
[New LWP 2472171]
[New LWP 2472172]
[New LWP 2472173]
[New LWP 2472174]
[New LWP 2472175]
[New LWP 2472176]
[New LWP 2472177]
[New LWP 2472178]
[New LWP 2472179]
[New LWP 2472180]
[Thread debugging using libthread_db enabled]
Using host libthread_db library "/lib/x86_64-linux-gnu/libthread_db.so.1".
0x0000751ff49c67f8 in __GI___clock_nanosleep (clock_id=clock_id@entry=0, flags=flags@entry=0, req=req@entry=0x7ffed15055d0, rem=rem@entry=0x7ffed15055d0) at ../sysdeps/unix/sysv/linux/clock_nanosleep.c:78
78	../sysdeps/unix/sysv/linux/clock_nanosleep.c: No such file or directory.
(gdb) (gdb) Continuing.
[Thread 0x751fc5497640 (LWP 2472177) exited]
[Thread 0x751fc4c96640 (LWP 2472178) exited]
[Thread 0x751fbf7fe640 (LWP 2472180) exited]
[Thread 0x751fbffff640 (LWP 2472179) exited]
[Thread 0x751fc9ffb640 (LWP 2472176) exited]
[Thread 0x751fca7fc640 (LWP 2472175) exited]
[Thread 0x751fcaffd640 (LWP 2472174) exited]
[Thread 0x751fcb7fe640 (LWP 2472173) exited]
[Thread 0x751fcbfff640 (LWP 2472172) exited]
[Thread 0x751fd0f0c640 (LWP 2472171) exited]
[Thread 0x751fd1a93640 (LWP 2472170) exited]
[Thread 0x751fd2294640 (LWP 2472169) exited]
[Thread 0x751fd2a95640 (LWP 2472168) exited]
[Thread 0x751fd3fff640 (LWP 2472166) exited]
[Thread 0x751ff0c40640 (LWP 2472165) exited]
[Thread 0x751ff1441640 (LWP 2472164) exited]
[Thread 0x751ff1c42640 (LWP 2472163) exited]
[Thread 0x751ff2443640 (LWP 2472162) exited]
[Thread 0x751ff2c44640 (LWP 2472161) exited]
[Thread 0x751ff3445640 (LWP 2472160) exited]
[Thread 0x751ff3c46640 (LWP 2472159) exited]
[Thread 0x751ff3ceca00 (LWP 2472155) exited]
[Thread 0x751fd3296640 (LWP 2472167) exited]
[New process 2472155]
[Inferior 1 (process 2472155) exited normally]
(gdb) No stack.
(gdb) 