Attaching to process 843887
[New LWP 843920]
[New LWP 843921]
[New LWP 843922]
[New LWP 843923]
[New LWP 843924]
[New LWP 843925]
[New LWP 843926]
[New LWP 843927]
[New LWP 843951]
[New LWP 843952]
[New LWP 843953]
[New LWP 843954]
[New LWP 843955]
[New LWP 843956]
[New LWP 843957]
[New LWP 843958]
[New LWP 843959]
[New LWP 843960]
[New LWP 843961]
[New LWP 843962]
[New LWP 843963]
[New LWP 843964]
78	../sysdeps/unix/sysv/linux/clock_nanosleep.c: No such file or directory.
[Thread debugging using libthread_db enabled]
Using host libthread_db library "/lib/x86_64-linux-gnu/libthread_db.so.1".
0x00007c8e197597f8 in __GI___clock_nanosleep (clock_id=clock_id@entry=0, flags=flags@entry=0, req=req@entry=0x7ffd58c873c0, rem=rem@entry=0x7ffd58c873c0) at ../sysdeps/unix/sysv/linux/clock_nanosleep.c:78
(gdb) (gdb) Continuing.
[Thread 0x7c8dea21e640 (LWP 843961) exited]
[Thread 0x7c8de9a1d640 (LWP 843962) exited]
[Thread 0x7c8de921c640 (LWP 843963) exited]
[Thread 0x7c8de8858640 (LWP 843964) exited]
[Thread 0x7c8def470640 (LWP 843960) exited]
[Thread 0x7c8defc71640 (LWP 843959) exited]
[Thread 0x7c8df0472640 (LWP 843958) exited]
[Thread 0x7c8df0c73640 (LWP 843957) exited]
[Thread 0x7c8df1474640 (LWP 843956) exited]
[Thread 0x7c8df1c75640 (LWP 843955) exited]
[Thread 0x7c8df27fc640 (LWP 843954) exited]
[Thread 0x7c8df2ffd640 (LWP 843953) exited]
[Thread 0x7c8df37fe640 (LWP 843952) exited]
[Thread 0x7c8e151d2640 (LWP 843927) exited]
[Thread 0x7c8e159d3640 (LWP 843926) exited]
[Thread 0x7c8e161d4640 (LWP 843925) exited]
[Thread 0x7c8e169d5640 (LWP 843924) exited]
[Thread 0x7c8e171d6640 (LWP 843923) exited]
[Thread 0x7c8e179d7640 (LWP 843922) exited]
[Thread 0x7c8e181d8640 (LWP 843921) exited]
[Thread 0x7c8e189d9640 (LWP 843920) exited]
[Thread 0x7c8e18a7fa00 (LWP 843887) exited]
[Thread 0x7c8df3fff640 (LWP 843951) exited]
[New process 843887]
[Inferior 1 (process 843887) exited normally]
(gdb) No stack.
(gdb) 