Attaching to process 844007
[New LWP 844011]
[New LWP 844012]
[New LWP 844013]
[New LWP 844014]
[New LWP 844015]
[New LWP 844016]
[New LWP 844017]
[New LWP 844018]
[New LWP 844020]
[New LWP 844021]
[New LWP 844022]
[New LWP 844023]
[New LWP 844024]
[New LWP 844025]
[New LWP 844026]
[New LWP 844027]
[New LWP 844028]
[New LWP 844029]
[New LWP 844030]
[New LWP 844031]
[New LWP 844032]
[New LWP 844033]
[Thread debugging using libthread_db enabled]
Using host libthread_db library "/lib/x86_64-linux-gnu/libthread_db.so.1".
0x00007a8be03447f8 in __GI___clock_nanosleep (clock_id=clock_id@entry=0, flags=flags@entry=0, req=req@entry=0x7ffc73a68690, rem=rem@entry=0x7ffc73a68690) at ../sysdeps/unix/sysv/linux/clock_nanosleep.c:78
78	../sysdeps/unix/sysv/linux/clock_nanosleep.c: No such file or directory.
(gdb) (gdb) Continuing.
[Thread 0x7a8bb0def640 (LWP 844030) exited]
[Thread 0x7a8ba83ff640 (LWP 844031) exited]
[Thread 0x7a8bab7fe640 (LWP 844033) exited]
[Thread 0x7a8babfff640 (LWP 844032) exited]
[Thread 0x7a8bb67fc640 (LWP 844028) exited]
[Thread 0x7a8bb6ffd640 (LWP 844027) exited]
[Thread 0x7a8bb77fe640 (LWP 844026) exited]
[Thread 0x7a8bb7fff640 (LWP 844025) exited]
[Thread 0x7a8bbca91640 (LWP 844024) exited]
[Thread 0x7a8bbd292640 (LWP 844023) exited]
[Thread 0x7a8bbda93640 (LWP 844022) exited]
[Thread 0x7a8bbe294640 (LWP 844021) exited]
[Thread 0x7a8bbea95640 (LWP 844020) exited]
[Thread 0x7a8bbf7fe640 (LWP 844018) exited]
[Thread 0x7a8bbffff640 (LWP 844017) exited]
[Thread 0x7a8bdcdbf640 (LWP 844016) exited]
[Thread 0x7a8bdd5c0640 (LWP 844015) exited]
[Thread 0x7a8bdddc1640 (LWP 844014) exited]
[Thread 0x7a8bde5c2640 (LWP 844013) exited]
[Thread 0x7a8bdedc3640 (LWP 844012) exited]
[Thread 0x7a8bdf5c4640 (LWP 844011) exited]
[Thread 0x7a8bdf66aa00 (LWP 844007) exited]
[Thread 0x7a8bb5ffb640 (LWP 844029) exited]
[New process 844007]
[Inferior 1 (process 844007) exited normally]
(gdb) No stack.
(gdb) 