Attaching to process 1554038
[New LWP 1554071]
[New LWP 1554072]
[New LWP 1554073]
[New LWP 1554074]
[New LWP 1554075]
[New LWP 1554076]
[New LWP 1554077]
[New LWP 1554078]
[New LWP 1554102]
[New LWP 1554103]
[New LWP 1554104]
[New LWP 1554105]
[New LWP 1554106]
[New LWP 1554107]
[New LWP 1554108]
[New LWP 1554109]
[New LWP 1554110]
[New LWP 1554111]
[New LWP 1554112]
[New LWP 1554113]
[New LWP 1554114]
[New LWP 1554115]
[Thread debugging using libthread_db enabled]
Using host libthread_db library "/lib/x86_64-linux-gnu/libthread_db.so.1".
0x00007985fc6d97f8 in __GI___clock_nanosleep (clock_id=clock_id@entry=0, flags=flags@entry=0, req=req@entry=0x7ffdfbb53b90, rem=rem@entry=0x7ffdfbb53b90) at ../sysdeps/unix/sysv/linux/clock_nanosleep.c:78
78	../sysdeps/unix/sysv/linux/clock_nanosleep.c: No such file or directory.
(gdb) (gdb) Continuing.
[Thread 0x7985cd157640 (LWP 1554112) exited]
[Thread 0x7985cc956640 (LWP 1554113) exited]
[Thread 0x7985c763b640 (LWP 1554115) exited]
[Thread 0x7985c7fff640 (LWP 1554114) exited]
[Thread 0x7985d1ffb640 (LWP 1554111) exited]
[Thread 0x7985d27fc640 (LWP 1554110) exited]
[Thread 0x7985d2ffd640 (LWP 1554109) exited]
[Thread 0x7985d37fe640 (LWP 1554108) exited]
[Thread 0x7985d3fff640 (LWP 1554107) exited]
[Thread 0x7985d8dad640 (LWP 1554106) exited]
[Thread 0x7985d9934640 (LWP 1554105) exited]
[Thread 0x7985da135640 (LWP 1554104) exited]
[Thread 0x7985da936640 (LWP 1554103) exited]
[Thread 0x7985db137640 (LWP 1554102) exited]
[Thread 0x7985dbfff640 (LWP 1554078) exited]
[Thread 0x7985f8953640 (LWP 1554077) exited]
[Thread 0x7985f9154640 (LWP 1554076) exited]
[Thread 0x7985f9955640 (LWP 1554075) exited]
[Thread 0x7985fa156640 (LWP 1554074) exited]
[Thread 0x7985fa957640 (LWP 1554073) exited]
[Thread 0x7985fb158640 (LWP 1554072) exited]
[Thread 0x7985fb9ffa00 (LWP 1554038) exited]
[Thread 0x7985fb959640 (LWP 1554071) exited]
[New process 1554038]
[Inferior 1 (process 1554038) exited normally]
(gdb) No stack.
(gdb) 