Attaching to process 1765390
[New LWP 1765423]
[New LWP 1765424]
[New LWP 1765425]
[New LWP 1765426]
[New LWP 1765427]
[New LWP 1765428]
[New LWP 1765429]
[New LWP 1765430]
[New LWP 1765454]
[New LWP 1765455]
[New LWP 1765456]
[New LWP 1765457]
[New LWP 1765458]
[New LWP 1765459]
[New LWP 1765460]
[New LWP 1765461]
[New LWP 1765462]
[New LWP 1765463]
[New LWP 1765464]
[New LWP 1765465]
[New LWP 1765466]
[New LWP 1765467]
[Thread debugging using libthread_db enabled]
Using host libthread_db library "/lib/x86_64-linux-gnu/libthread_db.so.1".
0x000071a3689b27f8 in __GI___clock_nanosleep (clock_id=clock_id@entry=0, flags=flags@entry=0, req=req@entry=0x7ffe97231450, rem=rem@entry=0x7ffe97231450) at ../sysdeps/unix/sysv/linux/clock_nanosleep.c:78
78	../sysdeps/unix/sysv/linux/clock_nanosleep.c: No such file or directory.
(gdb) (gdb) Continuing.
[Thread 0x71a339451640 (LWP 1765464) exited]
[Thread 0x71a338c50640 (LWP 1765465) exited]
[Thread 0x71a3337fe640 (LWP 1765467) exited]
[Thread 0x71a333fff640 (LWP 1765466) exited]
[Thread 0x71a33dffb640 (LWP 1765463) exited]
[Thread 0x71a33e7fc640 (LWP 1765462) exited]
[Thread 0x71a33effd640 (LWP 1765461) exited]
[Thread 0x71a33f7fe640 (LWP 1765460) exited]
[Thread 0x71a33ffff640 (LWP 1765459) exited]
[Thread 0x71a344f0c640 (LWP 1765458) exited]
[Thread 0x71a345a93640 (LWP 1765457) exited]
[Thread 0x71a346294640 (LWP 1765456) exited]
[Thread 0x71a346a95640 (LWP 1765455) exited]
[Thread 0x71a347fff640 (LWP 1765430) exited]
[Thread 0x71a364c2c640 (LWP 1765429) exited]
[Thread 0x71a36542d640 (LWP 1765428) exited]
[Thread 0x71a365c2e640 (LWP 1765427) exited]
[Thread 0x71a36642f640 (LWP 1765426) exited]
[Thread 0x71a366c30640 (LWP 1765425) exited]
[Thread 0x71a367431640 (LWP 1765424) exited]
[Thread 0x71a367c32640 (LWP 1765423) exited]
[Thread 0x71a367cd8a00 (LWP 1765390) exited]
[Thread 0x71a347296640 (LWP 1765454) exited]
[New process 1765390]
[Inferior 1 (process 1765390) exited normally]
(gdb) No stack.
(gdb) 