Attaching to process 101452
[New LWP 101485]
[New LWP 101486]
[New LWP 101487]
[New LWP 101488]
[New LWP 101489]
[New LWP 101490]
[New LWP 101491]
[New LWP 101492]
[New LWP 101516]
[New LWP 101517]
[New LWP 101518]
[New LWP 101519]
[New LWP 101520]
[New LWP 101521]
[New LWP 101522]
[New LWP 101523]
[New LWP 101524]
[New LWP 101525]
[New LWP 101526]
[New LWP 101527]
[New LWP 101528]
[New LWP 101529]
[Thread debugging using libthread_db enabled]
Using host libthread_db library "/lib/x86_64-linux-gnu/libthread_db.so.1".
0x00007cf490c217f8 in __GI___clock_nanosleep (clock_id=clock_id@entry=0, flags=flags@entry=0, req=req@entry=0x7fff3ea05b70, rem=rem@entry=0x7fff3ea05b70) at ../sysdeps/unix/sysv/linux/clock_nanosleep.c:78
78	../sysdeps/unix/sysv/linux/clock_nanosleep.c: No such file or directory.
(gdb) (gdb) Continuing.
[Thread 0x7cf4616c3640 (LWP 101526) exited]
[Thread 0x7cf460ec2640 (LWP 101527) exited]
[Thread 0x7cf45bfff640 (LWP 101528) exited]
[Thread 0x7cf4667fc640 (LWP 101525) exited]
[Thread 0x7cf466ffd640 (LWP 101524) exited]
[Thread 0x7cf4677fe640 (LWP 101523) exited]
[Thread 0x7cf467fff640 (LWP 101522) exited]
[Thread 0x7cf46ca91640 (LWP 101521) exited]
[Thread 0x7cf46d292640 (LWP 101520) exited]
[Thread 0x7cf46da93640 (LWP 101519) exited]
[Thread 0x7cf46e294640 (LWP 101518) exited]
[Thread 0x7cf46ea95640 (LWP 101517) exited]
[Thread 0x7cf46f296640 (LWP 101516) exited]
[Thread 0x7cf46ffff640 (LWP 101492) exited]
[Thread 0x7cf48ce9b640 (LWP 101491) exited]
[Thread 0x7cf48d69c640 (LWP 101490) exited]
[Thread 0x7cf48de9d640 (LWP 101489) exited]
[Thread 0x7cf48e69e640 (LWP 101488) exited]
[Thread 0x7cf48ee9f640 (LWP 101487) exited]
[Thread 0x7cf48f6a0640 (LWP 101486) exited]
[Thread 0x7cf48fea1640 (LWP 101485) exited]
[Thread 0x7cf48ff47a00 (LWP 101452) exited]
[Thread 0x7cf45b7fe640 (LWP 101529) exited]
[New process 101452]
[Inferior 1 (process 101452) exited normally]
(gdb) No stack.
(gdb) 