Attaching to process 101572
[New LWP 101576]
[New LWP 101577]
[New LWP 101578]
[New LWP 101579]
[New LWP 101580]
[New LWP 101581]
[New LWP 101582]
[New LWP 101583]
[New LWP 101585]
[New LWP 101586]
[New LWP 101587]
[New LWP 101588]
[New LWP 101589]
[New LWP 101590]
[New LWP 101591]
[New LWP 101592]
[New LWP 101593]
[New LWP 101594]
[New LWP 101595]
[New LWP 101596]
[New LWP 101597]
[New LWP 101598]
[Thread debugging using libthread_db enabled]
Using host libthread_db library "/lib/x86_64-linux-gnu/libthread_db.so.1".
0x0000745552b317f8 in __GI___clock_nanosleep (clock_id=clock_id@entry=0, flags=flags@entry=0, req=req@entry=0x7ffd5ebea0d0, rem=rem@entry=0x7ffd5ebea0d0) at ../sysdeps/unix/sysv/linux/clock_nanosleep.c:78
78	../sysdeps/unix/sysv/linux/clock_nanosleep.c: No such file or directory.
(gdb) (gdb) Continuing.
[Thread 0x7455235a6640 (LWP 101595) exited]
[Thread 0x745522da5640 (LWP 101596) exited]
[Thread 0x745521be0640 (LWP 101598) exited]
[Thread 0x7455225a4640 (LWP 101597) exited]
[Thread 0x7455287f8640 (LWP 101594) exited]
[Thread 0x745528ff9640 (LWP 101593) exited]
[Thread 0x7455297fa640 (LWP 101592) exited]
[Thread 0x745529ffb640 (LWP 101591) exited]
[Thread 0x74552a7fc640 (LWP 101590) exited]
[Thread 0x74552affd640 (LWP 101589) exited]
[Thread 0x74552b7fe640 (LWP 101588) exited]
[Thread 0x74552bfff640 (LWP 101587) exited]
[Thread 0x745549292640 (LWP 101585) exited]
[Thread 0x745549ffb640 (LWP 101583) exited]
[Thread 0x74554a7fc640 (LWP 101582) exited]
[Thread 0x74554affd640 (LWP 101581) exited]
[Thread 0x74554b7fe640 (LWP 101580) exited]
[Thread 0x745550daf640 (LWP 101579) exited]
[Thread 0x7455515b0640 (LWP 101578) exited]
[Thread 0x74554bfff640 (LWP 101577) exited]
[Thread 0x745551db1640 (LWP 101576) exited]
[Thread 0x745551e57a00 (LWP 101572) exited]
[Thread 0x745548a91640 (LWP 101586) exited]
[New process 101572]
[Inferior 1 (process 101572) exited normally]
(gdb) (gdb) No stack.
