Attaching to process 102185
[New LWP 102189]
[New LWP 102190]
[New LWP 102191]
[New LWP 102192]
[New LWP 102193]
[New LWP 102194]
[New LWP 102195]
[New LWP 102196]
[New LWP 102197]
[New LWP 102198]
[New LWP 102199]
[New LWP 102200]
[New LWP 102201]
[New LWP 102202]
[New LWP 102203]
[New LWP 102204]
[New LWP 102205]
[New LWP 102206]
[New LWP 102207]
[New LWP 102208]
[New LWP 102209]
[New LWP 102210]
78	../sysdeps/unix/sysv/linux/clock_nanosleep.c: No such file or directory.
[Thread debugging using libthread_db enabled]
Using host libthread_db library "/lib/x86_64-linux-gnu/libthread_db.so.1".
0x0000781e016437f8 in __GI___clock_nanosleep (clock_id=clock_id@entry=0, flags=flags@entry=0, req=req@entry=0x7ffe1cedcde0, rem=rem@entry=0x7ffe1cedcde0) at ../sysdeps/unix/sysv/linux/clock_nanosleep.c:78
(gdb) (gdb) Continuing.
[Thread 0x781dd20cd640 (LWP 102207) exited]
[Thread 0x781dd18cc640 (LWP 102208) exited]
[Thread 0x781dcbfff640 (LWP 102210) exited]
[Thread 0x781dd10cb640 (LWP 102209) exited]
[Thread 0x781dd6ffd640 (LWP 102206) exited]
[Thread 0x781dd77fe640 (LWP 102205) exited]
[Thread 0x781dd7fff640 (LWP 102204) exited]
[Thread 0x781df4c73640 (LWP 102203) exited]
[Thread 0x781df5474640 (LWP 102202) exited]
[Thread 0x781df5c75640 (LWP 102201) exited]
[Thread 0x781df6ffd640 (LWP 102199) exited]
[Thread 0x781df77fe640 (LWP 102198) exited]
[Thread 0x781dfc9f5640 (LWP 102197) exited]
[Thread 0x781dfd8bd640 (LWP 102196) exited]
[Thread 0x781dfe0be640 (LWP 102195) exited]
[Thread 0x781dfe8bf640 (LWP 102194) exited]
[Thread 0x781dff0c0640 (LWP 102193) exited]
[Thread 0x781dff8c1640 (LWP 102192) exited]
[Thread 0x781df7fff640 (LWP 102191) exited]
[Thread 0x781e000c2640 (LWP 102190) exited]
[Thread 0x781e008c3640 (LWP 102189) exited]
[Thread 0x781e00969a00 (LWP 102185) exited]
[Thread 0x781df67fc640 (LWP 102200) exited]
[New process 102185]
[Inferior 1 (process 102185) exited normally]
(gdb) No stack.
(gdb) 