Attaching to process 1548656
[New LWP 1548660]
[New LWP 1548661]
[New LWP 1548662]
[New LWP 1548663]
[New LWP 1548664]
[New LWP 1548665]
[New LWP 1548666]
[New LWP 1548667]
[New LWP 1548668]
[New LWP 1548669]
[New LWP 1548670]
[New LWP 1548671]
[New LWP 1548672]
[New LWP 1548673]
[New LWP 1548674]
[New LWP 1548675]
[New LWP 1548676]
[New LWP 1548677]
[New LWP 1548678]
[New LWP 1548679]
[New LWP 1548680]
[New LWP 1548681]
[Thread debugging using libthread_db enabled]
Using host libthread_db library "/lib/x86_64-linux-gnu/libthread_db.so.1".
0x0000798a9964d7f8 in __GI___clock_nanosleep (clock_id=clock_id@entry=0, flags=flags@entry=0, req=req@entry=0x7ffe107cc640, rem=rem@entry=0x7ffe107cc640) at ../sysdeps/unix/sysv/linux/clock_nanosleep.c:78
78	../sysdeps/unix/sysv/linux/clock_nanosleep.c: No such file or directory.
(gdb) (gdb) Continuing.
[Thread 0x798a6a0cc640 (LWP 1548678) exited]
[Thread 0x798a698cb640 (LWP 1548679) exited]
[Thread 0x798a63fff640 (LWP 1548681) exited]
[Thread 0x798a690ca640 (LWP 1548680) exited]
[Thread 0x798a6effd640 (LWP 1548677) exited]
[Thread 0x798a6f7fe640 (LWP 1548676) exited]
[Thread 0x798a6ffff640 (LWP 1548675) exited]
[Thread 0x798a84c73640 (LWP 1548674) exited]
[Thread 0x798a85474640 (LWP 1548673) exited]
[Thread 0x798a85c75640 (LWP 1548672) exited]
[Thread 0x798a867fc640 (LWP 1548671) exited]
[Thread 0x798a86ffd640 (LWP 1548670) exited]
[Thread 0x798a877fe640 (LWP 1548669) exited]
[Thread 0x798a8c932640 (LWP 1548668) exited]
[Thread 0x798a8d7fa640 (LWP 1548667) exited]
[Thread 0x798a8dffb640 (LWP 1548666) exited]
[Thread 0x798a8effd640 (LWP 1548664) exited]
[Thread 0x798a87fff640 (LWP 1548663) exited]
[Thread 0x798a8f7fe640 (LWP 1548662) exited]
[Thread 0x798a8ffff640 (LWP 1548661) exited]
[Thread 0x798a988cd640 (LWP 1548660) exited]
[Thread 0x798a98973a00 (LWP 1548656) exited]
[Thread 0x798a8e7fc640 (LWP 1548665) exited]
[New process 1548656]
[Inferior 1 (process 1548656) exited normally]
(gdb) No stack.
(gdb) 