Attaching to process 1547923
[New LWP 1547956]
[New LWP 1547957]
[New LWP 1547958]
[New LWP 1547959]
[New LWP 1547960]
[New LWP 1547961]
[New LWP 1547962]
[New LWP 1547963]
[New LWP 1547987]
[New LWP 1547988]
[New LWP 1547989]
[New LWP 1547990]
[New LWP 1547991]
[New LWP 1547992]
[New LWP 1547993]
[New LWP 1547994]
[New LWP 1547995]
[New LWP 1547996]
[New LWP 1548034]
[New LWP 1548035]
[New LWP 1548036]
[New LWP 1548037]
[Thread debugging using libthread_db enabled]
Using host libthread_db library "/lib/x86_64-linux-gnu/libthread_db.so.1".
0x0000795c440e07f8 in __GI___clock_nanosleep (clock_id=clock_id@entry=0, flags=flags@entry=0, req=req@entry=0x7ffd02abe710, rem=rem@entry=0x7ffd02abe710) at ../sysdeps/unix/sysv/linux/clock_nanosleep.c:78
78	../sysdeps/unix/sysv/linux/clock_nanosleep.c: No such file or directory.
(gdb) (gdb) Continuing.
[Thread 0x795c18b69640 (LWP 1548034) exited]
[Thread 0x795c0ffff640 (LWP 1548035) exited]
[Thread 0x795c0effd640 (LWP 1548037) exited]
[Thread 0x795c0f7fe640 (LWP 1548036) exited]
[Thread 0x795c297fa640 (LWP 1547996) exited]
[Thread 0x795c29ffb640 (LWP 1547995) exited]
[Thread 0x795c2a7fc640 (LWP 1547994) exited]
[Thread 0x795c2affd640 (LWP 1547993) exited]
[Thread 0x795c2b7fe640 (LWP 1547992) exited]
[Thread 0x795c2bfff640 (LWP 1547991) exited]
[Thread 0x795c31292640 (LWP 1547990) exited]
[Thread 0x795c31a93640 (LWP 1547989) exited]
[Thread 0x795c32294640 (LWP 1547988) exited]
[Thread 0x795c337fe640 (LWP 1547963) exited]
[Thread 0x795c40b5b640 (LWP 1547962) exited]
[Thread 0x795c4135c640 (LWP 1547961) exited]
[Thread 0x795c41b5d640 (LWP 1547960) exited]
[Thread 0x795c4235e640 (LWP 1547959) exited]
[Thread 0x795c33fff640 (LWP 1547958) exited]
[Thread 0x795c42b5f640 (LWP 1547957) exited]
[Thread 0x795c43360640 (LWP 1547956) exited]
[Thread 0x795c43406a00 (LWP 1547923) exited]
[Thread 0x795c32a95640 (LWP 1547987) exited]
[New process 1547923]
[Inferior 1 (process 1547923) exited normally]
(gdb) No stack.
(gdb) 