Attaching to process 873540
[New LWP 873573]
[New LWP 873574]
[New LWP 873575]
[New LWP 873576]
[New LWP 873577]
[New LWP 873578]
[New LWP 873579]
[New LWP 873580]
[New LWP 873604]
[New LWP 873605]
[New LWP 873606]
[New LWP 873607]
[New LWP 873608]
[New LWP 873609]
[New LWP 873610]
[New LWP 873611]
[New LWP 873612]
[New LWP 873613]
[New LWP 873631]
[New LWP 873632]
[New LWP 873633]
[New LWP 873634]
78	../sysdeps/unix/sysv/linux/clock_nanosleep.c: No such file or directory.
[Thread debugging using libthread_db enabled]
Using host libthread_db library "/lib/x86_64-linux-gnu/libthread_db.so.1".
0x00007934439b47f8 in __GI___clock_nanosleep (clock_id=clock_id@entry=0, flags=flags@entry=0, req=req@entry=0x7ffce6b7ec70, rem=rem@entry=0x7ffce6b7ec70) at ../sysdeps/unix/sysv/linux/clock_nanosleep.c:78
(gdb) (gdb) Continuing.
[Thread 0x793413fff640 (LWP 873631) exited]
[Thread 0x7934137fe640 (LWP 873632) exited]
[Thread 0x7934127fc640 (LWP 873634) exited]
[Thread 0x793412ffd640 (LWP 873633) exited]
[Thread 0x793420ff9640 (LWP 873613) exited]
[Thread 0x7934217fa640 (LWP 873612) exited]
[Thread 0x793421ffb640 (LWP 873611) exited]
[Thread 0x7934227fc640 (LWP 873610) exited]
[Thread 0x793422ffd640 (LWP 873609) exited]
[Thread 0x7934237fe640 (LWP 873608) exited]
[Thread 0x793429292640 (LWP 873607) exited]
[Thread 0x793429a93640 (LWP 873606) exited]
[Thread 0x79342a294640 (LWP 873605) exited]
[Thread 0x79342aa95640 (LWP 873604) exited]
[Thread 0x79342b7fe640 (LWP 873580) exited]
[Thread 0x793423fff640 (LWP 873579) exited]
[Thread 0x79342bfff640 (LWP 873578) exited]
[Thread 0x793440c30640 (LWP 873577) exited]
[Thread 0x793441431640 (LWP 873576) exited]
[Thread 0x793441c32640 (LWP 873575) exited]
[Thread 0x793442433640 (LWP 873574) exited]
[Thread 0x793442c34640 (LWP 873573) exited]
[Inferior 1 (process 873540) exited normally]
(gdb) No stack.
(gdb) 