Attaching to process 874275
[New LWP 874279]
[New LWP 874280]
[New LWP 874281]
[New LWP 874282]
[New LWP 874283]
[New LWP 874284]
[New LWP 874285]
[New LWP 874286]
[New LWP 874288]
[New LWP 874289]
[New LWP 874290]
[New LWP 874291]
[New LWP 874292]
[New LWP 874293]
[New LWP 874294]
[New LWP 874295]
[New LWP 874296]
[New LWP 874297]
[New LWP 874298]
[New LWP 874299]
[New LWP 874300]
[New LWP 874301]
[Thread debugging using libthread_db enabled]
Using host libthread_db library "/lib/x86_64-linux-gnu/libthread_db.so.1".
0x00007196bfea07f8 in __GI___clock_nanosleep (clock_id=clock_id@entry=0, flags=flags@entry=0, req=req@entry=0x7ffe6be1eee0, rem=rem@entry=0x7ffe6be1eee0) at ../sysdeps/unix/sysv/linux/clock_nanosleep.c:78
78	../sysdeps/unix/sysv/linux/clock_nanosleep.c: No such file or directory.
(gdb) (gdb) Continuing.
[Thread 0x719690956640 (LWP 874298) exited]
[Thread 0x719687fff640 (LWP 874299) exited]
[Thread 0x719686ffd640 (LWP 874301) exited]
[Thread 0x7196877fe640 (LWP 874300) exited]
[Thread 0x7196957fa640 (LWP 874297) exited]
[Thread 0x719695ffb640 (LWP 874296) exited]
[Thread 0x7196967fc640 (LWP 874295) exited]
[Thread 0x719696ffd640 (LWP 874294) exited]
[Thread 0x7196977fe640 (LWP 874293) exited]
[Thread 0x719697fff640 (LWP 874292) exited]
[Thread 0x7196b5133640 (LWP 874291) exited]
[Thread 0x7196b5934640 (LWP 874290) exited]
[Thread 0x7196b6135640 (LWP 874289) exited]
[Thread 0x7196b6936640 (LWP 874288) exited]
[Thread 0x7196b77fe640 (LWP 874286) exited]
[Thread 0x7196bc91b640 (LWP 874285) exited]
[Thread 0x7196bd11c640 (LWP 874284) exited]
[Thread 0x7196bd91d640 (LWP 874283) exited]
[Thread 0x7196be11e640 (LWP 874282) exited]
[Thread 0x7196b7fff640 (LWP 874280) exited]
[Thread 0x7196bf120640 (LWP 874279) exited]
[Thread 0x7196bf1c6a00 (LWP 874275) exited]
[Thread 0x7196be91f640 (LWP 874281) exited]
[New process 874275]
[Inferior 1 (process 874275) exited normally]
(gdb) No stack.
(gdb) 