Attaching to process 873660
[New LWP 873664]
[New LWP 873665]
[New LWP 873666]
[New LWP 873667]
[New LWP 873668]
[New LWP 873669]
[New LWP 873670]
[New LWP 873671]
[New LWP 873673]
[New LWP 873674]
[New LWP 873675]
[New LWP 873676]
[New LWP 873677]
[New LWP 873678]
[New LWP 873679]
[New LWP 873680]
[New LWP 873681]
[New LWP 873682]
[New LWP 873683]
[New LWP 873684]
[New LWP 873685]
[New LWP 873686]
[Thread debugging using libthread_db enabled]
Using host libthread_db library "/lib/x86_64-linux-gnu/libthread_db.so.1".
0x00007b9d667db7f8 in __GI___clock_nanosleep (clock_id=clock_id@entry=0, flags=flags@entry=0, req=req@entry=0x7ffcaa9879d0, rem=rem@entry=0x7ffcaa9879d0) at ../sysdeps/unix/sysv/linux/clock_nanosleep.c:78
78	../sysdeps/unix/sysv/linux/clock_nanosleep.c: No such file or directory.
(gdb) (gdb) Continuing.
[Thread 0x7b9d371c7640 (LWP 873683) exited]
[Thread 0x7b9d369c6640 (LWP 873684) exited]
[Thread 0x7b9d35801640 (LWP 873686) exited]
[Thread 0x7b9d361c5640 (LWP 873685) exited]
[Thread 0x7b9d3ffff640 (LWP 873682) exited]
[Thread 0x7b9d4ca74640 (LWP 873681) exited]
[Thread 0x7b9d4d275640 (LWP 873680) exited]
[Thread 0x7b9d4da76640 (LWP 873679) exited]
[Thread 0x7b9d4e277640 (LWP 873678) exited]
[Thread 0x7b9d4ea78640 (LWP 873677) exited]
[Thread 0x7b9d4ffff640 (LWP 873676) exited]
[Thread 0x7b9d54a91640 (LWP 873675) exited]
[Thread 0x7b9d55a93640 (LWP 873673) exited]
[Thread 0x7b9d567fc640 (LWP 873671) exited]
[Thread 0x7b9d56ffd640 (LWP 873670) exited]
[Thread 0x7b9d577fe640 (LWP 873669) exited]
[Thread 0x7b9d4f5ff640 (LWP 873668) exited]
[Thread 0x7b9d57fff640 (LWP 873667) exited]
[Thread 0x7b9d64a59640 (LWP 873666) exited]
[Thread 0x7b9d6525a640 (LWP 873665) exited]
[Thread 0x7b9d65a5b640 (LWP 873664) exited]
[Thread 0x7b9d65b01a00 (LWP 873660) exited]
[Thread 0x7b9d55292640 (LWP 873674) exited]
[New process 873660]
[Inferior 1 (process 873660) exited normally]
(gdb) No stack.
(gdb) 