Attaching to process 874155
[New LWP 874182]
[New LWP 874184]
[New LWP 874185]
[New LWP 874187]
[New LWP 874189]
[New LWP 874191]
[New LWP 874193]
[New LWP 874194]
[New LWP 874219]
[New LWP 874220]
[New LWP 874221]
[New LWP 874222]
[New LWP 874223]
[New LWP 874224]
[New LWP 874225]
[New LWP 874226]
[New LWP 874227]
[New LWP 874228]
[New LWP 874246]
[New LWP 874247]
[New LWP 874248]
[New LWP 874249]
[Thread debugging using libthread_db enabled]
Using host libthread_db library "/lib/x86_64-linux-gnu/libthread_db.so.1".
0x00007131fd9917f8 in __GI___clock_nanosleep (clock_id=clock_id@entry=0, flags=flags@entry=0, req=req@entry=0x7ffe4c603ff0, rem=rem@entry=0x7ffe4c603ff0) at ../sysdeps/unix/sysv/linux/clock_nanosleep.c:78
78	../sysdeps/unix/sysv/linux/clock_nanosleep.c: No such file or directory.
(gdb) (gdb) Continuing.
[Thread 0x7131ce427640 (LWP 874246) exited]
[Thread 0x7131cdc26640 (LWP 874247) exited]
[Thread 0x7131cca61640 (LWP 874249) exited]
[Thread 0x7131cd425640 (LWP 874248) exited]
[Thread 0x7131d3470640 (LWP 874228) exited]
[Thread 0x7131d3c71640 (LWP 874227) exited]
[Thread 0x7131d4472640 (LWP 874226) exited]
[Thread 0x7131d4c73640 (LWP 874225) exited]
[Thread 0x7131d5474640 (LWP 874224) exited]
[Thread 0x7131d5c75640 (LWP 874223) exited]
[Thread 0x7131d67fc640 (LWP 874222) exited]
[Thread 0x7131d6ffd640 (LWP 874221) exited]
[Thread 0x7131d77fe640 (LWP 874220) exited]
[Thread 0x7131d7fff640 (LWP 874219) exited]
[Thread 0x7131f4ff9640 (LWP 874194) exited]
[Thread 0x7131f57fa640 (LWP 874193) exited]
[Thread 0x7131f5ffb640 (LWP 874191) exited]
[Thread 0x7131f67fc640 (LWP 874189) exited]
[Thread 0x7131f6ffd640 (LWP 874187) exited]
[Thread 0x7131f7fff640 (LWP 874184) exited]
[Thread 0x7131fcc11640 (LWP 874182) exited]
[Thread 0x7131fccb7a00 (LWP 874155) exited]
[Thread 0x7131f77fe640 (LWP 874185) exited]
[New process 874155]
[Inferior 1 (process 874155) exited normally]
(gdb) No stack.
(gdb) 