Attaching to process 1326890
[New LWP 1326923]
[New LWP 1326924]
[New LWP 1326925]
[New LWP 1326926]
[New LWP 1326927]
[New LWP 1326928]
[New LWP 1326929]
[New LWP 1326930]
[New LWP 1326954]
[New LWP 1326955]
[New LWP 1326956]
[New LWP 1326957]
[New LWP 1326958]
[New LWP 1326959]
[New LWP 1326960]
[New LWP 1326961]
[New LWP 1326962]
[New LWP 1326963]
[New LWP 1326964]
[New LWP 1326965]
[New LWP 1326966]
[New LWP 1326967]
[Thread debugging using libthread_db enabled]
Using host libthread_db library "/lib/x86_64-linux-gnu/libthread_db.so.1".
0x000075765d1fb7f8 in __GI___clock_nanosleep (clock_id=clock_id@entry=0, flags=flags@entry=0, req=req@entry=0x7fff45be42a0, rem=rem@entry=0x7fff45be42a0) at ../sysdeps/unix/sysv/linux/clock_nanosleep.c:78
78	../sysdeps/unix/sysv/linux/clock_nanosleep.c: No such file or directory.
(gdb) (gdb) Continuing.
[Thread 0x75762dc98640 (LWP 1326964) exited]
[Thread 0x75762d497640 (LWP 1326965) exited]
[Thread 0x757627fff640 (LWP 1326967) exited]
[Thread 0x75762cc96640 (LWP 1326966) exited]
[Thread 0x7576327fc640 (LWP 1326963) exited]
[Thread 0x757632ffd640 (LWP 1326962) exited]
[Thread 0x7576337fe640 (LWP 1326961) exited]
[Thread 0x757633fff640 (LWP 1326960) exited]
[Thread 0x757650bfa640 (LWP 1326959) exited]
[Thread 0x7576513fb640 (LWP 1326958) exited]
[Thread 0x757651bfc640 (LWP 1326957) exited]
[Thread 0x7576523fd640 (LWP 1326956) exited]
[Thread 0x757652bfe640 (LWP 1326955) exited]
[Thread 0x757659475640 (LWP 1326930) exited]
[Thread 0x757659c76640 (LWP 1326929) exited]
[Thread 0x75765a477640 (LWP 1326928) exited]
[Thread 0x75765ac78640 (LWP 1326927) exited]
[Thread 0x75765b479640 (LWP 1326926) exited]
[Thread 0x7576533ff640 (LWP 1326925) exited]
[Thread 0x75765bc7a640 (LWP 1326924) exited]
[Thread 0x75765c47b640 (LWP 1326923) exited]
[Thread 0x75765c521a00 (LWP 1326890) exited]
[Thread 0x757653fff640 (LWP 1326954) exited]
[New process 1326890]
[Inferior 1 (process 1326890) exited normally]
(gdb) No stack.
(gdb) 