Attaching to process 1327436
[New LWP 1327469]
[New LWP 1327470]
[New LWP 1327471]
[New LWP 1327472]
[New LWP 1327473]
[New LWP 1327474]
[New LWP 1327475]
[New LWP 1327476]
[New LWP 1327500]
[New LWP 1327501]
[New LWP 1327502]
[New LWP 1327503]
[New LWP 1327504]
[New LWP 1327505]
[New LWP 1327506]
[New LWP 1327507]
[New LWP 1327508]
[New LWP 1327509]
[New LWP 1327510]
[New LWP 1327511]
[New LWP 1327512]
[New LWP 1327513]
[Thread debugging using libthread_db enabled]
Using host libthread_db library "/lib/x86_64-linux-gnu/libthread_db.so.1".
0x000075560a56c7f8 in __GI___clock_nanosleep (clock_id=clock_id@entry=0, flags=flags@entry=0, req=req@entry=0x7ffeb3381830, rem=rem@entry=0x7ffeb3381830) at ../sysdeps/unix/sysv/linux/clock_nanosleep.c:78
78	../sysdeps/unix/sysv/linux/clock_nanosleep.c: No such file or directory.
(gdb) (gdb) Continuing.
[Thread 0x7555dafdc640 (LWP 1327510) exited]
[Thread 0x7555da7db640 (LWP 1327511) exited]
[Thread 0x7555d9616640 (LWP 1327513) exited]
[Thread 0x7555d9fda640 (LWP 1327512) exited]
[Thread 0x7555e37fe640 (LWP 1327509) exited]
[Thread 0x7555e3fff640 (LWP 1327508) exited]
[Thread 0x7555f8dfa640 (LWP 1327507) exited]
[Thread 0x7555f95fb640 (LWP 1327506) exited]
[Thread 0x7555f9dfc640 (LWP 1327505) exited]
[Thread 0x7555fa5fd640 (LWP 1327504) exited]
[Thread 0x7555fadfe640 (LWP 1327503) exited]
[Thread 0x7555fbfff640 (LWP 1327502) exited]
[Thread 0x7556017fa640 (LWP 1327500) exited]
[Thread 0x755601ffb640 (LWP 1327476) exited]
[Thread 0x7556027fc640 (LWP 1327475) exited]
[Thread 0x755602ffd640 (LWP 1327474) exited]
[Thread 0x7556037fe640 (LWP 1327473) exited]
[Thread 0x7555fb5ff640 (LWP 1327472) exited]
[Thread 0x755603fff640 (LWP 1327471) exited]
[Thread 0x755608feb640 (LWP 1327470) exited]
[Thread 0x7556097ec640 (LWP 1327469) exited]
[Thread 0x755609892a00 (LWP 1327436) exited]
[Thread 0x755600ff9640 (LWP 1327501) exited]
[New process 1327436]
[Inferior 1 (process 1327436) exited normally]
(gdb) No stack.
(gdb) 