Attaching to process 475871
[New LWP 475875]
[New LWP 475876]
[New LWP 475877]
[New LWP 475878]
[New LWP 475879]
[New LWP 475880]
[New LWP 475881]
[New LWP 475882]
[New LWP 475883]
[New LWP 475884]
[New LWP 475885]
[New LWP 475886]
[New LWP 475887]
[New LWP 475888]
[New LWP 475889]
[New LWP 475890]
[New LWP 475891]
[New LWP 475892]
351	../sysdeps/x86_64/multiarch/memset-vec-unaligned-erms.S: No such file or directory.
[Thread debugging using libthread_db enabled]
Using host libthread_db library "/lib/x86_64-linux-gnu/libthread_db.so.1".
__memset_avx2_unaligned_erms () at ../sysdeps/x86_64/multiarch/memset-vec-unaligned-erms.S:351
(gdb) (gdb) Continuing.
[New Thread 0x722f4c6df640 (LWP 475932)]
[New Thread 0x722f4bede640 (LWP 475933)]
[New Thread 0x722f4b51a640 (LWP 475934)]
[New Thread 0x722f4ad19640 (LWP 475935)]
[Thread 0x722f4c6df640 (LWP 475932) exited]
[Thread 0x722f4bede640 (LWP 475933) exited]
[Thread 0x722f4b51a640 (LWP 475934) exited]
[Thread 0x722f4ad19640 (LWP 475935) exited]
[Thread 0x722f517fa640 (LWP 475892) exited]
[Thread 0x722f51ffb640 (LWP 475891) exited]
[Thread 0x722f527fc640 (LWP 475890) exited]
[Thread 0x722f52ffd640 (LWP 475889) exited]
[Thread 0x722f537fe640 (LWP 475888) exited]
[Thread 0x722f53fff640 (LWP 475887) exited]
[Thread 0x722f71292640 (LWP 475885) exited]
[Thread 0x722f71a93640 (LWP 475884) exited]
[Thread 0x722f72294640 (LWP 475883) exited]
[Thread 0x722f72ffd640 (LWP 475882) exited]
[Thread 0x722f737fe640 (LWP 475881) exited]
[Thread 0x722f73fff640 (LWP 475880) exited]
[Thread 0x722f78eb9640 (LWP 475879) exited]
[Thread 0x722f796ba640 (LWP 475878) exited]
[Thread 0x722f79ebb640 (LWP 475877) exited]
[Thread 0x722f7a6bc640 (LWP 475876) exited]
[Thread 0x722f7aebd640 (LWP 475875) exited]
[Thread 0x722f7af63a00 (LWP 475871) exited]
[Thread 0x722f70a91640 (LWP 475886) exited]
[New process 475871]
[Inferior 1 (process 475871) exited normally]
(gdb) No stack.
(gdb) 