Attaching to process 3032660
[New LWP 3032664]
[New LWP 3032665]
[New LWP 3032666]
[New LWP 3032667]
[New LWP 3032668]
[New LWP 3032669]
[New LWP 3032670]
[New LWP 3032671]
[New LWP 3032672]
[New LWP 3032673]
[New LWP 3032674]
[New LWP 3032675]
[New LWP 3032676]
[New LWP 3032677]
[New LWP 3032678]
[New LWP 3032679]
[New LWP 3032680]
[New LWP 3032681]
[New LWP 3032682]
[New LWP 3032683]
[New LWP 3032684]
[New LWP 3032685]
[Thread debugging using libthread_db enabled]
Using host libthread_db library "/lib/x86_64-linux-gnu/libthread_db.so.1".
0x00007245786bf7f8 in __GI___clock_nanosleep (clock_id=clock_id@entry=0, flags=flags@entry=0, req=req@entry=0x7ffd5523b140, rem=rem@entry=0x7ffd5523b140) at ../sysdeps/unix/sysv/linux/clock_nanosleep.c:78
78	../sysdeps/unix/sysv/linux/clock_nanosleep.c: No such file or directory.
(gdb) (gdb) Continuing.
[Thread 0x72454d12a640 (LWP 3032682) exited]
[Thread 0x72454c929640 (LWP 3032683) exited]
[Thread 0x72455dffb640 (LWP 3032681) exited]
[Thread 0x7245477fe640 (LWP 3032685) exited]
[Thread 0x724547fff640 (LWP 3032684) exited]
[Thread 0x72455e7fc640 (LWP 3032680) exited]
[Thread 0x72455effd640 (LWP 3032679) exited]
[Thread 0x72455f7fe640 (LWP 3032678) exited]
[Thread 0x72455ffff640 (LWP 3032677) exited]
[Thread 0x724568dad640 (LWP 3032676) exited]
[Thread 0x724569934640 (LWP 3032675) exited]
[Thread 0x72456a135640 (LWP 3032674) exited]
[Thread 0x72456a936640 (LWP 3032673) exited]
[Thread 0x72456b137640 (LWP 3032672) exited]
[Thread 0x72456bfff640 (LWP 3032671) exited]
[Thread 0x724574939640 (LWP 3032670) exited]
[Thread 0x72457513a640 (LWP 3032669) exited]
[Thread 0x72457593b640 (LWP 3032668) exited]
[Thread 0x72457613c640 (LWP 3032667) exited]
[Thread 0x72457693d640 (LWP 3032666) exited]
[Thread 0x72457713e640 (LWP 3032665) exited]
[Thread 0x72457793f640 (LWP 3032664) exited]
[Inferior 1 (process 3032660) exited normally]
(gdb) (gdb) No stack.
