Attaching to process 2729119
[New LWP 2729150]
[New LWP 2729152]
[New LWP 2729153]
[New LWP 2729155]
[New LWP 2729156]
[New LWP 2729157]
[New LWP 2729158]
[New LWP 2729159]
[New LWP 2729183]
[New LWP 2729184]
[New LWP 2729185]
[New LWP 2729186]
[New LWP 2729187]
[New LWP 2729188]
[New LWP 2729189]
[New LWP 2729190]
[New LWP 2729191]
[New LWP 2729192]
[New LWP 2729193]
[New LWP 2729194]
[New LWP 2729195]
[New LWP 2729196]
[Thread debugging using libthread_db enabled]
Using host libthread_db library "/lib/x86_64-linux-gnu/libthread_db.so.1".
0x00007799ff2807f8 in __GI___clock_nanosleep (clock_id=clock_id@entry=0, flags=flags@entry=0, req=req@entry=0x7ffc7fbd8e00, rem=rem@entry=0x7ffc7fbd8e00) at ../sysdeps/unix/sysv/linux/clock_nanosleep.c:78
78	../sysdeps/unix/sysv/linux/clock_nanosleep.c: No such file or directory.
(gdb) (gdb) Continuing.
[Thread 0x7799ce355640 (LWP 2729196) exited]
[Thread 0x7799ced19640 (LWP 2729195) exited]
[Thread 0x7799cf51a640 (LWP 2729194) exited]
[Thread 0x7799cfd1b640 (LWP 2729193) exited]
[Thread 0x7799d4ff9640 (LWP 2729192) exited]
[Thread 0x7799d57fa640 (LWP 2729191) exited]
[Thread 0x7799d5ffb640 (LWP 2729190) exited]
[Thread 0x7799d67fc640 (LWP 2729189) exited]
[Thread 0x7799d6ffd640 (LWP 2729188) exited]
[Thread 0x7799d77fe640 (LWP 2729187) exited]
[Thread 0x7799d7fff640 (LWP 2729186) exited]
[Thread 0x7799eca91640 (LWP 2729185) exited]
[Thread 0x7799ed292640 (LWP 2729184) exited]
[Thread 0x7799eda93640 (LWP 2729183) exited]
[Thread 0x7799ee7fc640 (LWP 2729159) exited]
[Thread 0x7799eeffd640 (LWP 2729158) exited]
[Thread 0x7799ef7fe640 (LWP 2729157) exited]
[Thread 0x7799fccfd640 (LWP 2729156) exited]
[Thread 0x7799fd4fe640 (LWP 2729155) exited]
[Thread 0x7799effff640 (LWP 2729153) exited]
[Thread 0x7799fdcff640 (LWP 2729152) exited]
[Thread 0x7799fe500640 (LWP 2729150) exited]
[Inferior 1 (process 2729119) exited with code 01]
(gdb) No stack.
(gdb) 