Attaching to process 2728573
[New LWP 2728590]
[New LWP 2728591]
[New LWP 2728592]
[New LWP 2728593]
[New LWP 2728594]
[New LWP 2728595]
[New LWP 2728596]
[New LWP 2728597]
[New LWP 2728637]
[New LWP 2728638]
[New LWP 2728639]
[New LWP 2728640]
[New LWP 2728641]
[New LWP 2728642]
[New LWP 2728643]
[New LWP 2728644]
[New LWP 2728645]
[New LWP 2728646]
[New LWP 2728647]
[New LWP 2728648]
[New LWP 2728649]
[New LWP 2728650]
78	../sysdeps/unix/sysv/linux/clock_nanosleep.c: No such file or directory.
[Thread debugging using libthread_db enabled]
Using host libthread_db library "/lib/x86_64-linux-gnu/libthread_db.so.1".
0x000075fecebd67f8 in __GI___clock_nanosleep (clock_id=clock_id@entry=0, flags=flags@entry=0, req=req@entry=0x7ffd9562d4a0, rem=rem@entry=0x7ffd9562d4a0) at ../sysdeps/unix/sysv/linux/clock_nanosleep.c:78
(gdb) (gdb) Continuing.
[Thread 0x75fe9ee96640 (LWP 2728649) exited]
[Thread 0x75fe9e695640 (LWP 2728650) exited]
[Thread 0x75fe96dff640 (LWP 2728648) exited]
[Thread 0x75fe9f697640 (LWP 2728647) exited]
[Thread 0x75fea47f8640 (LWP 2728646) exited]
[Thread 0x75fea4ff9640 (LWP 2728645) exited]
[Thread 0x75fea57fa640 (LWP 2728644) exited]
[Thread 0x75fea5ffb640 (LWP 2728643) exited]
[Thread 0x75fea67fc640 (LWP 2728642) exited]
[Thread 0x75fea6ffd640 (LWP 2728641) exited]
[Thread 0x75fea77fe640 (LWP 2728640) exited]
[Thread 0x75fea7fff640 (LWP 2728639) exited]
[Thread 0x75fec8f86640 (LWP 2728638) exited]
[Thread 0x75fec9787640 (LWP 2728637) exited]
[Thread 0x75feca64f640 (LWP 2728597) exited]
[Thread 0x75fecae50640 (LWP 2728596) exited]
[Thread 0x75fecb651640 (LWP 2728595) exited]
[Thread 0x75fecc653640 (LWP 2728593) exited]
[Thread 0x75fecce54640 (LWP 2728592) exited]
[Thread 0x75fecd655640 (LWP 2728591) exited]
[Thread 0x75fecde56640 (LWP 2728590) exited]
[Thread 0x75fecdefca00 (LWP 2728573) exited]
[Thread 0x75fecbe52640 (LWP 2728594) exited]
[New process 2728573]
[Inferior 1 (process 2728573) exited with code 01]
(gdb) No stack.
(gdb) 