Attaching to process 2729665
[New LWP 2729698]
[New LWP 2729699]
[New LWP 2729700]
[New LWP 2729701]
[New LWP 2729702]
[New LWP 2729703]
[New LWP 2729704]
[New LWP 2729705]
[New LWP 2729729]
[New LWP 2729730]
[New LWP 2729731]
[New LWP 2729732]
[New LWP 2729733]
[New LWP 2729734]
[New LWP 2729735]
[New LWP 2729736]
[New LWP 2729737]
[New LWP 2729738]
[New LWP 2729739]
[New LWP 2729740]
[New LWP 2729741]
[New LWP 2729742]
78	../sysdeps/unix/sysv/linux/clock_nanosleep.c: No such file or directory.
[Thread debugging using libthread_db enabled]
Using host libthread_db library "/lib/x86_64-linux-gnu/libthread_db.so.1".
0x00007beb36a7e7f8 in __GI___clock_nanosleep (clock_id=clock_id@entry=0, flags=flags@entry=0, req=req@entry=0x7ffd8eaf9870, rem=rem@entry=0x7ffd8eaf9870) at ../sysdeps/unix/sysv/linux/clock_nanosleep.c:78
(gdb) (gdb) Continuing.
[Thread 0x7beb05c80640 (LWP 2729742) exited]
[Thread 0x7beb06481640 (LWP 2729741) exited]
[Thread 0x7beb06c82640 (LWP 2729740) exited]
[Thread 0x7beb07483640 (LWP 2729739) exited]
[Thread 0x7beb0ffff640 (LWP 2729738) exited]
[Thread 0x7beb1cdfa640 (LWP 2729737) exited]
[Thread 0x7beb1d5fb640 (LWP 2729736) exited]
[Thread 0x7beb1ddfc640 (LWP 2729735) exited]
[Thread 0x7beb1e5fd640 (LWP 2729734) exited]
[Thread 0x7beb1edfe640 (LWP 2729733) exited]
[Thread 0x7beb1ffff640 (LWP 2729732) exited]
[Thread 0x7beb24a91640 (LWP 2729731) exited]
[Thread 0x7beb25292640 (LWP 2729730) exited]
[Thread 0x7beb267fc640 (LWP 2729705) exited]
[Thread 0x7beb26ffd640 (LWP 2729704) exited]
[Thread 0x7beb277fe640 (LWP 2729703) exited]
[Thread 0x7beb1f5ff640 (LWP 2729702) exited]
[Thread 0x7beb27fff640 (LWP 2729701) exited]
[Thread 0x7beb34cfc640 (LWP 2729700) exited]
[Thread 0x7beb354fd640 (LWP 2729699) exited]
[Thread 0x7beb35cfe640 (LWP 2729698) exited]
[Thread 0x7beb35da4a00 (LWP 2729665) exited]
[Thread 0x7beb25a93640 (LWP 2729729) exited]
[New process 2729665]
[Inferior 1 (process 2729665) exited with code 01]
(gdb) (gdb) No stack.
