Attaching to process 2697919
[New LWP 2697923]
[New LWP 2697924]
[New LWP 2697925]
[New LWP 2697926]
[New LWP 2697927]
[New LWP 2697928]
[New LWP 2697929]
[New LWP 2697930]
[New LWP 2697931]
[New LWP 2697932]
[New LWP 2697933]
[New LWP 2697934]
[New LWP 2697935]
[New LWP 2697936]
[New LWP 2697937]
[New LWP 2697938]
[New LWP 2697939]
[New LWP 2697940]
[New LWP 2697941]
[New LWP 2697942]
[New LWP 2697943]
[New LWP 2697944]
78	../sysdeps/unix/sysv/linux/clock_nanosleep.c: No such file or directory.
[Thread debugging using libthread_db enabled]
Using host libthread_db library "/lib/x86_64-linux-gnu/libthread_db.so.1".
0x00007708d13467f8 in __GI___clock_nanosleep (clock_id=clock_id@entry=0, flags=flags@entry=0, req=req@entry=0x7ffff28054b0, rem=rem@entry=0x7ffff28054b0) at ../sysdeps/unix/sysv/linux/clock_nanosleep.c:78
(gdb) (gdb) Continuing.
[Thread 0x7708a5dc6640 (LWP 2697941) exited]
[Thread 0x7708a55c5640 (LWP 2697942) exited]
[Thread 0x7708a4dc4640 (LWP 2697943) exited]
[Thread 0x7708be3fd640 (LWP 2697940) exited]
[Thread 0x7708bebfe640 (LWP 2697939) exited]
[Thread 0x7708bffff640 (LWP 2697938) exited]
[Thread 0x7708c4ff9640 (LWP 2697937) exited]
[Thread 0x7708c57fa640 (LWP 2697936) exited]
[Thread 0x7708c5ffb640 (LWP 2697935) exited]
[Thread 0x7708c67fc640 (LWP 2697934) exited]
[Thread 0x7708c6ffd640 (LWP 2697933) exited]
[Thread 0x7708c77fe640 (LWP 2697932) exited]
[Thread 0x7708c7fff640 (LWP 2697931) exited]
[Thread 0x7708cd5c0640 (LWP 2697930) exited]
[Thread 0x7708cddc1640 (LWP 2697929) exited]
[Thread 0x7708ce5c2640 (LWP 2697928) exited]
[Thread 0x7708cedc3640 (LWP 2697927) exited]
[Thread 0x7708cf5c4640 (LWP 2697926) exited]
[Thread 0x7708bf3ff640 (LWP 2697925) exited]
[Thread 0x7708cfdc5640 (LWP 2697924) exited]
[Thread 0x7708d05c6640 (LWP 2697923) exited]
[Thread 0x7708d066ca00 (LWP 2697919) exited]
[Thread 0x77089bfff640 (LWP 2697944) exited]
[New process 2697919]
[Inferior 1 (process 2697919) exited normally]
(gdb) (gdb) No stack.
