Attaching to process 3143671
[New LWP 3143675]
[New LWP 3143676]
[New LWP 3143677]
[New LWP 3143678]
[New LWP 3143679]
[New LWP 3143680]
[New LWP 3143681]
[New LWP 3143682]
[New LWP 3143683]
[New LWP 3143684]
[New LWP 3143685]
[New LWP 3143686]
[New LWP 3143687]
[New LWP 3143688]
[New LWP 3143689]
[New LWP 3143690]
[New LWP 3143691]
[New LWP 3143692]
[New LWP 3143693]
[New LWP 3143694]
[New LWP 3143695]
[New LWP 3143696]
[Thread debugging using libthread_db enabled]
Using host libthread_db library "/lib/x86_64-linux-gnu/libthread_db.so.1".
0x0000777a381987f8 in __GI___clock_nanosleep (clock_id=clock_id@entry=0, flags=flags@entry=0, req=req@entry=0x7ffe4ae374b0, rem=rem@entry=0x7ffe4ae374b0) at ../sysdeps/unix/sysv/linux/clock_nanosleep.c:78
78	../sysdeps/unix/sysv/linux/clock_nanosleep.c: No such file or directory.
(gdb) (gdb) Continuing.
[Thread 0x777a14c3b640 (LWP 3143693) exited]
[Thread 0x777a07fff640 (LWP 3143694) exited]
[Thread 0x777a06ffd640 (LWP 3143696) exited]
[Thread 0x777a077fe640 (LWP 3143695) exited]
[Thread 0x777a1d5fb640 (LWP 3143692) exited]
[Thread 0x777a1ddfc640 (LWP 3143691) exited]
[Thread 0x777a1e5fd640 (LWP 3143690) exited]
[Thread 0x777a1edfe640 (LWP 3143689) exited]
[Thread 0x777a1ffff640 (LWP 3143688) exited]
[Thread 0x777a24f0c640 (LWP 3143687) exited]
[Thread 0x777a25a93640 (LWP 3143686) exited]
[Thread 0x777a26294640 (LWP 3143685) exited]
[Thread 0x777a26a95640 (LWP 3143684) exited]
[Thread 0x777a1f5ff640 (LWP 3143682) exited]
[Thread 0x777a27fff640 (LWP 3143681) exited]
[Thread 0x777a34c13640 (LWP 3143680) exited]
[Thread 0x777a35414640 (LWP 3143679) exited]
[Thread 0x777a35c15640 (LWP 3143678) exited]
[Thread 0x777a36416640 (LWP 3143677) exited]
[Thread 0x777a36c17640 (LWP 3143676) exited]
[Thread 0x777a37418640 (LWP 3143675) exited]
[Thread 0x777a374bea00 (LWP 3143671) exited]
[Thread 0x777a27296640 (LWP 3143683) exited]
[New process 3143671]
[Inferior 1 (process 3143671) exited normally]
No stack.
(gdb) (gdb) 