Attaching to process 2733470
[New LWP 2733503]
[New LWP 2733504]
[New LWP 2733505]
[New LWP 2733506]
[New LWP 2733507]
[New LWP 2733508]
[New LWP 2733509]
[New LWP 2733510]
[New LWP 2733534]
[New LWP 2733535]
[New LWP 2733536]
[New LWP 2733537]
[New LWP 2733538]
[New LWP 2733539]
[New LWP 2733540]
[New LWP 2733541]
[New LWP 2733542]
[New LWP 2733543]
[New LWP 2733544]
[New LWP 2733545]
[New LWP 2733546]
[New LWP 2733547]
[Thread debugging using libthread_db enabled]
Using host libthread_db library "/lib/x86_64-linux-gnu/libthread_db.so.1".
0x00007a033b7187f8 in __GI___clock_nanosleep (clock_id=clock_id@entry=0, flags=flags@entry=0, req=req@entry=0x7fff7c3a7190, rem=rem@entry=0x7fff7c3a7190) at ../sysdeps/unix/sysv/linux/clock_nanosleep.c:78
78	../sysdeps/unix/sysv/linux/clock_nanosleep.c: No such file or directory.
(gdb) (gdb) Continuing.
[Thread 0x7a030a7fc640 (LWP 2733547) exited]
[Thread 0x7a030affd640 (LWP 2733546) exited]
[Thread 0x7a030b7fe640 (LWP 2733545) exited]
[Thread 0x7a030bfff640 (LWP 2733544) exited]
[Thread 0x7a0318ff9640 (LWP 2733543) exited]
[Thread 0x7a03197fa640 (LWP 2733542) exited]
[Thread 0x7a0319ffb640 (LWP 2733541) exited]
[Thread 0x7a031a7fc640 (LWP 2733540) exited]
[Thread 0x7a031affd640 (LWP 2733539) exited]
[Thread 0x7a031b7fe640 (LWP 2733538) exited]
[Thread 0x7a0321292640 (LWP 2733537) exited]
[Thread 0x7a0321a93640 (LWP 2733536) exited]
[Thread 0x7a0322294640 (LWP 2733535) exited]
[Thread 0x7a03237fe640 (LWP 2733510) exited]
[Thread 0x7a031bfff640 (LWP 2733509) exited]
[Thread 0x7a0323fff640 (LWP 2733508) exited]
[Thread 0x7a0338994640 (LWP 2733507) exited]
[Thread 0x7a0339195640 (LWP 2733506) exited]
[Thread 0x7a0339996640 (LWP 2733505) exited]
[Thread 0x7a033a197640 (LWP 2733504) exited]
[Thread 0x7a033a998640 (LWP 2733503) exited]
[Thread 0x7a033aa3ea00 (LWP 2733470) exited]
[Thread 0x7a0322a95640 (LWP 2733534) exited]
[New process 2733470]
[Inferior 1 (process 2733470) exited with code 01]
(gdb) (gdb) No stack.
