Attaching to process 2734421
[New LWP 2734438]
[New LWP 2734439]
[New LWP 2734440]
[New LWP 2734441]
[New LWP 2734442]
[New LWP 2734443]
[New LWP 2734444]
[New LWP 2734445]
[New LWP 2734485]
[New LWP 2734486]
[New LWP 2734487]
[New LWP 2734488]
[New LWP 2734489]
[New LWP 2734490]
[New LWP 2734491]
[New LWP 2734492]
[New LWP 2734493]
[New LWP 2734494]
[New LWP 2734495]
[New LWP 2734496]
[New LWP 2734497]
[New LWP 2734498]
78	../sysdeps/unix/sysv/linux/clock_nanosleep.c: No such file or directory.
[Thread debugging using libthread_db enabled]
Using host libthread_db library "/lib/x86_64-linux-gnu/libthread_db.so.1".
0x000075912094f7f8 in __GI___clock_nanosleep (clock_id=clock_id@entry=0, flags=flags@entry=0, req=req@entry=0x7ffc7f29fe20, rem=rem@entry=0x7ffc7f29fe20) at ../sysdeps/unix/sysv/linux/clock_nanosleep.c:78
(gdb) (gdb) Continuing.
[Thread 0x7590eb7fe640 (LWP 2734498) exited]
[Thread 0x7590f0be7640 (LWP 2734497) exited]
[Thread 0x7590ebfff640 (LWP 2734496) exited]
[Thread 0x7590f13e8640 (LWP 2734495) exited]
[Thread 0x7590f9ffb640 (LWP 2734494) exited]
[Thread 0x7590fa7fc640 (LWP 2734493) exited]
[Thread 0x7590faffd640 (LWP 2734492) exited]
[Thread 0x7590fb7fe640 (LWP 2734491) exited]
[Thread 0x7590fbfff640 (LWP 2734490) exited]
[Thread 0x759114f0c640 (LWP 2734489) exited]
[Thread 0x759115a93640 (LWP 2734488) exited]
[Thread 0x759116294640 (LWP 2734487) exited]
[Thread 0x759117296640 (LWP 2734485) exited]
[Thread 0x759117fff640 (LWP 2734445) exited]
[Thread 0x75911cbc9640 (LWP 2734444) exited]
[Thread 0x75911d3ca640 (LWP 2734443) exited]
[Thread 0x75911dbcb640 (LWP 2734442) exited]
[Thread 0x75911e3cc640 (LWP 2734441) exited]
[Thread 0x75911ebcd640 (LWP 2734440) exited]
[Thread 0x75911f3ce640 (LWP 2734439) exited]
[Thread 0x75911fbcf640 (LWP 2734438) exited]
[Thread 0x75911fc75a00 (LWP 2734421) exited]
[Thread 0x759116a95640 (LWP 2734486) exited]
[New process 2734421]
[Inferior 1 (process 2734421) exited with code 01]
(gdb) No stack.
(gdb) 