Attaching to process 3065223
[New LWP 3065227]
[New LWP 3065228]
[New LWP 3065229]
[New LWP 3065230]
[New LWP 3065231]
[New LWP 3065232]
[New LWP 3065233]
[New LWP 3065234]
[New LWP 3065235]
[New LWP 3065236]
[New LWP 3065237]
[New LWP 3065238]
[New LWP 3065239]
[New LWP 3065240]
[New LWP 3065241]
[New LWP 3065242]
[New LWP 3065243]
[New LWP 3065244]
[New LWP 3065245]
[New LWP 3065246]
[New LWP 3065247]
[New LWP 3065248]
78	../sysdeps/unix/sysv/linux/clock_nanosleep.c: No such file or directory.
[Thread debugging using libthread_db enabled]
Using host libthread_db library "/lib/x86_64-linux-gnu/libthread_db.so.1".
0x000070af8f68f7f8 in __GI___clock_nanosleep (clock_id=clock_id@entry=0, flags=flags@entry=0, req=req@entry=0x7ffe4865b400, rem=rem@entry=0x7ffe4865b400) at ../sysdeps/unix/sysv/linux/clock_nanosleep.c:78
(gdb) (gdb) Continuing.
[Thread 0x70af60132640 (LWP 3065245) exited]
[Thread 0x70af5f931640 (LWP 3065246) exited]
[Thread 0x70af5e92f640 (LWP 3065248) exited]
[Thread 0x70af5f130640 (LWP 3065247) exited]
[Thread 0x70af65474640 (LWP 3065244) exited]
[Thread 0x70af65c75640 (LWP 3065243) exited]
[Thread 0x70af66476640 (LWP 3065242) exited]
[Thread 0x70af66c77640 (LWP 3065241) exited]
[Thread 0x70af67478640 (LWP 3065240) exited]
[Thread 0x70af67c79640 (LWP 3065239) exited]
[Thread 0x70af85133640 (LWP 3065237) exited]
[Thread 0x70af85934640 (LWP 3065236) exited]
[Thread 0x70af86135640 (LWP 3065235) exited]
[Thread 0x70af86ffd640 (LWP 3065234) exited]
[Thread 0x70af877fe640 (LWP 3065233) exited]
[Thread 0x70af8c90b640 (LWP 3065232) exited]
[Thread 0x70af8d10c640 (LWP 3065231) exited]
[Thread 0x70af8d90d640 (LWP 3065230) exited]
[Thread 0x70af87fff640 (LWP 3065229) exited]
[Thread 0x70af8e10e640 (LWP 3065228) exited]
[Thread 0x70af8e90f640 (LWP 3065227) exited]
[Thread 0x70af8e9b5a00 (LWP 3065223) exited]
[Thread 0x70af84932640 (LWP 3065238) exited]
[New process 3065223]
[Inferior 1 (process 3065223) exited normally]
(gdb) (gdb) No stack.
