Attaching to process 1706811
[New LWP 1706815]
[New LWP 1706816]
[New LWP 1706817]
[New LWP 1706818]
[New LWP 1706819]
[New LWP 1706820]
[New LWP 1706821]
[New LWP 1706822]
[New LWP 1706823]
[New LWP 1706824]
[New LWP 1706825]
[New LWP 1706826]
[New LWP 1706827]
[New LWP 1706828]
[New LWP 1706829]
[New LWP 1706830]
[New LWP 1706831]
[New LWP 1706832]
[New LWP 1706833]
[New LWP 1706834]
[New LWP 1706835]
[New LWP 1706836]
78	../sysdeps/unix/sysv/linux/clock_nanosleep.c: No such file or directory.
[Thread debugging using libthread_db enabled]
Using host libthread_db library "/lib/x86_64-linux-gnu/libthread_db.so.1".
0x00007f2fe57c27f8 in __GI___clock_nanosleep (clock_id=clock_id@entry=0, flags=flags@entry=0, req=req@entry=0x7ffd6505ed80, rem=rem@entry=0x7ffd6505ed80) at ../sysdeps/unix/sysv/linux/clock_nanosleep.c:78
(gdb) (gdb) Continuing.
[Thread 0x7f2fb6272640 (LWP 1706833) exited]
[Thread 0x7f2fb5a71640 (LWP 1706834) exited]
[Thread 0x7f2fb48ac640 (LWP 1706836) exited]
[Thread 0x7f2fb5270640 (LWP 1706835) exited]
[Thread 0x7f2fbaffd640 (LWP 1706832) exited]
[Thread 0x7f2fbb7fe640 (LWP 1706831) exited]
[Thread 0x7f2fbbfff640 (LWP 1706830) exited]
[Thread 0x7f2fd89fa640 (LWP 1706829) exited]
[Thread 0x7f2fd91fb640 (LWP 1706828) exited]
[Thread 0x7f2fd99fc640 (LWP 1706827) exited]
[Thread 0x7f2fda1fd640 (LWP 1706826) exited]
[Thread 0x7f2fda9fe640 (LWP 1706825) exited]
[Thread 0x7f2fdbfff640 (LWP 1706824) exited]
[Thread 0x7f2fe0b74640 (LWP 1706823) exited]
[Thread 0x7f2fe1a3c640 (LWP 1706822) exited]
[Thread 0x7f2fe223d640 (LWP 1706821) exited]
[Thread 0x7f2fe323f640 (LWP 1706819) exited]
[Thread 0x7f2fdb1ff640 (LWP 1706818) exited]
[Thread 0x7f2fe3a40640 (LWP 1706817) exited]
[Thread 0x7f2fe4241640 (LWP 1706816) exited]
[Thread 0x7f2fe4a42640 (LWP 1706815) exited]
[Thread 0x7f2fe4ae8a00 (LWP 1706811) exited]
[Thread 0x7f2fe2a3e640 (LWP 1706820) exited]
[New process 1706811]
[Inferior 1 (process 1706811) exited normally]
(gdb) No stack.
(gdb) 