Attaching to process 1707422
[New LWP 1707426]
[New LWP 1707427]
[New LWP 1707428]
[New LWP 1707429]
[New LWP 1707430]
[New LWP 1707431]
[New LWP 1707432]
[New LWP 1707433]
[New LWP 1707434]
[New LWP 1707435]
[New LWP 1707436]
[New LWP 1707437]
[New LWP 1707438]
[New LWP 1707439]
[New LWP 1707440]
[New LWP 1707441]
[New LWP 1707442]
[New LWP 1707443]
[New LWP 1707444]
[New LWP 1707445]
[New LWP 1707446]
[New LWP 1707447]
[Thread debugging using libthread_db enabled]
Using host libthread_db library "/lib/x86_64-linux-gnu/libthread_db.so.1".
0x00007355d1d477f8 in __GI___clock_nanosleep (clock_id=clock_id@entry=0, flags=flags@entry=0, req=req@entry=0x7ffd037feb60, rem=rem@entry=0x7ffd037feb60) at ../sysdeps/unix/sysv/linux/clock_nanosleep.c:78
78	../sysdeps/unix/sysv/linux/clock_nanosleep.c: No such file or directory.
(gdb) (gdb) Continuing.
[Thread 0x7355a27b5640 (LWP 1707444) exited]
[Thread 0x7355a1fb4640 (LWP 1707445) exited]
[Thread 0x7355a17b3640 (LWP 1707447) exited]
[Thread 0x7355915ff640 (LWP 1707446) exited]
[Thread 0x7355a77fe640 (LWP 1707443) exited]
[Thread 0x7355a7fff640 (LWP 1707442) exited]
[Thread 0x7355c4a72640 (LWP 1707441) exited]
[Thread 0x7355c5273640 (LWP 1707440) exited]
[Thread 0x7355c5a74640 (LWP 1707439) exited]
[Thread 0x7355c6275640 (LWP 1707438) exited]
[Thread 0x7355c6dfc640 (LWP 1707437) exited]
[Thread 0x7355c75fd640 (LWP 1707436) exited]
[Thread 0x7355c7dfe640 (LWP 1707435) exited]
[Thread 0x7355c8ff9640 (LWP 1707434) exited]
[Thread 0x7355c97fa640 (LWP 1707433) exited]
[Thread 0x7355c9ffb640 (LWP 1707432) exited]
[Thread 0x7355ca7fc640 (LWP 1707431) exited]
[Thread 0x7355caffd640 (LWP 1707430) exited]
[Thread 0x7355cb7fe640 (LWP 1707429) exited]
[Thread 0x7355cbfff640 (LWP 1707428) exited]
[Thread 0x7355d0fc7640 (LWP 1707426) exited]
[Thread 0x7355d106da00 (LWP 1707422) exited]
[Thread 0x7355c85ff640 (LWP 1707427) exited]
[New process 1707422]
[Inferior 1 (process 1707422) exited normally]
(gdb) (gdb) No stack.
