Attaching to process 2904375
[New LWP 2904396]
[New LWP 2904397]
[New LWP 2904398]
[New LWP 2904399]
[New LWP 2904400]
[New LWP 2904401]
[New LWP 2904403]
[New LWP 2904406]
[New LWP 2904439]
[New LWP 2904440]
[New LWP 2904441]
[New LWP 2904442]
[New LWP 2904443]
[New LWP 2904444]
[New LWP 2904445]
[New LWP 2904446]
[New LWP 2904447]
[New LWP 2904448]
[New LWP 2904449]
[New LWP 2904450]
[New LWP 2904451]
[New LWP 2904452]
78	../sysdeps/unix/sysv/linux/clock_nanosleep.c: No such file or directory.
[Thread debugging using libthread_db enabled]
Using host libthread_db library "/lib/x86_64-linux-gnu/libthread_db.so.1".
0x00007c1322bfe7f8 in __GI___clock_nanosleep (clock_id=clock_id@entry=0, flags=flags@entry=0, req=req@entry=0x7ffe9842d630, rem=rem@entry=0x7ffe9842d630) at ../sysdeps/unix/sysv/linux/clock_nanosleep.c:78
(gdb) (gdb) Continuing.
[Thread 0x7c12f1e3c640 (LWP 2904452) exited]
[Thread 0x7c12f263d640 (LWP 2904451) exited]
[Thread 0x7c12f2e3e640 (LWP 2904450) exited]
[Thread 0x7c12f363f640 (LWP 2904449) exited]
[Thread 0x7c12f7fff640 (LWP 2904448) exited]
[Thread 0x7c12fcff9640 (LWP 2904447) exited]
[Thread 0x7c12fd7fa640 (LWP 2904446) exited]
[Thread 0x7c12fdffb640 (LWP 2904445) exited]
[Thread 0x7c12fe7fc640 (LWP 2904444) exited]
[Thread 0x7c12feffd640 (LWP 2904443) exited]
[Thread 0x7c12ff7fe640 (LWP 2904442) exited]
[Thread 0x7c12fffff640 (LWP 2904441) exited]
[Thread 0x7c1318a91640 (LWP 2904440) exited]
[Thread 0x7c1319292640 (LWP 2904439) exited]
[Thread 0x7c1319ffb640 (LWP 2904406) exited]
[Thread 0x7c131a7fc640 (LWP 2904403) exited]
[Thread 0x7c131affd640 (LWP 2904401) exited]
[Thread 0x7c131bfff640 (LWP 2904399) exited]
[Thread 0x7c1320e7c640 (LWP 2904398) exited]
[Thread 0x7c132167d640 (LWP 2904397) exited]
[Thread 0x7c1321e7e640 (LWP 2904396) exited]
[Thread 0x7c1321f24a00 (LWP 2904375) exited]
[Thread 0x7c131b7fe640 (LWP 2904400) exited]
[New process 2904375]
[Inferior 1 (process 2904375) exited with code 01]
(gdb) (gdb) No stack.
