Attaching to process 2903831
[New LWP 2903864]
[New LWP 2903865]
[New LWP 2903866]
[New LWP 2903867]
[New LWP 2903868]
[New LWP 2903869]
[New LWP 2903870]
[New LWP 2903871]
[New LWP 2903895]
[New LWP 2903896]
[New LWP 2903897]
[New LWP 2903898]
[New LWP 2903899]
[New LWP 2903900]
[New LWP 2903901]
[New LWP 2903902]
[New LWP 2903903]
[New LWP 2903904]
[New LWP 2903905]
[New LWP 2903906]
[New LWP 2903907]
[New LWP 2903908]
78	../sysdeps/unix/sysv/linux/clock_nanosleep.c: No such file or directory.
[Thread debugging using libthread_db enabled]
Using host libthread_db library "/lib/x86_64-linux-gnu/libthread_db.so.1".
0x000074333d5387f8 in __GI___clock_nanosleep (clock_id=clock_id@entry=0, flags=flags@entry=0, req=req@entry=0x7ffd4eaa4e10, rem=rem@entry=0x7ffd4eaa4e10) at ../sysdeps/unix/sysv/linux/clock_nanosleep.c:78
(gdb) (gdb) Continuing.
[Thread 0x74330cff8640 (LWP 2903907) exited]
[Thread 0x743307fff640 (LWP 2903908) exited]
[Thread 0x74330d7f9640 (LWP 2903906) exited]
[Thread 0x74330dffa640 (LWP 2903905) exited]
[Thread 0x743312ffd640 (LWP 2903904) exited]
[Thread 0x7433137fe640 (LWP 2903903) exited]
[Thread 0x743313fff640 (LWP 2903902) exited]
[Thread 0x743318c73640 (LWP 2903901) exited]
[Thread 0x743319474640 (LWP 2903900) exited]
[Thread 0x743319c75640 (LWP 2903899) exited]
[Thread 0x74331a7fc640 (LWP 2903898) exited]
[Thread 0x74331affd640 (LWP 2903897) exited]
[Thread 0x74331bfff640 (LWP 2903895) exited]
[Thread 0x743338fb1640 (LWP 2903871) exited]
[Thread 0x7433397b2640 (LWP 2903870) exited]
[Thread 0x743339fb3640 (LWP 2903869) exited]
[Thread 0x74333a7b4640 (LWP 2903868) exited]
[Thread 0x74333afb5640 (LWP 2903867) exited]
[Thread 0x74333b7b6640 (LWP 2903866) exited]
[Thread 0x74333bfb7640 (LWP 2903865) exited]
[Thread 0x74333c7b8640 (LWP 2903864) exited]
[Thread 0x74333c85ea00 (LWP 2903831) exited]
[Thread 0x74331b7fe640 (LWP 2903896) exited]
[New process 2903831]
[Inferior 1 (process 2903831) exited with code 01]
(gdb) (gdb) No stack.
