Attaching to process 2904920
[New LWP 2904953]
[New LWP 2904954]
[New LWP 2904955]
[New LWP 2904956]
[New LWP 2904957]
[New LWP 2904958]
[New LWP 2904959]
[New LWP 2904960]
[New LWP 2904984]
[New LWP 2904985]
[New LWP 2904986]
[New LWP 2904987]
[New LWP 2904988]
[New LWP 2904989]
[New LWP 2904990]
[New LWP 2904991]
[New LWP 2904992]
[New LWP 2904993]
[New LWP 2904994]
[New LWP 2904995]
[New LWP 2904996]
[New LWP 2904997]
[Thread debugging using libthread_db enabled]
Using host libthread_db library "/lib/x86_64-linux-gnu/libthread_db.so.1".
0x00007b1ef02877f8 in __GI___clock_nanosleep (clock_id=clock_id@entry=0, flags=flags@entry=0, req=req@entry=0x7ffef8d614b0, rem=rem@entry=0x7ffef8d614b0) at ../sysdeps/unix/sysv/linux/clock_nanosleep.c:78
78	../sysdeps/unix/sysv/linux/clock_nanosleep.c: No such file or directory.
(gdb) (gdb) Continuing.
[Thread 0x7b1ebb7fe640 (LWP 2904997) exited]
[Thread 0x7b1eb3fff640 (LWP 2904996) exited]
[Thread 0x7b1ebbfff640 (LWP 2904995) exited]
[Thread 0x7b1ec0d0e640 (LWP 2904994) exited]
[Thread 0x7b1ec9ffb640 (LWP 2904993) exited]
[Thread 0x7b1eca7fc640 (LWP 2904992) exited]
[Thread 0x7b1ecaffd640 (LWP 2904991) exited]
[Thread 0x7b1ecb7fe640 (LWP 2904990) exited]
[Thread 0x7b1ecbfff640 (LWP 2904989) exited]
[Thread 0x7b1ed4a91640 (LWP 2904988) exited]
[Thread 0x7b1ed5292640 (LWP 2904987) exited]
[Thread 0x7b1ed5a93640 (LWP 2904986) exited]
[Thread 0x7b1ed6294640 (LWP 2904985) exited]
[Thread 0x7b1ed6a95640 (LWP 2904984) exited]
[Thread 0x7b1ed77fe640 (LWP 2904960) exited]
[Thread 0x7b1ed7fff640 (LWP 2904959) exited]
[Thread 0x7b1eecd02640 (LWP 2904958) exited]
[Thread 0x7b1eed503640 (LWP 2904957) exited]
[Thread 0x7b1eedd04640 (LWP 2904956) exited]
[Thread 0x7b1eee505640 (LWP 2904955) exited]
[Thread 0x7b1eeed06640 (LWP 2904954) exited]
[Thread 0x7b1eef507640 (LWP 2904953) exited]
[Inferior 1 (process 2904920) exited with code 01]
(gdb) No stack.
(gdb) 