Attaching to process 1608216
[New LWP 1608220]
[New LWP 1608221]
[New LWP 1608222]
[New LWP 1608223]
[New LWP 1608224]
[New LWP 1608225]
[New LWP 1608226]
[New LWP 1608227]
[New LWP 1608229]
[New LWP 1608230]
[New LWP 1608231]
[New LWP 1608232]
[New LWP 1608233]
[New LWP 1608234]
[New LWP 1608235]
[New LWP 1608236]
[New LWP 1608237]
[New LWP 1608238]
[New LWP 1608239]
[New LWP 1608240]
[New LWP 1608241]
[New LWP 1608242]
78	../sysdeps/unix/sysv/linux/clock_nanosleep.c: No such file or directory.
[Thread debugging using libthread_db enabled]
Using host libthread_db library "/lib/x86_64-linux-gnu/libthread_db.so.1".
0x00007533df32e7f8 in __GI___clock_nanosleep (clock_id=clock_id@entry=0, flags=flags@entry=0, req=req@entry=0x7ffe61aeb280, rem=rem@entry=0x7ffe61aeb280) at ../sysdeps/unix/sysv/linux/clock_nanosleep.c:78
(gdb) (gdb) Continuing.
[Thread 0x7533afdac640 (LWP 1608239) exited]
[Thread 0x7533af5ab640 (LWP 1608240) exited]
[Thread 0x7533ae5a9640 (LWP 1608242) exited]
[Thread 0x7533b47f8640 (LWP 1608238) exited]
[Thread 0x7533b4ff9640 (LWP 1608237) exited]
[Thread 0x7533b57fa640 (LWP 1608236) exited]
[Thread 0x7533b5ffb640 (LWP 1608235) exited]
[Thread 0x7533b67fc640 (LWP 1608234) exited]
[Thread 0x7533b6ffd640 (LWP 1608233) exited]
[Thread 0x7533b77fe640 (LWP 1608232) exited]
[Thread 0x7533b7fff640 (LWP 1608231) exited]
[Thread 0x7533d4bfd640 (LWP 1608230) exited]
[Thread 0x7533d53fe640 (LWP 1608229) exited]
[Thread 0x7533d6ffd640 (LWP 1608227) exited]
[Thread 0x7533d77fe640 (LWP 1608226) exited]
[Thread 0x7533d7fff640 (LWP 1608225) exited]
[Thread 0x7533dcdab640 (LWP 1608224) exited]
[Thread 0x7533dd5ac640 (LWP 1608223) exited]
[Thread 0x7533dddad640 (LWP 1608222) exited]
[Thread 0x7533d5bff640 (LWP 1608221) exited]
[Thread 0x7533de5ae640 (LWP 1608220) exited]
[Thread 0x7533de654a00 (LWP 1608216) exited]
[Thread 0x7533aedaa640 (LWP 1608241) exited]
[New process 1608216]
[Inferior 1 (process 1608216) exited normally]
(gdb) No stack.
(gdb) 