Attaching to process 1457146
[New LWP 1457150]
[New LWP 1457151]
[New LWP 1457152]
[New LWP 1457153]
[New LWP 1457154]
[New LWP 1457155]
[New LWP 1457156]
[New LWP 1457157]
120	../sysdeps/unix/syscall-template.S: No such file or directory.
[Thread debugging using libthread_db enabled]
Using host libthread_db library "/lib/x86_64-linux-gnu/libthread_db.so.1".
0x000077c70d520cdb in eventfd () at ../sysdeps/unix/syscall-template.S:120
(gdb) (gdb) Continuing.
[New Thread 0x77c6ebfff640 (LWP 1457197)]
[New Thread 0x77c6eb7fe640 (LWP 1457198)]
[New Thread 0x77c6eaffd640 (LWP 1457199)]
[New Thread 0x77c6ea7fc640 (LWP 1457200)]
[New Thread 0x77c6e9c75640 (LWP 1457201)]
[New Thread 0x77c6e9474640 (LWP 1457202)]
[New Thread 0x77c6e8c73640 (LWP 1457203)]
[New Thread 0x77c6e3fff640 (LWP 1457204)]
[New Thread 0x77c6e37fe640 (LWP 1457205)]
[New Thread 0x77c6e2ffd640 (LWP 1457206)]
[New Thread 0x77c6ddfb4640 (LWP 1457207)]
[New Thread 0x77c6d55ff640 (LWP 1457208)]
[New Thread 0x77c6dd78b640 (LWP 1457209)]
[New Thread 0x77c6dcdc7640 (LWP 1457210)]
[Thread 0x77c6dcdc7640 (LWP 1457210) exited]
[Thread 0x77c6dd78b640 (LWP 1457209) exited]
[Thread 0x77c6d55ff640 (LWP 1457208) exited]
[Thread 0x77c6ddfb4640 (LWP 1457207) exited]
[Thread 0x77c6e2ffd640 (LWP 1457206) exited]
[Thread 0x77c6e37fe640 (LWP 1457205) exited]
[Thread 0x77c6e3fff640 (LWP 1457204) exited]
[Thread 0x77c6e8c73640 (LWP 1457203) exited]
[Thread 0x77c6e9474640 (LWP 1457202) exited]
[Thread 0x77c6e9c75640 (LWP 1457201) exited]
[Thread 0x77c6ea7fc640 (LWP 1457200) exited]
[Thread 0x77c6eaffd640 (LWP 1457199) exited]
[Thread 0x77c6ebfff640 (LWP 1457197) exited]
[Thread 0x77c708f59640 (LWP 1457157) exited]
[Thread 0x77c70975a640 (LWP 1457156) exited]
[Thread 0x77c709f5b640 (LWP 1457155) exited]
[Thread 0x77c70a75c640 (LWP 1457154) exited]
[Thread 0x77c70af5d640 (LWP 1457153) exited]
[Thread 0x77c70b75e640 (LWP 1457152) exited]
[Thread 0x77c70bf5f640 (LWP 1457151) exited]
[Thread 0x77c70c760640 (LWP 1457150) exited]
[Thread 0x77c70c806a00 (LWP 1457146) exited]
[Thread 0x77c6eb7fe640 (LWP 1457198) exited]
[New process 1457146]
[Inferior 1 (process 1457146) exited with code 01]
(gdb) (gdb) No stack.
