Attaching to process 1456519
[New LWP 1456523]
[New LWP 1456524]
[New LWP 1456525]
[New LWP 1456526]
[New LWP 1456527]
[New LWP 1456528]
[New LWP 1456529]
[New LWP 1456530]
[Thread debugging using libthread_db enabled]
Using host libthread_db library "/lib/x86_64-linux-gnu/libthread_db.so.1".
0x00007bc2f3bf07f8 in __GI___clock_nanosleep (clock_id=clock_id@entry=0, flags=flags@entry=0, req=req@entry=0x7ffc6c7f1710, rem=rem@entry=0x7ffc6c7f1710) at ../sysdeps/unix/sysv/linux/clock_nanosleep.c:78
78	../sysdeps/unix/sysv/linux/clock_nanosleep.c: No such file or directory.
(gdb) (gdb) Continuing.
[New Thread 0x7bc2e2294640 (LWP 1456570)]
[New Thread 0x7bc2e1a93640 (LWP 1456571)]
[New Thread 0x7bc2e1292640 (LWP 1456572)]
[New Thread 0x7bc2e0a91640 (LWP 1456573)]
[New Thread 0x7bc2cffff640 (LWP 1456574)]
[New Thread 0x7bc2cf7fe640 (LWP 1456575)]
[New Thread 0x7bc2ceffd640 (LWP 1456576)]
[New Thread 0x7bc2ce7fc640 (LWP 1456577)]
[New Thread 0x7bc2cdffb640 (LWP 1456578)]
[New Thread 0x7bc2cd7fa640 (LWP 1456579)]
[New Thread 0x7bc2c4679640 (LWP 1456580)]
[New Thread 0x7bc2c3e78640 (LWP 1456581)]
[New Thread 0x7bc2c3677640 (LWP 1456582)]
[New Thread 0x7bc2c2cb3640 (LWP 1456583)]
[Thread 0x7bc2c2cb3640 (LWP 1456583) exited]
[Thread 0x7bc2c3677640 (LWP 1456582) exited]
[Thread 0x7bc2c3e78640 (LWP 1456581) exited]
[Thread 0x7bc2c4679640 (LWP 1456580) exited]
[Thread 0x7bc2cd7fa640 (LWP 1456579) exited]
[Thread 0x7bc2cdffb640 (LWP 1456578) exited]
[Thread 0x7bc2ce7fc640 (LWP 1456577) exited]
[Thread 0x7bc2ceffd640 (LWP 1456576) exited]
[Thread 0x7bc2cf7fe640 (LWP 1456575) exited]
[Thread 0x7bc2cffff640 (LWP 1456574) exited]
[Thread 0x7bc2e1292640 (LWP 1456572) exited]
[Thread 0x7bc2e1a93640 (LWP 1456571) exited]
[Thread 0x7bc2e2294640 (LWP 1456570) exited]
[Thread 0x7bc2e2ffd640 (LWP 1456530) exited]
[Thread 0x7bc2e37fe640 (LWP 1456529) exited]
[Thread 0x7bc2e3fff640 (LWP 1456528) exited]
[Thread 0x7bc2f0e6c640 (LWP 1456527) exited]
[Thread 0x7bc2f166d640 (LWP 1456526) exited]
[Thread 0x7bc2f1e6e640 (LWP 1456525) exited]
[Thread 0x7bc2f266f640 (LWP 1456524) exited]
[Thread 0x7bc2f2e70640 (LWP 1456523) exited]
[Thread 0x7bc2f2f16a00 (LWP 1456519) exited]
[Thread 0x7bc2e0a91640 (LWP 1456573) exited]
[New process 1456519]
[Inferior 1 (process 1456519) exited with code 01]
(gdb) No stack.
(gdb) 