Attaching to process 1457013
[New LWP 1457038]
[New LWP 1457039]
[New LWP 1457041]
[New LWP 1457042]
[New LWP 1457045]
[New LWP 1457047]
[New LWP 1457048]
[New LWP 1457049]
[New LWP 1457077]
[New LWP 1457078]
[New LWP 1457079]
[New LWP 1457080]
[New LWP 1457081]
[New LWP 1457082]
[New LWP 1457083]
[New LWP 1457084]
[New LWP 1457085]
[New LWP 1457086]
[New LWP 1457087]
[New LWP 1457088]
[New LWP 1457089]
[New LWP 1457090]
[Thread debugging using libthread_db enabled]
Using host libthread_db library "/lib/x86_64-linux-gnu/libthread_db.so.1".
0x000072846c8697f8 in __GI___clock_nanosleep (clock_id=clock_id@entry=0, flags=flags@entry=0, req=req@entry=0x7ffeb82d7d50, rem=rem@entry=0x7ffeb82d7d50) at ../sysdeps/unix/sysv/linux/clock_nanosleep.c:78
78	../sysdeps/unix/sysv/linux/clock_nanosleep.c: No such file or directory.
(gdb) (gdb) Continuing.
[Thread 0x728433fff640 (LWP 1457089) exited]
[Thread 0x7284337fe640 (LWP 1457090) exited]
[Thread 0x728448b14640 (LWP 1457088) exited]
[Thread 0x728449315640 (LWP 1457087) exited]
[Thread 0x728459ffb640 (LWP 1457086) exited]
[Thread 0x72845a7fc640 (LWP 1457085) exited]
[Thread 0x72845affd640 (LWP 1457084) exited]
[Thread 0x72845b7fe640 (LWP 1457083) exited]
[Thread 0x72845bfff640 (LWP 1457082) exited]
[Thread 0x728460f0c640 (LWP 1457081) exited]
[Thread 0x728461a93640 (LWP 1457080) exited]
[Thread 0x728462294640 (LWP 1457079) exited]
[Thread 0x728462a95640 (LWP 1457078) exited]
[Thread 0x728463296640 (LWP 1457077) exited]
[Thread 0x7284692e4640 (LWP 1457048) exited]
[Thread 0x728469ae5640 (LWP 1457047) exited]
[Thread 0x72846a2e6640 (LWP 1457045) exited]
[Thread 0x72846aae7640 (LWP 1457042) exited]
[Thread 0x728463fff640 (LWP 1457041) exited]
[Thread 0x72846b2e8640 (LWP 1457039) exited]
[Thread 0x72846bae9640 (LWP 1457038) exited]
[Thread 0x72846bb8fa00 (LWP 1457013) exited]
[Thread 0x728468ae3640 (LWP 1457049) exited]
[New process 1457013]
[Inferior 1 (process 1457013) exited with code 01]
No stack.
(gdb) (gdb) 