Attaching to process 1456386
[New LWP 1456412]
[New LWP 1456415]
[New LWP 1456416]
[New LWP 1456417]
[New LWP 1456418]
[New LWP 1456419]
[New LWP 1456421]
[New LWP 1456425]
[New LWP 1456450]
[New LWP 1456451]
[New LWP 1456452]
[New LWP 1456453]
[New LWP 1456454]
[New LWP 1456455]
[New LWP 1456456]
[New LWP 1456457]
[New LWP 1456458]
[New LWP 1456459]
[New LWP 1456460]
[New LWP 1456461]
[New LWP 1456462]
[New LWP 1456463]
[Thread debugging using libthread_db enabled]
Using host libthread_db library "/lib/x86_64-linux-gnu/libthread_db.so.1".
0x00007ba213d447f8 in __GI___clock_nanosleep (clock_id=clock_id@entry=0, flags=flags@entry=0, req=req@entry=0x7fffdf0a2e90, rem=rem@entry=0x7fffdf0a2e90) at ../sysdeps/unix/sysv/linux/clock_nanosleep.c:78
78	../sysdeps/unix/sysv/linux/clock_nanosleep.c: No such file or directory.
(gdb) (gdb) Continuing.
[Thread 0x7ba1e37cd640 (LWP 1456463) exited]
[Thread 0x7ba1e3ff6640 (LWP 1456462) exited]
[Thread 0x7ba1dbdff640 (LWP 1456461) exited]
[Thread 0x7ba1e47f7640 (LWP 1456460) exited]
[Thread 0x7ba1e97fa640 (LWP 1456459) exited]
[Thread 0x7ba1e9ffb640 (LWP 1456458) exited]
[Thread 0x7ba1ea7fc640 (LWP 1456457) exited]
[Thread 0x7ba1eaffd640 (LWP 1456456) exited]
[Thread 0x7ba1eb7fe640 (LWP 1456455) exited]
[Thread 0x7ba1ebfff640 (LWP 1456454) exited]
[Thread 0x7ba1f8ff9640 (LWP 1456453) exited]
[Thread 0x7ba1f97fa640 (LWP 1456452) exited]
[Thread 0x7ba1f9ffb640 (LWP 1456451) exited]
[Thread 0x7ba1faffd640 (LWP 1456425) exited]
[Thread 0x7ba1fb7fe640 (LWP 1456421) exited]
[Thread 0x7ba1fbfff640 (LWP 1456419) exited]
[Thread 0x7ba210fc0640 (LWP 1456418) exited]
[Thread 0x7ba2117c1640 (LWP 1456417) exited]
[Thread 0x7ba211fc2640 (LWP 1456416) exited]
[Thread 0x7ba2127c3640 (LWP 1456415) exited]
[Thread 0x7ba212fc4640 (LWP 1456412) exited]
[Thread 0x7ba21306aa00 (LWP 1456386) exited]
[Thread 0x7ba1fa7fc640 (LWP 1456450) exited]
[New process 1456386]
[Inferior 1 (process 1456386) exited with code 01]
(gdb) (gdb) No stack.
