Attaching to process 1457770
[New LWP 1457774]
[New LWP 1457775]
[New LWP 1457776]
[New LWP 1457777]
[New LWP 1457778]
[New LWP 1457779]
[New LWP 1457780]
[New LWP 1457781]
[Thread debugging using libthread_db enabled]
Using host libthread_db library "/lib/x86_64-linux-gnu/libthread_db.so.1".
0x00007626949b57f8 in __GI___clock_nanosleep (clock_id=clock_id@entry=0, flags=flags@entry=0, req=req@entry=0x7fffef9853d0, rem=rem@entry=0x7fffef9853d0) at ../sysdeps/unix/sysv/linux/clock_nanosleep.c:78
78	../sysdeps/unix/sysv/linux/clock_nanosleep.c: No such file or directory.
(gdb) (gdb) Continuing.
[New Thread 0x76268b296640 (LWP 1457821)]
[New Thread 0x76268aa95640 (LWP 1457822)]
[New Thread 0x76268a294640 (LWP 1457823)]
[New Thread 0x762689a93640 (LWP 1457824)]
[New Thread 0x762688f0c640 (LWP 1457825)]
[New Thread 0x76266bfff640 (LWP 1457826)]
[New Thread 0x76266b7fe640 (LWP 1457827)]
[New Thread 0x76266affd640 (LWP 1457828)]
[New Thread 0x76266a7fc640 (LWP 1457829)]
[New Thread 0x762669ffb640 (LWP 1457830)]
[New Thread 0x762665451640 (LWP 1457831)]
[New Thread 0x76265ffff640 (LWP 1457832)]
[New Thread 0x762664c50640 (LWP 1457833)]
[New Thread 0x76265f7fe640 (LWP 1457834)]
[Thread 0x76265f7fe640 (LWP 1457834) exited]
[Thread 0x762664c50640 (LWP 1457833) exited]
[Thread 0x76265ffff640 (LWP 1457832) exited]
[Thread 0x762665451640 (LWP 1457831) exited]
[Thread 0x762669ffb640 (LWP 1457830) exited]
[Thread 0x76266a7fc640 (LWP 1457829) exited]
[Thread 0x76266affd640 (LWP 1457828) exited]
[Thread 0x76266b7fe640 (LWP 1457827) exited]
[Thread 0x76266bfff640 (LWP 1457826) exited]
[Thread 0x762688f0c640 (LWP 1457825) exited]
[Thread 0x762689a93640 (LWP 1457824) exited]
[Thread 0x76268a294640 (LWP 1457823) exited]
[Thread 0x76268aa95640 (LWP 1457822) exited]
[Thread 0x76268b296640 (LWP 1457821) exited]
[Thread 0x762690c2f640 (LWP 1457781) exited]
[Thread 0x762691430640 (LWP 1457780) exited]
[Thread 0x762691c31640 (LWP 1457779) exited]
[Thread 0x762692432640 (LWP 1457778) exited]
[Thread 0x762692c33640 (LWP 1457777) exited]
[Thread 0x762693434640 (LWP 1457776) exited]
[Thread 0x76268bfff640 (LWP 1457775) exited]
[Thread 0x762693c35640 (LWP 1457774) exited]
[Inferior 1 (process 1457770) exited with code 01]
(gdb) No stack.
(gdb) 