Attaching to process 1457638
[New LWP 1457671]
[New LWP 1457672]
[New LWP 1457673]
[New LWP 1457674]
[New LWP 1457675]
[New LWP 1457676]
[New LWP 1457677]
[New LWP 1457678]
[New LWP 1457702]
[New LWP 1457703]
[New LWP 1457704]
[New LWP 1457705]
[New LWP 1457706]
[New LWP 1457707]
[New LWP 1457708]
[New LWP 1457709]
[New LWP 1457710]
[New LWP 1457711]
[New LWP 1457712]
[New LWP 1457713]
[New LWP 1457714]
[New LWP 1457715]
[Thread debugging using libthread_db enabled]
Using host libthread_db library "/lib/x86_64-linux-gnu/libthread_db.so.1".
0x00007ebccd7da7f8 in __GI___clock_nanosleep (clock_id=clock_id@entry=0, flags=flags@entry=0, req=req@entry=0x7ffc3ff5cf40, rem=rem@entry=0x7ffc3ff5cf40) at ../sysdeps/unix/sysv/linux/clock_nanosleep.c:78
78	../sysdeps/unix/sysv/linux/clock_nanosleep.c: No such file or directory.
(gdb) (gdb) Continuing.
[Thread 0x7ebc9c8c0640 (LWP 1457715) exited]
[Thread 0x7ebc9d284640 (LWP 1457714) exited]
[Thread 0x7ebc9daad640 (LWP 1457713) exited]
[Thread 0x7ebc9e2ae640 (LWP 1457712) exited]
[Thread 0x7ebca2ffd640 (LWP 1457711) exited]
[Thread 0x7ebca37fe640 (LWP 1457710) exited]
[Thread 0x7ebca3fff640 (LWP 1457709) exited]
[Thread 0x7ebcc0ff9640 (LWP 1457708) exited]
[Thread 0x7ebcc17fa640 (LWP 1457707) exited]
[Thread 0x7ebcc1ffb640 (LWP 1457706) exited]
[Thread 0x7ebcc27fc640 (LWP 1457705) exited]
[Thread 0x7ebcc2ffd640 (LWP 1457704) exited]
[Thread 0x7ebcc37fe640 (LWP 1457703) exited]
[Thread 0x7ebcc3fff640 (LWP 1457702) exited]
[Thread 0x7ebcc9253640 (LWP 1457678) exited]
[Thread 0x7ebcc9a54640 (LWP 1457677) exited]
[Thread 0x7ebccaa56640 (LWP 1457675) exited]
[Thread 0x7ebccb257640 (LWP 1457674) exited]
[Thread 0x7ebccba58640 (LWP 1457673) exited]
[Thread 0x7ebccc259640 (LWP 1457672) exited]
[Thread 0x7ebccca5a640 (LWP 1457671) exited]
[Thread 0x7ebcccb00a00 (LWP 1457638) exited]
[Thread 0x7ebcca255640 (LWP 1457676) exited]
[New process 1457638]
[Inferior 1 (process 1457638) exited with code 01]
(gdb) No stack.
(gdb) 