Attaching to process 3748696
[New LWP 3748700]
[New LWP 3748701]
[New LWP 3748702]
[New LWP 3748703]
[New LWP 3748704]
[New LWP 3748705]
[New LWP 3748706]
[New LWP 3748707]
[New LWP 3748709]
[New LWP 3748710]
[New LWP 3748711]
[New LWP 3748712]
[New LWP 3748713]
[New LWP 3748714]
[New LWP 3748715]
[New LWP 3748716]
[New LWP 3748717]
[New LWP 3748718]
[New LWP 3748719]
[New LWP 3748720]
[New LWP 3748721]
[New LWP 3748722]
78	../sysdeps/unix/sysv/linux/clock_nanosleep.c: No such file or directory.
[Thread debugging using libthread_db enabled]
Using host libthread_db library "/lib/x86_64-linux-gnu/libthread_db.so.1".
0x0000767e95efe7f8 in __GI___clock_nanosleep (clock_id=clock_id@entry=0, flags=flags@entry=0, req=req@entry=0x7ffc2dde96f0, rem=rem@entry=0x7ffc2dde96f0) at ../sysdeps/unix/sysv/linux/clock_nanosleep.c:78
(gdb) (gdb) Continuing.
[Thread 0x767e6695a640 (LWP 3748719) exited]
[Thread 0x767e66159640 (LWP 3748720) exited]
[Thread 0x767e65958640 (LWP 3748721) exited]
[Thread 0x767e6b7fe640 (LWP 3748718) exited]
[Thread 0x767e6bfff640 (LWP 3748717) exited]
[Thread 0x767e70c73640 (LWP 3748716) exited]
[Thread 0x767e71474640 (LWP 3748715) exited]
[Thread 0x767e71c75640 (LWP 3748714) exited]
[Thread 0x767e72476640 (LWP 3748713) exited]
[Thread 0x767e72ffd640 (LWP 3748712) exited]
[Thread 0x767e737fe640 (LWP 3748711) exited]
[Thread 0x767e73fff640 (LWP 3748710) exited]
[Thread 0x767e8ca91640 (LWP 3748709) exited]
[Thread 0x767e8d7fa640 (LWP 3748707) exited]
[Thread 0x767e8dffb640 (LWP 3748706) exited]
[Thread 0x767e8e7fc640 (LWP 3748705) exited]
[Thread 0x767e8effd640 (LWP 3748704) exited]
[Thread 0x767e8f7fe640 (LWP 3748703) exited]
[Thread 0x767e8ffff640 (LWP 3748702) exited]
[Thread 0x767e9497d640 (LWP 3748701) exited]
[Thread 0x767e9517e640 (LWP 3748700) exited]
[Thread 0x767e95224a00 (LWP 3748696) exited]
[Thread 0x767e64f94640 (LWP 3748722) exited]
[New process 3748696]
[Inferior 1 (process 3748696) exited normally]
(gdb) No stack.
(gdb) 