Attaching to process 3748576
[New LWP 3748609]
[New LWP 3748610]
[New LWP 3748611]
[New LWP 3748612]
[New LWP 3748613]
[New LWP 3748614]
[New LWP 3748615]
[New LWP 3748616]
[New LWP 3748640]
[New LWP 3748641]
[New LWP 3748642]
[New LWP 3748643]
[New LWP 3748644]
[New LWP 3748645]
[New LWP 3748646]
[New LWP 3748647]
[New LWP 3748648]
[New LWP 3748649]
[New LWP 3748650]
[New LWP 3748651]
[New LWP 3748652]
[New LWP 3748653]
[Thread debugging using libthread_db enabled]
Using host libthread_db library "/lib/x86_64-linux-gnu/libthread_db.so.1".
0x00007e18ba7767f8 in __GI___clock_nanosleep (clock_id=clock_id@entry=0, flags=flags@entry=0, req=req@entry=0x7fff1f408710, rem=rem@entry=0x7fff1f408710) at ../sysdeps/unix/sysv/linux/clock_nanosleep.c:78
78	../sysdeps/unix/sysv/linux/clock_nanosleep.c: No such file or directory.
(gdb) (gdb) Continuing.
[Thread 0x7e188b1c7640 (LWP 3748650) exited]
[Thread 0x7e188a9c6640 (LWP 3748651) exited]
[Thread 0x7e188a1c5640 (LWP 3748652) exited]
[Thread 0x7e189ffff640 (LWP 3748649) exited]
[Thread 0x7e18acc72640 (LWP 3748648) exited]
[Thread 0x7e18ad473640 (LWP 3748647) exited]
[Thread 0x7e18adc74640 (LWP 3748646) exited]
[Thread 0x7e18ae475640 (LWP 3748645) exited]
[Thread 0x7e18aec76640 (LWP 3748644) exited]
[Thread 0x7e18af7fd640 (LWP 3748643) exited]
[Thread 0x7e18afffe640 (LWP 3748642) exited]
[Thread 0x7e18b1292640 (LWP 3748641) exited]
[Thread 0x7e18b1a93640 (LWP 3748640) exited]
[Thread 0x7e18b27fc640 (LWP 3748616) exited]
[Thread 0x7e18b2ffd640 (LWP 3748615) exited]
[Thread 0x7e18b37fe640 (LWP 3748614) exited]
[Thread 0x7e18b3fff640 (LWP 3748613) exited]
[Thread 0x7e18b89f4640 (LWP 3748612) exited]
[Thread 0x7e18b07ff640 (LWP 3748611) exited]
[Thread 0x7e18b91f5640 (LWP 3748610) exited]
[Thread 0x7e18b99f6640 (LWP 3748609) exited]
[Thread 0x7e18b9a9ca00 (LWP 3748576) exited]
No stack.
[Thread 0x7e18899c4640 (LWP 3748653) exited]
[New process 3748576]
[Inferior 1 (process 3748576) exited normally]
(gdb) (gdb) 