Attaching to process 52719
[New LWP 52723]
[New LWP 52724]
[New LWP 52725]
[New LWP 52726]
[New LWP 52727]
[New LWP 52728]
[New LWP 52729]
[New LWP 52730]
[New LWP 52731]
[New LWP 52732]
[New LWP 52733]
[New LWP 52734]
[New LWP 52735]
[New LWP 52736]
[New LWP 52737]
[New LWP 52738]
[New LWP 52739]
[New LWP 52740]
[New LWP 52741]
[New LWP 52742]
[New LWP 52743]
[New LWP 52744]
78	../sysdeps/unix/sysv/linux/clock_nanosleep.c: No such file or directory.
[Thread debugging using libthread_db enabled]
Using host libthread_db library "/lib/x86_64-linux-gnu/libthread_db.so.1".
0x00007902fedb57f8 in __GI___clock_nanosleep (clock_id=clock_id@entry=0, flags=flags@entry=0, req=req@entry=0x7fffe8c2f980, rem=rem@entry=0x7fffe8c2f980) at ../sysdeps/unix/sysv/linux/clock_nanosleep.c:78
(gdb) (gdb) Continuing.
[Thread 0x7902cf83b640 (LWP 52741) exited]
[Thread 0x7902cf03a640 (LWP 52742) exited]
[Thread 0x7902ce038640 (LWP 52744) exited]
[Thread 0x7902ce839640 (LWP 52743) exited]
[Thread 0x7902d47f8640 (LWP 52740) exited]
[Thread 0x7902d4ff9640 (LWP 52739) exited]
[Thread 0x7902d57fa640 (LWP 52738) exited]
[Thread 0x7902d5ffb640 (LWP 52737) exited]
[Thread 0x7902d67fc640 (LWP 52736) exited]
[Thread 0x7902d6ffd640 (LWP 52735) exited]
[Thread 0x7902d77fe640 (LWP 52734) exited]
[Thread 0x7902d7fff640 (LWP 52733) exited]
[Thread 0x7902f5934640 (LWP 52732) exited]
[Thread 0x7902f6135640 (LWP 52731) exited]
[Thread 0x7902f77fe640 (LWP 52729) exited]
[Thread 0x7902f7fff640 (LWP 52728) exited]
[Thread 0x7902fc832640 (LWP 52727) exited]
[Thread 0x7902fd033640 (LWP 52726) exited]
[Thread 0x7902f4fff640 (LWP 52725) exited]
[Thread 0x7902fd834640 (LWP 52724) exited]
[Thread 0x7902fe035640 (LWP 52723) exited]
[Thread 0x7902fe0dba00 (LWP 52719) exited]
[Thread 0x7902f6ffd640 (LWP 52730) exited]
[New process 52719]
[Inferior 1 (process 52719) exited normally]
(gdb) No stack.
(gdb) 