Attaching to process 859062
[New LWP 859095]
[New LWP 859096]
[New LWP 859097]
[New LWP 859098]
[New LWP 859099]
[New LWP 859100]
[New LWP 859101]
[New LWP 859102]
[New LWP 859126]
[New LWP 859127]
[New LWP 859128]
[New LWP 859129]
[New LWP 859130]
[New LWP 859131]
[New LWP 859132]
[New LWP 859133]
[New LWP 859134]
[New LWP 859135]
[New LWP 859136]
[New LWP 859137]
[New LWP 859138]
[New LWP 859139]
[Thread debugging using libthread_db enabled]
Using host libthread_db library "/lib/x86_64-linux-gnu/libthread_db.so.1".
0x0000779def5247f8 in __GI___clock_nanosleep (clock_id=clock_id@entry=0, flags=flags@entry=0, req=req@entry=0x7fff04a576a0, rem=rem@entry=0x7fff04a576a0) at ../sysdeps/unix/sysv/linux/clock_nanosleep.c:78
78	../sysdeps/unix/sysv/linux/clock_nanosleep.c: No such file or directory.
(gdb) (gdb) Continuing.
[Thread 0x779dbfff6640 (LWP 859136) exited]
[Thread 0x779dbf7f5640 (LWP 859137) exited]
[Thread 0x779dbe608640 (LWP 859139) exited]
[Thread 0x779dbefcc640 (LWP 859138) exited]
[Thread 0x779dc4ff9640 (LWP 859135) exited]
[Thread 0x779dc57fa640 (LWP 859134) exited]
[Thread 0x779dc5ffb640 (LWP 859133) exited]
[Thread 0x779dc67fc640 (LWP 859132) exited]
[Thread 0x779dc6ffd640 (LWP 859131) exited]
[Thread 0x779dc77fe640 (LWP 859130) exited]
[Thread 0x779dc7fff640 (LWP 859129) exited]
[Thread 0x779ddcff9640 (LWP 859128) exited]
[Thread 0x779ddd7fa640 (LWP 859127) exited]
[Thread 0x779dddffb640 (LWP 859126) exited]
[Thread 0x779dde7fc640 (LWP 859102) exited]
[Thread 0x779ddeffd640 (LWP 859101) exited]
[Thread 0x779ddf7fe640 (LWP 859100) exited]
[Thread 0x779ddffff640 (LWP 859099) exited]
[Thread 0x779decfa1640 (LWP 859098) exited]
[Thread 0x779ded7a2640 (LWP 859097) exited]
[Thread 0x779dedfa3640 (LWP 859096) exited]
[Thread 0x779dee7a4640 (LWP 859095) exited]
No stack.
[Inferior 1 (process 859062) exited normally]
(gdb) (gdb) 