Attaching to process 1386307
[New LWP 1386340]
[New LWP 1386341]
[New LWP 1386342]
[New LWP 1386343]
[New LWP 1386344]
[New LWP 1386345]
[New LWP 1386346]
[New LWP 1386347]
[New LWP 1386371]
[New LWP 1386372]
[New LWP 1386373]
[New LWP 1386374]
[New LWP 1386375]
[New LWP 1386376]
[New LWP 1386377]
[New LWP 1386378]
[New LWP 1386379]
[New LWP 1386380]
[New LWP 1386381]
[New LWP 1386382]
[New LWP 1386383]
[New LWP 1386384]
[Thread debugging using libthread_db enabled]
Using host libthread_db library "/lib/x86_64-linux-gnu/libthread_db.so.1".
0x00007c87407447f8 in __GI___clock_nanosleep (clock_id=clock_id@entry=0, flags=flags@entry=0, req=req@entry=0x7ffe898ad670, rem=rem@entry=0x7ffe898ad670) at ../sysdeps/unix/sysv/linux/clock_nanosleep.c:78
78	../sysdeps/unix/sysv/linux/clock_nanosleep.c: No such file or directory.
(gdb) (gdb) Continuing.
[Thread 0x7c870f9b3640 (LWP 1386384) exited]
[Thread 0x7c87101b4640 (LWP 1386383) exited]
[Thread 0x7c87109b5640 (LWP 1386382) exited]
[Thread 0x7c87111b6640 (LWP 1386381) exited]
[Thread 0x7c8719ffb640 (LWP 1386380) exited]
[Thread 0x7c871a7fc640 (LWP 1386379) exited]
[Thread 0x7c871affd640 (LWP 1386378) exited]
[Thread 0x7c871b7fe640 (LWP 1386377) exited]
[Thread 0x7c871bfff640 (LWP 1386376) exited]
[Thread 0x7c8734c77640 (LWP 1386375) exited]
[Thread 0x7c8736a95640 (LWP 1386373) exited]
[Thread 0x7c8737296640 (LWP 1386372) exited]
[Thread 0x7c8737a97640 (LWP 1386371) exited]
[Thread 0x7c873c9be640 (LWP 1386347) exited]
[Thread 0x7c873d1bf640 (LWP 1386346) exited]
[Thread 0x7c873d9c0640 (LWP 1386345) exited]
[Thread 0x7c873e1c1640 (LWP 1386344) exited]
[Thread 0x7c8735fff640 (LWP 1386343) exited]
[Thread 0x7c873e9c2640 (LWP 1386342) exited]
[Thread 0x7c873f1c3640 (LWP 1386341) exited]
[Thread 0x7c873f9c4640 (LWP 1386340) exited]
[Thread 0x7c873fa6aa00 (LWP 1386307) exited]
[Thread 0x7c87357fe640 (LWP 1386374) exited]
[New process 1386307]
[Inferior 1 (process 1386307) exited with code 01]
(gdb) No stack.
(gdb) 