Attaching to process 1385682
[New LWP 1385715]
[New LWP 1385716]
[New LWP 1385717]
[New LWP 1385718]
[New LWP 1385719]
[New LWP 1385720]
[New LWP 1385721]
[New LWP 1385722]
[New LWP 1385746]
[New LWP 1385747]
[New LWP 1385748]
[New LWP 1385749]
[New LWP 1385750]
[New LWP 1385751]
[New LWP 1385752]
[New LWP 1385753]
[New LWP 1385754]
[New LWP 1385755]
[New LWP 1385756]
[New LWP 1385757]
[New LWP 1385758]
[New LWP 1385759]
[Thread debugging using libthread_db enabled]
Using host libthread_db library "/lib/x86_64-linux-gnu/libthread_db.so.1".
0x000073b9c93257f8 in __GI___clock_nanosleep (clock_id=clock_id@entry=0, flags=flags@entry=0, req=req@entry=0x7fffba2efcf0, rem=rem@entry=0x7fffba2efcf0) at ../sysdeps/unix/sysv/linux/clock_nanosleep.c:78
78	../sysdeps/unix/sysv/linux/clock_nanosleep.c: No such file or directory.
(gdb) (gdb) Continuing.
[Thread 0x73b993fff640 (LWP 1385759) exited]
[Thread 0x73b998da9640 (LWP 1385758) exited]
[Thread 0x73b9995aa640 (LWP 1385757) exited]
[Thread 0x73b999dab640 (LWP 1385756) exited]
[Thread 0x73b99effd640 (LWP 1385755) exited]
[Thread 0x73b99f7fe640 (LWP 1385754) exited]
[Thread 0x73b99ffff640 (LWP 1385753) exited]
[Thread 0x73b9a4a91640 (LWP 1385752) exited]
[Thread 0x73b9a5292640 (LWP 1385751) exited]
[Thread 0x73b9a5a93640 (LWP 1385750) exited]
[Thread 0x73b9a6294640 (LWP 1385749) exited]
[Thread 0x73b9a6a95640 (LWP 1385748) exited]
[Thread 0x73b9a7296640 (LWP 1385747) exited]
[Thread 0x73b9a7a97640 (LWP 1385746) exited]
[Thread 0x73b9c4d9e640 (LWP 1385722) exited]
[Thread 0x73b9c559f640 (LWP 1385721) exited]
[Thread 0x73b9c5da0640 (LWP 1385720) exited]
[Thread 0x73b9c65a1640 (LWP 1385719) exited]
[Thread 0x73b9c6da2640 (LWP 1385718) exited]
[Thread 0x73b9c75a3640 (LWP 1385717) exited]
[Thread 0x73b9c7da4640 (LWP 1385716) exited]
[Thread 0x73b9c85a5640 (LWP 1385715) exited]
[Inferior 1 (process 1385682) exited with code 01]
No stack.
(gdb) (gdb) 