Attaching to process 1385055
[New LWP 1385088]
[New LWP 1385089]
[New LWP 1385090]
[New LWP 1385091]
[New LWP 1385092]
[New LWP 1385093]
[New LWP 1385094]
[New LWP 1385095]
[New LWP 1385119]
[New LWP 1385120]
[New LWP 1385121]
[New LWP 1385122]
[New LWP 1385123]
[New LWP 1385124]
[New LWP 1385125]
[New LWP 1385126]
[New LWP 1385127]
[New LWP 1385128]
[New LWP 1385129]
[New LWP 1385130]
[New LWP 1385131]
[New LWP 1385132]
[Thread debugging using libthread_db enabled]
Using host libthread_db library "/lib/x86_64-linux-gnu/libthread_db.so.1".
0x00007ebd7cbcd7f8 in __GI___clock_nanosleep (clock_id=clock_id@entry=0, flags=flags@entry=0, req=req@entry=0x7ffd4723bcf0, rem=rem@entry=0x7ffd4723bcf0) at ../sysdeps/unix/sysv/linux/clock_nanosleep.c:78
78	../sysdeps/unix/sysv/linux/clock_nanosleep.c: No such file or directory.
(gdb) (gdb) Continuing.
[Thread 0x7ebd47fff640 (LWP 1385132) exited]
[Thread 0x7ebd3ffff640 (LWP 1385131) exited]
[Thread 0x7ebd4ce7b640 (LWP 1385130) exited]
[Thread 0x7ebd4d67c640 (LWP 1385129) exited]
[Thread 0x7ebd527fc640 (LWP 1385128) exited]
[Thread 0x7ebd52ffd640 (LWP 1385127) exited]
[Thread 0x7ebd537fe640 (LWP 1385126) exited]
[Thread 0x7ebd53fff640 (LWP 1385125) exited]
[Thread 0x7ebd58a91640 (LWP 1385124) exited]
[Thread 0x7ebd59292640 (LWP 1385123) exited]
[Thread 0x7ebd59a93640 (LWP 1385122) exited]
[Thread 0x7ebd5a294640 (LWP 1385121) exited]
[Thread 0x7ebd5b296640 (LWP 1385119) exited]
[Thread 0x7ebd5bfff640 (LWP 1385095) exited]
[Thread 0x7ebd78e47640 (LWP 1385094) exited]
[Thread 0x7ebd79648640 (LWP 1385093) exited]
[Thread 0x7ebd79e49640 (LWP 1385092) exited]
[Thread 0x7ebd7a64a640 (LWP 1385091) exited]
[Thread 0x7ebd7ae4b640 (LWP 1385090) exited]
[Thread 0x7ebd7b64c640 (LWP 1385089) exited]
[Thread 0x7ebd7be4d640 (LWP 1385088) exited]
[Thread 0x7ebd7bef3a00 (LWP 1385055) exited]
[Thread 0x7ebd5aa95640 (LWP 1385120) exited]
[New process 1385055]
[Inferior 1 (process 1385055) exited with code 01]
(gdb) No stack.
(gdb) 