Attaching to process 1385188
[New LWP 1385192]
[New LWP 1385193]
[New LWP 1385194]
[New LWP 1385195]
[New LWP 1385196]
[New LWP 1385197]
[New LWP 1385198]
[New LWP 1385199]
120	../sysdeps/unix/syscall-template.S: No such file or directory.
[Thread debugging using libthread_db enabled]
Using host libthread_db library "/lib/x86_64-linux-gnu/libthread_db.so.1".
0x000079434b8b4cdb in eventfd () at ../sysdeps/unix/syscall-template.S:120
(gdb) (gdb) Continuing.
[New Thread 0x794332a95640 (LWP 1385239)]
[New Thread 0x794332294640 (LWP 1385240)]
[New Thread 0x794331a93640 (LWP 1385241)]
[New Thread 0x794331292640 (LWP 1385242)]
[New Thread 0x79433070b640 (LWP 1385243)]
[New Thread 0x79432effd640 (LWP 1385244)]
[New Thread 0x79432e7fc640 (LWP 1385245)]
[New Thread 0x79432dffb640 (LWP 1385246)]
[New Thread 0x79432d7fa640 (LWP 1385247)]
[New Thread 0x79432cff9640 (LWP 1385248)]
[New Thread 0x79431c32f640 (LWP 1385249)]
[New Thread 0x79431bb2e640 (LWP 1385250)]
[New Thread 0x79431b32d640 (LWP 1385251)]
[New Thread 0x79431ab2c640 (LWP 1385252)]
[Thread 0x79431ab2c640 (LWP 1385252) exited]
[Thread 0x79431b32d640 (LWP 1385251) exited]
[Thread 0x79431c32f640 (LWP 1385249) exited]
[Thread 0x79432cff9640 (LWP 1385248) exited]
[Thread 0x79432d7fa640 (LWP 1385247) exited]
[Thread 0x79432dffb640 (LWP 1385246) exited]
[Thread 0x79432e7fc640 (LWP 1385245) exited]
[Thread 0x79432effd640 (LWP 1385244) exited]
[Thread 0x79433070b640 (LWP 1385243) exited]
[Thread 0x794331292640 (LWP 1385242) exited]
[Thread 0x794331a93640 (LWP 1385241) exited]
[Thread 0x794332294640 (LWP 1385240) exited]
[Thread 0x794332a95640 (LWP 1385239) exited]
[Thread 0x7943337fe640 (LWP 1385199) exited]
[Thread 0x79432f7fe640 (LWP 1385198) exited]
[Thread 0x794333fff640 (LWP 1385197) exited]
[Thread 0x794348af0640 (LWP 1385196) exited]
[Thread 0x7943492f1640 (LWP 1385195) exited]
[Thread 0x794349af2640 (LWP 1385194) exited]
[Thread 0x79434a2f3640 (LWP 1385193) exited]
[Thread 0x79434aaf4640 (LWP 1385192) exited]
[Thread 0x79434ab9aa00 (LWP 1385188) exited]
[Thread 0x79431bb2e640 (LWP 1385250) exited]
[New process 1385188]
[Inferior 1 (process 1385188) exited with code 01]
No stack.
(gdb) (gdb) 