Attaching to process 1386440
[New LWP 1386444]
[New LWP 1386445]
[New LWP 1386446]
[New LWP 1386447]
[New LWP 1386448]
[New LWP 1386449]
[New LWP 1386450]
[New LWP 1386451]
[New LWP 1386488]
[New LWP 1386489]
[New LWP 1386490]
[New LWP 1386491]
[New LWP 1386492]
[New LWP 1386493]
[New LWP 1386494]
[New LWP 1386495]
[New LWP 1386496]
[New LWP 1386497]
[Thread debugging using libthread_db enabled]
Using host libthread_db library "/lib/x86_64-linux-gnu/libthread_db.so.1".
0x00007c3f8d75eab6 in libc_feholdsetround_sse_ctx (r=0, ctx=<synthetic pointer>) at ../sysdeps/x86/fpu/fenv_private.h:416
416	../sysdeps/x86/fpu/fenv_private.h: No such file or directory.
(gdb) (gdb) Continuing.
[New Thread 0x7c3f5e086640 (LWP 1386500)]
[New Thread 0x7c3f5d885640 (LWP 1386501)]
[New Thread 0x7c3f5d05c640 (LWP 1386502)]
[New Thread 0x7c3f57fff640 (LWP 1386503)]
[Thread 0x7c3f57fff640 (LWP 1386503) exited]
[Thread 0x7c3f5d05c640 (LWP 1386502) exited]
[Thread 0x7c3f5d885640 (LWP 1386501) exited]
[Thread 0x7c3f5e086640 (LWP 1386500) exited]
[Thread 0x7c3f62ffd640 (LWP 1386497) exited]
[Thread 0x7c3f637fe640 (LWP 1386496) exited]
[Thread 0x7c3f63fff640 (LWP 1386495) exited]
[Thread 0x7c3f78c73640 (LWP 1386494) exited]
[Thread 0x7c3f79474640 (LWP 1386493) exited]
[Thread 0x7c3f79c75640 (LWP 1386492) exited]
[Thread 0x7c3f7a7fc640 (LWP 1386491) exited]
[Thread 0x7c3f7affd640 (LWP 1386490) exited]
[Thread 0x7c3f7bfff640 (LWP 1386488) exited]
[Thread 0x7c3f89044640 (LWP 1386451) exited]
[Thread 0x7c3f89845640 (LWP 1386450) exited]
[Thread 0x7c3f8a046640 (LWP 1386449) exited]
[Thread 0x7c3f8a847640 (LWP 1386448) exited]
[Thread 0x7c3f8b048640 (LWP 1386447) exited]
[Thread 0x7c3f8b849640 (LWP 1386446) exited]
[Thread 0x7c3f8c04a640 (LWP 1386445) exited]
[Thread 0x7c3f8c84b640 (LWP 1386444) exited]
[Thread 0x7c3f8c8f1a00 (LWP 1386440) exited]
[Thread 0x7c3f7b7fe640 (LWP 1386489) exited]
[New process 1386440]
[Inferior 1 (process 1386440) exited with code 01]
(gdb) (gdb) No stack.
