Attaching to process 143862
[New LWP 143866]
[New LWP 143867]
[New LWP 143868]
[New LWP 143869]
[New LWP 143870]
[New LWP 143871]
[New LWP 143872]
[New LWP 143873]
[New LWP 143874]
[New LWP 143875]
[New LWP 143876]
[New LWP 143877]
[New LWP 143878]
[New LWP 143879]
[New LWP 143880]
[New LWP 143881]
[New LWP 143882]
[New LWP 143883]
[New LWP 143884]
[New LWP 143885]
[New LWP 143886]
[New LWP 143887]
[Thread debugging using libthread_db enabled]
Using host libthread_db library "/lib/x86_64-linux-gnu/libthread_db.so.1".
0x000072b1edf177f8 in __GI___clock_nanosleep (clock_id=clock_id@entry=0, flags=flags@entry=0, req=req@entry=0x7fffad41c140, rem=rem@entry=0x7fffad41c140) at ../sysdeps/unix/sysv/linux/clock_nanosleep.c:78
78	../sysdeps/unix/sysv/linux/clock_nanosleep.c: No such file or directory.
(gdb) (gdb) Continuing.
[Thread 0x72b1be993640 (LWP 143884) exited]
[Thread 0x72b1be192640 (LWP 143885) exited]
[Thread 0x72b1bd190640 (LWP 143887) exited]
[Thread 0x72b1bd991640 (LWP 143886) exited]
[Thread 0x72b1c3c71640 (LWP 143883) exited]
[Thread 0x72b1c4c73640 (LWP 143881) exited]
[Thread 0x72b1c5474640 (LWP 143880) exited]
[Thread 0x72b1c5c75640 (LWP 143879) exited]
[Thread 0x72b1c6476640 (LWP 143878) exited]
[Thread 0x72b1c6ffd640 (LWP 143877) exited]
[Thread 0x72b1c77fe640 (LWP 143876) exited]
[Thread 0x72b1c7fff640 (LWP 143875) exited]
[Thread 0x72b1e4a91640 (LWP 143874) exited]
[Thread 0x72b1e57fa640 (LWP 143873) exited]
[Thread 0x72b1e5ffb640 (LWP 143872) exited]
[Thread 0x72b1e67fc640 (LWP 143871) exited]
[Thread 0x72b1e6ffd640 (LWP 143870) exited]
[Thread 0x72b1e77fe640 (LWP 143869) exited]
[Thread 0x72b1ec996640 (LWP 143868) exited]
[Thread 0x72b1e7fff640 (LWP 143867) exited]
[Thread 0x72b1ed197640 (LWP 143866) exited]
[Thread 0x72b1ed23da00 (LWP 143862) exited]
[Thread 0x72b1c4472640 (LWP 143882) exited]
[New process 143862]
[Inferior 1 (process 143862) exited normally]
(gdb) No stack.
(gdb) 