Attaching to process 1387936
[New LWP 1387940]
[New LWP 1387941]
[New LWP 1387942]
[New LWP 1387943]
[New LWP 1387944]
[New LWP 1387945]
[New LWP 1387946]
[New LWP 1387947]
[New LWP 1387948]
[New LWP 1387949]
[New LWP 1387950]
[New LWP 1387951]
[New LWP 1387952]
[New LWP 1387953]
[New LWP 1387954]
[New LWP 1387955]
[New LWP 1387956]
[New LWP 1387957]
[New LWP 1387958]
[New LWP 1387959]
[New LWP 1387960]
[New LWP 1387961]
[Thread debugging using libthread_db enabled]
Using host libthread_db library "/lib/x86_64-linux-gnu/libthread_db.so.1".
0x000076feb0cb97f8 in __GI___clock_nanosleep (clock_id=clock_id@entry=0, flags=flags@entry=0, req=req@entry=0x7ffdb0e26980, rem=rem@entry=0x7ffdb0e26980) at ../sysdeps/unix/sysv/linux/clock_nanosleep.c:78
78	../sysdeps/unix/sysv/linux/clock_nanosleep.c: No such file or directory.
(gdb) (gdb) Continuing.
[Thread 0x76fe95732640 (LWP 1387958) exited]
[Thread 0x76fe94f31640 (LWP 1387959) exited]
[Thread 0x76fe8f7fe640 (LWP 1387961) exited]
[Thread 0x76fe8ffff640 (LWP 1387960) exited]
[Thread 0x76fe9e7fc640 (LWP 1387957) exited]
[Thread 0x76fe9effd640 (LWP 1387956) exited]
[Thread 0x76fe9f7fe640 (LWP 1387955) exited]
[Thread 0x76fe9ffff640 (LWP 1387954) exited]
[Thread 0x76fea4c73640 (LWP 1387953) exited]
[Thread 0x76fea5474640 (LWP 1387952) exited]
[Thread 0x76fea5ffb640 (LWP 1387951) exited]
[Thread 0x76fea67fc640 (LWP 1387950) exited]
[Thread 0x76fea6ffd640 (LWP 1387949) exited]
[Thread 0x76fea77fe640 (LWP 1387948) exited]
[Thread 0x76feacf33640 (LWP 1387947) exited]
[Thread 0x76fead734640 (LWP 1387946) exited]
[Thread 0x76feadf35640 (LWP 1387945) exited]
[Thread 0x76feae736640 (LWP 1387944) exited]
[Thread 0x76fea7fff640 (LWP 1387943) exited]
[Thread 0x76feaef37640 (LWP 1387942) exited]
[Thread 0x76feaff39640 (LWP 1387940) exited]
[Thread 0x76feaffdfa00 (LWP 1387936) exited]
[Thread 0x76feaf738640 (LWP 1387941) exited]
[New process 1387936]
[Inferior 1 (process 1387936) exited normally]
(gdb) (gdb) No stack.
