Attaching to process 191429
[New LWP 191445]
[New LWP 191446]
[New LWP 191447]
[New LWP 191448]
[New LWP 191449]
[New LWP 191450]
[New LWP 191451]
[New LWP 191452]
[New LWP 191493]
[New LWP 191494]
[New LWP 191495]
[New LWP 191496]
[New LWP 191497]
[New LWP 191498]
[New LWP 191499]
[New LWP 191500]
[New LWP 191501]
[New LWP 191502]
[New LWP 191503]
[New LWP 191504]
[New LWP 191505]
[New LWP 191506]
[Thread debugging using libthread_db enabled]
Using host libthread_db library "/lib/x86_64-linux-gnu/libthread_db.so.1".
0x000075d6f09c87f8 in __GI___clock_nanosleep (clock_id=clock_id@entry=0, flags=flags@entry=0, req=req@entry=0x7ffdf55faee0, rem=rem@entry=0x7ffdf55faee0) at ../sysdeps/unix/sysv/linux/clock_nanosleep.c:78
78	../sysdeps/unix/sysv/linux/clock_nanosleep.c: No such file or directory.
(gdb) (gdb) Continuing.
[Thread 0x75d6c1450640 (LWP 191503) exited]
[Thread 0x75d6c0c4f640 (LWP 191504) exited]
[Thread 0x75d6b35ff640 (LWP 191506) exited]
[Thread 0x75d6bbfff640 (LWP 191505) exited]
[Thread 0x75d6c5ffb640 (LWP 191502) exited]
[Thread 0x75d6c67fc640 (LWP 191501) exited]
[Thread 0x75d6c6ffd640 (LWP 191500) exited]
[Thread 0x75d6c77fe640 (LWP 191499) exited]
[Thread 0x75d6c7fff640 (LWP 191498) exited]
[Thread 0x75d6e4bfc640 (LWP 191497) exited]
[Thread 0x75d6e53fd640 (LWP 191496) exited]
[Thread 0x75d6e5bfe640 (LWP 191495) exited]
[Thread 0x75d6e7296640 (LWP 191494) exited]
[Thread 0x75d6ecc42640 (LWP 191452) exited]
[Thread 0x75d6ed443640 (LWP 191451) exited]
[Thread 0x75d6edc44640 (LWP 191450) exited]
[Thread 0x75d6ee445640 (LWP 191449) exited]
[Thread 0x75d6e63ff640 (LWP 191448) exited]
[Thread 0x75d6eec46640 (LWP 191447) exited]
[Thread 0x75d6ef447640 (LWP 191446) exited]
[Thread 0x75d6efc48640 (LWP 191445) exited]
[Thread 0x75d6efceea00 (LWP 191429) exited]
[Thread 0x75d6e7a97640 (LWP 191493) exited]
[New process 191429]
[Inferior 1 (process 191429) exited normally]
(gdb) No stack.
(gdb) 