Attaching to process 3313834
[New LWP 3313838]
[New LWP 3313839]
[New LWP 3313840]
[New LWP 3313841]
[New LWP 3313842]
[New LWP 3313843]
[New LWP 3313844]
[New LWP 3313845]
[New LWP 3313846]
[New LWP 3313847]
[New LWP 3313848]
[New LWP 3313849]
[New LWP 3313850]
[New LWP 3313851]
[New LWP 3313852]
[New LWP 3313853]
[New LWP 3313854]
[New LWP 3313855]
[New LWP 3313856]
[New LWP 3313857]
[New LWP 3313858]
[New LWP 3313859]
[Thread debugging using libthread_db enabled]
Using host libthread_db library "/lib/x86_64-linux-gnu/libthread_db.so.1".
0x00007335a496f7f8 in __GI___clock_nanosleep (clock_id=clock_id@entry=0, flags=flags@entry=0, req=req@entry=0x7fffa2dfe450, rem=rem@entry=0x7fffa2dfe450) at ../sysdeps/unix/sysv/linux/clock_nanosleep.c:78
78	../sysdeps/unix/sysv/linux/clock_nanosleep.c: No such file or directory.
(gdb) (gdb) Continuing.
[Thread 0x73357540b640 (LWP 3313856) exited]
[Thread 0x733574c0a640 (LWP 3313857) exited]
[Thread 0x73356f7fe640 (LWP 3313859) exited]
[Thread 0x73356ffff640 (LWP 3313858) exited]
[Thread 0x733579ffb640 (LWP 3313855) exited]
[Thread 0x73357a7fc640 (LWP 3313854) exited]
[Thread 0x73357affd640 (LWP 3313853) exited]
[Thread 0x73357b7fe640 (LWP 3313852) exited]
[Thread 0x73357bfff640 (LWP 3313851) exited]
[Thread 0x733580f0c640 (LWP 3313850) exited]
[Thread 0x733581a93640 (LWP 3313849) exited]
[Thread 0x733582294640 (LWP 3313848) exited]
[Thread 0x733583296640 (LWP 3313846) exited]
[Thread 0x733583fff640 (LWP 3313845) exited]
[Thread 0x7335a0be9640 (LWP 3313844) exited]
[Thread 0x7335a13ea640 (LWP 3313843) exited]
[Thread 0x7335a1beb640 (LWP 3313842) exited]
[Thread 0x7335a23ec640 (LWP 3313841) exited]
[Thread 0x7335a2bed640 (LWP 3313840) exited]
[Thread 0x7335a33ee640 (LWP 3313839) exited]
[Thread 0x7335a3bef640 (LWP 3313838) exited]
[Thread 0x7335a3c95a00 (LWP 3313834) exited]
[Thread 0x733582a95640 (LWP 3313847) exited]
[New process 3313834]
[Inferior 1 (process 3313834) exited normally]
(gdb) No stack.
(gdb) 