Attaching to process 1149511
[New LWP 1149515]
[New LWP 1149516]
[New LWP 1149517]
[New LWP 1149518]
[New LWP 1149519]
[New LWP 1149520]
[New LWP 1149521]
[New LWP 1149522]
[New LWP 1149523]
[New LWP 1149524]
[New LWP 1149525]
[New LWP 1149526]
[New LWP 1149527]
[New LWP 1149528]
[New LWP 1149529]
[New LWP 1149530]
[New LWP 1149531]
[New LWP 1149532]
[New LWP 1149533]
[New LWP 1149534]
[New LWP 1149535]
[New LWP 1149536]
[Thread debugging using libthread_db enabled]
Using host libthread_db library "/lib/x86_64-linux-gnu/libthread_db.so.1".
0x00007e7d77d8b7f8 in __GI___clock_nanosleep (clock_id=clock_id@entry=0, flags=flags@entry=0, req=req@entry=0x7ffdd4175380, rem=rem@entry=0x7ffdd4175380) at ../sysdeps/unix/sysv/linux/clock_nanosleep.c:78
78	../sysdeps/unix/sysv/linux/clock_nanosleep.c: No such file or directory.
(gdb) (gdb) Continuing.
[Thread 0x7e7d4c81f640 (LWP 1149533) exited]
[Thread 0x7e7d43fff640 (LWP 1149534) exited]
[Thread 0x7e7d42e3a640 (LWP 1149536) exited]
[Thread 0x7e7d437fe640 (LWP 1149535) exited]
[Thread 0x7e7d657fa640 (LWP 1149532) exited]
[Thread 0x7e7d65ffb640 (LWP 1149531) exited]
[Thread 0x7e7d667fc640 (LWP 1149530) exited]
[Thread 0x7e7d66ffd640 (LWP 1149529) exited]
[Thread 0x7e7d677fe640 (LWP 1149528) exited]
[Thread 0x7e7d67fff640 (LWP 1149527) exited]
[Thread 0x7e7d6d133640 (LWP 1149526) exited]
[Thread 0x7e7d6d934640 (LWP 1149525) exited]
[Thread 0x7e7d6e936640 (LWP 1149523) exited]
[Thread 0x7e7d6f7fe640 (LWP 1149522) exited]
[Thread 0x7e7d74806640 (LWP 1149521) exited]
[Thread 0x7e7d75007640 (LWP 1149520) exited]
[Thread 0x7e7d75808640 (LWP 1149519) exited]
[Thread 0x7e7d6ffff640 (LWP 1149518) exited]
[Thread 0x7e7d76009640 (LWP 1149517) exited]
[Thread 0x7e7d7680a640 (LWP 1149516) exited]
[Thread 0x7e7d7700b640 (LWP 1149515) exited]
[Thread 0x7e7d770b1a00 (LWP 1149511) exited]
[Thread 0x7e7d6e135640 (LWP 1149524) exited]
[New process 1149511]
[Inferior 1 (process 1149511) exited normally]
(gdb) (gdb) No stack.
