Attaching to process 324729
[New LWP 324733]
[New LWP 324734]
[New LWP 324735]
[New LWP 324736]
[New LWP 324737]
[New LWP 324738]
[New LWP 324739]
[New LWP 324740]
[New LWP 324741]
[New LWP 324742]
[New LWP 324743]
[New LWP 324744]
[New LWP 324745]
[New LWP 324746]
[New LWP 324747]
[New LWP 324748]
[New LWP 324749]
[New LWP 324750]
[New LWP 324751]
[New LWP 324752]
[New LWP 324753]
[New LWP 324754]
[Thread debugging using libthread_db enabled]
Using host libthread_db library "/lib/x86_64-linux-gnu/libthread_db.so.1".
0x000075585cc797f8 in __GI___clock_nanosleep (clock_id=clock_id@entry=0, flags=flags@entry=0, req=req@entry=0x7ffd081d5110, rem=rem@entry=0x7ffd081d5110) at ../sysdeps/unix/sysv/linux/clock_nanosleep.c:78
78	../sysdeps/unix/sysv/linux/clock_nanosleep.c: No such file or directory.
(gdb) (gdb) Continuing.
[Thread 0x7558316ec640 (LWP 324751) exited]
[Thread 0x755830eeb640 (LWP 324752) exited]
[Thread 0x7558277fe640 (LWP 324754) exited]
[Thread 0x755827fff640 (LWP 324753) exited]
[Thread 0x75584a7fc640 (LWP 324750) exited]
[Thread 0x75584affd640 (LWP 324749) exited]
[Thread 0x75584b7fe640 (LWP 324748) exited]
[Thread 0x75584bfff640 (LWP 324747) exited]
[Thread 0x755850c73640 (LWP 324746) exited]
[Thread 0x755851474640 (LWP 324745) exited]
[Thread 0x755851ffb640 (LWP 324744) exited]
[Thread 0x7558527fc640 (LWP 324743) exited]
[Thread 0x755852ffd640 (LWP 324742) exited]
[Thread 0x7558537fe640 (LWP 324741) exited]
[Thread 0x755858ef3640 (LWP 324740) exited]
[Thread 0x7558596f4640 (LWP 324739) exited]
[Thread 0x755859ef5640 (LWP 324738) exited]
[Thread 0x75585a6f6640 (LWP 324737) exited]
[Thread 0x75585aef7640 (LWP 324736) exited]
[Thread 0x75585b6f8640 (LWP 324735) exited]
[Thread 0x755853fff640 (LWP 324734) exited]
[Thread 0x75585bef9640 (LWP 324733) exited]
[Inferior 1 (process 324729) exited normally]
(gdb) (gdb) No stack.
