Attaching to process 90798
[New LWP 90831]
[New LWP 90832]
[New LWP 90833]
[New LWP 90834]
[New LWP 90835]
[New LWP 90836]
[New LWP 90837]
[New LWP 90838]
[New LWP 90862]
[New LWP 90863]
[New LWP 90864]
[New LWP 90865]
[New LWP 90866]
[New LWP 90867]
[New LWP 90868]
[New LWP 90869]
[New LWP 90870]
[New LWP 90871]
[New LWP 90872]
[New LWP 90873]
[New LWP 90874]
[New LWP 90875]
[Thread debugging using libthread_db enabled]
Using host libthread_db library "/lib/x86_64-linux-gnu/libthread_db.so.1".
0x00007391af1627f8 in __GI___clock_nanosleep (clock_id=clock_id@entry=0, flags=flags@entry=0, req=req@entry=0x7ffcfdd61a30, rem=rem@entry=0x7ffcfdd61a30) at ../sysdeps/unix/sysv/linux/clock_nanosleep.c:78
78	../sysdeps/unix/sysv/linux/clock_nanosleep.c: No such file or directory.
(gdb) (gdb) Continuing.
[Thread 0x73917e3e1640 (LWP 90875) exited]
[Thread 0x73917ebe2640 (LWP 90874) exited]
[Thread 0x73917f3e3640 (LWP 90873) exited]
[Thread 0x73917fbe4640 (LWP 90872) exited]
[Thread 0x739184c73640 (LWP 90871) exited]
[Thread 0x739185474640 (LWP 90870) exited]
[Thread 0x739185c75640 (LWP 90869) exited]
[Thread 0x739186476640 (LWP 90868) exited]
[Thread 0x739186c77640 (LWP 90867) exited]
[Thread 0x739187478640 (LWP 90866) exited]
[Thread 0x739187fff640 (LWP 90865) exited]
[Thread 0x7391a4a91640 (LWP 90864) exited]
[Thread 0x7391a5292640 (LWP 90863) exited]
[Thread 0x7391a5a93640 (LWP 90862) exited]
[Thread 0x7391a67fc640 (LWP 90838) exited]
[Thread 0x7391a6ffd640 (LWP 90837) exited]
[Thread 0x7391a77fe640 (LWP 90836) exited]
[Thread 0x7391acbdf640 (LWP 90834) exited]
[Thread 0x7391ad3e0640 (LWP 90833) exited]
[Thread 0x7391adbe1640 (LWP 90832) exited]
[Thread 0x7391ae3e2640 (LWP 90831) exited]
[Thread 0x7391ae488a00 (LWP 90798) exited]
[Thread 0x7391a7fff640 (LWP 90835) exited]
[New process 90798]
[Inferior 1 (process 90798) exited with code 01]
(gdb) No stack.
(gdb) 