Attaching to process 91717
[New LWP 91721]
[New LWP 91722]
[New LWP 91723]
[New LWP 91724]
[New LWP 91725]
[New LWP 91726]
[New LWP 91727]
[New LWP 91728]
[Thread debugging using libthread_db enabled]
Using host libthread_db library "/lib/x86_64-linux-gnu/libthread_db.so.1".
0x00007198984287f8 in __GI___clock_nanosleep (clock_id=clock_id@entry=0, flags=flags@entry=0, req=req@entry=0x7ffdd5ded480, rem=rem@entry=0x7ffdd5ded480) at ../sysdeps/unix/sysv/linux/clock_nanosleep.c:78
78	../sysdeps/unix/sysv/linux/clock_nanosleep.c: No such file or directory.
(gdb) (gdb) Continuing.
[New Thread 0x719876a95640 (LWP 91768)]
[New Thread 0x719876294640 (LWP 91769)]
[New Thread 0x719875a93640 (LWP 91770)]
[New Thread 0x719875292640 (LWP 91771)]
[New Thread 0x719874a91640 (LWP 91772)]
[New Thread 0x71986ffff640 (LWP 91773)]
[New Thread 0x71986f7fe640 (LWP 91774)]
[New Thread 0x71986effd640 (LWP 91775)]
[New Thread 0x71986e7fc640 (LWP 91776)]
[New Thread 0x71986dffb640 (LWP 91777)]
[New Thread 0x719868ec2640 (LWP 91778)]
[New Thread 0x719863fff640 (LWP 91779)]
[New Thread 0x7198637fe640 (LWP 91780)]
[New Thread 0x719862ffd640 (LWP 91781)]
[Thread 0x719868ec2640 (LWP 91778) exited]
[Thread 0x719863fff640 (LWP 91779) exited]
[Thread 0x719862ffd640 (LWP 91781) exited]
[Thread 0x7198637fe640 (LWP 91780) exited]
[Thread 0x71986dffb640 (LWP 91777) exited]
[Thread 0x71986e7fc640 (LWP 91776) exited]
[Thread 0x71986effd640 (LWP 91775) exited]
[Thread 0x71986f7fe640 (LWP 91774) exited]
[Thread 0x71986ffff640 (LWP 91773) exited]
[Thread 0x719874a91640 (LWP 91772) exited]
[Thread 0x719875292640 (LWP 91771) exited]
[Thread 0x719875a93640 (LWP 91770) exited]
[Thread 0x719876294640 (LWP 91769) exited]
[Thread 0x719876a95640 (LWP 91768) exited]
[Thread 0x7198777fe640 (LWP 91728) exited]
[Thread 0x719877fff640 (LWP 91727) exited]
[Thread 0x719894ea3640 (LWP 91726) exited]
[Thread 0x7198956a4640 (LWP 91725) exited]
[Thread 0x719895ea5640 (LWP 91724) exited]
[Thread 0x719896ea7640 (LWP 91722) exited]
[Thread 0x7198976a8640 (LWP 91721) exited]
[Thread 0x71989774ea00 (LWP 91717) exited]
[Thread 0x7198966a6640 (LWP 91723) exited]
[New process 91717]
[Inferior 1 (process 91717) exited normally]
(gdb) No stack.
(gdb) 