Attaching to process 91011
[New LWP 91015]
[New LWP 91016]
[New LWP 91017]
[New LWP 91018]
[New LWP 91019]
[New LWP 91020]
[New LWP 91021]
[New LWP 91022]
120	../sysdeps/unix/syscall-template.S: No such file or directory.
[Thread debugging using libthread_db enabled]
Using host libthread_db library "/lib/x86_64-linux-gnu/libthread_db.so.1".
0x000077ff413eecdb in eventfd () at ../sysdeps/unix/syscall-template.S:120
(gdb) (gdb) Continuing.
[New Thread 0x77ff377fe640 (LWP 91062)]
[New Thread 0x77ff36ffd640 (LWP 91063)]
[New Thread 0x77ff367fc640 (LWP 91064)]
[New Thread 0x77ff35ffb640 (LWP 91065)]
[New Thread 0x77ff357fa640 (LWP 91066)]
[New Thread 0x77ff34ff9640 (LWP 91067)]
[New Thread 0x77ff2ffff640 (LWP 91068)]
[New Thread 0x77ff2f7fe640 (LWP 91069)]
[New Thread 0x77ff2effd640 (LWP 91070)]
[New Thread 0x77ff2e7fc640 (LWP 91071)]
[New Thread 0x77ff25e52640 (LWP 91072)]
[New Thread 0x77ff25651640 (LWP 91073)]
[New Thread 0x77ff24e50640 (LWP 91074)]
[New Thread 0x77ff07fff640 (LWP 91075)]
[Thread 0x77ff24e50640 (LWP 91074) exited]
[Thread 0x77ff07fff640 (LWP 91075) exited]
[Thread 0x77ff25651640 (LWP 91073) exited]
[Thread 0x77ff25e52640 (LWP 91072) exited]
[Thread 0x77ff2e7fc640 (LWP 91071) exited]
[Thread 0x77ff2effd640 (LWP 91070) exited]
[Thread 0x77ff2f7fe640 (LWP 91069) exited]
[Thread 0x77ff2ffff640 (LWP 91068) exited]
[Thread 0x77ff34ff9640 (LWP 91067) exited]
[Thread 0x77ff357fa640 (LWP 91066) exited]
[Thread 0x77ff35ffb640 (LWP 91065) exited]
[Thread 0x77ff367fc640 (LWP 91064) exited]
[Thread 0x77ff36ffd640 (LWP 91063) exited]
[Thread 0x77ff377fe640 (LWP 91062) exited]
[Thread 0x77ff3d628640 (LWP 91022) exited]
[Thread 0x77ff3de29640 (LWP 91021) exited]
[Thread 0x77ff3e62a640 (LWP 91020) exited]
[Thread 0x77ff3ee2b640 (LWP 91019) exited]
[Thread 0x77ff37fff640 (LWP 91018) exited]
[Thread 0x77ff3f62c640 (LWP 91017) exited]
[Thread 0x77ff3fe2d640 (LWP 91016) exited]
[Thread 0x77ff4062e640 (LWP 91015) exited]
[Inferior 1 (process 91011) exited with code 01]
(gdb) No stack.
(gdb) 