Attaching to process 90092
[New LWP 90125]
[New LWP 90126]
[New LWP 90127]
[New LWP 90128]
[New LWP 90129]
[New LWP 90130]
[New LWP 90131]
[New LWP 90132]
[New LWP 90156]
[New LWP 90157]
[New LWP 90158]
[New LWP 90159]
[New LWP 90160]
[New LWP 90161]
[New LWP 90162]
[New LWP 90163]
[New LWP 90164]
[New LWP 90165]
[New LWP 90166]
[New LWP 90167]
[New LWP 90168]
[New LWP 90169]
[Thread debugging using libthread_db enabled]
Using host libthread_db library "/lib/x86_64-linux-gnu/libthread_db.so.1".
0x00007099f62f17f8 in __GI___clock_nanosleep (clock_id=clock_id@entry=0, flags=flags@entry=0, req=req@entry=0x7ffc247c2a40, rem=rem@entry=0x7ffc247c2a40) at ../sysdeps/unix/sysv/linux/clock_nanosleep.c:78
78	../sysdeps/unix/sysv/linux/clock_nanosleep.c: No such file or directory.
(gdb) (gdb) Continuing.
[Thread 0x7099c5523640 (LWP 90169) exited]
[Thread 0x7099c5d24640 (LWP 90168) exited]
[Thread 0x7099c6525640 (LWP 90167) exited]
[Thread 0x7099c6d26640 (LWP 90166) exited]
[Thread 0x7099cb7fe640 (LWP 90165) exited]
[Thread 0x7099cbfff640 (LWP 90164) exited]
[Thread 0x7099d8ff9640 (LWP 90163) exited]
[Thread 0x7099d97fa640 (LWP 90162) exited]
[Thread 0x7099d9ffb640 (LWP 90161) exited]
[Thread 0x7099da7fc640 (LWP 90160) exited]
[Thread 0x7099daffd640 (LWP 90159) exited]
[Thread 0x7099db7fe640 (LWP 90158) exited]
[Thread 0x7099eca91640 (LWP 90156) exited]
[Thread 0x7099ed7fa640 (LWP 90132) exited]
[Thread 0x7099edffb640 (LWP 90131) exited]
[Thread 0x7099ee7fc640 (LWP 90130) exited]
[Thread 0x7099eeffd640 (LWP 90129) exited]
[Thread 0x7099ef7fe640 (LWP 90128) exited]
[Thread 0x7099effff640 (LWP 90127) exited]
[Thread 0x7099f4d70640 (LWP 90126) exited]
[Thread 0x7099f5571640 (LWP 90125) exited]
[Thread 0x7099f5617a00 (LWP 90092) exited]
[Thread 0x7099dbfff640 (LWP 90157) exited]
[New process 90092]
[Inferior 1 (process 90092) exited with code 01]
(gdb) No stack.
(gdb) 