Attaching to process 90930
[New LWP 90934]
[New LWP 90935]
[New LWP 90936]
[New LWP 90937]
[New LWP 90938]
[New LWP 90939]
[New LWP 90940]
[New LWP 90941]
[New LWP 90979]
[New LWP 90980]
[New LWP 90981]
[New LWP 90982]
[New LWP 90983]
[New LWP 90984]
[New LWP 90985]
[New LWP 90986]
[New LWP 90987]
[New LWP 90988]
142	../sysdeps/ieee754/dbl-64/s_sin.c: No such file or directory.
[Thread debugging using libthread_db enabled]
Using host libthread_db library "/lib/x86_64-linux-gnu/libthread_db.so.1".
0x000072db998e5106 in do_sin (dx=-1.4207340225982382e-17, x=6.2393042245751857e-310) at ../sysdeps/ieee754/dbl-64/s_sin.c:142
(gdb) (gdb) Continuing.
[New Thread 0x72db6a21e640 (LWP 90991)]
[New Thread 0x72db69a1d640 (LWP 90992)]
[New Thread 0x72db6921c640 (LWP 90993)]
[New Thread 0x72db68858640 (LWP 90994)]
[Thread 0x72db68858640 (LWP 90994) exited]
[Thread 0x72db6921c640 (LWP 90993) exited]
[Thread 0x72db69a1d640 (LWP 90992) exited]
[Thread 0x72db6a21e640 (LWP 90991) exited]
[Thread 0x72db6f470640 (LWP 90988) exited]
[Thread 0x72db6fc71640 (LWP 90987) exited]
[Thread 0x72db70472640 (LWP 90986) exited]
[Thread 0x72db70c73640 (LWP 90985) exited]
[Thread 0x72db71474640 (LWP 90984) exited]
[Thread 0x72db71c75640 (LWP 90983) exited]
[Thread 0x72db727fc640 (LWP 90982) exited]
[Thread 0x72db72ffd640 (LWP 90981) exited]
[Thread 0x72db737fe640 (LWP 90980) exited]
[Thread 0x72db73fff640 (LWP 90979) exited]
[Thread 0x72db951ca640 (LWP 90941) exited]
[Thread 0x72db959cb640 (LWP 90940) exited]
[Thread 0x72db961cc640 (LWP 90939) exited]
[Thread 0x72db969cd640 (LWP 90938) exited]
[Thread 0x72db971ce640 (LWP 90937) exited]
[Thread 0x72db979cf640 (LWP 90936) exited]
[Thread 0x72db981d0640 (LWP 90935) exited]
[Thread 0x72db989d1640 (LWP 90934) exited]
[Inferior 1 (process 90930) exited with code 01]
(gdb) No stack.
(gdb) 