Attaching to process 91503
[New LWP 91536]
[New LWP 91537]
[New LWP 91538]
[New LWP 91539]
[New LWP 91540]
[New LWP 91541]
[New LWP 91542]
[New LWP 91543]
[New LWP 91567]
[New LWP 91568]
[New LWP 91569]
[New LWP 91570]
[New LWP 91571]
[New LWP 91572]
[New LWP 91573]
[New LWP 91574]
[New LWP 91575]
[New LWP 91576]
[New LWP 91577]
[New LWP 91578]
[New LWP 91579]
[New LWP 91580]
[Thread debugging using libthread_db enabled]
Using host libthread_db library "/lib/x86_64-linux-gnu/libthread_db.so.1".
0x000073fd97f6b7f8 in __GI___clock_nanosleep (clock_id=clock_id@entry=0, flags=flags@entry=0, req=req@entry=0x7fff628718d0, rem=rem@entry=0x7fff628718d0) at ../sysdeps/unix/sysv/linux/clock_nanosleep.c:78
78	../sysdeps/unix/sysv/linux/clock_nanosleep.c: No such file or directory.
(gdb) (gdb) Continuing.
[Thread 0x73fd62ffd640 (LWP 91580) exited]
[Thread 0x73fd637fe640 (LWP 91579) exited]
[Thread 0x73fd63fff640 (LWP 91578) exited]
[Thread 0x73fd68a0a640 (LWP 91577) exited]
[Thread 0x73fd717fa640 (LWP 91576) exited]
[Thread 0x73fd71ffb640 (LWP 91575) exited]
[Thread 0x73fd727fc640 (LWP 91574) exited]
[Thread 0x73fd72ffd640 (LWP 91573) exited]
[Thread 0x73fd737fe640 (LWP 91572) exited]
[Thread 0x73fd73fff640 (LWP 91571) exited]
[Thread 0x73fd7d292640 (LWP 91570) exited]
[Thread 0x73fd7da93640 (LWP 91569) exited]
[Thread 0x73fd7ea95640 (LWP 91567) exited]
[Thread 0x73fd7f7fe640 (LWP 91543) exited]
[Thread 0x73fd7ffff640 (LWP 91542) exited]
[Thread 0x73fd949e6640 (LWP 91541) exited]
[Thread 0x73fd951e7640 (LWP 91540) exited]
[Thread 0x73fd959e8640 (LWP 91539) exited]
[Thread 0x73fd961e9640 (LWP 91538) exited]
[Thread 0x73fd969ea640 (LWP 91537) exited]
[Thread 0x73fd971eb640 (LWP 91536) exited]
[Thread 0x73fd97291a00 (LWP 91503) exited]
[Thread 0x73fd7e294640 (LWP 91568) exited]
[New process 91503]
[Inferior 1 (process 91503) exited with code 01]
(gdb) (gdb) No stack.
