Attaching to process 90306
[New LWP 90310]
[New LWP 90311]
[New LWP 90312]
[New LWP 90313]
[New LWP 90314]
[New LWP 90315]
[New LWP 90316]
[New LWP 90317]
[New LWP 90355]
[New LWP 90356]
[New LWP 90357]
[New LWP 90358]
[New LWP 90359]
[New LWP 90360]
[New LWP 90361]
[New LWP 90362]
[New LWP 90363]
[New LWP 90364]
[Thread debugging using libthread_db enabled]
Using host libthread_db library "/lib/x86_64-linux-gnu/libthread_db.so.1".
0x00007dc593d79d0c in do_sin (dx=<optimized out>, x=0.0011637405692569436) at ../sysdeps/ieee754/dbl-64/s_sin.c:143
143	../sysdeps/ieee754/dbl-64/s_sin.c: No such file or directory.
(gdb) (gdb) Continuing.
[New Thread 0x7dc56467a640 (LWP 90367)]
[New Thread 0x7dc563e79640 (LWP 90368)]
[New Thread 0x7dc563678640 (LWP 90369)]
[New Thread 0x7dc562cb4640 (LWP 90370)]
[Thread 0x7dc563678640 (LWP 90369) exited]
[Thread 0x7dc563e79640 (LWP 90368) exited]
[Thread 0x7dc56467a640 (LWP 90367) exited]
[Thread 0x7dc5697fa640 (LWP 90364) exited]
[Thread 0x7dc569ffb640 (LWP 90363) exited]
[Thread 0x7dc56a7fc640 (LWP 90362) exited]
[Thread 0x7dc56affd640 (LWP 90361) exited]
[Thread 0x7dc56b7fe640 (LWP 90360) exited]
[Thread 0x7dc56bfff640 (LWP 90359) exited]
[Thread 0x7dc580a91640 (LWP 90358) exited]
[Thread 0x7dc581292640 (LWP 90357) exited]
[Thread 0x7dc581a93640 (LWP 90356) exited]
[Thread 0x7dc582294640 (LWP 90355) exited]
[Thread 0x7dc582ffd640 (LWP 90317) exited]
[Thread 0x7dc5837fe640 (LWP 90316) exited]
[Thread 0x7dc583fff640 (LWP 90315) exited]
[Thread 0x7dc590e62640 (LWP 90314) exited]
[Thread 0x7dc591663640 (LWP 90313) exited]
[Thread 0x7dc591e64640 (LWP 90312) exited]
[Thread 0x7dc592665640 (LWP 90311) exited]
[Thread 0x7dc592e66640 (LWP 90310) exited]
[Thread 0x7dc592f0ca00 (LWP 90306) exited]
[Thread 0x7dc562cb4640 (LWP 90370) exited]
[New process 90306]
[Inferior 1 (process 90306) exited with code 01]
(gdb) No stack.
(gdb) 