Attaching to process 1045307
[New LWP 1045311]
[New LWP 1045312]
[New LWP 1045313]
[New LWP 1045314]
[New LWP 1045315]
[New LWP 1045316]
[New LWP 1045317]
[New LWP 1045318]
[New LWP 1045339]
[New LWP 1045340]
[New LWP 1045341]
[New LWP 1045342]
[New LWP 1045343]
[New LWP 1045344]
[New LWP 1045345]
[New LWP 1045346]
[New LWP 1045347]
[New LWP 1045348]
141	../sysdeps/ieee754/dbl-64/s_sin.c: No such file or directory.
[Thread debugging using libthread_db enabled]
Using host libthread_db library "/lib/x86_64-linux-gnu/libthread_db.so.1".
0x000078f621bcb182 in do_sin (dx=6.3479291829211203e-18, x=0.0034898246130714572) at ../sysdeps/ieee754/dbl-64/s_sin.c:141
(gdb) (gdb) Continuing.
[New Thread 0x78f5f2459640 (LWP 1045368)]
[New Thread 0x78f5ebfff640 (LWP 1045369)]
[New Thread 0x78f5f1c58640 (LWP 1045370)]
[New Thread 0x78f5f1457640 (LWP 1045371)]
[Thread 0x78f5f1457640 (LWP 1045371) exited]
[Thread 0x78f5f1c58640 (LWP 1045370) exited]
[Thread 0x78f5ebfff640 (LWP 1045369) exited]
[Thread 0x78f5f2459640 (LWP 1045368) exited]
[Thread 0x78f5faffd640 (LWP 1045348) exited]
[Thread 0x78f5fb7fe640 (LWP 1045347) exited]
[Thread 0x78f5fbfff640 (LWP 1045346) exited]
[Thread 0x78f610a74640 (LWP 1045345) exited]
[Thread 0x78f611275640 (LWP 1045344) exited]
[Thread 0x78f611a76640 (LWP 1045343) exited]
[Thread 0x78f6125fd640 (LWP 1045342) exited]
[Thread 0x78f612dfe640 (LWP 1045341) exited]
[Thread 0x78f613fff640 (LWP 1045340) exited]
[Thread 0x78f618a91640 (LWP 1045339) exited]
[Thread 0x78f6197fa640 (LWP 1045318) exited]
[Thread 0x78f619ffb640 (LWP 1045317) exited]
[Thread 0x78f61a7fc640 (LWP 1045316) exited]
[Thread 0x78f61affd640 (LWP 1045315) exited]
[Thread 0x78f61b7fe640 (LWP 1045314) exited]
[Thread 0x78f6135ff640 (LWP 1045313) exited]
[Thread 0x78f61bfff640 (LWP 1045312) exited]
[Thread 0x78f620cb7640 (LWP 1045311) exited]
[Inferior 1 (process 1045307) exited with code 01]
(gdb) (gdb) No stack.
