Attaching to process 1045881
[New LWP 1045914]
[New LWP 1045915]
[New LWP 1045916]
[New LWP 1045917]
[New LWP 1045918]
[New LWP 1045919]
[New LWP 1045920]
[New LWP 1045921]
[New LWP 1045945]
[New LWP 1045946]
[New LWP 1045947]
[New LWP 1045948]
[New LWP 1045949]
[New LWP 1045950]
[New LWP 1045951]
[New LWP 1045952]
[New LWP 1045953]
[New LWP 1045954]
[New LWP 1045955]
[New LWP 1045956]
[New LWP 1045957]
[New LWP 1045958]
78	../sysdeps/unix/sysv/linux/clock_nanosleep.c: No such file or directory.
[Thread debugging using libthread_db enabled]
Using host libthread_db library "/lib/x86_64-linux-gnu/libthread_db.so.1".
0x00007acba1db97f8 in __GI___clock_nanosleep (clock_id=clock_id@entry=0, flags=flags@entry=0, req=req@entry=0x7ffc65a89d10, rem=rem@entry=0x7ffc65a89d10) at ../sysdeps/unix/sysv/linux/clock_nanosleep.c:78
(gdb) (gdb) Continuing.
[Thread 0x7acb7185b640 (LWP 1045958) exited]
[Thread 0x7acb7205c640 (LWP 1045957) exited]
[Thread 0x7acb6bfff640 (LWP 1045956) exited]
[Thread 0x7acb7285d640 (LWP 1045955) exited]
[Thread 0x7acb77c71640 (LWP 1045954) exited]
[Thread 0x7acb78472640 (LWP 1045953) exited]
[Thread 0x7acb78c73640 (LWP 1045952) exited]
[Thread 0x7acb79474640 (LWP 1045951) exited]
[Thread 0x7acb79c75640 (LWP 1045950) exited]
[Thread 0x7acb7a476640 (LWP 1045949) exited]
[Thread 0x7acb7affd640 (LWP 1045948) exited]
[Thread 0x7acb7b7fe640 (LWP 1045947) exited]
[Thread 0x7acb7bfff640 (LWP 1045946) exited]
[Thread 0x7acb90932640 (LWP 1045945) exited]
[Thread 0x7acb917fa640 (LWP 1045921) exited]
[Thread 0x7acb91ffb640 (LWP 1045920) exited]
[Thread 0x7acb927fc640 (LWP 1045919) exited]
[Thread 0x7acb92ffd640 (LWP 1045918) exited]
[Thread 0x7acb937fe640 (LWP 1045917) exited]
[Thread 0x7acb93fff640 (LWP 1045916) exited]
[Thread 0x7acba0838640 (LWP 1045915) exited]
[Thread 0x7acba10dfa00 (LWP 1045881) exited]
[Thread 0x7acba1039640 (LWP 1045914) exited]
[New process 1045881]
[Inferior 1 (process 1045881) exited with code 01]
(gdb) (gdb) No stack.
