Attaching to process 1045174
[New LWP 1045207]
[New LWP 1045208]
[New LWP 1045209]
[New LWP 1045210]
[New LWP 1045211]
[New LWP 1045212]
[New LWP 1045213]
[New LWP 1045214]
[New LWP 1045238]
[New LWP 1045239]
[New LWP 1045240]
[New LWP 1045241]
[New LWP 1045242]
[New LWP 1045243]
[New LWP 1045244]
[New LWP 1045245]
[New LWP 1045246]
[New LWP 1045247]
[New LWP 1045248]
[New LWP 1045249]
[New LWP 1045250]
[New LWP 1045251]
[Thread debugging using libthread_db enabled]
Using host libthread_db library "/lib/x86_64-linux-gnu/libthread_db.so.1".
0x00007b93baf517f8 in __GI___clock_nanosleep (clock_id=clock_id@entry=0, flags=flags@entry=0, req=req@entry=0x7ffe68d1aa50, rem=rem@entry=0x7ffe68d1aa50) at ../sysdeps/unix/sysv/linux/clock_nanosleep.c:78
78	../sysdeps/unix/sysv/linux/clock_nanosleep.c: No such file or directory.
(gdb) (gdb) Continuing.
[Thread 0x7b938b1a1640 (LWP 1045250) exited]
[Thread 0x7b93871a1640 (LWP 1045249) exited]
[Thread 0x7b938b9a2640 (LWP 1045248) exited]
[Thread 0x7b9394c73640 (LWP 1045247) exited]
[Thread 0x7b9395474640 (LWP 1045246) exited]
[Thread 0x7b9395c75640 (LWP 1045245) exited]
[Thread 0x7b9396476640 (LWP 1045244) exited]
[Thread 0x7b9396c77640 (LWP 1045243) exited]
[Thread 0x7b9397478640 (LWP 1045242) exited]
[Thread 0x7b9397fff640 (LWP 1045241) exited]
[Thread 0x7b93a8a91640 (LWP 1045240) exited]
[Thread 0x7b93a9292640 (LWP 1045239) exited]
[Thread 0x7b93a9a93640 (LWP 1045238) exited]
[Thread 0x7b93aa7fc640 (LWP 1045214) exited]
[Thread 0x7b93aaffd640 (LWP 1045213) exited]
[Thread 0x7b93ab7fe640 (LWP 1045212) exited]
[Thread 0x7b93abfff640 (LWP 1045211) exited]
[Thread 0x7b93b89ce640 (LWP 1045210) exited]
[Thread 0x7b93b91cf640 (LWP 1045209) exited]
[Thread 0x7b93b99d0640 (LWP 1045208) exited]
[Thread 0x7b93ba1d1640 (LWP 1045207) exited]
[Thread 0x7b93ba277a00 (LWP 1045174) exited]
[Thread 0x7b938a9a0640 (LWP 1045251) exited]
[New process 1045174]
[Inferior 1 (process 1045174) exited with code 01]
(gdb) No stack.
(gdb) 