Attaching to process 1046095
[New LWP 1046099]
[New LWP 1046100]
[New LWP 1046101]
[New LWP 1046102]
[New LWP 1046103]
[New LWP 1046104]
[New LWP 1046105]
[New LWP 1046106]
[New LWP 1046144]
[New LWP 1046145]
[New LWP 1046146]
[New LWP 1046147]
[New LWP 1046148]
[New LWP 1046149]
[New LWP 1046150]
[New LWP 1046151]
[New LWP 1046152]
[New LWP 1046153]
[Thread debugging using libthread_db enabled]
Using host libthread_db library "/lib/x86_64-linux-gnu/libthread_db.so.1".
0x000074a9d21e516f in do_sin (dx=-2.2440330815013296e-17, x=0.00082702661174782754) at ../sysdeps/ieee754/dbl-64/s_sin.c:140
140	../sysdeps/ieee754/dbl-64/s_sin.c: No such file or directory.
(gdb) (gdb) Continuing.
[New Thread 0x74a9a2a61640 (LWP 1046156)]
[New Thread 0x74a9a2260640 (LWP 1046157)]
[New Thread 0x74a9a1a5f640 (LWP 1046158)]
[New Thread 0x74a9a109b640 (LWP 1046159)]
[Thread 0x74a9a1a5f640 (LWP 1046158) exited]
[Thread 0x74a9a109b640 (LWP 1046159) exited]
[Thread 0x74a9a2260640 (LWP 1046157) exited]
[Thread 0x74a9a2a61640 (LWP 1046156) exited]
[Thread 0x74a9ab7fe640 (LWP 1046153) exited]
[Thread 0x74a9abfff640 (LWP 1046152) exited]
[Thread 0x74a9b8a75640 (LWP 1046151) exited]
[Thread 0x74a9b9276640 (LWP 1046150) exited]
[Thread 0x74a9b9a77640 (LWP 1046149) exited]
[Thread 0x74a9ba278640 (LWP 1046148) exited]
[Thread 0x74a9bbfff640 (LWP 1046146) exited]
[Thread 0x74a9c0a91640 (LWP 1046145) exited]
[Thread 0x74a9c1292640 (LWP 1046144) exited]
[Thread 0x74a9c1ffb640 (LWP 1046106) exited]
[Thread 0x74a9c27fc640 (LWP 1046105) exited]
[Thread 0x74a9c2ffd640 (LWP 1046104) exited]
[Thread 0x74a9badff640 (LWP 1046103) exited]
[Thread 0x74a9c37fe640 (LWP 1046102) exited]
[Thread 0x74a9c3fff640 (LWP 1046101) exited]
[Thread 0x74a9d0ad0640 (LWP 1046100) exited]
[Thread 0x74a9d12d1640 (LWP 1046099) exited]
[Thread 0x74a9d1377a00 (LWP 1046095) exited]
[Thread 0x74a9bb7fe640 (LWP 1046147) exited]
[New process 1046095]
[Inferior 1 (process 1046095) exited with code 01]
(gdb) (gdb) No stack.
