Attaching to process 1046803
[New LWP 1046807]
[New LWP 1046808]
[New LWP 1046809]
[New LWP 1046810]
[New LWP 1046811]
[New LWP 1046812]
[New LWP 1046813]
[New LWP 1046814]
[New LWP 1046852]
[New LWP 1046853]
[New LWP 1046854]
[New LWP 1046855]
[New LWP 1046856]
[New LWP 1046857]
[New LWP 1046858]
[New LWP 1046859]
[New LWP 1046860]
[New LWP 1046861]
142	../sysdeps/ieee754/dbl-64/s_sin.c: No such file or directory.
[Thread debugging using libthread_db enabled]
Using host libthread_db library "/lib/x86_64-linux-gnu/libthread_db.so.1".
0x0000776e794bc0d4 in do_sin (dx=4.6093607334947759e-17, x=6.4877899316972191e-310) at ../sysdeps/ieee754/dbl-64/s_sin.c:142
(gdb) (gdb) Continuing.
[New Thread 0x776e4dd80640 (LWP 1046864)]
[New Thread 0x776e4d57f640 (LWP 1046865)]
[New Thread 0x776e4cbbb640 (LWP 1046866)]
[New Thread 0x776e43fff640 (LWP 1046867)]
[Thread 0x776e43fff640 (LWP 1046867) exited]
[Thread 0x776e4cbbb640 (LWP 1046866) exited]
[Thread 0x776e4d57f640 (LWP 1046865) exited]
[Thread 0x776e4dd80640 (LWP 1046864) exited]
[Thread 0x776e5effd640 (LWP 1046861) exited]
[Thread 0x776e5f7fe640 (LWP 1046860) exited]
[Thread 0x776e5ffff640 (LWP 1046859) exited]
[Thread 0x776e6ca91640 (LWP 1046858) exited]
[Thread 0x776e6d292640 (LWP 1046857) exited]
[Thread 0x776e6da93640 (LWP 1046856) exited]
[Thread 0x776e6ea95640 (LWP 1046854) exited]
[Thread 0x776e6f296640 (LWP 1046853) exited]
[Thread 0x776e6fa97640 (LWP 1046852) exited]
[Thread 0x776e74da1640 (LWP 1046814) exited]
[Thread 0x776e755a2640 (LWP 1046813) exited]
[Thread 0x776e75da3640 (LWP 1046812) exited]
[Thread 0x776e765a4640 (LWP 1046811) exited]
[Thread 0x776e76da5640 (LWP 1046810) exited]
[Thread 0x776e775a6640 (LWP 1046809) exited]
[Thread 0x776e77da7640 (LWP 1046808) exited]
[Thread 0x776e785a8640 (LWP 1046807) exited]
[Thread 0x776e7864ea00 (LWP 1046803) exited]
[Thread 0x776e6e294640 (LWP 1046855) exited]
[New process 1046803]
[Inferior 1 (process 1046803) exited with code 01]
(gdb) (gdb) No stack.
