Attaching to process 1046589
[New LWP 1046610]
[New LWP 1046611]
[New LWP 1046612]
[New LWP 1046613]
[New LWP 1046614]
[New LWP 1046615]
[New LWP 1046620]
[New LWP 1046621]
[New LWP 1046653]
[New LWP 1046654]
[New LWP 1046655]
[New LWP 1046656]
[New LWP 1046657]
[New LWP 1046658]
[New LWP 1046659]
[New LWP 1046660]
[New LWP 1046661]
[New LWP 1046662]
[New LWP 1046663]
[New LWP 1046664]
[New LWP 1046665]
[New LWP 1046666]
[Thread debugging using libthread_db enabled]
Using host libthread_db library "/lib/x86_64-linux-gnu/libthread_db.so.1".
0x00007cf98459c7f8 in __GI___clock_nanosleep (clock_id=clock_id@entry=0, flags=flags@entry=0, req=req@entry=0x7ffcf46f8580, rem=rem@entry=0x7ffcf46f8580) at ../sysdeps/unix/sysv/linux/clock_nanosleep.c:78
78	../sysdeps/unix/sysv/linux/clock_nanosleep.c: No such file or directory.
(gdb) (gdb) Continuing.
[Thread 0x7cf95383c640 (LWP 1046666) exited]
[Thread 0x7cf95403d640 (LWP 1046665) exited]
[Thread 0x7cf95483e640 (LWP 1046664) exited]
[Thread 0x7cf95503f640 (LWP 1046663) exited]
[Thread 0x7cf959ffb640 (LWP 1046662) exited]
[Thread 0x7cf95a7fc640 (LWP 1046661) exited]
[Thread 0x7cf95affd640 (LWP 1046660) exited]
[Thread 0x7cf95b7fe640 (LWP 1046659) exited]
[Thread 0x7cf95bfff640 (LWP 1046658) exited]
[Thread 0x7cf960dad640 (LWP 1046657) exited]
[Thread 0x7cf961934640 (LWP 1046656) exited]
[Thread 0x7cf962135640 (LWP 1046655) exited]
[Thread 0x7cf962936640 (LWP 1046654) exited]
[Thread 0x7cf963137640 (LWP 1046653) exited]
[Thread 0x7cf963fff640 (LWP 1046621) exited]
[Thread 0x7cf980816640 (LWP 1046620) exited]
[Thread 0x7cf981017640 (LWP 1046615) exited]
[Thread 0x7cf981818640 (LWP 1046614) exited]
[Thread 0x7cf982019640 (LWP 1046613) exited]
[Thread 0x7cf98281a640 (LWP 1046612) exited]
[Thread 0x7cf98301b640 (LWP 1046611) exited]
[Thread 0x7cf98381c640 (LWP 1046610) exited]
[Inferior 1 (process 1046589) exited with code 01]
(gdb) (gdb) No stack.
