Attaching to process 1046014
[New LWP 1046018]
[New LWP 1046019]
[New LWP 1046020]
[New LWP 1046021]
[New LWP 1046022]
[New LWP 1046023]
[New LWP 1046024]
[New LWP 1046025]
[New LWP 1046046]
[New LWP 1046047]
[New LWP 1046048]
[New LWP 1046049]
[New LWP 1046050]
[New LWP 1046051]
[New LWP 1046052]
[New LWP 1046053]
[New LWP 1046054]
[New LWP 1046055]
[Thread debugging using libthread_db enabled]
Using host libthread_db library "/lib/x86_64-linux-gnu/libthread_db.so.1".
0x00007506342d7106 in do_sin (dx=-8.4823572136692124e-19, x=6.3570749909737583e-310) at ../sysdeps/ieee754/dbl-64/s_sin.c:142
142	../sysdeps/ieee754/dbl-64/s_sin.c: No such file or directory.
(gdb) (gdb) Continuing.
[New Thread 0x750604c0a640 (LWP 1046075)]
[New Thread 0x7505fffff640 (LWP 1046076)]
[New Thread 0x7505f7fff640 (LWP 1046077)]
[New Thread 0x7505ff7fe640 (LWP 1046078)]
[Thread 0x7505ff7fe640 (LWP 1046078) exited]
[Thread 0x7505f7fff640 (LWP 1046077) exited]
[Thread 0x7505fffff640 (LWP 1046076) exited]
[Thread 0x750604c0a640 (LWP 1046075) exited]
[Thread 0x7506097fa640 (LWP 1046055) exited]
[Thread 0x750609ffb640 (LWP 1046054) exited]
[Thread 0x75060a7fc640 (LWP 1046053) exited]
[Thread 0x75060affd640 (LWP 1046052) exited]
[Thread 0x75060b7fe640 (LWP 1046051) exited]
[Thread 0x75060bfff640 (LWP 1046050) exited]
[Thread 0x750611a93640 (LWP 1046048) exited]
[Thread 0x750612294640 (LWP 1046047) exited]
[Thread 0x750612a95640 (LWP 1046046) exited]
[Thread 0x7506137fe640 (LWP 1046025) exited]
[Thread 0x750613fff640 (LWP 1046024) exited]
[Thread 0x750630bbe640 (LWP 1046023) exited]
[Thread 0x7506313bf640 (LWP 1046022) exited]
[Thread 0x750631bc0640 (LWP 1046021) exited]
[Thread 0x7506323c1640 (LWP 1046020) exited]
[Thread 0x750632bc2640 (LWP 1046019) exited]
[Thread 0x7506333c3640 (LWP 1046018) exited]
[Thread 0x750633469a00 (LWP 1046014) exited]
[Thread 0x750611292640 (LWP 1046049) exited]
[New process 1046014]
[Inferior 1 (process 1046014) exited with code 01]
(gdb) No stack.
(gdb) 