Attaching to process 1045388
[New LWP 1045392]
[New LWP 1045393]
[New LWP 1045394]
[New LWP 1045395]
[New LWP 1045396]
[New LWP 1045397]
[New LWP 1045398]
[New LWP 1045399]
[New LWP 1045421]
[New LWP 1045422]
[New LWP 1045423]
[New LWP 1045424]
[New LWP 1045441]
[New LWP 1045442]
[New LWP 1045443]
[New LWP 1045444]
[New LWP 1045445]
[New LWP 1045446]
142	../sysdeps/ieee754/dbl-64/s_sin.c: No such file or directory.
[Thread debugging using libthread_db enabled]
Using host libthread_db library "/lib/x86_64-linux-gnu/libthread_db.so.1".
0x0000716b83ee711b in do_sin (dx=-1.7296545261502754e-18, x=6.1612147794676637e-310) at ../sysdeps/ieee754/dbl-64/s_sin.c:142
(gdb) (gdb) Continuing.
[New Thread 0x716b53fff640 (LWP 1045449)]
[New Thread 0x716b537fe640 (LWP 1045450)]
[New Thread 0x716b52ffd640 (LWP 1045451)]
[New Thread 0x716b527fc640 (LWP 1045452)]
[Thread 0x716b527fc640 (LWP 1045452) exited]
[Thread 0x716b52ffd640 (LWP 1045451) exited]
[Thread 0x716b537fe640 (LWP 1045450) exited]
[Thread 0x716b53fff640 (LWP 1045449) exited]
[Thread 0x716b615fb640 (LWP 1045446) exited]
[Thread 0x716b61dfc640 (LWP 1045445) exited]
[Thread 0x716b625fd640 (LWP 1045444) exited]
[Thread 0x716b62dfe640 (LWP 1045443) exited]
[Thread 0x716b63fff640 (LWP 1045442) exited]
[Thread 0x716b68c73640 (LWP 1045441) exited]
[Thread 0x716b697fa640 (LWP 1045424) exited]
[Thread 0x716b69ffb640 (LWP 1045423) exited]
[Thread 0x716b6a7fc640 (LWP 1045422) exited]
[Thread 0x716b6affd640 (LWP 1045421) exited]
[Thread 0x716b6b7fe640 (LWP 1045399) exited]
[Thread 0x716b635ff640 (LWP 1045398) exited]
[Thread 0x716b6bfff640 (LWP 1045397) exited]
[Thread 0x716b80fcf640 (LWP 1045396) exited]
[Thread 0x716b817d0640 (LWP 1045395) exited]
[Thread 0x716b81fd1640 (LWP 1045394) exited]
[Thread 0x716b827d2640 (LWP 1045393) exited]
[Thread 0x716b82fd3640 (LWP 1045392) exited]
[Inferior 1 (process 1045388) exited with code 01]
No stack.
(gdb) (gdb) 