Attaching to process 1046722
[New LWP 1046726]
[New LWP 1046727]
[New LWP 1046728]
[New LWP 1046729]
[New LWP 1046730]
[New LWP 1046731]
[New LWP 1046732]
[New LWP 1046733]
[New LWP 1046771]
[New LWP 1046772]
[New LWP 1046773]
[New LWP 1046774]
[New LWP 1046775]
[New LWP 1046776]
[New LWP 1046777]
[New LWP 1046778]
[New LWP 1046779]
[New LWP 1046780]
129	../sysdeps/ieee754/dbl-64/s_sin.c: No such file or directory.
[Thread debugging using libthread_db enabled]
Using host libthread_db library "/lib/x86_64-linux-gnu/libthread_db.so.1".
0x00007799f4fcd321 in do_sin (dx=3.6792145118814773e-18, x=6.4969145135983698e-310) at ../sysdeps/ieee754/dbl-64/s_sin.c:129
(gdb) (gdb) Continuing.
[New Thread 0x7799c58cc640 (LWP 1046783)]
[New Thread 0x7799c50cb640 (LWP 1046784)]
[New Thread 0x7799c48ca640 (LWP 1046785)]
[New Thread 0x7799bfe3c640 (LWP 1046786)]
[Thread 0x7799bfe3c640 (LWP 1046786) exited]
[Thread 0x7799c48ca640 (LWP 1046785) exited]
[Thread 0x7799c50cb640 (LWP 1046784) exited]
[Thread 0x7799c58cc640 (LWP 1046783) exited]
[Thread 0x7799ca7fc640 (LWP 1046780) exited]
[Thread 0x7799caffd640 (LWP 1046779) exited]
[Thread 0x7799cb7fe640 (LWP 1046778) exited]
[Thread 0x7799cbfff640 (LWP 1046777) exited]
[Thread 0x7799e8c73640 (LWP 1046776) exited]
[Thread 0x7799e9474640 (LWP 1046775) exited]
[Thread 0x7799ea7fc640 (LWP 1046773) exited]
[Thread 0x7799eaffd640 (LWP 1046772) exited]
[Thread 0x7799eb7fe640 (LWP 1046771) exited]
[Thread 0x7799f10b3640 (LWP 1046733) exited]
[Thread 0x7799f18b4640 (LWP 1046732) exited]
[Thread 0x7799f20b5640 (LWP 1046731) exited]
[Thread 0x7799f28b6640 (LWP 1046730) exited]
[Thread 0x7799f30b7640 (LWP 1046729) exited]
[Thread 0x7799f38b8640 (LWP 1046728) exited]
[Thread 0x7799ebfff640 (LWP 1046727) exited]
[Thread 0x7799f40b9640 (LWP 1046726) exited]
[Thread 0x7799f415fa00 (LWP 1046722) exited]
[Thread 0x7799e9ffb640 (LWP 1046774) exited]
[New process 1046722]
[Inferior 1 (process 1046722) exited with code 01]
(gdb) (gdb) No stack.
