Attaching to process 133008
[New LWP 133012]
[New LWP 133013]
[New LWP 133014]
[New LWP 133015]
[New LWP 133016]
[New LWP 133017]
[New LWP 133018]
[New LWP 133019]
[New LWP 133020]
[New LWP 133021]
[New LWP 133022]
[New LWP 133023]
[New LWP 133024]
[New LWP 133025]
[New LWP 133026]
[New LWP 133027]
[New LWP 133028]
[New LWP 133029]
[New LWP 133030]
[New LWP 133031]
[New LWP 133032]
[New LWP 133033]
78	../sysdeps/unix/sysv/linux/clock_nanosleep.c: No such file or directory.
[Thread debugging using libthread_db enabled]
Using host libthread_db library "/lib/x86_64-linux-gnu/libthread_db.so.1".
0x00007ce3310027f8 in __GI___clock_nanosleep (clock_id=clock_id@entry=0, flags=flags@entry=0, req=req@entry=0x7ffd16db6340, rem=rem@entry=0x7ffd16db6340) at ../sysdeps/unix/sysv/linux/clock_nanosleep.c:78
(gdb) (gdb) Continuing.
[Thread 0x7ce301af3640 (LWP 133030) exited]
[Thread 0x7ce2fbfff640 (LWP 133031) exited]
[Thread 0x7ce300ac9640 (LWP 133033) exited]
[Thread 0x7ce3012f2640 (LWP 133032) exited]
[Thread 0x7ce3067fc640 (LWP 133029) exited]
[Thread 0x7ce306ffd640 (LWP 133028) exited]
[Thread 0x7ce3077fe640 (LWP 133027) exited]
[Thread 0x7ce307fff640 (LWP 133026) exited]
[Thread 0x7ce30cf0c640 (LWP 133025) exited]
[Thread 0x7ce30d70d640 (LWP 133024) exited]
[Thread 0x7ce30e294640 (LWP 133023) exited]
[Thread 0x7ce30ea95640 (LWP 133022) exited]
[Thread 0x7ce30f296640 (LWP 133021) exited]
[Thread 0x7ce30fa97640 (LWP 133020) exited]
[Thread 0x7ce32ca7b640 (LWP 133019) exited]
[Thread 0x7ce32d27c640 (LWP 133018) exited]
[Thread 0x7ce32da7d640 (LWP 133017) exited]
[Thread 0x7ce32ea7f640 (LWP 133015) exited]
[Thread 0x7ce32f280640 (LWP 133014) exited]
[Thread 0x7ce32fa81640 (LWP 133013) exited]
[Thread 0x7ce330282640 (LWP 133012) exited]
[Thread 0x7ce330328a00 (LWP 133008) exited]
[Thread 0x7ce32e27e640 (LWP 133016) exited]
[New process 133008]
[Inferior 1 (process 133008) exited normally]
(gdb) No stack.
(gdb) 