Attaching to process 104024
[New LWP 104057]
[New LWP 104058]
[New LWP 104059]
[New LWP 104060]
[New LWP 104061]
[New LWP 104062]
[New LWP 104063]
[New LWP 104064]
[New LWP 104088]
[New LWP 104089]
[New LWP 104090]
[New LWP 104091]
[New LWP 104092]
[New LWP 104093]
[New LWP 104094]
[New LWP 104095]
[New LWP 104096]
[New LWP 104097]
[New LWP 104098]
[New LWP 104099]
[New LWP 104100]
[New LWP 104101]
78	../sysdeps/unix/sysv/linux/clock_nanosleep.c: No such file or directory.
[Thread debugging using libthread_db enabled]
Using host libthread_db library "/lib/x86_64-linux-gnu/libthread_db.so.1".
0x000078cbbc1747f8 in __GI___clock_nanosleep (clock_id=clock_id@entry=0, flags=flags@entry=0, req=req@entry=0x7ffeb10f50e0, rem=rem@entry=0x7ffeb10f50e0) at ../sysdeps/unix/sysv/linux/clock_nanosleep.c:78
(gdb) (gdb) Continuing.
[Thread 0x78cb8cc0a640 (LWP 104098) exited]
[Thread 0x78cb87fff640 (LWP 104099) exited]
[Thread 0x78cb86ffd640 (LWP 104101) exited]
[Thread 0x78cb877fe640 (LWP 104100) exited]
[Thread 0x78cb917fa640 (LWP 104097) exited]
[Thread 0x78cb91ffb640 (LWP 104096) exited]
[Thread 0x78cb927fc640 (LWP 104095) exited]
[Thread 0x78cb92ffd640 (LWP 104094) exited]
[Thread 0x78cb937fe640 (LWP 104093) exited]
[Thread 0x78cba1292640 (LWP 104091) exited]
[Thread 0x78cba1a93640 (LWP 104090) exited]
[Thread 0x78cba2294640 (LWP 104089) exited]
[Thread 0x78cba2a95640 (LWP 104088) exited]
[Thread 0x78cba37fe640 (LWP 104064) exited]
[Thread 0x78cba3fff640 (LWP 104063) exited]
[Thread 0x78cbb8bef640 (LWP 104062) exited]
[Thread 0x78cbb93f0640 (LWP 104061) exited]
[Thread 0x78cbb9bf1640 (LWP 104060) exited]
[Thread 0x78cbba3f2640 (LWP 104059) exited]
[Thread 0x78cbbabf3640 (LWP 104058) exited]
[Thread 0x78cbbb3f4640 (LWP 104057) exited]
[Thread 0x78cbbb49aa00 (LWP 104024) exited]
[Thread 0x78cb93fff640 (LWP 104092) exited]
[New process 104024]
[Inferior 1 (process 104024) exited normally]
(gdb) No stack.
(gdb) 