Attaching to process 2719321
[New LWP 2719354]
[New LWP 2719355]
[New LWP 2719356]
[New LWP 2719357]
[New LWP 2719358]
[New LWP 2719359]
[New LWP 2719360]
[New LWP 2719361]
[New LWP 2719385]
[New LWP 2719386]
[New LWP 2719387]
[New LWP 2719388]
[New LWP 2719389]
[New LWP 2719390]
[New LWP 2719391]
[New LWP 2719392]
[New LWP 2719393]
[New LWP 2719394]
[New LWP 2719395]
[New LWP 2719396]
[New LWP 2719397]
[New LWP 2719398]
[Thread debugging using libthread_db enabled]
Using host libthread_db library "/lib/x86_64-linux-gnu/libthread_db.so.1".
0x000078a104dcf7f8 in __GI___clock_nanosleep (clock_id=clock_id@entry=0, flags=flags@entry=0, req=req@entry=0x7ffffaaeb060, rem=rem@entry=0x7ffffaaeb060) at ../sysdeps/unix/sysv/linux/clock_nanosleep.c:78
78	../sysdeps/unix/sysv/linux/clock_nanosleep.c: No such file or directory.
(gdb) (gdb) Continuing.
[Thread 0x78a0d4884640 (LWP 2719398) exited]
[Thread 0x78a0d5085640 (LWP 2719397) exited]
[Thread 0x78a0d5886640 (LWP 2719395) exited]
[Thread 0x78a0da7fc640 (LWP 2719394) exited]
[Thread 0x78a0daffd640 (LWP 2719393) exited]
[Thread 0x78a0db7fe640 (LWP 2719392) exited]
[Thread 0x78a0dbfff640 (LWP 2719391) exited]
[Thread 0x78a0e0dad640 (LWP 2719390) exited]
[Thread 0x78a0e15ae640 (LWP 2719389) exited]
[Thread 0x78a0e2135640 (LWP 2719388) exited]
[Thread 0x78a0e2936640 (LWP 2719387) exited]
[Thread 0x78a0e3137640 (LWP 2719386) exited]
[Thread 0x78a0e3938640 (LWP 2719385) exited]
[Thread 0x78a100848640 (LWP 2719361) exited]
[Thread 0x78a101049640 (LWP 2719360) exited]
[Thread 0x78a10184a640 (LWP 2719359) exited]
[Thread 0x78a10204b640 (LWP 2719358) exited]
[Thread 0x78a10284c640 (LWP 2719357) exited]
[Thread 0x78a10304d640 (LWP 2719356) exited]
[Thread 0x78a10384e640 (LWP 2719355) exited]
[Thread 0x78a10404f640 (LWP 2719354) exited]
[Thread 0x78a1040f5a00 (LWP 2719321) exited]
[Thread 0x78a0ccfff640 (LWP 2719396) exited]
[New process 2719321]
[Inferior 1 (process 2719321) exited with code 01]
(gdb) (gdb) No stack.
