Attaching to process 2719865
[New LWP 2719898]
[New LWP 2719899]
[New LWP 2719900]
[New LWP 2719901]
[New LWP 2719902]
[New LWP 2719903]
[New LWP 2719904]
[New LWP 2719905]
[New LWP 2719929]
[New LWP 2719930]
[New LWP 2719931]
[New LWP 2719932]
[New LWP 2719933]
[New LWP 2719934]
[New LWP 2719935]
[New LWP 2719936]
[New LWP 2719937]
[New LWP 2719938]
[New LWP 2719939]
[New LWP 2719940]
[New LWP 2719941]
[New LWP 2719942]
[Thread debugging using libthread_db enabled]
Using host libthread_db library "/lib/x86_64-linux-gnu/libthread_db.so.1".
0x00007a05bfc0e7f8 in __GI___clock_nanosleep (clock_id=clock_id@entry=0, flags=flags@entry=0, req=req@entry=0x7ffede82eb90, rem=rem@entry=0x7ffede82eb90) at ../sysdeps/unix/sysv/linux/clock_nanosleep.c:78
78	../sysdeps/unix/sysv/linux/clock_nanosleep.c: No such file or directory.
(gdb) (gdb) Continuing.
[Thread 0x7a058ffff640 (LWP 2719939) exited]
[Thread 0x7a058e7fc640 (LWP 2719942) exited]
[Thread 0x7a058effd640 (LWP 2719941) exited]
[Thread 0x7a058f7fe640 (LWP 2719940) exited]
[Thread 0x7a05ad5fe640 (LWP 2719938) exited]
[Thread 0x7a05ae7fc640 (LWP 2719937) exited]
[Thread 0x7a05aeffd640 (LWP 2719936) exited]
[Thread 0x7a05af7fe640 (LWP 2719935) exited]
[Thread 0x7a05affff640 (LWP 2719934) exited]
[Thread 0x7a05b4a91640 (LWP 2719933) exited]
[Thread 0x7a05b5292640 (LWP 2719932) exited]
[Thread 0x7a05b5a93640 (LWP 2719931) exited]
[Thread 0x7a05b6294640 (LWP 2719930) exited]
[Thread 0x7a05b6a95640 (LWP 2719929) exited]
[Thread 0x7a05b77fe640 (LWP 2719905) exited]
[Thread 0x7a05b7fff640 (LWP 2719904) exited]
[Thread 0x7a05bce8a640 (LWP 2719903) exited]
[Thread 0x7a05bd68b640 (LWP 2719902) exited]
[Thread 0x7a05bde8c640 (LWP 2719901) exited]
[Thread 0x7a05addff640 (LWP 2719900) exited]
[Thread 0x7a05be68d640 (LWP 2719899) exited]
[Thread 0x7a05bee8e640 (LWP 2719898) exited]
[Inferior 1 (process 2719865) exited with code 01]
(gdb) No stack.
(gdb) 