Attaching to process 2718774
[New LWP 2718807]
[New LWP 2718808]
[New LWP 2718809]
[New LWP 2718810]
[New LWP 2718811]
[New LWP 2718812]
[New LWP 2718813]
[New LWP 2718814]
[New LWP 2718838]
[New LWP 2718839]
[New LWP 2718840]
[New LWP 2718841]
[New LWP 2718842]
[New LWP 2718843]
[New LWP 2718844]
[New LWP 2718845]
[New LWP 2718846]
[New LWP 2718847]
[New LWP 2718848]
[New LWP 2718849]
[New LWP 2718850]
[New LWP 2718851]
[Thread debugging using libthread_db enabled]
Using host libthread_db library "/lib/x86_64-linux-gnu/libthread_db.so.1".
0x0000737c44bb87f8 in __GI___clock_nanosleep (clock_id=clock_id@entry=0, flags=flags@entry=0, req=req@entry=0x7ffcfa6c0c10, rem=rem@entry=0x7ffcfa6c0c10) at ../sysdeps/unix/sysv/linux/clock_nanosleep.c:78
78	../sysdeps/unix/sysv/linux/clock_nanosleep.c: No such file or directory.
(gdb) (gdb) Continuing.
[Thread 0x737c0f7fe640 (LWP 2718851) exited]
[Thread 0x737c0ffff640 (LWP 2718850) exited]
[Thread 0x737c14e35640 (LWP 2718849) exited]
[Thread 0x737c15636640 (LWP 2718848) exited]
[Thread 0x737c1a7fc640 (LWP 2718847) exited]
[Thread 0x737c1affd640 (LWP 2718846) exited]
[Thread 0x737c1b7fe640 (LWP 2718845) exited]
[Thread 0x737c1bfff640 (LWP 2718844) exited]
[Thread 0x737c20a91640 (LWP 2718843) exited]
[Thread 0x737c21292640 (LWP 2718842) exited]
[Thread 0x737c21a93640 (LWP 2718841) exited]
[Thread 0x737c22294640 (LWP 2718840) exited]
[Thread 0x737c22a95640 (LWP 2718839) exited]
[Thread 0x737c23296640 (LWP 2718838) exited]
[Thread 0x737c23fff640 (LWP 2718814) exited]
[Thread 0x737c40e32640 (LWP 2718813) exited]
[Thread 0x737c41633640 (LWP 2718812) exited]
[Thread 0x737c41e34640 (LWP 2718811) exited]
[Thread 0x737c42635640 (LWP 2718810) exited]
[Thread 0x737c42e36640 (LWP 2718809) exited]
[Thread 0x737c43637640 (LWP 2718808) exited]
[Thread 0x737c43e38640 (LWP 2718807) exited]
[Inferior 1 (process 2718774) exited with code 01]
(gdb) (gdb) No stack.
