Attaching to process 62125
[New LWP 62129]
[New LWP 62130]
[New LWP 62131]
[New LWP 62132]
[New LWP 62133]
[New LWP 62134]
[New LWP 62135]
[New LWP 62136]
[New LWP 62137]
[New LWP 62138]
[New LWP 62139]
[New LWP 62140]
[New LWP 62141]
[New LWP 62142]
[New LWP 62143]
[New LWP 62144]
[New LWP 62145]
[New LWP 62146]
[New LWP 62147]
[New LWP 62148]
[New LWP 62149]
[New LWP 62150]
[Thread debugging using libthread_db enabled]
Using host libthread_db library "/lib/x86_64-linux-gnu/libthread_db.so.1".
0x00007862c504d7f8 in __GI___clock_nanosleep (clock_id=clock_id@entry=0, flags=flags@entry=0, req=req@entry=0x7fff48fcf650, rem=rem@entry=0x7fff48fcf650) at ../sysdeps/unix/sysv/linux/clock_nanosleep.c:78
78	../sysdeps/unix/sysv/linux/clock_nanosleep.c: No such file or directory.
(gdb) (gdb) Continuing.
[Thread 0x786299ac2640 (LWP 62147) exited]
[Thread 0x7862992c1640 (LWP 62148) exited]
[Thread 0x786287fff640 (LWP 62150) exited]
[Thread 0x786298ac0640 (LWP 62149) exited]
[Thread 0x7862a27fc640 (LWP 62146) exited]
[Thread 0x7862a2ffd640 (LWP 62145) exited]
[Thread 0x7862a37fe640 (LWP 62144) exited]
[Thread 0x7862a3fff640 (LWP 62143) exited]
[Thread 0x7862b89fa640 (LWP 62142) exited]
[Thread 0x7862b91fb640 (LWP 62141) exited]
[Thread 0x7862b99fc640 (LWP 62140) exited]
[Thread 0x7862ba1fd640 (LWP 62139) exited]
[Thread 0x7862ba9fe640 (LWP 62138) exited]
[Thread 0x7862bbfff640 (LWP 62137) exited]
[Thread 0x7862c12c7640 (LWP 62136) exited]
[Thread 0x7862c1ac8640 (LWP 62135) exited]
[Thread 0x7862c22c9640 (LWP 62134) exited]
[Thread 0x7862c2aca640 (LWP 62133) exited]
[Thread 0x7862c32cb640 (LWP 62132) exited]
[Thread 0x7862c3acc640 (LWP 62130) exited]
[Thread 0x7862c42cd640 (LWP 62129) exited]
[Thread 0x7862c4373a00 (LWP 62125) exited]
[Thread 0x7862bb1ff640 (LWP 62131) exited]
[New process 62125]
[Inferior 1 (process 62125) exited normally]
(gdb) (gdb) No stack.
