Attaching to process 3637755
[New LWP 3637788]
[New LWP 3637789]
[New LWP 3637790]
[New LWP 3637791]
[New LWP 3637792]
[New LWP 3637793]
[New LWP 3637794]
[New LWP 3637795]
[New LWP 3637819]
[New LWP 3637820]
[New LWP 3637821]
[New LWP 3637822]
[New LWP 3637823]
[New LWP 3637824]
[New LWP 3637825]
[New LWP 3637826]
[New LWP 3637827]
[New LWP 3637828]
[New LWP 3637829]
[New LWP 3637830]
[New LWP 3637831]
[New LWP 3637832]
[Thread debugging using libthread_db enabled]
Using host libthread_db library "/lib/x86_64-linux-gnu/libthread_db.so.1".
0x000072921d34f7f8 in __GI___clock_nanosleep (clock_id=clock_id@entry=0, flags=flags@entry=0, req=req@entry=0x7ffd75008fd0, rem=rem@entry=0x7ffd75008fd0) at ../sysdeps/unix/sysv/linux/clock_nanosleep.c:78
78	../sysdeps/unix/sysv/linux/clock_nanosleep.c: No such file or directory.
(gdb) (gdb) Continuing.
[Thread 0x7291eddf1640 (LWP 3637829) exited]
[Thread 0x7291ed5f0640 (LWP 3637830) exited]
[Thread 0x7291e7fff640 (LWP 3637832) exited]
[Thread 0x7291ecc2c640 (LWP 3637831) exited]
[Thread 0x7291f2ffd640 (LWP 3637828) exited]
[Thread 0x7291f37fe640 (LWP 3637827) exited]
[Thread 0x7291f3fff640 (LWP 3637826) exited]
[Thread 0x7291f8a91640 (LWP 3637825) exited]
[Thread 0x7291f9292640 (LWP 3637824) exited]
[Thread 0x7291f9a93640 (LWP 3637823) exited]
[Thread 0x7291faa95640 (LWP 3637821) exited]
[Thread 0x7291fb296640 (LWP 3637820) exited]
[Thread 0x7291fba97640 (LWP 3637819) exited]
[Thread 0x729218dc8640 (LWP 3637795) exited]
[Thread 0x7292195c9640 (LWP 3637794) exited]
[Thread 0x729219dca640 (LWP 3637793) exited]
[Thread 0x72921a5cb640 (LWP 3637792) exited]
[Thread 0x72921adcc640 (LWP 3637791) exited]
[Thread 0x72921b5cd640 (LWP 3637790) exited]
[Thread 0x72921bdce640 (LWP 3637789) exited]
[Thread 0x72921c5cf640 (LWP 3637788) exited]
[Thread 0x72921c675a00 (LWP 3637755) exited]
[Thread 0x7291fa294640 (LWP 3637822) exited]
[New process 3637755]
[Inferior 1 (process 3637755) exited normally]
(gdb) No stack.
(gdb) 