Attaching to process 1440169
[New LWP 1440173]
[New LWP 1440174]
[New LWP 1440175]
[New LWP 1440176]
[New LWP 1440177]
[New LWP 1440178]
[New LWP 1440179]
[New LWP 1440180]
[New LWP 1440181]
[New LWP 1440182]
[New LWP 1440183]
[New LWP 1440184]
[New LWP 1440185]
[New LWP 1440186]
[New LWP 1440187]
[New LWP 1440188]
[New LWP 1440189]
[New LWP 1440190]
[New LWP 1440191]
[New LWP 1440192]
[New LWP 1440193]
[New LWP 1440194]
[Thread debugging using libthread_db enabled]
Using host libthread_db library "/lib/x86_64-linux-gnu/libthread_db.so.1".
0x00007fe25bd687f8 in __GI___clock_nanosleep (clock_id=clock_id@entry=0, flags=flags@entry=0, req=req@entry=0x7ffcba550810, rem=rem@entry=0x7ffcba550810) at ../sysdeps/unix/sysv/linux/clock_nanosleep.c:78
78	../sysdeps/unix/sysv/linux/clock_nanosleep.c: No such file or directory.
(gdb) (gdb) Continuing.
[Thread 0x7fe22c83d640 (LWP 1440191) exited]
[Thread 0x7fe22c03c640 (LWP 1440192) exited]
[Thread 0x7fe22b012640 (LWP 1440194) exited]
[Thread 0x7fe22b83b640 (LWP 1440193) exited]
[Thread 0x7fe2317fa640 (LWP 1440190) exited]
[Thread 0x7fe231ffb640 (LWP 1440189) exited]
[Thread 0x7fe2327fc640 (LWP 1440188) exited]
[Thread 0x7fe232ffd640 (LWP 1440187) exited]
[Thread 0x7fe2337fe640 (LWP 1440186) exited]
[Thread 0x7fe233fff640 (LWP 1440185) exited]
[Thread 0x7fe250ff9640 (LWP 1440184) exited]
[Thread 0x7fe2517fa640 (LWP 1440183) exited]
[Thread 0x7fe251ffb640 (LWP 1440182) exited]
[Thread 0x7fe2527fc640 (LWP 1440181) exited]
[Thread 0x7fe252ffd640 (LWP 1440180) exited]
[Thread 0x7fe2537fe640 (LWP 1440179) exited]
[Thread 0x7fe258fe4640 (LWP 1440178) exited]
[Thread 0x7fe259fe6640 (LWP 1440176) exited]
[Thread 0x7fe25a7e7640 (LWP 1440175) exited]
[Thread 0x7fe253fff640 (LWP 1440174) exited]
[Thread 0x7fe25afe8640 (LWP 1440173) exited]
[Thread 0x7fe25b08ea00 (LWP 1440169) exited]
[Thread 0x7fe2597e5640 (LWP 1440177) exited]
[New process 1440169]
[Inferior 1 (process 1440169) exited normally]
(gdb) No stack.
(gdb) 