Attaching to process 1502032
[New LWP 1502036]
[New LWP 1502037]
[New LWP 1502038]
[New LWP 1502039]
[New LWP 1502040]
[New LWP 1502041]
[New LWP 1502042]
[New LWP 1502043]
78	../sysdeps/unix/sysv/linux/clock_nanosleep.c: No such file or directory.
[Thread debugging using libthread_db enabled]
Using host libthread_db library "/lib/x86_64-linux-gnu/libthread_db.so.1".
0x000079eeb9de27f8 in __GI___clock_nanosleep (clock_id=clock_id@entry=0, flags=flags@entry=0, req=req@entry=0x7fffc4f02f20, rem=rem@entry=0x7fffc4f02f20) at ../sysdeps/unix/sysv/linux/clock_nanosleep.c:78
(gdb) (gdb) Continuing.
[New Thread 0x79eeb0932640 (LWP 1502083)]
[New Thread 0x79ee93fff640 (LWP 1502084)]
[New Thread 0x79ee937fe640 (LWP 1502085)]
[New Thread 0x79ee92ffd640 (LWP 1502086)]
[New Thread 0x79ee92476640 (LWP 1502087)]
[New Thread 0x79ee91c75640 (LWP 1502088)]
[New Thread 0x79ee91474640 (LWP 1502089)]
[New Thread 0x79ee90c73640 (LWP 1502090)]
[New Thread 0x79ee90472640 (LWP 1502091)]
[New Thread 0x79ee8fc71640 (LWP 1502092)]
[New Thread 0x79ee8a8a3640 (LWP 1502093)]
[New Thread 0x79ee8a0a2640 (LWP 1502094)]
[New Thread 0x79ee89879640 (LWP 1502095)]
[New Thread 0x79ee88eb5640 (LWP 1502096)]
[Thread 0x79ee88eb5640 (LWP 1502096) exited]
[Thread 0x79ee89879640 (LWP 1502095) exited]
[Thread 0x79ee8a0a2640 (LWP 1502094) exited]
[Thread 0x79ee8a8a3640 (LWP 1502093) exited]
[Thread 0x79ee8fc71640 (LWP 1502092) exited]
[Thread 0x79ee90472640 (LWP 1502091) exited]
[Thread 0x79ee90c73640 (LWP 1502090) exited]
[Thread 0x79ee91474640 (LWP 1502089) exited]
[Thread 0x79ee91c75640 (LWP 1502088) exited]
[Thread 0x79ee92476640 (LWP 1502087) exited]
[Thread 0x79ee92ffd640 (LWP 1502086) exited]
[Thread 0x79ee937fe640 (LWP 1502085) exited]
[Thread 0x79ee93fff640 (LWP 1502084) exited]
[Thread 0x79eeb17fa640 (LWP 1502043) exited]
[Thread 0x79eeb1ffb640 (LWP 1502042) exited]
[Thread 0x79eeb27fc640 (LWP 1502041) exited]
[Thread 0x79eeb2ffd640 (LWP 1502040) exited]
[Thread 0x79eeb37fe640 (LWP 1502039) exited]
[Thread 0x79eeb3fff640 (LWP 1502038) exited]
[Thread 0x79eeb8861640 (LWP 1502037) exited]
[Thread 0x79eeb9062640 (LWP 1502036) exited]
[Thread 0x79eeb9108a00 (LWP 1502032) exited]
[Thread 0x79eeb0932640 (LWP 1502083) exited]
[New process 1502032]
[Inferior 1 (process 1502032) exited with code 01]
(gdb) (gdb) No stack.
