Attaching to process 1503282
[New LWP 1503286]
[New LWP 1503287]
[New LWP 1503288]
[New LWP 1503289]
[New LWP 1503290]
[New LWP 1503291]
[New LWP 1503292]
[New LWP 1503293]
120	../sysdeps/unix/syscall-template.S: No such file or directory.
[Thread debugging using libthread_db enabled]
Using host libthread_db library "/lib/x86_64-linux-gnu/libthread_db.so.1".
0x000079408c5afcdb in eventfd () at ../sysdeps/unix/syscall-template.S:120
(gdb) (gdb) Continuing.
[New Thread 0x79407affd640 (LWP 1503333)]
[New Thread 0x79407a7fc640 (LWP 1503334)]
[New Thread 0x794079ffb640 (LWP 1503335)]
[New Thread 0x7940797fa640 (LWP 1503336)]
[New Thread 0x794078c73640 (LWP 1503337)]
[New Thread 0x794063fff640 (LWP 1503338)]
[New Thread 0x7940637fe640 (LWP 1503339)]
[New Thread 0x794062ffd640 (LWP 1503340)]
[New Thread 0x7940627fc640 (LWP 1503341)]
[New Thread 0x794061ffb640 (LWP 1503342)]
[New Thread 0x79405d03e640 (LWP 1503343)]
[New Thread 0x79405c83d640 (LWP 1503344)]
[New Thread 0x79404fdff640 (LWP 1503345)]
[New Thread 0x794057e3c640 (LWP 1503346)]
[Thread 0x794057e3c640 (LWP 1503346) exited]
[Thread 0x79404fdff640 (LWP 1503345) exited]
[Thread 0x79405d03e640 (LWP 1503343) exited]
[Thread 0x794061ffb640 (LWP 1503342) exited]
[Thread 0x7940627fc640 (LWP 1503341) exited]
[Thread 0x794062ffd640 (LWP 1503340) exited]
[Thread 0x7940637fe640 (LWP 1503339) exited]
[Thread 0x794063fff640 (LWP 1503338) exited]
[Thread 0x794078c73640 (LWP 1503337) exited]
[Thread 0x7940797fa640 (LWP 1503336) exited]
[Thread 0x794079ffb640 (LWP 1503335) exited]
[Thread 0x79407a7fc640 (LWP 1503334) exited]
[Thread 0x79407affd640 (LWP 1503333) exited]
[Thread 0x79407b7fe640 (LWP 1503293) exited]
[Thread 0x79407bfff640 (LWP 1503292) exited]
[Thread 0x794088fea640 (LWP 1503291) exited]
[Thread 0x7940897eb640 (LWP 1503290) exited]
[Thread 0x794089fec640 (LWP 1503289) exited]
[Thread 0x79408a7ed640 (LWP 1503288) exited]
[Thread 0x79408afee640 (LWP 1503287) exited]
[Thread 0x79408b7ef640 (LWP 1503286) exited]
[Thread 0x79408b895a00 (LWP 1503282) exited]
[Thread 0x79405c83d640 (LWP 1503344) exited]
[New process 1503282]
[Inferior 1 (process 1503282) exited with code 01]
(gdb) No stack.
(gdb) 