Attaching to process 1502524
[New LWP 1502557]
[New LWP 1502558]
[New LWP 1502559]
[New LWP 1502560]
[New LWP 1502561]
[New LWP 1502562]
[New LWP 1502563]
[New LWP 1502564]
[New LWP 1502588]
[New LWP 1502589]
[New LWP 1502590]
[New LWP 1502591]
[New LWP 1502592]
[New LWP 1502593]
[New LWP 1502594]
[New LWP 1502595]
[New LWP 1502596]
[New LWP 1502597]
[New LWP 1502598]
[New LWP 1502599]
[New LWP 1502600]
[New LWP 1502601]
[Thread debugging using libthread_db enabled]
Using host libthread_db library "/lib/x86_64-linux-gnu/libthread_db.so.1".
0x00007c3bf63b27f8 in __GI___clock_nanosleep (clock_id=clock_id@entry=0, flags=flags@entry=0, req=req@entry=0x7ffd742867d0, rem=rem@entry=0x7ffd742867d0) at ../sysdeps/unix/sysv/linux/clock_nanosleep.c:78
78	../sysdeps/unix/sysv/linux/clock_nanosleep.c: No such file or directory.
(gdb) (gdb) Continuing.
[Thread 0x7c3bc95ee640 (LWP 1502601) exited]
[Thread 0x7c3bc9def640 (LWP 1502600) exited]
[Thread 0x7c3bca5f0640 (LWP 1502599) exited]
[Thread 0x7c3bcadf1640 (LWP 1502598) exited]
[Thread 0x7c3be3dfe640 (LWP 1502597) exited]
[Thread 0x7c3be4ff9640 (LWP 1502596) exited]
[Thread 0x7c3be57fa640 (LWP 1502595) exited]
[Thread 0x7c3be5ffb640 (LWP 1502594) exited]
[Thread 0x7c3be67fc640 (LWP 1502593) exited]
[Thread 0x7c3be6ffd640 (LWP 1502592) exited]
[Thread 0x7c3be77fe640 (LWP 1502591) exited]
[Thread 0x7c3beca91640 (LWP 1502589) exited]
[Thread 0x7c3bed292640 (LWP 1502588) exited]
[Thread 0x7c3bedffb640 (LWP 1502564) exited]
[Thread 0x7c3bee7fc640 (LWP 1502563) exited]
[Thread 0x7c3beeffd640 (LWP 1502562) exited]
[Thread 0x7c3bef7fe640 (LWP 1502561) exited]
[Thread 0x7c3beffff640 (LWP 1502560) exited]
[Thread 0x7c3be45ff640 (LWP 1502559) exited]
[Thread 0x7c3bf4e31640 (LWP 1502558) exited]
[Thread 0x7c3bf5632640 (LWP 1502557) exited]
[Thread 0x7c3bf56d8a00 (LWP 1502524) exited]
[Thread 0x7c3be7fff640 (LWP 1502590) exited]
[New process 1502524]
[Inferior 1 (process 1502524) exited with code 01]
(gdb) No stack.
(gdb) 