Attaching to process 1501899
[New LWP 1501932]
[New LWP 1501933]
[New LWP 1501934]
[New LWP 1501935]
[New LWP 1501936]
[New LWP 1501937]
[New LWP 1501938]
[New LWP 1501939]
[New LWP 1501963]
[New LWP 1501964]
[New LWP 1501965]
[New LWP 1501966]
[New LWP 1501967]
[New LWP 1501968]
[New LWP 1501969]
[New LWP 1501970]
[New LWP 1501971]
[New LWP 1501972]
[Thread debugging using libthread_db enabled]
Using host libthread_db library "/lib/x86_64-linux-gnu/libthread_db.so.1".
0x00007c7fc19a9c6b in mlockall () at ../sysdeps/unix/syscall-template.S:120
120	../sysdeps/unix/syscall-template.S: No such file or directory.
(gdb) (gdb) Continuing.
[New Thread 0x7c7f92387640 (LWP 1502012)]
[New Thread 0x7c7f91b86640 (LWP 1502013)]
[New Thread 0x7c7f91385640 (LWP 1502014)]
[New Thread 0x7c7f909c1640 (LWP 1502015)]
[Thread 0x7c7f909c1640 (LWP 1502015) exited]
[Thread 0x7c7f91385640 (LWP 1502014) exited]
[Thread 0x7c7f91b86640 (LWP 1502013) exited]
[Thread 0x7c7f92387640 (LWP 1502012) exited]
[Thread 0x7c7fab7fe640 (LWP 1501972) exited]
[Thread 0x7c7fabfff640 (LWP 1501971) exited]
[Thread 0x7c7fb0c73640 (LWP 1501970) exited]
[Thread 0x7c7fb1474640 (LWP 1501969) exited]
[Thread 0x7c7fb1c75640 (LWP 1501968) exited]
[Thread 0x7c7fb2476640 (LWP 1501967) exited]
[Thread 0x7c7fb2ffd640 (LWP 1501966) exited]
[Thread 0x7c7fb37fe640 (LWP 1501965) exited]
[Thread 0x7c7fb3fff640 (LWP 1501964) exited]
[Thread 0x7c7fb8a91640 (LWP 1501963) exited]
[Thread 0x7c7fb97fa640 (LWP 1501939) exited]
[Thread 0x7c7fb9ffb640 (LWP 1501938) exited]
[Thread 0x7c7fba7fc640 (LWP 1501937) exited]
[Thread 0x7c7fbaffd640 (LWP 1501936) exited]
[Thread 0x7c7faadff640 (LWP 1501935) exited]
[Thread 0x7c7fbb7fe640 (LWP 1501934) exited]
[Thread 0x7c7fbbfff640 (LWP 1501933) exited]
[Thread 0x7c7fc0bf0640 (LWP 1501932) exited]
[Inferior 1 (process 1501899) exited with code 01]
(gdb) No stack.
(gdb) 