Attaching to process 1503149
[New LWP 1503182]
[New LWP 1503183]
[New LWP 1503184]
[New LWP 1503185]
[New LWP 1503186]
[New LWP 1503187]
[New LWP 1503188]
[New LWP 1503189]
[New LWP 1503213]
[New LWP 1503214]
[New LWP 1503215]
[New LWP 1503216]
[New LWP 1503217]
[New LWP 1503218]
[New LWP 1503219]
[New LWP 1503220]
[New LWP 1503221]
[New LWP 1503222]
[New LWP 1503223]
[New LWP 1503224]
[New LWP 1503225]
[New LWP 1503226]
78	../sysdeps/unix/sysv/linux/clock_nanosleep.c: No such file or directory.
[Thread debugging using libthread_db enabled]
Using host libthread_db library "/lib/x86_64-linux-gnu/libthread_db.so.1".
0x00007ac3ae92a7f8 in __GI___clock_nanosleep (clock_id=clock_id@entry=0, flags=flags@entry=0, req=req@entry=0x7ffcfcfa48f0, rem=rem@entry=0x7ffcfcfa48f0) at ../sysdeps/unix/sysv/linux/clock_nanosleep.c:78
(gdb) (gdb) Continuing.
[Thread 0x7ac37e380640 (LWP 1503226) exited]
[Thread 0x7ac37eb81640 (LWP 1503225) exited]
[Thread 0x7ac3769ff640 (LWP 1503224) exited]
[Thread 0x7ac37f382640 (LWP 1503223) exited]
[Thread 0x7ac383fff640 (LWP 1503222) exited]
[Thread 0x7ac390c73640 (LWP 1503221) exited]
[Thread 0x7ac391474640 (LWP 1503220) exited]
[Thread 0x7ac391c75640 (LWP 1503219) exited]
[Thread 0x7ac392476640 (LWP 1503218) exited]
[Thread 0x7ac392c77640 (LWP 1503217) exited]
[Thread 0x7ac3937fe640 (LWP 1503216) exited]
[Thread 0x7ac393fff640 (LWP 1503215) exited]
[Thread 0x7ac3a4a91640 (LWP 1503214) exited]
[Thread 0x7ac3a5292640 (LWP 1503213) exited]
[Thread 0x7ac3a67fc640 (LWP 1503188) exited]
[Thread 0x7ac3a6ffd640 (LWP 1503187) exited]
[Thread 0x7ac3a77fe640 (LWP 1503186) exited]
[Thread 0x7ac3a7fff640 (LWP 1503185) exited]
[Thread 0x7ac3acba8640 (LWP 1503184) exited]
[Thread 0x7ac3ad3a9640 (LWP 1503183) exited]
[Thread 0x7ac3adbaa640 (LWP 1503182) exited]
[Thread 0x7ac3adc50a00 (LWP 1503149) exited]
[Thread 0x7ac3a5ffb640 (LWP 1503189) exited]
[New process 1503149]
[Inferior 1 (process 1503149) exited with code 01]
(gdb) No stack.
(gdb) 