Attaching to process 1502657
[New LWP 1502661]
[New LWP 1502662]
[New LWP 1502663]
[New LWP 1502664]
[New LWP 1502665]
[New LWP 1502666]
[New LWP 1502667]
[New LWP 1502668]
[New LWP 1502706]
[New LWP 1502707]
[New LWP 1502708]
[New LWP 1502709]
[New LWP 1502710]
[New LWP 1502711]
[New LWP 1502712]
[New LWP 1502713]
[New LWP 1502714]
[New LWP 1502715]
[Thread debugging using libthread_db enabled]
Using host libthread_db library "/lib/x86_64-linux-gnu/libthread_db.so.1".
top12 (x=<optimized out>) at ../sysdeps/ieee754/dbl-64/math_config.h:68
68	../sysdeps/ieee754/dbl-64/math_config.h: No such file or directory.
(gdb) (gdb) Continuing.
[New Thread 0x751172159640 (LWP 1502718)]
[New Thread 0x751171958640 (LWP 1502719)]
[New Thread 0x751171157640 (LWP 1502720)]
[New Thread 0x75116bfff640 (LWP 1502721)]
[Thread 0x75116bfff640 (LWP 1502721) exited]
[Thread 0x751171157640 (LWP 1502720) exited]
[Thread 0x751171958640 (LWP 1502719) exited]
[Thread 0x751172159640 (LWP 1502718) exited]
[Thread 0x751176ffd640 (LWP 1502715) exited]
[Thread 0x7511777fe640 (LWP 1502714) exited]
[Thread 0x751177fff640 (LWP 1502713) exited]
[Thread 0x75118ca75640 (LWP 1502712) exited]
[Thread 0x75118d276640 (LWP 1502711) exited]
[Thread 0x75118da77640 (LWP 1502710) exited]
[Thread 0x75118e5fe640 (LWP 1502709) exited]
[Thread 0x75118f7fe640 (LWP 1502708) exited]
[Thread 0x75118ffff640 (LWP 1502707) exited]
[Thread 0x751194a91640 (LWP 1502706) exited]
[Thread 0x7511957fa640 (LWP 1502668) exited]
[Thread 0x751195ffb640 (LWP 1502667) exited]
[Thread 0x7511967fc640 (LWP 1502666) exited]
[Thread 0x751196ffd640 (LWP 1502665) exited]
[Thread 0x75118edff640 (LWP 1502664) exited]
[Thread 0x7511977fe640 (LWP 1502663) exited]
[Thread 0x751197fff640 (LWP 1502662) exited]
[Thread 0x7511a09b6640 (LWP 1502661) exited]
[Inferior 1 (process 1502657) exited with code 01]
(gdb) (gdb) No stack.
