Attaching to process 317285
[New LWP 317289]
[New LWP 317290]
[New LWP 317291]
[New LWP 317292]
[New LWP 317293]
[New LWP 317294]
[New LWP 317295]
[New LWP 317296]
[New LWP 317297]
[New LWP 317298]
[New LWP 317299]
[New LWP 317300]
[New LWP 317301]
[New LWP 317302]
[New LWP 317303]
[New LWP 317304]
[New LWP 317305]
[New LWP 317306]
[New LWP 317307]
[New LWP 317308]
[New LWP 317309]
[New LWP 317310]
[Thread debugging using libthread_db enabled]
Using host libthread_db library "/lib/x86_64-linux-gnu/libthread_db.so.1".
0x00007c83d1d277f8 in __GI___clock_nanosleep (clock_id=clock_id@entry=0, flags=flags@entry=0, req=req@entry=0x7ffcc40194b0, rem=rem@entry=0x7ffcc40194b0) at ../sysdeps/unix/sysv/linux/clock_nanosleep.c:78
78	../sysdeps/unix/sysv/linux/clock_nanosleep.c: No such file or directory.
(gdb) (gdb) Continuing.
[Thread 0x7c83a27f3640 (LWP 317307) exited]
[Thread 0x7c83a1ff2640 (LWP 317308) exited]
[Thread 0x7c83a0e05640 (LWP 317310) exited]
[Thread 0x7c83a17c9640 (LWP 317309) exited]
[Thread 0x7c83a77f6640 (LWP 317306) exited]
[Thread 0x7c83a7ff7640 (LWP 317305) exited]
[Thread 0x7c83a87f8640 (LWP 317304) exited]
[Thread 0x7c83a8ff9640 (LWP 317303) exited]
[Thread 0x7c83a97fa640 (LWP 317302) exited]
[Thread 0x7c83a9ffb640 (LWP 317301) exited]
[Thread 0x7c83aa7fc640 (LWP 317300) exited]
[Thread 0x7c83aaffd640 (LWP 317299) exited]
[Thread 0x7c83ab7fe640 (LWP 317298) exited]
[Thread 0x7c83abfff640 (LWP 317297) exited]
[Thread 0x7c83c8ff9640 (LWP 317296) exited]
[Thread 0x7c83c97fa640 (LWP 317295) exited]
[Thread 0x7c83c9ffb640 (LWP 317294) exited]
[Thread 0x7c83ca7fc640 (LWP 317293) exited]
[Thread 0x7c83caffd640 (LWP 317292) exited]
[Thread 0x7c83cb7fe640 (LWP 317291) exited]
[Thread 0x7c83cbfff640 (LWP 317290) exited]
[Thread 0x7c83d0fa7640 (LWP 317289) exited]
[Inferior 1 (process 317285) exited normally]
(gdb) No stack.
(gdb) 