Attaching to process 650204
[New LWP 650208]
[New LWP 650209]
[New LWP 650210]
[New LWP 650211]
[New LWP 650212]
[New LWP 650213]
[New LWP 650214]
[New LWP 650215]
[New LWP 650217]
[New LWP 650218]
[New LWP 650219]
[New LWP 650220]
[New LWP 650221]
[New LWP 650222]
[New LWP 650223]
[New LWP 650224]
[New LWP 650225]
[New LWP 650226]
[New LWP 650227]
[New LWP 650228]
[New LWP 650229]
[New LWP 650230]
78	../sysdeps/unix/sysv/linux/clock_nanosleep.c: No such file or directory.
[Thread debugging using libthread_db enabled]
Using host libthread_db library "/lib/x86_64-linux-gnu/libthread_db.so.1".
0x0000770906c3f7f8 in __GI___clock_nanosleep (clock_id=clock_id@entry=0, flags=flags@entry=0, req=req@entry=0x7ffd7e641e40, rem=rem@entry=0x7ffd7e641e40) at ../sysdeps/unix/sysv/linux/clock_nanosleep.c:78
(gdb) (gdb) Continuing.
[Thread 0x7708d770a640 (LWP 650227) exited]
[Thread 0x7708cffff640 (LWP 650228) exited]
[Thread 0x7708d651d640 (LWP 650230) exited]
[Thread 0x7708d6ee1640 (LWP 650229) exited]
[Thread 0x7708dc7f8640 (LWP 650225) exited]
[Thread 0x7708dcff9640 (LWP 650224) exited]
[Thread 0x7708dd7fa640 (LWP 650223) exited]
[Thread 0x7708ddffb640 (LWP 650222) exited]
[Thread 0x7708de7fc640 (LWP 650221) exited]
[Thread 0x7708deffd640 (LWP 650220) exited]
[Thread 0x7708df7fe640 (LWP 650219) exited]
[Thread 0x7708dffff640 (LWP 650218) exited]
[Thread 0x7708fcdfe640 (LWP 650217) exited]
[Thread 0x7708fe7fc640 (LWP 650215) exited]
[Thread 0x7708feffd640 (LWP 650214) exited]
[Thread 0x7708ff7fe640 (LWP 650213) exited]
[Thread 0x7708fffff640 (LWP 650212) exited]
[Thread 0x770904ebd640 (LWP 650211) exited]
[Thread 0x7709056be640 (LWP 650210) exited]
[Thread 0x7708fd5ff640 (LWP 650209) exited]
[Thread 0x770905ebf640 (LWP 650208) exited]
[Thread 0x770905f65a00 (LWP 650204) exited]
[Thread 0x7708dbff7640 (LWP 650226) exited]
[New process 650204]
[Inferior 1 (process 650204) exited normally]
(gdb) No stack.
(gdb) 