Attaching to process 649589
[New LWP 649593]
[New LWP 649594]
[New LWP 649595]
[New LWP 649596]
[New LWP 649597]
[New LWP 649598]
[New LWP 649599]
[New LWP 649600]
[New LWP 649602]
[New LWP 649603]
[New LWP 649604]
[New LWP 649605]
[New LWP 649606]
[New LWP 649607]
[New LWP 649608]
[New LWP 649609]
[New LWP 649610]
[New LWP 649611]
[New LWP 649612]
[New LWP 649613]
[New LWP 649614]
[New LWP 649615]
78	../sysdeps/unix/sysv/linux/clock_nanosleep.c: No such file or directory.
[Thread debugging using libthread_db enabled]
Using host libthread_db library "/lib/x86_64-linux-gnu/libthread_db.so.1".
0x000071fa084d77f8 in __GI___clock_nanosleep (clock_id=clock_id@entry=0, flags=flags@entry=0, req=req@entry=0x7ffc6a34e7f0, rem=rem@entry=0x7ffc6a34e7f0) at ../sysdeps/unix/sysv/linux/clock_nanosleep.c:78
(gdb) (gdb) Continuing.
[Thread 0x71f9d8f6c640 (LWP 649612) exited]
[Thread 0x71f9d876b640 (LWP 649613) exited]
[Thread 0x71f9cf5fe640 (LWP 649615) exited]
[Thread 0x71f9cfdff640 (LWP 649614) exited]
[Thread 0x71f9ddffb640 (LWP 649611) exited]
[Thread 0x71f9de7fc640 (LWP 649610) exited]
[Thread 0x71f9deffd640 (LWP 649609) exited]
[Thread 0x71f9df7fe640 (LWP 649608) exited]
[Thread 0x71f9dffff640 (LWP 649607) exited]
[Thread 0x71f9fcc73640 (LWP 649606) exited]
[Thread 0x71f9fd7fa640 (LWP 649605) exited]
[Thread 0x71f9fdffb640 (LWP 649604) exited]
[Thread 0x71f9fe7fc640 (LWP 649603) exited]
[Thread 0x71f9ff7fe640 (LWP 649600) exited]
[Thread 0x71f9fffff640 (LWP 649599) exited]
[Thread 0x71fa04f52640 (LWP 649598) exited]
[Thread 0x71fa05753640 (LWP 649597) exited]
[Thread 0x71fa05f54640 (LWP 649596) exited]
[Thread 0x71fa06755640 (LWP 649595) exited]
[Thread 0x71fa06f56640 (LWP 649594) exited]
[Thread 0x71fa07757640 (LWP 649593) exited]
[Thread 0x71fa077fda00 (LWP 649589) exited]
[Thread 0x71f9feffd640 (LWP 649602) exited]
[New process 649589]
[Inferior 1 (process 649589) exited normally]
(gdb) (gdb) No stack.
