Attaching to process 98471
[New LWP 98475]
[New LWP 98476]
[New LWP 98477]
[New LWP 98478]
[New LWP 98479]
[New LWP 98480]
[New LWP 98481]
[New LWP 98482]
[New LWP 98483]
[New LWP 98484]
[New LWP 98485]
[New LWP 98486]
[New LWP 98487]
[New LWP 98488]
[New LWP 98489]
[New LWP 98490]
[New LWP 98491]
[New LWP 98492]
[New LWP 98493]
[New LWP 98494]
[New LWP 98495]
[New LWP 98496]
78	../sysdeps/unix/sysv/linux/clock_nanosleep.c: No such file or directory.
[Thread debugging using libthread_db enabled]
Using host libthread_db library "/lib/x86_64-linux-gnu/libthread_db.so.1".
0x00007d6c5c9b07f8 in __GI___clock_nanosleep (clock_id=clock_id@entry=0, flags=flags@entry=0, req=req@entry=0x7ffd33547c90, rem=rem@entry=0x7ffd33547c90) at ../sysdeps/unix/sysv/linux/clock_nanosleep.c:78
(gdb) (gdb) Continuing.
[Thread 0x7d6c2d40a640 (LWP 98493) exited]
[Thread 0x7d6c2cc09640 (LWP 98494) exited]
[Thread 0x7d6c277fe640 (LWP 98496) exited]
[Thread 0x7d6c27fff640 (LWP 98495) exited]
[Thread 0x7d6c31ffb640 (LWP 98492) exited]
[Thread 0x7d6c327fc640 (LWP 98491) exited]
[Thread 0x7d6c32ffd640 (LWP 98490) exited]
[Thread 0x7d6c337fe640 (LWP 98489) exited]
[Thread 0x7d6c33fff640 (LWP 98488) exited]
[Thread 0x7d6c50bfa640 (LWP 98487) exited]
[Thread 0x7d6c513fb640 (LWP 98486) exited]
[Thread 0x7d6c51bfc640 (LWP 98485) exited]
[Thread 0x7d6c523fd640 (LWP 98484) exited]
[Thread 0x7d6c58c2a640 (LWP 98482) exited]
[Thread 0x7d6c5942b640 (LWP 98481) exited]
[Thread 0x7d6c59c2c640 (LWP 98480) exited]
[Thread 0x7d6c5a42d640 (LWP 98479) exited]
[Thread 0x7d6c5ac2e640 (LWP 98478) exited]
[Thread 0x7d6c5b42f640 (LWP 98477) exited]
[Thread 0x7d6c533ff640 (LWP 98476) exited]
[Thread 0x7d6c5bc30640 (LWP 98475) exited]
[Thread 0x7d6c5bcd6a00 (LWP 98471) exited]
[Thread 0x7d6c52bfe640 (LWP 98483) exited]
[New process 98471]
[Inferior 1 (process 98471) exited normally]
(gdb) (gdb) No stack.
