Attaching to process 97860
[New LWP 97864]
[New LWP 97865]
[New LWP 97866]
[New LWP 97867]
[New LWP 97868]
[New LWP 97869]
[New LWP 97870]
[New LWP 97871]
[New LWP 97872]
[New LWP 97873]
[New LWP 97874]
[New LWP 97875]
[New LWP 97876]
[New LWP 97877]
[New LWP 97878]
[New LWP 97879]
[New LWP 97880]
[New LWP 97881]
[New LWP 97882]
[New LWP 97883]
[New LWP 97884]
[New LWP 97885]
[Thread debugging using libthread_db enabled]
Using host libthread_db library "/lib/x86_64-linux-gnu/libthread_db.so.1".
0x00007c13b29cd7f8 in __GI___clock_nanosleep (clock_id=clock_id@entry=0, flags=flags@entry=0, req=req@entry=0x7fff9649a810, rem=rem@entry=0x7fff9649a810) at ../sysdeps/unix/sysv/linux/clock_nanosleep.c:78
78	../sysdeps/unix/sysv/linux/clock_nanosleep.c: No such file or directory.
(gdb) (gdb) Continuing.
[Thread 0x7c13833f7640 (LWP 97882) exited]
[Thread 0x7c1382bf6640 (LWP 97883) exited]
[Thread 0x7c1381a31640 (LWP 97885) exited]
[Thread 0x7c13823f5640 (LWP 97884) exited]
[Thread 0x7c138bfff640 (LWP 97881) exited]
[Thread 0x7c1398a74640 (LWP 97880) exited]
[Thread 0x7c1399275640 (LWP 97879) exited]
[Thread 0x7c1399a76640 (LWP 97878) exited]
[Thread 0x7c139a277640 (LWP 97877) exited]
[Thread 0x7c139aa78640 (LWP 97876) exited]
[Thread 0x7c139bfff640 (LWP 97875) exited]
[Thread 0x7c13a0a91640 (LWP 97874) exited]
[Thread 0x7c13a1292640 (LWP 97873) exited]
[Thread 0x7c13a1a93640 (LWP 97872) exited]
[Thread 0x7c13a2ffd640 (LWP 97870) exited]
[Thread 0x7c13a37fe640 (LWP 97869) exited]
[Thread 0x7c139b5ff640 (LWP 97868) exited]
[Thread 0x7c13a3fff640 (LWP 97867) exited]
[Thread 0x7c13b0c4b640 (LWP 97866) exited]
[Thread 0x7c13b144c640 (LWP 97865) exited]
[Thread 0x7c13b1c4d640 (LWP 97864) exited]
[Thread 0x7c13b1cf3a00 (LWP 97860) exited]
[Thread 0x7c13a27fc640 (LWP 97871) exited]
[New process 97860]
[Inferior 1 (process 97860) exited normally]
(gdb) No stack.
(gdb) 