Attaching to process 97247
[New LWP 97251]
[New LWP 97252]
[New LWP 97253]
[New LWP 97254]
[New LWP 97255]
[New LWP 97256]
[New LWP 97257]
[New LWP 97258]
[New LWP 97259]
[New LWP 97260]
[New LWP 97261]
[New LWP 97262]
[New LWP 97263]
[New LWP 97264]
[New LWP 97265]
[New LWP 97266]
[New LWP 97267]
[New LWP 97268]
[New LWP 97269]
[New LWP 97270]
[New LWP 97271]
[New LWP 97272]
78	../sysdeps/unix/sysv/linux/clock_nanosleep.c: No such file or directory.
[Thread debugging using libthread_db enabled]
Using host libthread_db library "/lib/x86_64-linux-gnu/libthread_db.so.1".
0x00007b809687a7f8 in __GI___clock_nanosleep (clock_id=clock_id@entry=0, flags=flags@entry=0, req=req@entry=0x7ffe376d2b20, rem=rem@entry=0x7ffe376d2b20) at ../sysdeps/unix/sysv/linux/clock_nanosleep.c:78
(gdb) (gdb) Continuing.
[Thread 0x7b80672b9640 (LWP 97269) exited]
[Thread 0x7b805e9ff640 (LWP 97270) exited]
[Thread 0x7b80662b7640 (LWP 97272) exited]
[Thread 0x7b8066ab8640 (LWP 97271) exited]
[Thread 0x7b806bfff640 (LWP 97268) exited]
[Thread 0x7b8070c73640 (LWP 97267) exited]
[Thread 0x7b8071474640 (LWP 97266) exited]
[Thread 0x7b8071c75640 (LWP 97265) exited]
[Thread 0x7b8072476640 (LWP 97264) exited]
[Thread 0x7b8072c77640 (LWP 97263) exited]
[Thread 0x7b80737fe640 (LWP 97262) exited]
[Thread 0x7b8073fff640 (LWP 97261) exited]
[Thread 0x7b808ca91640 (LWP 97260) exited]
[Thread 0x7b808d292640 (LWP 97259) exited]
[Thread 0x7b808dffb640 (LWP 97258) exited]
[Thread 0x7b808e7fc640 (LWP 97257) exited]
[Thread 0x7b808effd640 (LWP 97256) exited]
[Thread 0x7b808f7fe640 (LWP 97255) exited]
[Thread 0x7b808ffff640 (LWP 97254) exited]
[Thread 0x7b8094af8640 (LWP 97253) exited]
[Thread 0x7b80952f9640 (LWP 97252) exited]
[Thread 0x7b8095afa640 (LWP 97251) exited]
[Inferior 1 (process 97247) exited normally]
(gdb) No stack.
(gdb) 