Attaching to process 1550497
[New LWP 1550501]
[New LWP 1550502]
[New LWP 1550503]
[New LWP 1550504]
[New LWP 1550505]
[New LWP 1550506]
[New LWP 1550507]
[New LWP 1550508]
[New LWP 1550509]
[New LWP 1550510]
[New LWP 1550511]
[New LWP 1550512]
[New LWP 1550513]
[New LWP 1550514]
[New LWP 1550515]
[New LWP 1550516]
[New LWP 1550517]
[New LWP 1550518]
[New LWP 1550519]
[New LWP 1550520]
[New LWP 1550521]
[New LWP 1550522]
[Thread debugging using libthread_db enabled]
Using host libthread_db library "/lib/x86_64-linux-gnu/libthread_db.so.1".
0x0000741ad23af7f8 in __GI___clock_nanosleep (clock_id=clock_id@entry=0, flags=flags@entry=0, req=req@entry=0x7fff5a26d9d0, rem=rem@entry=0x7fff5a26d9d0) at ../sysdeps/unix/sysv/linux/clock_nanosleep.c:78
78	../sysdeps/unix/sysv/linux/clock_nanosleep.c: No such file or directory.
(gdb) (gdb) Continuing.
[Thread 0x741aa2dab640 (LWP 1550519) exited]
[Thread 0x741aa25aa640 (LWP 1550520) exited]
[Thread 0x741aa13e5640 (LWP 1550522) exited]
[Thread 0x741aa1da9640 (LWP 1550521) exited]
[Thread 0x741abb7fe640 (LWP 1550518) exited]
[Thread 0x741abbfff640 (LWP 1550517) exited]
[Thread 0x741ac0dfb640 (LWP 1550516) exited]
[Thread 0x741ac15fc640 (LWP 1550515) exited]
[Thread 0x741ac1dfd640 (LWP 1550514) exited]
[Thread 0x741ac25fe640 (LWP 1550513) exited]
[Thread 0x741ac37fe640 (LWP 1550512) exited]
[Thread 0x741ac8a91640 (LWP 1550510) exited]
[Thread 0x741ac9292640 (LWP 1550509) exited]
[Thread 0x741ac9ffb640 (LWP 1550508) exited]
[Thread 0x741aca7fc640 (LWP 1550507) exited]
[Thread 0x741acaffd640 (LWP 1550506) exited]
[Thread 0x741ac2dff640 (LWP 1550505) exited]
[Thread 0x741acb7fe640 (LWP 1550504) exited]
[Thread 0x741acbfff640 (LWP 1550503) exited]
[Thread 0x741ad0e2e640 (LWP 1550502) exited]
[Thread 0x741ad162f640 (LWP 1550501) exited]
[Thread 0x741ad16d5a00 (LWP 1550497) exited]
[Thread 0x741ac3fff640 (LWP 1550511) exited]
[New process 1550497]
[Inferior 1 (process 1550497) exited normally]
(gdb) (gdb) No stack.
