Attaching to process 1549150
[New LWP 1549183]
[New LWP 1549184]
[New LWP 1549185]
[New LWP 1549186]
[New LWP 1549187]
[New LWP 1549188]
[New LWP 1549189]
[New LWP 1549190]
[New LWP 1549214]
[New LWP 1549215]
[New LWP 1549216]
[New LWP 1549217]
[New LWP 1549218]
[New LWP 1549219]
[New LWP 1549220]
[New LWP 1549221]
[New LWP 1549222]
[New LWP 1549223]
[New LWP 1549245]
[New LWP 1549262]
[New LWP 1549263]
[New LWP 1549264]
[Thread debugging using libthread_db enabled]
Using host libthread_db library "/lib/x86_64-linux-gnu/libthread_db.so.1".
0x00007b75309247f8 in __GI___clock_nanosleep (clock_id=clock_id@entry=0, flags=flags@entry=0, req=req@entry=0x7ffd7b5a59e0, rem=rem@entry=0x7ffd7b5a59e0) at ../sysdeps/unix/sysv/linux/clock_nanosleep.c:78
78	../sysdeps/unix/sysv/linux/clock_nanosleep.c: No such file or directory.
(gdb) (gdb) Continuing.
[Thread 0x7b75013c5640 (LWP 1549245) exited]
[Thread 0x7b7500bc4640 (LWP 1549262) exited]
[Thread 0x7b74fb7fe640 (LWP 1549264) exited]
[Thread 0x7b74fbfff640 (LWP 1549263) exited]
[Thread 0x7b7505ffb640 (LWP 1549223) exited]
[Thread 0x7b75067fc640 (LWP 1549222) exited]
[Thread 0x7b7506ffd640 (LWP 1549221) exited]
[Thread 0x7b75077fe640 (LWP 1549220) exited]
[Thread 0x7b7507fff640 (LWP 1549219) exited]
[Thread 0x7b750cf0c640 (LWP 1549218) exited]
[Thread 0x7b750da93640 (LWP 1549217) exited]
[Thread 0x7b750e294640 (LWP 1549216) exited]
[Thread 0x7b750f296640 (LWP 1549214) exited]
[Thread 0x7b750ffff640 (LWP 1549190) exited]
[Thread 0x7b752cb9e640 (LWP 1549189) exited]
[Thread 0x7b752d39f640 (LWP 1549188) exited]
[Thread 0x7b752dba0640 (LWP 1549187) exited]
[Thread 0x7b752e3a1640 (LWP 1549186) exited]
[Thread 0x7b752eba2640 (LWP 1549185) exited]
[Thread 0x7b752f3a3640 (LWP 1549184) exited]
[Thread 0x7b752fba4640 (LWP 1549183) exited]
[Thread 0x7b752fc4aa00 (LWP 1549150) exited]
[Thread 0x7b750ea95640 (LWP 1549215) exited]
[New process 1549150]
[Inferior 1 (process 1549150) exited normally]
(gdb) (gdb) No stack.
