Attaching to process 1549884
[New LWP 1549888]
[New LWP 1549889]
[New LWP 1549890]
[New LWP 1549891]
[New LWP 1549892]
[New LWP 1549893]
[New LWP 1549894]
[New LWP 1549895]
[New LWP 1549896]
[New LWP 1549897]
[New LWP 1549898]
[New LWP 1549899]
[New LWP 1549900]
[New LWP 1549901]
[New LWP 1549902]
[New LWP 1549903]
[New LWP 1549904]
[New LWP 1549905]
[New LWP 1549906]
[New LWP 1549907]
[New LWP 1549908]
[New LWP 1549909]
78	../sysdeps/unix/sysv/linux/clock_nanosleep.c: No such file or directory.
[Thread debugging using libthread_db enabled]
Using host libthread_db library "/lib/x86_64-linux-gnu/libthread_db.so.1".
0x00007077cc38b7f8 in __GI___clock_nanosleep (clock_id=clock_id@entry=0, flags=flags@entry=0, req=req@entry=0x7fff9a9c8010, rem=rem@entry=0x7fff9a9c8010) at ../sysdeps/unix/sysv/linux/clock_nanosleep.c:78
(gdb) (gdb) Continuing.
[Thread 0x70779ce35640 (LWP 1549906) exited]
[Thread 0x70779c634640 (LWP 1549907) exited]
[Thread 0x70779b632640 (LWP 1549909) exited]
[Thread 0x70779be33640 (LWP 1549908) exited]
[Thread 0x7077a1ffb640 (LWP 1549905) exited]
[Thread 0x7077a27fc640 (LWP 1549904) exited]
[Thread 0x7077a2ffd640 (LWP 1549903) exited]
[Thread 0x7077a37fe640 (LWP 1549902) exited]
[Thread 0x7077a3fff640 (LWP 1549901) exited]
[Thread 0x7077b8a91640 (LWP 1549900) exited]
[Thread 0x7077b9292640 (LWP 1549899) exited]
[Thread 0x7077ba294640 (LWP 1549897) exited]
[Thread 0x7077baa95640 (LWP 1549896) exited]
[Thread 0x7077bb7fe640 (LWP 1549895) exited]
[Thread 0x7077c8e06640 (LWP 1549894) exited]
[Thread 0x7077c9607640 (LWP 1549893) exited]
[Thread 0x7077c9e08640 (LWP 1549892) exited]
[Thread 0x7077ca609640 (LWP 1549891) exited]
[Thread 0x7077bbfff640 (LWP 1549890) exited]
[Thread 0x7077cae0a640 (LWP 1549889) exited]
[Thread 0x7077cb60b640 (LWP 1549888) exited]
[Thread 0x7077cb6b1a00 (LWP 1549884) exited]
[Thread 0x7077b9a93640 (LWP 1549898) exited]
[New process 1549884]
[Inferior 1 (process 1549884) exited normally]
(gdb) No stack.
(gdb) 