Attaching to process 2728029
[New LWP 2728062]
[New LWP 2728063]
[New LWP 2728064]
[New LWP 2728065]
[New LWP 2728066]
[New LWP 2728067]
[New LWP 2728068]
[New LWP 2728069]
[New LWP 2728093]
[New LWP 2728094]
[New LWP 2728095]
[New LWP 2728096]
[New LWP 2728097]
[New LWP 2728098]
[New LWP 2728099]
[New LWP 2728100]
[New LWP 2728101]
[New LWP 2728102]
[New LWP 2728103]
[New LWP 2728104]
[New LWP 2728105]
[New LWP 2728106]
[Thread debugging using libthread_db enabled]
Using host libthread_db library "/lib/x86_64-linux-gnu/libthread_db.so.1".
0x000072bb51c377f8 in __GI___clock_nanosleep (clock_id=clock_id@entry=0, flags=flags@entry=0, req=req@entry=0x7ffd238bd9f0, rem=rem@entry=0x7ffd238bd9f0) at ../sysdeps/unix/sysv/linux/clock_nanosleep.c:78
78	../sysdeps/unix/sysv/linux/clock_nanosleep.c: No such file or directory.
(gdb) (gdb) Continuing.
[Thread 0x72bb21643640 (LWP 2728105) exited]
[Thread 0x72bb20c7f640 (LWP 2728106) exited]
[Thread 0x72bb21e44640 (LWP 2728104) exited]
[Thread 0x72bb22645640 (LWP 2728103) exited]
[Thread 0x72bb2affd640 (LWP 2728102) exited]
[Thread 0x72bb2b7fe640 (LWP 2728101) exited]
[Thread 0x72bb2bfff640 (LWP 2728100) exited]
[Thread 0x72bb40dfa640 (LWP 2728099) exited]
[Thread 0x72bb415fb640 (LWP 2728098) exited]
[Thread 0x72bb41dfc640 (LWP 2728097) exited]
[Thread 0x72bb425fd640 (LWP 2728096) exited]
[Thread 0x72bb42dfe640 (LWP 2728095) exited]
[Thread 0x72bb43fff640 (LWP 2728094) exited]
[Thread 0x72bb48a91640 (LWP 2728093) exited]
[Thread 0x72bb497fa640 (LWP 2728069) exited]
[Thread 0x72bb49ffb640 (LWP 2728068) exited]
[Thread 0x72bb4a7fc640 (LWP 2728067) exited]
[Thread 0x72bb4affd640 (LWP 2728066) exited]
[Thread 0x72bb4b7fe640 (LWP 2728065) exited]
[Thread 0x72bb435ff640 (LWP 2728064) exited]
[Thread 0x72bb4bfff640 (LWP 2728063) exited]
[Thread 0x72bb50eb7640 (LWP 2728062) exited]
[Inferior 1 (process 2728029) exited with code 01]
(gdb) No stack.
(gdb) 