Attaching to process 2727486
[New LWP 2727519]
[New LWP 2727520]
[New LWP 2727521]
[New LWP 2727522]
[New LWP 2727523]
[New LWP 2727524]
[New LWP 2727525]
[New LWP 2727526]
[New LWP 2727550]
[New LWP 2727551]
[New LWP 2727552]
[New LWP 2727553]
[New LWP 2727554]
[New LWP 2727555]
[New LWP 2727556]
[New LWP 2727557]
[New LWP 2727558]
[New LWP 2727559]
[New LWP 2727560]
[New LWP 2727561]
[New LWP 2727562]
[New LWP 2727563]
78	../sysdeps/unix/sysv/linux/clock_nanosleep.c: No such file or directory.
[Thread debugging using libthread_db enabled]
Using host libthread_db library "/lib/x86_64-linux-gnu/libthread_db.so.1".
0x000077626ca677f8 in __GI___clock_nanosleep (clock_id=clock_id@entry=0, flags=flags@entry=0, req=req@entry=0x7ffcb6e1b230, rem=rem@entry=0x7ffcb6e1b230) at ../sysdeps/unix/sysv/linux/clock_nanosleep.c:78
(gdb) (gdb) Continuing.
[Thread 0x776237fff640 (LWP 2727563) exited]
[Thread 0x77623ccdc640 (LWP 2727561) exited]
[Thread 0x77623d4dd640 (LWP 2727560) exited]
[Thread 0x776241ffb640 (LWP 2727559) exited]
[Thread 0x7762427fc640 (LWP 2727558) exited]
[Thread 0x776242ffd640 (LWP 2727557) exited]
[Thread 0x7762437fe640 (LWP 2727556) exited]
[Thread 0x776243fff640 (LWP 2727555) exited]
[Thread 0x776260bfa640 (LWP 2727554) exited]
[Thread 0x7762613fb640 (LWP 2727553) exited]
[Thread 0x776261bfc640 (LWP 2727552) exited]
[Thread 0x7762623fd640 (LWP 2727551) exited]
[Thread 0x776262bfe640 (LWP 2727550) exited]
[Thread 0x776268ce1640 (LWP 2727526) exited]
[Thread 0x7762694e2640 (LWP 2727525) exited]
[Thread 0x776269ce3640 (LWP 2727524) exited]
[Thread 0x77626a4e4640 (LWP 2727523) exited]
[Thread 0x77626ace5640 (LWP 2727522) exited]
[Thread 0x77626b4e6640 (LWP 2727521) exited]
[Thread 0x7762633ff640 (LWP 2727520) exited]
[Thread 0x77626bce7640 (LWP 2727519) exited]
[Thread 0x77626bd8da00 (LWP 2727486) exited]
[Thread 0x77622ffff640 (LWP 2727562) exited]
[New process 2727486]
[Inferior 1 (process 2727486) exited with code 01]
(gdb) (gdb) No stack.
