Attaching to process 2726940
[New LWP 2726973]
[New LWP 2726974]
[New LWP 2726975]
[New LWP 2726976]
[New LWP 2726977]
[New LWP 2726978]
[New LWP 2726979]
[New LWP 2726980]
[New LWP 2727004]
[New LWP 2727005]
[New LWP 2727006]
[New LWP 2727007]
[New LWP 2727008]
[New LWP 2727009]
[New LWP 2727010]
[New LWP 2727011]
[New LWP 2727012]
[New LWP 2727013]
[New LWP 2727014]
[New LWP 2727015]
[New LWP 2727016]
[New LWP 2727017]
[Thread debugging using libthread_db enabled]
Using host libthread_db library "/lib/x86_64-linux-gnu/libthread_db.so.1".
0x00007e110f2477f8 in __GI___clock_nanosleep (clock_id=clock_id@entry=0, flags=flags@entry=0, req=req@entry=0x7fff77e49c00, rem=rem@entry=0x7fff77e49c00) at ../sysdeps/unix/sysv/linux/clock_nanosleep.c:78
78	../sysdeps/unix/sysv/linux/clock_nanosleep.c: No such file or directory.
(gdb) (gdb) Continuing.
[Thread 0x7e10de46e640 (LWP 2727017) exited]
[Thread 0x7e10dec6f640 (LWP 2727016) exited]
[Thread 0x7e10df470640 (LWP 2727015) exited]
[Thread 0x7e10dfc71640 (LWP 2727014) exited]
[Thread 0x7e10ecc73640 (LWP 2727013) exited]
[Thread 0x7e10ed474640 (LWP 2727012) exited]
[Thread 0x7e10edc75640 (LWP 2727011) exited]
[Thread 0x7e10ee476640 (LWP 2727010) exited]
[Thread 0x7e10eec77640 (LWP 2727009) exited]
[Thread 0x7e10ef478640 (LWP 2727008) exited]
[Thread 0x7e10f4a91640 (LWP 2727007) exited]
[Thread 0x7e10f5292640 (LWP 2727006) exited]
[Thread 0x7e10f5a93640 (LWP 2727005) exited]
[Thread 0x7e10f6ffd640 (LWP 2726980) exited]
[Thread 0x7e10effff640 (LWP 2726979) exited]
[Thread 0x7e10f77fe640 (LWP 2726978) exited]
[Thread 0x7e10f7fff640 (LWP 2726977) exited]
[Thread 0x7e110ccc4640 (LWP 2726976) exited]
[Thread 0x7e110d4c5640 (LWP 2726975) exited]
[Thread 0x7e110dcc6640 (LWP 2726974) exited]
[Thread 0x7e110e4c7640 (LWP 2726973) exited]
[Thread 0x7e110e56da00 (LWP 2726940) exited]
[Thread 0x7e10f6294640 (LWP 2727004) exited]
[New process 2726940]
[Inferior 1 (process 2726940) exited with code 01]
(gdb) (gdb) No stack.
