Attaching to process 2114373
[New LWP 2114377]
[New LWP 2114378]
[New LWP 2114379]
[New LWP 2114380]
[New LWP 2114381]
[New LWP 2114382]
[New LWP 2114383]
[New LWP 2114384]
[New LWP 2114385]
[New LWP 2114386]
[New LWP 2114387]
[New LWP 2114388]
[New LWP 2114389]
[New LWP 2114390]
[New LWP 2114391]
[New LWP 2114392]
[New LWP 2114393]
[New LWP 2114394]
[New LWP 2114395]
[New LWP 2114396]
[New LWP 2114397]
[New LWP 2114398]
[Thread debugging using libthread_db enabled]
Using host libthread_db library "/lib/x86_64-linux-gnu/libthread_db.so.1".
0x00007f49141917f8 in __GI___clock_nanosleep (clock_id=clock_id@entry=0, flags=flags@entry=0, req=req@entry=0x7ffe3a61baf0, rem=rem@entry=0x7ffe3a61baf0) at ../sysdeps/unix/sysv/linux/clock_nanosleep.c:78
78	../sysdeps/unix/sysv/linux/clock_nanosleep.c: No such file or directory.
(gdb) (gdb) Continuing.
[Thread 0x7f48e4c3b640 (LWP 2114395) exited]
[Thread 0x7f48e443a640 (LWP 2114396) exited]
[Thread 0x7f48e3410640 (LWP 2114398) exited]
[Thread 0x7f48ed7fa640 (LWP 2114394) exited]
[Thread 0x7f48edffb640 (LWP 2114393) exited]
[Thread 0x7f48ee7fc640 (LWP 2114392) exited]
[Thread 0x7f48eeffd640 (LWP 2114391) exited]
[Thread 0x7f48ef7fe640 (LWP 2114390) exited]
[Thread 0x7f48effff640 (LWP 2114389) exited]
[Thread 0x7f4901292640 (LWP 2114388) exited]
[Thread 0x7f4901a93640 (LWP 2114387) exited]
[Thread 0x7f4902294640 (LWP 2114386) exited]
[Thread 0x7f4902a95640 (LWP 2114385) exited]
[Thread 0x7f49037fe640 (LWP 2114384) exited]
[Thread 0x7f4903fff640 (LWP 2114383) exited]
[Thread 0x7f4910c0c640 (LWP 2114382) exited]
[Thread 0x7f491140d640 (LWP 2114381) exited]
[Thread 0x7f4911c0e640 (LWP 2114380) exited]
[Thread 0x7f491240f640 (LWP 2114379) exited]
[Thread 0x7f4912c10640 (LWP 2114378) exited]
[Thread 0x7f4913411640 (LWP 2114377) exited]
[Thread 0x7f49134b7a00 (LWP 2114373) exited]
[Thread 0x7f48e3c39640 (LWP 2114397) exited]
[New process 2114373]
[Inferior 1 (process 2114373) exited normally]
(gdb) No stack.
(gdb) 