Attaching to process 1056796
[New LWP 1056800]
[New LWP 1056801]
[New LWP 1056802]
[New LWP 1056803]
[New LWP 1056804]
[New LWP 1056805]
[New LWP 1056806]
[New LWP 1056807]
[New LWP 1056808]
[New LWP 1056809]
[New LWP 1056810]
[New LWP 1056811]
[New LWP 1056812]
[New LWP 1056813]
[New LWP 1056814]
[New LWP 1056815]
[New LWP 1056816]
[New LWP 1056817]
[New LWP 1056818]
[New LWP 1056819]
[New LWP 1056820]
[New LWP 1056821]
[Thread debugging using libthread_db enabled]
Using host libthread_db library "/lib/x86_64-linux-gnu/libthread_db.so.1".
0x00007b97e1c3e7f8 in __GI___clock_nanosleep (clock_id=clock_id@entry=0, flags=flags@entry=0, req=req@entry=0x7ffd9e1e03a0, rem=rem@entry=0x7ffd9e1e03a0) at ../sysdeps/unix/sysv/linux/clock_nanosleep.c:78
78	../sysdeps/unix/sysv/linux/clock_nanosleep.c: No such file or directory.
(gdb) (gdb) Continuing.
[Thread 0x7b97b26ca640 (LWP 1056818) exited]
[Thread 0x7b97b1ec9640 (LWP 1056819) exited]
[Thread 0x7b97b0d04640 (LWP 1056821) exited]
[Thread 0x7b97b16c8640 (LWP 1056820) exited]
[Thread 0x7b97b6ffd640 (LWP 1056817) exited]
[Thread 0x7b97b77fe640 (LWP 1056816) exited]
[Thread 0x7b97b7fff640 (LWP 1056815) exited]
[Thread 0x7b97d4df8640 (LWP 1056814) exited]
[Thread 0x7b97d55f9640 (LWP 1056813) exited]
[Thread 0x7b97d5dfa640 (LWP 1056812) exited]
[Thread 0x7b97d65fb640 (LWP 1056811) exited]
[Thread 0x7b97d6dfc640 (LWP 1056810) exited]
[Thread 0x7b97d75fd640 (LWP 1056809) exited]
[Thread 0x7b97d97fa640 (LWP 1056807) exited]
[Thread 0x7b97d9ffb640 (LWP 1056806) exited]
[Thread 0x7b97da7fc640 (LWP 1056805) exited]
[Thread 0x7b97daffd640 (LWP 1056804) exited]
[Thread 0x7b97db7fe640 (LWP 1056803) exited]
[Thread 0x7b97dbfff640 (LWP 1056802) exited]
[Thread 0x7b97d85ff640 (LWP 1056801) exited]
[Thread 0x7b97e0ebe640 (LWP 1056800) exited]
[Thread 0x7b97e0f64a00 (LWP 1056796) exited]
[Thread 0x7b97d7dfe640 (LWP 1056808) exited]
[New process 1056796]
[Inferior 1 (process 1056796) exited normally]
(gdb) No stack.
(gdb) 