Attaching to process 3349687
[New LWP 3349691]
[New LWP 3349692]
[New LWP 3349693]
[New LWP 3349694]
[New LWP 3349695]
[New LWP 3349696]
[New LWP 3349697]
[New LWP 3349698]
[New LWP 3349699]
[New LWP 3349700]
[New LWP 3349701]
[New LWP 3349702]
[New LWP 3349703]
[New LWP 3349704]
[New LWP 3349705]
[New LWP 3349706]
[New LWP 3349707]
[New LWP 3349708]
[New LWP 3349709]
[New LWP 3349710]
[New LWP 3349711]
[New LWP 3349712]
[Thread debugging using libthread_db enabled]
Using host libthread_db library "/lib/x86_64-linux-gnu/libthread_db.so.1".
0x000075692ea5d7f8 in __GI___clock_nanosleep (clock_id=clock_id@entry=0, flags=flags@entry=0, req=req@entry=0x7ffc3dd63bf0, rem=rem@entry=0x7ffc3dd63bf0) at ../sysdeps/unix/sysv/linux/clock_nanosleep.c:78
78	../sysdeps/unix/sysv/linux/clock_nanosleep.c: No such file or directory.
(gdb) (gdb) Continuing.
[Thread 0x7568ff4c9640 (LWP 3349709) exited]
[Thread 0x7568facc8640 (LWP 3349710) exited]
[Thread 0x7568fe4c7640 (LWP 3349712) exited]
[Thread 0x7568fecc8640 (LWP 3349711) exited]
[Thread 0x7569077fe640 (LWP 3349708) exited]
[Thread 0x756907fff640 (LWP 3349707) exited]
[Thread 0x75691cff9640 (LWP 3349706) exited]
[Thread 0x75691d7fa640 (LWP 3349705) exited]
[Thread 0x75691dffb640 (LWP 3349704) exited]
[Thread 0x75691e7fc640 (LWP 3349703) exited]
[Thread 0x75691effd640 (LWP 3349702) exited]
[Thread 0x75691f7fe640 (LWP 3349701) exited]
[Thread 0x756925a93640 (LWP 3349699) exited]
[Thread 0x7569267fc640 (LWP 3349698) exited]
[Thread 0x756926ffd640 (LWP 3349697) exited]
[Thread 0x7569277fe640 (LWP 3349696) exited]
[Thread 0x756927fff640 (LWP 3349695) exited]
[Thread 0x75692ccdb640 (LWP 3349694) exited]
[Thread 0x756924bff640 (LWP 3349693) exited]
[Thread 0x75692d4dc640 (LWP 3349692) exited]
[Thread 0x75692dcdd640 (LWP 3349691) exited]
[Thread 0x75692dd83a00 (LWP 3349687) exited]
[Thread 0x75691ffff640 (LWP 3349700) exited]
[New process 3349687]
[Inferior 1 (process 3349687) exited normally]
(gdb) No stack.
(gdb) 