Attaching to process 1661710
[New LWP 1661714]
[New LWP 1661715]
[New LWP 1661716]
[New LWP 1661717]
[New LWP 1661718]
[New LWP 1661719]
[New LWP 1661720]
[New LWP 1661721]
[New LWP 1661722]
[New LWP 1661723]
[New LWP 1661724]
[New LWP 1661725]
[New LWP 1661726]
[New LWP 1661727]
[New LWP 1661728]
[New LWP 1661729]
[New LWP 1661730]
[New LWP 1661731]
[New LWP 1661732]
[New LWP 1661733]
[New LWP 1661734]
[New LWP 1661735]
[Thread debugging using libthread_db enabled]
Using host libthread_db library "/lib/x86_64-linux-gnu/libthread_db.so.1".
0x000071238ee8c7f8 in __GI___clock_nanosleep (clock_id=clock_id@entry=0, flags=flags@entry=0, req=req@entry=0x7fff5d83ed20, rem=rem@entry=0x7fff5d83ed20) at ../sysdeps/unix/sysv/linux/clock_nanosleep.c:78
78	../sysdeps/unix/sysv/linux/clock_nanosleep.c: No such file or directory.
(gdb) (gdb) Continuing.
[Thread 0x71235f931640 (LWP 1661732) exited]
[Thread 0x71235f130640 (LWP 1661733) exited]
[Thread 0x71235e92f640 (LWP 1661734) exited]
[Thread 0x712364c73640 (LWP 1661731) exited]
[Thread 0x712365474640 (LWP 1661730) exited]
[Thread 0x712365c75640 (LWP 1661729) exited]
[Thread 0x712366476640 (LWP 1661728) exited]
[Thread 0x712366c77640 (LWP 1661727) exited]
[Thread 0x712367478640 (LWP 1661726) exited]
[Thread 0x712367fff640 (LWP 1661725) exited]
[Thread 0x712384932640 (LWP 1661724) exited]
[Thread 0x712385133640 (LWP 1661723) exited]
[Thread 0x712385934640 (LWP 1661722) exited]
[Thread 0x7123867fc640 (LWP 1661721) exited]
[Thread 0x712386ffd640 (LWP 1661720) exited]
[Thread 0x7123877fe640 (LWP 1661719) exited]
[Thread 0x71238c909640 (LWP 1661718) exited]
[Thread 0x71238d10a640 (LWP 1661717) exited]
[Thread 0x71238d90b640 (LWP 1661716) exited]
[Thread 0x712387fff640 (LWP 1661715) exited]
[Thread 0x71238e10c640 (LWP 1661714) exited]
[Thread 0x71238e1b2a00 (LWP 1661710) exited]
[Thread 0x71235e12e640 (LWP 1661735) exited]
[New process 1661710]
[Inferior 1 (process 1661710) exited normally]
(gdb) (gdb) No stack.
