Attaching to process 1662537
[New LWP 1662541]
[New LWP 1662542]
[New LWP 1662543]
[New LWP 1662544]
[New LWP 1662545]
[New LWP 1662546]
[New LWP 1662547]
[New LWP 1662548]
[New LWP 1662549]
[New LWP 1662550]
[New LWP 1662551]
[New LWP 1662552]
[New LWP 1662553]
[New LWP 1662554]
[New LWP 1662555]
[New LWP 1662556]
[New LWP 1662557]
[New LWP 1662558]
[New LWP 1662559]
[New LWP 1662560]
[New LWP 1662561]
[New LWP 1662562]
[Thread debugging using libthread_db enabled]
Using host libthread_db library "/lib/x86_64-linux-gnu/libthread_db.so.1".
0x0000742645c077f8 in __GI___clock_nanosleep (clock_id=clock_id@entry=0, flags=flags@entry=0, req=req@entry=0x7ffd743e9ad0, rem=rem@entry=0x7ffd743e9ad0) at ../sysdeps/unix/sysv/linux/clock_nanosleep.c:78
78	../sysdeps/unix/sysv/linux/clock_nanosleep.c: No such file or directory.
(gdb) (gdb) Continuing.
[Thread 0x7426166ca640 (LWP 1662559) exited]
[Thread 0x742615ec9640 (LWP 1662560) exited]
[Thread 0x742614cdc640 (LWP 1662562) exited]
[Thread 0x7426154dd640 (LWP 1662561) exited]
[Thread 0x74261affd640 (LWP 1662558) exited]
[Thread 0x74261b7fe640 (LWP 1662557) exited]
[Thread 0x74261bfff640 (LWP 1662556) exited]
[Thread 0x742638ff9640 (LWP 1662555) exited]
[Thread 0x7426397fa640 (LWP 1662554) exited]
[Thread 0x742639ffb640 (LWP 1662553) exited]
[Thread 0x74263a7fc640 (LWP 1662552) exited]
[Thread 0x74263affd640 (LWP 1662551) exited]
[Thread 0x742640fb9640 (LWP 1662549) exited]
[Thread 0x742641e81640 (LWP 1662548) exited]
[Thread 0x742642682640 (LWP 1662547) exited]
[Thread 0x742642e83640 (LWP 1662546) exited]
[Thread 0x742643684640 (LWP 1662545) exited]
[Thread 0x742643e85640 (LWP 1662544) exited]
[Thread 0x74263bfff640 (LWP 1662543) exited]
[Thread 0x742644686640 (LWP 1662542) exited]
[Thread 0x742644e87640 (LWP 1662541) exited]
[Thread 0x742644f2da00 (LWP 1662537) exited]
[Thread 0x74263b7fe640 (LWP 1662550) exited]
[New process 1662537]
[Inferior 1 (process 1662537) exited normally]
(gdb) (gdb) No stack.
