Attaching to process 96635
[New LWP 96639]
[New LWP 96640]
[New LWP 96641]
[New LWP 96642]
[New LWP 96643]
[New LWP 96644]
[New LWP 96645]
[New LWP 96646]
[New LWP 96648]
[New LWP 96649]
[New LWP 96650]
[New LWP 96651]
[New LWP 96652]
[New LWP 96653]
[New LWP 96654]
[New LWP 96655]
[New LWP 96656]
[New LWP 96657]
[New LWP 96658]
[New LWP 96659]
[New LWP 96660]
[New LWP 96661]
78	../sysdeps/unix/sysv/linux/clock_nanosleep.c: No such file or directory.
[Thread debugging using libthread_db enabled]
Using host libthread_db library "/lib/x86_64-linux-gnu/libthread_db.so.1".
0x00007fddf529e7f8 in __GI___clock_nanosleep (clock_id=clock_id@entry=0, flags=flags@entry=0, req=req@entry=0x7ffcf25afd00, rem=rem@entry=0x7ffcf25afd00) at ../sysdeps/unix/sysv/linux/clock_nanosleep.c:78
(gdb) (gdb) Continuing.
[Thread 0x7fddc5d1f640 (LWP 96658) exited]
[Thread 0x7fddc551e640 (LWP 96659) exited]
[Thread 0x7fddbffff640 (LWP 96661) exited]
[Thread 0x7fddc4d1d640 (LWP 96660) exited]
[Thread 0x7fddcaffd640 (LWP 96657) exited]
[Thread 0x7fddcb7fe640 (LWP 96656) exited]
[Thread 0x7fddcbfff640 (LWP 96655) exited]
[Thread 0x7fddd0a91640 (LWP 96654) exited]
[Thread 0x7fddd1292640 (LWP 96653) exited]
[Thread 0x7fddd1a93640 (LWP 96652) exited]
[Thread 0x7fddd2294640 (LWP 96651) exited]
[Thread 0x7fddd3296640 (LWP 96649) exited]
[Thread 0x7fddd3a97640 (LWP 96648) exited]
[Thread 0x7fddf0d17640 (LWP 96646) exited]
[Thread 0x7fddf1518640 (LWP 96645) exited]
[Thread 0x7fddf1d19640 (LWP 96644) exited]
[Thread 0x7fddf251a640 (LWP 96643) exited]
[Thread 0x7fddf2d1b640 (LWP 96642) exited]
[Thread 0x7fddf351c640 (LWP 96641) exited]
[Thread 0x7fddf3d1d640 (LWP 96640) exited]
[Thread 0x7fddf451e640 (LWP 96639) exited]
[Thread 0x7fddf45c4a00 (LWP 96635) exited]
[Thread 0x7fddd2a95640 (LWP 96650) exited]
[New process 96635]
[Inferior 1 (process 96635) exited normally]
(gdb) (gdb) No stack.
