Attaching to process 96021
[New LWP 96025]
[New LWP 96026]
[New LWP 96027]
[New LWP 96028]
[New LWP 96029]
[New LWP 96030]
[New LWP 96031]
[New LWP 96032]
[New LWP 96033]
[New LWP 96034]
[New LWP 96035]
[New LWP 96036]
[New LWP 96037]
[New LWP 96038]
[New LWP 96039]
[New LWP 96040]
[New LWP 96041]
[New LWP 96042]
[New LWP 96043]
[New LWP 96044]
[New LWP 96045]
[New LWP 96046]
[Thread debugging using libthread_db enabled]
Using host libthread_db library "/lib/x86_64-linux-gnu/libthread_db.so.1".
0x000071d8a3f0e7f8 in __GI___clock_nanosleep (clock_id=clock_id@entry=0, flags=flags@entry=0, req=req@entry=0x7ffe34e687d0, rem=rem@entry=0x7ffe34e687d0) at ../sysdeps/unix/sysv/linux/clock_nanosleep.c:78
78	../sysdeps/unix/sysv/linux/clock_nanosleep.c: No such file or directory.
(gdb) (gdb) Continuing.
[Thread 0x71d8749d9640 (LWP 96043) exited]
[Thread 0x71d8741d8640 (LWP 96044) exited]
[Thread 0x71d873013640 (LWP 96046) exited]
[Thread 0x71d8739d7640 (LWP 96045) exited]
[Thread 0x71d8797fa640 (LWP 96042) exited]
[Thread 0x71d879ffb640 (LWP 96041) exited]
[Thread 0x71d87a7fc640 (LWP 96040) exited]
[Thread 0x71d87affd640 (LWP 96039) exited]
[Thread 0x71d87b7fe640 (LWP 96038) exited]
[Thread 0x71d87bfff640 (LWP 96037) exited]
[Thread 0x71d889292640 (LWP 96036) exited]
[Thread 0x71d889a93640 (LWP 96035) exited]
[Thread 0x71d88a294640 (LWP 96034) exited]
[Thread 0x71d88b7fe640 (LWP 96032) exited]
[Thread 0x71d88bfff640 (LWP 96031) exited]
[Thread 0x71d8a0989640 (LWP 96030) exited]
[Thread 0x71d8a118a640 (LWP 96029) exited]
[Thread 0x71d8a198b640 (LWP 96028) exited]
[Thread 0x71d8a218c640 (LWP 96027) exited]
[Thread 0x71d8a298d640 (LWP 96026) exited]
[Thread 0x71d8a318e640 (LWP 96025) exited]
[Thread 0x71d8a3234a00 (LWP 96021) exited]
[Thread 0x71d88aa95640 (LWP 96033) exited]
[New process 96021]
[Inferior 1 (process 96021) exited normally]
(gdb) No stack.
(gdb) 