Attaching to process 296782
[New LWP 296786]
[New LWP 296787]
[New LWP 296788]
[New LWP 296789]
[New LWP 296790]
[New LWP 296791]
[New LWP 296792]
[New LWP 296793]
[New LWP 296794]
[New LWP 296795]
[New LWP 296796]
[New LWP 296797]
[New LWP 296798]
[New LWP 296799]
[New LWP 296800]
[New LWP 296801]
[New LWP 296802]
[New LWP 296803]
[New LWP 296804]
[New LWP 296805]
[New LWP 296806]
[New LWP 296807]
78	../sysdeps/unix/sysv/linux/clock_nanosleep.c: No such file or directory.
[Thread debugging using libthread_db enabled]
Using host libthread_db library "/lib/x86_64-linux-gnu/libthread_db.so.1".
0x000072874b5117f8 in __GI___clock_nanosleep (clock_id=clock_id@entry=0, flags=flags@entry=0, req=req@entry=0x7ffe9e743c90, rem=rem@entry=0x7ffe9e743c90) at ../sysdeps/unix/sysv/linux/clock_nanosleep.c:78
(gdb) (gdb) Continuing.
[Thread 0x72871bfb0640 (LWP 296804) exited]
[Thread 0x72871b7af640 (LWP 296805) exited]
[Thread 0x72871a7ad640 (LWP 296807) exited]
[Thread 0x72871afae640 (LWP 296806) exited]
[Thread 0x728720ff9640 (LWP 296803) exited]
[Thread 0x7287217fa640 (LWP 296802) exited]
[Thread 0x728721ffb640 (LWP 296801) exited]
[Thread 0x7287227fc640 (LWP 296800) exited]
[Thread 0x728722ffd640 (LWP 296799) exited]
[Thread 0x7287237fe640 (LWP 296798) exited]
[Thread 0x728723fff640 (LWP 296797) exited]
[Thread 0x728740ff9640 (LWP 296796) exited]
[Thread 0x7287417fa640 (LWP 296795) exited]
[Thread 0x728741ffb640 (LWP 296794) exited]
[Thread 0x7287427fc640 (LWP 296793) exited]
[Thread 0x728742ffd640 (LWP 296792) exited]
[Thread 0x7287437fe640 (LWP 296791) exited]
[Thread 0x728748f8e640 (LWP 296790) exited]
[Thread 0x72874978f640 (LWP 296789) exited]
[Thread 0x728749f90640 (LWP 296788) exited]
[Thread 0x728743fff640 (LWP 296787) exited]
[Thread 0x72874a837a00 (LWP 296782) exited]
[Thread 0x72874a791640 (LWP 296786) exited]
[New process 296782]
[Inferior 1 (process 296782) exited normally]
(gdb) No stack.
(gdb) 